[2023-08-28 19:03:44,701] {processor.py:153} INFO - Started process (PID=7661) to work on /home/felipe/airflow/venv/lib/python3.9/site-packages/airflow/example_dags/plugins/workday.py
[2023-08-28 19:03:44,704] {processor.py:641} INFO - Processing file /home/felipe/airflow/venv/lib/python3.9/site-packages/airflow/example_dags/plugins/workday.py for tasks to queue
[2023-08-28 19:03:44,707] {logging_mixin.py:115} INFO - [2023-08-28 19:03:44,706] {dagbag.py:507} INFO - Filling up the DagBag from /home/felipe/airflow/venv/lib/python3.9/site-packages/airflow/example_dags/plugins/workday.py
[2023-08-28 19:03:44,723] {processor.py:653} WARNING - No viable dags retrieved from /home/felipe/airflow/venv/lib/python3.9/site-packages/airflow/example_dags/plugins/workday.py
[2023-08-28 19:03:44,807] {processor.py:161} INFO - Processing /home/felipe/airflow/venv/lib/python3.9/site-packages/airflow/example_dags/plugins/workday.py took 0.128 seconds
[2023-08-28 19:05:29,010] {processor.py:153} INFO - Started process (PID=8740) to work on /home/felipe/airflow/venv/lib/python3.9/site-packages/airflow/example_dags/plugins/workday.py
[2023-08-28 19:05:29,013] {processor.py:641} INFO - Processing file /home/felipe/airflow/venv/lib/python3.9/site-packages/airflow/example_dags/plugins/workday.py for tasks to queue
[2023-08-28 19:05:29,089] {logging_mixin.py:115} INFO - [2023-08-28 19:05:29,089] {dagbag.py:507} INFO - Filling up the DagBag from /home/felipe/airflow/venv/lib/python3.9/site-packages/airflow/example_dags/plugins/workday.py
[2023-08-28 19:05:29,123] {processor.py:653} WARNING - No viable dags retrieved from /home/felipe/airflow/venv/lib/python3.9/site-packages/airflow/example_dags/plugins/workday.py
[2023-08-28 19:05:29,390] {processor.py:161} INFO - Processing /home/felipe/airflow/venv/lib/python3.9/site-packages/airflow/example_dags/plugins/workday.py took 0.430 seconds
[2023-08-28 19:06:13,365] {processor.py:153} INFO - Started process (PID=8980) to work on /home/felipe/airflow/venv/lib/python3.9/site-packages/airflow/example_dags/plugins/workday.py
[2023-08-28 19:06:13,367] {processor.py:641} INFO - Processing file /home/felipe/airflow/venv/lib/python3.9/site-packages/airflow/example_dags/plugins/workday.py for tasks to queue
[2023-08-28 19:06:13,369] {logging_mixin.py:115} INFO - [2023-08-28 19:06:13,368] {dagbag.py:507} INFO - Filling up the DagBag from /home/felipe/airflow/venv/lib/python3.9/site-packages/airflow/example_dags/plugins/workday.py
[2023-08-28 19:06:13,394] {processor.py:653} WARNING - No viable dags retrieved from /home/felipe/airflow/venv/lib/python3.9/site-packages/airflow/example_dags/plugins/workday.py
[2023-08-28 19:06:13,491] {processor.py:161} INFO - Processing /home/felipe/airflow/venv/lib/python3.9/site-packages/airflow/example_dags/plugins/workday.py took 0.156 seconds
[2023-08-28 19:07:36,677] {processor.py:153} INFO - Started process (PID=9728) to work on /home/felipe/airflow/venv/lib/python3.9/site-packages/airflow/example_dags/plugins/workday.py
[2023-08-28 19:07:36,679] {processor.py:641} INFO - Processing file /home/felipe/airflow/venv/lib/python3.9/site-packages/airflow/example_dags/plugins/workday.py for tasks to queue
[2023-08-28 19:07:36,692] {logging_mixin.py:115} INFO - [2023-08-28 19:07:36,691] {dagbag.py:507} INFO - Filling up the DagBag from /home/felipe/airflow/venv/lib/python3.9/site-packages/airflow/example_dags/plugins/workday.py
[2023-08-28 19:07:36,740] {processor.py:653} WARNING - No viable dags retrieved from /home/felipe/airflow/venv/lib/python3.9/site-packages/airflow/example_dags/plugins/workday.py
[2023-08-28 19:07:36,879] {processor.py:161} INFO - Processing /home/felipe/airflow/venv/lib/python3.9/site-packages/airflow/example_dags/plugins/workday.py took 0.239 seconds
[2023-08-28 19:08:58,068] {processor.py:153} INFO - Started process (PID=10467) to work on /home/felipe/airflow/venv/lib/python3.9/site-packages/airflow/example_dags/plugins/workday.py
[2023-08-28 19:08:58,069] {processor.py:641} INFO - Processing file /home/felipe/airflow/venv/lib/python3.9/site-packages/airflow/example_dags/plugins/workday.py for tasks to queue
[2023-08-28 19:08:58,071] {logging_mixin.py:115} INFO - [2023-08-28 19:08:58,070] {dagbag.py:507} INFO - Filling up the DagBag from /home/felipe/airflow/venv/lib/python3.9/site-packages/airflow/example_dags/plugins/workday.py
[2023-08-28 19:08:58,083] {processor.py:653} WARNING - No viable dags retrieved from /home/felipe/airflow/venv/lib/python3.9/site-packages/airflow/example_dags/plugins/workday.py
[2023-08-28 19:08:58,140] {processor.py:161} INFO - Processing /home/felipe/airflow/venv/lib/python3.9/site-packages/airflow/example_dags/plugins/workday.py took 0.090 seconds
[2023-08-28 19:09:32,163] {processor.py:153} INFO - Started process (PID=10648) to work on /home/felipe/airflow/venv/lib/python3.9/site-packages/airflow/example_dags/plugins/workday.py
[2023-08-28 19:09:32,180] {processor.py:641} INFO - Processing file /home/felipe/airflow/venv/lib/python3.9/site-packages/airflow/example_dags/plugins/workday.py for tasks to queue
[2023-08-28 19:09:32,193] {logging_mixin.py:115} INFO - [2023-08-28 19:09:32,192] {dagbag.py:507} INFO - Filling up the DagBag from /home/felipe/airflow/venv/lib/python3.9/site-packages/airflow/example_dags/plugins/workday.py
[2023-08-28 19:09:32,227] {processor.py:653} WARNING - No viable dags retrieved from /home/felipe/airflow/venv/lib/python3.9/site-packages/airflow/example_dags/plugins/workday.py
[2023-08-28 19:09:32,413] {processor.py:161} INFO - Processing /home/felipe/airflow/venv/lib/python3.9/site-packages/airflow/example_dags/plugins/workday.py took 0.322 seconds
[2023-08-28 19:10:19,981] {processor.py:153} INFO - Started process (PID=10930) to work on /home/felipe/airflow/venv/lib/python3.9/site-packages/airflow/example_dags/plugins/workday.py
[2023-08-28 19:10:19,984] {processor.py:641} INFO - Processing file /home/felipe/airflow/venv/lib/python3.9/site-packages/airflow/example_dags/plugins/workday.py for tasks to queue
[2023-08-28 19:10:19,991] {logging_mixin.py:115} INFO - [2023-08-28 19:10:19,986] {dagbag.py:507} INFO - Filling up the DagBag from /home/felipe/airflow/venv/lib/python3.9/site-packages/airflow/example_dags/plugins/workday.py
[2023-08-28 19:10:20,015] {processor.py:653} WARNING - No viable dags retrieved from /home/felipe/airflow/venv/lib/python3.9/site-packages/airflow/example_dags/plugins/workday.py
[2023-08-28 19:10:20,115] {processor.py:161} INFO - Processing /home/felipe/airflow/venv/lib/python3.9/site-packages/airflow/example_dags/plugins/workday.py took 0.169 seconds
[2023-08-28 19:11:02,419] {processor.py:153} INFO - Started process (PID=11045) to work on /home/felipe/airflow/venv/lib/python3.9/site-packages/airflow/example_dags/plugins/workday.py
[2023-08-28 19:11:02,420] {processor.py:641} INFO - Processing file /home/felipe/airflow/venv/lib/python3.9/site-packages/airflow/example_dags/plugins/workday.py for tasks to queue
[2023-08-28 19:11:02,422] {logging_mixin.py:115} INFO - [2023-08-28 19:11:02,422] {dagbag.py:507} INFO - Filling up the DagBag from /home/felipe/airflow/venv/lib/python3.9/site-packages/airflow/example_dags/plugins/workday.py
[2023-08-28 19:11:02,436] {processor.py:653} WARNING - No viable dags retrieved from /home/felipe/airflow/venv/lib/python3.9/site-packages/airflow/example_dags/plugins/workday.py
[2023-08-28 19:11:02,530] {processor.py:161} INFO - Processing /home/felipe/airflow/venv/lib/python3.9/site-packages/airflow/example_dags/plugins/workday.py took 0.130 seconds
[2023-08-28 19:11:41,039] {processor.py:153} INFO - Started process (PID=11178) to work on /home/felipe/airflow/venv/lib/python3.9/site-packages/airflow/example_dags/plugins/workday.py
[2023-08-28 19:11:41,042] {processor.py:641} INFO - Processing file /home/felipe/airflow/venv/lib/python3.9/site-packages/airflow/example_dags/plugins/workday.py for tasks to queue
[2023-08-28 19:11:41,043] {logging_mixin.py:115} INFO - [2023-08-28 19:11:41,043] {dagbag.py:507} INFO - Filling up the DagBag from /home/felipe/airflow/venv/lib/python3.9/site-packages/airflow/example_dags/plugins/workday.py
[2023-08-28 19:11:41,055] {processor.py:653} WARNING - No viable dags retrieved from /home/felipe/airflow/venv/lib/python3.9/site-packages/airflow/example_dags/plugins/workday.py
[2023-08-28 19:11:41,104] {processor.py:161} INFO - Processing /home/felipe/airflow/venv/lib/python3.9/site-packages/airflow/example_dags/plugins/workday.py took 0.094 seconds
[2023-08-28 19:12:17,818] {processor.py:153} INFO - Started process (PID=11359) to work on /home/felipe/airflow/venv/lib/python3.9/site-packages/airflow/example_dags/plugins/workday.py
[2023-08-28 19:12:17,821] {processor.py:641} INFO - Processing file /home/felipe/airflow/venv/lib/python3.9/site-packages/airflow/example_dags/plugins/workday.py for tasks to queue
[2023-08-28 19:12:17,832] {logging_mixin.py:115} INFO - [2023-08-28 19:12:17,831] {dagbag.py:507} INFO - Filling up the DagBag from /home/felipe/airflow/venv/lib/python3.9/site-packages/airflow/example_dags/plugins/workday.py
[2023-08-28 19:12:17,864] {processor.py:653} WARNING - No viable dags retrieved from /home/felipe/airflow/venv/lib/python3.9/site-packages/airflow/example_dags/plugins/workday.py
[2023-08-28 19:12:18,015] {processor.py:161} INFO - Processing /home/felipe/airflow/venv/lib/python3.9/site-packages/airflow/example_dags/plugins/workday.py took 0.251 seconds
[2023-08-28 19:13:35,395] {processor.py:153} INFO - Started process (PID=11915) to work on /home/felipe/airflow/venv/lib/python3.9/site-packages/airflow/example_dags/plugins/workday.py
[2023-08-28 19:13:35,398] {processor.py:641} INFO - Processing file /home/felipe/airflow/venv/lib/python3.9/site-packages/airflow/example_dags/plugins/workday.py for tasks to queue
[2023-08-28 19:13:35,400] {logging_mixin.py:115} INFO - [2023-08-28 19:13:35,400] {dagbag.py:507} INFO - Filling up the DagBag from /home/felipe/airflow/venv/lib/python3.9/site-packages/airflow/example_dags/plugins/workday.py
[2023-08-28 19:13:35,422] {processor.py:653} WARNING - No viable dags retrieved from /home/felipe/airflow/venv/lib/python3.9/site-packages/airflow/example_dags/plugins/workday.py
[2023-08-28 19:13:35,507] {processor.py:161} INFO - Processing /home/felipe/airflow/venv/lib/python3.9/site-packages/airflow/example_dags/plugins/workday.py took 0.137 seconds
[2023-08-28 19:14:08,980] {processor.py:153} INFO - Started process (PID=11992) to work on /home/felipe/airflow/venv/lib/python3.9/site-packages/airflow/example_dags/plugins/workday.py
[2023-08-28 19:14:08,985] {processor.py:641} INFO - Processing file /home/felipe/airflow/venv/lib/python3.9/site-packages/airflow/example_dags/plugins/workday.py for tasks to queue
[2023-08-28 19:14:08,987] {logging_mixin.py:115} INFO - [2023-08-28 19:14:08,987] {dagbag.py:507} INFO - Filling up the DagBag from /home/felipe/airflow/venv/lib/python3.9/site-packages/airflow/example_dags/plugins/workday.py
[2023-08-28 19:14:09,005] {processor.py:653} WARNING - No viable dags retrieved from /home/felipe/airflow/venv/lib/python3.9/site-packages/airflow/example_dags/plugins/workday.py
[2023-08-28 19:14:09,094] {processor.py:161} INFO - Processing /home/felipe/airflow/venv/lib/python3.9/site-packages/airflow/example_dags/plugins/workday.py took 0.140 seconds
[2023-08-28 19:14:47,463] {processor.py:153} INFO - Started process (PID=12189) to work on /home/felipe/airflow/venv/lib/python3.9/site-packages/airflow/example_dags/plugins/workday.py
[2023-08-28 19:14:47,472] {processor.py:641} INFO - Processing file /home/felipe/airflow/venv/lib/python3.9/site-packages/airflow/example_dags/plugins/workday.py for tasks to queue
[2023-08-28 19:14:47,497] {logging_mixin.py:115} INFO - [2023-08-28 19:14:47,497] {dagbag.py:507} INFO - Filling up the DagBag from /home/felipe/airflow/venv/lib/python3.9/site-packages/airflow/example_dags/plugins/workday.py
[2023-08-28 19:14:47,546] {processor.py:653} WARNING - No viable dags retrieved from /home/felipe/airflow/venv/lib/python3.9/site-packages/airflow/example_dags/plugins/workday.py
[2023-08-28 19:14:47,743] {processor.py:161} INFO - Processing /home/felipe/airflow/venv/lib/python3.9/site-packages/airflow/example_dags/plugins/workday.py took 0.334 seconds
[2023-08-28 19:15:41,074] {processor.py:153} INFO - Started process (PID=12468) to work on /home/felipe/airflow/venv/lib/python3.9/site-packages/airflow/example_dags/plugins/workday.py
[2023-08-28 19:15:41,076] {processor.py:641} INFO - Processing file /home/felipe/airflow/venv/lib/python3.9/site-packages/airflow/example_dags/plugins/workday.py for tasks to queue
[2023-08-28 19:15:41,079] {logging_mixin.py:115} INFO - [2023-08-28 19:15:41,079] {dagbag.py:507} INFO - Filling up the DagBag from /home/felipe/airflow/venv/lib/python3.9/site-packages/airflow/example_dags/plugins/workday.py
[2023-08-28 19:15:41,092] {processor.py:653} WARNING - No viable dags retrieved from /home/felipe/airflow/venv/lib/python3.9/site-packages/airflow/example_dags/plugins/workday.py
[2023-08-28 19:15:41,166] {processor.py:161} INFO - Processing /home/felipe/airflow/venv/lib/python3.9/site-packages/airflow/example_dags/plugins/workday.py took 0.118 seconds
[2023-08-28 19:16:16,464] {processor.py:153} INFO - Started process (PID=12576) to work on /home/felipe/airflow/venv/lib/python3.9/site-packages/airflow/example_dags/plugins/workday.py
[2023-08-28 19:16:16,467] {processor.py:641} INFO - Processing file /home/felipe/airflow/venv/lib/python3.9/site-packages/airflow/example_dags/plugins/workday.py for tasks to queue
[2023-08-28 19:16:16,470] {logging_mixin.py:115} INFO - [2023-08-28 19:16:16,469] {dagbag.py:507} INFO - Filling up the DagBag from /home/felipe/airflow/venv/lib/python3.9/site-packages/airflow/example_dags/plugins/workday.py
[2023-08-28 19:16:16,485] {processor.py:653} WARNING - No viable dags retrieved from /home/felipe/airflow/venv/lib/python3.9/site-packages/airflow/example_dags/plugins/workday.py
[2023-08-28 19:16:16,577] {processor.py:161} INFO - Processing /home/felipe/airflow/venv/lib/python3.9/site-packages/airflow/example_dags/plugins/workday.py took 0.147 seconds
[2023-08-28 19:17:22,610] {processor.py:153} INFO - Started process (PID=12870) to work on /home/felipe/airflow/venv/lib/python3.9/site-packages/airflow/example_dags/plugins/workday.py
[2023-08-28 19:17:22,613] {processor.py:641} INFO - Processing file /home/felipe/airflow/venv/lib/python3.9/site-packages/airflow/example_dags/plugins/workday.py for tasks to queue
[2023-08-28 19:17:22,616] {logging_mixin.py:115} INFO - [2023-08-28 19:17:22,615] {dagbag.py:507} INFO - Filling up the DagBag from /home/felipe/airflow/venv/lib/python3.9/site-packages/airflow/example_dags/plugins/workday.py
[2023-08-28 19:17:22,631] {processor.py:653} WARNING - No viable dags retrieved from /home/felipe/airflow/venv/lib/python3.9/site-packages/airflow/example_dags/plugins/workday.py
[2023-08-28 19:17:22,693] {processor.py:161} INFO - Processing /home/felipe/airflow/venv/lib/python3.9/site-packages/airflow/example_dags/plugins/workday.py took 0.101 seconds
[2023-08-28 19:18:17,855] {processor.py:153} INFO - Started process (PID=12999) to work on /home/felipe/airflow/venv/lib/python3.9/site-packages/airflow/example_dags/plugins/workday.py
[2023-08-28 19:18:17,858] {processor.py:641} INFO - Processing file /home/felipe/airflow/venv/lib/python3.9/site-packages/airflow/example_dags/plugins/workday.py for tasks to queue
[2023-08-28 19:18:17,867] {logging_mixin.py:115} INFO - [2023-08-28 19:18:17,867] {dagbag.py:507} INFO - Filling up the DagBag from /home/felipe/airflow/venv/lib/python3.9/site-packages/airflow/example_dags/plugins/workday.py
[2023-08-28 19:18:17,919] {processor.py:653} WARNING - No viable dags retrieved from /home/felipe/airflow/venv/lib/python3.9/site-packages/airflow/example_dags/plugins/workday.py
[2023-08-28 19:18:18,202] {processor.py:161} INFO - Processing /home/felipe/airflow/venv/lib/python3.9/site-packages/airflow/example_dags/plugins/workday.py took 0.385 seconds
[2023-08-28 19:19:37,934] {processor.py:153} INFO - Started process (PID=13213) to work on /home/felipe/airflow/venv/lib/python3.9/site-packages/airflow/example_dags/plugins/workday.py
[2023-08-28 19:19:37,937] {processor.py:641} INFO - Processing file /home/felipe/airflow/venv/lib/python3.9/site-packages/airflow/example_dags/plugins/workday.py for tasks to queue
[2023-08-28 19:19:37,941] {logging_mixin.py:115} INFO - [2023-08-28 19:19:37,940] {dagbag.py:507} INFO - Filling up the DagBag from /home/felipe/airflow/venv/lib/python3.9/site-packages/airflow/example_dags/plugins/workday.py
[2023-08-28 19:19:37,956] {processor.py:653} WARNING - No viable dags retrieved from /home/felipe/airflow/venv/lib/python3.9/site-packages/airflow/example_dags/plugins/workday.py
[2023-08-28 19:19:38,035] {processor.py:161} INFO - Processing /home/felipe/airflow/venv/lib/python3.9/site-packages/airflow/example_dags/plugins/workday.py took 0.123 seconds
[2023-08-28 19:20:43,545] {processor.py:153} INFO - Started process (PID=13780) to work on /home/felipe/airflow/venv/lib/python3.9/site-packages/airflow/example_dags/plugins/workday.py
[2023-08-28 19:20:43,547] {processor.py:641} INFO - Processing file /home/felipe/airflow/venv/lib/python3.9/site-packages/airflow/example_dags/plugins/workday.py for tasks to queue
[2023-08-28 19:20:43,549] {logging_mixin.py:115} INFO - [2023-08-28 19:20:43,548] {dagbag.py:507} INFO - Filling up the DagBag from /home/felipe/airflow/venv/lib/python3.9/site-packages/airflow/example_dags/plugins/workday.py
[2023-08-28 19:20:43,560] {processor.py:653} WARNING - No viable dags retrieved from /home/felipe/airflow/venv/lib/python3.9/site-packages/airflow/example_dags/plugins/workday.py
[2023-08-28 19:20:43,635] {processor.py:161} INFO - Processing /home/felipe/airflow/venv/lib/python3.9/site-packages/airflow/example_dags/plugins/workday.py took 0.122 seconds
[2023-08-28 19:21:43,329] {processor.py:153} INFO - Started process (PID=14392) to work on /home/felipe/airflow/venv/lib/python3.9/site-packages/airflow/example_dags/plugins/workday.py
[2023-08-28 19:21:43,331] {processor.py:641} INFO - Processing file /home/felipe/airflow/venv/lib/python3.9/site-packages/airflow/example_dags/plugins/workday.py for tasks to queue
[2023-08-28 19:21:43,334] {logging_mixin.py:115} INFO - [2023-08-28 19:21:43,333] {dagbag.py:507} INFO - Filling up the DagBag from /home/felipe/airflow/venv/lib/python3.9/site-packages/airflow/example_dags/plugins/workday.py
[2023-08-28 19:21:43,351] {processor.py:653} WARNING - No viable dags retrieved from /home/felipe/airflow/venv/lib/python3.9/site-packages/airflow/example_dags/plugins/workday.py
[2023-08-28 19:21:43,412] {processor.py:161} INFO - Processing /home/felipe/airflow/venv/lib/python3.9/site-packages/airflow/example_dags/plugins/workday.py took 0.102 seconds
[2023-08-28 19:22:33,545] {processor.py:153} INFO - Started process (PID=14842) to work on /home/felipe/airflow/venv/lib/python3.9/site-packages/airflow/example_dags/plugins/workday.py
[2023-08-28 19:22:33,550] {processor.py:641} INFO - Processing file /home/felipe/airflow/venv/lib/python3.9/site-packages/airflow/example_dags/plugins/workday.py for tasks to queue
[2023-08-28 19:22:33,552] {logging_mixin.py:115} INFO - [2023-08-28 19:22:33,552] {dagbag.py:507} INFO - Filling up the DagBag from /home/felipe/airflow/venv/lib/python3.9/site-packages/airflow/example_dags/plugins/workday.py
[2023-08-28 19:22:33,579] {processor.py:653} WARNING - No viable dags retrieved from /home/felipe/airflow/venv/lib/python3.9/site-packages/airflow/example_dags/plugins/workday.py
[2023-08-28 19:22:33,752] {processor.py:161} INFO - Processing /home/felipe/airflow/venv/lib/python3.9/site-packages/airflow/example_dags/plugins/workday.py took 0.246 seconds
[2023-08-28 19:23:15,352] {processor.py:153} INFO - Started process (PID=15082) to work on /home/felipe/airflow/venv/lib/python3.9/site-packages/airflow/example_dags/plugins/workday.py
[2023-08-28 19:23:15,355] {processor.py:641} INFO - Processing file /home/felipe/airflow/venv/lib/python3.9/site-packages/airflow/example_dags/plugins/workday.py for tasks to queue
[2023-08-28 19:23:15,357] {logging_mixin.py:115} INFO - [2023-08-28 19:23:15,356] {dagbag.py:507} INFO - Filling up the DagBag from /home/felipe/airflow/venv/lib/python3.9/site-packages/airflow/example_dags/plugins/workday.py
[2023-08-28 19:23:15,367] {processor.py:653} WARNING - No viable dags retrieved from /home/felipe/airflow/venv/lib/python3.9/site-packages/airflow/example_dags/plugins/workday.py
[2023-08-28 19:23:15,419] {processor.py:161} INFO - Processing /home/felipe/airflow/venv/lib/python3.9/site-packages/airflow/example_dags/plugins/workday.py took 0.081 seconds
[2023-08-28 19:23:50,996] {processor.py:153} INFO - Started process (PID=15338) to work on /home/felipe/airflow/venv/lib/python3.9/site-packages/airflow/example_dags/plugins/workday.py
[2023-08-28 19:23:50,997] {processor.py:641} INFO - Processing file /home/felipe/airflow/venv/lib/python3.9/site-packages/airflow/example_dags/plugins/workday.py for tasks to queue
[2023-08-28 19:23:50,999] {logging_mixin.py:115} INFO - [2023-08-28 19:23:50,999] {dagbag.py:507} INFO - Filling up the DagBag from /home/felipe/airflow/venv/lib/python3.9/site-packages/airflow/example_dags/plugins/workday.py
[2023-08-28 19:23:51,012] {processor.py:653} WARNING - No viable dags retrieved from /home/felipe/airflow/venv/lib/python3.9/site-packages/airflow/example_dags/plugins/workday.py
[2023-08-28 19:23:51,065] {processor.py:161} INFO - Processing /home/felipe/airflow/venv/lib/python3.9/site-packages/airflow/example_dags/plugins/workday.py took 0.085 seconds
[2023-08-28 19:24:47,278] {processor.py:153} INFO - Started process (PID=15583) to work on /home/felipe/airflow/venv/lib/python3.9/site-packages/airflow/example_dags/plugins/workday.py
[2023-08-28 19:24:47,280] {processor.py:641} INFO - Processing file /home/felipe/airflow/venv/lib/python3.9/site-packages/airflow/example_dags/plugins/workday.py for tasks to queue
[2023-08-28 19:24:47,285] {logging_mixin.py:115} INFO - [2023-08-28 19:24:47,282] {dagbag.py:507} INFO - Filling up the DagBag from /home/felipe/airflow/venv/lib/python3.9/site-packages/airflow/example_dags/plugins/workday.py
[2023-08-28 19:24:47,302] {processor.py:653} WARNING - No viable dags retrieved from /home/felipe/airflow/venv/lib/python3.9/site-packages/airflow/example_dags/plugins/workday.py
[2023-08-28 19:24:47,396] {processor.py:161} INFO - Processing /home/felipe/airflow/venv/lib/python3.9/site-packages/airflow/example_dags/plugins/workday.py took 0.146 seconds
[2023-08-28 19:25:35,570] {processor.py:153} INFO - Started process (PID=15975) to work on /home/felipe/airflow/venv/lib/python3.9/site-packages/airflow/example_dags/plugins/workday.py
[2023-08-28 19:25:35,573] {processor.py:641} INFO - Processing file /home/felipe/airflow/venv/lib/python3.9/site-packages/airflow/example_dags/plugins/workday.py for tasks to queue
[2023-08-28 19:25:35,586] {logging_mixin.py:115} INFO - [2023-08-28 19:25:35,585] {dagbag.py:507} INFO - Filling up the DagBag from /home/felipe/airflow/venv/lib/python3.9/site-packages/airflow/example_dags/plugins/workday.py
[2023-08-28 19:25:35,658] {processor.py:653} WARNING - No viable dags retrieved from /home/felipe/airflow/venv/lib/python3.9/site-packages/airflow/example_dags/plugins/workday.py
[2023-08-28 19:25:35,886] {processor.py:161} INFO - Processing /home/felipe/airflow/venv/lib/python3.9/site-packages/airflow/example_dags/plugins/workday.py took 0.355 seconds
[2023-08-28 19:26:27,318] {processor.py:153} INFO - Started process (PID=16285) to work on /home/felipe/airflow/venv/lib/python3.9/site-packages/airflow/example_dags/plugins/workday.py
[2023-08-28 19:26:27,320] {processor.py:641} INFO - Processing file /home/felipe/airflow/venv/lib/python3.9/site-packages/airflow/example_dags/plugins/workday.py for tasks to queue
[2023-08-28 19:26:27,322] {logging_mixin.py:115} INFO - [2023-08-28 19:26:27,322] {dagbag.py:507} INFO - Filling up the DagBag from /home/felipe/airflow/venv/lib/python3.9/site-packages/airflow/example_dags/plugins/workday.py
[2023-08-28 19:26:27,336] {processor.py:653} WARNING - No viable dags retrieved from /home/felipe/airflow/venv/lib/python3.9/site-packages/airflow/example_dags/plugins/workday.py
[2023-08-28 19:26:27,406] {processor.py:161} INFO - Processing /home/felipe/airflow/venv/lib/python3.9/site-packages/airflow/example_dags/plugins/workday.py took 0.104 seconds
[2023-08-28 20:07:52,374] {processor.py:153} INFO - Started process (PID=24344) to work on /home/felipe/airflow/venv/lib/python3.9/site-packages/airflow/example_dags/plugins/workday.py
[2023-08-28 20:07:52,380] {processor.py:641} INFO - Processing file /home/felipe/airflow/venv/lib/python3.9/site-packages/airflow/example_dags/plugins/workday.py for tasks to queue
[2023-08-28 20:07:52,387] {logging_mixin.py:115} INFO - [2023-08-28 20:07:52,387] {dagbag.py:507} INFO - Filling up the DagBag from /home/felipe/airflow/venv/lib/python3.9/site-packages/airflow/example_dags/plugins/workday.py
[2023-08-28 20:07:52,407] {processor.py:653} WARNING - No viable dags retrieved from /home/felipe/airflow/venv/lib/python3.9/site-packages/airflow/example_dags/plugins/workday.py
[2023-08-28 20:07:52,503] {processor.py:161} INFO - Processing /home/felipe/airflow/venv/lib/python3.9/site-packages/airflow/example_dags/plugins/workday.py took 0.150 seconds
[2023-08-28 20:11:02,645] {processor.py:153} INFO - Started process (PID=26158) to work on /home/felipe/airflow/venv/lib/python3.9/site-packages/airflow/example_dags/plugins/workday.py
[2023-08-28 20:11:02,646] {processor.py:641} INFO - Processing file /home/felipe/airflow/venv/lib/python3.9/site-packages/airflow/example_dags/plugins/workday.py for tasks to queue
[2023-08-28 20:11:02,652] {logging_mixin.py:115} INFO - [2023-08-28 20:11:02,652] {dagbag.py:507} INFO - Filling up the DagBag from /home/felipe/airflow/venv/lib/python3.9/site-packages/airflow/example_dags/plugins/workday.py
[2023-08-28 20:11:02,720] {processor.py:653} WARNING - No viable dags retrieved from /home/felipe/airflow/venv/lib/python3.9/site-packages/airflow/example_dags/plugins/workday.py
[2023-08-28 20:11:02,767] {processor.py:161} INFO - Processing /home/felipe/airflow/venv/lib/python3.9/site-packages/airflow/example_dags/plugins/workday.py took 0.136 seconds
[2023-08-28 20:13:32,870] {processor.py:153} INFO - Started process (PID=26658) to work on /home/felipe/airflow/venv/lib/python3.9/site-packages/airflow/example_dags/plugins/workday.py
[2023-08-28 20:13:32,875] {processor.py:641} INFO - Processing file /home/felipe/airflow/venv/lib/python3.9/site-packages/airflow/example_dags/plugins/workday.py for tasks to queue
[2023-08-28 20:13:32,878] {logging_mixin.py:115} INFO - [2023-08-28 20:13:32,877] {dagbag.py:507} INFO - Filling up the DagBag from /home/felipe/airflow/venv/lib/python3.9/site-packages/airflow/example_dags/plugins/workday.py
[2023-08-28 20:13:32,919] {processor.py:653} WARNING - No viable dags retrieved from /home/felipe/airflow/venv/lib/python3.9/site-packages/airflow/example_dags/plugins/workday.py
[2023-08-28 20:13:33,082] {processor.py:161} INFO - Processing /home/felipe/airflow/venv/lib/python3.9/site-packages/airflow/example_dags/plugins/workday.py took 0.243 seconds
[2023-08-28 20:14:38,789] {processor.py:153} INFO - Started process (PID=27241) to work on /home/felipe/airflow/venv/lib/python3.9/site-packages/airflow/example_dags/plugins/workday.py
[2023-08-28 20:14:38,792] {processor.py:641} INFO - Processing file /home/felipe/airflow/venv/lib/python3.9/site-packages/airflow/example_dags/plugins/workday.py for tasks to queue
[2023-08-28 20:14:38,793] {logging_mixin.py:115} INFO - [2023-08-28 20:14:38,793] {dagbag.py:507} INFO - Filling up the DagBag from /home/felipe/airflow/venv/lib/python3.9/site-packages/airflow/example_dags/plugins/workday.py
[2023-08-28 20:14:38,802] {processor.py:653} WARNING - No viable dags retrieved from /home/felipe/airflow/venv/lib/python3.9/site-packages/airflow/example_dags/plugins/workday.py
[2023-08-28 20:14:38,841] {processor.py:161} INFO - Processing /home/felipe/airflow/venv/lib/python3.9/site-packages/airflow/example_dags/plugins/workday.py took 0.063 seconds
[2023-08-28 20:15:19,368] {processor.py:153} INFO - Started process (PID=27432) to work on /home/felipe/airflow/venv/lib/python3.9/site-packages/airflow/example_dags/plugins/workday.py
[2023-08-28 20:15:19,370] {processor.py:641} INFO - Processing file /home/felipe/airflow/venv/lib/python3.9/site-packages/airflow/example_dags/plugins/workday.py for tasks to queue
[2023-08-28 20:15:19,372] {logging_mixin.py:115} INFO - [2023-08-28 20:15:19,372] {dagbag.py:507} INFO - Filling up the DagBag from /home/felipe/airflow/venv/lib/python3.9/site-packages/airflow/example_dags/plugins/workday.py
[2023-08-28 20:15:19,381] {processor.py:653} WARNING - No viable dags retrieved from /home/felipe/airflow/venv/lib/python3.9/site-packages/airflow/example_dags/plugins/workday.py
[2023-08-28 20:15:19,416] {processor.py:161} INFO - Processing /home/felipe/airflow/venv/lib/python3.9/site-packages/airflow/example_dags/plugins/workday.py took 0.059 seconds
[2023-08-28 20:15:57,383] {processor.py:153} INFO - Started process (PID=27590) to work on /home/felipe/airflow/venv/lib/python3.9/site-packages/airflow/example_dags/plugins/workday.py
[2023-08-28 20:15:57,385] {processor.py:641} INFO - Processing file /home/felipe/airflow/venv/lib/python3.9/site-packages/airflow/example_dags/plugins/workday.py for tasks to queue
[2023-08-28 20:15:57,390] {logging_mixin.py:115} INFO - [2023-08-28 20:15:57,390] {dagbag.py:507} INFO - Filling up the DagBag from /home/felipe/airflow/venv/lib/python3.9/site-packages/airflow/example_dags/plugins/workday.py
[2023-08-28 20:15:57,399] {processor.py:653} WARNING - No viable dags retrieved from /home/felipe/airflow/venv/lib/python3.9/site-packages/airflow/example_dags/plugins/workday.py
[2023-08-28 20:15:57,447] {processor.py:161} INFO - Processing /home/felipe/airflow/venv/lib/python3.9/site-packages/airflow/example_dags/plugins/workday.py took 0.080 seconds
[2023-08-28 20:17:05,659] {processor.py:153} INFO - Started process (PID=28058) to work on /home/felipe/airflow/venv/lib/python3.9/site-packages/airflow/example_dags/plugins/workday.py
[2023-08-28 20:17:05,663] {processor.py:641} INFO - Processing file /home/felipe/airflow/venv/lib/python3.9/site-packages/airflow/example_dags/plugins/workday.py for tasks to queue
[2023-08-28 20:17:05,672] {logging_mixin.py:115} INFO - [2023-08-28 20:17:05,666] {dagbag.py:507} INFO - Filling up the DagBag from /home/felipe/airflow/venv/lib/python3.9/site-packages/airflow/example_dags/plugins/workday.py
[2023-08-28 20:17:05,697] {processor.py:653} WARNING - No viable dags retrieved from /home/felipe/airflow/venv/lib/python3.9/site-packages/airflow/example_dags/plugins/workday.py
[2023-08-28 20:17:05,856] {processor.py:161} INFO - Processing /home/felipe/airflow/venv/lib/python3.9/site-packages/airflow/example_dags/plugins/workday.py took 0.229 seconds
[2023-08-28 20:19:12,565] {processor.py:153} INFO - Started process (PID=29500) to work on /home/felipe/airflow/venv/lib/python3.9/site-packages/airflow/example_dags/plugins/workday.py
[2023-08-28 20:19:12,568] {processor.py:641} INFO - Processing file /home/felipe/airflow/venv/lib/python3.9/site-packages/airflow/example_dags/plugins/workday.py for tasks to queue
[2023-08-28 20:19:12,570] {logging_mixin.py:115} INFO - [2023-08-28 20:19:12,570] {dagbag.py:507} INFO - Filling up the DagBag from /home/felipe/airflow/venv/lib/python3.9/site-packages/airflow/example_dags/plugins/workday.py
[2023-08-28 20:19:12,581] {processor.py:653} WARNING - No viable dags retrieved from /home/felipe/airflow/venv/lib/python3.9/site-packages/airflow/example_dags/plugins/workday.py
[2023-08-28 20:19:12,631] {processor.py:161} INFO - Processing /home/felipe/airflow/venv/lib/python3.9/site-packages/airflow/example_dags/plugins/workday.py took 0.079 seconds
[2023-08-28 20:19:50,245] {processor.py:153} INFO - Started process (PID=29634) to work on /home/felipe/airflow/venv/lib/python3.9/site-packages/airflow/example_dags/plugins/workday.py
[2023-08-28 20:19:50,246] {processor.py:641} INFO - Processing file /home/felipe/airflow/venv/lib/python3.9/site-packages/airflow/example_dags/plugins/workday.py for tasks to queue
[2023-08-28 20:19:50,248] {logging_mixin.py:115} INFO - [2023-08-28 20:19:50,247] {dagbag.py:507} INFO - Filling up the DagBag from /home/felipe/airflow/venv/lib/python3.9/site-packages/airflow/example_dags/plugins/workday.py
[2023-08-28 20:19:50,261] {processor.py:653} WARNING - No viable dags retrieved from /home/felipe/airflow/venv/lib/python3.9/site-packages/airflow/example_dags/plugins/workday.py
[2023-08-28 20:19:50,299] {processor.py:161} INFO - Processing /home/felipe/airflow/venv/lib/python3.9/site-packages/airflow/example_dags/plugins/workday.py took 0.084 seconds
[2023-08-28 20:20:40,615] {processor.py:153} INFO - Started process (PID=29803) to work on /home/felipe/airflow/venv/lib/python3.9/site-packages/airflow/example_dags/plugins/workday.py
[2023-08-28 20:20:40,632] {processor.py:641} INFO - Processing file /home/felipe/airflow/venv/lib/python3.9/site-packages/airflow/example_dags/plugins/workday.py for tasks to queue
[2023-08-28 20:20:40,638] {logging_mixin.py:115} INFO - [2023-08-28 20:20:40,637] {dagbag.py:507} INFO - Filling up the DagBag from /home/felipe/airflow/venv/lib/python3.9/site-packages/airflow/example_dags/plugins/workday.py
[2023-08-28 20:20:40,656] {processor.py:653} WARNING - No viable dags retrieved from /home/felipe/airflow/venv/lib/python3.9/site-packages/airflow/example_dags/plugins/workday.py
[2023-08-28 20:20:40,795] {processor.py:161} INFO - Processing /home/felipe/airflow/venv/lib/python3.9/site-packages/airflow/example_dags/plugins/workday.py took 0.222 seconds
[2023-08-28 20:21:19,673] {processor.py:153} INFO - Started process (PID=30232) to work on /home/felipe/airflow/venv/lib/python3.9/site-packages/airflow/example_dags/plugins/workday.py
[2023-08-28 20:21:19,676] {processor.py:641} INFO - Processing file /home/felipe/airflow/venv/lib/python3.9/site-packages/airflow/example_dags/plugins/workday.py for tasks to queue
[2023-08-28 20:21:19,678] {logging_mixin.py:115} INFO - [2023-08-28 20:21:19,678] {dagbag.py:507} INFO - Filling up the DagBag from /home/felipe/airflow/venv/lib/python3.9/site-packages/airflow/example_dags/plugins/workday.py
[2023-08-28 20:21:19,693] {processor.py:653} WARNING - No viable dags retrieved from /home/felipe/airflow/venv/lib/python3.9/site-packages/airflow/example_dags/plugins/workday.py
[2023-08-28 20:21:19,778] {processor.py:161} INFO - Processing /home/felipe/airflow/venv/lib/python3.9/site-packages/airflow/example_dags/plugins/workday.py took 0.138 seconds
[2023-08-28 20:22:56,136] {processor.py:153} INFO - Started process (PID=31278) to work on /home/felipe/airflow/venv/lib/python3.9/site-packages/airflow/example_dags/plugins/workday.py
[2023-08-28 20:22:56,137] {processor.py:641} INFO - Processing file /home/felipe/airflow/venv/lib/python3.9/site-packages/airflow/example_dags/plugins/workday.py for tasks to queue
[2023-08-28 20:22:56,139] {logging_mixin.py:115} INFO - [2023-08-28 20:22:56,139] {dagbag.py:507} INFO - Filling up the DagBag from /home/felipe/airflow/venv/lib/python3.9/site-packages/airflow/example_dags/plugins/workday.py
[2023-08-28 20:22:56,148] {processor.py:653} WARNING - No viable dags retrieved from /home/felipe/airflow/venv/lib/python3.9/site-packages/airflow/example_dags/plugins/workday.py
[2023-08-28 20:22:56,185] {processor.py:161} INFO - Processing /home/felipe/airflow/venv/lib/python3.9/site-packages/airflow/example_dags/plugins/workday.py took 0.061 seconds
[2023-08-28 20:23:33,344] {processor.py:153} INFO - Started process (PID=31306) to work on /home/felipe/airflow/venv/lib/python3.9/site-packages/airflow/example_dags/plugins/workday.py
[2023-08-28 20:23:33,353] {processor.py:641} INFO - Processing file /home/felipe/airflow/venv/lib/python3.9/site-packages/airflow/example_dags/plugins/workday.py for tasks to queue
[2023-08-28 20:23:33,356] {logging_mixin.py:115} INFO - [2023-08-28 20:23:33,355] {dagbag.py:507} INFO - Filling up the DagBag from /home/felipe/airflow/venv/lib/python3.9/site-packages/airflow/example_dags/plugins/workday.py
[2023-08-28 20:23:33,391] {processor.py:653} WARNING - No viable dags retrieved from /home/felipe/airflow/venv/lib/python3.9/site-packages/airflow/example_dags/plugins/workday.py
[2023-08-28 20:23:33,542] {processor.py:161} INFO - Processing /home/felipe/airflow/venv/lib/python3.9/site-packages/airflow/example_dags/plugins/workday.py took 0.242 seconds
[2023-08-28 20:24:19,997] {processor.py:153} INFO - Started process (PID=31448) to work on /home/felipe/airflow/venv/lib/python3.9/site-packages/airflow/example_dags/plugins/workday.py
[2023-08-28 20:24:19,999] {processor.py:641} INFO - Processing file /home/felipe/airflow/venv/lib/python3.9/site-packages/airflow/example_dags/plugins/workday.py for tasks to queue
[2023-08-28 20:24:20,004] {logging_mixin.py:115} INFO - [2023-08-28 20:24:20,004] {dagbag.py:507} INFO - Filling up the DagBag from /home/felipe/airflow/venv/lib/python3.9/site-packages/airflow/example_dags/plugins/workday.py
[2023-08-28 20:24:20,015] {processor.py:653} WARNING - No viable dags retrieved from /home/felipe/airflow/venv/lib/python3.9/site-packages/airflow/example_dags/plugins/workday.py
[2023-08-28 20:24:20,070] {processor.py:161} INFO - Processing /home/felipe/airflow/venv/lib/python3.9/site-packages/airflow/example_dags/plugins/workday.py took 0.087 seconds
[2023-08-28 20:25:15,617] {processor.py:153} INFO - Started process (PID=31894) to work on /home/felipe/airflow/venv/lib/python3.9/site-packages/airflow/example_dags/plugins/workday.py
[2023-08-28 20:25:15,624] {processor.py:641} INFO - Processing file /home/felipe/airflow/venv/lib/python3.9/site-packages/airflow/example_dags/plugins/workday.py for tasks to queue
[2023-08-28 20:25:15,629] {logging_mixin.py:115} INFO - [2023-08-28 20:25:15,628] {dagbag.py:507} INFO - Filling up the DagBag from /home/felipe/airflow/venv/lib/python3.9/site-packages/airflow/example_dags/plugins/workday.py
[2023-08-28 20:25:15,647] {processor.py:653} WARNING - No viable dags retrieved from /home/felipe/airflow/venv/lib/python3.9/site-packages/airflow/example_dags/plugins/workday.py
[2023-08-28 20:25:15,726] {processor.py:161} INFO - Processing /home/felipe/airflow/venv/lib/python3.9/site-packages/airflow/example_dags/plugins/workday.py took 0.129 seconds
[2023-08-28 20:26:34,838] {processor.py:153} INFO - Started process (PID=32641) to work on /home/felipe/airflow/venv/lib/python3.9/site-packages/airflow/example_dags/plugins/workday.py
[2023-08-28 20:26:34,840] {processor.py:641} INFO - Processing file /home/felipe/airflow/venv/lib/python3.9/site-packages/airflow/example_dags/plugins/workday.py for tasks to queue
[2023-08-28 20:26:34,842] {logging_mixin.py:115} INFO - [2023-08-28 20:26:34,841] {dagbag.py:507} INFO - Filling up the DagBag from /home/felipe/airflow/venv/lib/python3.9/site-packages/airflow/example_dags/plugins/workday.py
[2023-08-28 20:26:34,850] {processor.py:653} WARNING - No viable dags retrieved from /home/felipe/airflow/venv/lib/python3.9/site-packages/airflow/example_dags/plugins/workday.py
[2023-08-28 20:26:34,892] {processor.py:161} INFO - Processing /home/felipe/airflow/venv/lib/python3.9/site-packages/airflow/example_dags/plugins/workday.py took 0.067 seconds
[2023-08-28 20:27:18,960] {processor.py:153} INFO - Started process (PID=14) to work on /home/felipe/airflow/venv/lib/python3.9/site-packages/airflow/example_dags/plugins/workday.py
[2023-08-28 20:27:18,962] {processor.py:641} INFO - Processing file /home/felipe/airflow/venv/lib/python3.9/site-packages/airflow/example_dags/plugins/workday.py for tasks to queue
[2023-08-28 20:27:18,963] {logging_mixin.py:115} INFO - [2023-08-28 20:27:18,963] {dagbag.py:507} INFO - Filling up the DagBag from /home/felipe/airflow/venv/lib/python3.9/site-packages/airflow/example_dags/plugins/workday.py
[2023-08-28 20:27:18,974] {processor.py:653} WARNING - No viable dags retrieved from /home/felipe/airflow/venv/lib/python3.9/site-packages/airflow/example_dags/plugins/workday.py
[2023-08-28 20:27:19,015] {processor.py:161} INFO - Processing /home/felipe/airflow/venv/lib/python3.9/site-packages/airflow/example_dags/plugins/workday.py took 0.070 seconds
[2023-08-28 20:28:30,549] {processor.py:153} INFO - Started process (PID=771) to work on /home/felipe/airflow/venv/lib/python3.9/site-packages/airflow/example_dags/plugins/workday.py
[2023-08-28 20:28:30,554] {processor.py:641} INFO - Processing file /home/felipe/airflow/venv/lib/python3.9/site-packages/airflow/example_dags/plugins/workday.py for tasks to queue
[2023-08-28 20:28:30,557] {logging_mixin.py:115} INFO - [2023-08-28 20:28:30,557] {dagbag.py:507} INFO - Filling up the DagBag from /home/felipe/airflow/venv/lib/python3.9/site-packages/airflow/example_dags/plugins/workday.py
[2023-08-28 20:28:30,576] {processor.py:653} WARNING - No viable dags retrieved from /home/felipe/airflow/venv/lib/python3.9/site-packages/airflow/example_dags/plugins/workday.py
[2023-08-28 20:28:30,639] {processor.py:161} INFO - Processing /home/felipe/airflow/venv/lib/python3.9/site-packages/airflow/example_dags/plugins/workday.py took 0.109 seconds
[2023-08-28 20:29:37,146] {processor.py:153} INFO - Started process (PID=1497) to work on /home/felipe/airflow/venv/lib/python3.9/site-packages/airflow/example_dags/plugins/workday.py
[2023-08-28 20:29:37,154] {processor.py:641} INFO - Processing file /home/felipe/airflow/venv/lib/python3.9/site-packages/airflow/example_dags/plugins/workday.py for tasks to queue
[2023-08-28 20:29:37,157] {logging_mixin.py:115} INFO - [2023-08-28 20:29:37,157] {dagbag.py:507} INFO - Filling up the DagBag from /home/felipe/airflow/venv/lib/python3.9/site-packages/airflow/example_dags/plugins/workday.py
[2023-08-28 20:29:37,177] {processor.py:653} WARNING - No viable dags retrieved from /home/felipe/airflow/venv/lib/python3.9/site-packages/airflow/example_dags/plugins/workday.py
[2023-08-28 20:29:37,297] {processor.py:161} INFO - Processing /home/felipe/airflow/venv/lib/python3.9/site-packages/airflow/example_dags/plugins/workday.py took 0.187 seconds
[2023-08-28 20:31:16,459] {processor.py:153} INFO - Started process (PID=2585) to work on /home/felipe/airflow/venv/lib/python3.9/site-packages/airflow/example_dags/plugins/workday.py
[2023-08-28 20:31:16,461] {processor.py:641} INFO - Processing file /home/felipe/airflow/venv/lib/python3.9/site-packages/airflow/example_dags/plugins/workday.py for tasks to queue
[2023-08-28 20:31:16,463] {logging_mixin.py:115} INFO - [2023-08-28 20:31:16,463] {dagbag.py:507} INFO - Filling up the DagBag from /home/felipe/airflow/venv/lib/python3.9/site-packages/airflow/example_dags/plugins/workday.py
[2023-08-28 20:31:16,472] {processor.py:653} WARNING - No viable dags retrieved from /home/felipe/airflow/venv/lib/python3.9/site-packages/airflow/example_dags/plugins/workday.py
[2023-08-28 20:31:16,515] {processor.py:161} INFO - Processing /home/felipe/airflow/venv/lib/python3.9/site-packages/airflow/example_dags/plugins/workday.py took 0.068 seconds
[2023-08-28 20:31:55,079] {processor.py:153} INFO - Started process (PID=2718) to work on /home/felipe/airflow/venv/lib/python3.9/site-packages/airflow/example_dags/plugins/workday.py
[2023-08-28 20:31:55,081] {processor.py:641} INFO - Processing file /home/felipe/airflow/venv/lib/python3.9/site-packages/airflow/example_dags/plugins/workday.py for tasks to queue
[2023-08-28 20:31:55,083] {logging_mixin.py:115} INFO - [2023-08-28 20:31:55,083] {dagbag.py:507} INFO - Filling up the DagBag from /home/felipe/airflow/venv/lib/python3.9/site-packages/airflow/example_dags/plugins/workday.py
[2023-08-28 20:31:55,090] {processor.py:653} WARNING - No viable dags retrieved from /home/felipe/airflow/venv/lib/python3.9/site-packages/airflow/example_dags/plugins/workday.py
[2023-08-28 20:31:55,130] {processor.py:161} INFO - Processing /home/felipe/airflow/venv/lib/python3.9/site-packages/airflow/example_dags/plugins/workday.py took 0.062 seconds
[2023-08-28 20:32:34,693] {processor.py:153} INFO - Started process (PID=2959) to work on /home/felipe/airflow/venv/lib/python3.9/site-packages/airflow/example_dags/plugins/workday.py
[2023-08-28 20:32:34,695] {processor.py:641} INFO - Processing file /home/felipe/airflow/venv/lib/python3.9/site-packages/airflow/example_dags/plugins/workday.py for tasks to queue
[2023-08-28 20:32:34,696] {logging_mixin.py:115} INFO - [2023-08-28 20:32:34,696] {dagbag.py:507} INFO - Filling up the DagBag from /home/felipe/airflow/venv/lib/python3.9/site-packages/airflow/example_dags/plugins/workday.py
[2023-08-28 20:32:34,706] {processor.py:653} WARNING - No viable dags retrieved from /home/felipe/airflow/venv/lib/python3.9/site-packages/airflow/example_dags/plugins/workday.py
[2023-08-28 20:32:34,747] {processor.py:161} INFO - Processing /home/felipe/airflow/venv/lib/python3.9/site-packages/airflow/example_dags/plugins/workday.py took 0.066 seconds
[2023-08-28 20:33:16,190] {processor.py:153} INFO - Started process (PID=2993) to work on /home/felipe/airflow/venv/lib/python3.9/site-packages/airflow/example_dags/plugins/workday.py
[2023-08-28 20:33:16,193] {processor.py:641} INFO - Processing file /home/felipe/airflow/venv/lib/python3.9/site-packages/airflow/example_dags/plugins/workday.py for tasks to queue
[2023-08-28 20:33:16,195] {logging_mixin.py:115} INFO - [2023-08-28 20:33:16,195] {dagbag.py:507} INFO - Filling up the DagBag from /home/felipe/airflow/venv/lib/python3.9/site-packages/airflow/example_dags/plugins/workday.py
[2023-08-28 20:33:16,204] {processor.py:653} WARNING - No viable dags retrieved from /home/felipe/airflow/venv/lib/python3.9/site-packages/airflow/example_dags/plugins/workday.py
[2023-08-28 20:33:16,246] {processor.py:161} INFO - Processing /home/felipe/airflow/venv/lib/python3.9/site-packages/airflow/example_dags/plugins/workday.py took 0.067 seconds
[2023-08-28 20:33:52,054] {processor.py:153} INFO - Started process (PID=3125) to work on /home/felipe/airflow/venv/lib/python3.9/site-packages/airflow/example_dags/plugins/workday.py
[2023-08-28 20:33:52,056] {processor.py:641} INFO - Processing file /home/felipe/airflow/venv/lib/python3.9/site-packages/airflow/example_dags/plugins/workday.py for tasks to queue
[2023-08-28 20:33:52,059] {logging_mixin.py:115} INFO - [2023-08-28 20:33:52,058] {dagbag.py:507} INFO - Filling up the DagBag from /home/felipe/airflow/venv/lib/python3.9/site-packages/airflow/example_dags/plugins/workday.py
[2023-08-28 20:33:52,072] {processor.py:653} WARNING - No viable dags retrieved from /home/felipe/airflow/venv/lib/python3.9/site-packages/airflow/example_dags/plugins/workday.py
[2023-08-28 20:33:52,136] {processor.py:161} INFO - Processing /home/felipe/airflow/venv/lib/python3.9/site-packages/airflow/example_dags/plugins/workday.py took 0.113 seconds
[2023-08-28 20:34:40,725] {processor.py:153} INFO - Started process (PID=3268) to work on /home/felipe/airflow/venv/lib/python3.9/site-packages/airflow/example_dags/plugins/workday.py
[2023-08-28 20:34:40,727] {processor.py:641} INFO - Processing file /home/felipe/airflow/venv/lib/python3.9/site-packages/airflow/example_dags/plugins/workday.py for tasks to queue
[2023-08-28 20:34:40,728] {logging_mixin.py:115} INFO - [2023-08-28 20:34:40,728] {dagbag.py:507} INFO - Filling up the DagBag from /home/felipe/airflow/venv/lib/python3.9/site-packages/airflow/example_dags/plugins/workday.py
[2023-08-28 20:34:40,737] {processor.py:653} WARNING - No viable dags retrieved from /home/felipe/airflow/venv/lib/python3.9/site-packages/airflow/example_dags/plugins/workday.py
[2023-08-28 20:34:40,775] {processor.py:161} INFO - Processing /home/felipe/airflow/venv/lib/python3.9/site-packages/airflow/example_dags/plugins/workday.py took 0.062 seconds
[2023-08-28 20:35:19,870] {processor.py:153} INFO - Started process (PID=3404) to work on /home/felipe/airflow/venv/lib/python3.9/site-packages/airflow/example_dags/plugins/workday.py
[2023-08-28 20:35:19,872] {processor.py:641} INFO - Processing file /home/felipe/airflow/venv/lib/python3.9/site-packages/airflow/example_dags/plugins/workday.py for tasks to queue
[2023-08-28 20:35:19,873] {logging_mixin.py:115} INFO - [2023-08-28 20:35:19,873] {dagbag.py:507} INFO - Filling up the DagBag from /home/felipe/airflow/venv/lib/python3.9/site-packages/airflow/example_dags/plugins/workday.py
[2023-08-28 20:35:19,887] {processor.py:653} WARNING - No viable dags retrieved from /home/felipe/airflow/venv/lib/python3.9/site-packages/airflow/example_dags/plugins/workday.py
[2023-08-28 20:35:19,934] {processor.py:161} INFO - Processing /home/felipe/airflow/venv/lib/python3.9/site-packages/airflow/example_dags/plugins/workday.py took 0.087 seconds
[2023-08-28 20:35:54,229] {processor.py:153} INFO - Started process (PID=3434) to work on /home/felipe/airflow/venv/lib/python3.9/site-packages/airflow/example_dags/plugins/workday.py
[2023-08-28 20:35:54,230] {processor.py:641} INFO - Processing file /home/felipe/airflow/venv/lib/python3.9/site-packages/airflow/example_dags/plugins/workday.py for tasks to queue
[2023-08-28 20:35:54,232] {logging_mixin.py:115} INFO - [2023-08-28 20:35:54,231] {dagbag.py:507} INFO - Filling up the DagBag from /home/felipe/airflow/venv/lib/python3.9/site-packages/airflow/example_dags/plugins/workday.py
[2023-08-28 20:35:54,240] {processor.py:653} WARNING - No viable dags retrieved from /home/felipe/airflow/venv/lib/python3.9/site-packages/airflow/example_dags/plugins/workday.py
[2023-08-28 20:35:54,278] {processor.py:161} INFO - Processing /home/felipe/airflow/venv/lib/python3.9/site-packages/airflow/example_dags/plugins/workday.py took 0.058 seconds
[2023-08-28 20:36:27,480] {processor.py:153} INFO - Started process (PID=3562) to work on /home/felipe/airflow/venv/lib/python3.9/site-packages/airflow/example_dags/plugins/workday.py
[2023-08-28 20:36:27,483] {processor.py:641} INFO - Processing file /home/felipe/airflow/venv/lib/python3.9/site-packages/airflow/example_dags/plugins/workday.py for tasks to queue
[2023-08-28 20:36:27,485] {logging_mixin.py:115} INFO - [2023-08-28 20:36:27,485] {dagbag.py:507} INFO - Filling up the DagBag from /home/felipe/airflow/venv/lib/python3.9/site-packages/airflow/example_dags/plugins/workday.py
[2023-08-28 20:36:27,502] {processor.py:653} WARNING - No viable dags retrieved from /home/felipe/airflow/venv/lib/python3.9/site-packages/airflow/example_dags/plugins/workday.py
[2023-08-28 20:36:27,599] {processor.py:161} INFO - Processing /home/felipe/airflow/venv/lib/python3.9/site-packages/airflow/example_dags/plugins/workday.py took 0.139 seconds
[2023-08-28 20:37:02,727] {processor.py:153} INFO - Started process (PID=3693) to work on /home/felipe/airflow/venv/lib/python3.9/site-packages/airflow/example_dags/plugins/workday.py
[2023-08-28 20:37:02,728] {processor.py:641} INFO - Processing file /home/felipe/airflow/venv/lib/python3.9/site-packages/airflow/example_dags/plugins/workday.py for tasks to queue
[2023-08-28 20:37:02,730] {logging_mixin.py:115} INFO - [2023-08-28 20:37:02,730] {dagbag.py:507} INFO - Filling up the DagBag from /home/felipe/airflow/venv/lib/python3.9/site-packages/airflow/example_dags/plugins/workday.py
[2023-08-28 20:37:02,741] {processor.py:653} WARNING - No viable dags retrieved from /home/felipe/airflow/venv/lib/python3.9/site-packages/airflow/example_dags/plugins/workday.py
[2023-08-28 20:37:02,791] {processor.py:161} INFO - Processing /home/felipe/airflow/venv/lib/python3.9/site-packages/airflow/example_dags/plugins/workday.py took 0.078 seconds
[2023-08-28 20:37:37,954] {processor.py:153} INFO - Started process (PID=3775) to work on /home/felipe/airflow/venv/lib/python3.9/site-packages/airflow/example_dags/plugins/workday.py
[2023-08-28 20:37:37,957] {processor.py:641} INFO - Processing file /home/felipe/airflow/venv/lib/python3.9/site-packages/airflow/example_dags/plugins/workday.py for tasks to queue
[2023-08-28 20:37:37,958] {logging_mixin.py:115} INFO - [2023-08-28 20:37:37,958] {dagbag.py:507} INFO - Filling up the DagBag from /home/felipe/airflow/venv/lib/python3.9/site-packages/airflow/example_dags/plugins/workday.py
[2023-08-28 20:37:37,966] {processor.py:653} WARNING - No viable dags retrieved from /home/felipe/airflow/venv/lib/python3.9/site-packages/airflow/example_dags/plugins/workday.py
[2023-08-28 20:37:38,013] {processor.py:161} INFO - Processing /home/felipe/airflow/venv/lib/python3.9/site-packages/airflow/example_dags/plugins/workday.py took 0.069 seconds
[2023-08-28 20:38:18,243] {processor.py:153} INFO - Started process (PID=3907) to work on /home/felipe/airflow/venv/lib/python3.9/site-packages/airflow/example_dags/plugins/workday.py
[2023-08-28 20:38:18,247] {processor.py:641} INFO - Processing file /home/felipe/airflow/venv/lib/python3.9/site-packages/airflow/example_dags/plugins/workday.py for tasks to queue
[2023-08-28 20:38:18,248] {logging_mixin.py:115} INFO - [2023-08-28 20:38:18,248] {dagbag.py:507} INFO - Filling up the DagBag from /home/felipe/airflow/venv/lib/python3.9/site-packages/airflow/example_dags/plugins/workday.py
[2023-08-28 20:38:18,255] {processor.py:653} WARNING - No viable dags retrieved from /home/felipe/airflow/venv/lib/python3.9/site-packages/airflow/example_dags/plugins/workday.py
[2023-08-28 20:38:18,302] {processor.py:161} INFO - Processing /home/felipe/airflow/venv/lib/python3.9/site-packages/airflow/example_dags/plugins/workday.py took 0.071 seconds
[2023-08-28 20:38:55,182] {processor.py:153} INFO - Started process (PID=4042) to work on /home/felipe/airflow/venv/lib/python3.9/site-packages/airflow/example_dags/plugins/workday.py
[2023-08-28 20:38:55,184] {processor.py:641} INFO - Processing file /home/felipe/airflow/venv/lib/python3.9/site-packages/airflow/example_dags/plugins/workday.py for tasks to queue
[2023-08-28 20:38:55,186] {logging_mixin.py:115} INFO - [2023-08-28 20:38:55,186] {dagbag.py:507} INFO - Filling up the DagBag from /home/felipe/airflow/venv/lib/python3.9/site-packages/airflow/example_dags/plugins/workday.py
[2023-08-28 20:38:55,195] {processor.py:653} WARNING - No viable dags retrieved from /home/felipe/airflow/venv/lib/python3.9/site-packages/airflow/example_dags/plugins/workday.py
[2023-08-28 20:38:55,248] {processor.py:161} INFO - Processing /home/felipe/airflow/venv/lib/python3.9/site-packages/airflow/example_dags/plugins/workday.py took 0.079 seconds
[2023-08-28 20:39:28,877] {processor.py:153} INFO - Started process (PID=4122) to work on /home/felipe/airflow/venv/lib/python3.9/site-packages/airflow/example_dags/plugins/workday.py
[2023-08-28 20:39:28,878] {processor.py:641} INFO - Processing file /home/felipe/airflow/venv/lib/python3.9/site-packages/airflow/example_dags/plugins/workday.py for tasks to queue
[2023-08-28 20:39:28,880] {logging_mixin.py:115} INFO - [2023-08-28 20:39:28,879] {dagbag.py:507} INFO - Filling up the DagBag from /home/felipe/airflow/venv/lib/python3.9/site-packages/airflow/example_dags/plugins/workday.py
[2023-08-28 20:39:28,887] {processor.py:653} WARNING - No viable dags retrieved from /home/felipe/airflow/venv/lib/python3.9/site-packages/airflow/example_dags/plugins/workday.py
[2023-08-28 20:39:28,945] {processor.py:161} INFO - Processing /home/felipe/airflow/venv/lib/python3.9/site-packages/airflow/example_dags/plugins/workday.py took 0.080 seconds
[2023-08-28 20:42:24,989] {processor.py:153} INFO - Started process (PID=5905) to work on /home/felipe/airflow/venv/lib/python3.9/site-packages/airflow/example_dags/plugins/workday.py
[2023-08-28 20:42:24,991] {processor.py:641} INFO - Processing file /home/felipe/airflow/venv/lib/python3.9/site-packages/airflow/example_dags/plugins/workday.py for tasks to queue
[2023-08-28 20:42:24,992] {logging_mixin.py:115} INFO - [2023-08-28 20:42:24,992] {dagbag.py:507} INFO - Filling up the DagBag from /home/felipe/airflow/venv/lib/python3.9/site-packages/airflow/example_dags/plugins/workday.py
[2023-08-28 20:42:25,008] {processor.py:653} WARNING - No viable dags retrieved from /home/felipe/airflow/venv/lib/python3.9/site-packages/airflow/example_dags/plugins/workday.py
[2023-08-28 20:42:25,066] {processor.py:161} INFO - Processing /home/felipe/airflow/venv/lib/python3.9/site-packages/airflow/example_dags/plugins/workday.py took 0.096 seconds
[2023-08-28 20:43:21,303] {processor.py:153} INFO - Started process (PID=6153) to work on /home/felipe/airflow/venv/lib/python3.9/site-packages/airflow/example_dags/plugins/workday.py
[2023-08-28 20:43:21,305] {processor.py:641} INFO - Processing file /home/felipe/airflow/venv/lib/python3.9/site-packages/airflow/example_dags/plugins/workday.py for tasks to queue
[2023-08-28 20:43:21,306] {logging_mixin.py:115} INFO - [2023-08-28 20:43:21,306] {dagbag.py:507} INFO - Filling up the DagBag from /home/felipe/airflow/venv/lib/python3.9/site-packages/airflow/example_dags/plugins/workday.py
[2023-08-28 20:43:21,319] {processor.py:653} WARNING - No viable dags retrieved from /home/felipe/airflow/venv/lib/python3.9/site-packages/airflow/example_dags/plugins/workday.py
[2023-08-28 20:43:21,375] {processor.py:161} INFO - Processing /home/felipe/airflow/venv/lib/python3.9/site-packages/airflow/example_dags/plugins/workday.py took 0.091 seconds
