[2023-08-28 19:04:28,050] {processor.py:153} INFO - Started process (PID=8115) to work on /home/felipe/airflow/venv/lib/python3.9/site-packages/airflow/example_dags/example_short_circuit_operator.py
[2023-08-28 19:04:28,052] {processor.py:641} INFO - Processing file /home/felipe/airflow/venv/lib/python3.9/site-packages/airflow/example_dags/example_short_circuit_operator.py for tasks to queue
[2023-08-28 19:04:28,054] {logging_mixin.py:115} INFO - [2023-08-28 19:04:28,054] {dagbag.py:507} INFO - Filling up the DagBag from /home/felipe/airflow/venv/lib/python3.9/site-packages/airflow/example_dags/example_short_circuit_operator.py
[2023-08-28 19:04:28,101] {processor.py:651} INFO - DAG(s) dict_keys(['example_short_circuit_operator']) retrieved from /home/felipe/airflow/venv/lib/python3.9/site-packages/airflow/example_dags/example_short_circuit_operator.py
[2023-08-28 19:04:28,400] {logging_mixin.py:115} INFO - [2023-08-28 19:04:28,400] {manager.py:508} INFO - Created Permission View: can delete on DAG:example_short_circuit_operator
[2023-08-28 19:04:28,433] {logging_mixin.py:115} INFO - [2023-08-28 19:04:28,432] {manager.py:508} INFO - Created Permission View: can read on DAG:example_short_circuit_operator
[2023-08-28 19:04:28,465] {logging_mixin.py:115} INFO - [2023-08-28 19:04:28,465] {manager.py:508} INFO - Created Permission View: can edit on DAG:example_short_circuit_operator
[2023-08-28 19:04:28,466] {logging_mixin.py:115} INFO - [2023-08-28 19:04:28,466] {dag.py:2379} INFO - Sync 1 DAGs
[2023-08-28 19:04:28,559] {logging_mixin.py:115} INFO - [2023-08-28 19:04:28,558] {dag.py:2398} INFO - Creating ORM DAG for example_short_circuit_operator
[2023-08-28 19:04:28,611] {logging_mixin.py:115} INFO - [2023-08-28 19:04:28,611] {dag.py:2927} INFO - Setting next_dagrun for example_short_circuit_operator to 2023-08-27T22:04:28.609993+00:00, run_after=2023-08-28T22:04:28.609993+00:00
[2023-08-28 19:04:28,691] {processor.py:161} INFO - Processing /home/felipe/airflow/venv/lib/python3.9/site-packages/airflow/example_dags/example_short_circuit_operator.py took 0.662 seconds
[2023-08-28 19:05:53,923] {processor.py:153} INFO - Started process (PID=8814) to work on /home/felipe/airflow/venv/lib/python3.9/site-packages/airflow/example_dags/example_short_circuit_operator.py
[2023-08-28 19:05:53,931] {processor.py:641} INFO - Processing file /home/felipe/airflow/venv/lib/python3.9/site-packages/airflow/example_dags/example_short_circuit_operator.py for tasks to queue
[2023-08-28 19:05:53,934] {logging_mixin.py:115} INFO - [2023-08-28 19:05:53,934] {dagbag.py:507} INFO - Filling up the DagBag from /home/felipe/airflow/venv/lib/python3.9/site-packages/airflow/example_dags/example_short_circuit_operator.py
[2023-08-28 19:05:54,034] {processor.py:651} INFO - DAG(s) dict_keys(['example_short_circuit_operator']) retrieved from /home/felipe/airflow/venv/lib/python3.9/site-packages/airflow/example_dags/example_short_circuit_operator.py
[2023-08-28 19:05:54,168] {logging_mixin.py:115} INFO - [2023-08-28 19:05:54,168] {dag.py:2379} INFO - Sync 1 DAGs
[2023-08-28 19:05:54,262] {logging_mixin.py:115} INFO - [2023-08-28 19:05:54,257] {dag.py:2927} INFO - Setting next_dagrun for example_short_circuit_operator to 2023-08-27T22:05:54.256452+00:00, run_after=2023-08-28T22:05:54.256452+00:00
[2023-08-28 19:05:54,316] {processor.py:161} INFO - Processing /home/felipe/airflow/venv/lib/python3.9/site-packages/airflow/example_dags/example_short_circuit_operator.py took 0.413 seconds
[2023-08-28 19:08:04,132] {processor.py:153} INFO - Started process (PID=9956) to work on /home/felipe/airflow/venv/lib/python3.9/site-packages/airflow/example_dags/example_short_circuit_operator.py
[2023-08-28 19:08:04,135] {processor.py:641} INFO - Processing file /home/felipe/airflow/venv/lib/python3.9/site-packages/airflow/example_dags/example_short_circuit_operator.py for tasks to queue
[2023-08-28 19:08:04,137] {logging_mixin.py:115} INFO - [2023-08-28 19:08:04,136] {dagbag.py:507} INFO - Filling up the DagBag from /home/felipe/airflow/venv/lib/python3.9/site-packages/airflow/example_dags/example_short_circuit_operator.py
[2023-08-28 19:08:04,244] {processor.py:651} INFO - DAG(s) dict_keys(['example_short_circuit_operator']) retrieved from /home/felipe/airflow/venv/lib/python3.9/site-packages/airflow/example_dags/example_short_circuit_operator.py
[2023-08-28 19:08:04,433] {logging_mixin.py:115} INFO - [2023-08-28 19:08:04,433] {dag.py:2379} INFO - Sync 1 DAGs
[2023-08-28 19:08:04,821] {logging_mixin.py:115} INFO - [2023-08-28 19:08:04,821] {dag.py:2927} INFO - Setting next_dagrun for example_short_circuit_operator to 2023-08-27T22:08:04.819674+00:00, run_after=2023-08-28T22:08:04.819674+00:00
[2023-08-28 19:08:05,138] {processor.py:161} INFO - Processing /home/felipe/airflow/venv/lib/python3.9/site-packages/airflow/example_dags/example_short_circuit_operator.py took 1.038 seconds
[2023-08-28 19:09:17,726] {processor.py:153} INFO - Started process (PID=10562) to work on /home/felipe/airflow/venv/lib/python3.9/site-packages/airflow/example_dags/example_short_circuit_operator.py
[2023-08-28 19:09:17,728] {processor.py:641} INFO - Processing file /home/felipe/airflow/venv/lib/python3.9/site-packages/airflow/example_dags/example_short_circuit_operator.py for tasks to queue
[2023-08-28 19:09:17,729] {logging_mixin.py:115} INFO - [2023-08-28 19:09:17,729] {dagbag.py:507} INFO - Filling up the DagBag from /home/felipe/airflow/venv/lib/python3.9/site-packages/airflow/example_dags/example_short_circuit_operator.py
[2023-08-28 19:09:17,769] {processor.py:651} INFO - DAG(s) dict_keys(['example_short_circuit_operator']) retrieved from /home/felipe/airflow/venv/lib/python3.9/site-packages/airflow/example_dags/example_short_circuit_operator.py
[2023-08-28 19:09:17,845] {logging_mixin.py:115} INFO - [2023-08-28 19:09:17,844] {dag.py:2379} INFO - Sync 1 DAGs
[2023-08-28 19:09:17,912] {logging_mixin.py:115} INFO - [2023-08-28 19:09:17,912] {dag.py:2927} INFO - Setting next_dagrun for example_short_circuit_operator to 2023-08-27T22:09:17.911683+00:00, run_after=2023-08-28T22:09:17.911683+00:00
[2023-08-28 19:09:17,978] {processor.py:161} INFO - Processing /home/felipe/airflow/venv/lib/python3.9/site-packages/airflow/example_dags/example_short_circuit_operator.py took 0.268 seconds
[2023-08-28 19:10:13,056] {processor.py:153} INFO - Started process (PID=10907) to work on /home/felipe/airflow/venv/lib/python3.9/site-packages/airflow/example_dags/example_short_circuit_operator.py
[2023-08-28 19:10:13,058] {processor.py:641} INFO - Processing file /home/felipe/airflow/venv/lib/python3.9/site-packages/airflow/example_dags/example_short_circuit_operator.py for tasks to queue
[2023-08-28 19:10:13,060] {logging_mixin.py:115} INFO - [2023-08-28 19:10:13,059] {dagbag.py:507} INFO - Filling up the DagBag from /home/felipe/airflow/venv/lib/python3.9/site-packages/airflow/example_dags/example_short_circuit_operator.py
[2023-08-28 19:10:13,096] {processor.py:651} INFO - DAG(s) dict_keys(['example_short_circuit_operator']) retrieved from /home/felipe/airflow/venv/lib/python3.9/site-packages/airflow/example_dags/example_short_circuit_operator.py
[2023-08-28 19:10:13,159] {logging_mixin.py:115} INFO - [2023-08-28 19:10:13,159] {dag.py:2379} INFO - Sync 1 DAGs
[2023-08-28 19:10:13,199] {logging_mixin.py:115} INFO - [2023-08-28 19:10:13,198] {dag.py:2927} INFO - Setting next_dagrun for example_short_circuit_operator to 2023-08-27T22:10:13.198262+00:00, run_after=2023-08-28T22:10:13.198262+00:00
[2023-08-28 19:10:13,242] {processor.py:161} INFO - Processing /home/felipe/airflow/venv/lib/python3.9/site-packages/airflow/example_dags/example_short_circuit_operator.py took 0.197 seconds
[2023-08-28 19:11:09,156] {processor.py:153} INFO - Started process (PID=11052) to work on /home/felipe/airflow/venv/lib/python3.9/site-packages/airflow/example_dags/example_short_circuit_operator.py
[2023-08-28 19:11:09,166] {processor.py:641} INFO - Processing file /home/felipe/airflow/venv/lib/python3.9/site-packages/airflow/example_dags/example_short_circuit_operator.py for tasks to queue
[2023-08-28 19:11:09,168] {logging_mixin.py:115} INFO - [2023-08-28 19:11:09,168] {dagbag.py:507} INFO - Filling up the DagBag from /home/felipe/airflow/venv/lib/python3.9/site-packages/airflow/example_dags/example_short_circuit_operator.py
[2023-08-28 19:11:09,246] {processor.py:651} INFO - DAG(s) dict_keys(['example_short_circuit_operator']) retrieved from /home/felipe/airflow/venv/lib/python3.9/site-packages/airflow/example_dags/example_short_circuit_operator.py
[2023-08-28 19:11:09,348] {logging_mixin.py:115} INFO - [2023-08-28 19:11:09,348] {dag.py:2379} INFO - Sync 1 DAGs
[2023-08-28 19:11:09,411] {logging_mixin.py:115} INFO - [2023-08-28 19:11:09,411] {dag.py:2927} INFO - Setting next_dagrun for example_short_circuit_operator to 2023-08-27T22:11:09.406398+00:00, run_after=2023-08-28T22:11:09.406398+00:00
[2023-08-28 19:11:09,471] {processor.py:161} INFO - Processing /home/felipe/airflow/venv/lib/python3.9/site-packages/airflow/example_dags/example_short_circuit_operator.py took 0.349 seconds
[2023-08-28 19:11:49,428] {processor.py:153} INFO - Started process (PID=11185) to work on /home/felipe/airflow/venv/lib/python3.9/site-packages/airflow/example_dags/example_short_circuit_operator.py
[2023-08-28 19:11:49,433] {processor.py:641} INFO - Processing file /home/felipe/airflow/venv/lib/python3.9/site-packages/airflow/example_dags/example_short_circuit_operator.py for tasks to queue
[2023-08-28 19:11:49,436] {logging_mixin.py:115} INFO - [2023-08-28 19:11:49,436] {dagbag.py:507} INFO - Filling up the DagBag from /home/felipe/airflow/venv/lib/python3.9/site-packages/airflow/example_dags/example_short_circuit_operator.py
[2023-08-28 19:11:49,484] {processor.py:651} INFO - DAG(s) dict_keys(['example_short_circuit_operator']) retrieved from /home/felipe/airflow/venv/lib/python3.9/site-packages/airflow/example_dags/example_short_circuit_operator.py
[2023-08-28 19:11:49,562] {logging_mixin.py:115} INFO - [2023-08-28 19:11:49,562] {dag.py:2379} INFO - Sync 1 DAGs
[2023-08-28 19:11:49,624] {logging_mixin.py:115} INFO - [2023-08-28 19:11:49,624] {dag.py:2927} INFO - Setting next_dagrun for example_short_circuit_operator to 2023-08-27T22:11:49.623680+00:00, run_after=2023-08-28T22:11:49.623680+00:00
[2023-08-28 19:11:49,697] {processor.py:161} INFO - Processing /home/felipe/airflow/venv/lib/python3.9/site-packages/airflow/example_dags/example_short_circuit_operator.py took 0.284 seconds
[2023-08-28 19:13:12,800] {processor.py:153} INFO - Started process (PID=11644) to work on /home/felipe/airflow/venv/lib/python3.9/site-packages/airflow/example_dags/example_short_circuit_operator.py
[2023-08-28 19:13:12,830] {processor.py:641} INFO - Processing file /home/felipe/airflow/venv/lib/python3.9/site-packages/airflow/example_dags/example_short_circuit_operator.py for tasks to queue
[2023-08-28 19:13:12,838] {logging_mixin.py:115} INFO - [2023-08-28 19:13:12,836] {dagbag.py:507} INFO - Filling up the DagBag from /home/felipe/airflow/venv/lib/python3.9/site-packages/airflow/example_dags/example_short_circuit_operator.py
[2023-08-28 19:13:12,956] {processor.py:651} INFO - DAG(s) dict_keys(['example_short_circuit_operator']) retrieved from /home/felipe/airflow/venv/lib/python3.9/site-packages/airflow/example_dags/example_short_circuit_operator.py
[2023-08-28 19:13:13,272] {logging_mixin.py:115} INFO - [2023-08-28 19:13:13,272] {dag.py:2379} INFO - Sync 1 DAGs
[2023-08-28 19:13:13,551] {logging_mixin.py:115} INFO - [2023-08-28 19:13:13,551] {dag.py:2927} INFO - Setting next_dagrun for example_short_circuit_operator to 2023-08-27T22:13:13.531769+00:00, run_after=2023-08-28T22:13:13.531769+00:00
[2023-08-28 19:13:13,655] {processor.py:161} INFO - Processing /home/felipe/airflow/venv/lib/python3.9/site-packages/airflow/example_dags/example_short_circuit_operator.py took 0.934 seconds
[2023-08-28 19:14:17,651] {processor.py:153} INFO - Started process (PID=12016) to work on /home/felipe/airflow/venv/lib/python3.9/site-packages/airflow/example_dags/example_short_circuit_operator.py
[2023-08-28 19:14:17,662] {processor.py:641} INFO - Processing file /home/felipe/airflow/venv/lib/python3.9/site-packages/airflow/example_dags/example_short_circuit_operator.py for tasks to queue
[2023-08-28 19:14:17,668] {logging_mixin.py:115} INFO - [2023-08-28 19:14:17,668] {dagbag.py:507} INFO - Filling up the DagBag from /home/felipe/airflow/venv/lib/python3.9/site-packages/airflow/example_dags/example_short_circuit_operator.py
[2023-08-28 19:14:17,794] {processor.py:651} INFO - DAG(s) dict_keys(['example_short_circuit_operator']) retrieved from /home/felipe/airflow/venv/lib/python3.9/site-packages/airflow/example_dags/example_short_circuit_operator.py
[2023-08-28 19:14:18,153] {logging_mixin.py:115} INFO - [2023-08-28 19:14:18,153] {dag.py:2379} INFO - Sync 1 DAGs
[2023-08-28 19:14:18,384] {logging_mixin.py:115} INFO - [2023-08-28 19:14:18,384] {dag.py:2927} INFO - Setting next_dagrun for example_short_circuit_operator to 2023-08-27T22:14:18.382904+00:00, run_after=2023-08-28T22:14:18.382904+00:00
[2023-08-28 19:14:18,555] {processor.py:161} INFO - Processing /home/felipe/airflow/venv/lib/python3.9/site-packages/airflow/example_dags/example_short_circuit_operator.py took 0.952 seconds
[2023-08-28 19:15:56,507] {processor.py:153} INFO - Started process (PID=12509) to work on /home/felipe/airflow/venv/lib/python3.9/site-packages/airflow/example_dags/example_short_circuit_operator.py
[2023-08-28 19:15:56,510] {processor.py:641} INFO - Processing file /home/felipe/airflow/venv/lib/python3.9/site-packages/airflow/example_dags/example_short_circuit_operator.py for tasks to queue
[2023-08-28 19:15:56,515] {logging_mixin.py:115} INFO - [2023-08-28 19:15:56,513] {dagbag.py:507} INFO - Filling up the DagBag from /home/felipe/airflow/venv/lib/python3.9/site-packages/airflow/example_dags/example_short_circuit_operator.py
[2023-08-28 19:15:56,584] {processor.py:651} INFO - DAG(s) dict_keys(['example_short_circuit_operator']) retrieved from /home/felipe/airflow/venv/lib/python3.9/site-packages/airflow/example_dags/example_short_circuit_operator.py
[2023-08-28 19:15:56,722] {logging_mixin.py:115} INFO - [2023-08-28 19:15:56,721] {dag.py:2379} INFO - Sync 1 DAGs
[2023-08-28 19:15:56,817] {logging_mixin.py:115} INFO - [2023-08-28 19:15:56,817] {dag.py:2927} INFO - Setting next_dagrun for example_short_circuit_operator to 2023-08-27T22:15:56.813049+00:00, run_after=2023-08-28T22:15:56.813049+00:00
[2023-08-28 19:15:56,876] {processor.py:161} INFO - Processing /home/felipe/airflow/venv/lib/python3.9/site-packages/airflow/example_dags/example_short_circuit_operator.py took 0.392 seconds
[2023-08-28 19:17:01,104] {processor.py:153} INFO - Started process (PID=12680) to work on /home/felipe/airflow/venv/lib/python3.9/site-packages/airflow/example_dags/example_short_circuit_operator.py
[2023-08-28 19:17:01,107] {processor.py:641} INFO - Processing file /home/felipe/airflow/venv/lib/python3.9/site-packages/airflow/example_dags/example_short_circuit_operator.py for tasks to queue
[2023-08-28 19:17:01,110] {logging_mixin.py:115} INFO - [2023-08-28 19:17:01,109] {dagbag.py:507} INFO - Filling up the DagBag from /home/felipe/airflow/venv/lib/python3.9/site-packages/airflow/example_dags/example_short_circuit_operator.py
[2023-08-28 19:17:01,260] {processor.py:651} INFO - DAG(s) dict_keys(['example_short_circuit_operator']) retrieved from /home/felipe/airflow/venv/lib/python3.9/site-packages/airflow/example_dags/example_short_circuit_operator.py
[2023-08-28 19:17:01,524] {logging_mixin.py:115} INFO - [2023-08-28 19:17:01,524] {dag.py:2379} INFO - Sync 1 DAGs
[2023-08-28 19:17:01,755] {logging_mixin.py:115} INFO - [2023-08-28 19:17:01,754] {dag.py:2927} INFO - Setting next_dagrun for example_short_circuit_operator to 2023-08-27T22:17:01.744999+00:00, run_after=2023-08-28T22:17:01.744999+00:00
[2023-08-28 19:17:01,861] {processor.py:161} INFO - Processing /home/felipe/airflow/venv/lib/python3.9/site-packages/airflow/example_dags/example_short_circuit_operator.py took 0.801 seconds
[2023-08-28 19:20:04,713] {processor.py:153} INFO - Started process (PID=13489) to work on /home/felipe/airflow/venv/lib/python3.9/site-packages/airflow/example_dags/example_short_circuit_operator.py
[2023-08-28 19:20:04,716] {processor.py:641} INFO - Processing file /home/felipe/airflow/venv/lib/python3.9/site-packages/airflow/example_dags/example_short_circuit_operator.py for tasks to queue
[2023-08-28 19:20:04,718] {logging_mixin.py:115} INFO - [2023-08-28 19:20:04,718] {dagbag.py:507} INFO - Filling up the DagBag from /home/felipe/airflow/venv/lib/python3.9/site-packages/airflow/example_dags/example_short_circuit_operator.py
[2023-08-28 19:20:04,767] {processor.py:651} INFO - DAG(s) dict_keys(['example_short_circuit_operator']) retrieved from /home/felipe/airflow/venv/lib/python3.9/site-packages/airflow/example_dags/example_short_circuit_operator.py
[2023-08-28 19:20:04,872] {logging_mixin.py:115} INFO - [2023-08-28 19:20:04,871] {dag.py:2379} INFO - Sync 1 DAGs
[2023-08-28 19:20:04,985] {logging_mixin.py:115} INFO - [2023-08-28 19:20:04,984] {dag.py:2927} INFO - Setting next_dagrun for example_short_circuit_operator to 2023-08-27T22:20:04.982923+00:00, run_after=2023-08-28T22:20:04.982923+00:00
[2023-08-28 19:20:05,041] {processor.py:161} INFO - Processing /home/felipe/airflow/venv/lib/python3.9/site-packages/airflow/example_dags/example_short_circuit_operator.py took 0.342 seconds
[2023-08-28 19:21:36,470] {processor.py:153} INFO - Started process (PID=14387) to work on /home/felipe/airflow/venv/lib/python3.9/site-packages/airflow/example_dags/example_short_circuit_operator.py
[2023-08-28 19:21:36,474] {processor.py:641} INFO - Processing file /home/felipe/airflow/venv/lib/python3.9/site-packages/airflow/example_dags/example_short_circuit_operator.py for tasks to queue
[2023-08-28 19:21:36,475] {logging_mixin.py:115} INFO - [2023-08-28 19:21:36,475] {dagbag.py:507} INFO - Filling up the DagBag from /home/felipe/airflow/venv/lib/python3.9/site-packages/airflow/example_dags/example_short_circuit_operator.py
[2023-08-28 19:21:36,505] {processor.py:651} INFO - DAG(s) dict_keys(['example_short_circuit_operator']) retrieved from /home/felipe/airflow/venv/lib/python3.9/site-packages/airflow/example_dags/example_short_circuit_operator.py
[2023-08-28 19:21:36,556] {logging_mixin.py:115} INFO - [2023-08-28 19:21:36,555] {dag.py:2379} INFO - Sync 1 DAGs
[2023-08-28 19:21:36,613] {logging_mixin.py:115} INFO - [2023-08-28 19:21:36,612] {dag.py:2927} INFO - Setting next_dagrun for example_short_circuit_operator to 2023-08-27T22:21:36.612099+00:00, run_after=2023-08-28T22:21:36.612099+00:00
[2023-08-28 19:21:36,646] {processor.py:161} INFO - Processing /home/felipe/airflow/venv/lib/python3.9/site-packages/airflow/example_dags/example_short_circuit_operator.py took 0.185 seconds
[2023-08-28 19:22:59,066] {processor.py:153} INFO - Started process (PID=14916) to work on /home/felipe/airflow/venv/lib/python3.9/site-packages/airflow/example_dags/example_short_circuit_operator.py
[2023-08-28 19:22:59,073] {processor.py:641} INFO - Processing file /home/felipe/airflow/venv/lib/python3.9/site-packages/airflow/example_dags/example_short_circuit_operator.py for tasks to queue
[2023-08-28 19:22:59,075] {logging_mixin.py:115} INFO - [2023-08-28 19:22:59,075] {dagbag.py:507} INFO - Filling up the DagBag from /home/felipe/airflow/venv/lib/python3.9/site-packages/airflow/example_dags/example_short_circuit_operator.py
[2023-08-28 19:22:59,144] {processor.py:651} INFO - DAG(s) dict_keys(['example_short_circuit_operator']) retrieved from /home/felipe/airflow/venv/lib/python3.9/site-packages/airflow/example_dags/example_short_circuit_operator.py
[2023-08-28 19:22:59,260] {logging_mixin.py:115} INFO - [2023-08-28 19:22:59,259] {dag.py:2379} INFO - Sync 1 DAGs
[2023-08-28 19:22:59,347] {logging_mixin.py:115} INFO - [2023-08-28 19:22:59,346] {dag.py:2927} INFO - Setting next_dagrun for example_short_circuit_operator to 2023-08-27T22:22:59.346124+00:00, run_after=2023-08-28T22:22:59.346124+00:00
[2023-08-28 19:22:59,405] {processor.py:161} INFO - Processing /home/felipe/airflow/venv/lib/python3.9/site-packages/airflow/example_dags/example_short_circuit_operator.py took 0.359 seconds
[2023-08-28 19:24:08,397] {processor.py:153} INFO - Started process (PID=15350) to work on /home/felipe/airflow/venv/lib/python3.9/site-packages/airflow/example_dags/example_short_circuit_operator.py
[2023-08-28 19:24:08,409] {processor.py:641} INFO - Processing file /home/felipe/airflow/venv/lib/python3.9/site-packages/airflow/example_dags/example_short_circuit_operator.py for tasks to queue
[2023-08-28 19:24:08,411] {logging_mixin.py:115} INFO - [2023-08-28 19:24:08,411] {dagbag.py:507} INFO - Filling up the DagBag from /home/felipe/airflow/venv/lib/python3.9/site-packages/airflow/example_dags/example_short_circuit_operator.py
[2023-08-28 19:24:08,609] {processor.py:651} INFO - DAG(s) dict_keys(['example_short_circuit_operator']) retrieved from /home/felipe/airflow/venv/lib/python3.9/site-packages/airflow/example_dags/example_short_circuit_operator.py
[2023-08-28 19:24:08,790] {logging_mixin.py:115} INFO - [2023-08-28 19:24:08,789] {dag.py:2379} INFO - Sync 1 DAGs
[2023-08-28 19:24:08,907] {logging_mixin.py:115} INFO - [2023-08-28 19:24:08,907] {dag.py:2927} INFO - Setting next_dagrun for example_short_circuit_operator to 2023-08-27T22:24:08.905980+00:00, run_after=2023-08-28T22:24:08.905980+00:00
[2023-08-28 19:24:09,006] {processor.py:161} INFO - Processing /home/felipe/airflow/venv/lib/python3.9/site-packages/airflow/example_dags/example_short_circuit_operator.py took 0.643 seconds
[2023-08-28 19:25:16,709] {processor.py:153} INFO - Started process (PID=15701) to work on /home/felipe/airflow/venv/lib/python3.9/site-packages/airflow/example_dags/example_short_circuit_operator.py
[2023-08-28 19:25:16,724] {processor.py:641} INFO - Processing file /home/felipe/airflow/venv/lib/python3.9/site-packages/airflow/example_dags/example_short_circuit_operator.py for tasks to queue
[2023-08-28 19:25:16,741] {logging_mixin.py:115} INFO - [2023-08-28 19:25:16,738] {dagbag.py:507} INFO - Filling up the DagBag from /home/felipe/airflow/venv/lib/python3.9/site-packages/airflow/example_dags/example_short_circuit_operator.py
[2023-08-28 19:25:16,987] {processor.py:651} INFO - DAG(s) dict_keys(['example_short_circuit_operator']) retrieved from /home/felipe/airflow/venv/lib/python3.9/site-packages/airflow/example_dags/example_short_circuit_operator.py
[2023-08-28 19:25:18,089] {logging_mixin.py:115} INFO - [2023-08-28 19:25:18,088] {dag.py:2379} INFO - Sync 1 DAGs
[2023-08-28 19:25:18,778] {logging_mixin.py:115} INFO - [2023-08-28 19:25:18,778] {dag.py:2927} INFO - Setting next_dagrun for example_short_circuit_operator to 2023-08-27T22:25:18.745885+00:00, run_after=2023-08-28T22:25:18.745885+00:00
[2023-08-28 19:25:19,275] {processor.py:161} INFO - Processing /home/felipe/airflow/venv/lib/python3.9/site-packages/airflow/example_dags/example_short_circuit_operator.py took 2.783 seconds
[2023-08-28 19:27:11,665] {processor.py:153} INFO - Started process (PID=16745) to work on /home/felipe/airflow/venv/lib/python3.9/site-packages/airflow/example_dags/example_short_circuit_operator.py
[2023-08-28 19:27:11,674] {processor.py:641} INFO - Processing file /home/felipe/airflow/venv/lib/python3.9/site-packages/airflow/example_dags/example_short_circuit_operator.py for tasks to queue
[2023-08-28 19:27:11,677] {logging_mixin.py:115} INFO - [2023-08-28 19:27:11,677] {dagbag.py:507} INFO - Filling up the DagBag from /home/felipe/airflow/venv/lib/python3.9/site-packages/airflow/example_dags/example_short_circuit_operator.py
[2023-08-28 19:27:11,746] {processor.py:651} INFO - DAG(s) dict_keys(['example_short_circuit_operator']) retrieved from /home/felipe/airflow/venv/lib/python3.9/site-packages/airflow/example_dags/example_short_circuit_operator.py
[2023-08-28 19:27:11,895] {logging_mixin.py:115} INFO - [2023-08-28 19:27:11,895] {dag.py:2379} INFO - Sync 1 DAGs
[2023-08-28 19:27:12,062] {logging_mixin.py:115} INFO - [2023-08-28 19:27:12,062] {dag.py:2927} INFO - Setting next_dagrun for example_short_circuit_operator to 2023-08-27T22:27:12.060848+00:00, run_after=2023-08-28T22:27:12.060848+00:00
[2023-08-28 19:27:12,161] {processor.py:161} INFO - Processing /home/felipe/airflow/venv/lib/python3.9/site-packages/airflow/example_dags/example_short_circuit_operator.py took 0.517 seconds
[2023-08-28 20:10:16,087] {processor.py:153} INFO - Started process (PID=25966) to work on /home/felipe/airflow/venv/lib/python3.9/site-packages/airflow/example_dags/example_short_circuit_operator.py
[2023-08-28 20:10:16,090] {processor.py:641} INFO - Processing file /home/felipe/airflow/venv/lib/python3.9/site-packages/airflow/example_dags/example_short_circuit_operator.py for tasks to queue
[2023-08-28 20:10:16,096] {logging_mixin.py:115} INFO - [2023-08-28 20:10:16,095] {dagbag.py:507} INFO - Filling up the DagBag from /home/felipe/airflow/venv/lib/python3.9/site-packages/airflow/example_dags/example_short_circuit_operator.py
[2023-08-28 20:10:16,174] {processor.py:651} INFO - DAG(s) dict_keys(['example_short_circuit_operator']) retrieved from /home/felipe/airflow/venv/lib/python3.9/site-packages/airflow/example_dags/example_short_circuit_operator.py
[2023-08-28 20:10:16,366] {logging_mixin.py:115} INFO - [2023-08-28 20:10:16,366] {dag.py:2379} INFO - Sync 1 DAGs
[2023-08-28 20:10:16,475] {logging_mixin.py:115} INFO - [2023-08-28 20:10:16,474] {dag.py:2927} INFO - Setting next_dagrun for example_short_circuit_operator to 2023-08-27T23:10:16.472001+00:00, run_after=2023-08-28T23:10:16.472001+00:00
[2023-08-28 20:10:16,548] {processor.py:161} INFO - Processing /home/felipe/airflow/venv/lib/python3.9/site-packages/airflow/example_dags/example_short_circuit_operator.py took 0.481 seconds
[2023-08-28 20:11:23,872] {processor.py:153} INFO - Started process (PID=26275) to work on /home/felipe/airflow/venv/lib/python3.9/site-packages/airflow/example_dags/example_short_circuit_operator.py
[2023-08-28 20:11:23,876] {processor.py:641} INFO - Processing file /home/felipe/airflow/venv/lib/python3.9/site-packages/airflow/example_dags/example_short_circuit_operator.py for tasks to queue
[2023-08-28 20:11:23,878] {logging_mixin.py:115} INFO - [2023-08-28 20:11:23,878] {dagbag.py:507} INFO - Filling up the DagBag from /home/felipe/airflow/venv/lib/python3.9/site-packages/airflow/example_dags/example_short_circuit_operator.py
[2023-08-28 20:11:23,964] {processor.py:651} INFO - DAG(s) dict_keys(['example_short_circuit_operator']) retrieved from /home/felipe/airflow/venv/lib/python3.9/site-packages/airflow/example_dags/example_short_circuit_operator.py
[2023-08-28 20:11:24,031] {logging_mixin.py:115} INFO - [2023-08-28 20:11:24,031] {dag.py:2379} INFO - Sync 1 DAGs
[2023-08-28 20:11:24,100] {logging_mixin.py:115} INFO - [2023-08-28 20:11:24,100] {dag.py:2927} INFO - Setting next_dagrun for example_short_circuit_operator to 2023-08-27T23:11:24.099802+00:00, run_after=2023-08-28T23:11:24.099802+00:00
[2023-08-28 20:11:24,140] {processor.py:161} INFO - Processing /home/felipe/airflow/venv/lib/python3.9/site-packages/airflow/example_dags/example_short_circuit_operator.py took 0.281 seconds
[2023-08-28 20:14:07,567] {processor.py:153} INFO - Started process (PID=27068) to work on /home/felipe/airflow/venv/lib/python3.9/site-packages/airflow/example_dags/example_short_circuit_operator.py
[2023-08-28 20:14:07,568] {processor.py:641} INFO - Processing file /home/felipe/airflow/venv/lib/python3.9/site-packages/airflow/example_dags/example_short_circuit_operator.py for tasks to queue
[2023-08-28 20:14:07,570] {logging_mixin.py:115} INFO - [2023-08-28 20:14:07,570] {dagbag.py:507} INFO - Filling up the DagBag from /home/felipe/airflow/venv/lib/python3.9/site-packages/airflow/example_dags/example_short_circuit_operator.py
[2023-08-28 20:14:07,615] {processor.py:651} INFO - DAG(s) dict_keys(['example_short_circuit_operator']) retrieved from /home/felipe/airflow/venv/lib/python3.9/site-packages/airflow/example_dags/example_short_circuit_operator.py
[2023-08-28 20:14:07,693] {logging_mixin.py:115} INFO - [2023-08-28 20:14:07,693] {dag.py:2379} INFO - Sync 1 DAGs
[2023-08-28 20:14:07,776] {logging_mixin.py:115} INFO - [2023-08-28 20:14:07,775] {dag.py:2927} INFO - Setting next_dagrun for example_short_circuit_operator to 2023-08-27T23:14:07.774922+00:00, run_after=2023-08-28T23:14:07.774922+00:00
[2023-08-28 20:14:07,829] {processor.py:161} INFO - Processing /home/felipe/airflow/venv/lib/python3.9/site-packages/airflow/example_dags/example_short_circuit_operator.py took 0.279 seconds
[2023-08-28 20:14:57,761] {processor.py:153} INFO - Started process (PID=27260) to work on /home/felipe/airflow/venv/lib/python3.9/site-packages/airflow/example_dags/example_short_circuit_operator.py
[2023-08-28 20:14:57,763] {processor.py:641} INFO - Processing file /home/felipe/airflow/venv/lib/python3.9/site-packages/airflow/example_dags/example_short_circuit_operator.py for tasks to queue
[2023-08-28 20:14:57,765] {logging_mixin.py:115} INFO - [2023-08-28 20:14:57,764] {dagbag.py:507} INFO - Filling up the DagBag from /home/felipe/airflow/venv/lib/python3.9/site-packages/airflow/example_dags/example_short_circuit_operator.py
[2023-08-28 20:14:57,802] {processor.py:651} INFO - DAG(s) dict_keys(['example_short_circuit_operator']) retrieved from /home/felipe/airflow/venv/lib/python3.9/site-packages/airflow/example_dags/example_short_circuit_operator.py
[2023-08-28 20:14:57,868] {logging_mixin.py:115} INFO - [2023-08-28 20:14:57,868] {dag.py:2379} INFO - Sync 1 DAGs
[2023-08-28 20:14:57,913] {logging_mixin.py:115} INFO - [2023-08-28 20:14:57,912] {dag.py:2927} INFO - Setting next_dagrun for example_short_circuit_operator to 2023-08-27T23:14:57.912080+00:00, run_after=2023-08-28T23:14:57.912080+00:00
[2023-08-28 20:14:57,944] {processor.py:161} INFO - Processing /home/felipe/airflow/venv/lib/python3.9/site-packages/airflow/example_dags/example_short_circuit_operator.py took 0.197 seconds
[2023-08-28 20:15:47,801] {processor.py:153} INFO - Started process (PID=27479) to work on /home/felipe/airflow/venv/lib/python3.9/site-packages/airflow/example_dags/example_short_circuit_operator.py
[2023-08-28 20:15:47,802] {processor.py:641} INFO - Processing file /home/felipe/airflow/venv/lib/python3.9/site-packages/airflow/example_dags/example_short_circuit_operator.py for tasks to queue
[2023-08-28 20:15:47,807] {logging_mixin.py:115} INFO - [2023-08-28 20:15:47,806] {dagbag.py:507} INFO - Filling up the DagBag from /home/felipe/airflow/venv/lib/python3.9/site-packages/airflow/example_dags/example_short_circuit_operator.py
[2023-08-28 20:15:47,849] {processor.py:651} INFO - DAG(s) dict_keys(['example_short_circuit_operator']) retrieved from /home/felipe/airflow/venv/lib/python3.9/site-packages/airflow/example_dags/example_short_circuit_operator.py
[2023-08-28 20:15:47,929] {logging_mixin.py:115} INFO - [2023-08-28 20:15:47,929] {dag.py:2379} INFO - Sync 1 DAGs
[2023-08-28 20:15:47,985] {logging_mixin.py:115} INFO - [2023-08-28 20:15:47,984] {dag.py:2927} INFO - Setting next_dagrun for example_short_circuit_operator to 2023-08-27T23:15:47.984068+00:00, run_after=2023-08-28T23:15:47.984068+00:00
[2023-08-28 20:15:48,027] {processor.py:161} INFO - Processing /home/felipe/airflow/venv/lib/python3.9/site-packages/airflow/example_dags/example_short_circuit_operator.py took 0.242 seconds
[2023-08-28 20:17:36,032] {processor.py:153} INFO - Started process (PID=28405) to work on /home/felipe/airflow/venv/lib/python3.9/site-packages/airflow/example_dags/example_short_circuit_operator.py
[2023-08-28 20:17:36,040] {processor.py:641} INFO - Processing file /home/felipe/airflow/venv/lib/python3.9/site-packages/airflow/example_dags/example_short_circuit_operator.py for tasks to queue
[2023-08-28 20:17:36,055] {logging_mixin.py:115} INFO - [2023-08-28 20:17:36,055] {dagbag.py:507} INFO - Filling up the DagBag from /home/felipe/airflow/venv/lib/python3.9/site-packages/airflow/example_dags/example_short_circuit_operator.py
[2023-08-28 20:17:36,144] {processor.py:651} INFO - DAG(s) dict_keys(['example_short_circuit_operator']) retrieved from /home/felipe/airflow/venv/lib/python3.9/site-packages/airflow/example_dags/example_short_circuit_operator.py
[2023-08-28 20:17:36,253] {logging_mixin.py:115} INFO - [2023-08-28 20:17:36,253] {dag.py:2379} INFO - Sync 1 DAGs
[2023-08-28 20:17:36,348] {logging_mixin.py:115} INFO - [2023-08-28 20:17:36,348] {dag.py:2927} INFO - Setting next_dagrun for example_short_circuit_operator to 2023-08-27T23:17:36.346810+00:00, run_after=2023-08-28T23:17:36.346810+00:00
[2023-08-28 20:17:36,420] {processor.py:161} INFO - Processing /home/felipe/airflow/venv/lib/python3.9/site-packages/airflow/example_dags/example_short_circuit_operator.py took 0.418 seconds
[2023-08-28 20:19:30,877] {processor.py:153} INFO - Started process (PID=29516) to work on /home/felipe/airflow/venv/lib/python3.9/site-packages/airflow/example_dags/example_short_circuit_operator.py
[2023-08-28 20:19:30,881] {processor.py:641} INFO - Processing file /home/felipe/airflow/venv/lib/python3.9/site-packages/airflow/example_dags/example_short_circuit_operator.py for tasks to queue
[2023-08-28 20:19:30,883] {logging_mixin.py:115} INFO - [2023-08-28 20:19:30,883] {dagbag.py:507} INFO - Filling up the DagBag from /home/felipe/airflow/venv/lib/python3.9/site-packages/airflow/example_dags/example_short_circuit_operator.py
[2023-08-28 20:19:30,919] {processor.py:651} INFO - DAG(s) dict_keys(['example_short_circuit_operator']) retrieved from /home/felipe/airflow/venv/lib/python3.9/site-packages/airflow/example_dags/example_short_circuit_operator.py
[2023-08-28 20:19:30,987] {logging_mixin.py:115} INFO - [2023-08-28 20:19:30,987] {dag.py:2379} INFO - Sync 1 DAGs
[2023-08-28 20:19:31,107] {logging_mixin.py:115} INFO - [2023-08-28 20:19:31,106] {dag.py:2927} INFO - Setting next_dagrun for example_short_circuit_operator to 2023-08-27T23:19:31.105740+00:00, run_after=2023-08-28T23:19:31.105740+00:00
[2023-08-28 20:19:31,157] {processor.py:161} INFO - Processing /home/felipe/airflow/venv/lib/python3.9/site-packages/airflow/example_dags/example_short_circuit_operator.py took 0.296 seconds
[2023-08-28 20:20:18,264] {processor.py:153} INFO - Started process (PID=29659) to work on /home/felipe/airflow/venv/lib/python3.9/site-packages/airflow/example_dags/example_short_circuit_operator.py
[2023-08-28 20:20:18,267] {processor.py:641} INFO - Processing file /home/felipe/airflow/venv/lib/python3.9/site-packages/airflow/example_dags/example_short_circuit_operator.py for tasks to queue
[2023-08-28 20:20:18,269] {logging_mixin.py:115} INFO - [2023-08-28 20:20:18,268] {dagbag.py:507} INFO - Filling up the DagBag from /home/felipe/airflow/venv/lib/python3.9/site-packages/airflow/example_dags/example_short_circuit_operator.py
[2023-08-28 20:20:18,302] {processor.py:651} INFO - DAG(s) dict_keys(['example_short_circuit_operator']) retrieved from /home/felipe/airflow/venv/lib/python3.9/site-packages/airflow/example_dags/example_short_circuit_operator.py
[2023-08-28 20:20:18,357] {logging_mixin.py:115} INFO - [2023-08-28 20:20:18,357] {dag.py:2379} INFO - Sync 1 DAGs
[2023-08-28 20:20:18,419] {logging_mixin.py:115} INFO - [2023-08-28 20:20:18,419] {dag.py:2927} INFO - Setting next_dagrun for example_short_circuit_operator to 2023-08-27T23:20:18.418565+00:00, run_after=2023-08-28T23:20:18.418565+00:00
[2023-08-28 20:20:18,456] {processor.py:161} INFO - Processing /home/felipe/airflow/venv/lib/python3.9/site-packages/airflow/example_dags/example_short_circuit_operator.py took 0.204 seconds
[2023-08-28 20:21:39,666] {processor.py:153} INFO - Started process (PID=30447) to work on /home/felipe/airflow/venv/lib/python3.9/site-packages/airflow/example_dags/example_short_circuit_operator.py
[2023-08-28 20:21:39,668] {processor.py:641} INFO - Processing file /home/felipe/airflow/venv/lib/python3.9/site-packages/airflow/example_dags/example_short_circuit_operator.py for tasks to queue
[2023-08-28 20:21:39,670] {logging_mixin.py:115} INFO - [2023-08-28 20:21:39,670] {dagbag.py:507} INFO - Filling up the DagBag from /home/felipe/airflow/venv/lib/python3.9/site-packages/airflow/example_dags/example_short_circuit_operator.py
[2023-08-28 20:21:39,848] {processor.py:651} INFO - DAG(s) dict_keys(['example_short_circuit_operator']) retrieved from /home/felipe/airflow/venv/lib/python3.9/site-packages/airflow/example_dags/example_short_circuit_operator.py
[2023-08-28 20:21:40,024] {logging_mixin.py:115} INFO - [2023-08-28 20:21:40,024] {dag.py:2379} INFO - Sync 1 DAGs
[2023-08-28 20:21:40,135] {logging_mixin.py:115} INFO - [2023-08-28 20:21:40,135] {dag.py:2927} INFO - Setting next_dagrun for example_short_circuit_operator to 2023-08-27T23:21:40.134374+00:00, run_after=2023-08-28T23:21:40.134374+00:00
[2023-08-28 20:21:40,176] {processor.py:161} INFO - Processing /home/felipe/airflow/venv/lib/python3.9/site-packages/airflow/example_dags/example_short_circuit_operator.py took 0.544 seconds
[2023-08-28 20:23:15,321] {processor.py:153} INFO - Started process (PID=31293) to work on /home/felipe/airflow/venv/lib/python3.9/site-packages/airflow/example_dags/example_short_circuit_operator.py
[2023-08-28 20:23:15,323] {processor.py:641} INFO - Processing file /home/felipe/airflow/venv/lib/python3.9/site-packages/airflow/example_dags/example_short_circuit_operator.py for tasks to queue
[2023-08-28 20:23:15,324] {logging_mixin.py:115} INFO - [2023-08-28 20:23:15,324] {dagbag.py:507} INFO - Filling up the DagBag from /home/felipe/airflow/venv/lib/python3.9/site-packages/airflow/example_dags/example_short_circuit_operator.py
[2023-08-28 20:23:15,355] {processor.py:651} INFO - DAG(s) dict_keys(['example_short_circuit_operator']) retrieved from /home/felipe/airflow/venv/lib/python3.9/site-packages/airflow/example_dags/example_short_circuit_operator.py
[2023-08-28 20:23:15,423] {logging_mixin.py:115} INFO - [2023-08-28 20:23:15,423] {dag.py:2379} INFO - Sync 1 DAGs
[2023-08-28 20:23:15,471] {logging_mixin.py:115} INFO - [2023-08-28 20:23:15,471] {dag.py:2927} INFO - Setting next_dagrun for example_short_circuit_operator to 2023-08-27T23:23:15.467803+00:00, run_after=2023-08-28T23:23:15.467803+00:00
[2023-08-28 20:23:15,508] {processor.py:161} INFO - Processing /home/felipe/airflow/venv/lib/python3.9/site-packages/airflow/example_dags/example_short_circuit_operator.py took 0.198 seconds
[2023-08-28 20:24:06,517] {processor.py:153} INFO - Started process (PID=31437) to work on /home/felipe/airflow/venv/lib/python3.9/site-packages/airflow/example_dags/example_short_circuit_operator.py
[2023-08-28 20:24:06,519] {processor.py:641} INFO - Processing file /home/felipe/airflow/venv/lib/python3.9/site-packages/airflow/example_dags/example_short_circuit_operator.py for tasks to queue
[2023-08-28 20:24:06,520] {logging_mixin.py:115} INFO - [2023-08-28 20:24:06,520] {dagbag.py:507} INFO - Filling up the DagBag from /home/felipe/airflow/venv/lib/python3.9/site-packages/airflow/example_dags/example_short_circuit_operator.py
[2023-08-28 20:24:06,556] {processor.py:651} INFO - DAG(s) dict_keys(['example_short_circuit_operator']) retrieved from /home/felipe/airflow/venv/lib/python3.9/site-packages/airflow/example_dags/example_short_circuit_operator.py
[2023-08-28 20:24:06,616] {logging_mixin.py:115} INFO - [2023-08-28 20:24:06,616] {dag.py:2379} INFO - Sync 1 DAGs
[2023-08-28 20:24:06,658] {logging_mixin.py:115} INFO - [2023-08-28 20:24:06,658] {dag.py:2927} INFO - Setting next_dagrun for example_short_circuit_operator to 2023-08-27T23:24:06.657575+00:00, run_after=2023-08-28T23:24:06.657575+00:00
[2023-08-28 20:24:06,691] {processor.py:161} INFO - Processing /home/felipe/airflow/venv/lib/python3.9/site-packages/airflow/example_dags/example_short_circuit_operator.py took 0.189 seconds
[2023-08-28 20:25:07,987] {processor.py:153} INFO - Started process (PID=31888) to work on /home/felipe/airflow/venv/lib/python3.9/site-packages/airflow/example_dags/example_short_circuit_operator.py
[2023-08-28 20:25:07,990] {processor.py:641} INFO - Processing file /home/felipe/airflow/venv/lib/python3.9/site-packages/airflow/example_dags/example_short_circuit_operator.py for tasks to queue
[2023-08-28 20:25:07,992] {logging_mixin.py:115} INFO - [2023-08-28 20:25:07,991] {dagbag.py:507} INFO - Filling up the DagBag from /home/felipe/airflow/venv/lib/python3.9/site-packages/airflow/example_dags/example_short_circuit_operator.py
[2023-08-28 20:25:08,023] {processor.py:651} INFO - DAG(s) dict_keys(['example_short_circuit_operator']) retrieved from /home/felipe/airflow/venv/lib/python3.9/site-packages/airflow/example_dags/example_short_circuit_operator.py
[2023-08-28 20:25:08,086] {logging_mixin.py:115} INFO - [2023-08-28 20:25:08,086] {dag.py:2379} INFO - Sync 1 DAGs
[2023-08-28 20:25:08,131] {logging_mixin.py:115} INFO - [2023-08-28 20:25:08,130] {dag.py:2927} INFO - Setting next_dagrun for example_short_circuit_operator to 2023-08-27T23:25:08.130044+00:00, run_after=2023-08-28T23:25:08.130044+00:00
[2023-08-28 20:25:08,166] {processor.py:161} INFO - Processing /home/felipe/airflow/venv/lib/python3.9/site-packages/airflow/example_dags/example_short_circuit_operator.py took 0.191 seconds
[2023-08-28 20:26:51,659] {processor.py:153} INFO - Started process (PID=32654) to work on /home/felipe/airflow/venv/lib/python3.9/site-packages/airflow/example_dags/example_short_circuit_operator.py
[2023-08-28 20:26:51,663] {processor.py:641} INFO - Processing file /home/felipe/airflow/venv/lib/python3.9/site-packages/airflow/example_dags/example_short_circuit_operator.py for tasks to queue
[2023-08-28 20:26:51,667] {logging_mixin.py:115} INFO - [2023-08-28 20:26:51,665] {dagbag.py:507} INFO - Filling up the DagBag from /home/felipe/airflow/venv/lib/python3.9/site-packages/airflow/example_dags/example_short_circuit_operator.py
[2023-08-28 20:26:51,702] {processor.py:651} INFO - DAG(s) dict_keys(['example_short_circuit_operator']) retrieved from /home/felipe/airflow/venv/lib/python3.9/site-packages/airflow/example_dags/example_short_circuit_operator.py
[2023-08-28 20:26:51,781] {logging_mixin.py:115} INFO - [2023-08-28 20:26:51,781] {dag.py:2379} INFO - Sync 1 DAGs
[2023-08-28 20:26:51,853] {logging_mixin.py:115} INFO - [2023-08-28 20:26:51,853] {dag.py:2927} INFO - Setting next_dagrun for example_short_circuit_operator to 2023-08-27T23:26:51.852644+00:00, run_after=2023-08-28T23:26:51.852644+00:00
[2023-08-28 20:26:51,909] {processor.py:161} INFO - Processing /home/felipe/airflow/venv/lib/python3.9/site-packages/airflow/example_dags/example_short_circuit_operator.py took 0.267 seconds
[2023-08-28 20:28:56,685] {processor.py:153} INFO - Started process (PID=1058) to work on /home/felipe/airflow/venv/lib/python3.9/site-packages/airflow/example_dags/example_short_circuit_operator.py
[2023-08-28 20:28:56,688] {processor.py:641} INFO - Processing file /home/felipe/airflow/venv/lib/python3.9/site-packages/airflow/example_dags/example_short_circuit_operator.py for tasks to queue
[2023-08-28 20:28:56,692] {logging_mixin.py:115} INFO - [2023-08-28 20:28:56,691] {dagbag.py:507} INFO - Filling up the DagBag from /home/felipe/airflow/venv/lib/python3.9/site-packages/airflow/example_dags/example_short_circuit_operator.py
[2023-08-28 20:28:56,850] {processor.py:651} INFO - DAG(s) dict_keys(['example_short_circuit_operator']) retrieved from /home/felipe/airflow/venv/lib/python3.9/site-packages/airflow/example_dags/example_short_circuit_operator.py
[2023-08-28 20:28:57,042] {logging_mixin.py:115} INFO - [2023-08-28 20:28:57,041] {dag.py:2379} INFO - Sync 1 DAGs
[2023-08-28 20:28:57,192] {logging_mixin.py:115} INFO - [2023-08-28 20:28:57,191] {dag.py:2927} INFO - Setting next_dagrun for example_short_circuit_operator to 2023-08-27T23:28:57.190326+00:00, run_after=2023-08-28T23:28:57.190326+00:00
[2023-08-28 20:28:57,254] {processor.py:161} INFO - Processing /home/felipe/airflow/venv/lib/python3.9/site-packages/airflow/example_dags/example_short_circuit_operator.py took 0.614 seconds
[2023-08-28 20:31:07,982] {processor.py:153} INFO - Started process (PID=2525) to work on /home/felipe/airflow/venv/lib/python3.9/site-packages/airflow/example_dags/example_short_circuit_operator.py
[2023-08-28 20:31:07,983] {processor.py:641} INFO - Processing file /home/felipe/airflow/venv/lib/python3.9/site-packages/airflow/example_dags/example_short_circuit_operator.py for tasks to queue
[2023-08-28 20:31:07,985] {logging_mixin.py:115} INFO - [2023-08-28 20:31:07,985] {dagbag.py:507} INFO - Filling up the DagBag from /home/felipe/airflow/venv/lib/python3.9/site-packages/airflow/example_dags/example_short_circuit_operator.py
[2023-08-28 20:31:08,019] {processor.py:651} INFO - DAG(s) dict_keys(['example_short_circuit_operator']) retrieved from /home/felipe/airflow/venv/lib/python3.9/site-packages/airflow/example_dags/example_short_circuit_operator.py
[2023-08-28 20:31:08,079] {logging_mixin.py:115} INFO - [2023-08-28 20:31:08,078] {dag.py:2379} INFO - Sync 1 DAGs
[2023-08-28 20:31:08,131] {logging_mixin.py:115} INFO - [2023-08-28 20:31:08,130] {dag.py:2927} INFO - Setting next_dagrun for example_short_circuit_operator to 2023-08-27T23:31:08.129718+00:00, run_after=2023-08-28T23:31:08.129718+00:00
[2023-08-28 20:31:08,176] {processor.py:161} INFO - Processing /home/felipe/airflow/venv/lib/python3.9/site-packages/airflow/example_dags/example_short_circuit_operator.py took 0.210 seconds
[2023-08-28 20:32:05,857] {processor.py:153} INFO - Started process (PID=2777) to work on /home/felipe/airflow/venv/lib/python3.9/site-packages/airflow/example_dags/example_short_circuit_operator.py
[2023-08-28 20:32:05,859] {processor.py:641} INFO - Processing file /home/felipe/airflow/venv/lib/python3.9/site-packages/airflow/example_dags/example_short_circuit_operator.py for tasks to queue
[2023-08-28 20:32:05,863] {logging_mixin.py:115} INFO - [2023-08-28 20:32:05,863] {dagbag.py:507} INFO - Filling up the DagBag from /home/felipe/airflow/venv/lib/python3.9/site-packages/airflow/example_dags/example_short_circuit_operator.py
[2023-08-28 20:32:05,912] {processor.py:651} INFO - DAG(s) dict_keys(['example_short_circuit_operator']) retrieved from /home/felipe/airflow/venv/lib/python3.9/site-packages/airflow/example_dags/example_short_circuit_operator.py
[2023-08-28 20:32:05,968] {logging_mixin.py:115} INFO - [2023-08-28 20:32:05,968] {dag.py:2379} INFO - Sync 1 DAGs
[2023-08-28 20:32:06,040] {logging_mixin.py:115} INFO - [2023-08-28 20:32:06,040] {dag.py:2927} INFO - Setting next_dagrun for example_short_circuit_operator to 2023-08-27T23:32:06.039111+00:00, run_after=2023-08-28T23:32:06.039111+00:00
[2023-08-28 20:32:06,085] {processor.py:161} INFO - Processing /home/felipe/airflow/venv/lib/python3.9/site-packages/airflow/example_dags/example_short_circuit_operator.py took 0.244 seconds
[2023-08-28 20:33:06,034] {processor.py:153} INFO - Started process (PID=2986) to work on /home/felipe/airflow/venv/lib/python3.9/site-packages/airflow/example_dags/example_short_circuit_operator.py
[2023-08-28 20:33:06,036] {processor.py:641} INFO - Processing file /home/felipe/airflow/venv/lib/python3.9/site-packages/airflow/example_dags/example_short_circuit_operator.py for tasks to queue
[2023-08-28 20:33:06,037] {logging_mixin.py:115} INFO - [2023-08-28 20:33:06,037] {dagbag.py:507} INFO - Filling up the DagBag from /home/felipe/airflow/venv/lib/python3.9/site-packages/airflow/example_dags/example_short_circuit_operator.py
[2023-08-28 20:33:06,078] {processor.py:651} INFO - DAG(s) dict_keys(['example_short_circuit_operator']) retrieved from /home/felipe/airflow/venv/lib/python3.9/site-packages/airflow/example_dags/example_short_circuit_operator.py
[2023-08-28 20:33:06,127] {logging_mixin.py:115} INFO - [2023-08-28 20:33:06,126] {dag.py:2379} INFO - Sync 1 DAGs
[2023-08-28 20:33:06,167] {logging_mixin.py:115} INFO - [2023-08-28 20:33:06,166] {dag.py:2927} INFO - Setting next_dagrun for example_short_circuit_operator to 2023-08-27T23:33:06.165930+00:00, run_after=2023-08-28T23:33:06.165930+00:00
[2023-08-28 20:33:06,208] {processor.py:161} INFO - Processing /home/felipe/airflow/venv/lib/python3.9/site-packages/airflow/example_dags/example_short_circuit_operator.py took 0.186 seconds
[2023-08-28 20:33:58,407] {processor.py:153} INFO - Started process (PID=3133) to work on /home/felipe/airflow/venv/lib/python3.9/site-packages/airflow/example_dags/example_short_circuit_operator.py
[2023-08-28 20:33:58,409] {processor.py:641} INFO - Processing file /home/felipe/airflow/venv/lib/python3.9/site-packages/airflow/example_dags/example_short_circuit_operator.py for tasks to queue
[2023-08-28 20:33:58,411] {logging_mixin.py:115} INFO - [2023-08-28 20:33:58,411] {dagbag.py:507} INFO - Filling up the DagBag from /home/felipe/airflow/venv/lib/python3.9/site-packages/airflow/example_dags/example_short_circuit_operator.py
[2023-08-28 20:33:58,487] {processor.py:651} INFO - DAG(s) dict_keys(['example_short_circuit_operator']) retrieved from /home/felipe/airflow/venv/lib/python3.9/site-packages/airflow/example_dags/example_short_circuit_operator.py
[2023-08-28 20:33:58,551] {logging_mixin.py:115} INFO - [2023-08-28 20:33:58,550] {dag.py:2379} INFO - Sync 1 DAGs
[2023-08-28 20:33:58,601] {logging_mixin.py:115} INFO - [2023-08-28 20:33:58,601] {dag.py:2927} INFO - Setting next_dagrun for example_short_circuit_operator to 2023-08-27T23:33:58.600321+00:00, run_after=2023-08-28T23:33:58.600321+00:00
[2023-08-28 20:33:58,651] {processor.py:161} INFO - Processing /home/felipe/airflow/venv/lib/python3.9/site-packages/airflow/example_dags/example_short_circuit_operator.py took 0.260 seconds
[2023-08-28 20:34:54,062] {processor.py:153} INFO - Started process (PID=3281) to work on /home/felipe/airflow/venv/lib/python3.9/site-packages/airflow/example_dags/example_short_circuit_operator.py
[2023-08-28 20:34:54,064] {processor.py:641} INFO - Processing file /home/felipe/airflow/venv/lib/python3.9/site-packages/airflow/example_dags/example_short_circuit_operator.py for tasks to queue
[2023-08-28 20:34:54,067] {logging_mixin.py:115} INFO - [2023-08-28 20:34:54,067] {dagbag.py:507} INFO - Filling up the DagBag from /home/felipe/airflow/venv/lib/python3.9/site-packages/airflow/example_dags/example_short_circuit_operator.py
[2023-08-28 20:34:54,107] {processor.py:651} INFO - DAG(s) dict_keys(['example_short_circuit_operator']) retrieved from /home/felipe/airflow/venv/lib/python3.9/site-packages/airflow/example_dags/example_short_circuit_operator.py
[2023-08-28 20:34:54,151] {logging_mixin.py:115} INFO - [2023-08-28 20:34:54,151] {dag.py:2379} INFO - Sync 1 DAGs
[2023-08-28 20:34:54,192] {logging_mixin.py:115} INFO - [2023-08-28 20:34:54,192] {dag.py:2927} INFO - Setting next_dagrun for example_short_circuit_operator to 2023-08-27T23:34:54.191904+00:00, run_after=2023-08-28T23:34:54.191904+00:00
[2023-08-28 20:34:54,224] {processor.py:161} INFO - Processing /home/felipe/airflow/venv/lib/python3.9/site-packages/airflow/example_dags/example_short_circuit_operator.py took 0.171 seconds
[2023-08-28 20:35:48,480] {processor.py:153} INFO - Started process (PID=3429) to work on /home/felipe/airflow/venv/lib/python3.9/site-packages/airflow/example_dags/example_short_circuit_operator.py
[2023-08-28 20:35:48,482] {processor.py:641} INFO - Processing file /home/felipe/airflow/venv/lib/python3.9/site-packages/airflow/example_dags/example_short_circuit_operator.py for tasks to queue
[2023-08-28 20:35:48,490] {logging_mixin.py:115} INFO - [2023-08-28 20:35:48,490] {dagbag.py:507} INFO - Filling up the DagBag from /home/felipe/airflow/venv/lib/python3.9/site-packages/airflow/example_dags/example_short_circuit_operator.py
[2023-08-28 20:35:48,539] {processor.py:651} INFO - DAG(s) dict_keys(['example_short_circuit_operator']) retrieved from /home/felipe/airflow/venv/lib/python3.9/site-packages/airflow/example_dags/example_short_circuit_operator.py
[2023-08-28 20:35:48,591] {logging_mixin.py:115} INFO - [2023-08-28 20:35:48,591] {dag.py:2379} INFO - Sync 1 DAGs
[2023-08-28 20:35:48,644] {logging_mixin.py:115} INFO - [2023-08-28 20:35:48,643] {dag.py:2927} INFO - Setting next_dagrun for example_short_circuit_operator to 2023-08-27T23:35:48.642659+00:00, run_after=2023-08-28T23:35:48.642659+00:00
[2023-08-28 20:35:48,681] {processor.py:161} INFO - Processing /home/felipe/airflow/venv/lib/python3.9/site-packages/airflow/example_dags/example_short_circuit_operator.py took 0.214 seconds
[2023-08-28 20:36:39,384] {processor.py:153} INFO - Started process (PID=3574) to work on /home/felipe/airflow/venv/lib/python3.9/site-packages/airflow/example_dags/example_short_circuit_operator.py
[2023-08-28 20:36:39,386] {processor.py:641} INFO - Processing file /home/felipe/airflow/venv/lib/python3.9/site-packages/airflow/example_dags/example_short_circuit_operator.py for tasks to queue
[2023-08-28 20:36:39,389] {logging_mixin.py:115} INFO - [2023-08-28 20:36:39,388] {dagbag.py:507} INFO - Filling up the DagBag from /home/felipe/airflow/venv/lib/python3.9/site-packages/airflow/example_dags/example_short_circuit_operator.py
[2023-08-28 20:36:39,432] {processor.py:651} INFO - DAG(s) dict_keys(['example_short_circuit_operator']) retrieved from /home/felipe/airflow/venv/lib/python3.9/site-packages/airflow/example_dags/example_short_circuit_operator.py
[2023-08-28 20:36:39,484] {logging_mixin.py:115} INFO - [2023-08-28 20:36:39,484] {dag.py:2379} INFO - Sync 1 DAGs
[2023-08-28 20:36:39,530] {logging_mixin.py:115} INFO - [2023-08-28 20:36:39,529] {dag.py:2927} INFO - Setting next_dagrun for example_short_circuit_operator to 2023-08-27T23:36:39.528716+00:00, run_after=2023-08-28T23:36:39.528716+00:00
[2023-08-28 20:36:39,563] {processor.py:161} INFO - Processing /home/felipe/airflow/venv/lib/python3.9/site-packages/airflow/example_dags/example_short_circuit_operator.py took 0.190 seconds
[2023-08-28 20:37:31,186] {processor.py:153} INFO - Started process (PID=3770) to work on /home/felipe/airflow/venv/lib/python3.9/site-packages/airflow/example_dags/example_short_circuit_operator.py
[2023-08-28 20:37:31,188] {processor.py:641} INFO - Processing file /home/felipe/airflow/venv/lib/python3.9/site-packages/airflow/example_dags/example_short_circuit_operator.py for tasks to queue
[2023-08-28 20:37:31,191] {logging_mixin.py:115} INFO - [2023-08-28 20:37:31,191] {dagbag.py:507} INFO - Filling up the DagBag from /home/felipe/airflow/venv/lib/python3.9/site-packages/airflow/example_dags/example_short_circuit_operator.py
[2023-08-28 20:37:31,234] {processor.py:651} INFO - DAG(s) dict_keys(['example_short_circuit_operator']) retrieved from /home/felipe/airflow/venv/lib/python3.9/site-packages/airflow/example_dags/example_short_circuit_operator.py
[2023-08-28 20:37:31,292] {logging_mixin.py:115} INFO - [2023-08-28 20:37:31,291] {dag.py:2379} INFO - Sync 1 DAGs
[2023-08-28 20:37:31,338] {logging_mixin.py:115} INFO - [2023-08-28 20:37:31,338] {dag.py:2927} INFO - Setting next_dagrun for example_short_circuit_operator to 2023-08-27T23:37:31.337365+00:00, run_after=2023-08-28T23:37:31.337365+00:00
[2023-08-28 20:37:31,374] {processor.py:161} INFO - Processing /home/felipe/airflow/venv/lib/python3.9/site-packages/airflow/example_dags/example_short_circuit_operator.py took 0.203 seconds
[2023-08-28 20:38:29,754] {processor.py:153} INFO - Started process (PID=3919) to work on /home/felipe/airflow/venv/lib/python3.9/site-packages/airflow/example_dags/example_short_circuit_operator.py
[2023-08-28 20:38:29,755] {processor.py:641} INFO - Processing file /home/felipe/airflow/venv/lib/python3.9/site-packages/airflow/example_dags/example_short_circuit_operator.py for tasks to queue
[2023-08-28 20:38:29,758] {logging_mixin.py:115} INFO - [2023-08-28 20:38:29,757] {dagbag.py:507} INFO - Filling up the DagBag from /home/felipe/airflow/venv/lib/python3.9/site-packages/airflow/example_dags/example_short_circuit_operator.py
[2023-08-28 20:38:29,801] {processor.py:651} INFO - DAG(s) dict_keys(['example_short_circuit_operator']) retrieved from /home/felipe/airflow/venv/lib/python3.9/site-packages/airflow/example_dags/example_short_circuit_operator.py
[2023-08-28 20:38:29,867] {logging_mixin.py:115} INFO - [2023-08-28 20:38:29,867] {dag.py:2379} INFO - Sync 1 DAGs
[2023-08-28 20:38:29,931] {logging_mixin.py:115} INFO - [2023-08-28 20:38:29,931] {dag.py:2927} INFO - Setting next_dagrun for example_short_circuit_operator to 2023-08-27T23:38:29.930414+00:00, run_after=2023-08-28T23:38:29.930414+00:00
[2023-08-28 20:38:29,965] {processor.py:161} INFO - Processing /home/felipe/airflow/venv/lib/python3.9/site-packages/airflow/example_dags/example_short_circuit_operator.py took 0.222 seconds
[2023-08-28 20:39:19,232] {processor.py:153} INFO - Started process (PID=4064) to work on /home/felipe/airflow/venv/lib/python3.9/site-packages/airflow/example_dags/example_short_circuit_operator.py
[2023-08-28 20:39:19,234] {processor.py:641} INFO - Processing file /home/felipe/airflow/venv/lib/python3.9/site-packages/airflow/example_dags/example_short_circuit_operator.py for tasks to queue
[2023-08-28 20:39:19,238] {logging_mixin.py:115} INFO - [2023-08-28 20:39:19,237] {dagbag.py:507} INFO - Filling up the DagBag from /home/felipe/airflow/venv/lib/python3.9/site-packages/airflow/example_dags/example_short_circuit_operator.py
[2023-08-28 20:39:19,354] {processor.py:651} INFO - DAG(s) dict_keys(['example_short_circuit_operator']) retrieved from /home/felipe/airflow/venv/lib/python3.9/site-packages/airflow/example_dags/example_short_circuit_operator.py
[2023-08-28 20:39:19,545] {logging_mixin.py:115} INFO - [2023-08-28 20:39:19,543] {dag.py:2379} INFO - Sync 1 DAGs
[2023-08-28 20:39:19,636] {logging_mixin.py:115} INFO - [2023-08-28 20:39:19,636] {dag.py:2927} INFO - Setting next_dagrun for example_short_circuit_operator to 2023-08-27T23:39:19.633121+00:00, run_after=2023-08-28T23:39:19.633121+00:00
[2023-08-28 20:39:19,678] {processor.py:161} INFO - Processing /home/felipe/airflow/venv/lib/python3.9/site-packages/airflow/example_dags/example_short_circuit_operator.py took 0.485 seconds
[2023-08-28 20:42:46,818] {processor.py:153} INFO - Started process (PID=5942) to work on /home/felipe/airflow/venv/lib/python3.9/site-packages/airflow/example_dags/example_short_circuit_operator.py
[2023-08-28 20:42:46,820] {processor.py:641} INFO - Processing file /home/felipe/airflow/venv/lib/python3.9/site-packages/airflow/example_dags/example_short_circuit_operator.py for tasks to queue
[2023-08-28 20:42:46,821] {logging_mixin.py:115} INFO - [2023-08-28 20:42:46,821] {dagbag.py:507} INFO - Filling up the DagBag from /home/felipe/airflow/venv/lib/python3.9/site-packages/airflow/example_dags/example_short_circuit_operator.py
[2023-08-28 20:42:46,853] {processor.py:651} INFO - DAG(s) dict_keys(['example_short_circuit_operator']) retrieved from /home/felipe/airflow/venv/lib/python3.9/site-packages/airflow/example_dags/example_short_circuit_operator.py
[2023-08-28 20:42:46,910] {logging_mixin.py:115} INFO - [2023-08-28 20:42:46,910] {dag.py:2379} INFO - Sync 1 DAGs
[2023-08-28 20:42:46,961] {logging_mixin.py:115} INFO - [2023-08-28 20:42:46,960] {dag.py:2927} INFO - Setting next_dagrun for example_short_circuit_operator to 2023-08-27T23:42:46.960107+00:00, run_after=2023-08-28T23:42:46.960107+00:00
[2023-08-28 20:42:46,999] {processor.py:161} INFO - Processing /home/felipe/airflow/venv/lib/python3.9/site-packages/airflow/example_dags/example_short_circuit_operator.py took 0.193 seconds
[2023-08-28 20:43:52,246] {processor.py:153} INFO - Started process (PID=6184) to work on /home/felipe/airflow/venv/lib/python3.9/site-packages/airflow/example_dags/example_short_circuit_operator.py
[2023-08-28 20:43:52,248] {processor.py:641} INFO - Processing file /home/felipe/airflow/venv/lib/python3.9/site-packages/airflow/example_dags/example_short_circuit_operator.py for tasks to queue
[2023-08-28 20:43:52,249] {logging_mixin.py:115} INFO - [2023-08-28 20:43:52,249] {dagbag.py:507} INFO - Filling up the DagBag from /home/felipe/airflow/venv/lib/python3.9/site-packages/airflow/example_dags/example_short_circuit_operator.py
[2023-08-28 20:43:52,299] {processor.py:651} INFO - DAG(s) dict_keys(['example_short_circuit_operator']) retrieved from /home/felipe/airflow/venv/lib/python3.9/site-packages/airflow/example_dags/example_short_circuit_operator.py
[2023-08-28 20:43:52,384] {logging_mixin.py:115} INFO - [2023-08-28 20:43:52,384] {dag.py:2379} INFO - Sync 1 DAGs
[2023-08-28 20:43:52,444] {logging_mixin.py:115} INFO - [2023-08-28 20:43:52,443] {dag.py:2927} INFO - Setting next_dagrun for example_short_circuit_operator to 2023-08-27T23:43:52.442799+00:00, run_after=2023-08-28T23:43:52.442799+00:00
[2023-08-28 20:43:52,483] {processor.py:161} INFO - Processing /home/felipe/airflow/venv/lib/python3.9/site-packages/airflow/example_dags/example_short_circuit_operator.py took 0.251 seconds
