[2023-08-28 19:04:41,271] {processor.py:153} INFO - Started process (PID=8265) to work on /home/felipe/airflow/venv/lib/python3.9/site-packages/airflow/example_dags/example_kubernetes_executor.py
[2023-08-28 19:04:41,274] {processor.py:641} INFO - Processing file /home/felipe/airflow/venv/lib/python3.9/site-packages/airflow/example_dags/example_kubernetes_executor.py for tasks to queue
[2023-08-28 19:04:41,275] {logging_mixin.py:115} INFO - [2023-08-28 19:04:41,275] {dagbag.py:507} INFO - Filling up the DagBag from /home/felipe/airflow/venv/lib/python3.9/site-packages/airflow/example_dags/example_kubernetes_executor.py
[2023-08-28 19:04:41,387] {logging_mixin.py:115} INFO - [2023-08-28 19:04:41,386] {example_kubernetes_executor.py:39} WARNING - The example_kubernetes_executor example DAG requires the kubernetes provider. Please install it with: pip install apache-airflow[cncf.kubernetes]
[2023-08-28 19:04:41,387] {processor.py:653} WARNING - No viable dags retrieved from /home/felipe/airflow/venv/lib/python3.9/site-packages/airflow/example_dags/example_kubernetes_executor.py
[2023-08-28 19:04:41,448] {processor.py:161} INFO - Processing /home/felipe/airflow/venv/lib/python3.9/site-packages/airflow/example_dags/example_kubernetes_executor.py took 0.200 seconds
[2023-08-28 19:06:06,786] {processor.py:153} INFO - Started process (PID=8926) to work on /home/felipe/airflow/venv/lib/python3.9/site-packages/airflow/example_dags/example_kubernetes_executor.py
[2023-08-28 19:06:06,798] {processor.py:641} INFO - Processing file /home/felipe/airflow/venv/lib/python3.9/site-packages/airflow/example_dags/example_kubernetes_executor.py for tasks to queue
[2023-08-28 19:06:06,800] {logging_mixin.py:115} INFO - [2023-08-28 19:06:06,800] {dagbag.py:507} INFO - Filling up the DagBag from /home/felipe/airflow/venv/lib/python3.9/site-packages/airflow/example_dags/example_kubernetes_executor.py
[2023-08-28 19:06:06,933] {logging_mixin.py:115} INFO - [2023-08-28 19:06:06,933] {example_kubernetes_executor.py:39} WARNING - The example_kubernetes_executor example DAG requires the kubernetes provider. Please install it with: pip install apache-airflow[cncf.kubernetes]
[2023-08-28 19:06:06,933] {processor.py:653} WARNING - No viable dags retrieved from /home/felipe/airflow/venv/lib/python3.9/site-packages/airflow/example_dags/example_kubernetes_executor.py
[2023-08-28 19:06:07,017] {processor.py:161} INFO - Processing /home/felipe/airflow/venv/lib/python3.9/site-packages/airflow/example_dags/example_kubernetes_executor.py took 0.251 seconds
[2023-08-28 19:08:21,128] {processor.py:153} INFO - Started process (PID=10078) to work on /home/felipe/airflow/venv/lib/python3.9/site-packages/airflow/example_dags/example_kubernetes_executor.py
[2023-08-28 19:08:21,161] {processor.py:641} INFO - Processing file /home/felipe/airflow/venv/lib/python3.9/site-packages/airflow/example_dags/example_kubernetes_executor.py for tasks to queue
[2023-08-28 19:08:21,166] {logging_mixin.py:115} INFO - [2023-08-28 19:08:21,164] {dagbag.py:507} INFO - Filling up the DagBag from /home/felipe/airflow/venv/lib/python3.9/site-packages/airflow/example_dags/example_kubernetes_executor.py
[2023-08-28 19:08:21,851] {logging_mixin.py:115} INFO - [2023-08-28 19:08:21,850] {example_kubernetes_executor.py:39} WARNING - The example_kubernetes_executor example DAG requires the kubernetes provider. Please install it with: pip install apache-airflow[cncf.kubernetes]
[2023-08-28 19:08:21,861] {processor.py:653} WARNING - No viable dags retrieved from /home/felipe/airflow/venv/lib/python3.9/site-packages/airflow/example_dags/example_kubernetes_executor.py
[2023-08-28 19:08:22,349] {processor.py:161} INFO - Processing /home/felipe/airflow/venv/lib/python3.9/site-packages/airflow/example_dags/example_kubernetes_executor.py took 1.291 seconds
[2023-08-28 19:09:28,972] {processor.py:153} INFO - Started process (PID=10624) to work on /home/felipe/airflow/venv/lib/python3.9/site-packages/airflow/example_dags/example_kubernetes_executor.py
[2023-08-28 19:09:28,976] {processor.py:641} INFO - Processing file /home/felipe/airflow/venv/lib/python3.9/site-packages/airflow/example_dags/example_kubernetes_executor.py for tasks to queue
[2023-08-28 19:09:28,978] {logging_mixin.py:115} INFO - [2023-08-28 19:09:28,978] {dagbag.py:507} INFO - Filling up the DagBag from /home/felipe/airflow/venv/lib/python3.9/site-packages/airflow/example_dags/example_kubernetes_executor.py
[2023-08-28 19:09:29,075] {logging_mixin.py:115} INFO - [2023-08-28 19:09:29,075] {example_kubernetes_executor.py:39} WARNING - The example_kubernetes_executor example DAG requires the kubernetes provider. Please install it with: pip install apache-airflow[cncf.kubernetes]
[2023-08-28 19:09:29,076] {processor.py:653} WARNING - No viable dags retrieved from /home/felipe/airflow/venv/lib/python3.9/site-packages/airflow/example_dags/example_kubernetes_executor.py
[2023-08-28 19:09:29,128] {processor.py:161} INFO - Processing /home/felipe/airflow/venv/lib/python3.9/site-packages/airflow/example_dags/example_kubernetes_executor.py took 0.181 seconds
[2023-08-28 19:10:27,799] {processor.py:153} INFO - Started process (PID=11000) to work on /home/felipe/airflow/venv/lib/python3.9/site-packages/airflow/example_dags/example_kubernetes_executor.py
[2023-08-28 19:10:27,809] {processor.py:641} INFO - Processing file /home/felipe/airflow/venv/lib/python3.9/site-packages/airflow/example_dags/example_kubernetes_executor.py for tasks to queue
[2023-08-28 19:10:27,812] {logging_mixin.py:115} INFO - [2023-08-28 19:10:27,812] {dagbag.py:507} INFO - Filling up the DagBag from /home/felipe/airflow/venv/lib/python3.9/site-packages/airflow/example_dags/example_kubernetes_executor.py
[2023-08-28 19:10:28,225] {logging_mixin.py:115} INFO - [2023-08-28 19:10:28,224] {example_kubernetes_executor.py:39} WARNING - The example_kubernetes_executor example DAG requires the kubernetes provider. Please install it with: pip install apache-airflow[cncf.kubernetes]
[2023-08-28 19:10:28,226] {processor.py:653} WARNING - No viable dags retrieved from /home/felipe/airflow/venv/lib/python3.9/site-packages/airflow/example_dags/example_kubernetes_executor.py
[2023-08-28 19:10:28,375] {processor.py:161} INFO - Processing /home/felipe/airflow/venv/lib/python3.9/site-packages/airflow/example_dags/example_kubernetes_executor.py took 0.660 seconds
[2023-08-28 19:11:19,559] {processor.py:153} INFO - Started process (PID=11110) to work on /home/felipe/airflow/venv/lib/python3.9/site-packages/airflow/example_dags/example_kubernetes_executor.py
[2023-08-28 19:11:19,562] {processor.py:641} INFO - Processing file /home/felipe/airflow/venv/lib/python3.9/site-packages/airflow/example_dags/example_kubernetes_executor.py for tasks to queue
[2023-08-28 19:11:19,563] {logging_mixin.py:115} INFO - [2023-08-28 19:11:19,563] {dagbag.py:507} INFO - Filling up the DagBag from /home/felipe/airflow/venv/lib/python3.9/site-packages/airflow/example_dags/example_kubernetes_executor.py
[2023-08-28 19:11:19,628] {logging_mixin.py:115} INFO - [2023-08-28 19:11:19,628] {example_kubernetes_executor.py:39} WARNING - The example_kubernetes_executor example DAG requires the kubernetes provider. Please install it with: pip install apache-airflow[cncf.kubernetes]
[2023-08-28 19:11:19,629] {processor.py:653} WARNING - No viable dags retrieved from /home/felipe/airflow/venv/lib/python3.9/site-packages/airflow/example_dags/example_kubernetes_executor.py
[2023-08-28 19:11:19,667] {processor.py:161} INFO - Processing /home/felipe/airflow/venv/lib/python3.9/site-packages/airflow/example_dags/example_kubernetes_executor.py took 0.121 seconds
[2023-08-28 19:12:14,170] {processor.py:153} INFO - Started process (PID=11307) to work on /home/felipe/airflow/venv/lib/python3.9/site-packages/airflow/example_dags/example_kubernetes_executor.py
[2023-08-28 19:12:14,172] {processor.py:641} INFO - Processing file /home/felipe/airflow/venv/lib/python3.9/site-packages/airflow/example_dags/example_kubernetes_executor.py for tasks to queue
[2023-08-28 19:12:14,178] {logging_mixin.py:115} INFO - [2023-08-28 19:12:14,178] {dagbag.py:507} INFO - Filling up the DagBag from /home/felipe/airflow/venv/lib/python3.9/site-packages/airflow/example_dags/example_kubernetes_executor.py
[2023-08-28 19:12:14,271] {logging_mixin.py:115} INFO - [2023-08-28 19:12:14,270] {example_kubernetes_executor.py:39} WARNING - The example_kubernetes_executor example DAG requires the kubernetes provider. Please install it with: pip install apache-airflow[cncf.kubernetes]
[2023-08-28 19:12:14,271] {processor.py:653} WARNING - No viable dags retrieved from /home/felipe/airflow/venv/lib/python3.9/site-packages/airflow/example_dags/example_kubernetes_executor.py
[2023-08-28 19:12:14,336] {processor.py:161} INFO - Processing /home/felipe/airflow/venv/lib/python3.9/site-packages/airflow/example_dags/example_kubernetes_executor.py took 0.185 seconds
[2023-08-28 19:13:53,985] {processor.py:153} INFO - Started process (PID=11979) to work on /home/felipe/airflow/venv/lib/python3.9/site-packages/airflow/example_dags/example_kubernetes_executor.py
[2023-08-28 19:13:53,988] {processor.py:641} INFO - Processing file /home/felipe/airflow/venv/lib/python3.9/site-packages/airflow/example_dags/example_kubernetes_executor.py for tasks to queue
[2023-08-28 19:13:53,993] {logging_mixin.py:115} INFO - [2023-08-28 19:13:53,992] {dagbag.py:507} INFO - Filling up the DagBag from /home/felipe/airflow/venv/lib/python3.9/site-packages/airflow/example_dags/example_kubernetes_executor.py
[2023-08-28 19:13:54,133] {logging_mixin.py:115} INFO - [2023-08-28 19:13:54,132] {example_kubernetes_executor.py:39} WARNING - The example_kubernetes_executor example DAG requires the kubernetes provider. Please install it with: pip install apache-airflow[cncf.kubernetes]
[2023-08-28 19:13:54,134] {processor.py:653} WARNING - No viable dags retrieved from /home/felipe/airflow/venv/lib/python3.9/site-packages/airflow/example_dags/example_kubernetes_executor.py
[2023-08-28 19:13:54,238] {processor.py:161} INFO - Processing /home/felipe/airflow/venv/lib/python3.9/site-packages/airflow/example_dags/example_kubernetes_executor.py took 0.277 seconds
[2023-08-28 19:15:20,113] {processor.py:153} INFO - Started process (PID=12436) to work on /home/felipe/airflow/venv/lib/python3.9/site-packages/airflow/example_dags/example_kubernetes_executor.py
[2023-08-28 19:15:20,118] {processor.py:641} INFO - Processing file /home/felipe/airflow/venv/lib/python3.9/site-packages/airflow/example_dags/example_kubernetes_executor.py for tasks to queue
[2023-08-28 19:15:20,134] {logging_mixin.py:115} INFO - [2023-08-28 19:15:20,121] {dagbag.py:507} INFO - Filling up the DagBag from /home/felipe/airflow/venv/lib/python3.9/site-packages/airflow/example_dags/example_kubernetes_executor.py
[2023-08-28 19:15:20,465] {logging_mixin.py:115} INFO - [2023-08-28 19:15:20,465] {example_kubernetes_executor.py:39} WARNING - The example_kubernetes_executor example DAG requires the kubernetes provider. Please install it with: pip install apache-airflow[cncf.kubernetes]
[2023-08-28 19:15:20,466] {processor.py:653} WARNING - No viable dags retrieved from /home/felipe/airflow/venv/lib/python3.9/site-packages/airflow/example_dags/example_kubernetes_executor.py
[2023-08-28 19:15:20,635] {processor.py:161} INFO - Processing /home/felipe/airflow/venv/lib/python3.9/site-packages/airflow/example_dags/example_kubernetes_executor.py took 0.613 seconds
[2023-08-28 19:16:28,302] {processor.py:153} INFO - Started process (PID=12583) to work on /home/felipe/airflow/venv/lib/python3.9/site-packages/airflow/example_dags/example_kubernetes_executor.py
[2023-08-28 19:16:28,314] {processor.py:641} INFO - Processing file /home/felipe/airflow/venv/lib/python3.9/site-packages/airflow/example_dags/example_kubernetes_executor.py for tasks to queue
[2023-08-28 19:16:28,316] {logging_mixin.py:115} INFO - [2023-08-28 19:16:28,316] {dagbag.py:507} INFO - Filling up the DagBag from /home/felipe/airflow/venv/lib/python3.9/site-packages/airflow/example_dags/example_kubernetes_executor.py
[2023-08-28 19:16:28,453] {logging_mixin.py:115} INFO - [2023-08-28 19:16:28,453] {example_kubernetes_executor.py:39} WARNING - The example_kubernetes_executor example DAG requires the kubernetes provider. Please install it with: pip install apache-airflow[cncf.kubernetes]
[2023-08-28 19:16:28,454] {processor.py:653} WARNING - No viable dags retrieved from /home/felipe/airflow/venv/lib/python3.9/site-packages/airflow/example_dags/example_kubernetes_executor.py
[2023-08-28 19:16:28,530] {processor.py:161} INFO - Processing /home/felipe/airflow/venv/lib/python3.9/site-packages/airflow/example_dags/example_kubernetes_executor.py took 0.270 seconds
[2023-08-28 19:17:48,292] {processor.py:153} INFO - Started process (PID=12984) to work on /home/felipe/airflow/venv/lib/python3.9/site-packages/airflow/example_dags/example_kubernetes_executor.py
[2023-08-28 19:17:48,299] {processor.py:641} INFO - Processing file /home/felipe/airflow/venv/lib/python3.9/site-packages/airflow/example_dags/example_kubernetes_executor.py for tasks to queue
[2023-08-28 19:17:48,313] {logging_mixin.py:115} INFO - [2023-08-28 19:17:48,312] {dagbag.py:507} INFO - Filling up the DagBag from /home/felipe/airflow/venv/lib/python3.9/site-packages/airflow/example_dags/example_kubernetes_executor.py
[2023-08-28 19:17:48,577] {logging_mixin.py:115} INFO - [2023-08-28 19:17:48,576] {example_kubernetes_executor.py:39} WARNING - The example_kubernetes_executor example DAG requires the kubernetes provider. Please install it with: pip install apache-airflow[cncf.kubernetes]
[2023-08-28 19:17:48,578] {processor.py:653} WARNING - No viable dags retrieved from /home/felipe/airflow/venv/lib/python3.9/site-packages/airflow/example_dags/example_kubernetes_executor.py
[2023-08-28 19:17:48,693] {processor.py:161} INFO - Processing /home/felipe/airflow/venv/lib/python3.9/site-packages/airflow/example_dags/example_kubernetes_executor.py took 0.463 seconds
[2023-08-28 19:20:15,497] {processor.py:153} INFO - Started process (PID=13570) to work on /home/felipe/airflow/venv/lib/python3.9/site-packages/airflow/example_dags/example_kubernetes_executor.py
[2023-08-28 19:20:15,499] {processor.py:641} INFO - Processing file /home/felipe/airflow/venv/lib/python3.9/site-packages/airflow/example_dags/example_kubernetes_executor.py for tasks to queue
[2023-08-28 19:20:15,501] {logging_mixin.py:115} INFO - [2023-08-28 19:20:15,500] {dagbag.py:507} INFO - Filling up the DagBag from /home/felipe/airflow/venv/lib/python3.9/site-packages/airflow/example_dags/example_kubernetes_executor.py
[2023-08-28 19:20:15,564] {logging_mixin.py:115} INFO - [2023-08-28 19:20:15,563] {example_kubernetes_executor.py:39} WARNING - The example_kubernetes_executor example DAG requires the kubernetes provider. Please install it with: pip install apache-airflow[cncf.kubernetes]
[2023-08-28 19:20:15,564] {processor.py:653} WARNING - No viable dags retrieved from /home/felipe/airflow/venv/lib/python3.9/site-packages/airflow/example_dags/example_kubernetes_executor.py
[2023-08-28 19:20:15,615] {processor.py:161} INFO - Processing /home/felipe/airflow/venv/lib/python3.9/site-packages/airflow/example_dags/example_kubernetes_executor.py took 0.133 seconds
[2023-08-28 19:22:00,777] {processor.py:153} INFO - Started process (PID=14516) to work on /home/felipe/airflow/venv/lib/python3.9/site-packages/airflow/example_dags/example_kubernetes_executor.py
[2023-08-28 19:22:00,782] {processor.py:641} INFO - Processing file /home/felipe/airflow/venv/lib/python3.9/site-packages/airflow/example_dags/example_kubernetes_executor.py for tasks to queue
[2023-08-28 19:22:00,796] {logging_mixin.py:115} INFO - [2023-08-28 19:22:00,795] {dagbag.py:507} INFO - Filling up the DagBag from /home/felipe/airflow/venv/lib/python3.9/site-packages/airflow/example_dags/example_kubernetes_executor.py
[2023-08-28 19:22:01,297] {logging_mixin.py:115} INFO - [2023-08-28 19:22:01,297] {example_kubernetes_executor.py:39} WARNING - The example_kubernetes_executor example DAG requires the kubernetes provider. Please install it with: pip install apache-airflow[cncf.kubernetes]
[2023-08-28 19:22:01,298] {processor.py:653} WARNING - No viable dags retrieved from /home/felipe/airflow/venv/lib/python3.9/site-packages/airflow/example_dags/example_kubernetes_executor.py
[2023-08-28 19:22:01,477] {processor.py:161} INFO - Processing /home/felipe/airflow/venv/lib/python3.9/site-packages/airflow/example_dags/example_kubernetes_executor.py took 0.750 seconds
[2023-08-28 19:23:23,438] {processor.py:153} INFO - Started process (PID=15117) to work on /home/felipe/airflow/venv/lib/python3.9/site-packages/airflow/example_dags/example_kubernetes_executor.py
[2023-08-28 19:23:23,442] {processor.py:641} INFO - Processing file /home/felipe/airflow/venv/lib/python3.9/site-packages/airflow/example_dags/example_kubernetes_executor.py for tasks to queue
[2023-08-28 19:23:23,452] {logging_mixin.py:115} INFO - [2023-08-28 19:23:23,451] {dagbag.py:507} INFO - Filling up the DagBag from /home/felipe/airflow/venv/lib/python3.9/site-packages/airflow/example_dags/example_kubernetes_executor.py
[2023-08-28 19:23:23,716] {logging_mixin.py:115} INFO - [2023-08-28 19:23:23,716] {example_kubernetes_executor.py:39} WARNING - The example_kubernetes_executor example DAG requires the kubernetes provider. Please install it with: pip install apache-airflow[cncf.kubernetes]
[2023-08-28 19:23:23,718] {processor.py:653} WARNING - No viable dags retrieved from /home/felipe/airflow/venv/lib/python3.9/site-packages/airflow/example_dags/example_kubernetes_executor.py
[2023-08-28 19:23:23,903] {processor.py:161} INFO - Processing /home/felipe/airflow/venv/lib/python3.9/site-packages/airflow/example_dags/example_kubernetes_executor.py took 0.520 seconds
[2023-08-28 19:24:28,040] {processor.py:153} INFO - Started process (PID=15468) to work on /home/felipe/airflow/venv/lib/python3.9/site-packages/airflow/example_dags/example_kubernetes_executor.py
[2023-08-28 19:24:28,042] {processor.py:641} INFO - Processing file /home/felipe/airflow/venv/lib/python3.9/site-packages/airflow/example_dags/example_kubernetes_executor.py for tasks to queue
[2023-08-28 19:24:28,052] {logging_mixin.py:115} INFO - [2023-08-28 19:24:28,051] {dagbag.py:507} INFO - Filling up the DagBag from /home/felipe/airflow/venv/lib/python3.9/site-packages/airflow/example_dags/example_kubernetes_executor.py
[2023-08-28 19:24:28,133] {logging_mixin.py:115} INFO - [2023-08-28 19:24:28,133] {example_kubernetes_executor.py:39} WARNING - The example_kubernetes_executor example DAG requires the kubernetes provider. Please install it with: pip install apache-airflow[cncf.kubernetes]
[2023-08-28 19:24:28,133] {processor.py:653} WARNING - No viable dags retrieved from /home/felipe/airflow/venv/lib/python3.9/site-packages/airflow/example_dags/example_kubernetes_executor.py
[2023-08-28 19:24:28,185] {processor.py:161} INFO - Processing /home/felipe/airflow/venv/lib/python3.9/site-packages/airflow/example_dags/example_kubernetes_executor.py took 0.163 seconds
[2023-08-28 19:27:26,461] {processor.py:153} INFO - Started process (PID=16884) to work on /home/felipe/airflow/venv/lib/python3.9/site-packages/airflow/example_dags/example_kubernetes_executor.py
[2023-08-28 19:27:26,478] {processor.py:641} INFO - Processing file /home/felipe/airflow/venv/lib/python3.9/site-packages/airflow/example_dags/example_kubernetes_executor.py for tasks to queue
[2023-08-28 19:27:26,495] {logging_mixin.py:115} INFO - [2023-08-28 19:27:26,494] {dagbag.py:507} INFO - Filling up the DagBag from /home/felipe/airflow/venv/lib/python3.9/site-packages/airflow/example_dags/example_kubernetes_executor.py
[2023-08-28 19:27:27,161] {logging_mixin.py:115} INFO - [2023-08-28 19:27:27,160] {example_kubernetes_executor.py:39} WARNING - The example_kubernetes_executor example DAG requires the kubernetes provider. Please install it with: pip install apache-airflow[cncf.kubernetes]
[2023-08-28 19:27:27,161] {processor.py:653} WARNING - No viable dags retrieved from /home/felipe/airflow/venv/lib/python3.9/site-packages/airflow/example_dags/example_kubernetes_executor.py
[2023-08-28 19:27:27,391] {processor.py:161} INFO - Processing /home/felipe/airflow/venv/lib/python3.9/site-packages/airflow/example_dags/example_kubernetes_executor.py took 1.014 seconds
[2023-08-28 20:10:32,943] {processor.py:153} INFO - Started process (PID=26141) to work on /home/felipe/airflow/venv/lib/python3.9/site-packages/airflow/example_dags/example_kubernetes_executor.py
[2023-08-28 20:10:32,945] {processor.py:641} INFO - Processing file /home/felipe/airflow/venv/lib/python3.9/site-packages/airflow/example_dags/example_kubernetes_executor.py for tasks to queue
[2023-08-28 20:10:32,947] {logging_mixin.py:115} INFO - [2023-08-28 20:10:32,946] {dagbag.py:507} INFO - Filling up the DagBag from /home/felipe/airflow/venv/lib/python3.9/site-packages/airflow/example_dags/example_kubernetes_executor.py
[2023-08-28 20:10:33,016] {logging_mixin.py:115} INFO - [2023-08-28 20:10:33,016] {example_kubernetes_executor.py:39} WARNING - The example_kubernetes_executor example DAG requires the kubernetes provider. Please install it with: pip install apache-airflow[cncf.kubernetes]
[2023-08-28 20:10:33,017] {processor.py:653} WARNING - No viable dags retrieved from /home/felipe/airflow/venv/lib/python3.9/site-packages/airflow/example_dags/example_kubernetes_executor.py
[2023-08-28 20:10:33,062] {processor.py:161} INFO - Processing /home/felipe/airflow/venv/lib/python3.9/site-packages/airflow/example_dags/example_kubernetes_executor.py took 0.131 seconds
[2023-08-28 20:11:35,831] {processor.py:153} INFO - Started process (PID=26334) to work on /home/felipe/airflow/venv/lib/python3.9/site-packages/airflow/example_dags/example_kubernetes_executor.py
[2023-08-28 20:11:35,834] {processor.py:641} INFO - Processing file /home/felipe/airflow/venv/lib/python3.9/site-packages/airflow/example_dags/example_kubernetes_executor.py for tasks to queue
[2023-08-28 20:11:35,835] {logging_mixin.py:115} INFO - [2023-08-28 20:11:35,835] {dagbag.py:507} INFO - Filling up the DagBag from /home/felipe/airflow/venv/lib/python3.9/site-packages/airflow/example_dags/example_kubernetes_executor.py
[2023-08-28 20:11:35,970] {logging_mixin.py:115} INFO - [2023-08-28 20:11:35,970] {example_kubernetes_executor.py:39} WARNING - The example_kubernetes_executor example DAG requires the kubernetes provider. Please install it with: pip install apache-airflow[cncf.kubernetes]
[2023-08-28 20:11:35,974] {processor.py:653} WARNING - No viable dags retrieved from /home/felipe/airflow/venv/lib/python3.9/site-packages/airflow/example_dags/example_kubernetes_executor.py
[2023-08-28 20:11:36,030] {processor.py:161} INFO - Processing /home/felipe/airflow/venv/lib/python3.9/site-packages/airflow/example_dags/example_kubernetes_executor.py took 0.212 seconds
[2023-08-28 20:14:18,438] {processor.py:153} INFO - Started process (PID=27176) to work on /home/felipe/airflow/venv/lib/python3.9/site-packages/airflow/example_dags/example_kubernetes_executor.py
[2023-08-28 20:14:18,439] {processor.py:641} INFO - Processing file /home/felipe/airflow/venv/lib/python3.9/site-packages/airflow/example_dags/example_kubernetes_executor.py for tasks to queue
[2023-08-28 20:14:18,441] {logging_mixin.py:115} INFO - [2023-08-28 20:14:18,441] {dagbag.py:507} INFO - Filling up the DagBag from /home/felipe/airflow/venv/lib/python3.9/site-packages/airflow/example_dags/example_kubernetes_executor.py
[2023-08-28 20:14:18,497] {logging_mixin.py:115} INFO - [2023-08-28 20:14:18,497] {example_kubernetes_executor.py:39} WARNING - The example_kubernetes_executor example DAG requires the kubernetes provider. Please install it with: pip install apache-airflow[cncf.kubernetes]
[2023-08-28 20:14:18,497] {processor.py:653} WARNING - No viable dags retrieved from /home/felipe/airflow/venv/lib/python3.9/site-packages/airflow/example_dags/example_kubernetes_executor.py
[2023-08-28 20:14:18,532] {processor.py:161} INFO - Processing /home/felipe/airflow/venv/lib/python3.9/site-packages/airflow/example_dags/example_kubernetes_executor.py took 0.106 seconds
[2023-08-28 20:15:08,568] {processor.py:153} INFO - Started process (PID=27321) to work on /home/felipe/airflow/venv/lib/python3.9/site-packages/airflow/example_dags/example_kubernetes_executor.py
[2023-08-28 20:15:08,569] {processor.py:641} INFO - Processing file /home/felipe/airflow/venv/lib/python3.9/site-packages/airflow/example_dags/example_kubernetes_executor.py for tasks to queue
[2023-08-28 20:15:08,571] {logging_mixin.py:115} INFO - [2023-08-28 20:15:08,571] {dagbag.py:507} INFO - Filling up the DagBag from /home/felipe/airflow/venv/lib/python3.9/site-packages/airflow/example_dags/example_kubernetes_executor.py
[2023-08-28 20:15:08,622] {logging_mixin.py:115} INFO - [2023-08-28 20:15:08,622] {example_kubernetes_executor.py:39} WARNING - The example_kubernetes_executor example DAG requires the kubernetes provider. Please install it with: pip install apache-airflow[cncf.kubernetes]
[2023-08-28 20:15:08,622] {processor.py:653} WARNING - No viable dags retrieved from /home/felipe/airflow/venv/lib/python3.9/site-packages/airflow/example_dags/example_kubernetes_executor.py
[2023-08-28 20:15:08,662] {processor.py:161} INFO - Processing /home/felipe/airflow/venv/lib/python3.9/site-packages/airflow/example_dags/example_kubernetes_executor.py took 0.106 seconds
[2023-08-28 20:16:05,069] {processor.py:153} INFO - Started process (PID=27676) to work on /home/felipe/airflow/venv/lib/python3.9/site-packages/airflow/example_dags/example_kubernetes_executor.py
[2023-08-28 20:16:05,071] {processor.py:641} INFO - Processing file /home/felipe/airflow/venv/lib/python3.9/site-packages/airflow/example_dags/example_kubernetes_executor.py for tasks to queue
[2023-08-28 20:16:05,073] {logging_mixin.py:115} INFO - [2023-08-28 20:16:05,072] {dagbag.py:507} INFO - Filling up the DagBag from /home/felipe/airflow/venv/lib/python3.9/site-packages/airflow/example_dags/example_kubernetes_executor.py
[2023-08-28 20:16:05,131] {logging_mixin.py:115} INFO - [2023-08-28 20:16:05,131] {example_kubernetes_executor.py:39} WARNING - The example_kubernetes_executor example DAG requires the kubernetes provider. Please install it with: pip install apache-airflow[cncf.kubernetes]
[2023-08-28 20:16:05,131] {processor.py:653} WARNING - No viable dags retrieved from /home/felipe/airflow/venv/lib/python3.9/site-packages/airflow/example_dags/example_kubernetes_executor.py
[2023-08-28 20:16:05,177] {processor.py:161} INFO - Processing /home/felipe/airflow/venv/lib/python3.9/site-packages/airflow/example_dags/example_kubernetes_executor.py took 0.122 seconds
[2023-08-28 20:17:46,537] {processor.py:153} INFO - Started process (PID=28515) to work on /home/felipe/airflow/venv/lib/python3.9/site-packages/airflow/example_dags/example_kubernetes_executor.py
[2023-08-28 20:17:46,540] {processor.py:641} INFO - Processing file /home/felipe/airflow/venv/lib/python3.9/site-packages/airflow/example_dags/example_kubernetes_executor.py for tasks to queue
[2023-08-28 20:17:46,542] {logging_mixin.py:115} INFO - [2023-08-28 20:17:46,542] {dagbag.py:507} INFO - Filling up the DagBag from /home/felipe/airflow/venv/lib/python3.9/site-packages/airflow/example_dags/example_kubernetes_executor.py
[2023-08-28 20:17:46,603] {logging_mixin.py:115} INFO - [2023-08-28 20:17:46,603] {example_kubernetes_executor.py:39} WARNING - The example_kubernetes_executor example DAG requires the kubernetes provider. Please install it with: pip install apache-airflow[cncf.kubernetes]
[2023-08-28 20:17:46,604] {processor.py:653} WARNING - No viable dags retrieved from /home/felipe/airflow/venv/lib/python3.9/site-packages/airflow/example_dags/example_kubernetes_executor.py
[2023-08-28 20:17:46,645] {processor.py:161} INFO - Processing /home/felipe/airflow/venv/lib/python3.9/site-packages/airflow/example_dags/example_kubernetes_executor.py took 0.124 seconds
[2023-08-28 20:19:40,051] {processor.py:153} INFO - Started process (PID=29575) to work on /home/felipe/airflow/venv/lib/python3.9/site-packages/airflow/example_dags/example_kubernetes_executor.py
[2023-08-28 20:19:40,053] {processor.py:641} INFO - Processing file /home/felipe/airflow/venv/lib/python3.9/site-packages/airflow/example_dags/example_kubernetes_executor.py for tasks to queue
[2023-08-28 20:19:40,055] {logging_mixin.py:115} INFO - [2023-08-28 20:19:40,054] {dagbag.py:507} INFO - Filling up the DagBag from /home/felipe/airflow/venv/lib/python3.9/site-packages/airflow/example_dags/example_kubernetes_executor.py
[2023-08-28 20:19:40,106] {logging_mixin.py:115} INFO - [2023-08-28 20:19:40,106] {example_kubernetes_executor.py:39} WARNING - The example_kubernetes_executor example DAG requires the kubernetes provider. Please install it with: pip install apache-airflow[cncf.kubernetes]
[2023-08-28 20:19:40,107] {processor.py:653} WARNING - No viable dags retrieved from /home/felipe/airflow/venv/lib/python3.9/site-packages/airflow/example_dags/example_kubernetes_executor.py
[2023-08-28 20:19:40,139] {processor.py:161} INFO - Processing /home/felipe/airflow/venv/lib/python3.9/site-packages/airflow/example_dags/example_kubernetes_executor.py took 0.100 seconds
[2023-08-28 20:20:31,944] {processor.py:153} INFO - Started process (PID=29724) to work on /home/felipe/airflow/venv/lib/python3.9/site-packages/airflow/example_dags/example_kubernetes_executor.py
[2023-08-28 20:20:31,947] {processor.py:641} INFO - Processing file /home/felipe/airflow/venv/lib/python3.9/site-packages/airflow/example_dags/example_kubernetes_executor.py for tasks to queue
[2023-08-28 20:20:31,949] {logging_mixin.py:115} INFO - [2023-08-28 20:20:31,948] {dagbag.py:507} INFO - Filling up the DagBag from /home/felipe/airflow/venv/lib/python3.9/site-packages/airflow/example_dags/example_kubernetes_executor.py
[2023-08-28 20:20:32,021] {logging_mixin.py:115} INFO - [2023-08-28 20:20:32,020] {example_kubernetes_executor.py:39} WARNING - The example_kubernetes_executor example DAG requires the kubernetes provider. Please install it with: pip install apache-airflow[cncf.kubernetes]
[2023-08-28 20:20:32,021] {processor.py:653} WARNING - No viable dags retrieved from /home/felipe/airflow/venv/lib/python3.9/site-packages/airflow/example_dags/example_kubernetes_executor.py
[2023-08-28 20:20:32,077] {processor.py:161} INFO - Processing /home/felipe/airflow/venv/lib/python3.9/site-packages/airflow/example_dags/example_kubernetes_executor.py took 0.144 seconds
[2023-08-28 20:22:45,853] {processor.py:153} INFO - Started process (PID=31199) to work on /home/felipe/airflow/venv/lib/python3.9/site-packages/airflow/example_dags/example_kubernetes_executor.py
[2023-08-28 20:22:45,856] {processor.py:641} INFO - Processing file /home/felipe/airflow/venv/lib/python3.9/site-packages/airflow/example_dags/example_kubernetes_executor.py for tasks to queue
[2023-08-28 20:22:45,858] {logging_mixin.py:115} INFO - [2023-08-28 20:22:45,857] {dagbag.py:507} INFO - Filling up the DagBag from /home/felipe/airflow/venv/lib/python3.9/site-packages/airflow/example_dags/example_kubernetes_executor.py
[2023-08-28 20:22:45,927] {logging_mixin.py:115} INFO - [2023-08-28 20:22:45,925] {example_kubernetes_executor.py:39} WARNING - The example_kubernetes_executor example DAG requires the kubernetes provider. Please install it with: pip install apache-airflow[cncf.kubernetes]
[2023-08-28 20:22:45,928] {processor.py:653} WARNING - No viable dags retrieved from /home/felipe/airflow/venv/lib/python3.9/site-packages/airflow/example_dags/example_kubernetes_executor.py
[2023-08-28 20:22:45,987] {processor.py:161} INFO - Processing /home/felipe/airflow/venv/lib/python3.9/site-packages/airflow/example_dags/example_kubernetes_executor.py took 0.147 seconds
[2023-08-28 20:23:39,721] {processor.py:153} INFO - Started process (PID=31363) to work on /home/felipe/airflow/venv/lib/python3.9/site-packages/airflow/example_dags/example_kubernetes_executor.py
[2023-08-28 20:23:39,723] {processor.py:641} INFO - Processing file /home/felipe/airflow/venv/lib/python3.9/site-packages/airflow/example_dags/example_kubernetes_executor.py for tasks to queue
[2023-08-28 20:23:39,724] {logging_mixin.py:115} INFO - [2023-08-28 20:23:39,724] {dagbag.py:507} INFO - Filling up the DagBag from /home/felipe/airflow/venv/lib/python3.9/site-packages/airflow/example_dags/example_kubernetes_executor.py
[2023-08-28 20:23:39,776] {logging_mixin.py:115} INFO - [2023-08-28 20:23:39,776] {example_kubernetes_executor.py:39} WARNING - The example_kubernetes_executor example DAG requires the kubernetes provider. Please install it with: pip install apache-airflow[cncf.kubernetes]
[2023-08-28 20:23:39,777] {processor.py:653} WARNING - No viable dags retrieved from /home/felipe/airflow/venv/lib/python3.9/site-packages/airflow/example_dags/example_kubernetes_executor.py
[2023-08-28 20:23:39,821] {processor.py:161} INFO - Processing /home/felipe/airflow/venv/lib/python3.9/site-packages/airflow/example_dags/example_kubernetes_executor.py took 0.112 seconds
[2023-08-28 20:24:34,526] {processor.py:153} INFO - Started process (PID=31528) to work on /home/felipe/airflow/venv/lib/python3.9/site-packages/airflow/example_dags/example_kubernetes_executor.py
[2023-08-28 20:24:34,535] {processor.py:641} INFO - Processing file /home/felipe/airflow/venv/lib/python3.9/site-packages/airflow/example_dags/example_kubernetes_executor.py for tasks to queue
[2023-08-28 20:24:34,538] {logging_mixin.py:115} INFO - [2023-08-28 20:24:34,538] {dagbag.py:507} INFO - Filling up the DagBag from /home/felipe/airflow/venv/lib/python3.9/site-packages/airflow/example_dags/example_kubernetes_executor.py
[2023-08-28 20:24:34,679] {logging_mixin.py:115} INFO - [2023-08-28 20:24:34,679] {example_kubernetes_executor.py:39} WARNING - The example_kubernetes_executor example DAG requires the kubernetes provider. Please install it with: pip install apache-airflow[cncf.kubernetes]
[2023-08-28 20:24:34,684] {processor.py:653} WARNING - No viable dags retrieved from /home/felipe/airflow/venv/lib/python3.9/site-packages/airflow/example_dags/example_kubernetes_executor.py
[2023-08-28 20:24:34,785] {processor.py:161} INFO - Processing /home/felipe/airflow/venv/lib/python3.9/site-packages/airflow/example_dags/example_kubernetes_executor.py took 0.296 seconds
[2023-08-28 20:26:19,067] {processor.py:153} INFO - Started process (PID=32615) to work on /home/felipe/airflow/venv/lib/python3.9/site-packages/airflow/example_dags/example_kubernetes_executor.py
[2023-08-28 20:26:19,070] {processor.py:641} INFO - Processing file /home/felipe/airflow/venv/lib/python3.9/site-packages/airflow/example_dags/example_kubernetes_executor.py for tasks to queue
[2023-08-28 20:26:19,072] {logging_mixin.py:115} INFO - [2023-08-28 20:26:19,071] {dagbag.py:507} INFO - Filling up the DagBag from /home/felipe/airflow/venv/lib/python3.9/site-packages/airflow/example_dags/example_kubernetes_executor.py
[2023-08-28 20:26:19,135] {logging_mixin.py:115} INFO - [2023-08-28 20:26:19,135] {example_kubernetes_executor.py:39} WARNING - The example_kubernetes_executor example DAG requires the kubernetes provider. Please install it with: pip install apache-airflow[cncf.kubernetes]
[2023-08-28 20:26:19,137] {processor.py:653} WARNING - No viable dags retrieved from /home/felipe/airflow/venv/lib/python3.9/site-packages/airflow/example_dags/example_kubernetes_executor.py
[2023-08-28 20:26:19,189] {processor.py:161} INFO - Processing /home/felipe/airflow/venv/lib/python3.9/site-packages/airflow/example_dags/example_kubernetes_executor.py took 0.136 seconds
[2023-08-28 20:27:04,252] {processor.py:153} INFO - Started process (PID=32716) to work on /home/felipe/airflow/venv/lib/python3.9/site-packages/airflow/example_dags/example_kubernetes_executor.py
[2023-08-28 20:27:04,254] {processor.py:641} INFO - Processing file /home/felipe/airflow/venv/lib/python3.9/site-packages/airflow/example_dags/example_kubernetes_executor.py for tasks to queue
[2023-08-28 20:27:04,256] {logging_mixin.py:115} INFO - [2023-08-28 20:27:04,256] {dagbag.py:507} INFO - Filling up the DagBag from /home/felipe/airflow/venv/lib/python3.9/site-packages/airflow/example_dags/example_kubernetes_executor.py
[2023-08-28 20:27:04,314] {logging_mixin.py:115} INFO - [2023-08-28 20:27:04,314] {example_kubernetes_executor.py:39} WARNING - The example_kubernetes_executor example DAG requires the kubernetes provider. Please install it with: pip install apache-airflow[cncf.kubernetes]
[2023-08-28 20:27:04,315] {processor.py:653} WARNING - No viable dags retrieved from /home/felipe/airflow/venv/lib/python3.9/site-packages/airflow/example_dags/example_kubernetes_executor.py
[2023-08-28 20:27:04,349] {processor.py:161} INFO - Processing /home/felipe/airflow/venv/lib/python3.9/site-packages/airflow/example_dags/example_kubernetes_executor.py took 0.109 seconds
[2023-08-28 20:29:11,154] {processor.py:153} INFO - Started process (PID=1205) to work on /home/felipe/airflow/venv/lib/python3.9/site-packages/airflow/example_dags/example_kubernetes_executor.py
[2023-08-28 20:29:11,164] {processor.py:641} INFO - Processing file /home/felipe/airflow/venv/lib/python3.9/site-packages/airflow/example_dags/example_kubernetes_executor.py for tasks to queue
[2023-08-28 20:29:11,167] {logging_mixin.py:115} INFO - [2023-08-28 20:29:11,167] {dagbag.py:507} INFO - Filling up the DagBag from /home/felipe/airflow/venv/lib/python3.9/site-packages/airflow/example_dags/example_kubernetes_executor.py
[2023-08-28 20:29:11,420] {logging_mixin.py:115} INFO - [2023-08-28 20:29:11,420] {example_kubernetes_executor.py:39} WARNING - The example_kubernetes_executor example DAG requires the kubernetes provider. Please install it with: pip install apache-airflow[cncf.kubernetes]
[2023-08-28 20:29:11,421] {processor.py:653} WARNING - No viable dags retrieved from /home/felipe/airflow/venv/lib/python3.9/site-packages/airflow/example_dags/example_kubernetes_executor.py
[2023-08-28 20:29:11,521] {processor.py:161} INFO - Processing /home/felipe/airflow/venv/lib/python3.9/site-packages/airflow/example_dags/example_kubernetes_executor.py took 0.400 seconds
[2023-08-28 20:31:38,262] {processor.py:153} INFO - Started process (PID=2653) to work on /home/felipe/airflow/venv/lib/python3.9/site-packages/airflow/example_dags/example_kubernetes_executor.py
[2023-08-28 20:31:38,264] {processor.py:641} INFO - Processing file /home/felipe/airflow/venv/lib/python3.9/site-packages/airflow/example_dags/example_kubernetes_executor.py for tasks to queue
[2023-08-28 20:31:38,265] {logging_mixin.py:115} INFO - [2023-08-28 20:31:38,265] {dagbag.py:507} INFO - Filling up the DagBag from /home/felipe/airflow/venv/lib/python3.9/site-packages/airflow/example_dags/example_kubernetes_executor.py
[2023-08-28 20:31:38,349] {logging_mixin.py:115} INFO - [2023-08-28 20:31:38,349] {example_kubernetes_executor.py:39} WARNING - The example_kubernetes_executor example DAG requires the kubernetes provider. Please install it with: pip install apache-airflow[cncf.kubernetes]
[2023-08-28 20:31:38,349] {processor.py:653} WARNING - No viable dags retrieved from /home/felipe/airflow/venv/lib/python3.9/site-packages/airflow/example_dags/example_kubernetes_executor.py
[2023-08-28 20:31:38,391] {processor.py:161} INFO - Processing /home/felipe/airflow/venv/lib/python3.9/site-packages/airflow/example_dags/example_kubernetes_executor.py took 0.143 seconds
[2023-08-28 20:32:28,056] {processor.py:153} INFO - Started process (PID=2875) to work on /home/felipe/airflow/venv/lib/python3.9/site-packages/airflow/example_dags/example_kubernetes_executor.py
[2023-08-28 20:32:28,057] {processor.py:641} INFO - Processing file /home/felipe/airflow/venv/lib/python3.9/site-packages/airflow/example_dags/example_kubernetes_executor.py for tasks to queue
[2023-08-28 20:32:28,059] {logging_mixin.py:115} INFO - [2023-08-28 20:32:28,058] {dagbag.py:507} INFO - Filling up the DagBag from /home/felipe/airflow/venv/lib/python3.9/site-packages/airflow/example_dags/example_kubernetes_executor.py
[2023-08-28 20:32:28,125] {logging_mixin.py:115} INFO - [2023-08-28 20:32:28,125] {example_kubernetes_executor.py:39} WARNING - The example_kubernetes_executor example DAG requires the kubernetes provider. Please install it with: pip install apache-airflow[cncf.kubernetes]
[2023-08-28 20:32:28,126] {processor.py:653} WARNING - No viable dags retrieved from /home/felipe/airflow/venv/lib/python3.9/site-packages/airflow/example_dags/example_kubernetes_executor.py
[2023-08-28 20:32:28,164] {processor.py:161} INFO - Processing /home/felipe/airflow/venv/lib/python3.9/site-packages/airflow/example_dags/example_kubernetes_executor.py took 0.120 seconds
[2023-08-28 20:33:25,517] {processor.py:153} INFO - Started process (PID=3052) to work on /home/felipe/airflow/venv/lib/python3.9/site-packages/airflow/example_dags/example_kubernetes_executor.py
[2023-08-28 20:33:25,518] {processor.py:641} INFO - Processing file /home/felipe/airflow/venv/lib/python3.9/site-packages/airflow/example_dags/example_kubernetes_executor.py for tasks to queue
[2023-08-28 20:33:25,520] {logging_mixin.py:115} INFO - [2023-08-28 20:33:25,520] {dagbag.py:507} INFO - Filling up the DagBag from /home/felipe/airflow/venv/lib/python3.9/site-packages/airflow/example_dags/example_kubernetes_executor.py
[2023-08-28 20:33:25,582] {logging_mixin.py:115} INFO - [2023-08-28 20:33:25,582] {example_kubernetes_executor.py:39} WARNING - The example_kubernetes_executor example DAG requires the kubernetes provider. Please install it with: pip install apache-airflow[cncf.kubernetes]
[2023-08-28 20:33:25,582] {processor.py:653} WARNING - No viable dags retrieved from /home/felipe/airflow/venv/lib/python3.9/site-packages/airflow/example_dags/example_kubernetes_executor.py
[2023-08-28 20:33:25,616] {processor.py:161} INFO - Processing /home/felipe/airflow/venv/lib/python3.9/site-packages/airflow/example_dags/example_kubernetes_executor.py took 0.110 seconds
[2023-08-28 20:34:16,738] {processor.py:153} INFO - Started process (PID=3199) to work on /home/felipe/airflow/venv/lib/python3.9/site-packages/airflow/example_dags/example_kubernetes_executor.py
[2023-08-28 20:34:16,740] {processor.py:641} INFO - Processing file /home/felipe/airflow/venv/lib/python3.9/site-packages/airflow/example_dags/example_kubernetes_executor.py for tasks to queue
[2023-08-28 20:34:16,743] {logging_mixin.py:115} INFO - [2023-08-28 20:34:16,742] {dagbag.py:507} INFO - Filling up the DagBag from /home/felipe/airflow/venv/lib/python3.9/site-packages/airflow/example_dags/example_kubernetes_executor.py
[2023-08-28 20:34:16,818] {logging_mixin.py:115} INFO - [2023-08-28 20:34:16,817] {example_kubernetes_executor.py:39} WARNING - The example_kubernetes_executor example DAG requires the kubernetes provider. Please install it with: pip install apache-airflow[cncf.kubernetes]
[2023-08-28 20:34:16,818] {processor.py:653} WARNING - No viable dags retrieved from /home/felipe/airflow/venv/lib/python3.9/site-packages/airflow/example_dags/example_kubernetes_executor.py
[2023-08-28 20:34:16,856] {processor.py:161} INFO - Processing /home/felipe/airflow/venv/lib/python3.9/site-packages/airflow/example_dags/example_kubernetes_executor.py took 0.133 seconds
[2023-08-28 20:35:15,461] {processor.py:153} INFO - Started process (PID=3348) to work on /home/felipe/airflow/venv/lib/python3.9/site-packages/airflow/example_dags/example_kubernetes_executor.py
[2023-08-28 20:35:15,463] {processor.py:641} INFO - Processing file /home/felipe/airflow/venv/lib/python3.9/site-packages/airflow/example_dags/example_kubernetes_executor.py for tasks to queue
[2023-08-28 20:35:15,464] {logging_mixin.py:115} INFO - [2023-08-28 20:35:15,464] {dagbag.py:507} INFO - Filling up the DagBag from /home/felipe/airflow/venv/lib/python3.9/site-packages/airflow/example_dags/example_kubernetes_executor.py
[2023-08-28 20:35:15,531] {logging_mixin.py:115} INFO - [2023-08-28 20:35:15,531] {example_kubernetes_executor.py:39} WARNING - The example_kubernetes_executor example DAG requires the kubernetes provider. Please install it with: pip install apache-airflow[cncf.kubernetes]
[2023-08-28 20:35:15,532] {processor.py:653} WARNING - No viable dags retrieved from /home/felipe/airflow/venv/lib/python3.9/site-packages/airflow/example_dags/example_kubernetes_executor.py
[2023-08-28 20:35:15,568] {processor.py:161} INFO - Processing /home/felipe/airflow/venv/lib/python3.9/site-packages/airflow/example_dags/example_kubernetes_executor.py took 0.118 seconds
[2023-08-28 20:36:05,240] {processor.py:153} INFO - Started process (PID=3495) to work on /home/felipe/airflow/venv/lib/python3.9/site-packages/airflow/example_dags/example_kubernetes_executor.py
[2023-08-28 20:36:05,242] {processor.py:641} INFO - Processing file /home/felipe/airflow/venv/lib/python3.9/site-packages/airflow/example_dags/example_kubernetes_executor.py for tasks to queue
[2023-08-28 20:36:05,243] {logging_mixin.py:115} INFO - [2023-08-28 20:36:05,243] {dagbag.py:507} INFO - Filling up the DagBag from /home/felipe/airflow/venv/lib/python3.9/site-packages/airflow/example_dags/example_kubernetes_executor.py
[2023-08-28 20:36:05,324] {logging_mixin.py:115} INFO - [2023-08-28 20:36:05,324] {example_kubernetes_executor.py:39} WARNING - The example_kubernetes_executor example DAG requires the kubernetes provider. Please install it with: pip install apache-airflow[cncf.kubernetes]
[2023-08-28 20:36:05,324] {processor.py:653} WARNING - No viable dags retrieved from /home/felipe/airflow/venv/lib/python3.9/site-packages/airflow/example_dags/example_kubernetes_executor.py
[2023-08-28 20:36:05,361] {processor.py:161} INFO - Processing /home/felipe/airflow/venv/lib/python3.9/site-packages/airflow/example_dags/example_kubernetes_executor.py took 0.135 seconds
[2023-08-28 20:36:57,343] {processor.py:153} INFO - Started process (PID=3638) to work on /home/felipe/airflow/venv/lib/python3.9/site-packages/airflow/example_dags/example_kubernetes_executor.py
[2023-08-28 20:36:57,344] {processor.py:641} INFO - Processing file /home/felipe/airflow/venv/lib/python3.9/site-packages/airflow/example_dags/example_kubernetes_executor.py for tasks to queue
[2023-08-28 20:36:57,346] {logging_mixin.py:115} INFO - [2023-08-28 20:36:57,346] {dagbag.py:507} INFO - Filling up the DagBag from /home/felipe/airflow/venv/lib/python3.9/site-packages/airflow/example_dags/example_kubernetes_executor.py
[2023-08-28 20:36:57,419] {logging_mixin.py:115} INFO - [2023-08-28 20:36:57,419] {example_kubernetes_executor.py:39} WARNING - The example_kubernetes_executor example DAG requires the kubernetes provider. Please install it with: pip install apache-airflow[cncf.kubernetes]
[2023-08-28 20:36:57,420] {processor.py:653} WARNING - No viable dags retrieved from /home/felipe/airflow/venv/lib/python3.9/site-packages/airflow/example_dags/example_kubernetes_executor.py
[2023-08-28 20:36:57,457] {processor.py:161} INFO - Processing /home/felipe/airflow/venv/lib/python3.9/site-packages/airflow/example_dags/example_kubernetes_executor.py took 0.126 seconds
[2023-08-28 20:37:51,655] {processor.py:153} INFO - Started process (PID=3837) to work on /home/felipe/airflow/venv/lib/python3.9/site-packages/airflow/example_dags/example_kubernetes_executor.py
[2023-08-28 20:37:51,657] {processor.py:641} INFO - Processing file /home/felipe/airflow/venv/lib/python3.9/site-packages/airflow/example_dags/example_kubernetes_executor.py for tasks to queue
[2023-08-28 20:37:51,659] {logging_mixin.py:115} INFO - [2023-08-28 20:37:51,658] {dagbag.py:507} INFO - Filling up the DagBag from /home/felipe/airflow/venv/lib/python3.9/site-packages/airflow/example_dags/example_kubernetes_executor.py
[2023-08-28 20:37:51,727] {logging_mixin.py:115} INFO - [2023-08-28 20:37:51,727] {example_kubernetes_executor.py:39} WARNING - The example_kubernetes_executor example DAG requires the kubernetes provider. Please install it with: pip install apache-airflow[cncf.kubernetes]
[2023-08-28 20:37:51,727] {processor.py:653} WARNING - No viable dags retrieved from /home/felipe/airflow/venv/lib/python3.9/site-packages/airflow/example_dags/example_kubernetes_executor.py
[2023-08-28 20:37:51,763] {processor.py:161} INFO - Processing /home/felipe/airflow/venv/lib/python3.9/site-packages/airflow/example_dags/example_kubernetes_executor.py took 0.122 seconds
[2023-08-28 20:38:49,898] {processor.py:153} INFO - Started process (PID=4038) to work on /home/felipe/airflow/venv/lib/python3.9/site-packages/airflow/example_dags/example_kubernetes_executor.py
[2023-08-28 20:38:49,906] {processor.py:641} INFO - Processing file /home/felipe/airflow/venv/lib/python3.9/site-packages/airflow/example_dags/example_kubernetes_executor.py for tasks to queue
[2023-08-28 20:38:49,909] {logging_mixin.py:115} INFO - [2023-08-28 20:38:49,909] {dagbag.py:507} INFO - Filling up the DagBag from /home/felipe/airflow/venv/lib/python3.9/site-packages/airflow/example_dags/example_kubernetes_executor.py
[2023-08-28 20:38:50,058] {logging_mixin.py:115} INFO - [2023-08-28 20:38:50,058] {example_kubernetes_executor.py:39} WARNING - The example_kubernetes_executor example DAG requires the kubernetes provider. Please install it with: pip install apache-airflow[cncf.kubernetes]
[2023-08-28 20:38:50,058] {processor.py:653} WARNING - No viable dags retrieved from /home/felipe/airflow/venv/lib/python3.9/site-packages/airflow/example_dags/example_kubernetes_executor.py
[2023-08-28 20:38:50,099] {processor.py:161} INFO - Processing /home/felipe/airflow/venv/lib/python3.9/site-packages/airflow/example_dags/example_kubernetes_executor.py took 0.241 seconds
[2023-08-28 20:39:41,634] {processor.py:153} INFO - Started process (PID=4183) to work on /home/felipe/airflow/venv/lib/python3.9/site-packages/airflow/example_dags/example_kubernetes_executor.py
[2023-08-28 20:39:41,635] {processor.py:641} INFO - Processing file /home/felipe/airflow/venv/lib/python3.9/site-packages/airflow/example_dags/example_kubernetes_executor.py for tasks to queue
[2023-08-28 20:39:41,637] {logging_mixin.py:115} INFO - [2023-08-28 20:39:41,637] {dagbag.py:507} INFO - Filling up the DagBag from /home/felipe/airflow/venv/lib/python3.9/site-packages/airflow/example_dags/example_kubernetes_executor.py
[2023-08-28 20:39:41,703] {logging_mixin.py:115} INFO - [2023-08-28 20:39:41,702] {example_kubernetes_executor.py:39} WARNING - The example_kubernetes_executor example DAG requires the kubernetes provider. Please install it with: pip install apache-airflow[cncf.kubernetes]
[2023-08-28 20:39:41,703] {processor.py:653} WARNING - No viable dags retrieved from /home/felipe/airflow/venv/lib/python3.9/site-packages/airflow/example_dags/example_kubernetes_executor.py
[2023-08-28 20:39:41,736] {processor.py:161} INFO - Processing /home/felipe/airflow/venv/lib/python3.9/site-packages/airflow/example_dags/example_kubernetes_executor.py took 0.113 seconds
[2023-08-28 20:42:58,927] {processor.py:153} INFO - Started process (PID=6106) to work on /home/felipe/airflow/venv/lib/python3.9/site-packages/airflow/example_dags/example_kubernetes_executor.py
[2023-08-28 20:42:58,935] {processor.py:641} INFO - Processing file /home/felipe/airflow/venv/lib/python3.9/site-packages/airflow/example_dags/example_kubernetes_executor.py for tasks to queue
[2023-08-28 20:42:58,957] {logging_mixin.py:115} INFO - [2023-08-28 20:42:58,951] {dagbag.py:507} INFO - Filling up the DagBag from /home/felipe/airflow/venv/lib/python3.9/site-packages/airflow/example_dags/example_kubernetes_executor.py
[2023-08-28 20:42:59,526] {logging_mixin.py:115} INFO - [2023-08-28 20:42:59,525] {example_kubernetes_executor.py:39} WARNING - The example_kubernetes_executor example DAG requires the kubernetes provider. Please install it with: pip install apache-airflow[cncf.kubernetes]
[2023-08-28 20:42:59,527] {processor.py:653} WARNING - No viable dags retrieved from /home/felipe/airflow/venv/lib/python3.9/site-packages/airflow/example_dags/example_kubernetes_executor.py
[2023-08-28 20:42:59,862] {processor.py:161} INFO - Processing /home/felipe/airflow/venv/lib/python3.9/site-packages/airflow/example_dags/example_kubernetes_executor.py took 1.003 seconds
