[2023-08-28 19:04:37,676] {processor.py:153} INFO - Started process (PID=8217) to work on /home/felipe/airflow/venv/lib/python3.9/site-packages/airflow/example_dags/example_latest_only_with_trigger.py
[2023-08-28 19:04:37,680] {processor.py:641} INFO - Processing file /home/felipe/airflow/venv/lib/python3.9/site-packages/airflow/example_dags/example_latest_only_with_trigger.py for tasks to queue
[2023-08-28 19:04:37,682] {logging_mixin.py:115} INFO - [2023-08-28 19:04:37,682] {dagbag.py:507} INFO - Filling up the DagBag from /home/felipe/airflow/venv/lib/python3.9/site-packages/airflow/example_dags/example_latest_only_with_trigger.py
[2023-08-28 19:04:37,713] {processor.py:651} INFO - DAG(s) dict_keys(['latest_only_with_trigger']) retrieved from /home/felipe/airflow/venv/lib/python3.9/site-packages/airflow/example_dags/example_latest_only_with_trigger.py
[2023-08-28 19:04:38,079] {logging_mixin.py:115} INFO - [2023-08-28 19:04:38,079] {manager.py:508} INFO - Created Permission View: can delete on DAG:latest_only_with_trigger
[2023-08-28 19:04:38,118] {logging_mixin.py:115} INFO - [2023-08-28 19:04:38,118] {manager.py:508} INFO - Created Permission View: can read on DAG:latest_only_with_trigger
[2023-08-28 19:04:38,153] {logging_mixin.py:115} INFO - [2023-08-28 19:04:38,153] {manager.py:508} INFO - Created Permission View: can edit on DAG:latest_only_with_trigger
[2023-08-28 19:04:38,154] {logging_mixin.py:115} INFO - [2023-08-28 19:04:38,154] {dag.py:2379} INFO - Sync 1 DAGs
[2023-08-28 19:04:38,203] {logging_mixin.py:115} INFO - [2023-08-28 19:04:38,202] {dag.py:2398} INFO - Creating ORM DAG for latest_only_with_trigger
[2023-08-28 19:04:38,253] {logging_mixin.py:115} INFO - [2023-08-28 19:04:38,253] {dag.py:2927} INFO - Setting next_dagrun for latest_only_with_trigger to 2023-08-28T18:04:38.252512+00:00, run_after=2023-08-28T22:04:38.252512+00:00
[2023-08-28 19:04:38,313] {processor.py:161} INFO - Processing /home/felipe/airflow/venv/lib/python3.9/site-packages/airflow/example_dags/example_latest_only_with_trigger.py took 0.653 seconds
[2023-08-28 19:06:02,762] {processor.py:153} INFO - Started process (PID=8892) to work on /home/felipe/airflow/venv/lib/python3.9/site-packages/airflow/example_dags/example_latest_only_with_trigger.py
[2023-08-28 19:06:02,766] {processor.py:641} INFO - Processing file /home/felipe/airflow/venv/lib/python3.9/site-packages/airflow/example_dags/example_latest_only_with_trigger.py for tasks to queue
[2023-08-28 19:06:02,768] {logging_mixin.py:115} INFO - [2023-08-28 19:06:02,768] {dagbag.py:507} INFO - Filling up the DagBag from /home/felipe/airflow/venv/lib/python3.9/site-packages/airflow/example_dags/example_latest_only_with_trigger.py
[2023-08-28 19:06:02,817] {processor.py:651} INFO - DAG(s) dict_keys(['latest_only_with_trigger']) retrieved from /home/felipe/airflow/venv/lib/python3.9/site-packages/airflow/example_dags/example_latest_only_with_trigger.py
[2023-08-28 19:06:02,902] {logging_mixin.py:115} INFO - [2023-08-28 19:06:02,902] {dag.py:2379} INFO - Sync 1 DAGs
[2023-08-28 19:06:03,000] {logging_mixin.py:115} INFO - [2023-08-28 19:06:02,999] {dag.py:2927} INFO - Setting next_dagrun for latest_only_with_trigger to 2023-08-28T18:06:02.998986+00:00, run_after=2023-08-28T22:06:02.998986+00:00
[2023-08-28 19:06:03,052] {processor.py:161} INFO - Processing /home/felipe/airflow/venv/lib/python3.9/site-packages/airflow/example_dags/example_latest_only_with_trigger.py took 0.319 seconds
[2023-08-28 19:08:16,035] {processor.py:153} INFO - Started process (PID=10034) to work on /home/felipe/airflow/venv/lib/python3.9/site-packages/airflow/example_dags/example_latest_only_with_trigger.py
[2023-08-28 19:08:16,051] {processor.py:641} INFO - Processing file /home/felipe/airflow/venv/lib/python3.9/site-packages/airflow/example_dags/example_latest_only_with_trigger.py for tasks to queue
[2023-08-28 19:08:16,067] {logging_mixin.py:115} INFO - [2023-08-28 19:08:16,065] {dagbag.py:507} INFO - Filling up the DagBag from /home/felipe/airflow/venv/lib/python3.9/site-packages/airflow/example_dags/example_latest_only_with_trigger.py
[2023-08-28 19:08:16,467] {processor.py:651} INFO - DAG(s) dict_keys(['latest_only_with_trigger']) retrieved from /home/felipe/airflow/venv/lib/python3.9/site-packages/airflow/example_dags/example_latest_only_with_trigger.py
[2023-08-28 19:08:16,982] {logging_mixin.py:115} INFO - [2023-08-28 19:08:16,982] {dag.py:2379} INFO - Sync 1 DAGs
[2023-08-28 19:08:17,199] {logging_mixin.py:115} INFO - [2023-08-28 19:08:17,199] {dag.py:2927} INFO - Setting next_dagrun for latest_only_with_trigger to 2023-08-28T18:08:17.197831+00:00, run_after=2023-08-28T22:08:17.197831+00:00
[2023-08-28 19:08:17,282] {processor.py:161} INFO - Processing /home/felipe/airflow/venv/lib/python3.9/site-packages/airflow/example_dags/example_latest_only_with_trigger.py took 1.385 seconds
[2023-08-28 19:09:26,209] {processor.py:153} INFO - Started process (PID=10589) to work on /home/felipe/airflow/venv/lib/python3.9/site-packages/airflow/example_dags/example_latest_only_with_trigger.py
[2023-08-28 19:09:26,210] {processor.py:641} INFO - Processing file /home/felipe/airflow/venv/lib/python3.9/site-packages/airflow/example_dags/example_latest_only_with_trigger.py for tasks to queue
[2023-08-28 19:09:26,212] {logging_mixin.py:115} INFO - [2023-08-28 19:09:26,211] {dagbag.py:507} INFO - Filling up the DagBag from /home/felipe/airflow/venv/lib/python3.9/site-packages/airflow/example_dags/example_latest_only_with_trigger.py
[2023-08-28 19:09:26,247] {processor.py:651} INFO - DAG(s) dict_keys(['latest_only_with_trigger']) retrieved from /home/felipe/airflow/venv/lib/python3.9/site-packages/airflow/example_dags/example_latest_only_with_trigger.py
[2023-08-28 19:09:26,350] {logging_mixin.py:115} INFO - [2023-08-28 19:09:26,350] {dag.py:2379} INFO - Sync 1 DAGs
[2023-08-28 19:09:26,460] {logging_mixin.py:115} INFO - [2023-08-28 19:09:26,460] {dag.py:2927} INFO - Setting next_dagrun for latest_only_with_trigger to 2023-08-28T18:09:26.458153+00:00, run_after=2023-08-28T22:09:26.458153+00:00
[2023-08-28 19:09:26,528] {processor.py:161} INFO - Processing /home/felipe/airflow/venv/lib/python3.9/site-packages/airflow/example_dags/example_latest_only_with_trigger.py took 0.336 seconds
[2023-08-28 19:10:23,968] {processor.py:153} INFO - Started process (PID=10969) to work on /home/felipe/airflow/venv/lib/python3.9/site-packages/airflow/example_dags/example_latest_only_with_trigger.py
[2023-08-28 19:10:23,978] {processor.py:641} INFO - Processing file /home/felipe/airflow/venv/lib/python3.9/site-packages/airflow/example_dags/example_latest_only_with_trigger.py for tasks to queue
[2023-08-28 19:10:23,980] {logging_mixin.py:115} INFO - [2023-08-28 19:10:23,980] {dagbag.py:507} INFO - Filling up the DagBag from /home/felipe/airflow/venv/lib/python3.9/site-packages/airflow/example_dags/example_latest_only_with_trigger.py
[2023-08-28 19:10:24,023] {processor.py:651} INFO - DAG(s) dict_keys(['latest_only_with_trigger']) retrieved from /home/felipe/airflow/venv/lib/python3.9/site-packages/airflow/example_dags/example_latest_only_with_trigger.py
[2023-08-28 19:10:24,165] {logging_mixin.py:115} INFO - [2023-08-28 19:10:24,165] {dag.py:2379} INFO - Sync 1 DAGs
[2023-08-28 19:10:24,329] {logging_mixin.py:115} INFO - [2023-08-28 19:10:24,328] {dag.py:2927} INFO - Setting next_dagrun for latest_only_with_trigger to 2023-08-28T18:10:24.326711+00:00, run_after=2023-08-28T22:10:24.326711+00:00
[2023-08-28 19:10:24,431] {processor.py:161} INFO - Processing /home/felipe/airflow/venv/lib/python3.9/site-packages/airflow/example_dags/example_latest_only_with_trigger.py took 0.488 seconds
[2023-08-28 19:11:16,885] {processor.py:153} INFO - Started process (PID=11079) to work on /home/felipe/airflow/venv/lib/python3.9/site-packages/airflow/example_dags/example_latest_only_with_trigger.py
[2023-08-28 19:11:16,886] {processor.py:641} INFO - Processing file /home/felipe/airflow/venv/lib/python3.9/site-packages/airflow/example_dags/example_latest_only_with_trigger.py for tasks to queue
[2023-08-28 19:11:16,889] {logging_mixin.py:115} INFO - [2023-08-28 19:11:16,887] {dagbag.py:507} INFO - Filling up the DagBag from /home/felipe/airflow/venv/lib/python3.9/site-packages/airflow/example_dags/example_latest_only_with_trigger.py
[2023-08-28 19:11:16,912] {processor.py:651} INFO - DAG(s) dict_keys(['latest_only_with_trigger']) retrieved from /home/felipe/airflow/venv/lib/python3.9/site-packages/airflow/example_dags/example_latest_only_with_trigger.py
[2023-08-28 19:11:16,969] {logging_mixin.py:115} INFO - [2023-08-28 19:11:16,969] {dag.py:2379} INFO - Sync 1 DAGs
[2023-08-28 19:11:17,014] {logging_mixin.py:115} INFO - [2023-08-28 19:11:17,013] {dag.py:2927} INFO - Setting next_dagrun for latest_only_with_trigger to 2023-08-28T18:11:17.013117+00:00, run_after=2023-08-28T22:11:17.013117+00:00
[2023-08-28 19:11:17,049] {processor.py:161} INFO - Processing /home/felipe/airflow/venv/lib/python3.9/site-packages/airflow/example_dags/example_latest_only_with_trigger.py took 0.175 seconds
[2023-08-28 19:12:10,787] {processor.py:153} INFO - Started process (PID=11273) to work on /home/felipe/airflow/venv/lib/python3.9/site-packages/airflow/example_dags/example_latest_only_with_trigger.py
[2023-08-28 19:12:10,797] {processor.py:641} INFO - Processing file /home/felipe/airflow/venv/lib/python3.9/site-packages/airflow/example_dags/example_latest_only_with_trigger.py for tasks to queue
[2023-08-28 19:12:10,801] {logging_mixin.py:115} INFO - [2023-08-28 19:12:10,800] {dagbag.py:507} INFO - Filling up the DagBag from /home/felipe/airflow/venv/lib/python3.9/site-packages/airflow/example_dags/example_latest_only_with_trigger.py
[2023-08-28 19:12:10,917] {processor.py:651} INFO - DAG(s) dict_keys(['latest_only_with_trigger']) retrieved from /home/felipe/airflow/venv/lib/python3.9/site-packages/airflow/example_dags/example_latest_only_with_trigger.py
[2023-08-28 19:12:11,080] {logging_mixin.py:115} INFO - [2023-08-28 19:12:11,080] {dag.py:2379} INFO - Sync 1 DAGs
[2023-08-28 19:12:11,146] {logging_mixin.py:115} INFO - [2023-08-28 19:12:11,145] {dag.py:2927} INFO - Setting next_dagrun for latest_only_with_trigger to 2023-08-28T18:12:11.144017+00:00, run_after=2023-08-28T22:12:11.144017+00:00
[2023-08-28 19:12:11,204] {processor.py:161} INFO - Processing /home/felipe/airflow/venv/lib/python3.9/site-packages/airflow/example_dags/example_latest_only_with_trigger.py took 0.434 seconds
[2023-08-28 19:13:25,610] {processor.py:153} INFO - Started process (PID=11857) to work on /home/felipe/airflow/venv/lib/python3.9/site-packages/airflow/example_dags/example_latest_only_with_trigger.py
[2023-08-28 19:13:25,612] {processor.py:641} INFO - Processing file /home/felipe/airflow/venv/lib/python3.9/site-packages/airflow/example_dags/example_latest_only_with_trigger.py for tasks to queue
[2023-08-28 19:13:25,613] {logging_mixin.py:115} INFO - [2023-08-28 19:13:25,613] {dagbag.py:507} INFO - Filling up the DagBag from /home/felipe/airflow/venv/lib/python3.9/site-packages/airflow/example_dags/example_latest_only_with_trigger.py
[2023-08-28 19:13:25,645] {processor.py:651} INFO - DAG(s) dict_keys(['latest_only_with_trigger']) retrieved from /home/felipe/airflow/venv/lib/python3.9/site-packages/airflow/example_dags/example_latest_only_with_trigger.py
[2023-08-28 19:13:25,741] {logging_mixin.py:115} INFO - [2023-08-28 19:13:25,736] {dag.py:2379} INFO - Sync 1 DAGs
[2023-08-28 19:13:25,841] {logging_mixin.py:115} INFO - [2023-08-28 19:13:25,841] {dag.py:2927} INFO - Setting next_dagrun for latest_only_with_trigger to 2023-08-28T18:13:25.839948+00:00, run_after=2023-08-28T22:13:25.839948+00:00
[2023-08-28 19:13:25,908] {processor.py:161} INFO - Processing /home/felipe/airflow/venv/lib/python3.9/site-packages/airflow/example_dags/example_latest_only_with_trigger.py took 0.317 seconds
[2023-08-28 19:14:30,081] {processor.py:153} INFO - Started process (PID=12127) to work on /home/felipe/airflow/venv/lib/python3.9/site-packages/airflow/example_dags/example_latest_only_with_trigger.py
[2023-08-28 19:14:30,084] {processor.py:641} INFO - Processing file /home/felipe/airflow/venv/lib/python3.9/site-packages/airflow/example_dags/example_latest_only_with_trigger.py for tasks to queue
[2023-08-28 19:14:30,093] {logging_mixin.py:115} INFO - [2023-08-28 19:14:30,092] {dagbag.py:507} INFO - Filling up the DagBag from /home/felipe/airflow/venv/lib/python3.9/site-packages/airflow/example_dags/example_latest_only_with_trigger.py
[2023-08-28 19:14:30,181] {processor.py:651} INFO - DAG(s) dict_keys(['latest_only_with_trigger']) retrieved from /home/felipe/airflow/venv/lib/python3.9/site-packages/airflow/example_dags/example_latest_only_with_trigger.py
[2023-08-28 19:14:30,401] {logging_mixin.py:115} INFO - [2023-08-28 19:14:30,400] {dag.py:2379} INFO - Sync 1 DAGs
[2023-08-28 19:14:30,626] {logging_mixin.py:115} INFO - [2023-08-28 19:14:30,625] {dag.py:2927} INFO - Setting next_dagrun for latest_only_with_trigger to 2023-08-28T18:14:30.618609+00:00, run_after=2023-08-28T22:14:30.618609+00:00
[2023-08-28 19:14:30,749] {processor.py:161} INFO - Processing /home/felipe/airflow/venv/lib/python3.9/site-packages/airflow/example_dags/example_latest_only_with_trigger.py took 0.749 seconds
[2023-08-28 19:16:05,509] {processor.py:153} INFO - Started process (PID=12533) to work on /home/felipe/airflow/venv/lib/python3.9/site-packages/airflow/example_dags/example_latest_only_with_trigger.py
[2023-08-28 19:16:05,514] {processor.py:641} INFO - Processing file /home/felipe/airflow/venv/lib/python3.9/site-packages/airflow/example_dags/example_latest_only_with_trigger.py for tasks to queue
[2023-08-28 19:16:05,516] {logging_mixin.py:115} INFO - [2023-08-28 19:16:05,516] {dagbag.py:507} INFO - Filling up the DagBag from /home/felipe/airflow/venv/lib/python3.9/site-packages/airflow/example_dags/example_latest_only_with_trigger.py
[2023-08-28 19:16:05,560] {processor.py:651} INFO - DAG(s) dict_keys(['latest_only_with_trigger']) retrieved from /home/felipe/airflow/venv/lib/python3.9/site-packages/airflow/example_dags/example_latest_only_with_trigger.py
[2023-08-28 19:16:05,707] {logging_mixin.py:115} INFO - [2023-08-28 19:16:05,707] {dag.py:2379} INFO - Sync 1 DAGs
[2023-08-28 19:16:05,823] {logging_mixin.py:115} INFO - [2023-08-28 19:16:05,822] {dag.py:2927} INFO - Setting next_dagrun for latest_only_with_trigger to 2023-08-28T18:16:05.821179+00:00, run_after=2023-08-28T22:16:05.821179+00:00
[2023-08-28 19:16:05,904] {processor.py:161} INFO - Processing /home/felipe/airflow/venv/lib/python3.9/site-packages/airflow/example_dags/example_latest_only_with_trigger.py took 0.419 seconds
[2023-08-28 19:17:13,867] {processor.py:153} INFO - Started process (PID=12817) to work on /home/felipe/airflow/venv/lib/python3.9/site-packages/airflow/example_dags/example_latest_only_with_trigger.py
[2023-08-28 19:17:13,870] {processor.py:641} INFO - Processing file /home/felipe/airflow/venv/lib/python3.9/site-packages/airflow/example_dags/example_latest_only_with_trigger.py for tasks to queue
[2023-08-28 19:17:13,872] {logging_mixin.py:115} INFO - [2023-08-28 19:17:13,872] {dagbag.py:507} INFO - Filling up the DagBag from /home/felipe/airflow/venv/lib/python3.9/site-packages/airflow/example_dags/example_latest_only_with_trigger.py
[2023-08-28 19:17:13,955] {processor.py:651} INFO - DAG(s) dict_keys(['latest_only_with_trigger']) retrieved from /home/felipe/airflow/venv/lib/python3.9/site-packages/airflow/example_dags/example_latest_only_with_trigger.py
[2023-08-28 19:17:14,156] {logging_mixin.py:115} INFO - [2023-08-28 19:17:14,154] {dag.py:2379} INFO - Sync 1 DAGs
[2023-08-28 19:17:14,313] {logging_mixin.py:115} INFO - [2023-08-28 19:17:14,313] {dag.py:2927} INFO - Setting next_dagrun for latest_only_with_trigger to 2023-08-28T18:17:14.301382+00:00, run_after=2023-08-28T22:17:14.301382+00:00
[2023-08-28 19:17:14,407] {processor.py:161} INFO - Processing /home/felipe/airflow/venv/lib/python3.9/site-packages/airflow/example_dags/example_latest_only_with_trigger.py took 0.595 seconds
[2023-08-28 19:20:12,655] {processor.py:153} INFO - Started process (PID=13528) to work on /home/felipe/airflow/venv/lib/python3.9/site-packages/airflow/example_dags/example_latest_only_with_trigger.py
[2023-08-28 19:20:12,657] {processor.py:641} INFO - Processing file /home/felipe/airflow/venv/lib/python3.9/site-packages/airflow/example_dags/example_latest_only_with_trigger.py for tasks to queue
[2023-08-28 19:20:12,659] {logging_mixin.py:115} INFO - [2023-08-28 19:20:12,659] {dagbag.py:507} INFO - Filling up the DagBag from /home/felipe/airflow/venv/lib/python3.9/site-packages/airflow/example_dags/example_latest_only_with_trigger.py
[2023-08-28 19:20:12,688] {processor.py:651} INFO - DAG(s) dict_keys(['latest_only_with_trigger']) retrieved from /home/felipe/airflow/venv/lib/python3.9/site-packages/airflow/example_dags/example_latest_only_with_trigger.py
[2023-08-28 19:20:12,748] {logging_mixin.py:115} INFO - [2023-08-28 19:20:12,748] {dag.py:2379} INFO - Sync 1 DAGs
[2023-08-28 19:20:12,803] {logging_mixin.py:115} INFO - [2023-08-28 19:20:12,803] {dag.py:2927} INFO - Setting next_dagrun for latest_only_with_trigger to 2023-08-28T18:20:12.802598+00:00, run_after=2023-08-28T22:20:12.802598+00:00
[2023-08-28 19:20:12,837] {processor.py:161} INFO - Processing /home/felipe/airflow/venv/lib/python3.9/site-packages/airflow/example_dags/example_latest_only_with_trigger.py took 0.195 seconds
[2023-08-28 19:21:55,749] {processor.py:153} INFO - Started process (PID=14473) to work on /home/felipe/airflow/venv/lib/python3.9/site-packages/airflow/example_dags/example_latest_only_with_trigger.py
[2023-08-28 19:21:55,755] {processor.py:641} INFO - Processing file /home/felipe/airflow/venv/lib/python3.9/site-packages/airflow/example_dags/example_latest_only_with_trigger.py for tasks to queue
[2023-08-28 19:21:55,757] {logging_mixin.py:115} INFO - [2023-08-28 19:21:55,757] {dagbag.py:507} INFO - Filling up the DagBag from /home/felipe/airflow/venv/lib/python3.9/site-packages/airflow/example_dags/example_latest_only_with_trigger.py
[2023-08-28 19:21:55,788] {processor.py:651} INFO - DAG(s) dict_keys(['latest_only_with_trigger']) retrieved from /home/felipe/airflow/venv/lib/python3.9/site-packages/airflow/example_dags/example_latest_only_with_trigger.py
[2023-08-28 19:21:55,872] {logging_mixin.py:115} INFO - [2023-08-28 19:21:55,871] {dag.py:2379} INFO - Sync 1 DAGs
[2023-08-28 19:21:55,964] {logging_mixin.py:115} INFO - [2023-08-28 19:21:55,964] {dag.py:2927} INFO - Setting next_dagrun for latest_only_with_trigger to 2023-08-28T18:21:55.963716+00:00, run_after=2023-08-28T22:21:55.963716+00:00
[2023-08-28 19:21:56,029] {processor.py:161} INFO - Processing /home/felipe/airflow/venv/lib/python3.9/site-packages/airflow/example_dags/example_latest_only_with_trigger.py took 0.290 seconds
[2023-08-28 19:23:09,357] {processor.py:153} INFO - Started process (PID=15024) to work on /home/felipe/airflow/venv/lib/python3.9/site-packages/airflow/example_dags/example_latest_only_with_trigger.py
[2023-08-28 19:23:09,359] {processor.py:641} INFO - Processing file /home/felipe/airflow/venv/lib/python3.9/site-packages/airflow/example_dags/example_latest_only_with_trigger.py for tasks to queue
[2023-08-28 19:23:09,361] {logging_mixin.py:115} INFO - [2023-08-28 19:23:09,361] {dagbag.py:507} INFO - Filling up the DagBag from /home/felipe/airflow/venv/lib/python3.9/site-packages/airflow/example_dags/example_latest_only_with_trigger.py
[2023-08-28 19:23:09,402] {processor.py:651} INFO - DAG(s) dict_keys(['latest_only_with_trigger']) retrieved from /home/felipe/airflow/venv/lib/python3.9/site-packages/airflow/example_dags/example_latest_only_with_trigger.py
[2023-08-28 19:23:09,478] {logging_mixin.py:115} INFO - [2023-08-28 19:23:09,478] {dag.py:2379} INFO - Sync 1 DAGs
[2023-08-28 19:23:09,546] {logging_mixin.py:115} INFO - [2023-08-28 19:23:09,546] {dag.py:2927} INFO - Setting next_dagrun for latest_only_with_trigger to 2023-08-28T18:23:09.545783+00:00, run_after=2023-08-28T22:23:09.545783+00:00
[2023-08-28 19:23:09,607] {processor.py:161} INFO - Processing /home/felipe/airflow/venv/lib/python3.9/site-packages/airflow/example_dags/example_latest_only_with_trigger.py took 0.272 seconds
[2023-08-28 19:24:16,406] {processor.py:153} INFO - Started process (PID=15377) to work on /home/felipe/airflow/venv/lib/python3.9/site-packages/airflow/example_dags/example_latest_only_with_trigger.py
[2023-08-28 19:24:16,410] {processor.py:641} INFO - Processing file /home/felipe/airflow/venv/lib/python3.9/site-packages/airflow/example_dags/example_latest_only_with_trigger.py for tasks to queue
[2023-08-28 19:24:16,420] {logging_mixin.py:115} INFO - [2023-08-28 19:24:16,412] {dagbag.py:507} INFO - Filling up the DagBag from /home/felipe/airflow/venv/lib/python3.9/site-packages/airflow/example_dags/example_latest_only_with_trigger.py
[2023-08-28 19:24:16,504] {processor.py:651} INFO - DAG(s) dict_keys(['latest_only_with_trigger']) retrieved from /home/felipe/airflow/venv/lib/python3.9/site-packages/airflow/example_dags/example_latest_only_with_trigger.py
[2023-08-28 19:24:16,707] {logging_mixin.py:115} INFO - [2023-08-28 19:24:16,706] {dag.py:2379} INFO - Sync 1 DAGs
[2023-08-28 19:24:16,891] {logging_mixin.py:115} INFO - [2023-08-28 19:24:16,891] {dag.py:2927} INFO - Setting next_dagrun for latest_only_with_trigger to 2023-08-28T18:24:16.889102+00:00, run_after=2023-08-28T22:24:16.889102+00:00
[2023-08-28 19:24:17,003] {processor.py:161} INFO - Processing /home/felipe/airflow/venv/lib/python3.9/site-packages/airflow/example_dags/example_latest_only_with_trigger.py took 0.631 seconds
[2023-08-28 19:27:20,880] {processor.py:153} INFO - Started process (PID=16845) to work on /home/felipe/airflow/venv/lib/python3.9/site-packages/airflow/example_dags/example_latest_only_with_trigger.py
[2023-08-28 19:27:20,885] {processor.py:641} INFO - Processing file /home/felipe/airflow/venv/lib/python3.9/site-packages/airflow/example_dags/example_latest_only_with_trigger.py for tasks to queue
[2023-08-28 19:27:20,887] {logging_mixin.py:115} INFO - [2023-08-28 19:27:20,887] {dagbag.py:507} INFO - Filling up the DagBag from /home/felipe/airflow/venv/lib/python3.9/site-packages/airflow/example_dags/example_latest_only_with_trigger.py
[2023-08-28 19:27:20,911] {processor.py:651} INFO - DAG(s) dict_keys(['latest_only_with_trigger']) retrieved from /home/felipe/airflow/venv/lib/python3.9/site-packages/airflow/example_dags/example_latest_only_with_trigger.py
[2023-08-28 19:27:20,976] {logging_mixin.py:115} INFO - [2023-08-28 19:27:20,976] {dag.py:2379} INFO - Sync 1 DAGs
[2023-08-28 19:27:21,061] {logging_mixin.py:115} INFO - [2023-08-28 19:27:21,061] {dag.py:2927} INFO - Setting next_dagrun for latest_only_with_trigger to 2023-08-28T18:27:21.060655+00:00, run_after=2023-08-28T22:27:21.060655+00:00
[2023-08-28 19:27:21,108] {processor.py:161} INFO - Processing /home/felipe/airflow/venv/lib/python3.9/site-packages/airflow/example_dags/example_latest_only_with_trigger.py took 0.239 seconds
[2023-08-28 20:10:29,413] {processor.py:153} INFO - Started process (PID=26054) to work on /home/felipe/airflow/venv/lib/python3.9/site-packages/airflow/example_dags/example_latest_only_with_trigger.py
[2023-08-28 20:10:29,416] {processor.py:641} INFO - Processing file /home/felipe/airflow/venv/lib/python3.9/site-packages/airflow/example_dags/example_latest_only_with_trigger.py for tasks to queue
[2023-08-28 20:10:29,421] {logging_mixin.py:115} INFO - [2023-08-28 20:10:29,421] {dagbag.py:507} INFO - Filling up the DagBag from /home/felipe/airflow/venv/lib/python3.9/site-packages/airflow/example_dags/example_latest_only_with_trigger.py
[2023-08-28 20:10:29,550] {processor.py:651} INFO - DAG(s) dict_keys(['latest_only_with_trigger']) retrieved from /home/felipe/airflow/venv/lib/python3.9/site-packages/airflow/example_dags/example_latest_only_with_trigger.py
[2023-08-28 20:10:29,835] {logging_mixin.py:115} INFO - [2023-08-28 20:10:29,835] {dag.py:2379} INFO - Sync 1 DAGs
[2023-08-28 20:10:29,995] {logging_mixin.py:115} INFO - [2023-08-28 20:10:29,995] {dag.py:2927} INFO - Setting next_dagrun for latest_only_with_trigger to 2023-08-28T19:10:29.988504+00:00, run_after=2023-08-28T23:10:29.988504+00:00
[2023-08-28 20:10:30,061] {processor.py:161} INFO - Processing /home/felipe/airflow/venv/lib/python3.9/site-packages/airflow/example_dags/example_latest_only_with_trigger.py took 0.689 seconds
[2023-08-28 20:11:32,057] {processor.py:153} INFO - Started process (PID=26297) to work on /home/felipe/airflow/venv/lib/python3.9/site-packages/airflow/example_dags/example_latest_only_with_trigger.py
[2023-08-28 20:11:32,059] {processor.py:641} INFO - Processing file /home/felipe/airflow/venv/lib/python3.9/site-packages/airflow/example_dags/example_latest_only_with_trigger.py for tasks to queue
[2023-08-28 20:11:32,060] {logging_mixin.py:115} INFO - [2023-08-28 20:11:32,060] {dagbag.py:507} INFO - Filling up the DagBag from /home/felipe/airflow/venv/lib/python3.9/site-packages/airflow/example_dags/example_latest_only_with_trigger.py
[2023-08-28 20:11:32,163] {processor.py:651} INFO - DAG(s) dict_keys(['latest_only_with_trigger']) retrieved from /home/felipe/airflow/venv/lib/python3.9/site-packages/airflow/example_dags/example_latest_only_with_trigger.py
[2023-08-28 20:11:32,253] {logging_mixin.py:115} INFO - [2023-08-28 20:11:32,253] {dag.py:2379} INFO - Sync 1 DAGs
[2023-08-28 20:11:32,320] {logging_mixin.py:115} INFO - [2023-08-28 20:11:32,320] {dag.py:2927} INFO - Setting next_dagrun for latest_only_with_trigger to 2023-08-28T19:11:32.319791+00:00, run_after=2023-08-28T23:11:32.319791+00:00
[2023-08-28 20:11:32,357] {processor.py:161} INFO - Processing /home/felipe/airflow/venv/lib/python3.9/site-packages/airflow/example_dags/example_latest_only_with_trigger.py took 0.317 seconds
[2023-08-28 20:14:16,090] {processor.py:153} INFO - Started process (PID=27144) to work on /home/felipe/airflow/venv/lib/python3.9/site-packages/airflow/example_dags/example_latest_only_with_trigger.py
[2023-08-28 20:14:16,091] {processor.py:641} INFO - Processing file /home/felipe/airflow/venv/lib/python3.9/site-packages/airflow/example_dags/example_latest_only_with_trigger.py for tasks to queue
[2023-08-28 20:14:16,093] {logging_mixin.py:115} INFO - [2023-08-28 20:14:16,093] {dagbag.py:507} INFO - Filling up the DagBag from /home/felipe/airflow/venv/lib/python3.9/site-packages/airflow/example_dags/example_latest_only_with_trigger.py
[2023-08-28 20:14:16,117] {processor.py:651} INFO - DAG(s) dict_keys(['latest_only_with_trigger']) retrieved from /home/felipe/airflow/venv/lib/python3.9/site-packages/airflow/example_dags/example_latest_only_with_trigger.py
[2023-08-28 20:14:16,177] {logging_mixin.py:115} INFO - [2023-08-28 20:14:16,176] {dag.py:2379} INFO - Sync 1 DAGs
[2023-08-28 20:14:16,237] {logging_mixin.py:115} INFO - [2023-08-28 20:14:16,237] {dag.py:2927} INFO - Setting next_dagrun for latest_only_with_trigger to 2023-08-28T19:14:16.236531+00:00, run_after=2023-08-28T23:14:16.236531+00:00
[2023-08-28 20:14:16,272] {processor.py:161} INFO - Processing /home/felipe/airflow/venv/lib/python3.9/site-packages/airflow/example_dags/example_latest_only_with_trigger.py took 0.196 seconds
[2023-08-28 20:15:05,870] {processor.py:153} INFO - Started process (PID=27290) to work on /home/felipe/airflow/venv/lib/python3.9/site-packages/airflow/example_dags/example_latest_only_with_trigger.py
[2023-08-28 20:15:05,871] {processor.py:641} INFO - Processing file /home/felipe/airflow/venv/lib/python3.9/site-packages/airflow/example_dags/example_latest_only_with_trigger.py for tasks to queue
[2023-08-28 20:15:05,873] {logging_mixin.py:115} INFO - [2023-08-28 20:15:05,873] {dagbag.py:507} INFO - Filling up the DagBag from /home/felipe/airflow/venv/lib/python3.9/site-packages/airflow/example_dags/example_latest_only_with_trigger.py
[2023-08-28 20:15:05,895] {processor.py:651} INFO - DAG(s) dict_keys(['latest_only_with_trigger']) retrieved from /home/felipe/airflow/venv/lib/python3.9/site-packages/airflow/example_dags/example_latest_only_with_trigger.py
[2023-08-28 20:15:05,945] {logging_mixin.py:115} INFO - [2023-08-28 20:15:05,945] {dag.py:2379} INFO - Sync 1 DAGs
[2023-08-28 20:15:06,004] {logging_mixin.py:115} INFO - [2023-08-28 20:15:06,004] {dag.py:2927} INFO - Setting next_dagrun for latest_only_with_trigger to 2023-08-28T19:15:06.003586+00:00, run_after=2023-08-28T23:15:06.003586+00:00
[2023-08-28 20:15:06,038] {processor.py:161} INFO - Processing /home/felipe/airflow/venv/lib/python3.9/site-packages/airflow/example_dags/example_latest_only_with_trigger.py took 0.179 seconds
[2023-08-28 20:16:03,073] {processor.py:153} INFO - Started process (PID=27642) to work on /home/felipe/airflow/venv/lib/python3.9/site-packages/airflow/example_dags/example_latest_only_with_trigger.py
[2023-08-28 20:16:03,075] {processor.py:641} INFO - Processing file /home/felipe/airflow/venv/lib/python3.9/site-packages/airflow/example_dags/example_latest_only_with_trigger.py for tasks to queue
[2023-08-28 20:16:03,077] {logging_mixin.py:115} INFO - [2023-08-28 20:16:03,077] {dagbag.py:507} INFO - Filling up the DagBag from /home/felipe/airflow/venv/lib/python3.9/site-packages/airflow/example_dags/example_latest_only_with_trigger.py
[2023-08-28 20:16:03,111] {processor.py:651} INFO - DAG(s) dict_keys(['latest_only_with_trigger']) retrieved from /home/felipe/airflow/venv/lib/python3.9/site-packages/airflow/example_dags/example_latest_only_with_trigger.py
[2023-08-28 20:16:03,173] {logging_mixin.py:115} INFO - [2023-08-28 20:16:03,173] {dag.py:2379} INFO - Sync 1 DAGs
[2023-08-28 20:16:03,237] {logging_mixin.py:115} INFO - [2023-08-28 20:16:03,237] {dag.py:2927} INFO - Setting next_dagrun for latest_only_with_trigger to 2023-08-28T19:16:03.236361+00:00, run_after=2023-08-28T23:16:03.236361+00:00
[2023-08-28 20:16:03,277] {processor.py:161} INFO - Processing /home/felipe/airflow/venv/lib/python3.9/site-packages/airflow/example_dags/example_latest_only_with_trigger.py took 0.221 seconds
[2023-08-28 20:17:43,733] {processor.py:153} INFO - Started process (PID=28484) to work on /home/felipe/airflow/venv/lib/python3.9/site-packages/airflow/example_dags/example_latest_only_with_trigger.py
[2023-08-28 20:17:43,734] {processor.py:641} INFO - Processing file /home/felipe/airflow/venv/lib/python3.9/site-packages/airflow/example_dags/example_latest_only_with_trigger.py for tasks to queue
[2023-08-28 20:17:43,736] {logging_mixin.py:115} INFO - [2023-08-28 20:17:43,736] {dagbag.py:507} INFO - Filling up the DagBag from /home/felipe/airflow/venv/lib/python3.9/site-packages/airflow/example_dags/example_latest_only_with_trigger.py
[2023-08-28 20:17:43,760] {processor.py:651} INFO - DAG(s) dict_keys(['latest_only_with_trigger']) retrieved from /home/felipe/airflow/venv/lib/python3.9/site-packages/airflow/example_dags/example_latest_only_with_trigger.py
[2023-08-28 20:17:43,811] {logging_mixin.py:115} INFO - [2023-08-28 20:17:43,811] {dag.py:2379} INFO - Sync 1 DAGs
[2023-08-28 20:17:43,865] {logging_mixin.py:115} INFO - [2023-08-28 20:17:43,865] {dag.py:2927} INFO - Setting next_dagrun for latest_only_with_trigger to 2023-08-28T19:17:43.865100+00:00, run_after=2023-08-28T23:17:43.865100+00:00
[2023-08-28 20:17:43,898] {processor.py:161} INFO - Processing /home/felipe/airflow/venv/lib/python3.9/site-packages/airflow/example_dags/example_latest_only_with_trigger.py took 0.177 seconds
[2023-08-28 20:19:37,110] {processor.py:153} INFO - Started process (PID=29523) to work on /home/felipe/airflow/venv/lib/python3.9/site-packages/airflow/example_dags/example_latest_only_with_trigger.py
[2023-08-28 20:19:37,114] {processor.py:641} INFO - Processing file /home/felipe/airflow/venv/lib/python3.9/site-packages/airflow/example_dags/example_latest_only_with_trigger.py for tasks to queue
[2023-08-28 20:19:37,116] {logging_mixin.py:115} INFO - [2023-08-28 20:19:37,116] {dagbag.py:507} INFO - Filling up the DagBag from /home/felipe/airflow/venv/lib/python3.9/site-packages/airflow/example_dags/example_latest_only_with_trigger.py
[2023-08-28 20:19:37,148] {processor.py:651} INFO - DAG(s) dict_keys(['latest_only_with_trigger']) retrieved from /home/felipe/airflow/venv/lib/python3.9/site-packages/airflow/example_dags/example_latest_only_with_trigger.py
[2023-08-28 20:19:37,221] {logging_mixin.py:115} INFO - [2023-08-28 20:19:37,221] {dag.py:2379} INFO - Sync 1 DAGs
[2023-08-28 20:19:37,297] {logging_mixin.py:115} INFO - [2023-08-28 20:19:37,297] {dag.py:2927} INFO - Setting next_dagrun for latest_only_with_trigger to 2023-08-28T19:19:37.296337+00:00, run_after=2023-08-28T23:19:37.296337+00:00
[2023-08-28 20:19:37,347] {processor.py:161} INFO - Processing /home/felipe/airflow/venv/lib/python3.9/site-packages/airflow/example_dags/example_latest_only_with_trigger.py took 0.250 seconds
[2023-08-28 20:20:29,261] {processor.py:153} INFO - Started process (PID=29688) to work on /home/felipe/airflow/venv/lib/python3.9/site-packages/airflow/example_dags/example_latest_only_with_trigger.py
[2023-08-28 20:20:29,263] {processor.py:641} INFO - Processing file /home/felipe/airflow/venv/lib/python3.9/site-packages/airflow/example_dags/example_latest_only_with_trigger.py for tasks to queue
[2023-08-28 20:20:29,265] {logging_mixin.py:115} INFO - [2023-08-28 20:20:29,264] {dagbag.py:507} INFO - Filling up the DagBag from /home/felipe/airflow/venv/lib/python3.9/site-packages/airflow/example_dags/example_latest_only_with_trigger.py
[2023-08-28 20:20:29,286] {processor.py:651} INFO - DAG(s) dict_keys(['latest_only_with_trigger']) retrieved from /home/felipe/airflow/venv/lib/python3.9/site-packages/airflow/example_dags/example_latest_only_with_trigger.py
[2023-08-28 20:20:29,341] {logging_mixin.py:115} INFO - [2023-08-28 20:20:29,340] {dag.py:2379} INFO - Sync 1 DAGs
[2023-08-28 20:20:29,405] {logging_mixin.py:115} INFO - [2023-08-28 20:20:29,404] {dag.py:2927} INFO - Setting next_dagrun for latest_only_with_trigger to 2023-08-28T19:20:29.404004+00:00, run_after=2023-08-28T23:20:29.404004+00:00
[2023-08-28 20:20:29,439] {processor.py:161} INFO - Processing /home/felipe/airflow/venv/lib/python3.9/site-packages/airflow/example_dags/example_latest_only_with_trigger.py took 0.190 seconds
[2023-08-28 20:22:36,176] {processor.py:153} INFO - Started process (PID=31077) to work on /home/felipe/airflow/venv/lib/python3.9/site-packages/airflow/example_dags/example_latest_only_with_trigger.py
[2023-08-28 20:22:36,180] {processor.py:641} INFO - Processing file /home/felipe/airflow/venv/lib/python3.9/site-packages/airflow/example_dags/example_latest_only_with_trigger.py for tasks to queue
[2023-08-28 20:22:36,183] {logging_mixin.py:115} INFO - [2023-08-28 20:22:36,182] {dagbag.py:507} INFO - Filling up the DagBag from /home/felipe/airflow/venv/lib/python3.9/site-packages/airflow/example_dags/example_latest_only_with_trigger.py
[2023-08-28 20:22:36,220] {processor.py:651} INFO - DAG(s) dict_keys(['latest_only_with_trigger']) retrieved from /home/felipe/airflow/venv/lib/python3.9/site-packages/airflow/example_dags/example_latest_only_with_trigger.py
[2023-08-28 20:22:36,304] {logging_mixin.py:115} INFO - [2023-08-28 20:22:36,304] {dag.py:2379} INFO - Sync 1 DAGs
[2023-08-28 20:22:36,368] {logging_mixin.py:115} INFO - [2023-08-28 20:22:36,368] {dag.py:2927} INFO - Setting next_dagrun for latest_only_with_trigger to 2023-08-28T19:22:36.367761+00:00, run_after=2023-08-28T23:22:36.367761+00:00
[2023-08-28 20:22:36,409] {processor.py:161} INFO - Processing /home/felipe/airflow/venv/lib/python3.9/site-packages/airflow/example_dags/example_latest_only_with_trigger.py took 0.254 seconds
[2023-08-28 20:23:37,466] {processor.py:153} INFO - Started process (PID=31320) to work on /home/felipe/airflow/venv/lib/python3.9/site-packages/airflow/example_dags/example_latest_only_with_trigger.py
[2023-08-28 20:23:37,469] {processor.py:641} INFO - Processing file /home/felipe/airflow/venv/lib/python3.9/site-packages/airflow/example_dags/example_latest_only_with_trigger.py for tasks to queue
[2023-08-28 20:23:37,472] {logging_mixin.py:115} INFO - [2023-08-28 20:23:37,471] {dagbag.py:507} INFO - Filling up the DagBag from /home/felipe/airflow/venv/lib/python3.9/site-packages/airflow/example_dags/example_latest_only_with_trigger.py
[2023-08-28 20:23:37,573] {processor.py:651} INFO - DAG(s) dict_keys(['latest_only_with_trigger']) retrieved from /home/felipe/airflow/venv/lib/python3.9/site-packages/airflow/example_dags/example_latest_only_with_trigger.py
[2023-08-28 20:23:37,791] {logging_mixin.py:115} INFO - [2023-08-28 20:23:37,791] {dag.py:2379} INFO - Sync 1 DAGs
[2023-08-28 20:23:37,902] {logging_mixin.py:115} INFO - [2023-08-28 20:23:37,902] {dag.py:2927} INFO - Setting next_dagrun for latest_only_with_trigger to 2023-08-28T19:23:37.901466+00:00, run_after=2023-08-28T23:23:37.901466+00:00
[2023-08-28 20:23:37,957] {processor.py:161} INFO - Processing /home/felipe/airflow/venv/lib/python3.9/site-packages/airflow/example_dags/example_latest_only_with_trigger.py took 0.516 seconds
[2023-08-28 20:24:30,869] {processor.py:153} INFO - Started process (PID=31477) to work on /home/felipe/airflow/venv/lib/python3.9/site-packages/airflow/example_dags/example_latest_only_with_trigger.py
[2023-08-28 20:24:30,874] {processor.py:641} INFO - Processing file /home/felipe/airflow/venv/lib/python3.9/site-packages/airflow/example_dags/example_latest_only_with_trigger.py for tasks to queue
[2023-08-28 20:24:30,879] {logging_mixin.py:115} INFO - [2023-08-28 20:24:30,878] {dagbag.py:507} INFO - Filling up the DagBag from /home/felipe/airflow/venv/lib/python3.9/site-packages/airflow/example_dags/example_latest_only_with_trigger.py
[2023-08-28 20:24:30,938] {processor.py:651} INFO - DAG(s) dict_keys(['latest_only_with_trigger']) retrieved from /home/felipe/airflow/venv/lib/python3.9/site-packages/airflow/example_dags/example_latest_only_with_trigger.py
[2023-08-28 20:24:31,055] {logging_mixin.py:115} INFO - [2023-08-28 20:24:31,055] {dag.py:2379} INFO - Sync 1 DAGs
[2023-08-28 20:24:31,127] {logging_mixin.py:115} INFO - [2023-08-28 20:24:31,127] {dag.py:2927} INFO - Setting next_dagrun for latest_only_with_trigger to 2023-08-28T19:24:31.125983+00:00, run_after=2023-08-28T23:24:31.125983+00:00
[2023-08-28 20:24:31,207] {processor.py:161} INFO - Processing /home/felipe/airflow/venv/lib/python3.9/site-packages/airflow/example_dags/example_latest_only_with_trigger.py took 0.368 seconds
[2023-08-28 20:26:16,165] {processor.py:153} INFO - Started process (PID=32573) to work on /home/felipe/airflow/venv/lib/python3.9/site-packages/airflow/example_dags/example_latest_only_with_trigger.py
[2023-08-28 20:26:16,167] {processor.py:641} INFO - Processing file /home/felipe/airflow/venv/lib/python3.9/site-packages/airflow/example_dags/example_latest_only_with_trigger.py for tasks to queue
[2023-08-28 20:26:16,168] {logging_mixin.py:115} INFO - [2023-08-28 20:26:16,168] {dagbag.py:507} INFO - Filling up the DagBag from /home/felipe/airflow/venv/lib/python3.9/site-packages/airflow/example_dags/example_latest_only_with_trigger.py
[2023-08-28 20:26:16,205] {processor.py:651} INFO - DAG(s) dict_keys(['latest_only_with_trigger']) retrieved from /home/felipe/airflow/venv/lib/python3.9/site-packages/airflow/example_dags/example_latest_only_with_trigger.py
[2023-08-28 20:26:16,287] {logging_mixin.py:115} INFO - [2023-08-28 20:26:16,286] {dag.py:2379} INFO - Sync 1 DAGs
[2023-08-28 20:26:16,347] {logging_mixin.py:115} INFO - [2023-08-28 20:26:16,346] {dag.py:2927} INFO - Setting next_dagrun for latest_only_with_trigger to 2023-08-28T19:26:16.346134+00:00, run_after=2023-08-28T23:26:16.346134+00:00
[2023-08-28 20:26:16,392] {processor.py:161} INFO - Processing /home/felipe/airflow/venv/lib/python3.9/site-packages/airflow/example_dags/example_latest_only_with_trigger.py took 0.245 seconds
[2023-08-28 20:27:02,103] {processor.py:153} INFO - Started process (PID=32685) to work on /home/felipe/airflow/venv/lib/python3.9/site-packages/airflow/example_dags/example_latest_only_with_trigger.py
[2023-08-28 20:27:02,105] {processor.py:641} INFO - Processing file /home/felipe/airflow/venv/lib/python3.9/site-packages/airflow/example_dags/example_latest_only_with_trigger.py for tasks to queue
[2023-08-28 20:27:02,107] {logging_mixin.py:115} INFO - [2023-08-28 20:27:02,107] {dagbag.py:507} INFO - Filling up the DagBag from /home/felipe/airflow/venv/lib/python3.9/site-packages/airflow/example_dags/example_latest_only_with_trigger.py
[2023-08-28 20:27:02,135] {processor.py:651} INFO - DAG(s) dict_keys(['latest_only_with_trigger']) retrieved from /home/felipe/airflow/venv/lib/python3.9/site-packages/airflow/example_dags/example_latest_only_with_trigger.py
[2023-08-28 20:27:02,200] {logging_mixin.py:115} INFO - [2023-08-28 20:27:02,200] {dag.py:2379} INFO - Sync 1 DAGs
[2023-08-28 20:27:02,247] {logging_mixin.py:115} INFO - [2023-08-28 20:27:02,246] {dag.py:2927} INFO - Setting next_dagrun for latest_only_with_trigger to 2023-08-28T19:27:02.246203+00:00, run_after=2023-08-28T23:27:02.246203+00:00
[2023-08-28 20:27:02,279] {processor.py:161} INFO - Processing /home/felipe/airflow/venv/lib/python3.9/site-packages/airflow/example_dags/example_latest_only_with_trigger.py took 0.191 seconds
[2023-08-28 20:29:07,666] {processor.py:153} INFO - Started process (PID=1177) to work on /home/felipe/airflow/venv/lib/python3.9/site-packages/airflow/example_dags/example_latest_only_with_trigger.py
[2023-08-28 20:29:07,669] {processor.py:641} INFO - Processing file /home/felipe/airflow/venv/lib/python3.9/site-packages/airflow/example_dags/example_latest_only_with_trigger.py for tasks to queue
[2023-08-28 20:29:07,672] {logging_mixin.py:115} INFO - [2023-08-28 20:29:07,672] {dagbag.py:507} INFO - Filling up the DagBag from /home/felipe/airflow/venv/lib/python3.9/site-packages/airflow/example_dags/example_latest_only_with_trigger.py
[2023-08-28 20:29:07,762] {processor.py:651} INFO - DAG(s) dict_keys(['latest_only_with_trigger']) retrieved from /home/felipe/airflow/venv/lib/python3.9/site-packages/airflow/example_dags/example_latest_only_with_trigger.py
[2023-08-28 20:29:07,981] {logging_mixin.py:115} INFO - [2023-08-28 20:29:07,980] {dag.py:2379} INFO - Sync 1 DAGs
[2023-08-28 20:29:08,145] {logging_mixin.py:115} INFO - [2023-08-28 20:29:08,139] {dag.py:2927} INFO - Setting next_dagrun for latest_only_with_trigger to 2023-08-28T19:29:08.137686+00:00, run_after=2023-08-28T23:29:08.137686+00:00
[2023-08-28 20:29:08,235] {processor.py:161} INFO - Processing /home/felipe/airflow/venv/lib/python3.9/site-packages/airflow/example_dags/example_latest_only_with_trigger.py took 0.615 seconds
[2023-08-28 20:31:35,807] {processor.py:153} INFO - Started process (PID=2621) to work on /home/felipe/airflow/venv/lib/python3.9/site-packages/airflow/example_dags/example_latest_only_with_trigger.py
[2023-08-28 20:31:35,809] {processor.py:641} INFO - Processing file /home/felipe/airflow/venv/lib/python3.9/site-packages/airflow/example_dags/example_latest_only_with_trigger.py for tasks to queue
[2023-08-28 20:31:35,812] {logging_mixin.py:115} INFO - [2023-08-28 20:31:35,811] {dagbag.py:507} INFO - Filling up the DagBag from /home/felipe/airflow/venv/lib/python3.9/site-packages/airflow/example_dags/example_latest_only_with_trigger.py
[2023-08-28 20:31:35,840] {processor.py:651} INFO - DAG(s) dict_keys(['latest_only_with_trigger']) retrieved from /home/felipe/airflow/venv/lib/python3.9/site-packages/airflow/example_dags/example_latest_only_with_trigger.py
[2023-08-28 20:31:35,915] {logging_mixin.py:115} INFO - [2023-08-28 20:31:35,914] {dag.py:2379} INFO - Sync 1 DAGs
[2023-08-28 20:31:35,979] {logging_mixin.py:115} INFO - [2023-08-28 20:31:35,979] {dag.py:2927} INFO - Setting next_dagrun for latest_only_with_trigger to 2023-08-28T19:31:35.978281+00:00, run_after=2023-08-28T23:31:35.978281+00:00
[2023-08-28 20:31:36,026] {processor.py:161} INFO - Processing /home/felipe/airflow/venv/lib/python3.9/site-packages/airflow/example_dags/example_latest_only_with_trigger.py took 0.234 seconds
[2023-08-28 20:32:25,038] {processor.py:153} INFO - Started process (PID=2851) to work on /home/felipe/airflow/venv/lib/python3.9/site-packages/airflow/example_dags/example_latest_only_with_trigger.py
[2023-08-28 20:32:25,042] {processor.py:641} INFO - Processing file /home/felipe/airflow/venv/lib/python3.9/site-packages/airflow/example_dags/example_latest_only_with_trigger.py for tasks to queue
[2023-08-28 20:32:25,046] {logging_mixin.py:115} INFO - [2023-08-28 20:32:25,045] {dagbag.py:507} INFO - Filling up the DagBag from /home/felipe/airflow/venv/lib/python3.9/site-packages/airflow/example_dags/example_latest_only_with_trigger.py
[2023-08-28 20:32:25,077] {processor.py:651} INFO - DAG(s) dict_keys(['latest_only_with_trigger']) retrieved from /home/felipe/airflow/venv/lib/python3.9/site-packages/airflow/example_dags/example_latest_only_with_trigger.py
[2023-08-28 20:32:25,154] {logging_mixin.py:115} INFO - [2023-08-28 20:32:25,154] {dag.py:2379} INFO - Sync 1 DAGs
[2023-08-28 20:32:25,214] {logging_mixin.py:115} INFO - [2023-08-28 20:32:25,213] {dag.py:2927} INFO - Setting next_dagrun for latest_only_with_trigger to 2023-08-28T19:32:25.212908+00:00, run_after=2023-08-28T23:32:25.212908+00:00
[2023-08-28 20:32:25,270] {processor.py:161} INFO - Processing /home/felipe/airflow/venv/lib/python3.9/site-packages/airflow/example_dags/example_latest_only_with_trigger.py took 0.256 seconds
[2023-08-28 20:33:22,885] {processor.py:153} INFO - Started process (PID=3020) to work on /home/felipe/airflow/venv/lib/python3.9/site-packages/airflow/example_dags/example_latest_only_with_trigger.py
[2023-08-28 20:33:22,888] {processor.py:641} INFO - Processing file /home/felipe/airflow/venv/lib/python3.9/site-packages/airflow/example_dags/example_latest_only_with_trigger.py for tasks to queue
[2023-08-28 20:33:22,892] {logging_mixin.py:115} INFO - [2023-08-28 20:33:22,891] {dagbag.py:507} INFO - Filling up the DagBag from /home/felipe/airflow/venv/lib/python3.9/site-packages/airflow/example_dags/example_latest_only_with_trigger.py
[2023-08-28 20:33:22,921] {processor.py:651} INFO - DAG(s) dict_keys(['latest_only_with_trigger']) retrieved from /home/felipe/airflow/venv/lib/python3.9/site-packages/airflow/example_dags/example_latest_only_with_trigger.py
[2023-08-28 20:33:22,991] {logging_mixin.py:115} INFO - [2023-08-28 20:33:22,991] {dag.py:2379} INFO - Sync 1 DAGs
[2023-08-28 20:33:23,033] {logging_mixin.py:115} INFO - [2023-08-28 20:33:23,032] {dag.py:2927} INFO - Setting next_dagrun for latest_only_with_trigger to 2023-08-28T19:33:23.031999+00:00, run_after=2023-08-28T23:33:23.031999+00:00
[2023-08-28 20:33:23,068] {processor.py:161} INFO - Processing /home/felipe/airflow/venv/lib/python3.9/site-packages/airflow/example_dags/example_latest_only_with_trigger.py took 0.199 seconds
[2023-08-28 20:34:14,864] {processor.py:153} INFO - Started process (PID=3167) to work on /home/felipe/airflow/venv/lib/python3.9/site-packages/airflow/example_dags/example_latest_only_with_trigger.py
[2023-08-28 20:34:14,866] {processor.py:641} INFO - Processing file /home/felipe/airflow/venv/lib/python3.9/site-packages/airflow/example_dags/example_latest_only_with_trigger.py for tasks to queue
[2023-08-28 20:34:14,867] {logging_mixin.py:115} INFO - [2023-08-28 20:34:14,867] {dagbag.py:507} INFO - Filling up the DagBag from /home/felipe/airflow/venv/lib/python3.9/site-packages/airflow/example_dags/example_latest_only_with_trigger.py
[2023-08-28 20:34:14,896] {processor.py:651} INFO - DAG(s) dict_keys(['latest_only_with_trigger']) retrieved from /home/felipe/airflow/venv/lib/python3.9/site-packages/airflow/example_dags/example_latest_only_with_trigger.py
[2023-08-28 20:34:14,966] {logging_mixin.py:115} INFO - [2023-08-28 20:34:14,965] {dag.py:2379} INFO - Sync 1 DAGs
[2023-08-28 20:34:15,014] {logging_mixin.py:115} INFO - [2023-08-28 20:34:15,013] {dag.py:2927} INFO - Setting next_dagrun for latest_only_with_trigger to 2023-08-28T19:34:15.013181+00:00, run_after=2023-08-28T23:34:15.013181+00:00
[2023-08-28 20:34:15,047] {processor.py:161} INFO - Processing /home/felipe/airflow/venv/lib/python3.9/site-packages/airflow/example_dags/example_latest_only_with_trigger.py took 0.198 seconds
[2023-08-28 20:35:12,607] {processor.py:153} INFO - Started process (PID=3317) to work on /home/felipe/airflow/venv/lib/python3.9/site-packages/airflow/example_dags/example_latest_only_with_trigger.py
[2023-08-28 20:35:12,609] {processor.py:641} INFO - Processing file /home/felipe/airflow/venv/lib/python3.9/site-packages/airflow/example_dags/example_latest_only_with_trigger.py for tasks to queue
[2023-08-28 20:35:12,612] {logging_mixin.py:115} INFO - [2023-08-28 20:35:12,612] {dagbag.py:507} INFO - Filling up the DagBag from /home/felipe/airflow/venv/lib/python3.9/site-packages/airflow/example_dags/example_latest_only_with_trigger.py
[2023-08-28 20:35:12,640] {processor.py:651} INFO - DAG(s) dict_keys(['latest_only_with_trigger']) retrieved from /home/felipe/airflow/venv/lib/python3.9/site-packages/airflow/example_dags/example_latest_only_with_trigger.py
[2023-08-28 20:35:12,714] {logging_mixin.py:115} INFO - [2023-08-28 20:35:12,714] {dag.py:2379} INFO - Sync 1 DAGs
[2023-08-28 20:35:12,773] {logging_mixin.py:115} INFO - [2023-08-28 20:35:12,773] {dag.py:2927} INFO - Setting next_dagrun for latest_only_with_trigger to 2023-08-28T19:35:12.772486+00:00, run_after=2023-08-28T23:35:12.772486+00:00
[2023-08-28 20:35:12,825] {processor.py:161} INFO - Processing /home/felipe/airflow/venv/lib/python3.9/site-packages/airflow/example_dags/example_latest_only_with_trigger.py took 0.228 seconds
[2023-08-28 20:36:02,559] {processor.py:153} INFO - Started process (PID=3463) to work on /home/felipe/airflow/venv/lib/python3.9/site-packages/airflow/example_dags/example_latest_only_with_trigger.py
[2023-08-28 20:36:02,560] {processor.py:641} INFO - Processing file /home/felipe/airflow/venv/lib/python3.9/site-packages/airflow/example_dags/example_latest_only_with_trigger.py for tasks to queue
[2023-08-28 20:36:02,561] {logging_mixin.py:115} INFO - [2023-08-28 20:36:02,561] {dagbag.py:507} INFO - Filling up the DagBag from /home/felipe/airflow/venv/lib/python3.9/site-packages/airflow/example_dags/example_latest_only_with_trigger.py
[2023-08-28 20:36:02,592] {processor.py:651} INFO - DAG(s) dict_keys(['latest_only_with_trigger']) retrieved from /home/felipe/airflow/venv/lib/python3.9/site-packages/airflow/example_dags/example_latest_only_with_trigger.py
[2023-08-28 20:36:02,658] {logging_mixin.py:115} INFO - [2023-08-28 20:36:02,658] {dag.py:2379} INFO - Sync 1 DAGs
[2023-08-28 20:36:02,705] {logging_mixin.py:115} INFO - [2023-08-28 20:36:02,705] {dag.py:2927} INFO - Setting next_dagrun for latest_only_with_trigger to 2023-08-28T19:36:02.704495+00:00, run_after=2023-08-28T23:36:02.704495+00:00
[2023-08-28 20:36:02,742] {processor.py:161} INFO - Processing /home/felipe/airflow/venv/lib/python3.9/site-packages/airflow/example_dags/example_latest_only_with_trigger.py took 0.197 seconds
[2023-08-28 20:36:54,511] {processor.py:153} INFO - Started process (PID=3606) to work on /home/felipe/airflow/venv/lib/python3.9/site-packages/airflow/example_dags/example_latest_only_with_trigger.py
[2023-08-28 20:36:54,513] {processor.py:641} INFO - Processing file /home/felipe/airflow/venv/lib/python3.9/site-packages/airflow/example_dags/example_latest_only_with_trigger.py for tasks to queue
[2023-08-28 20:36:54,515] {logging_mixin.py:115} INFO - [2023-08-28 20:36:54,515] {dagbag.py:507} INFO - Filling up the DagBag from /home/felipe/airflow/venv/lib/python3.9/site-packages/airflow/example_dags/example_latest_only_with_trigger.py
[2023-08-28 20:36:54,539] {processor.py:651} INFO - DAG(s) dict_keys(['latest_only_with_trigger']) retrieved from /home/felipe/airflow/venv/lib/python3.9/site-packages/airflow/example_dags/example_latest_only_with_trigger.py
[2023-08-28 20:36:54,604] {logging_mixin.py:115} INFO - [2023-08-28 20:36:54,604] {dag.py:2379} INFO - Sync 1 DAGs
[2023-08-28 20:36:54,650] {logging_mixin.py:115} INFO - [2023-08-28 20:36:54,650] {dag.py:2927} INFO - Setting next_dagrun for latest_only_with_trigger to 2023-08-28T19:36:54.648907+00:00, run_after=2023-08-28T23:36:54.648907+00:00
[2023-08-28 20:36:54,681] {processor.py:161} INFO - Processing /home/felipe/airflow/venv/lib/python3.9/site-packages/airflow/example_dags/example_latest_only_with_trigger.py took 0.185 seconds
[2023-08-28 20:37:48,990] {processor.py:153} INFO - Started process (PID=3805) to work on /home/felipe/airflow/venv/lib/python3.9/site-packages/airflow/example_dags/example_latest_only_with_trigger.py
[2023-08-28 20:37:48,992] {processor.py:641} INFO - Processing file /home/felipe/airflow/venv/lib/python3.9/site-packages/airflow/example_dags/example_latest_only_with_trigger.py for tasks to queue
[2023-08-28 20:37:48,994] {logging_mixin.py:115} INFO - [2023-08-28 20:37:48,994] {dagbag.py:507} INFO - Filling up the DagBag from /home/felipe/airflow/venv/lib/python3.9/site-packages/airflow/example_dags/example_latest_only_with_trigger.py
[2023-08-28 20:37:49,034] {processor.py:651} INFO - DAG(s) dict_keys(['latest_only_with_trigger']) retrieved from /home/felipe/airflow/venv/lib/python3.9/site-packages/airflow/example_dags/example_latest_only_with_trigger.py
[2023-08-28 20:37:49,097] {logging_mixin.py:115} INFO - [2023-08-28 20:37:49,097] {dag.py:2379} INFO - Sync 1 DAGs
[2023-08-28 20:37:49,146] {logging_mixin.py:115} INFO - [2023-08-28 20:37:49,146] {dag.py:2927} INFO - Setting next_dagrun for latest_only_with_trigger to 2023-08-28T19:37:49.145830+00:00, run_after=2023-08-28T23:37:49.145830+00:00
[2023-08-28 20:37:49,184] {processor.py:161} INFO - Processing /home/felipe/airflow/venv/lib/python3.9/site-packages/airflow/example_dags/example_latest_only_with_trigger.py took 0.209 seconds
[2023-08-28 20:38:47,893] {processor.py:153} INFO - Started process (PID=4036) to work on /home/felipe/airflow/venv/lib/python3.9/site-packages/airflow/example_dags/example_latest_only_with_trigger.py
[2023-08-28 20:38:47,895] {processor.py:641} INFO - Processing file /home/felipe/airflow/venv/lib/python3.9/site-packages/airflow/example_dags/example_latest_only_with_trigger.py for tasks to queue
[2023-08-28 20:38:47,897] {logging_mixin.py:115} INFO - [2023-08-28 20:38:47,896] {dagbag.py:507} INFO - Filling up the DagBag from /home/felipe/airflow/venv/lib/python3.9/site-packages/airflow/example_dags/example_latest_only_with_trigger.py
[2023-08-28 20:38:47,950] {processor.py:651} INFO - DAG(s) dict_keys(['latest_only_with_trigger']) retrieved from /home/felipe/airflow/venv/lib/python3.9/site-packages/airflow/example_dags/example_latest_only_with_trigger.py
[2023-08-28 20:38:48,017] {logging_mixin.py:115} INFO - [2023-08-28 20:38:48,016] {dag.py:2379} INFO - Sync 1 DAGs
[2023-08-28 20:38:48,077] {logging_mixin.py:115} INFO - [2023-08-28 20:38:48,077] {dag.py:2927} INFO - Setting next_dagrun for latest_only_with_trigger to 2023-08-28T19:38:48.076863+00:00, run_after=2023-08-28T23:38:48.076863+00:00
[2023-08-28 20:38:48,114] {processor.py:161} INFO - Processing /home/felipe/airflow/venv/lib/python3.9/site-packages/airflow/example_dags/example_latest_only_with_trigger.py took 0.235 seconds
[2023-08-28 20:39:39,664] {processor.py:153} INFO - Started process (PID=4181) to work on /home/felipe/airflow/venv/lib/python3.9/site-packages/airflow/example_dags/example_latest_only_with_trigger.py
[2023-08-28 20:39:39,665] {processor.py:641} INFO - Processing file /home/felipe/airflow/venv/lib/python3.9/site-packages/airflow/example_dags/example_latest_only_with_trigger.py for tasks to queue
[2023-08-28 20:39:39,666] {logging_mixin.py:115} INFO - [2023-08-28 20:39:39,666] {dagbag.py:507} INFO - Filling up the DagBag from /home/felipe/airflow/venv/lib/python3.9/site-packages/airflow/example_dags/example_latest_only_with_trigger.py
[2023-08-28 20:39:39,700] {processor.py:651} INFO - DAG(s) dict_keys(['latest_only_with_trigger']) retrieved from /home/felipe/airflow/venv/lib/python3.9/site-packages/airflow/example_dags/example_latest_only_with_trigger.py
[2023-08-28 20:39:39,755] {logging_mixin.py:115} INFO - [2023-08-28 20:39:39,754] {dag.py:2379} INFO - Sync 1 DAGs
[2023-08-28 20:39:39,808] {logging_mixin.py:115} INFO - [2023-08-28 20:39:39,807] {dag.py:2927} INFO - Setting next_dagrun for latest_only_with_trigger to 2023-08-28T19:39:39.804912+00:00, run_after=2023-08-28T23:39:39.804912+00:00
[2023-08-28 20:39:39,870] {processor.py:161} INFO - Processing /home/felipe/airflow/venv/lib/python3.9/site-packages/airflow/example_dags/example_latest_only_with_trigger.py took 0.218 seconds
[2023-08-28 20:42:54,644] {processor.py:153} INFO - Started process (PID=6029) to work on /home/felipe/airflow/venv/lib/python3.9/site-packages/airflow/example_dags/example_latest_only_with_trigger.py
[2023-08-28 20:42:54,646] {processor.py:641} INFO - Processing file /home/felipe/airflow/venv/lib/python3.9/site-packages/airflow/example_dags/example_latest_only_with_trigger.py for tasks to queue
[2023-08-28 20:42:54,651] {logging_mixin.py:115} INFO - [2023-08-28 20:42:54,650] {dagbag.py:507} INFO - Filling up the DagBag from /home/felipe/airflow/venv/lib/python3.9/site-packages/airflow/example_dags/example_latest_only_with_trigger.py
[2023-08-28 20:42:54,749] {processor.py:651} INFO - DAG(s) dict_keys(['latest_only_with_trigger']) retrieved from /home/felipe/airflow/venv/lib/python3.9/site-packages/airflow/example_dags/example_latest_only_with_trigger.py
[2023-08-28 20:42:54,901] {logging_mixin.py:115} INFO - [2023-08-28 20:42:54,900] {dag.py:2379} INFO - Sync 1 DAGs
[2023-08-28 20:42:55,067] {logging_mixin.py:115} INFO - [2023-08-28 20:42:55,067] {dag.py:2927} INFO - Setting next_dagrun for latest_only_with_trigger to 2023-08-28T19:42:55.065745+00:00, run_after=2023-08-28T23:42:55.065745+00:00
[2023-08-28 20:42:55,185] {processor.py:161} INFO - Processing /home/felipe/airflow/venv/lib/python3.9/site-packages/airflow/example_dags/example_latest_only_with_trigger.py took 0.601 seconds
