[2023-08-28 19:04:44,322] {processor.py:153} INFO - Started process (PID=8270) to work on /home/felipe/airflow/venv/lib/python3.9/site-packages/airflow/example_dags/example_external_task_marker_dag.py
[2023-08-28 19:04:44,333] {processor.py:641} INFO - Processing file /home/felipe/airflow/venv/lib/python3.9/site-packages/airflow/example_dags/example_external_task_marker_dag.py for tasks to queue
[2023-08-28 19:04:44,339] {logging_mixin.py:115} INFO - [2023-08-28 19:04:44,338] {dagbag.py:507} INFO - Filling up the DagBag from /home/felipe/airflow/venv/lib/python3.9/site-packages/airflow/example_dags/example_external_task_marker_dag.py
[2023-08-28 19:04:44,508] {processor.py:651} INFO - DAG(s) dict_keys(['example_external_task_marker_parent', 'example_external_task_marker_child']) retrieved from /home/felipe/airflow/venv/lib/python3.9/site-packages/airflow/example_dags/example_external_task_marker_dag.py
[2023-08-28 19:04:46,914] {logging_mixin.py:115} INFO - [2023-08-28 19:04:46,914] {manager.py:508} INFO - Created Permission View: can delete on DAG:example_external_task_marker_parent
[2023-08-28 19:04:47,352] {logging_mixin.py:115} INFO - [2023-08-28 19:04:47,351] {manager.py:508} INFO - Created Permission View: can read on DAG:example_external_task_marker_parent
[2023-08-28 19:04:47,532] {logging_mixin.py:115} INFO - [2023-08-28 19:04:47,531] {manager.py:508} INFO - Created Permission View: can edit on DAG:example_external_task_marker_parent
[2023-08-28 19:04:48,354] {logging_mixin.py:115} INFO - [2023-08-28 19:04:48,353] {manager.py:508} INFO - Created Permission View: can delete on DAG:example_external_task_marker_child
[2023-08-28 19:04:48,636] {logging_mixin.py:115} INFO - [2023-08-28 19:04:48,635] {manager.py:508} INFO - Created Permission View: can read on DAG:example_external_task_marker_child
[2023-08-28 19:04:48,857] {logging_mixin.py:115} INFO - [2023-08-28 19:04:48,857] {manager.py:511} ERROR - Creation of Permission View Error: (sqlite3.OperationalError) disk I/O error
(Background on this error at: http://sqlalche.me/e/14/e3q8)
[2023-08-28 19:04:48,866] {logging_mixin.py:115} INFO - [2023-08-28 19:04:48,864] {dag.py:2379} INFO - Sync 2 DAGs
[2023-08-28 19:04:49,040] {logging_mixin.py:115} INFO - [2023-08-28 19:04:49,039] {dag.py:2398} INFO - Creating ORM DAG for example_external_task_marker_child
[2023-08-28 19:04:49,048] {logging_mixin.py:115} INFO - [2023-08-28 19:04:49,047] {dag.py:2398} INFO - Creating ORM DAG for example_external_task_marker_parent
[2023-08-28 19:04:49,319] {logging_mixin.py:115} INFO - [2023-08-28 19:04:49,319] {dag.py:2927} INFO - Setting next_dagrun for example_external_task_marker_child to None, run_after=None
[2023-08-28 19:04:49,321] {logging_mixin.py:115} INFO - [2023-08-28 19:04:49,321] {dag.py:2927} INFO - Setting next_dagrun for example_external_task_marker_parent to None, run_after=None
[2023-08-28 19:04:49,705] {processor.py:164} ERROR - Got an exception! Propagating...
Traceback (most recent call last):
  File "/home/felipe/airflow/venv/lib/python3.9/site-packages/sqlalchemy/engine/base.py", line 928, in _commit_impl
    self.engine.dialect.do_commit(self.connection)
  File "/home/felipe/airflow/venv/lib/python3.9/site-packages/sqlalchemy/engine/default.py", line 669, in do_commit
    dbapi_connection.commit()
sqlite3.OperationalError: disk I/O error

The above exception was the direct cause of the following exception:

Traceback (most recent call last):
  File "/home/felipe/airflow/venv/lib/python3.9/site-packages/airflow/dag_processing/processor.py", line 155, in _run_file_processor
    result: Tuple[int, int] = dag_file_processor.process_file(
  File "/home/felipe/airflow/venv/lib/python3.9/site-packages/airflow/utils/session.py", line 71, in wrapper
    return func(*args, session=session, **kwargs)
  File "/home/felipe/airflow/venv/lib/python3.9/site-packages/airflow/dag_processing/processor.py", line 660, in process_file
    dagbag.sync_to_db()
  File "/home/felipe/airflow/venv/lib/python3.9/site-packages/airflow/utils/session.py", line 71, in wrapper
    return func(*args, session=session, **kwargs)
  File "/usr/lib/python3.9/contextlib.py", line 126, in __exit__
    next(self.gen)
  File "/home/felipe/airflow/venv/lib/python3.9/site-packages/airflow/utils/session.py", line 33, in create_session
    session.commit()
  File "/home/felipe/airflow/venv/lib/python3.9/site-packages/sqlalchemy/orm/session.py", line 1423, in commit
    self._transaction.commit(_to_root=self.future)
  File "/home/felipe/airflow/venv/lib/python3.9/site-packages/sqlalchemy/orm/session.py", line 836, in commit
    trans.commit()
  File "/home/felipe/airflow/venv/lib/python3.9/site-packages/sqlalchemy/engine/base.py", line 2265, in commit
    self._do_commit()
  File "/home/felipe/airflow/venv/lib/python3.9/site-packages/sqlalchemy/engine/base.py", line 2440, in _do_commit
    self._connection_commit_impl()
  File "/home/felipe/airflow/venv/lib/python3.9/site-packages/sqlalchemy/engine/base.py", line 2411, in _connection_commit_impl
    self.connection._commit_impl()
  File "/home/felipe/airflow/venv/lib/python3.9/site-packages/sqlalchemy/engine/base.py", line 930, in _commit_impl
    self._handle_dbapi_exception(e, None, None, None, None)
  File "/home/felipe/airflow/venv/lib/python3.9/site-packages/sqlalchemy/engine/base.py", line 1929, in _handle_dbapi_exception
    util.raise_(
  File "/home/felipe/airflow/venv/lib/python3.9/site-packages/sqlalchemy/util/compat.py", line 211, in raise_
    raise exception
  File "/home/felipe/airflow/venv/lib/python3.9/site-packages/sqlalchemy/engine/base.py", line 928, in _commit_impl
    self.engine.dialect.do_commit(self.connection)
  File "/home/felipe/airflow/venv/lib/python3.9/site-packages/sqlalchemy/engine/default.py", line 669, in do_commit
    dbapi_connection.commit()
sqlalchemy.exc.OperationalError: (sqlite3.OperationalError) disk I/O error
(Background on this error at: http://sqlalche.me/e/14/e3q8)
[2023-08-28 19:06:08,402] {processor.py:153} INFO - Started process (PID=8947) to work on /home/felipe/airflow/venv/lib/python3.9/site-packages/airflow/example_dags/example_external_task_marker_dag.py
[2023-08-28 19:06:08,410] {processor.py:641} INFO - Processing file /home/felipe/airflow/venv/lib/python3.9/site-packages/airflow/example_dags/example_external_task_marker_dag.py for tasks to queue
[2023-08-28 19:06:08,415] {logging_mixin.py:115} INFO - [2023-08-28 19:06:08,415] {dagbag.py:507} INFO - Filling up the DagBag from /home/felipe/airflow/venv/lib/python3.9/site-packages/airflow/example_dags/example_external_task_marker_dag.py
[2023-08-28 19:06:08,452] {processor.py:651} INFO - DAG(s) dict_keys(['example_external_task_marker_parent', 'example_external_task_marker_child']) retrieved from /home/felipe/airflow/venv/lib/python3.9/site-packages/airflow/example_dags/example_external_task_marker_dag.py
[2023-08-28 19:06:08,879] {logging_mixin.py:115} INFO - [2023-08-28 19:06:08,879] {dag.py:2379} INFO - Sync 2 DAGs
[2023-08-28 19:06:09,032] {logging_mixin.py:115} INFO - [2023-08-28 19:06:09,032] {dag.py:2927} INFO - Setting next_dagrun for example_external_task_marker_child to None, run_after=None
[2023-08-28 19:06:09,032] {logging_mixin.py:115} INFO - [2023-08-28 19:06:09,032] {dag.py:2927} INFO - Setting next_dagrun for example_external_task_marker_parent to None, run_after=None
[2023-08-28 19:06:09,101] {processor.py:161} INFO - Processing /home/felipe/airflow/venv/lib/python3.9/site-packages/airflow/example_dags/example_external_task_marker_dag.py took 0.718 seconds
[2023-08-28 19:08:24,909] {processor.py:153} INFO - Started process (PID=10092) to work on /home/felipe/airflow/venv/lib/python3.9/site-packages/airflow/example_dags/example_external_task_marker_dag.py
[2023-08-28 19:08:24,911] {processor.py:641} INFO - Processing file /home/felipe/airflow/venv/lib/python3.9/site-packages/airflow/example_dags/example_external_task_marker_dag.py for tasks to queue
[2023-08-28 19:08:24,915] {logging_mixin.py:115} INFO - [2023-08-28 19:08:24,915] {dagbag.py:507} INFO - Filling up the DagBag from /home/felipe/airflow/venv/lib/python3.9/site-packages/airflow/example_dags/example_external_task_marker_dag.py
[2023-08-28 19:08:25,344] {processor.py:651} INFO - DAG(s) dict_keys(['example_external_task_marker_parent', 'example_external_task_marker_child']) retrieved from /home/felipe/airflow/venv/lib/python3.9/site-packages/airflow/example_dags/example_external_task_marker_dag.py
[2023-08-28 19:08:26,723] {logging_mixin.py:115} INFO - [2023-08-28 19:08:26,723] {dag.py:2379} INFO - Sync 2 DAGs
[2023-08-28 19:08:26,838] {logging_mixin.py:115} INFO - [2023-08-28 19:08:26,838] {dag.py:2927} INFO - Setting next_dagrun for example_external_task_marker_child to None, run_after=None
[2023-08-28 19:08:26,839] {logging_mixin.py:115} INFO - [2023-08-28 19:08:26,839] {dag.py:2927} INFO - Setting next_dagrun for example_external_task_marker_parent to None, run_after=None
[2023-08-28 19:08:27,276] {processor.py:161} INFO - Processing /home/felipe/airflow/venv/lib/python3.9/site-packages/airflow/example_dags/example_external_task_marker_dag.py took 2.538 seconds
[2023-08-28 19:09:35,739] {processor.py:153} INFO - Started process (PID=10691) to work on /home/felipe/airflow/venv/lib/python3.9/site-packages/airflow/example_dags/example_external_task_marker_dag.py
[2023-08-28 19:09:35,744] {processor.py:641} INFO - Processing file /home/felipe/airflow/venv/lib/python3.9/site-packages/airflow/example_dags/example_external_task_marker_dag.py for tasks to queue
[2023-08-28 19:09:35,748] {logging_mixin.py:115} INFO - [2023-08-28 19:09:35,747] {dagbag.py:507} INFO - Filling up the DagBag from /home/felipe/airflow/venv/lib/python3.9/site-packages/airflow/example_dags/example_external_task_marker_dag.py
[2023-08-28 19:09:35,812] {processor.py:651} INFO - DAG(s) dict_keys(['example_external_task_marker_parent', 'example_external_task_marker_child']) retrieved from /home/felipe/airflow/venv/lib/python3.9/site-packages/airflow/example_dags/example_external_task_marker_dag.py
[2023-08-28 19:09:36,225] {logging_mixin.py:115} INFO - [2023-08-28 19:09:36,224] {dag.py:2379} INFO - Sync 2 DAGs
[2023-08-28 19:09:36,393] {logging_mixin.py:115} INFO - [2023-08-28 19:09:36,393] {dag.py:2927} INFO - Setting next_dagrun for example_external_task_marker_child to None, run_after=None
[2023-08-28 19:09:36,394] {logging_mixin.py:115} INFO - [2023-08-28 19:09:36,394] {dag.py:2927} INFO - Setting next_dagrun for example_external_task_marker_parent to None, run_after=None
[2023-08-28 19:09:36,545] {processor.py:161} INFO - Processing /home/felipe/airflow/venv/lib/python3.9/site-packages/airflow/example_dags/example_external_task_marker_dag.py took 0.841 seconds
[2023-08-28 19:10:29,710] {processor.py:153} INFO - Started process (PID=11023) to work on /home/felipe/airflow/venv/lib/python3.9/site-packages/airflow/example_dags/example_external_task_marker_dag.py
[2023-08-28 19:10:29,712] {processor.py:641} INFO - Processing file /home/felipe/airflow/venv/lib/python3.9/site-packages/airflow/example_dags/example_external_task_marker_dag.py for tasks to queue
[2023-08-28 19:10:29,713] {logging_mixin.py:115} INFO - [2023-08-28 19:10:29,713] {dagbag.py:507} INFO - Filling up the DagBag from /home/felipe/airflow/venv/lib/python3.9/site-packages/airflow/example_dags/example_external_task_marker_dag.py
[2023-08-28 19:10:29,739] {processor.py:651} INFO - DAG(s) dict_keys(['example_external_task_marker_parent', 'example_external_task_marker_child']) retrieved from /home/felipe/airflow/venv/lib/python3.9/site-packages/airflow/example_dags/example_external_task_marker_dag.py
[2023-08-28 19:10:29,908] {logging_mixin.py:115} INFO - [2023-08-28 19:10:29,908] {dag.py:2379} INFO - Sync 2 DAGs
[2023-08-28 19:10:30,199] {logging_mixin.py:115} INFO - [2023-08-28 19:10:30,198] {dag.py:2927} INFO - Setting next_dagrun for example_external_task_marker_child to None, run_after=None
[2023-08-28 19:10:30,205] {logging_mixin.py:115} INFO - [2023-08-28 19:10:30,204] {dag.py:2927} INFO - Setting next_dagrun for example_external_task_marker_parent to None, run_after=None
[2023-08-28 19:10:30,294] {processor.py:161} INFO - Processing /home/felipe/airflow/venv/lib/python3.9/site-packages/airflow/example_dags/example_external_task_marker_dag.py took 0.599 seconds
[2023-08-28 19:11:20,661] {processor.py:153} INFO - Started process (PID=11119) to work on /home/felipe/airflow/venv/lib/python3.9/site-packages/airflow/example_dags/example_external_task_marker_dag.py
[2023-08-28 19:11:20,663] {processor.py:641} INFO - Processing file /home/felipe/airflow/venv/lib/python3.9/site-packages/airflow/example_dags/example_external_task_marker_dag.py for tasks to queue
[2023-08-28 19:11:20,666] {logging_mixin.py:115} INFO - [2023-08-28 19:11:20,666] {dagbag.py:507} INFO - Filling up the DagBag from /home/felipe/airflow/venv/lib/python3.9/site-packages/airflow/example_dags/example_external_task_marker_dag.py
[2023-08-28 19:11:20,700] {processor.py:651} INFO - DAG(s) dict_keys(['example_external_task_marker_parent', 'example_external_task_marker_child']) retrieved from /home/felipe/airflow/venv/lib/python3.9/site-packages/airflow/example_dags/example_external_task_marker_dag.py
[2023-08-28 19:11:20,846] {logging_mixin.py:115} INFO - [2023-08-28 19:11:20,846] {dag.py:2379} INFO - Sync 2 DAGs
[2023-08-28 19:11:20,895] {logging_mixin.py:115} INFO - [2023-08-28 19:11:20,895] {dag.py:2927} INFO - Setting next_dagrun for example_external_task_marker_child to None, run_after=None
[2023-08-28 19:11:20,896] {logging_mixin.py:115} INFO - [2023-08-28 19:11:20,896] {dag.py:2927} INFO - Setting next_dagrun for example_external_task_marker_parent to None, run_after=None
[2023-08-28 19:11:20,941] {processor.py:161} INFO - Processing /home/felipe/airflow/venv/lib/python3.9/site-packages/airflow/example_dags/example_external_task_marker_dag.py took 0.295 seconds
[2023-08-28 19:12:14,962] {processor.py:153} INFO - Started process (PID=11318) to work on /home/felipe/airflow/venv/lib/python3.9/site-packages/airflow/example_dags/example_external_task_marker_dag.py
[2023-08-28 19:12:14,985] {processor.py:641} INFO - Processing file /home/felipe/airflow/venv/lib/python3.9/site-packages/airflow/example_dags/example_external_task_marker_dag.py for tasks to queue
[2023-08-28 19:12:14,997] {logging_mixin.py:115} INFO - [2023-08-28 19:12:14,987] {dagbag.py:507} INFO - Filling up the DagBag from /home/felipe/airflow/venv/lib/python3.9/site-packages/airflow/example_dags/example_external_task_marker_dag.py
[2023-08-28 19:12:15,098] {processor.py:651} INFO - DAG(s) dict_keys(['example_external_task_marker_parent', 'example_external_task_marker_child']) retrieved from /home/felipe/airflow/venv/lib/python3.9/site-packages/airflow/example_dags/example_external_task_marker_dag.py
[2023-08-28 19:12:15,445] {logging_mixin.py:115} INFO - [2023-08-28 19:12:15,444] {dag.py:2379} INFO - Sync 2 DAGs
[2023-08-28 19:12:15,517] {logging_mixin.py:115} INFO - [2023-08-28 19:12:15,517] {dag.py:2927} INFO - Setting next_dagrun for example_external_task_marker_child to None, run_after=None
[2023-08-28 19:12:15,518] {logging_mixin.py:115} INFO - [2023-08-28 19:12:15,518] {dag.py:2927} INFO - Setting next_dagrun for example_external_task_marker_parent to None, run_after=None
[2023-08-28 19:12:15,585] {processor.py:161} INFO - Processing /home/felipe/airflow/venv/lib/python3.9/site-packages/airflow/example_dags/example_external_task_marker_dag.py took 0.700 seconds
[2023-08-28 19:13:55,483] {processor.py:153} INFO - Started process (PID=11980) to work on /home/felipe/airflow/venv/lib/python3.9/site-packages/airflow/example_dags/example_external_task_marker_dag.py
[2023-08-28 19:13:55,488] {processor.py:641} INFO - Processing file /home/felipe/airflow/venv/lib/python3.9/site-packages/airflow/example_dags/example_external_task_marker_dag.py for tasks to queue
[2023-08-28 19:13:55,490] {logging_mixin.py:115} INFO - [2023-08-28 19:13:55,490] {dagbag.py:507} INFO - Filling up the DagBag from /home/felipe/airflow/venv/lib/python3.9/site-packages/airflow/example_dags/example_external_task_marker_dag.py
[2023-08-28 19:13:55,536] {processor.py:651} INFO - DAG(s) dict_keys(['example_external_task_marker_parent', 'example_external_task_marker_child']) retrieved from /home/felipe/airflow/venv/lib/python3.9/site-packages/airflow/example_dags/example_external_task_marker_dag.py
[2023-08-28 19:13:55,799] {logging_mixin.py:115} INFO - [2023-08-28 19:13:55,799] {dag.py:2379} INFO - Sync 2 DAGs
[2023-08-28 19:13:55,890] {logging_mixin.py:115} INFO - [2023-08-28 19:13:55,890] {dag.py:2927} INFO - Setting next_dagrun for example_external_task_marker_child to None, run_after=None
[2023-08-28 19:13:55,892] {logging_mixin.py:115} INFO - [2023-08-28 19:13:55,892] {dag.py:2927} INFO - Setting next_dagrun for example_external_task_marker_parent to None, run_after=None
[2023-08-28 19:13:55,977] {processor.py:161} INFO - Processing /home/felipe/airflow/venv/lib/python3.9/site-packages/airflow/example_dags/example_external_task_marker_dag.py took 0.521 seconds
[2023-08-28 19:15:21,819] {processor.py:153} INFO - Started process (PID=12437) to work on /home/felipe/airflow/venv/lib/python3.9/site-packages/airflow/example_dags/example_external_task_marker_dag.py
[2023-08-28 19:15:21,821] {processor.py:641} INFO - Processing file /home/felipe/airflow/venv/lib/python3.9/site-packages/airflow/example_dags/example_external_task_marker_dag.py for tasks to queue
[2023-08-28 19:15:21,831] {logging_mixin.py:115} INFO - [2023-08-28 19:15:21,829] {dagbag.py:507} INFO - Filling up the DagBag from /home/felipe/airflow/venv/lib/python3.9/site-packages/airflow/example_dags/example_external_task_marker_dag.py
[2023-08-28 19:15:21,889] {processor.py:651} INFO - DAG(s) dict_keys(['example_external_task_marker_parent', 'example_external_task_marker_child']) retrieved from /home/felipe/airflow/venv/lib/python3.9/site-packages/airflow/example_dags/example_external_task_marker_dag.py
[2023-08-28 19:15:22,295] {logging_mixin.py:115} INFO - [2023-08-28 19:15:22,288] {dag.py:2379} INFO - Sync 2 DAGs
[2023-08-28 19:15:22,435] {logging_mixin.py:115} INFO - [2023-08-28 19:15:22,435] {dag.py:2927} INFO - Setting next_dagrun for example_external_task_marker_child to None, run_after=None
[2023-08-28 19:15:22,436] {logging_mixin.py:115} INFO - [2023-08-28 19:15:22,436] {dag.py:2927} INFO - Setting next_dagrun for example_external_task_marker_parent to None, run_after=None
[2023-08-28 19:15:22,583] {processor.py:161} INFO - Processing /home/felipe/airflow/venv/lib/python3.9/site-packages/airflow/example_dags/example_external_task_marker_dag.py took 0.803 seconds
[2023-08-28 19:16:29,925] {processor.py:153} INFO - Started process (PID=12584) to work on /home/felipe/airflow/venv/lib/python3.9/site-packages/airflow/example_dags/example_external_task_marker_dag.py
[2023-08-28 19:16:29,928] {processor.py:641} INFO - Processing file /home/felipe/airflow/venv/lib/python3.9/site-packages/airflow/example_dags/example_external_task_marker_dag.py for tasks to queue
[2023-08-28 19:16:29,931] {logging_mixin.py:115} INFO - [2023-08-28 19:16:29,931] {dagbag.py:507} INFO - Filling up the DagBag from /home/felipe/airflow/venv/lib/python3.9/site-packages/airflow/example_dags/example_external_task_marker_dag.py
[2023-08-28 19:16:29,981] {processor.py:651} INFO - DAG(s) dict_keys(['example_external_task_marker_parent', 'example_external_task_marker_child']) retrieved from /home/felipe/airflow/venv/lib/python3.9/site-packages/airflow/example_dags/example_external_task_marker_dag.py
[2023-08-28 19:16:30,251] {logging_mixin.py:115} INFO - [2023-08-28 19:16:30,251] {dag.py:2379} INFO - Sync 2 DAGs
[2023-08-28 19:16:30,357] {logging_mixin.py:115} INFO - [2023-08-28 19:16:30,357] {dag.py:2927} INFO - Setting next_dagrun for example_external_task_marker_child to None, run_after=None
[2023-08-28 19:16:30,358] {logging_mixin.py:115} INFO - [2023-08-28 19:16:30,358] {dag.py:2927} INFO - Setting next_dagrun for example_external_task_marker_parent to None, run_after=None
[2023-08-28 19:16:30,439] {processor.py:161} INFO - Processing /home/felipe/airflow/venv/lib/python3.9/site-packages/airflow/example_dags/example_external_task_marker_dag.py took 0.557 seconds
[2023-08-28 19:17:50,806] {processor.py:153} INFO - Started process (PID=12985) to work on /home/felipe/airflow/venv/lib/python3.9/site-packages/airflow/example_dags/example_external_task_marker_dag.py
[2023-08-28 19:17:50,813] {processor.py:641} INFO - Processing file /home/felipe/airflow/venv/lib/python3.9/site-packages/airflow/example_dags/example_external_task_marker_dag.py for tasks to queue
[2023-08-28 19:17:50,815] {logging_mixin.py:115} INFO - [2023-08-28 19:17:50,815] {dagbag.py:507} INFO - Filling up the DagBag from /home/felipe/airflow/venv/lib/python3.9/site-packages/airflow/example_dags/example_external_task_marker_dag.py
[2023-08-28 19:17:50,963] {processor.py:651} INFO - DAG(s) dict_keys(['example_external_task_marker_parent', 'example_external_task_marker_child']) retrieved from /home/felipe/airflow/venv/lib/python3.9/site-packages/airflow/example_dags/example_external_task_marker_dag.py
[2023-08-28 19:17:51,461] {logging_mixin.py:115} INFO - [2023-08-28 19:17:51,461] {dag.py:2379} INFO - Sync 2 DAGs
[2023-08-28 19:17:51,647] {logging_mixin.py:115} INFO - [2023-08-28 19:17:51,646] {dag.py:2927} INFO - Setting next_dagrun for example_external_task_marker_child to None, run_after=None
[2023-08-28 19:17:51,648] {logging_mixin.py:115} INFO - [2023-08-28 19:17:51,648] {dag.py:2927} INFO - Setting next_dagrun for example_external_task_marker_parent to None, run_after=None
[2023-08-28 19:17:51,828] {processor.py:161} INFO - Processing /home/felipe/airflow/venv/lib/python3.9/site-packages/airflow/example_dags/example_external_task_marker_dag.py took 1.183 seconds
[2023-08-28 19:20:16,840] {processor.py:153} INFO - Started process (PID=13574) to work on /home/felipe/airflow/venv/lib/python3.9/site-packages/airflow/example_dags/example_external_task_marker_dag.py
[2023-08-28 19:20:16,842] {processor.py:641} INFO - Processing file /home/felipe/airflow/venv/lib/python3.9/site-packages/airflow/example_dags/example_external_task_marker_dag.py for tasks to queue
[2023-08-28 19:20:16,846] {logging_mixin.py:115} INFO - [2023-08-28 19:20:16,846] {dagbag.py:507} INFO - Filling up the DagBag from /home/felipe/airflow/venv/lib/python3.9/site-packages/airflow/example_dags/example_external_task_marker_dag.py
[2023-08-28 19:20:16,869] {processor.py:651} INFO - DAG(s) dict_keys(['example_external_task_marker_parent', 'example_external_task_marker_child']) retrieved from /home/felipe/airflow/venv/lib/python3.9/site-packages/airflow/example_dags/example_external_task_marker_dag.py
[2023-08-28 19:20:17,051] {logging_mixin.py:115} INFO - [2023-08-28 19:20:17,051] {dag.py:2379} INFO - Sync 2 DAGs
[2023-08-28 19:20:17,125] {logging_mixin.py:115} INFO - [2023-08-28 19:20:17,125] {dag.py:2927} INFO - Setting next_dagrun for example_external_task_marker_child to None, run_after=None
[2023-08-28 19:20:17,126] {logging_mixin.py:115} INFO - [2023-08-28 19:20:17,125] {dag.py:2927} INFO - Setting next_dagrun for example_external_task_marker_parent to None, run_after=None
[2023-08-28 19:20:17,206] {processor.py:161} INFO - Processing /home/felipe/airflow/venv/lib/python3.9/site-packages/airflow/example_dags/example_external_task_marker_dag.py took 0.382 seconds
[2023-08-28 19:22:02,977] {processor.py:153} INFO - Started process (PID=14527) to work on /home/felipe/airflow/venv/lib/python3.9/site-packages/airflow/example_dags/example_external_task_marker_dag.py
[2023-08-28 19:22:02,979] {processor.py:641} INFO - Processing file /home/felipe/airflow/venv/lib/python3.9/site-packages/airflow/example_dags/example_external_task_marker_dag.py for tasks to queue
[2023-08-28 19:22:02,987] {logging_mixin.py:115} INFO - [2023-08-28 19:22:02,981] {dagbag.py:507} INFO - Filling up the DagBag from /home/felipe/airflow/venv/lib/python3.9/site-packages/airflow/example_dags/example_external_task_marker_dag.py
[2023-08-28 19:22:03,042] {processor.py:651} INFO - DAG(s) dict_keys(['example_external_task_marker_parent', 'example_external_task_marker_child']) retrieved from /home/felipe/airflow/venv/lib/python3.9/site-packages/airflow/example_dags/example_external_task_marker_dag.py
[2023-08-28 19:22:03,364] {logging_mixin.py:115} INFO - [2023-08-28 19:22:03,364] {dag.py:2379} INFO - Sync 2 DAGs
[2023-08-28 19:22:03,726] {logging_mixin.py:115} INFO - [2023-08-28 19:22:03,725] {dag.py:2927} INFO - Setting next_dagrun for example_external_task_marker_child to None, run_after=None
[2023-08-28 19:22:03,729] {logging_mixin.py:115} INFO - [2023-08-28 19:22:03,728] {dag.py:2927} INFO - Setting next_dagrun for example_external_task_marker_parent to None, run_after=None
[2023-08-28 19:22:03,946] {processor.py:161} INFO - Processing /home/felipe/airflow/venv/lib/python3.9/site-packages/airflow/example_dags/example_external_task_marker_dag.py took 1.003 seconds
[2023-08-28 19:23:25,397] {processor.py:153} INFO - Started process (PID=15130) to work on /home/felipe/airflow/venv/lib/python3.9/site-packages/airflow/example_dags/example_external_task_marker_dag.py
[2023-08-28 19:23:25,400] {processor.py:641} INFO - Processing file /home/felipe/airflow/venv/lib/python3.9/site-packages/airflow/example_dags/example_external_task_marker_dag.py for tasks to queue
[2023-08-28 19:23:25,402] {logging_mixin.py:115} INFO - [2023-08-28 19:23:25,402] {dagbag.py:507} INFO - Filling up the DagBag from /home/felipe/airflow/venv/lib/python3.9/site-packages/airflow/example_dags/example_external_task_marker_dag.py
[2023-08-28 19:23:25,435] {processor.py:651} INFO - DAG(s) dict_keys(['example_external_task_marker_parent', 'example_external_task_marker_child']) retrieved from /home/felipe/airflow/venv/lib/python3.9/site-packages/airflow/example_dags/example_external_task_marker_dag.py
[2023-08-28 19:23:26,075] {logging_mixin.py:115} INFO - [2023-08-28 19:23:26,074] {dag.py:2379} INFO - Sync 2 DAGs
[2023-08-28 19:23:27,019] {logging_mixin.py:115} INFO - [2023-08-28 19:23:27,008] {dag.py:2927} INFO - Setting next_dagrun for example_external_task_marker_child to None, run_after=None
[2023-08-28 19:23:27,023] {logging_mixin.py:115} INFO - [2023-08-28 19:23:27,023] {dag.py:2927} INFO - Setting next_dagrun for example_external_task_marker_parent to None, run_after=None
[2023-08-28 19:23:27,275] {processor.py:161} INFO - Processing /home/felipe/airflow/venv/lib/python3.9/site-packages/airflow/example_dags/example_external_task_marker_dag.py took 1.904 seconds
[2023-08-28 19:24:29,519] {processor.py:153} INFO - Started process (PID=15469) to work on /home/felipe/airflow/venv/lib/python3.9/site-packages/airflow/example_dags/example_external_task_marker_dag.py
[2023-08-28 19:24:29,521] {processor.py:641} INFO - Processing file /home/felipe/airflow/venv/lib/python3.9/site-packages/airflow/example_dags/example_external_task_marker_dag.py for tasks to queue
[2023-08-28 19:24:29,522] {logging_mixin.py:115} INFO - [2023-08-28 19:24:29,522] {dagbag.py:507} INFO - Filling up the DagBag from /home/felipe/airflow/venv/lib/python3.9/site-packages/airflow/example_dags/example_external_task_marker_dag.py
[2023-08-28 19:24:29,556] {processor.py:651} INFO - DAG(s) dict_keys(['example_external_task_marker_parent', 'example_external_task_marker_child']) retrieved from /home/felipe/airflow/venv/lib/python3.9/site-packages/airflow/example_dags/example_external_task_marker_dag.py
[2023-08-28 19:24:29,734] {logging_mixin.py:115} INFO - [2023-08-28 19:24:29,734] {dag.py:2379} INFO - Sync 2 DAGs
[2023-08-28 19:24:29,835] {logging_mixin.py:115} INFO - [2023-08-28 19:24:29,835] {dag.py:2927} INFO - Setting next_dagrun for example_external_task_marker_child to None, run_after=None
[2023-08-28 19:24:29,836] {logging_mixin.py:115} INFO - [2023-08-28 19:24:29,836] {dag.py:2927} INFO - Setting next_dagrun for example_external_task_marker_parent to None, run_after=None
[2023-08-28 19:24:29,887] {processor.py:161} INFO - Processing /home/felipe/airflow/venv/lib/python3.9/site-packages/airflow/example_dags/example_external_task_marker_dag.py took 0.396 seconds
[2023-08-28 19:27:28,904] {processor.py:153} INFO - Started process (PID=16902) to work on /home/felipe/airflow/venv/lib/python3.9/site-packages/airflow/example_dags/example_external_task_marker_dag.py
[2023-08-28 19:27:28,907] {processor.py:641} INFO - Processing file /home/felipe/airflow/venv/lib/python3.9/site-packages/airflow/example_dags/example_external_task_marker_dag.py for tasks to queue
[2023-08-28 19:27:28,910] {logging_mixin.py:115} INFO - [2023-08-28 19:27:28,909] {dagbag.py:507} INFO - Filling up the DagBag from /home/felipe/airflow/venv/lib/python3.9/site-packages/airflow/example_dags/example_external_task_marker_dag.py
[2023-08-28 19:27:28,961] {processor.py:651} INFO - DAG(s) dict_keys(['example_external_task_marker_parent', 'example_external_task_marker_child']) retrieved from /home/felipe/airflow/venv/lib/python3.9/site-packages/airflow/example_dags/example_external_task_marker_dag.py
[2023-08-28 19:27:29,554] {logging_mixin.py:115} INFO - [2023-08-28 19:27:29,554] {dag.py:2379} INFO - Sync 2 DAGs
[2023-08-28 19:27:29,959] {logging_mixin.py:115} INFO - [2023-08-28 19:27:29,959] {dag.py:2927} INFO - Setting next_dagrun for example_external_task_marker_child to None, run_after=None
[2023-08-28 19:27:29,960] {logging_mixin.py:115} INFO - [2023-08-28 19:27:29,960] {dag.py:2927} INFO - Setting next_dagrun for example_external_task_marker_parent to None, run_after=None
[2023-08-28 19:27:30,069] {processor.py:161} INFO - Processing /home/felipe/airflow/venv/lib/python3.9/site-packages/airflow/example_dags/example_external_task_marker_dag.py took 1.226 seconds
[2023-08-28 20:10:34,250] {processor.py:153} INFO - Started process (PID=26142) to work on /home/felipe/airflow/venv/lib/python3.9/site-packages/airflow/example_dags/example_external_task_marker_dag.py
[2023-08-28 20:10:34,252] {processor.py:641} INFO - Processing file /home/felipe/airflow/venv/lib/python3.9/site-packages/airflow/example_dags/example_external_task_marker_dag.py for tasks to queue
[2023-08-28 20:10:34,254] {logging_mixin.py:115} INFO - [2023-08-28 20:10:34,254] {dagbag.py:507} INFO - Filling up the DagBag from /home/felipe/airflow/venv/lib/python3.9/site-packages/airflow/example_dags/example_external_task_marker_dag.py
[2023-08-28 20:10:34,278] {processor.py:651} INFO - DAG(s) dict_keys(['example_external_task_marker_parent', 'example_external_task_marker_child']) retrieved from /home/felipe/airflow/venv/lib/python3.9/site-packages/airflow/example_dags/example_external_task_marker_dag.py
[2023-08-28 20:10:34,532] {logging_mixin.py:115} INFO - [2023-08-28 20:10:34,532] {dag.py:2379} INFO - Sync 2 DAGs
[2023-08-28 20:10:34,614] {logging_mixin.py:115} INFO - [2023-08-28 20:10:34,614] {dag.py:2927} INFO - Setting next_dagrun for example_external_task_marker_child to None, run_after=None
[2023-08-28 20:10:34,615] {logging_mixin.py:115} INFO - [2023-08-28 20:10:34,615] {dag.py:2927} INFO - Setting next_dagrun for example_external_task_marker_parent to None, run_after=None
[2023-08-28 20:10:34,674] {processor.py:161} INFO - Processing /home/felipe/airflow/venv/lib/python3.9/site-packages/airflow/example_dags/example_external_task_marker_dag.py took 0.437 seconds
[2023-08-28 20:11:37,442] {processor.py:153} INFO - Started process (PID=26351) to work on /home/felipe/airflow/venv/lib/python3.9/site-packages/airflow/example_dags/example_external_task_marker_dag.py
[2023-08-28 20:11:37,444] {processor.py:641} INFO - Processing file /home/felipe/airflow/venv/lib/python3.9/site-packages/airflow/example_dags/example_external_task_marker_dag.py for tasks to queue
[2023-08-28 20:11:37,446] {logging_mixin.py:115} INFO - [2023-08-28 20:11:37,446] {dagbag.py:507} INFO - Filling up the DagBag from /home/felipe/airflow/venv/lib/python3.9/site-packages/airflow/example_dags/example_external_task_marker_dag.py
[2023-08-28 20:11:37,515] {processor.py:651} INFO - DAG(s) dict_keys(['example_external_task_marker_parent', 'example_external_task_marker_child']) retrieved from /home/felipe/airflow/venv/lib/python3.9/site-packages/airflow/example_dags/example_external_task_marker_dag.py
[2023-08-28 20:11:37,648] {logging_mixin.py:115} INFO - [2023-08-28 20:11:37,648] {dag.py:2379} INFO - Sync 2 DAGs
[2023-08-28 20:11:37,706] {logging_mixin.py:115} INFO - [2023-08-28 20:11:37,706] {dag.py:2927} INFO - Setting next_dagrun for example_external_task_marker_child to None, run_after=None
[2023-08-28 20:11:37,707] {logging_mixin.py:115} INFO - [2023-08-28 20:11:37,707] {dag.py:2927} INFO - Setting next_dagrun for example_external_task_marker_parent to None, run_after=None
[2023-08-28 20:11:37,743] {processor.py:161} INFO - Processing /home/felipe/airflow/venv/lib/python3.9/site-packages/airflow/example_dags/example_external_task_marker_dag.py took 0.319 seconds
[2023-08-28 20:14:19,435] {processor.py:153} INFO - Started process (PID=27181) to work on /home/felipe/airflow/venv/lib/python3.9/site-packages/airflow/example_dags/example_external_task_marker_dag.py
[2023-08-28 20:14:19,436] {processor.py:641} INFO - Processing file /home/felipe/airflow/venv/lib/python3.9/site-packages/airflow/example_dags/example_external_task_marker_dag.py for tasks to queue
[2023-08-28 20:14:19,438] {logging_mixin.py:115} INFO - [2023-08-28 20:14:19,438] {dagbag.py:507} INFO - Filling up the DagBag from /home/felipe/airflow/venv/lib/python3.9/site-packages/airflow/example_dags/example_external_task_marker_dag.py
[2023-08-28 20:14:19,458] {processor.py:651} INFO - DAG(s) dict_keys(['example_external_task_marker_parent', 'example_external_task_marker_child']) retrieved from /home/felipe/airflow/venv/lib/python3.9/site-packages/airflow/example_dags/example_external_task_marker_dag.py
[2023-08-28 20:14:19,579] {logging_mixin.py:115} INFO - [2023-08-28 20:14:19,579] {dag.py:2379} INFO - Sync 2 DAGs
[2023-08-28 20:14:19,640] {logging_mixin.py:115} INFO - [2023-08-28 20:14:19,640] {dag.py:2927} INFO - Setting next_dagrun for example_external_task_marker_child to None, run_after=None
[2023-08-28 20:14:19,641] {logging_mixin.py:115} INFO - [2023-08-28 20:14:19,641] {dag.py:2927} INFO - Setting next_dagrun for example_external_task_marker_parent to None, run_after=None
[2023-08-28 20:14:19,680] {processor.py:161} INFO - Processing /home/felipe/airflow/venv/lib/python3.9/site-packages/airflow/example_dags/example_external_task_marker_dag.py took 0.263 seconds
[2023-08-28 20:15:09,911] {processor.py:153} INFO - Started process (PID=27340) to work on /home/felipe/airflow/venv/lib/python3.9/site-packages/airflow/example_dags/example_external_task_marker_dag.py
[2023-08-28 20:15:09,913] {processor.py:641} INFO - Processing file /home/felipe/airflow/venv/lib/python3.9/site-packages/airflow/example_dags/example_external_task_marker_dag.py for tasks to queue
[2023-08-28 20:15:09,915] {logging_mixin.py:115} INFO - [2023-08-28 20:15:09,915] {dagbag.py:507} INFO - Filling up the DagBag from /home/felipe/airflow/venv/lib/python3.9/site-packages/airflow/example_dags/example_external_task_marker_dag.py
[2023-08-28 20:15:09,938] {processor.py:651} INFO - DAG(s) dict_keys(['example_external_task_marker_parent', 'example_external_task_marker_child']) retrieved from /home/felipe/airflow/venv/lib/python3.9/site-packages/airflow/example_dags/example_external_task_marker_dag.py
[2023-08-28 20:15:10,058] {logging_mixin.py:115} INFO - [2023-08-28 20:15:10,058] {dag.py:2379} INFO - Sync 2 DAGs
[2023-08-28 20:15:10,113] {logging_mixin.py:115} INFO - [2023-08-28 20:15:10,113] {dag.py:2927} INFO - Setting next_dagrun for example_external_task_marker_child to None, run_after=None
[2023-08-28 20:15:10,115] {logging_mixin.py:115} INFO - [2023-08-28 20:15:10,115] {dag.py:2927} INFO - Setting next_dagrun for example_external_task_marker_parent to None, run_after=None
[2023-08-28 20:15:10,191] {processor.py:161} INFO - Processing /home/felipe/airflow/venv/lib/python3.9/site-packages/airflow/example_dags/example_external_task_marker_dag.py took 0.295 seconds
[2023-08-28 20:16:06,378] {processor.py:153} INFO - Started process (PID=27677) to work on /home/felipe/airflow/venv/lib/python3.9/site-packages/airflow/example_dags/example_external_task_marker_dag.py
[2023-08-28 20:16:06,380] {processor.py:641} INFO - Processing file /home/felipe/airflow/venv/lib/python3.9/site-packages/airflow/example_dags/example_external_task_marker_dag.py for tasks to queue
[2023-08-28 20:16:06,381] {logging_mixin.py:115} INFO - [2023-08-28 20:16:06,381] {dagbag.py:507} INFO - Filling up the DagBag from /home/felipe/airflow/venv/lib/python3.9/site-packages/airflow/example_dags/example_external_task_marker_dag.py
[2023-08-28 20:16:06,403] {processor.py:651} INFO - DAG(s) dict_keys(['example_external_task_marker_parent', 'example_external_task_marker_child']) retrieved from /home/felipe/airflow/venv/lib/python3.9/site-packages/airflow/example_dags/example_external_task_marker_dag.py
[2023-08-28 20:16:06,521] {logging_mixin.py:115} INFO - [2023-08-28 20:16:06,521] {dag.py:2379} INFO - Sync 2 DAGs
[2023-08-28 20:16:06,580] {logging_mixin.py:115} INFO - [2023-08-28 20:16:06,580] {dag.py:2927} INFO - Setting next_dagrun for example_external_task_marker_child to None, run_after=None
[2023-08-28 20:16:06,580] {logging_mixin.py:115} INFO - [2023-08-28 20:16:06,580] {dag.py:2927} INFO - Setting next_dagrun for example_external_task_marker_parent to None, run_after=None
[2023-08-28 20:16:06,619] {processor.py:161} INFO - Processing /home/felipe/airflow/venv/lib/python3.9/site-packages/airflow/example_dags/example_external_task_marker_dag.py took 0.252 seconds
[2023-08-28 20:17:47,853] {processor.py:153} INFO - Started process (PID=28521) to work on /home/felipe/airflow/venv/lib/python3.9/site-packages/airflow/example_dags/example_external_task_marker_dag.py
[2023-08-28 20:17:47,855] {processor.py:641} INFO - Processing file /home/felipe/airflow/venv/lib/python3.9/site-packages/airflow/example_dags/example_external_task_marker_dag.py for tasks to queue
[2023-08-28 20:17:47,858] {logging_mixin.py:115} INFO - [2023-08-28 20:17:47,858] {dagbag.py:507} INFO - Filling up the DagBag from /home/felipe/airflow/venv/lib/python3.9/site-packages/airflow/example_dags/example_external_task_marker_dag.py
[2023-08-28 20:17:47,884] {processor.py:651} INFO - DAG(s) dict_keys(['example_external_task_marker_parent', 'example_external_task_marker_child']) retrieved from /home/felipe/airflow/venv/lib/python3.9/site-packages/airflow/example_dags/example_external_task_marker_dag.py
[2023-08-28 20:17:48,065] {logging_mixin.py:115} INFO - [2023-08-28 20:17:48,065] {dag.py:2379} INFO - Sync 2 DAGs
[2023-08-28 20:17:48,263] {logging_mixin.py:115} INFO - [2023-08-28 20:17:48,262] {dag.py:2927} INFO - Setting next_dagrun for example_external_task_marker_child to None, run_after=None
[2023-08-28 20:17:48,264] {logging_mixin.py:115} INFO - [2023-08-28 20:17:48,264] {dag.py:2927} INFO - Setting next_dagrun for example_external_task_marker_parent to None, run_after=None
[2023-08-28 20:17:48,382] {processor.py:161} INFO - Processing /home/felipe/airflow/venv/lib/python3.9/site-packages/airflow/example_dags/example_external_task_marker_dag.py took 0.542 seconds
[2023-08-28 20:19:41,352] {processor.py:153} INFO - Started process (PID=29576) to work on /home/felipe/airflow/venv/lib/python3.9/site-packages/airflow/example_dags/example_external_task_marker_dag.py
[2023-08-28 20:19:41,353] {processor.py:641} INFO - Processing file /home/felipe/airflow/venv/lib/python3.9/site-packages/airflow/example_dags/example_external_task_marker_dag.py for tasks to queue
[2023-08-28 20:19:41,355] {logging_mixin.py:115} INFO - [2023-08-28 20:19:41,354] {dagbag.py:507} INFO - Filling up the DagBag from /home/felipe/airflow/venv/lib/python3.9/site-packages/airflow/example_dags/example_external_task_marker_dag.py
[2023-08-28 20:19:41,373] {processor.py:651} INFO - DAG(s) dict_keys(['example_external_task_marker_parent', 'example_external_task_marker_child']) retrieved from /home/felipe/airflow/venv/lib/python3.9/site-packages/airflow/example_dags/example_external_task_marker_dag.py
[2023-08-28 20:19:41,486] {logging_mixin.py:115} INFO - [2023-08-28 20:19:41,485] {dag.py:2379} INFO - Sync 2 DAGs
[2023-08-28 20:19:41,549] {logging_mixin.py:115} INFO - [2023-08-28 20:19:41,548] {dag.py:2927} INFO - Setting next_dagrun for example_external_task_marker_child to None, run_after=None
[2023-08-28 20:19:41,549] {logging_mixin.py:115} INFO - [2023-08-28 20:19:41,549] {dag.py:2927} INFO - Setting next_dagrun for example_external_task_marker_parent to None, run_after=None
[2023-08-28 20:19:41,584] {processor.py:161} INFO - Processing /home/felipe/airflow/venv/lib/python3.9/site-packages/airflow/example_dags/example_external_task_marker_dag.py took 0.245 seconds
[2023-08-28 20:20:33,359] {processor.py:153} INFO - Started process (PID=29735) to work on /home/felipe/airflow/venv/lib/python3.9/site-packages/airflow/example_dags/example_external_task_marker_dag.py
[2023-08-28 20:20:33,364] {processor.py:641} INFO - Processing file /home/felipe/airflow/venv/lib/python3.9/site-packages/airflow/example_dags/example_external_task_marker_dag.py for tasks to queue
[2023-08-28 20:20:33,367] {logging_mixin.py:115} INFO - [2023-08-28 20:20:33,366] {dagbag.py:507} INFO - Filling up the DagBag from /home/felipe/airflow/venv/lib/python3.9/site-packages/airflow/example_dags/example_external_task_marker_dag.py
[2023-08-28 20:20:33,403] {processor.py:651} INFO - DAG(s) dict_keys(['example_external_task_marker_parent', 'example_external_task_marker_child']) retrieved from /home/felipe/airflow/venv/lib/python3.9/site-packages/airflow/example_dags/example_external_task_marker_dag.py
[2023-08-28 20:20:33,615] {logging_mixin.py:115} INFO - [2023-08-28 20:20:33,615] {dag.py:2379} INFO - Sync 2 DAGs
[2023-08-28 20:20:33,731] {logging_mixin.py:115} INFO - [2023-08-28 20:20:33,719] {dag.py:2927} INFO - Setting next_dagrun for example_external_task_marker_child to None, run_after=None
[2023-08-28 20:20:33,733] {logging_mixin.py:115} INFO - [2023-08-28 20:20:33,732] {dag.py:2927} INFO - Setting next_dagrun for example_external_task_marker_parent to None, run_after=None
[2023-08-28 20:20:33,817] {processor.py:161} INFO - Processing /home/felipe/airflow/venv/lib/python3.9/site-packages/airflow/example_dags/example_external_task_marker_dag.py took 0.495 seconds
[2023-08-28 20:22:47,217] {processor.py:153} INFO - Started process (PID=31220) to work on /home/felipe/airflow/venv/lib/python3.9/site-packages/airflow/example_dags/example_external_task_marker_dag.py
[2023-08-28 20:22:47,219] {processor.py:641} INFO - Processing file /home/felipe/airflow/venv/lib/python3.9/site-packages/airflow/example_dags/example_external_task_marker_dag.py for tasks to queue
[2023-08-28 20:22:47,221] {logging_mixin.py:115} INFO - [2023-08-28 20:22:47,221] {dagbag.py:507} INFO - Filling up the DagBag from /home/felipe/airflow/venv/lib/python3.9/site-packages/airflow/example_dags/example_external_task_marker_dag.py
[2023-08-28 20:22:47,239] {processor.py:651} INFO - DAG(s) dict_keys(['example_external_task_marker_parent', 'example_external_task_marker_child']) retrieved from /home/felipe/airflow/venv/lib/python3.9/site-packages/airflow/example_dags/example_external_task_marker_dag.py
[2023-08-28 20:22:47,366] {logging_mixin.py:115} INFO - [2023-08-28 20:22:47,366] {dag.py:2379} INFO - Sync 2 DAGs
[2023-08-28 20:22:47,406] {logging_mixin.py:115} INFO - [2023-08-28 20:22:47,406] {dag.py:2927} INFO - Setting next_dagrun for example_external_task_marker_child to None, run_after=None
[2023-08-28 20:22:47,406] {logging_mixin.py:115} INFO - [2023-08-28 20:22:47,406] {dag.py:2927} INFO - Setting next_dagrun for example_external_task_marker_parent to None, run_after=None
[2023-08-28 20:22:47,437] {processor.py:161} INFO - Processing /home/felipe/airflow/venv/lib/python3.9/site-packages/airflow/example_dags/example_external_task_marker_dag.py took 0.232 seconds
[2023-08-28 20:23:40,503] {processor.py:153} INFO - Started process (PID=31364) to work on /home/felipe/airflow/venv/lib/python3.9/site-packages/airflow/example_dags/example_external_task_marker_dag.py
[2023-08-28 20:23:40,505] {processor.py:641} INFO - Processing file /home/felipe/airflow/venv/lib/python3.9/site-packages/airflow/example_dags/example_external_task_marker_dag.py for tasks to queue
[2023-08-28 20:23:40,508] {logging_mixin.py:115} INFO - [2023-08-28 20:23:40,507] {dagbag.py:507} INFO - Filling up the DagBag from /home/felipe/airflow/venv/lib/python3.9/site-packages/airflow/example_dags/example_external_task_marker_dag.py
[2023-08-28 20:23:40,533] {processor.py:651} INFO - DAG(s) dict_keys(['example_external_task_marker_parent', 'example_external_task_marker_child']) retrieved from /home/felipe/airflow/venv/lib/python3.9/site-packages/airflow/example_dags/example_external_task_marker_dag.py
[2023-08-28 20:23:40,654] {logging_mixin.py:115} INFO - [2023-08-28 20:23:40,654] {dag.py:2379} INFO - Sync 2 DAGs
[2023-08-28 20:23:40,703] {logging_mixin.py:115} INFO - [2023-08-28 20:23:40,703] {dag.py:2927} INFO - Setting next_dagrun for example_external_task_marker_child to None, run_after=None
[2023-08-28 20:23:40,704] {logging_mixin.py:115} INFO - [2023-08-28 20:23:40,704] {dag.py:2927} INFO - Setting next_dagrun for example_external_task_marker_parent to None, run_after=None
[2023-08-28 20:23:40,740] {processor.py:161} INFO - Processing /home/felipe/airflow/venv/lib/python3.9/site-packages/airflow/example_dags/example_external_task_marker_dag.py took 0.254 seconds
[2023-08-28 20:24:36,345] {processor.py:153} INFO - Started process (PID=31539) to work on /home/felipe/airflow/venv/lib/python3.9/site-packages/airflow/example_dags/example_external_task_marker_dag.py
[2023-08-28 20:24:36,355] {processor.py:641} INFO - Processing file /home/felipe/airflow/venv/lib/python3.9/site-packages/airflow/example_dags/example_external_task_marker_dag.py for tasks to queue
[2023-08-28 20:24:36,358] {logging_mixin.py:115} INFO - [2023-08-28 20:24:36,358] {dagbag.py:507} INFO - Filling up the DagBag from /home/felipe/airflow/venv/lib/python3.9/site-packages/airflow/example_dags/example_external_task_marker_dag.py
[2023-08-28 20:24:36,429] {processor.py:651} INFO - DAG(s) dict_keys(['example_external_task_marker_parent', 'example_external_task_marker_child']) retrieved from /home/felipe/airflow/venv/lib/python3.9/site-packages/airflow/example_dags/example_external_task_marker_dag.py
[2023-08-28 20:24:36,996] {logging_mixin.py:115} INFO - [2023-08-28 20:24:36,995] {dag.py:2379} INFO - Sync 2 DAGs
[2023-08-28 20:24:37,177] {logging_mixin.py:115} INFO - [2023-08-28 20:24:37,177] {dag.py:2927} INFO - Setting next_dagrun for example_external_task_marker_child to None, run_after=None
[2023-08-28 20:24:37,178] {logging_mixin.py:115} INFO - [2023-08-28 20:24:37,178] {dag.py:2927} INFO - Setting next_dagrun for example_external_task_marker_parent to None, run_after=None
[2023-08-28 20:24:37,279] {processor.py:161} INFO - Processing /home/felipe/airflow/venv/lib/python3.9/site-packages/airflow/example_dags/example_external_task_marker_dag.py took 0.990 seconds
[2023-08-28 20:26:19,842] {processor.py:153} INFO - Started process (PID=32627) to work on /home/felipe/airflow/venv/lib/python3.9/site-packages/airflow/example_dags/example_external_task_marker_dag.py
[2023-08-28 20:26:19,847] {processor.py:641} INFO - Processing file /home/felipe/airflow/venv/lib/python3.9/site-packages/airflow/example_dags/example_external_task_marker_dag.py for tasks to queue
[2023-08-28 20:26:19,851] {logging_mixin.py:115} INFO - [2023-08-28 20:26:19,851] {dagbag.py:507} INFO - Filling up the DagBag from /home/felipe/airflow/venv/lib/python3.9/site-packages/airflow/example_dags/example_external_task_marker_dag.py
[2023-08-28 20:26:19,899] {processor.py:651} INFO - DAG(s) dict_keys(['example_external_task_marker_parent', 'example_external_task_marker_child']) retrieved from /home/felipe/airflow/venv/lib/python3.9/site-packages/airflow/example_dags/example_external_task_marker_dag.py
[2023-08-28 20:26:20,054] {logging_mixin.py:115} INFO - [2023-08-28 20:26:20,053] {dag.py:2379} INFO - Sync 2 DAGs
[2023-08-28 20:26:20,115] {logging_mixin.py:115} INFO - [2023-08-28 20:26:20,114] {dag.py:2927} INFO - Setting next_dagrun for example_external_task_marker_child to None, run_after=None
[2023-08-28 20:26:20,115] {logging_mixin.py:115} INFO - [2023-08-28 20:26:20,115] {dag.py:2927} INFO - Setting next_dagrun for example_external_task_marker_parent to None, run_after=None
[2023-08-28 20:26:20,154] {processor.py:161} INFO - Processing /home/felipe/airflow/venv/lib/python3.9/site-packages/airflow/example_dags/example_external_task_marker_dag.py took 0.331 seconds
[2023-08-28 20:27:05,578] {processor.py:153} INFO - Started process (PID=32717) to work on /home/felipe/airflow/venv/lib/python3.9/site-packages/airflow/example_dags/example_external_task_marker_dag.py
[2023-08-28 20:27:05,580] {processor.py:641} INFO - Processing file /home/felipe/airflow/venv/lib/python3.9/site-packages/airflow/example_dags/example_external_task_marker_dag.py for tasks to queue
[2023-08-28 20:27:05,581] {logging_mixin.py:115} INFO - [2023-08-28 20:27:05,581] {dagbag.py:507} INFO - Filling up the DagBag from /home/felipe/airflow/venv/lib/python3.9/site-packages/airflow/example_dags/example_external_task_marker_dag.py
[2023-08-28 20:27:05,599] {processor.py:651} INFO - DAG(s) dict_keys(['example_external_task_marker_parent', 'example_external_task_marker_child']) retrieved from /home/felipe/airflow/venv/lib/python3.9/site-packages/airflow/example_dags/example_external_task_marker_dag.py
[2023-08-28 20:27:05,733] {logging_mixin.py:115} INFO - [2023-08-28 20:27:05,733] {dag.py:2379} INFO - Sync 2 DAGs
[2023-08-28 20:27:05,785] {logging_mixin.py:115} INFO - [2023-08-28 20:27:05,785] {dag.py:2927} INFO - Setting next_dagrun for example_external_task_marker_child to None, run_after=None
[2023-08-28 20:27:05,786] {logging_mixin.py:115} INFO - [2023-08-28 20:27:05,786] {dag.py:2927} INFO - Setting next_dagrun for example_external_task_marker_parent to None, run_after=None
[2023-08-28 20:27:05,825] {processor.py:161} INFO - Processing /home/felipe/airflow/venv/lib/python3.9/site-packages/airflow/example_dags/example_external_task_marker_dag.py took 0.260 seconds
[2023-08-28 20:29:13,016] {processor.py:153} INFO - Started process (PID=1235) to work on /home/felipe/airflow/venv/lib/python3.9/site-packages/airflow/example_dags/example_external_task_marker_dag.py
[2023-08-28 20:29:13,019] {processor.py:641} INFO - Processing file /home/felipe/airflow/venv/lib/python3.9/site-packages/airflow/example_dags/example_external_task_marker_dag.py for tasks to queue
[2023-08-28 20:29:13,022] {logging_mixin.py:115} INFO - [2023-08-28 20:29:13,021] {dagbag.py:507} INFO - Filling up the DagBag from /home/felipe/airflow/venv/lib/python3.9/site-packages/airflow/example_dags/example_external_task_marker_dag.py
[2023-08-28 20:29:13,113] {processor.py:651} INFO - DAG(s) dict_keys(['example_external_task_marker_parent', 'example_external_task_marker_child']) retrieved from /home/felipe/airflow/venv/lib/python3.9/site-packages/airflow/example_dags/example_external_task_marker_dag.py
[2023-08-28 20:29:13,550] {logging_mixin.py:115} INFO - [2023-08-28 20:29:13,550] {dag.py:2379} INFO - Sync 2 DAGs
[2023-08-28 20:29:13,702] {logging_mixin.py:115} INFO - [2023-08-28 20:29:13,701] {dag.py:2927} INFO - Setting next_dagrun for example_external_task_marker_child to None, run_after=None
[2023-08-28 20:29:13,703] {logging_mixin.py:115} INFO - [2023-08-28 20:29:13,703] {dag.py:2927} INFO - Setting next_dagrun for example_external_task_marker_parent to None, run_after=None
[2023-08-28 20:29:13,796] {processor.py:161} INFO - Processing /home/felipe/airflow/venv/lib/python3.9/site-packages/airflow/example_dags/example_external_task_marker_dag.py took 0.808 seconds
[2023-08-28 20:31:39,601] {processor.py:153} INFO - Started process (PID=2658) to work on /home/felipe/airflow/venv/lib/python3.9/site-packages/airflow/example_dags/example_external_task_marker_dag.py
[2023-08-28 20:31:39,605] {processor.py:641} INFO - Processing file /home/felipe/airflow/venv/lib/python3.9/site-packages/airflow/example_dags/example_external_task_marker_dag.py for tasks to queue
[2023-08-28 20:31:39,608] {logging_mixin.py:115} INFO - [2023-08-28 20:31:39,608] {dagbag.py:507} INFO - Filling up the DagBag from /home/felipe/airflow/venv/lib/python3.9/site-packages/airflow/example_dags/example_external_task_marker_dag.py
[2023-08-28 20:31:39,633] {processor.py:651} INFO - DAG(s) dict_keys(['example_external_task_marker_parent', 'example_external_task_marker_child']) retrieved from /home/felipe/airflow/venv/lib/python3.9/site-packages/airflow/example_dags/example_external_task_marker_dag.py
[2023-08-28 20:31:39,815] {logging_mixin.py:115} INFO - [2023-08-28 20:31:39,815] {dag.py:2379} INFO - Sync 2 DAGs
[2023-08-28 20:31:39,876] {logging_mixin.py:115} INFO - [2023-08-28 20:31:39,876] {dag.py:2927} INFO - Setting next_dagrun for example_external_task_marker_child to None, run_after=None
[2023-08-28 20:31:39,877] {logging_mixin.py:115} INFO - [2023-08-28 20:31:39,877] {dag.py:2927} INFO - Setting next_dagrun for example_external_task_marker_parent to None, run_after=None
[2023-08-28 20:31:39,926] {processor.py:161} INFO - Processing /home/felipe/airflow/venv/lib/python3.9/site-packages/airflow/example_dags/example_external_task_marker_dag.py took 0.346 seconds
[2023-08-28 20:32:38,798] {processor.py:153} INFO - Started process (PID=2962) to work on /home/felipe/airflow/venv/lib/python3.9/site-packages/airflow/example_dags/example_external_task_marker_dag.py
[2023-08-28 20:32:38,800] {processor.py:641} INFO - Processing file /home/felipe/airflow/venv/lib/python3.9/site-packages/airflow/example_dags/example_external_task_marker_dag.py for tasks to queue
[2023-08-28 20:32:38,803] {logging_mixin.py:115} INFO - [2023-08-28 20:32:38,803] {dagbag.py:507} INFO - Filling up the DagBag from /home/felipe/airflow/venv/lib/python3.9/site-packages/airflow/example_dags/example_external_task_marker_dag.py
[2023-08-28 20:32:38,819] {processor.py:651} INFO - DAG(s) dict_keys(['example_external_task_marker_parent', 'example_external_task_marker_child']) retrieved from /home/felipe/airflow/venv/lib/python3.9/site-packages/airflow/example_dags/example_external_task_marker_dag.py
[2023-08-28 20:32:38,928] {logging_mixin.py:115} INFO - [2023-08-28 20:32:38,928] {dag.py:2379} INFO - Sync 2 DAGs
[2023-08-28 20:32:38,982] {logging_mixin.py:115} INFO - [2023-08-28 20:32:38,982] {dag.py:2927} INFO - Setting next_dagrun for example_external_task_marker_child to None, run_after=None
[2023-08-28 20:32:38,983] {logging_mixin.py:115} INFO - [2023-08-28 20:32:38,983] {dag.py:2927} INFO - Setting next_dagrun for example_external_task_marker_parent to None, run_after=None
[2023-08-28 20:32:39,031] {processor.py:161} INFO - Processing /home/felipe/airflow/venv/lib/python3.9/site-packages/airflow/example_dags/example_external_task_marker_dag.py took 0.243 seconds
[2023-08-28 20:33:26,881] {processor.py:153} INFO - Started process (PID=3065) to work on /home/felipe/airflow/venv/lib/python3.9/site-packages/airflow/example_dags/example_external_task_marker_dag.py
[2023-08-28 20:33:26,882] {processor.py:641} INFO - Processing file /home/felipe/airflow/venv/lib/python3.9/site-packages/airflow/example_dags/example_external_task_marker_dag.py for tasks to queue
[2023-08-28 20:33:26,884] {logging_mixin.py:115} INFO - [2023-08-28 20:33:26,884] {dagbag.py:507} INFO - Filling up the DagBag from /home/felipe/airflow/venv/lib/python3.9/site-packages/airflow/example_dags/example_external_task_marker_dag.py
[2023-08-28 20:33:26,911] {processor.py:651} INFO - DAG(s) dict_keys(['example_external_task_marker_parent', 'example_external_task_marker_child']) retrieved from /home/felipe/airflow/venv/lib/python3.9/site-packages/airflow/example_dags/example_external_task_marker_dag.py
[2023-08-28 20:33:27,151] {logging_mixin.py:115} INFO - [2023-08-28 20:33:27,150] {dag.py:2379} INFO - Sync 2 DAGs
[2023-08-28 20:33:27,233] {logging_mixin.py:115} INFO - [2023-08-28 20:33:27,229] {dag.py:2927} INFO - Setting next_dagrun for example_external_task_marker_child to None, run_after=None
[2023-08-28 20:33:27,234] {logging_mixin.py:115} INFO - [2023-08-28 20:33:27,234] {dag.py:2927} INFO - Setting next_dagrun for example_external_task_marker_parent to None, run_after=None
[2023-08-28 20:33:27,290] {processor.py:161} INFO - Processing /home/felipe/airflow/venv/lib/python3.9/site-packages/airflow/example_dags/example_external_task_marker_dag.py took 0.427 seconds
[2023-08-28 20:34:18,051] {processor.py:153} INFO - Started process (PID=3200) to work on /home/felipe/airflow/venv/lib/python3.9/site-packages/airflow/example_dags/example_external_task_marker_dag.py
[2023-08-28 20:34:18,053] {processor.py:641} INFO - Processing file /home/felipe/airflow/venv/lib/python3.9/site-packages/airflow/example_dags/example_external_task_marker_dag.py for tasks to queue
[2023-08-28 20:34:18,055] {logging_mixin.py:115} INFO - [2023-08-28 20:34:18,054] {dagbag.py:507} INFO - Filling up the DagBag from /home/felipe/airflow/venv/lib/python3.9/site-packages/airflow/example_dags/example_external_task_marker_dag.py
[2023-08-28 20:34:18,072] {processor.py:651} INFO - DAG(s) dict_keys(['example_external_task_marker_parent', 'example_external_task_marker_child']) retrieved from /home/felipe/airflow/venv/lib/python3.9/site-packages/airflow/example_dags/example_external_task_marker_dag.py
[2023-08-28 20:34:18,178] {logging_mixin.py:115} INFO - [2023-08-28 20:34:18,178] {dag.py:2379} INFO - Sync 2 DAGs
[2023-08-28 20:34:18,220] {logging_mixin.py:115} INFO - [2023-08-28 20:34:18,220] {dag.py:2927} INFO - Setting next_dagrun for example_external_task_marker_child to None, run_after=None
[2023-08-28 20:34:18,221] {logging_mixin.py:115} INFO - [2023-08-28 20:34:18,221] {dag.py:2927} INFO - Setting next_dagrun for example_external_task_marker_parent to None, run_after=None
[2023-08-28 20:34:18,252] {processor.py:161} INFO - Processing /home/felipe/airflow/venv/lib/python3.9/site-packages/airflow/example_dags/example_external_task_marker_dag.py took 0.216 seconds
[2023-08-28 20:35:16,616] {processor.py:153} INFO - Started process (PID=3349) to work on /home/felipe/airflow/venv/lib/python3.9/site-packages/airflow/example_dags/example_external_task_marker_dag.py
[2023-08-28 20:35:16,618] {processor.py:641} INFO - Processing file /home/felipe/airflow/venv/lib/python3.9/site-packages/airflow/example_dags/example_external_task_marker_dag.py for tasks to queue
[2023-08-28 20:35:16,619] {logging_mixin.py:115} INFO - [2023-08-28 20:35:16,619] {dagbag.py:507} INFO - Filling up the DagBag from /home/felipe/airflow/venv/lib/python3.9/site-packages/airflow/example_dags/example_external_task_marker_dag.py
[2023-08-28 20:35:16,638] {processor.py:651} INFO - DAG(s) dict_keys(['example_external_task_marker_parent', 'example_external_task_marker_child']) retrieved from /home/felipe/airflow/venv/lib/python3.9/site-packages/airflow/example_dags/example_external_task_marker_dag.py
[2023-08-28 20:35:16,778] {logging_mixin.py:115} INFO - [2023-08-28 20:35:16,778] {dag.py:2379} INFO - Sync 2 DAGs
[2023-08-28 20:35:16,831] {logging_mixin.py:115} INFO - [2023-08-28 20:35:16,830] {dag.py:2927} INFO - Setting next_dagrun for example_external_task_marker_child to None, run_after=None
[2023-08-28 20:35:16,831] {logging_mixin.py:115} INFO - [2023-08-28 20:35:16,831] {dag.py:2927} INFO - Setting next_dagrun for example_external_task_marker_parent to None, run_after=None
[2023-08-28 20:35:16,871] {processor.py:161} INFO - Processing /home/felipe/airflow/venv/lib/python3.9/site-packages/airflow/example_dags/example_external_task_marker_dag.py took 0.274 seconds
[2023-08-28 20:36:06,571] {processor.py:153} INFO - Started process (PID=3511) to work on /home/felipe/airflow/venv/lib/python3.9/site-packages/airflow/example_dags/example_external_task_marker_dag.py
[2023-08-28 20:36:06,573] {processor.py:641} INFO - Processing file /home/felipe/airflow/venv/lib/python3.9/site-packages/airflow/example_dags/example_external_task_marker_dag.py for tasks to queue
[2023-08-28 20:36:06,575] {logging_mixin.py:115} INFO - [2023-08-28 20:36:06,575] {dagbag.py:507} INFO - Filling up the DagBag from /home/felipe/airflow/venv/lib/python3.9/site-packages/airflow/example_dags/example_external_task_marker_dag.py
[2023-08-28 20:36:06,594] {processor.py:651} INFO - DAG(s) dict_keys(['example_external_task_marker_parent', 'example_external_task_marker_child']) retrieved from /home/felipe/airflow/venv/lib/python3.9/site-packages/airflow/example_dags/example_external_task_marker_dag.py
[2023-08-28 20:36:06,725] {logging_mixin.py:115} INFO - [2023-08-28 20:36:06,724] {dag.py:2379} INFO - Sync 2 DAGs
[2023-08-28 20:36:06,773] {logging_mixin.py:115} INFO - [2023-08-28 20:36:06,773] {dag.py:2927} INFO - Setting next_dagrun for example_external_task_marker_child to None, run_after=None
[2023-08-28 20:36:06,774] {logging_mixin.py:115} INFO - [2023-08-28 20:36:06,773] {dag.py:2927} INFO - Setting next_dagrun for example_external_task_marker_parent to None, run_after=None
[2023-08-28 20:36:06,810] {processor.py:161} INFO - Processing /home/felipe/airflow/venv/lib/python3.9/site-packages/airflow/example_dags/example_external_task_marker_dag.py took 0.251 seconds
[2023-08-28 20:36:58,519] {processor.py:153} INFO - Started process (PID=3639) to work on /home/felipe/airflow/venv/lib/python3.9/site-packages/airflow/example_dags/example_external_task_marker_dag.py
[2023-08-28 20:36:58,521] {processor.py:641} INFO - Processing file /home/felipe/airflow/venv/lib/python3.9/site-packages/airflow/example_dags/example_external_task_marker_dag.py for tasks to queue
[2023-08-28 20:36:58,523] {logging_mixin.py:115} INFO - [2023-08-28 20:36:58,522] {dagbag.py:507} INFO - Filling up the DagBag from /home/felipe/airflow/venv/lib/python3.9/site-packages/airflow/example_dags/example_external_task_marker_dag.py
[2023-08-28 20:36:58,541] {processor.py:651} INFO - DAG(s) dict_keys(['example_external_task_marker_parent', 'example_external_task_marker_child']) retrieved from /home/felipe/airflow/venv/lib/python3.9/site-packages/airflow/example_dags/example_external_task_marker_dag.py
[2023-08-28 20:36:58,662] {logging_mixin.py:115} INFO - [2023-08-28 20:36:58,661] {dag.py:2379} INFO - Sync 2 DAGs
[2023-08-28 20:36:58,712] {logging_mixin.py:115} INFO - [2023-08-28 20:36:58,712] {dag.py:2927} INFO - Setting next_dagrun for example_external_task_marker_child to None, run_after=None
[2023-08-28 20:36:58,713] {logging_mixin.py:115} INFO - [2023-08-28 20:36:58,712] {dag.py:2927} INFO - Setting next_dagrun for example_external_task_marker_parent to None, run_after=None
[2023-08-28 20:36:58,746] {processor.py:161} INFO - Processing /home/felipe/airflow/venv/lib/python3.9/site-packages/airflow/example_dags/example_external_task_marker_dag.py took 0.241 seconds
[2023-08-28 20:37:53,088] {processor.py:153} INFO - Started process (PID=3851) to work on /home/felipe/airflow/venv/lib/python3.9/site-packages/airflow/example_dags/example_external_task_marker_dag.py
[2023-08-28 20:37:53,095] {processor.py:641} INFO - Processing file /home/felipe/airflow/venv/lib/python3.9/site-packages/airflow/example_dags/example_external_task_marker_dag.py for tasks to queue
[2023-08-28 20:37:53,098] {logging_mixin.py:115} INFO - [2023-08-28 20:37:53,098] {dagbag.py:507} INFO - Filling up the DagBag from /home/felipe/airflow/venv/lib/python3.9/site-packages/airflow/example_dags/example_external_task_marker_dag.py
[2023-08-28 20:37:53,157] {processor.py:651} INFO - DAG(s) dict_keys(['example_external_task_marker_parent', 'example_external_task_marker_child']) retrieved from /home/felipe/airflow/venv/lib/python3.9/site-packages/airflow/example_dags/example_external_task_marker_dag.py
[2023-08-28 20:37:53,397] {logging_mixin.py:115} INFO - [2023-08-28 20:37:53,397] {dag.py:2379} INFO - Sync 2 DAGs
[2023-08-28 20:37:53,491] {logging_mixin.py:115} INFO - [2023-08-28 20:37:53,491] {dag.py:2927} INFO - Setting next_dagrun for example_external_task_marker_child to None, run_after=None
[2023-08-28 20:37:53,492] {logging_mixin.py:115} INFO - [2023-08-28 20:37:53,492] {dag.py:2927} INFO - Setting next_dagrun for example_external_task_marker_parent to None, run_after=None
[2023-08-28 20:37:53,534] {processor.py:161} INFO - Processing /home/felipe/airflow/venv/lib/python3.9/site-packages/airflow/example_dags/example_external_task_marker_dag.py took 0.487 seconds
[2023-08-28 20:38:51,346] {processor.py:153} INFO - Started process (PID=4039) to work on /home/felipe/airflow/venv/lib/python3.9/site-packages/airflow/example_dags/example_external_task_marker_dag.py
[2023-08-28 20:38:51,348] {processor.py:641} INFO - Processing file /home/felipe/airflow/venv/lib/python3.9/site-packages/airflow/example_dags/example_external_task_marker_dag.py for tasks to queue
[2023-08-28 20:38:51,350] {logging_mixin.py:115} INFO - [2023-08-28 20:38:51,349] {dagbag.py:507} INFO - Filling up the DagBag from /home/felipe/airflow/venv/lib/python3.9/site-packages/airflow/example_dags/example_external_task_marker_dag.py
[2023-08-28 20:38:51,367] {processor.py:651} INFO - DAG(s) dict_keys(['example_external_task_marker_parent', 'example_external_task_marker_child']) retrieved from /home/felipe/airflow/venv/lib/python3.9/site-packages/airflow/example_dags/example_external_task_marker_dag.py
[2023-08-28 20:38:51,488] {logging_mixin.py:115} INFO - [2023-08-28 20:38:51,488] {dag.py:2379} INFO - Sync 2 DAGs
[2023-08-28 20:38:51,526] {logging_mixin.py:115} INFO - [2023-08-28 20:38:51,526] {dag.py:2927} INFO - Setting next_dagrun for example_external_task_marker_child to None, run_after=None
[2023-08-28 20:38:51,526] {logging_mixin.py:115} INFO - [2023-08-28 20:38:51,526] {dag.py:2927} INFO - Setting next_dagrun for example_external_task_marker_parent to None, run_after=None
[2023-08-28 20:38:51,556] {processor.py:161} INFO - Processing /home/felipe/airflow/venv/lib/python3.9/site-packages/airflow/example_dags/example_external_task_marker_dag.py took 0.223 seconds
[2023-08-28 20:39:42,956] {processor.py:153} INFO - Started process (PID=4184) to work on /home/felipe/airflow/venv/lib/python3.9/site-packages/airflow/example_dags/example_external_task_marker_dag.py
[2023-08-28 20:39:42,960] {processor.py:641} INFO - Processing file /home/felipe/airflow/venv/lib/python3.9/site-packages/airflow/example_dags/example_external_task_marker_dag.py for tasks to queue
[2023-08-28 20:39:42,962] {logging_mixin.py:115} INFO - [2023-08-28 20:39:42,962] {dagbag.py:507} INFO - Filling up the DagBag from /home/felipe/airflow/venv/lib/python3.9/site-packages/airflow/example_dags/example_external_task_marker_dag.py
[2023-08-28 20:39:43,029] {processor.py:651} INFO - DAG(s) dict_keys(['example_external_task_marker_parent', 'example_external_task_marker_child']) retrieved from /home/felipe/airflow/venv/lib/python3.9/site-packages/airflow/example_dags/example_external_task_marker_dag.py
[2023-08-28 20:39:43,266] {logging_mixin.py:115} INFO - [2023-08-28 20:39:43,266] {dag.py:2379} INFO - Sync 2 DAGs
[2023-08-28 20:39:43,546] {logging_mixin.py:115} INFO - [2023-08-28 20:39:43,546] {dag.py:2927} INFO - Setting next_dagrun for example_external_task_marker_child to None, run_after=None
[2023-08-28 20:39:43,547] {logging_mixin.py:115} INFO - [2023-08-28 20:39:43,547] {dag.py:2927} INFO - Setting next_dagrun for example_external_task_marker_parent to None, run_after=None
[2023-08-28 20:39:43,714] {processor.py:161} INFO - Processing /home/felipe/airflow/venv/lib/python3.9/site-packages/airflow/example_dags/example_external_task_marker_dag.py took 0.771 seconds
[2023-08-28 20:43:01,912] {processor.py:153} INFO - Started process (PID=6142) to work on /home/felipe/airflow/venv/lib/python3.9/site-packages/airflow/example_dags/example_external_task_marker_dag.py
[2023-08-28 20:43:02,026] {processor.py:641} INFO - Processing file /home/felipe/airflow/venv/lib/python3.9/site-packages/airflow/example_dags/example_external_task_marker_dag.py for tasks to queue
[2023-08-28 20:43:02,396] {logging_mixin.py:115} INFO - [2023-08-28 20:43:02,394] {dagbag.py:507} INFO - Filling up the DagBag from /home/felipe/airflow/venv/lib/python3.9/site-packages/airflow/example_dags/example_external_task_marker_dag.py
[2023-08-28 20:43:02,832] {processor.py:651} INFO - DAG(s) dict_keys(['example_external_task_marker_parent', 'example_external_task_marker_child']) retrieved from /home/felipe/airflow/venv/lib/python3.9/site-packages/airflow/example_dags/example_external_task_marker_dag.py
[2023-08-28 20:43:03,616] {logging_mixin.py:115} INFO - [2023-08-28 20:43:03,615] {dag.py:2379} INFO - Sync 2 DAGs
[2023-08-28 20:43:03,898] {logging_mixin.py:115} INFO - [2023-08-28 20:43:03,898] {dag.py:2927} INFO - Setting next_dagrun for example_external_task_marker_child to None, run_after=None
[2023-08-28 20:43:03,899] {logging_mixin.py:115} INFO - [2023-08-28 20:43:03,899] {dag.py:2927} INFO - Setting next_dagrun for example_external_task_marker_parent to None, run_after=None
[2023-08-28 20:43:04,000] {processor.py:161} INFO - Processing /home/felipe/airflow/venv/lib/python3.9/site-packages/airflow/example_dags/example_external_task_marker_dag.py took 2.179 seconds
