[2023-08-28 19:05:05,919] {processor.py:153} INFO - Started process (PID=8435) to work on /home/felipe/airflow/venv/lib/python3.9/site-packages/airflow/example_dags/example_branch_operator_decorator.py
[2023-08-28 19:05:05,929] {processor.py:641} INFO - Processing file /home/felipe/airflow/venv/lib/python3.9/site-packages/airflow/example_dags/example_branch_operator_decorator.py for tasks to queue
[2023-08-28 19:05:06,018] {logging_mixin.py:115} INFO - [2023-08-28 19:05:06,017] {dagbag.py:507} INFO - Filling up the DagBag from /home/felipe/airflow/venv/lib/python3.9/site-packages/airflow/example_dags/example_branch_operator_decorator.py
[2023-08-28 19:05:06,543] {processor.py:651} INFO - DAG(s) dict_keys(['example_branch_python_operator_decorator']) retrieved from /home/felipe/airflow/venv/lib/python3.9/site-packages/airflow/example_dags/example_branch_operator_decorator.py
[2023-08-28 19:05:07,866] {logging_mixin.py:115} INFO - [2023-08-28 19:05:07,864] {manager.py:508} INFO - Created Permission View: can delete on DAG:example_branch_python_operator_decorator
[2023-08-28 19:05:08,002] {logging_mixin.py:115} INFO - [2023-08-28 19:05:08,002] {manager.py:508} INFO - Created Permission View: can read on DAG:example_branch_python_operator_decorator
[2023-08-28 19:05:08,122] {logging_mixin.py:115} INFO - [2023-08-28 19:05:08,119] {manager.py:508} INFO - Created Permission View: can edit on DAG:example_branch_python_operator_decorator
[2023-08-28 19:05:08,125] {logging_mixin.py:115} INFO - [2023-08-28 19:05:08,125] {dag.py:2379} INFO - Sync 1 DAGs
[2023-08-28 19:05:08,215] {logging_mixin.py:115} INFO - [2023-08-28 19:05:08,215] {dag.py:2398} INFO - Creating ORM DAG for example_branch_python_operator_decorator
[2023-08-28 19:05:08,478] {logging_mixin.py:115} INFO - [2023-08-28 19:05:08,477] {dag.py:2927} INFO - Setting next_dagrun for example_branch_python_operator_decorator to 2023-08-27T00:00:00+00:00, run_after=2023-08-28T00:00:00+00:00
[2023-08-28 19:05:08,616] {processor.py:161} INFO - Processing /home/felipe/airflow/venv/lib/python3.9/site-packages/airflow/example_dags/example_branch_operator_decorator.py took 2.733 seconds
[2023-08-28 19:08:40,186] {processor.py:153} INFO - Started process (PID=10243) to work on /home/felipe/airflow/venv/lib/python3.9/site-packages/airflow/example_dags/example_branch_operator_decorator.py
[2023-08-28 19:08:40,201] {processor.py:641} INFO - Processing file /home/felipe/airflow/venv/lib/python3.9/site-packages/airflow/example_dags/example_branch_operator_decorator.py for tasks to queue
[2023-08-28 19:08:40,203] {logging_mixin.py:115} INFO - [2023-08-28 19:08:40,203] {dagbag.py:507} INFO - Filling up the DagBag from /home/felipe/airflow/venv/lib/python3.9/site-packages/airflow/example_dags/example_branch_operator_decorator.py
[2023-08-28 19:08:40,446] {processor.py:651} INFO - DAG(s) dict_keys(['example_branch_python_operator_decorator']) retrieved from /home/felipe/airflow/venv/lib/python3.9/site-packages/airflow/example_dags/example_branch_operator_decorator.py
[2023-08-28 19:08:40,704] {logging_mixin.py:115} INFO - [2023-08-28 19:08:40,703] {dag.py:2379} INFO - Sync 1 DAGs
[2023-08-28 19:08:41,074] {logging_mixin.py:115} INFO - [2023-08-28 19:08:41,074] {dag.py:2927} INFO - Setting next_dagrun for example_branch_python_operator_decorator to 2023-08-27T00:00:00+00:00, run_after=2023-08-28T00:00:00+00:00
[2023-08-28 19:08:41,560] {processor.py:161} INFO - Processing /home/felipe/airflow/venv/lib/python3.9/site-packages/airflow/example_dags/example_branch_operator_decorator.py took 1.416 seconds
[2023-08-28 19:09:43,460] {processor.py:153} INFO - Started process (PID=10748) to work on /home/felipe/airflow/venv/lib/python3.9/site-packages/airflow/example_dags/example_branch_operator_decorator.py
[2023-08-28 19:09:43,461] {processor.py:641} INFO - Processing file /home/felipe/airflow/venv/lib/python3.9/site-packages/airflow/example_dags/example_branch_operator_decorator.py for tasks to queue
[2023-08-28 19:09:43,467] {logging_mixin.py:115} INFO - [2023-08-28 19:09:43,466] {dagbag.py:507} INFO - Filling up the DagBag from /home/felipe/airflow/venv/lib/python3.9/site-packages/airflow/example_dags/example_branch_operator_decorator.py
[2023-08-28 19:09:43,578] {processor.py:651} INFO - DAG(s) dict_keys(['example_branch_python_operator_decorator']) retrieved from /home/felipe/airflow/venv/lib/python3.9/site-packages/airflow/example_dags/example_branch_operator_decorator.py
[2023-08-28 19:09:43,677] {logging_mixin.py:115} INFO - [2023-08-28 19:09:43,677] {dag.py:2379} INFO - Sync 1 DAGs
[2023-08-28 19:09:43,787] {logging_mixin.py:115} INFO - [2023-08-28 19:09:43,787] {dag.py:2927} INFO - Setting next_dagrun for example_branch_python_operator_decorator to 2023-08-27T00:00:00+00:00, run_after=2023-08-28T00:00:00+00:00
[2023-08-28 19:09:43,860] {processor.py:161} INFO - Processing /home/felipe/airflow/venv/lib/python3.9/site-packages/airflow/example_dags/example_branch_operator_decorator.py took 0.418 seconds
[2023-08-28 19:10:35,574] {processor.py:153} INFO - Started process (PID=11027) to work on /home/felipe/airflow/venv/lib/python3.9/site-packages/airflow/example_dags/example_branch_operator_decorator.py
[2023-08-28 19:10:35,576] {processor.py:641} INFO - Processing file /home/felipe/airflow/venv/lib/python3.9/site-packages/airflow/example_dags/example_branch_operator_decorator.py for tasks to queue
[2023-08-28 19:10:35,577] {logging_mixin.py:115} INFO - [2023-08-28 19:10:35,577] {dagbag.py:507} INFO - Filling up the DagBag from /home/felipe/airflow/venv/lib/python3.9/site-packages/airflow/example_dags/example_branch_operator_decorator.py
[2023-08-28 19:10:35,646] {processor.py:651} INFO - DAG(s) dict_keys(['example_branch_python_operator_decorator']) retrieved from /home/felipe/airflow/venv/lib/python3.9/site-packages/airflow/example_dags/example_branch_operator_decorator.py
[2023-08-28 19:10:35,721] {logging_mixin.py:115} INFO - [2023-08-28 19:10:35,721] {dag.py:2379} INFO - Sync 1 DAGs
[2023-08-28 19:10:35,771] {logging_mixin.py:115} INFO - [2023-08-28 19:10:35,771] {dag.py:2927} INFO - Setting next_dagrun for example_branch_python_operator_decorator to 2023-08-27T00:00:00+00:00, run_after=2023-08-28T00:00:00+00:00
[2023-08-28 19:10:35,804] {processor.py:161} INFO - Processing /home/felipe/airflow/venv/lib/python3.9/site-packages/airflow/example_dags/example_branch_operator_decorator.py took 0.242 seconds
[2023-08-28 19:11:35,551] {processor.py:153} INFO - Started process (PID=11174) to work on /home/felipe/airflow/venv/lib/python3.9/site-packages/airflow/example_dags/example_branch_operator_decorator.py
[2023-08-28 19:11:35,553] {processor.py:641} INFO - Processing file /home/felipe/airflow/venv/lib/python3.9/site-packages/airflow/example_dags/example_branch_operator_decorator.py for tasks to queue
[2023-08-28 19:11:35,554] {logging_mixin.py:115} INFO - [2023-08-28 19:11:35,554] {dagbag.py:507} INFO - Filling up the DagBag from /home/felipe/airflow/venv/lib/python3.9/site-packages/airflow/example_dags/example_branch_operator_decorator.py
[2023-08-28 19:11:35,614] {processor.py:651} INFO - DAG(s) dict_keys(['example_branch_python_operator_decorator']) retrieved from /home/felipe/airflow/venv/lib/python3.9/site-packages/airflow/example_dags/example_branch_operator_decorator.py
[2023-08-28 19:11:35,672] {logging_mixin.py:115} INFO - [2023-08-28 19:11:35,671] {dag.py:2379} INFO - Sync 1 DAGs
[2023-08-28 19:11:35,720] {logging_mixin.py:115} INFO - [2023-08-28 19:11:35,720] {dag.py:2927} INFO - Setting next_dagrun for example_branch_python_operator_decorator to 2023-08-27T00:00:00+00:00, run_after=2023-08-28T00:00:00+00:00
[2023-08-28 19:11:35,752] {processor.py:161} INFO - Processing /home/felipe/airflow/venv/lib/python3.9/site-packages/airflow/example_dags/example_branch_operator_decorator.py took 0.215 seconds
[2023-08-28 19:12:36,726] {processor.py:153} INFO - Started process (PID=11372) to work on /home/felipe/airflow/venv/lib/python3.9/site-packages/airflow/example_dags/example_branch_operator_decorator.py
[2023-08-28 19:12:36,727] {processor.py:641} INFO - Processing file /home/felipe/airflow/venv/lib/python3.9/site-packages/airflow/example_dags/example_branch_operator_decorator.py for tasks to queue
[2023-08-28 19:12:36,729] {logging_mixin.py:115} INFO - [2023-08-28 19:12:36,729] {dagbag.py:507} INFO - Filling up the DagBag from /home/felipe/airflow/venv/lib/python3.9/site-packages/airflow/example_dags/example_branch_operator_decorator.py
[2023-08-28 19:12:36,911] {processor.py:651} INFO - DAG(s) dict_keys(['example_branch_python_operator_decorator']) retrieved from /home/felipe/airflow/venv/lib/python3.9/site-packages/airflow/example_dags/example_branch_operator_decorator.py
[2023-08-28 19:12:37,480] {logging_mixin.py:115} INFO - [2023-08-28 19:12:37,479] {dag.py:2379} INFO - Sync 1 DAGs
[2023-08-28 19:12:37,765] {logging_mixin.py:115} INFO - [2023-08-28 19:12:37,764] {dag.py:2927} INFO - Setting next_dagrun for example_branch_python_operator_decorator to 2023-08-27T00:00:00+00:00, run_after=2023-08-28T00:00:00+00:00
[2023-08-28 19:12:37,963] {processor.py:161} INFO - Processing /home/felipe/airflow/venv/lib/python3.9/site-packages/airflow/example_dags/example_branch_operator_decorator.py took 1.264 seconds
[2023-08-28 19:14:01,524] {processor.py:153} INFO - Started process (PID=11984) to work on /home/felipe/airflow/venv/lib/python3.9/site-packages/airflow/example_dags/example_branch_operator_decorator.py
[2023-08-28 19:14:01,528] {processor.py:641} INFO - Processing file /home/felipe/airflow/venv/lib/python3.9/site-packages/airflow/example_dags/example_branch_operator_decorator.py for tasks to queue
[2023-08-28 19:14:01,531] {logging_mixin.py:115} INFO - [2023-08-28 19:14:01,531] {dagbag.py:507} INFO - Filling up the DagBag from /home/felipe/airflow/venv/lib/python3.9/site-packages/airflow/example_dags/example_branch_operator_decorator.py
[2023-08-28 19:14:01,680] {processor.py:651} INFO - DAG(s) dict_keys(['example_branch_python_operator_decorator']) retrieved from /home/felipe/airflow/venv/lib/python3.9/site-packages/airflow/example_dags/example_branch_operator_decorator.py
[2023-08-28 19:14:01,805] {logging_mixin.py:115} INFO - [2023-08-28 19:14:01,805] {dag.py:2379} INFO - Sync 1 DAGs
[2023-08-28 19:14:01,958] {logging_mixin.py:115} INFO - [2023-08-28 19:14:01,957] {dag.py:2927} INFO - Setting next_dagrun for example_branch_python_operator_decorator to 2023-08-27T00:00:00+00:00, run_after=2023-08-28T00:00:00+00:00
[2023-08-28 19:14:02,030] {processor.py:161} INFO - Processing /home/felipe/airflow/venv/lib/python3.9/site-packages/airflow/example_dags/example_branch_operator_decorator.py took 0.527 seconds
[2023-08-28 19:15:31,336] {processor.py:153} INFO - Started process (PID=12441) to work on /home/felipe/airflow/venv/lib/python3.9/site-packages/airflow/example_dags/example_branch_operator_decorator.py
[2023-08-28 19:15:31,347] {processor.py:641} INFO - Processing file /home/felipe/airflow/venv/lib/python3.9/site-packages/airflow/example_dags/example_branch_operator_decorator.py for tasks to queue
[2023-08-28 19:15:31,350] {logging_mixin.py:115} INFO - [2023-08-28 19:15:31,350] {dagbag.py:507} INFO - Filling up the DagBag from /home/felipe/airflow/venv/lib/python3.9/site-packages/airflow/example_dags/example_branch_operator_decorator.py
[2023-08-28 19:15:31,647] {processor.py:651} INFO - DAG(s) dict_keys(['example_branch_python_operator_decorator']) retrieved from /home/felipe/airflow/venv/lib/python3.9/site-packages/airflow/example_dags/example_branch_operator_decorator.py
[2023-08-28 19:15:31,893] {logging_mixin.py:115} INFO - [2023-08-28 19:15:31,893] {dag.py:2379} INFO - Sync 1 DAGs
[2023-08-28 19:15:32,118] {logging_mixin.py:115} INFO - [2023-08-28 19:15:32,117] {dag.py:2927} INFO - Setting next_dagrun for example_branch_python_operator_decorator to 2023-08-27T00:00:00+00:00, run_after=2023-08-28T00:00:00+00:00
[2023-08-28 19:15:32,211] {processor.py:161} INFO - Processing /home/felipe/airflow/venv/lib/python3.9/site-packages/airflow/example_dags/example_branch_operator_decorator.py took 0.950 seconds
[2023-08-28 19:16:36,893] {processor.py:153} INFO - Started process (PID=12588) to work on /home/felipe/airflow/venv/lib/python3.9/site-packages/airflow/example_dags/example_branch_operator_decorator.py
[2023-08-28 19:16:36,896] {processor.py:641} INFO - Processing file /home/felipe/airflow/venv/lib/python3.9/site-packages/airflow/example_dags/example_branch_operator_decorator.py for tasks to queue
[2023-08-28 19:16:36,899] {logging_mixin.py:115} INFO - [2023-08-28 19:16:36,898] {dagbag.py:507} INFO - Filling up the DagBag from /home/felipe/airflow/venv/lib/python3.9/site-packages/airflow/example_dags/example_branch_operator_decorator.py
[2023-08-28 19:16:37,058] {processor.py:651} INFO - DAG(s) dict_keys(['example_branch_python_operator_decorator']) retrieved from /home/felipe/airflow/venv/lib/python3.9/site-packages/airflow/example_dags/example_branch_operator_decorator.py
[2023-08-28 19:16:37,173] {logging_mixin.py:115} INFO - [2023-08-28 19:16:37,173] {dag.py:2379} INFO - Sync 1 DAGs
[2023-08-28 19:16:37,279] {logging_mixin.py:115} INFO - [2023-08-28 19:16:37,278] {dag.py:2927} INFO - Setting next_dagrun for example_branch_python_operator_decorator to 2023-08-27T00:00:00+00:00, run_after=2023-08-28T00:00:00+00:00
[2023-08-28 19:16:37,335] {processor.py:161} INFO - Processing /home/felipe/airflow/venv/lib/python3.9/site-packages/airflow/example_dags/example_branch_operator_decorator.py took 0.466 seconds
[2023-08-28 19:18:00,854] {processor.py:153} INFO - Started process (PID=12989) to work on /home/felipe/airflow/venv/lib/python3.9/site-packages/airflow/example_dags/example_branch_operator_decorator.py
[2023-08-28 19:18:00,858] {processor.py:641} INFO - Processing file /home/felipe/airflow/venv/lib/python3.9/site-packages/airflow/example_dags/example_branch_operator_decorator.py for tasks to queue
[2023-08-28 19:18:00,861] {logging_mixin.py:115} INFO - [2023-08-28 19:18:00,860] {dagbag.py:507} INFO - Filling up the DagBag from /home/felipe/airflow/venv/lib/python3.9/site-packages/airflow/example_dags/example_branch_operator_decorator.py
[2023-08-28 19:18:01,336] {processor.py:651} INFO - DAG(s) dict_keys(['example_branch_python_operator_decorator']) retrieved from /home/felipe/airflow/venv/lib/python3.9/site-packages/airflow/example_dags/example_branch_operator_decorator.py
[2023-08-28 19:18:01,723] {logging_mixin.py:115} INFO - [2023-08-28 19:18:01,722] {dag.py:2379} INFO - Sync 1 DAGs
[2023-08-28 19:18:02,010] {logging_mixin.py:115} INFO - [2023-08-28 19:18:02,009] {dag.py:2927} INFO - Setting next_dagrun for example_branch_python_operator_decorator to 2023-08-27T00:00:00+00:00, run_after=2023-08-28T00:00:00+00:00
[2023-08-28 19:18:02,160] {processor.py:161} INFO - Processing /home/felipe/airflow/venv/lib/python3.9/site-packages/airflow/example_dags/example_branch_operator_decorator.py took 1.352 seconds
[2023-08-28 19:20:23,796] {processor.py:153} INFO - Started process (PID=13631) to work on /home/felipe/airflow/venv/lib/python3.9/site-packages/airflow/example_dags/example_branch_operator_decorator.py
[2023-08-28 19:20:23,798] {processor.py:641} INFO - Processing file /home/felipe/airflow/venv/lib/python3.9/site-packages/airflow/example_dags/example_branch_operator_decorator.py for tasks to queue
[2023-08-28 19:20:23,801] {logging_mixin.py:115} INFO - [2023-08-28 19:20:23,800] {dagbag.py:507} INFO - Filling up the DagBag from /home/felipe/airflow/venv/lib/python3.9/site-packages/airflow/example_dags/example_branch_operator_decorator.py
[2023-08-28 19:20:24,216] {processor.py:651} INFO - DAG(s) dict_keys(['example_branch_python_operator_decorator']) retrieved from /home/felipe/airflow/venv/lib/python3.9/site-packages/airflow/example_dags/example_branch_operator_decorator.py
[2023-08-28 19:20:24,377] {logging_mixin.py:115} INFO - [2023-08-28 19:20:24,374] {dag.py:2379} INFO - Sync 1 DAGs
[2023-08-28 19:20:24,510] {logging_mixin.py:115} INFO - [2023-08-28 19:20:24,509] {dag.py:2927} INFO - Setting next_dagrun for example_branch_python_operator_decorator to 2023-08-27T00:00:00+00:00, run_after=2023-08-28T00:00:00+00:00
[2023-08-28 19:20:24,597] {processor.py:161} INFO - Processing /home/felipe/airflow/venv/lib/python3.9/site-packages/airflow/example_dags/example_branch_operator_decorator.py took 0.838 seconds
[2023-08-28 19:22:13,311] {processor.py:153} INFO - Started process (PID=14614) to work on /home/felipe/airflow/venv/lib/python3.9/site-packages/airflow/example_dags/example_branch_operator_decorator.py
[2023-08-28 19:22:13,323] {processor.py:641} INFO - Processing file /home/felipe/airflow/venv/lib/python3.9/site-packages/airflow/example_dags/example_branch_operator_decorator.py for tasks to queue
[2023-08-28 19:22:13,326] {logging_mixin.py:115} INFO - [2023-08-28 19:22:13,325] {dagbag.py:507} INFO - Filling up the DagBag from /home/felipe/airflow/venv/lib/python3.9/site-packages/airflow/example_dags/example_branch_operator_decorator.py
[2023-08-28 19:22:14,009] {processor.py:651} INFO - DAG(s) dict_keys(['example_branch_python_operator_decorator']) retrieved from /home/felipe/airflow/venv/lib/python3.9/site-packages/airflow/example_dags/example_branch_operator_decorator.py
[2023-08-28 19:22:14,611] {logging_mixin.py:115} INFO - [2023-08-28 19:22:14,611] {dag.py:2379} INFO - Sync 1 DAGs
[2023-08-28 19:22:14,911] {logging_mixin.py:115} INFO - [2023-08-28 19:22:14,910] {dag.py:2927} INFO - Setting next_dagrun for example_branch_python_operator_decorator to 2023-08-27T00:00:00+00:00, run_after=2023-08-28T00:00:00+00:00
[2023-08-28 19:22:14,976] {processor.py:161} INFO - Processing /home/felipe/airflow/venv/lib/python3.9/site-packages/airflow/example_dags/example_branch_operator_decorator.py took 1.814 seconds
[2023-08-28 19:23:38,349] {processor.py:153} INFO - Started process (PID=15224) to work on /home/felipe/airflow/venv/lib/python3.9/site-packages/airflow/example_dags/example_branch_operator_decorator.py
[2023-08-28 19:23:38,364] {processor.py:641} INFO - Processing file /home/felipe/airflow/venv/lib/python3.9/site-packages/airflow/example_dags/example_branch_operator_decorator.py for tasks to queue
[2023-08-28 19:23:38,418] {logging_mixin.py:115} INFO - [2023-08-28 19:23:38,417] {dagbag.py:507} INFO - Filling up the DagBag from /home/felipe/airflow/venv/lib/python3.9/site-packages/airflow/example_dags/example_branch_operator_decorator.py
[2023-08-28 19:23:38,788] {processor.py:651} INFO - DAG(s) dict_keys(['example_branch_python_operator_decorator']) retrieved from /home/felipe/airflow/venv/lib/python3.9/site-packages/airflow/example_dags/example_branch_operator_decorator.py
[2023-08-28 19:23:39,016] {logging_mixin.py:115} INFO - [2023-08-28 19:23:39,016] {dag.py:2379} INFO - Sync 1 DAGs
[2023-08-28 19:23:39,185] {logging_mixin.py:115} INFO - [2023-08-28 19:23:39,184] {dag.py:2927} INFO - Setting next_dagrun for example_branch_python_operator_decorator to 2023-08-27T00:00:00+00:00, run_after=2023-08-28T00:00:00+00:00
[2023-08-28 19:23:39,286] {processor.py:161} INFO - Processing /home/felipe/airflow/venv/lib/python3.9/site-packages/airflow/example_dags/example_branch_operator_decorator.py took 1.052 seconds
[2023-08-28 19:24:37,634] {processor.py:153} INFO - Started process (PID=15495) to work on /home/felipe/airflow/venv/lib/python3.9/site-packages/airflow/example_dags/example_branch_operator_decorator.py
[2023-08-28 19:24:37,636] {processor.py:641} INFO - Processing file /home/felipe/airflow/venv/lib/python3.9/site-packages/airflow/example_dags/example_branch_operator_decorator.py for tasks to queue
[2023-08-28 19:24:37,637] {logging_mixin.py:115} INFO - [2023-08-28 19:24:37,637] {dagbag.py:507} INFO - Filling up the DagBag from /home/felipe/airflow/venv/lib/python3.9/site-packages/airflow/example_dags/example_branch_operator_decorator.py
[2023-08-28 19:24:37,703] {processor.py:651} INFO - DAG(s) dict_keys(['example_branch_python_operator_decorator']) retrieved from /home/felipe/airflow/venv/lib/python3.9/site-packages/airflow/example_dags/example_branch_operator_decorator.py
[2023-08-28 19:24:37,788] {logging_mixin.py:115} INFO - [2023-08-28 19:24:37,788] {dag.py:2379} INFO - Sync 1 DAGs
[2023-08-28 19:24:37,869] {logging_mixin.py:115} INFO - [2023-08-28 19:24:37,869] {dag.py:2927} INFO - Setting next_dagrun for example_branch_python_operator_decorator to 2023-08-27T00:00:00+00:00, run_after=2023-08-28T00:00:00+00:00
[2023-08-28 19:24:37,923] {processor.py:161} INFO - Processing /home/felipe/airflow/venv/lib/python3.9/site-packages/airflow/example_dags/example_branch_operator_decorator.py took 0.302 seconds
[2023-08-28 20:10:40,513] {processor.py:153} INFO - Started process (PID=26146) to work on /home/felipe/airflow/venv/lib/python3.9/site-packages/airflow/example_dags/example_branch_operator_decorator.py
[2023-08-28 20:10:40,515] {processor.py:641} INFO - Processing file /home/felipe/airflow/venv/lib/python3.9/site-packages/airflow/example_dags/example_branch_operator_decorator.py for tasks to queue
[2023-08-28 20:10:40,516] {logging_mixin.py:115} INFO - [2023-08-28 20:10:40,516] {dagbag.py:507} INFO - Filling up the DagBag from /home/felipe/airflow/venv/lib/python3.9/site-packages/airflow/example_dags/example_branch_operator_decorator.py
[2023-08-28 20:10:40,584] {processor.py:651} INFO - DAG(s) dict_keys(['example_branch_python_operator_decorator']) retrieved from /home/felipe/airflow/venv/lib/python3.9/site-packages/airflow/example_dags/example_branch_operator_decorator.py
[2023-08-28 20:10:40,648] {logging_mixin.py:115} INFO - [2023-08-28 20:10:40,648] {dag.py:2379} INFO - Sync 1 DAGs
[2023-08-28 20:10:40,701] {logging_mixin.py:115} INFO - [2023-08-28 20:10:40,700] {dag.py:2927} INFO - Setting next_dagrun for example_branch_python_operator_decorator to 2023-08-27T00:00:00+00:00, run_after=2023-08-28T00:00:00+00:00
[2023-08-28 20:10:40,738] {processor.py:161} INFO - Processing /home/felipe/airflow/venv/lib/python3.9/site-packages/airflow/example_dags/example_branch_operator_decorator.py took 0.238 seconds
[2023-08-28 20:14:25,648] {processor.py:153} INFO - Started process (PID=27232) to work on /home/felipe/airflow/venv/lib/python3.9/site-packages/airflow/example_dags/example_branch_operator_decorator.py
[2023-08-28 20:14:25,650] {processor.py:641} INFO - Processing file /home/felipe/airflow/venv/lib/python3.9/site-packages/airflow/example_dags/example_branch_operator_decorator.py for tasks to queue
[2023-08-28 20:14:25,652] {logging_mixin.py:115} INFO - [2023-08-28 20:14:25,652] {dagbag.py:507} INFO - Filling up the DagBag from /home/felipe/airflow/venv/lib/python3.9/site-packages/airflow/example_dags/example_branch_operator_decorator.py
[2023-08-28 20:14:25,755] {processor.py:651} INFO - DAG(s) dict_keys(['example_branch_python_operator_decorator']) retrieved from /home/felipe/airflow/venv/lib/python3.9/site-packages/airflow/example_dags/example_branch_operator_decorator.py
[2023-08-28 20:14:25,838] {logging_mixin.py:115} INFO - [2023-08-28 20:14:25,838] {dag.py:2379} INFO - Sync 1 DAGs
[2023-08-28 20:14:25,905] {logging_mixin.py:115} INFO - [2023-08-28 20:14:25,904] {dag.py:2927} INFO - Setting next_dagrun for example_branch_python_operator_decorator to 2023-08-27T00:00:00+00:00, run_after=2023-08-28T00:00:00+00:00
[2023-08-28 20:14:25,949] {processor.py:161} INFO - Processing /home/felipe/airflow/venv/lib/python3.9/site-packages/airflow/example_dags/example_branch_operator_decorator.py took 0.314 seconds
[2023-08-28 20:15:25,858] {processor.py:153} INFO - Started process (PID=27438) to work on /home/felipe/airflow/venv/lib/python3.9/site-packages/airflow/example_dags/example_branch_operator_decorator.py
[2023-08-28 20:15:25,860] {processor.py:641} INFO - Processing file /home/felipe/airflow/venv/lib/python3.9/site-packages/airflow/example_dags/example_branch_operator_decorator.py for tasks to queue
[2023-08-28 20:15:25,862] {logging_mixin.py:115} INFO - [2023-08-28 20:15:25,862] {dagbag.py:507} INFO - Filling up the DagBag from /home/felipe/airflow/venv/lib/python3.9/site-packages/airflow/example_dags/example_branch_operator_decorator.py
[2023-08-28 20:15:25,949] {processor.py:651} INFO - DAG(s) dict_keys(['example_branch_python_operator_decorator']) retrieved from /home/felipe/airflow/venv/lib/python3.9/site-packages/airflow/example_dags/example_branch_operator_decorator.py
[2023-08-28 20:15:25,997] {logging_mixin.py:115} INFO - [2023-08-28 20:15:25,997] {dag.py:2379} INFO - Sync 1 DAGs
[2023-08-28 20:15:26,038] {logging_mixin.py:115} INFO - [2023-08-28 20:15:26,038] {dag.py:2927} INFO - Setting next_dagrun for example_branch_python_operator_decorator to 2023-08-27T00:00:00+00:00, run_after=2023-08-28T00:00:00+00:00
[2023-08-28 20:15:26,069] {processor.py:161} INFO - Processing /home/felipe/airflow/venv/lib/python3.9/site-packages/airflow/example_dags/example_branch_operator_decorator.py took 0.222 seconds
[2023-08-28 20:18:47,371] {processor.py:153} INFO - Started process (PID=29209) to work on /home/felipe/airflow/venv/lib/python3.9/site-packages/airflow/example_dags/example_branch_operator_decorator.py
[2023-08-28 20:18:47,374] {processor.py:641} INFO - Processing file /home/felipe/airflow/venv/lib/python3.9/site-packages/airflow/example_dags/example_branch_operator_decorator.py for tasks to queue
[2023-08-28 20:18:47,376] {logging_mixin.py:115} INFO - [2023-08-28 20:18:47,376] {dagbag.py:507} INFO - Filling up the DagBag from /home/felipe/airflow/venv/lib/python3.9/site-packages/airflow/example_dags/example_branch_operator_decorator.py
[2023-08-28 20:18:47,451] {processor.py:651} INFO - DAG(s) dict_keys(['example_branch_python_operator_decorator']) retrieved from /home/felipe/airflow/venv/lib/python3.9/site-packages/airflow/example_dags/example_branch_operator_decorator.py
[2023-08-28 20:18:47,516] {logging_mixin.py:115} INFO - [2023-08-28 20:18:47,516] {dag.py:2379} INFO - Sync 1 DAGs
[2023-08-28 20:18:47,567] {logging_mixin.py:115} INFO - [2023-08-28 20:18:47,566] {dag.py:2927} INFO - Setting next_dagrun for example_branch_python_operator_decorator to 2023-08-27T00:00:00+00:00, run_after=2023-08-28T00:00:00+00:00
[2023-08-28 20:18:47,601] {processor.py:161} INFO - Processing /home/felipe/airflow/venv/lib/python3.9/site-packages/airflow/example_dags/example_branch_operator_decorator.py took 0.248 seconds
[2023-08-28 20:19:54,977] {processor.py:153} INFO - Started process (PID=29641) to work on /home/felipe/airflow/venv/lib/python3.9/site-packages/airflow/example_dags/example_branch_operator_decorator.py
[2023-08-28 20:19:54,979] {processor.py:641} INFO - Processing file /home/felipe/airflow/venv/lib/python3.9/site-packages/airflow/example_dags/example_branch_operator_decorator.py for tasks to queue
[2023-08-28 20:19:54,981] {logging_mixin.py:115} INFO - [2023-08-28 20:19:54,981] {dagbag.py:507} INFO - Filling up the DagBag from /home/felipe/airflow/venv/lib/python3.9/site-packages/airflow/example_dags/example_branch_operator_decorator.py
[2023-08-28 20:19:55,061] {processor.py:651} INFO - DAG(s) dict_keys(['example_branch_python_operator_decorator']) retrieved from /home/felipe/airflow/venv/lib/python3.9/site-packages/airflow/example_dags/example_branch_operator_decorator.py
[2023-08-28 20:19:55,119] {logging_mixin.py:115} INFO - [2023-08-28 20:19:55,118] {dag.py:2379} INFO - Sync 1 DAGs
[2023-08-28 20:19:55,161] {logging_mixin.py:115} INFO - [2023-08-28 20:19:55,161] {dag.py:2927} INFO - Setting next_dagrun for example_branch_python_operator_decorator to 2023-08-27T00:00:00+00:00, run_after=2023-08-28T00:00:00+00:00
[2023-08-28 20:19:55,191] {processor.py:161} INFO - Processing /home/felipe/airflow/venv/lib/python3.9/site-packages/airflow/example_dags/example_branch_operator_decorator.py took 0.227 seconds
[2023-08-28 20:21:00,433] {processor.py:153} INFO - Started process (PID=30017) to work on /home/felipe/airflow/venv/lib/python3.9/site-packages/airflow/example_dags/example_branch_operator_decorator.py
[2023-08-28 20:21:00,441] {processor.py:641} INFO - Processing file /home/felipe/airflow/venv/lib/python3.9/site-packages/airflow/example_dags/example_branch_operator_decorator.py for tasks to queue
[2023-08-28 20:21:00,447] {logging_mixin.py:115} INFO - [2023-08-28 20:21:00,447] {dagbag.py:507} INFO - Filling up the DagBag from /home/felipe/airflow/venv/lib/python3.9/site-packages/airflow/example_dags/example_branch_operator_decorator.py
[2023-08-28 20:21:00,629] {processor.py:651} INFO - DAG(s) dict_keys(['example_branch_python_operator_decorator']) retrieved from /home/felipe/airflow/venv/lib/python3.9/site-packages/airflow/example_dags/example_branch_operator_decorator.py
[2023-08-28 20:21:00,782] {logging_mixin.py:115} INFO - [2023-08-28 20:21:00,782] {dag.py:2379} INFO - Sync 1 DAGs
[2023-08-28 20:21:00,927] {logging_mixin.py:115} INFO - [2023-08-28 20:21:00,926] {dag.py:2927} INFO - Setting next_dagrun for example_branch_python_operator_decorator to 2023-08-27T00:00:00+00:00, run_after=2023-08-28T00:00:00+00:00
[2023-08-28 20:21:01,024] {processor.py:161} INFO - Processing /home/felipe/airflow/venv/lib/python3.9/site-packages/airflow/example_dags/example_branch_operator_decorator.py took 0.616 seconds
[2023-08-28 20:23:20,879] {processor.py:153} INFO - Started process (PID=31297) to work on /home/felipe/airflow/venv/lib/python3.9/site-packages/airflow/example_dags/example_branch_operator_decorator.py
[2023-08-28 20:23:20,881] {processor.py:641} INFO - Processing file /home/felipe/airflow/venv/lib/python3.9/site-packages/airflow/example_dags/example_branch_operator_decorator.py for tasks to queue
[2023-08-28 20:23:20,884] {logging_mixin.py:115} INFO - [2023-08-28 20:23:20,882] {dagbag.py:507} INFO - Filling up the DagBag from /home/felipe/airflow/venv/lib/python3.9/site-packages/airflow/example_dags/example_branch_operator_decorator.py
[2023-08-28 20:23:20,998] {processor.py:651} INFO - DAG(s) dict_keys(['example_branch_python_operator_decorator']) retrieved from /home/felipe/airflow/venv/lib/python3.9/site-packages/airflow/example_dags/example_branch_operator_decorator.py
[2023-08-28 20:23:21,087] {logging_mixin.py:115} INFO - [2023-08-28 20:23:21,087] {dag.py:2379} INFO - Sync 1 DAGs
[2023-08-28 20:23:21,160] {logging_mixin.py:115} INFO - [2023-08-28 20:23:21,160] {dag.py:2927} INFO - Setting next_dagrun for example_branch_python_operator_decorator to 2023-08-27T00:00:00+00:00, run_after=2023-08-28T00:00:00+00:00
[2023-08-28 20:23:21,198] {processor.py:161} INFO - Processing /home/felipe/airflow/venv/lib/python3.9/site-packages/airflow/example_dags/example_branch_operator_decorator.py took 0.336 seconds
[2023-08-28 20:24:11,977] {processor.py:153} INFO - Started process (PID=31441) to work on /home/felipe/airflow/venv/lib/python3.9/site-packages/airflow/example_dags/example_branch_operator_decorator.py
[2023-08-28 20:24:11,979] {processor.py:641} INFO - Processing file /home/felipe/airflow/venv/lib/python3.9/site-packages/airflow/example_dags/example_branch_operator_decorator.py for tasks to queue
[2023-08-28 20:24:11,980] {logging_mixin.py:115} INFO - [2023-08-28 20:24:11,980] {dagbag.py:507} INFO - Filling up the DagBag from /home/felipe/airflow/venv/lib/python3.9/site-packages/airflow/example_dags/example_branch_operator_decorator.py
[2023-08-28 20:24:12,072] {processor.py:651} INFO - DAG(s) dict_keys(['example_branch_python_operator_decorator']) retrieved from /home/felipe/airflow/venv/lib/python3.9/site-packages/airflow/example_dags/example_branch_operator_decorator.py
[2023-08-28 20:24:12,142] {logging_mixin.py:115} INFO - [2023-08-28 20:24:12,142] {dag.py:2379} INFO - Sync 1 DAGs
[2023-08-28 20:24:12,211] {logging_mixin.py:115} INFO - [2023-08-28 20:24:12,211] {dag.py:2927} INFO - Setting next_dagrun for example_branch_python_operator_decorator to 2023-08-27T00:00:00+00:00, run_after=2023-08-28T00:00:00+00:00
[2023-08-28 20:24:12,250] {processor.py:161} INFO - Processing /home/felipe/airflow/venv/lib/python3.9/site-packages/airflow/example_dags/example_branch_operator_decorator.py took 0.285 seconds
[2023-08-28 20:25:13,599] {processor.py:153} INFO - Started process (PID=31892) to work on /home/felipe/airflow/venv/lib/python3.9/site-packages/airflow/example_dags/example_branch_operator_decorator.py
[2023-08-28 20:25:13,600] {processor.py:641} INFO - Processing file /home/felipe/airflow/venv/lib/python3.9/site-packages/airflow/example_dags/example_branch_operator_decorator.py for tasks to queue
[2023-08-28 20:25:13,602] {logging_mixin.py:115} INFO - [2023-08-28 20:25:13,602] {dagbag.py:507} INFO - Filling up the DagBag from /home/felipe/airflow/venv/lib/python3.9/site-packages/airflow/example_dags/example_branch_operator_decorator.py
[2023-08-28 20:25:13,695] {processor.py:651} INFO - DAG(s) dict_keys(['example_branch_python_operator_decorator']) retrieved from /home/felipe/airflow/venv/lib/python3.9/site-packages/airflow/example_dags/example_branch_operator_decorator.py
[2023-08-28 20:25:13,742] {logging_mixin.py:115} INFO - [2023-08-28 20:25:13,742] {dag.py:2379} INFO - Sync 1 DAGs
[2023-08-28 20:25:13,791] {logging_mixin.py:115} INFO - [2023-08-28 20:25:13,790] {dag.py:2927} INFO - Setting next_dagrun for example_branch_python_operator_decorator to 2023-08-27T00:00:00+00:00, run_after=2023-08-28T00:00:00+00:00
[2023-08-28 20:25:13,822] {processor.py:161} INFO - Processing /home/felipe/airflow/venv/lib/python3.9/site-packages/airflow/example_dags/example_branch_operator_decorator.py took 0.256 seconds
[2023-08-28 20:26:55,669] {processor.py:153} INFO - Started process (PID=32658) to work on /home/felipe/airflow/venv/lib/python3.9/site-packages/airflow/example_dags/example_branch_operator_decorator.py
[2023-08-28 20:26:55,671] {processor.py:641} INFO - Processing file /home/felipe/airflow/venv/lib/python3.9/site-packages/airflow/example_dags/example_branch_operator_decorator.py for tasks to queue
[2023-08-28 20:26:55,672] {logging_mixin.py:115} INFO - [2023-08-28 20:26:55,672] {dagbag.py:507} INFO - Filling up the DagBag from /home/felipe/airflow/venv/lib/python3.9/site-packages/airflow/example_dags/example_branch_operator_decorator.py
[2023-08-28 20:26:55,748] {processor.py:651} INFO - DAG(s) dict_keys(['example_branch_python_operator_decorator']) retrieved from /home/felipe/airflow/venv/lib/python3.9/site-packages/airflow/example_dags/example_branch_operator_decorator.py
[2023-08-28 20:26:55,812] {logging_mixin.py:115} INFO - [2023-08-28 20:26:55,812] {dag.py:2379} INFO - Sync 1 DAGs
[2023-08-28 20:26:55,871] {logging_mixin.py:115} INFO - [2023-08-28 20:26:55,871] {dag.py:2927} INFO - Setting next_dagrun for example_branch_python_operator_decorator to 2023-08-27T00:00:00+00:00, run_after=2023-08-28T00:00:00+00:00
[2023-08-28 20:26:55,911] {processor.py:161} INFO - Processing /home/felipe/airflow/venv/lib/python3.9/site-packages/airflow/example_dags/example_branch_operator_decorator.py took 0.253 seconds
[2023-08-28 20:29:21,332] {processor.py:153} INFO - Started process (PID=1318) to work on /home/felipe/airflow/venv/lib/python3.9/site-packages/airflow/example_dags/example_branch_operator_decorator.py
[2023-08-28 20:29:21,334] {processor.py:641} INFO - Processing file /home/felipe/airflow/venv/lib/python3.9/site-packages/airflow/example_dags/example_branch_operator_decorator.py for tasks to queue
[2023-08-28 20:29:21,342] {logging_mixin.py:115} INFO - [2023-08-28 20:29:21,336] {dagbag.py:507} INFO - Filling up the DagBag from /home/felipe/airflow/venv/lib/python3.9/site-packages/airflow/example_dags/example_branch_operator_decorator.py
[2023-08-28 20:29:21,692] {processor.py:651} INFO - DAG(s) dict_keys(['example_branch_python_operator_decorator']) retrieved from /home/felipe/airflow/venv/lib/python3.9/site-packages/airflow/example_dags/example_branch_operator_decorator.py
[2023-08-28 20:29:21,850] {logging_mixin.py:115} INFO - [2023-08-28 20:29:21,850] {dag.py:2379} INFO - Sync 1 DAGs
[2023-08-28 20:29:22,068] {logging_mixin.py:115} INFO - [2023-08-28 20:29:22,068] {dag.py:2927} INFO - Setting next_dagrun for example_branch_python_operator_decorator to 2023-08-27T00:00:00+00:00, run_after=2023-08-28T00:00:00+00:00
[2023-08-28 20:29:22,165] {processor.py:161} INFO - Processing /home/felipe/airflow/venv/lib/python3.9/site-packages/airflow/example_dags/example_branch_operator_decorator.py took 0.875 seconds
[2023-08-28 20:31:44,733] {processor.py:153} INFO - Started process (PID=2710) to work on /home/felipe/airflow/venv/lib/python3.9/site-packages/airflow/example_dags/example_branch_operator_decorator.py
[2023-08-28 20:31:44,735] {processor.py:641} INFO - Processing file /home/felipe/airflow/venv/lib/python3.9/site-packages/airflow/example_dags/example_branch_operator_decorator.py for tasks to queue
[2023-08-28 20:31:44,737] {logging_mixin.py:115} INFO - [2023-08-28 20:31:44,736] {dagbag.py:507} INFO - Filling up the DagBag from /home/felipe/airflow/venv/lib/python3.9/site-packages/airflow/example_dags/example_branch_operator_decorator.py
[2023-08-28 20:31:44,809] {processor.py:651} INFO - DAG(s) dict_keys(['example_branch_python_operator_decorator']) retrieved from /home/felipe/airflow/venv/lib/python3.9/site-packages/airflow/example_dags/example_branch_operator_decorator.py
[2023-08-28 20:31:44,858] {logging_mixin.py:115} INFO - [2023-08-28 20:31:44,858] {dag.py:2379} INFO - Sync 1 DAGs
[2023-08-28 20:31:44,906] {logging_mixin.py:115} INFO - [2023-08-28 20:31:44,906] {dag.py:2927} INFO - Setting next_dagrun for example_branch_python_operator_decorator to 2023-08-27T00:00:00+00:00, run_after=2023-08-28T00:00:00+00:00
[2023-08-28 20:31:44,938] {processor.py:161} INFO - Processing /home/felipe/airflow/venv/lib/python3.9/site-packages/airflow/example_dags/example_branch_operator_decorator.py took 0.218 seconds
[2023-08-28 20:32:44,327] {processor.py:153} INFO - Started process (PID=2966) to work on /home/felipe/airflow/venv/lib/python3.9/site-packages/airflow/example_dags/example_branch_operator_decorator.py
[2023-08-28 20:32:44,329] {processor.py:641} INFO - Processing file /home/felipe/airflow/venv/lib/python3.9/site-packages/airflow/example_dags/example_branch_operator_decorator.py for tasks to queue
[2023-08-28 20:32:44,330] {logging_mixin.py:115} INFO - [2023-08-28 20:32:44,330] {dagbag.py:507} INFO - Filling up the DagBag from /home/felipe/airflow/venv/lib/python3.9/site-packages/airflow/example_dags/example_branch_operator_decorator.py
[2023-08-28 20:32:44,407] {processor.py:651} INFO - DAG(s) dict_keys(['example_branch_python_operator_decorator']) retrieved from /home/felipe/airflow/venv/lib/python3.9/site-packages/airflow/example_dags/example_branch_operator_decorator.py
[2023-08-28 20:32:44,460] {logging_mixin.py:115} INFO - [2023-08-28 20:32:44,460] {dag.py:2379} INFO - Sync 1 DAGs
[2023-08-28 20:32:44,513] {logging_mixin.py:115} INFO - [2023-08-28 20:32:44,513] {dag.py:2927} INFO - Setting next_dagrun for example_branch_python_operator_decorator to 2023-08-27T00:00:00+00:00, run_after=2023-08-28T00:00:00+00:00
[2023-08-28 20:32:44,550] {processor.py:161} INFO - Processing /home/felipe/airflow/venv/lib/python3.9/site-packages/airflow/example_dags/example_branch_operator_decorator.py took 0.236 seconds
[2023-08-28 20:33:41,576] {processor.py:153} INFO - Started process (PID=3116) to work on /home/felipe/airflow/venv/lib/python3.9/site-packages/airflow/example_dags/example_branch_operator_decorator.py
[2023-08-28 20:33:41,578] {processor.py:641} INFO - Processing file /home/felipe/airflow/venv/lib/python3.9/site-packages/airflow/example_dags/example_branch_operator_decorator.py for tasks to queue
[2023-08-28 20:33:41,579] {logging_mixin.py:115} INFO - [2023-08-28 20:33:41,579] {dagbag.py:507} INFO - Filling up the DagBag from /home/felipe/airflow/venv/lib/python3.9/site-packages/airflow/example_dags/example_branch_operator_decorator.py
[2023-08-28 20:33:41,664] {processor.py:651} INFO - DAG(s) dict_keys(['example_branch_python_operator_decorator']) retrieved from /home/felipe/airflow/venv/lib/python3.9/site-packages/airflow/example_dags/example_branch_operator_decorator.py
[2023-08-28 20:33:41,721] {logging_mixin.py:115} INFO - [2023-08-28 20:33:41,721] {dag.py:2379} INFO - Sync 1 DAGs
[2023-08-28 20:33:41,769] {logging_mixin.py:115} INFO - [2023-08-28 20:33:41,769] {dag.py:2927} INFO - Setting next_dagrun for example_branch_python_operator_decorator to 2023-08-27T00:00:00+00:00, run_after=2023-08-28T00:00:00+00:00
[2023-08-28 20:33:41,800] {processor.py:161} INFO - Processing /home/felipe/airflow/venv/lib/python3.9/site-packages/airflow/example_dags/example_branch_operator_decorator.py took 0.236 seconds
[2023-08-28 20:34:32,270] {processor.py:153} INFO - Started process (PID=3262) to work on /home/felipe/airflow/venv/lib/python3.9/site-packages/airflow/example_dags/example_branch_operator_decorator.py
[2023-08-28 20:34:32,276] {processor.py:641} INFO - Processing file /home/felipe/airflow/venv/lib/python3.9/site-packages/airflow/example_dags/example_branch_operator_decorator.py for tasks to queue
[2023-08-28 20:34:32,278] {logging_mixin.py:115} INFO - [2023-08-28 20:34:32,278] {dagbag.py:507} INFO - Filling up the DagBag from /home/felipe/airflow/venv/lib/python3.9/site-packages/airflow/example_dags/example_branch_operator_decorator.py
[2023-08-28 20:34:32,435] {processor.py:651} INFO - DAG(s) dict_keys(['example_branch_python_operator_decorator']) retrieved from /home/felipe/airflow/venv/lib/python3.9/site-packages/airflow/example_dags/example_branch_operator_decorator.py
[2023-08-28 20:34:32,495] {logging_mixin.py:115} INFO - [2023-08-28 20:34:32,494] {dag.py:2379} INFO - Sync 1 DAGs
[2023-08-28 20:34:32,560] {logging_mixin.py:115} INFO - [2023-08-28 20:34:32,560] {dag.py:2927} INFO - Setting next_dagrun for example_branch_python_operator_decorator to 2023-08-27T00:00:00+00:00, run_after=2023-08-28T00:00:00+00:00
[2023-08-28 20:34:32,602] {processor.py:161} INFO - Processing /home/felipe/airflow/venv/lib/python3.9/site-packages/airflow/example_dags/example_branch_operator_decorator.py took 0.361 seconds
[2023-08-28 20:35:30,414] {processor.py:153} INFO - Started process (PID=3412) to work on /home/felipe/airflow/venv/lib/python3.9/site-packages/airflow/example_dags/example_branch_operator_decorator.py
[2023-08-28 20:35:30,416] {processor.py:641} INFO - Processing file /home/felipe/airflow/venv/lib/python3.9/site-packages/airflow/example_dags/example_branch_operator_decorator.py for tasks to queue
[2023-08-28 20:35:30,417] {logging_mixin.py:115} INFO - [2023-08-28 20:35:30,417] {dagbag.py:507} INFO - Filling up the DagBag from /home/felipe/airflow/venv/lib/python3.9/site-packages/airflow/example_dags/example_branch_operator_decorator.py
[2023-08-28 20:35:30,492] {processor.py:651} INFO - DAG(s) dict_keys(['example_branch_python_operator_decorator']) retrieved from /home/felipe/airflow/venv/lib/python3.9/site-packages/airflow/example_dags/example_branch_operator_decorator.py
[2023-08-28 20:35:30,540] {logging_mixin.py:115} INFO - [2023-08-28 20:35:30,540] {dag.py:2379} INFO - Sync 1 DAGs
[2023-08-28 20:35:30,587] {logging_mixin.py:115} INFO - [2023-08-28 20:35:30,586] {dag.py:2927} INFO - Setting next_dagrun for example_branch_python_operator_decorator to 2023-08-27T00:00:00+00:00, run_after=2023-08-28T00:00:00+00:00
[2023-08-28 20:35:30,619] {processor.py:161} INFO - Processing /home/felipe/airflow/venv/lib/python3.9/site-packages/airflow/example_dags/example_branch_operator_decorator.py took 0.218 seconds
[2023-08-28 20:36:20,062] {processor.py:153} INFO - Started process (PID=3556) to work on /home/felipe/airflow/venv/lib/python3.9/site-packages/airflow/example_dags/example_branch_operator_decorator.py
[2023-08-28 20:36:20,064] {processor.py:641} INFO - Processing file /home/felipe/airflow/venv/lib/python3.9/site-packages/airflow/example_dags/example_branch_operator_decorator.py for tasks to queue
[2023-08-28 20:36:20,066] {logging_mixin.py:115} INFO - [2023-08-28 20:36:20,066] {dagbag.py:507} INFO - Filling up the DagBag from /home/felipe/airflow/venv/lib/python3.9/site-packages/airflow/example_dags/example_branch_operator_decorator.py
[2023-08-28 20:36:20,201] {processor.py:651} INFO - DAG(s) dict_keys(['example_branch_python_operator_decorator']) retrieved from /home/felipe/airflow/venv/lib/python3.9/site-packages/airflow/example_dags/example_branch_operator_decorator.py
[2023-08-28 20:36:20,253] {logging_mixin.py:115} INFO - [2023-08-28 20:36:20,252] {dag.py:2379} INFO - Sync 1 DAGs
[2023-08-28 20:36:20,313] {logging_mixin.py:115} INFO - [2023-08-28 20:36:20,313] {dag.py:2927} INFO - Setting next_dagrun for example_branch_python_operator_decorator to 2023-08-27T00:00:00+00:00, run_after=2023-08-28T00:00:00+00:00
[2023-08-28 20:36:20,348] {processor.py:161} INFO - Processing /home/felipe/airflow/venv/lib/python3.9/site-packages/airflow/example_dags/example_branch_operator_decorator.py took 0.300 seconds
[2023-08-28 20:37:11,476] {processor.py:153} INFO - Started process (PID=3753) to work on /home/felipe/airflow/venv/lib/python3.9/site-packages/airflow/example_dags/example_branch_operator_decorator.py
[2023-08-28 20:37:11,477] {processor.py:641} INFO - Processing file /home/felipe/airflow/venv/lib/python3.9/site-packages/airflow/example_dags/example_branch_operator_decorator.py for tasks to queue
[2023-08-28 20:37:11,480] {logging_mixin.py:115} INFO - [2023-08-28 20:37:11,480] {dagbag.py:507} INFO - Filling up the DagBag from /home/felipe/airflow/venv/lib/python3.9/site-packages/airflow/example_dags/example_branch_operator_decorator.py
[2023-08-28 20:37:11,555] {processor.py:651} INFO - DAG(s) dict_keys(['example_branch_python_operator_decorator']) retrieved from /home/felipe/airflow/venv/lib/python3.9/site-packages/airflow/example_dags/example_branch_operator_decorator.py
[2023-08-28 20:37:11,602] {logging_mixin.py:115} INFO - [2023-08-28 20:37:11,602] {dag.py:2379} INFO - Sync 1 DAGs
[2023-08-28 20:37:11,649] {logging_mixin.py:115} INFO - [2023-08-28 20:37:11,649] {dag.py:2927} INFO - Setting next_dagrun for example_branch_python_operator_decorator to 2023-08-27T00:00:00+00:00, run_after=2023-08-28T00:00:00+00:00
[2023-08-28 20:37:11,682] {processor.py:161} INFO - Processing /home/felipe/airflow/venv/lib/python3.9/site-packages/airflow/example_dags/example_branch_operator_decorator.py took 0.217 seconds
[2023-08-28 20:38:10,106] {processor.py:153} INFO - Started process (PID=3901) to work on /home/felipe/airflow/venv/lib/python3.9/site-packages/airflow/example_dags/example_branch_operator_decorator.py
[2023-08-28 20:38:10,108] {processor.py:641} INFO - Processing file /home/felipe/airflow/venv/lib/python3.9/site-packages/airflow/example_dags/example_branch_operator_decorator.py for tasks to queue
[2023-08-28 20:38:10,110] {logging_mixin.py:115} INFO - [2023-08-28 20:38:10,109] {dagbag.py:507} INFO - Filling up the DagBag from /home/felipe/airflow/venv/lib/python3.9/site-packages/airflow/example_dags/example_branch_operator_decorator.py
[2023-08-28 20:38:10,182] {processor.py:651} INFO - DAG(s) dict_keys(['example_branch_python_operator_decorator']) retrieved from /home/felipe/airflow/venv/lib/python3.9/site-packages/airflow/example_dags/example_branch_operator_decorator.py
[2023-08-28 20:38:10,254] {logging_mixin.py:115} INFO - [2023-08-28 20:38:10,254] {dag.py:2379} INFO - Sync 1 DAGs
[2023-08-28 20:38:10,323] {logging_mixin.py:115} INFO - [2023-08-28 20:38:10,322] {dag.py:2927} INFO - Setting next_dagrun for example_branch_python_operator_decorator to 2023-08-27T00:00:00+00:00, run_after=2023-08-28T00:00:00+00:00
[2023-08-28 20:38:10,375] {processor.py:161} INFO - Processing /home/felipe/airflow/venv/lib/python3.9/site-packages/airflow/example_dags/example_branch_operator_decorator.py took 0.286 seconds
[2023-08-28 20:39:03,483] {processor.py:153} INFO - Started process (PID=4049) to work on /home/felipe/airflow/venv/lib/python3.9/site-packages/airflow/example_dags/example_branch_operator_decorator.py
[2023-08-28 20:39:03,485] {processor.py:641} INFO - Processing file /home/felipe/airflow/venv/lib/python3.9/site-packages/airflow/example_dags/example_branch_operator_decorator.py for tasks to queue
[2023-08-28 20:39:03,487] {logging_mixin.py:115} INFO - [2023-08-28 20:39:03,486] {dagbag.py:507} INFO - Filling up the DagBag from /home/felipe/airflow/venv/lib/python3.9/site-packages/airflow/example_dags/example_branch_operator_decorator.py
[2023-08-28 20:39:03,590] {processor.py:651} INFO - DAG(s) dict_keys(['example_branch_python_operator_decorator']) retrieved from /home/felipe/airflow/venv/lib/python3.9/site-packages/airflow/example_dags/example_branch_operator_decorator.py
[2023-08-28 20:39:03,670] {logging_mixin.py:115} INFO - [2023-08-28 20:39:03,670] {dag.py:2379} INFO - Sync 1 DAGs
[2023-08-28 20:39:03,760] {logging_mixin.py:115} INFO - [2023-08-28 20:39:03,760] {dag.py:2927} INFO - Setting next_dagrun for example_branch_python_operator_decorator to 2023-08-27T00:00:00+00:00, run_after=2023-08-28T00:00:00+00:00
[2023-08-28 20:39:03,819] {processor.py:161} INFO - Processing /home/felipe/airflow/venv/lib/python3.9/site-packages/airflow/example_dags/example_branch_operator_decorator.py took 0.359 seconds
[2023-08-28 20:40:57,346] {processor.py:153} INFO - Started process (PID=5008) to work on /home/felipe/airflow/venv/lib/python3.9/site-packages/airflow/example_dags/example_branch_operator_decorator.py
[2023-08-28 20:40:57,348] {processor.py:641} INFO - Processing file /home/felipe/airflow/venv/lib/python3.9/site-packages/airflow/example_dags/example_branch_operator_decorator.py for tasks to queue
[2023-08-28 20:40:57,350] {logging_mixin.py:115} INFO - [2023-08-28 20:40:57,349] {dagbag.py:507} INFO - Filling up the DagBag from /home/felipe/airflow/venv/lib/python3.9/site-packages/airflow/example_dags/example_branch_operator_decorator.py
[2023-08-28 20:40:57,474] {processor.py:651} INFO - DAG(s) dict_keys(['example_branch_python_operator_decorator']) retrieved from /home/felipe/airflow/venv/lib/python3.9/site-packages/airflow/example_dags/example_branch_operator_decorator.py
[2023-08-28 20:40:57,571] {logging_mixin.py:115} INFO - [2023-08-28 20:40:57,567] {dag.py:2379} INFO - Sync 1 DAGs
[2023-08-28 20:40:57,666] {logging_mixin.py:115} INFO - [2023-08-28 20:40:57,666] {dag.py:2927} INFO - Setting next_dagrun for example_branch_python_operator_decorator to 2023-08-27T00:00:00+00:00, run_after=2023-08-28T00:00:00+00:00
[2023-08-28 20:40:57,714] {processor.py:161} INFO - Processing /home/felipe/airflow/venv/lib/python3.9/site-packages/airflow/example_dags/example_branch_operator_decorator.py took 0.385 seconds
[2023-08-28 20:43:10,724] {processor.py:153} INFO - Started process (PID=6146) to work on /home/felipe/airflow/venv/lib/python3.9/site-packages/airflow/example_dags/example_branch_operator_decorator.py
[2023-08-28 20:43:10,726] {processor.py:641} INFO - Processing file /home/felipe/airflow/venv/lib/python3.9/site-packages/airflow/example_dags/example_branch_operator_decorator.py for tasks to queue
[2023-08-28 20:43:10,728] {logging_mixin.py:115} INFO - [2023-08-28 20:43:10,728] {dagbag.py:507} INFO - Filling up the DagBag from /home/felipe/airflow/venv/lib/python3.9/site-packages/airflow/example_dags/example_branch_operator_decorator.py
[2023-08-28 20:43:10,822] {processor.py:651} INFO - DAG(s) dict_keys(['example_branch_python_operator_decorator']) retrieved from /home/felipe/airflow/venv/lib/python3.9/site-packages/airflow/example_dags/example_branch_operator_decorator.py
[2023-08-28 20:43:10,894] {logging_mixin.py:115} INFO - [2023-08-28 20:43:10,894] {dag.py:2379} INFO - Sync 1 DAGs
[2023-08-28 20:43:10,965] {logging_mixin.py:115} INFO - [2023-08-28 20:43:10,965] {dag.py:2927} INFO - Setting next_dagrun for example_branch_python_operator_decorator to 2023-08-27T00:00:00+00:00, run_after=2023-08-28T00:00:00+00:00
[2023-08-28 20:43:11,015] {processor.py:161} INFO - Processing /home/felipe/airflow/venv/lib/python3.9/site-packages/airflow/example_dags/example_branch_operator_decorator.py took 0.310 seconds
