[2023-08-28 19:05:15,459] {processor.py:153} INFO - Started process (PID=8596) to work on /home/felipe/airflow/venv/lib/python3.9/site-packages/airflow/example_dags/example_branch_day_of_week_operator.py
[2023-08-28 19:05:15,462] {processor.py:641} INFO - Processing file /home/felipe/airflow/venv/lib/python3.9/site-packages/airflow/example_dags/example_branch_day_of_week_operator.py for tasks to queue
[2023-08-28 19:05:15,474] {logging_mixin.py:115} INFO - [2023-08-28 19:05:15,474] {dagbag.py:507} INFO - Filling up the DagBag from /home/felipe/airflow/venv/lib/python3.9/site-packages/airflow/example_dags/example_branch_day_of_week_operator.py
[2023-08-28 19:05:15,626] {processor.py:651} INFO - DAG(s) dict_keys(['example_weekday_branch_operator']) retrieved from /home/felipe/airflow/venv/lib/python3.9/site-packages/airflow/example_dags/example_branch_day_of_week_operator.py
[2023-08-28 19:05:16,433] {logging_mixin.py:115} INFO - [2023-08-28 19:05:16,432] {manager.py:508} INFO - Created Permission View: can delete on DAG:example_weekday_branch_operator
[2023-08-28 19:05:16,508] {logging_mixin.py:115} INFO - [2023-08-28 19:05:16,508] {manager.py:508} INFO - Created Permission View: can read on DAG:example_weekday_branch_operator
[2023-08-28 19:05:16,573] {logging_mixin.py:115} INFO - [2023-08-28 19:05:16,567] {manager.py:508} INFO - Created Permission View: can edit on DAG:example_weekday_branch_operator
[2023-08-28 19:05:16,575] {logging_mixin.py:115} INFO - [2023-08-28 19:05:16,575] {dag.py:2379} INFO - Sync 1 DAGs
[2023-08-28 19:05:16,645] {logging_mixin.py:115} INFO - [2023-08-28 19:05:16,645] {dag.py:2398} INFO - Creating ORM DAG for example_weekday_branch_operator
[2023-08-28 19:05:16,729] {logging_mixin.py:115} INFO - [2023-08-28 19:05:16,729] {dag.py:2927} INFO - Setting next_dagrun for example_weekday_branch_operator to 2023-08-27T00:00:00+00:00, run_after=2023-08-28T00:00:00+00:00
[2023-08-28 19:05:16,800] {processor.py:161} INFO - Processing /home/felipe/airflow/venv/lib/python3.9/site-packages/airflow/example_dags/example_branch_day_of_week_operator.py took 1.382 seconds
[2023-08-28 19:08:48,757] {processor.py:153} INFO - Started process (PID=10345) to work on /home/felipe/airflow/venv/lib/python3.9/site-packages/airflow/example_dags/example_branch_day_of_week_operator.py
[2023-08-28 19:08:48,772] {processor.py:641} INFO - Processing file /home/felipe/airflow/venv/lib/python3.9/site-packages/airflow/example_dags/example_branch_day_of_week_operator.py for tasks to queue
[2023-08-28 19:08:48,775] {logging_mixin.py:115} INFO - [2023-08-28 19:08:48,774] {dagbag.py:507} INFO - Filling up the DagBag from /home/felipe/airflow/venv/lib/python3.9/site-packages/airflow/example_dags/example_branch_day_of_week_operator.py
[2023-08-28 19:08:48,890] {processor.py:651} INFO - DAG(s) dict_keys(['example_weekday_branch_operator']) retrieved from /home/felipe/airflow/venv/lib/python3.9/site-packages/airflow/example_dags/example_branch_day_of_week_operator.py
[2023-08-28 19:08:49,160] {logging_mixin.py:115} INFO - [2023-08-28 19:08:49,159] {dag.py:2379} INFO - Sync 1 DAGs
[2023-08-28 19:08:49,338] {logging_mixin.py:115} INFO - [2023-08-28 19:08:49,337] {dag.py:2927} INFO - Setting next_dagrun for example_weekday_branch_operator to 2023-08-27T00:00:00+00:00, run_after=2023-08-28T00:00:00+00:00
[2023-08-28 19:08:49,721] {processor.py:161} INFO - Processing /home/felipe/airflow/venv/lib/python3.9/site-packages/airflow/example_dags/example_branch_day_of_week_operator.py took 1.036 seconds
[2023-08-28 19:09:49,203] {processor.py:153} INFO - Started process (PID=10805) to work on /home/felipe/airflow/venv/lib/python3.9/site-packages/airflow/example_dags/example_branch_day_of_week_operator.py
[2023-08-28 19:09:49,208] {processor.py:641} INFO - Processing file /home/felipe/airflow/venv/lib/python3.9/site-packages/airflow/example_dags/example_branch_day_of_week_operator.py for tasks to queue
[2023-08-28 19:09:49,211] {logging_mixin.py:115} INFO - [2023-08-28 19:09:49,210] {dagbag.py:507} INFO - Filling up the DagBag from /home/felipe/airflow/venv/lib/python3.9/site-packages/airflow/example_dags/example_branch_day_of_week_operator.py
[2023-08-28 19:09:49,358] {processor.py:651} INFO - DAG(s) dict_keys(['example_weekday_branch_operator']) retrieved from /home/felipe/airflow/venv/lib/python3.9/site-packages/airflow/example_dags/example_branch_day_of_week_operator.py
[2023-08-28 19:09:49,571] {logging_mixin.py:115} INFO - [2023-08-28 19:09:49,571] {dag.py:2379} INFO - Sync 1 DAGs
[2023-08-28 19:09:49,644] {logging_mixin.py:115} INFO - [2023-08-28 19:09:49,643] {dag.py:2927} INFO - Setting next_dagrun for example_weekday_branch_operator to 2023-08-27T00:00:00+00:00, run_after=2023-08-28T00:00:00+00:00
[2023-08-28 19:09:49,703] {processor.py:161} INFO - Processing /home/felipe/airflow/venv/lib/python3.9/site-packages/airflow/example_dags/example_branch_day_of_week_operator.py took 0.560 seconds
[2023-08-28 19:10:57,034] {processor.py:153} INFO - Started process (PID=11041) to work on /home/felipe/airflow/venv/lib/python3.9/site-packages/airflow/example_dags/example_branch_day_of_week_operator.py
[2023-08-28 19:10:57,037] {processor.py:641} INFO - Processing file /home/felipe/airflow/venv/lib/python3.9/site-packages/airflow/example_dags/example_branch_day_of_week_operator.py for tasks to queue
[2023-08-28 19:10:57,038] {logging_mixin.py:115} INFO - [2023-08-28 19:10:57,038] {dagbag.py:507} INFO - Filling up the DagBag from /home/felipe/airflow/venv/lib/python3.9/site-packages/airflow/example_dags/example_branch_day_of_week_operator.py
[2023-08-28 19:10:57,109] {processor.py:651} INFO - DAG(s) dict_keys(['example_weekday_branch_operator']) retrieved from /home/felipe/airflow/venv/lib/python3.9/site-packages/airflow/example_dags/example_branch_day_of_week_operator.py
[2023-08-28 19:10:57,188] {logging_mixin.py:115} INFO - [2023-08-28 19:10:57,188] {dag.py:2379} INFO - Sync 1 DAGs
[2023-08-28 19:10:57,252] {logging_mixin.py:115} INFO - [2023-08-28 19:10:57,252] {dag.py:2927} INFO - Setting next_dagrun for example_weekday_branch_operator to 2023-08-27T00:00:00+00:00, run_after=2023-08-28T00:00:00+00:00
[2023-08-28 19:10:57,314] {processor.py:161} INFO - Processing /home/felipe/airflow/venv/lib/python3.9/site-packages/airflow/example_dags/example_branch_day_of_week_operator.py took 0.306 seconds
[2023-08-28 19:11:51,622] {processor.py:153} INFO - Started process (PID=11186) to work on /home/felipe/airflow/venv/lib/python3.9/site-packages/airflow/example_dags/example_branch_day_of_week_operator.py
[2023-08-28 19:11:51,626] {processor.py:641} INFO - Processing file /home/felipe/airflow/venv/lib/python3.9/site-packages/airflow/example_dags/example_branch_day_of_week_operator.py for tasks to queue
[2023-08-28 19:11:51,642] {logging_mixin.py:115} INFO - [2023-08-28 19:11:51,634] {dagbag.py:507} INFO - Filling up the DagBag from /home/felipe/airflow/venv/lib/python3.9/site-packages/airflow/example_dags/example_branch_day_of_week_operator.py
[2023-08-28 19:11:51,794] {processor.py:651} INFO - DAG(s) dict_keys(['example_weekday_branch_operator']) retrieved from /home/felipe/airflow/venv/lib/python3.9/site-packages/airflow/example_dags/example_branch_day_of_week_operator.py
[2023-08-28 19:11:51,968] {logging_mixin.py:115} INFO - [2023-08-28 19:11:51,968] {dag.py:2379} INFO - Sync 1 DAGs
[2023-08-28 19:11:52,052] {logging_mixin.py:115} INFO - [2023-08-28 19:11:52,051] {dag.py:2927} INFO - Setting next_dagrun for example_weekday_branch_operator to 2023-08-27T00:00:00+00:00, run_after=2023-08-28T00:00:00+00:00
[2023-08-28 19:11:52,111] {processor.py:161} INFO - Processing /home/felipe/airflow/venv/lib/python3.9/site-packages/airflow/example_dags/example_branch_day_of_week_operator.py took 0.636 seconds
[2023-08-28 19:13:28,033] {processor.py:153} INFO - Started process (PID=11881) to work on /home/felipe/airflow/venv/lib/python3.9/site-packages/airflow/example_dags/example_branch_day_of_week_operator.py
[2023-08-28 19:13:28,035] {processor.py:641} INFO - Processing file /home/felipe/airflow/venv/lib/python3.9/site-packages/airflow/example_dags/example_branch_day_of_week_operator.py for tasks to queue
[2023-08-28 19:13:28,041] {logging_mixin.py:115} INFO - [2023-08-28 19:13:28,041] {dagbag.py:507} INFO - Filling up the DagBag from /home/felipe/airflow/venv/lib/python3.9/site-packages/airflow/example_dags/example_branch_day_of_week_operator.py
[2023-08-28 19:13:28,109] {processor.py:651} INFO - DAG(s) dict_keys(['example_weekday_branch_operator']) retrieved from /home/felipe/airflow/venv/lib/python3.9/site-packages/airflow/example_dags/example_branch_day_of_week_operator.py
[2023-08-28 19:13:28,264] {logging_mixin.py:115} INFO - [2023-08-28 19:13:28,264] {dag.py:2379} INFO - Sync 1 DAGs
[2023-08-28 19:13:28,393] {logging_mixin.py:115} INFO - [2023-08-28 19:13:28,391] {dag.py:2927} INFO - Setting next_dagrun for example_weekday_branch_operator to 2023-08-27T00:00:00+00:00, run_after=2023-08-28T00:00:00+00:00
[2023-08-28 19:13:28,497] {processor.py:161} INFO - Processing /home/felipe/airflow/venv/lib/python3.9/site-packages/airflow/example_dags/example_branch_day_of_week_operator.py took 0.490 seconds
[2023-08-28 19:14:34,625] {processor.py:153} INFO - Started process (PID=12158) to work on /home/felipe/airflow/venv/lib/python3.9/site-packages/airflow/example_dags/example_branch_day_of_week_operator.py
[2023-08-28 19:14:34,635] {processor.py:641} INFO - Processing file /home/felipe/airflow/venv/lib/python3.9/site-packages/airflow/example_dags/example_branch_day_of_week_operator.py for tasks to queue
[2023-08-28 19:14:34,649] {logging_mixin.py:115} INFO - [2023-08-28 19:14:34,648] {dagbag.py:507} INFO - Filling up the DagBag from /home/felipe/airflow/venv/lib/python3.9/site-packages/airflow/example_dags/example_branch_day_of_week_operator.py
[2023-08-28 19:14:34,835] {processor.py:651} INFO - DAG(s) dict_keys(['example_weekday_branch_operator']) retrieved from /home/felipe/airflow/venv/lib/python3.9/site-packages/airflow/example_dags/example_branch_day_of_week_operator.py
[2023-08-28 19:14:35,066] {logging_mixin.py:115} INFO - [2023-08-28 19:14:35,066] {dag.py:2379} INFO - Sync 1 DAGs
[2023-08-28 19:14:35,263] {logging_mixin.py:115} INFO - [2023-08-28 19:14:35,262] {dag.py:2927} INFO - Setting next_dagrun for example_weekday_branch_operator to 2023-08-27T00:00:00+00:00, run_after=2023-08-28T00:00:00+00:00
[2023-08-28 19:14:35,465] {processor.py:161} INFO - Processing /home/felipe/airflow/venv/lib/python3.9/site-packages/airflow/example_dags/example_branch_day_of_week_operator.py took 0.891 seconds
[2023-08-28 19:16:09,003] {processor.py:153} INFO - Started process (PID=12571) to work on /home/felipe/airflow/venv/lib/python3.9/site-packages/airflow/example_dags/example_branch_day_of_week_operator.py
[2023-08-28 19:16:09,008] {processor.py:641} INFO - Processing file /home/felipe/airflow/venv/lib/python3.9/site-packages/airflow/example_dags/example_branch_day_of_week_operator.py for tasks to queue
[2023-08-28 19:16:09,014] {logging_mixin.py:115} INFO - [2023-08-28 19:16:09,014] {dagbag.py:507} INFO - Filling up the DagBag from /home/felipe/airflow/venv/lib/python3.9/site-packages/airflow/example_dags/example_branch_day_of_week_operator.py
[2023-08-28 19:16:09,084] {processor.py:651} INFO - DAG(s) dict_keys(['example_weekday_branch_operator']) retrieved from /home/felipe/airflow/venv/lib/python3.9/site-packages/airflow/example_dags/example_branch_day_of_week_operator.py
[2023-08-28 19:16:09,248] {logging_mixin.py:115} INFO - [2023-08-28 19:16:09,247] {dag.py:2379} INFO - Sync 1 DAGs
[2023-08-28 19:16:09,346] {logging_mixin.py:115} INFO - [2023-08-28 19:16:09,342] {dag.py:2927} INFO - Setting next_dagrun for example_weekday_branch_operator to 2023-08-27T00:00:00+00:00, run_after=2023-08-28T00:00:00+00:00
[2023-08-28 19:16:09,416] {processor.py:161} INFO - Processing /home/felipe/airflow/venv/lib/python3.9/site-packages/airflow/example_dags/example_branch_day_of_week_operator.py took 0.435 seconds
[2023-08-28 19:17:17,481] {processor.py:153} INFO - Started process (PID=12861) to work on /home/felipe/airflow/venv/lib/python3.9/site-packages/airflow/example_dags/example_branch_day_of_week_operator.py
[2023-08-28 19:17:17,485] {processor.py:641} INFO - Processing file /home/felipe/airflow/venv/lib/python3.9/site-packages/airflow/example_dags/example_branch_day_of_week_operator.py for tasks to queue
[2023-08-28 19:17:17,488] {logging_mixin.py:115} INFO - [2023-08-28 19:17:17,487] {dagbag.py:507} INFO - Filling up the DagBag from /home/felipe/airflow/venv/lib/python3.9/site-packages/airflow/example_dags/example_branch_day_of_week_operator.py
[2023-08-28 19:17:17,596] {processor.py:651} INFO - DAG(s) dict_keys(['example_weekday_branch_operator']) retrieved from /home/felipe/airflow/venv/lib/python3.9/site-packages/airflow/example_dags/example_branch_day_of_week_operator.py
[2023-08-28 19:17:17,757] {logging_mixin.py:115} INFO - [2023-08-28 19:17:17,756] {dag.py:2379} INFO - Sync 1 DAGs
[2023-08-28 19:17:17,887] {logging_mixin.py:115} INFO - [2023-08-28 19:17:17,886] {dag.py:2927} INFO - Setting next_dagrun for example_weekday_branch_operator to 2023-08-27T00:00:00+00:00, run_after=2023-08-28T00:00:00+00:00
[2023-08-28 19:17:17,971] {processor.py:161} INFO - Processing /home/felipe/airflow/venv/lib/python3.9/site-packages/airflow/example_dags/example_branch_day_of_week_operator.py took 0.517 seconds
[2023-08-28 19:20:29,605] {processor.py:153} INFO - Started process (PID=13659) to work on /home/felipe/airflow/venv/lib/python3.9/site-packages/airflow/example_dags/example_branch_day_of_week_operator.py
[2023-08-28 19:20:29,611] {processor.py:641} INFO - Processing file /home/felipe/airflow/venv/lib/python3.9/site-packages/airflow/example_dags/example_branch_day_of_week_operator.py for tasks to queue
[2023-08-28 19:20:29,615] {logging_mixin.py:115} INFO - [2023-08-28 19:20:29,615] {dagbag.py:507} INFO - Filling up the DagBag from /home/felipe/airflow/venv/lib/python3.9/site-packages/airflow/example_dags/example_branch_day_of_week_operator.py
[2023-08-28 19:20:29,723] {processor.py:651} INFO - DAG(s) dict_keys(['example_weekday_branch_operator']) retrieved from /home/felipe/airflow/venv/lib/python3.9/site-packages/airflow/example_dags/example_branch_day_of_week_operator.py
[2023-08-28 19:20:29,902] {logging_mixin.py:115} INFO - [2023-08-28 19:20:29,901] {dag.py:2379} INFO - Sync 1 DAGs
[2023-08-28 19:20:30,221] {logging_mixin.py:115} INFO - [2023-08-28 19:20:30,221] {dag.py:2927} INFO - Setting next_dagrun for example_weekday_branch_operator to 2023-08-27T00:00:00+00:00, run_after=2023-08-28T00:00:00+00:00
[2023-08-28 19:20:30,354] {processor.py:161} INFO - Processing /home/felipe/airflow/venv/lib/python3.9/site-packages/airflow/example_dags/example_branch_day_of_week_operator.py took 0.771 seconds
[2023-08-28 19:22:24,638] {processor.py:153} INFO - Started process (PID=14699) to work on /home/felipe/airflow/venv/lib/python3.9/site-packages/airflow/example_dags/example_branch_day_of_week_operator.py
[2023-08-28 19:22:24,641] {processor.py:641} INFO - Processing file /home/felipe/airflow/venv/lib/python3.9/site-packages/airflow/example_dags/example_branch_day_of_week_operator.py for tasks to queue
[2023-08-28 19:22:24,651] {logging_mixin.py:115} INFO - [2023-08-28 19:22:24,650] {dagbag.py:507} INFO - Filling up the DagBag from /home/felipe/airflow/venv/lib/python3.9/site-packages/airflow/example_dags/example_branch_day_of_week_operator.py
[2023-08-28 19:22:24,757] {processor.py:651} INFO - DAG(s) dict_keys(['example_weekday_branch_operator']) retrieved from /home/felipe/airflow/venv/lib/python3.9/site-packages/airflow/example_dags/example_branch_day_of_week_operator.py
[2023-08-28 19:22:24,957] {logging_mixin.py:115} INFO - [2023-08-28 19:22:24,956] {dag.py:2379} INFO - Sync 1 DAGs
[2023-08-28 19:22:25,203] {logging_mixin.py:115} INFO - [2023-08-28 19:22:25,203] {dag.py:2927} INFO - Setting next_dagrun for example_weekday_branch_operator to 2023-08-27T00:00:00+00:00, run_after=2023-08-28T00:00:00+00:00
[2023-08-28 19:22:25,303] {processor.py:161} INFO - Processing /home/felipe/airflow/venv/lib/python3.9/site-packages/airflow/example_dags/example_branch_day_of_week_operator.py took 0.712 seconds
[2023-08-28 19:23:44,586] {processor.py:153} INFO - Started process (PID=15303) to work on /home/felipe/airflow/venv/lib/python3.9/site-packages/airflow/example_dags/example_branch_day_of_week_operator.py
[2023-08-28 19:23:44,587] {processor.py:641} INFO - Processing file /home/felipe/airflow/venv/lib/python3.9/site-packages/airflow/example_dags/example_branch_day_of_week_operator.py for tasks to queue
[2023-08-28 19:23:44,594] {logging_mixin.py:115} INFO - [2023-08-28 19:23:44,593] {dagbag.py:507} INFO - Filling up the DagBag from /home/felipe/airflow/venv/lib/python3.9/site-packages/airflow/example_dags/example_branch_day_of_week_operator.py
[2023-08-28 19:23:44,637] {processor.py:651} INFO - DAG(s) dict_keys(['example_weekday_branch_operator']) retrieved from /home/felipe/airflow/venv/lib/python3.9/site-packages/airflow/example_dags/example_branch_day_of_week_operator.py
[2023-08-28 19:23:44,718] {logging_mixin.py:115} INFO - [2023-08-28 19:23:44,718] {dag.py:2379} INFO - Sync 1 DAGs
[2023-08-28 19:23:44,816] {logging_mixin.py:115} INFO - [2023-08-28 19:23:44,816] {dag.py:2927} INFO - Setting next_dagrun for example_weekday_branch_operator to 2023-08-27T00:00:00+00:00, run_after=2023-08-28T00:00:00+00:00
[2023-08-28 19:23:44,869] {processor.py:161} INFO - Processing /home/felipe/airflow/venv/lib/python3.9/site-packages/airflow/example_dags/example_branch_day_of_week_operator.py took 0.299 seconds
[2023-08-28 19:24:41,901] {processor.py:153} INFO - Started process (PID=15549) to work on /home/felipe/airflow/venv/lib/python3.9/site-packages/airflow/example_dags/example_branch_day_of_week_operator.py
[2023-08-28 19:24:41,914] {processor.py:641} INFO - Processing file /home/felipe/airflow/venv/lib/python3.9/site-packages/airflow/example_dags/example_branch_day_of_week_operator.py for tasks to queue
[2023-08-28 19:24:41,922] {logging_mixin.py:115} INFO - [2023-08-28 19:24:41,917] {dagbag.py:507} INFO - Filling up the DagBag from /home/felipe/airflow/venv/lib/python3.9/site-packages/airflow/example_dags/example_branch_day_of_week_operator.py
[2023-08-28 19:24:42,070] {processor.py:651} INFO - DAG(s) dict_keys(['example_weekday_branch_operator']) retrieved from /home/felipe/airflow/venv/lib/python3.9/site-packages/airflow/example_dags/example_branch_day_of_week_operator.py
[2023-08-28 19:24:42,295] {logging_mixin.py:115} INFO - [2023-08-28 19:24:42,293] {dag.py:2379} INFO - Sync 1 DAGs
[2023-08-28 19:24:42,441] {logging_mixin.py:115} INFO - [2023-08-28 19:24:42,439] {dag.py:2927} INFO - Setting next_dagrun for example_weekday_branch_operator to 2023-08-27T00:00:00+00:00, run_after=2023-08-28T00:00:00+00:00
[2023-08-28 19:24:42,683] {processor.py:161} INFO - Processing /home/felipe/airflow/venv/lib/python3.9/site-packages/airflow/example_dags/example_branch_day_of_week_operator.py took 0.821 seconds
[2023-08-28 20:10:44,996] {processor.py:153} INFO - Started process (PID=26149) to work on /home/felipe/airflow/venv/lib/python3.9/site-packages/airflow/example_dags/example_branch_day_of_week_operator.py
[2023-08-28 20:10:44,998] {processor.py:641} INFO - Processing file /home/felipe/airflow/venv/lib/python3.9/site-packages/airflow/example_dags/example_branch_day_of_week_operator.py for tasks to queue
[2023-08-28 20:10:45,001] {logging_mixin.py:115} INFO - [2023-08-28 20:10:45,001] {dagbag.py:507} INFO - Filling up the DagBag from /home/felipe/airflow/venv/lib/python3.9/site-packages/airflow/example_dags/example_branch_day_of_week_operator.py
[2023-08-28 20:10:45,324] {processor.py:651} INFO - DAG(s) dict_keys(['example_weekday_branch_operator']) retrieved from /home/felipe/airflow/venv/lib/python3.9/site-packages/airflow/example_dags/example_branch_day_of_week_operator.py
[2023-08-28 20:10:45,444] {logging_mixin.py:115} INFO - [2023-08-28 20:10:45,443] {dag.py:2379} INFO - Sync 1 DAGs
[2023-08-28 20:10:45,567] {logging_mixin.py:115} INFO - [2023-08-28 20:10:45,567] {dag.py:2927} INFO - Setting next_dagrun for example_weekday_branch_operator to 2023-08-27T00:00:00+00:00, run_after=2023-08-28T00:00:00+00:00
[2023-08-28 20:10:45,632] {processor.py:161} INFO - Processing /home/felipe/airflow/venv/lib/python3.9/site-packages/airflow/example_dags/example_branch_day_of_week_operator.py took 0.666 seconds
[2023-08-28 20:14:29,629] {processor.py:153} INFO - Started process (PID=27235) to work on /home/felipe/airflow/venv/lib/python3.9/site-packages/airflow/example_dags/example_branch_day_of_week_operator.py
[2023-08-28 20:14:29,631] {processor.py:641} INFO - Processing file /home/felipe/airflow/venv/lib/python3.9/site-packages/airflow/example_dags/example_branch_day_of_week_operator.py for tasks to queue
[2023-08-28 20:14:29,632] {logging_mixin.py:115} INFO - [2023-08-28 20:14:29,632] {dagbag.py:507} INFO - Filling up the DagBag from /home/felipe/airflow/venv/lib/python3.9/site-packages/airflow/example_dags/example_branch_day_of_week_operator.py
[2023-08-28 20:14:29,665] {processor.py:651} INFO - DAG(s) dict_keys(['example_weekday_branch_operator']) retrieved from /home/felipe/airflow/venv/lib/python3.9/site-packages/airflow/example_dags/example_branch_day_of_week_operator.py
[2023-08-28 20:14:29,728] {logging_mixin.py:115} INFO - [2023-08-28 20:14:29,728] {dag.py:2379} INFO - Sync 1 DAGs
[2023-08-28 20:14:29,783] {logging_mixin.py:115} INFO - [2023-08-28 20:14:29,783] {dag.py:2927} INFO - Setting next_dagrun for example_weekday_branch_operator to 2023-08-27T00:00:00+00:00, run_after=2023-08-28T00:00:00+00:00
[2023-08-28 20:14:29,816] {processor.py:161} INFO - Processing /home/felipe/airflow/venv/lib/python3.9/site-packages/airflow/example_dags/example_branch_day_of_week_operator.py took 0.200 seconds
[2023-08-28 20:15:29,885] {processor.py:153} INFO - Started process (PID=27441) to work on /home/felipe/airflow/venv/lib/python3.9/site-packages/airflow/example_dags/example_branch_day_of_week_operator.py
[2023-08-28 20:15:29,887] {processor.py:641} INFO - Processing file /home/felipe/airflow/venv/lib/python3.9/site-packages/airflow/example_dags/example_branch_day_of_week_operator.py for tasks to queue
[2023-08-28 20:15:29,888] {logging_mixin.py:115} INFO - [2023-08-28 20:15:29,888] {dagbag.py:507} INFO - Filling up the DagBag from /home/felipe/airflow/venv/lib/python3.9/site-packages/airflow/example_dags/example_branch_day_of_week_operator.py
[2023-08-28 20:15:29,922] {processor.py:651} INFO - DAG(s) dict_keys(['example_weekday_branch_operator']) retrieved from /home/felipe/airflow/venv/lib/python3.9/site-packages/airflow/example_dags/example_branch_day_of_week_operator.py
[2023-08-28 20:15:29,978] {logging_mixin.py:115} INFO - [2023-08-28 20:15:29,977] {dag.py:2379} INFO - Sync 1 DAGs
[2023-08-28 20:15:30,039] {logging_mixin.py:115} INFO - [2023-08-28 20:15:30,039] {dag.py:2927} INFO - Setting next_dagrun for example_weekday_branch_operator to 2023-08-27T00:00:00+00:00, run_after=2023-08-28T00:00:00+00:00
[2023-08-28 20:15:30,073] {processor.py:161} INFO - Processing /home/felipe/airflow/venv/lib/python3.9/site-packages/airflow/example_dags/example_branch_day_of_week_operator.py took 0.202 seconds
[2023-08-28 20:19:03,721] {processor.py:153} INFO - Started process (PID=29409) to work on /home/felipe/airflow/venv/lib/python3.9/site-packages/airflow/example_dags/example_branch_day_of_week_operator.py
[2023-08-28 20:19:03,723] {processor.py:641} INFO - Processing file /home/felipe/airflow/venv/lib/python3.9/site-packages/airflow/example_dags/example_branch_day_of_week_operator.py for tasks to queue
[2023-08-28 20:19:03,725] {logging_mixin.py:115} INFO - [2023-08-28 20:19:03,724] {dagbag.py:507} INFO - Filling up the DagBag from /home/felipe/airflow/venv/lib/python3.9/site-packages/airflow/example_dags/example_branch_day_of_week_operator.py
[2023-08-28 20:19:03,756] {processor.py:651} INFO - DAG(s) dict_keys(['example_weekday_branch_operator']) retrieved from /home/felipe/airflow/venv/lib/python3.9/site-packages/airflow/example_dags/example_branch_day_of_week_operator.py
[2023-08-28 20:19:03,810] {logging_mixin.py:115} INFO - [2023-08-28 20:19:03,810] {dag.py:2379} INFO - Sync 1 DAGs
[2023-08-28 20:19:03,871] {logging_mixin.py:115} INFO - [2023-08-28 20:19:03,871] {dag.py:2927} INFO - Setting next_dagrun for example_weekday_branch_operator to 2023-08-27T00:00:00+00:00, run_after=2023-08-28T00:00:00+00:00
[2023-08-28 20:19:03,905] {processor.py:161} INFO - Processing /home/felipe/airflow/venv/lib/python3.9/site-packages/airflow/example_dags/example_branch_day_of_week_operator.py took 0.198 seconds
[2023-08-28 20:19:57,973] {processor.py:153} INFO - Started process (PID=29644) to work on /home/felipe/airflow/venv/lib/python3.9/site-packages/airflow/example_dags/example_branch_day_of_week_operator.py
[2023-08-28 20:19:57,975] {processor.py:641} INFO - Processing file /home/felipe/airflow/venv/lib/python3.9/site-packages/airflow/example_dags/example_branch_day_of_week_operator.py for tasks to queue
[2023-08-28 20:19:57,976] {logging_mixin.py:115} INFO - [2023-08-28 20:19:57,976] {dagbag.py:507} INFO - Filling up the DagBag from /home/felipe/airflow/venv/lib/python3.9/site-packages/airflow/example_dags/example_branch_day_of_week_operator.py
[2023-08-28 20:19:58,011] {processor.py:651} INFO - DAG(s) dict_keys(['example_weekday_branch_operator']) retrieved from /home/felipe/airflow/venv/lib/python3.9/site-packages/airflow/example_dags/example_branch_day_of_week_operator.py
[2023-08-28 20:19:58,070] {logging_mixin.py:115} INFO - [2023-08-28 20:19:58,070] {dag.py:2379} INFO - Sync 1 DAGs
[2023-08-28 20:19:58,135] {logging_mixin.py:115} INFO - [2023-08-28 20:19:58,134] {dag.py:2927} INFO - Setting next_dagrun for example_weekday_branch_operator to 2023-08-27T00:00:00+00:00, run_after=2023-08-28T00:00:00+00:00
[2023-08-28 20:19:58,181] {processor.py:161} INFO - Processing /home/felipe/airflow/venv/lib/python3.9/site-packages/airflow/example_dags/example_branch_day_of_week_operator.py took 0.220 seconds
[2023-08-28 20:21:06,545] {processor.py:153} INFO - Started process (PID=30072) to work on /home/felipe/airflow/venv/lib/python3.9/site-packages/airflow/example_dags/example_branch_day_of_week_operator.py
[2023-08-28 20:21:06,547] {processor.py:641} INFO - Processing file /home/felipe/airflow/venv/lib/python3.9/site-packages/airflow/example_dags/example_branch_day_of_week_operator.py for tasks to queue
[2023-08-28 20:21:06,549] {logging_mixin.py:115} INFO - [2023-08-28 20:21:06,549] {dagbag.py:507} INFO - Filling up the DagBag from /home/felipe/airflow/venv/lib/python3.9/site-packages/airflow/example_dags/example_branch_day_of_week_operator.py
[2023-08-28 20:21:06,622] {processor.py:651} INFO - DAG(s) dict_keys(['example_weekday_branch_operator']) retrieved from /home/felipe/airflow/venv/lib/python3.9/site-packages/airflow/example_dags/example_branch_day_of_week_operator.py
[2023-08-28 20:21:06,716] {logging_mixin.py:115} INFO - [2023-08-28 20:21:06,716] {dag.py:2379} INFO - Sync 1 DAGs
[2023-08-28 20:21:06,892] {logging_mixin.py:115} INFO - [2023-08-28 20:21:06,891] {dag.py:2927} INFO - Setting next_dagrun for example_weekday_branch_operator to 2023-08-27T00:00:00+00:00, run_after=2023-08-28T00:00:00+00:00
[2023-08-28 20:21:06,974] {processor.py:161} INFO - Processing /home/felipe/airflow/venv/lib/python3.9/site-packages/airflow/example_dags/example_branch_day_of_week_operator.py took 0.457 seconds
[2023-08-28 20:23:24,305] {processor.py:153} INFO - Started process (PID=31300) to work on /home/felipe/airflow/venv/lib/python3.9/site-packages/airflow/example_dags/example_branch_day_of_week_operator.py
[2023-08-28 20:23:24,308] {processor.py:641} INFO - Processing file /home/felipe/airflow/venv/lib/python3.9/site-packages/airflow/example_dags/example_branch_day_of_week_operator.py for tasks to queue
[2023-08-28 20:23:24,309] {logging_mixin.py:115} INFO - [2023-08-28 20:23:24,309] {dagbag.py:507} INFO - Filling up the DagBag from /home/felipe/airflow/venv/lib/python3.9/site-packages/airflow/example_dags/example_branch_day_of_week_operator.py
[2023-08-28 20:23:24,347] {processor.py:651} INFO - DAG(s) dict_keys(['example_weekday_branch_operator']) retrieved from /home/felipe/airflow/venv/lib/python3.9/site-packages/airflow/example_dags/example_branch_day_of_week_operator.py
[2023-08-28 20:23:24,425] {logging_mixin.py:115} INFO - [2023-08-28 20:23:24,424] {dag.py:2379} INFO - Sync 1 DAGs
[2023-08-28 20:23:24,496] {logging_mixin.py:115} INFO - [2023-08-28 20:23:24,495] {dag.py:2927} INFO - Setting next_dagrun for example_weekday_branch_operator to 2023-08-27T00:00:00+00:00, run_after=2023-08-28T00:00:00+00:00
[2023-08-28 20:23:24,537] {processor.py:161} INFO - Processing /home/felipe/airflow/venv/lib/python3.9/site-packages/airflow/example_dags/example_branch_day_of_week_operator.py took 0.245 seconds
[2023-08-28 20:24:16,009] {processor.py:153} INFO - Started process (PID=31444) to work on /home/felipe/airflow/venv/lib/python3.9/site-packages/airflow/example_dags/example_branch_day_of_week_operator.py
[2023-08-28 20:24:16,011] {processor.py:641} INFO - Processing file /home/felipe/airflow/venv/lib/python3.9/site-packages/airflow/example_dags/example_branch_day_of_week_operator.py for tasks to queue
[2023-08-28 20:24:16,012] {logging_mixin.py:115} INFO - [2023-08-28 20:24:16,012] {dagbag.py:507} INFO - Filling up the DagBag from /home/felipe/airflow/venv/lib/python3.9/site-packages/airflow/example_dags/example_branch_day_of_week_operator.py
[2023-08-28 20:24:16,041] {processor.py:651} INFO - DAG(s) dict_keys(['example_weekday_branch_operator']) retrieved from /home/felipe/airflow/venv/lib/python3.9/site-packages/airflow/example_dags/example_branch_day_of_week_operator.py
[2023-08-28 20:24:16,096] {logging_mixin.py:115} INFO - [2023-08-28 20:24:16,095] {dag.py:2379} INFO - Sync 1 DAGs
[2023-08-28 20:24:16,139] {logging_mixin.py:115} INFO - [2023-08-28 20:24:16,139] {dag.py:2927} INFO - Setting next_dagrun for example_weekday_branch_operator to 2023-08-27T00:00:00+00:00, run_after=2023-08-28T00:00:00+00:00
[2023-08-28 20:24:16,170] {processor.py:161} INFO - Processing /home/felipe/airflow/venv/lib/python3.9/site-packages/airflow/example_dags/example_branch_day_of_week_operator.py took 0.173 seconds
[2023-08-28 20:26:25,383] {processor.py:153} INFO - Started process (PID=32632) to work on /home/felipe/airflow/venv/lib/python3.9/site-packages/airflow/example_dags/example_branch_day_of_week_operator.py
[2023-08-28 20:26:25,385] {processor.py:641} INFO - Processing file /home/felipe/airflow/venv/lib/python3.9/site-packages/airflow/example_dags/example_branch_day_of_week_operator.py for tasks to queue
[2023-08-28 20:26:25,386] {logging_mixin.py:115} INFO - [2023-08-28 20:26:25,386] {dagbag.py:507} INFO - Filling up the DagBag from /home/felipe/airflow/venv/lib/python3.9/site-packages/airflow/example_dags/example_branch_day_of_week_operator.py
[2023-08-28 20:26:25,412] {processor.py:651} INFO - DAG(s) dict_keys(['example_weekday_branch_operator']) retrieved from /home/felipe/airflow/venv/lib/python3.9/site-packages/airflow/example_dags/example_branch_day_of_week_operator.py
[2023-08-28 20:26:25,473] {logging_mixin.py:115} INFO - [2023-08-28 20:26:25,473] {dag.py:2379} INFO - Sync 1 DAGs
[2023-08-28 20:26:25,522] {logging_mixin.py:115} INFO - [2023-08-28 20:26:25,522] {dag.py:2927} INFO - Setting next_dagrun for example_weekday_branch_operator to 2023-08-27T00:00:00+00:00, run_after=2023-08-28T00:00:00+00:00
[2023-08-28 20:26:25,554] {processor.py:161} INFO - Processing /home/felipe/airflow/venv/lib/python3.9/site-packages/airflow/example_dags/example_branch_day_of_week_operator.py took 0.182 seconds
[2023-08-28 20:27:12,529] {processor.py:153} INFO - Started process (PID=10) to work on /home/felipe/airflow/venv/lib/python3.9/site-packages/airflow/example_dags/example_branch_day_of_week_operator.py
[2023-08-28 20:27:12,531] {processor.py:641} INFO - Processing file /home/felipe/airflow/venv/lib/python3.9/site-packages/airflow/example_dags/example_branch_day_of_week_operator.py for tasks to queue
[2023-08-28 20:27:12,532] {logging_mixin.py:115} INFO - [2023-08-28 20:27:12,532] {dagbag.py:507} INFO - Filling up the DagBag from /home/felipe/airflow/venv/lib/python3.9/site-packages/airflow/example_dags/example_branch_day_of_week_operator.py
[2023-08-28 20:27:12,575] {processor.py:651} INFO - DAG(s) dict_keys(['example_weekday_branch_operator']) retrieved from /home/felipe/airflow/venv/lib/python3.9/site-packages/airflow/example_dags/example_branch_day_of_week_operator.py
[2023-08-28 20:27:12,633] {logging_mixin.py:115} INFO - [2023-08-28 20:27:12,633] {dag.py:2379} INFO - Sync 1 DAGs
[2023-08-28 20:27:12,689] {logging_mixin.py:115} INFO - [2023-08-28 20:27:12,688] {dag.py:2927} INFO - Setting next_dagrun for example_weekday_branch_operator to 2023-08-27T00:00:00+00:00, run_after=2023-08-28T00:00:00+00:00
[2023-08-28 20:27:12,727] {processor.py:161} INFO - Processing /home/felipe/airflow/venv/lib/python3.9/site-packages/airflow/example_dags/example_branch_day_of_week_operator.py took 0.214 seconds
[2023-08-28 20:29:27,057] {processor.py:153} INFO - Started process (PID=1397) to work on /home/felipe/airflow/venv/lib/python3.9/site-packages/airflow/example_dags/example_branch_day_of_week_operator.py
[2023-08-28 20:29:27,060] {processor.py:641} INFO - Processing file /home/felipe/airflow/venv/lib/python3.9/site-packages/airflow/example_dags/example_branch_day_of_week_operator.py for tasks to queue
[2023-08-28 20:29:27,063] {logging_mixin.py:115} INFO - [2023-08-28 20:29:27,062] {dagbag.py:507} INFO - Filling up the DagBag from /home/felipe/airflow/venv/lib/python3.9/site-packages/airflow/example_dags/example_branch_day_of_week_operator.py
[2023-08-28 20:29:27,149] {processor.py:651} INFO - DAG(s) dict_keys(['example_weekday_branch_operator']) retrieved from /home/felipe/airflow/venv/lib/python3.9/site-packages/airflow/example_dags/example_branch_day_of_week_operator.py
[2023-08-28 20:29:27,297] {logging_mixin.py:115} INFO - [2023-08-28 20:29:27,297] {dag.py:2379} INFO - Sync 1 DAGs
[2023-08-28 20:29:27,390] {logging_mixin.py:115} INFO - [2023-08-28 20:29:27,390] {dag.py:2927} INFO - Setting next_dagrun for example_weekday_branch_operator to 2023-08-27T00:00:00+00:00, run_after=2023-08-28T00:00:00+00:00
[2023-08-28 20:29:27,451] {processor.py:161} INFO - Processing /home/felipe/airflow/venv/lib/python3.9/site-packages/airflow/example_dags/example_branch_day_of_week_operator.py took 0.426 seconds
[2023-08-28 20:31:47,277] {processor.py:153} INFO - Started process (PID=2713) to work on /home/felipe/airflow/venv/lib/python3.9/site-packages/airflow/example_dags/example_branch_day_of_week_operator.py
[2023-08-28 20:31:47,279] {processor.py:641} INFO - Processing file /home/felipe/airflow/venv/lib/python3.9/site-packages/airflow/example_dags/example_branch_day_of_week_operator.py for tasks to queue
[2023-08-28 20:31:47,281] {logging_mixin.py:115} INFO - [2023-08-28 20:31:47,280] {dagbag.py:507} INFO - Filling up the DagBag from /home/felipe/airflow/venv/lib/python3.9/site-packages/airflow/example_dags/example_branch_day_of_week_operator.py
[2023-08-28 20:31:47,316] {processor.py:651} INFO - DAG(s) dict_keys(['example_weekday_branch_operator']) retrieved from /home/felipe/airflow/venv/lib/python3.9/site-packages/airflow/example_dags/example_branch_day_of_week_operator.py
[2023-08-28 20:31:47,379] {logging_mixin.py:115} INFO - [2023-08-28 20:31:47,378] {dag.py:2379} INFO - Sync 1 DAGs
[2023-08-28 20:31:47,421] {logging_mixin.py:115} INFO - [2023-08-28 20:31:47,420] {dag.py:2927} INFO - Setting next_dagrun for example_weekday_branch_operator to 2023-08-27T00:00:00+00:00, run_after=2023-08-28T00:00:00+00:00
[2023-08-28 20:31:47,455] {processor.py:161} INFO - Processing /home/felipe/airflow/venv/lib/python3.9/site-packages/airflow/example_dags/example_branch_day_of_week_operator.py took 0.192 seconds
[2023-08-28 20:32:48,201] {processor.py:153} INFO - Started process (PID=2969) to work on /home/felipe/airflow/venv/lib/python3.9/site-packages/airflow/example_dags/example_branch_day_of_week_operator.py
[2023-08-28 20:32:48,202] {processor.py:641} INFO - Processing file /home/felipe/airflow/venv/lib/python3.9/site-packages/airflow/example_dags/example_branch_day_of_week_operator.py for tasks to queue
[2023-08-28 20:32:48,204] {logging_mixin.py:115} INFO - [2023-08-28 20:32:48,203] {dagbag.py:507} INFO - Filling up the DagBag from /home/felipe/airflow/venv/lib/python3.9/site-packages/airflow/example_dags/example_branch_day_of_week_operator.py
[2023-08-28 20:32:48,236] {processor.py:651} INFO - DAG(s) dict_keys(['example_weekday_branch_operator']) retrieved from /home/felipe/airflow/venv/lib/python3.9/site-packages/airflow/example_dags/example_branch_day_of_week_operator.py
[2023-08-28 20:32:48,305] {logging_mixin.py:115} INFO - [2023-08-28 20:32:48,305] {dag.py:2379} INFO - Sync 1 DAGs
[2023-08-28 20:32:48,360] {logging_mixin.py:115} INFO - [2023-08-28 20:32:48,360] {dag.py:2927} INFO - Setting next_dagrun for example_weekday_branch_operator to 2023-08-27T00:00:00+00:00, run_after=2023-08-28T00:00:00+00:00
[2023-08-28 20:32:48,398] {processor.py:161} INFO - Processing /home/felipe/airflow/venv/lib/python3.9/site-packages/airflow/example_dags/example_branch_day_of_week_operator.py took 0.209 seconds
[2023-08-28 20:33:45,112] {processor.py:153} INFO - Started process (PID=3119) to work on /home/felipe/airflow/venv/lib/python3.9/site-packages/airflow/example_dags/example_branch_day_of_week_operator.py
[2023-08-28 20:33:45,113] {processor.py:641} INFO - Processing file /home/felipe/airflow/venv/lib/python3.9/site-packages/airflow/example_dags/example_branch_day_of_week_operator.py for tasks to queue
[2023-08-28 20:33:45,115] {logging_mixin.py:115} INFO - [2023-08-28 20:33:45,115] {dagbag.py:507} INFO - Filling up the DagBag from /home/felipe/airflow/venv/lib/python3.9/site-packages/airflow/example_dags/example_branch_day_of_week_operator.py
[2023-08-28 20:33:45,144] {processor.py:651} INFO - DAG(s) dict_keys(['example_weekday_branch_operator']) retrieved from /home/felipe/airflow/venv/lib/python3.9/site-packages/airflow/example_dags/example_branch_day_of_week_operator.py
[2023-08-28 20:33:45,204] {logging_mixin.py:115} INFO - [2023-08-28 20:33:45,204] {dag.py:2379} INFO - Sync 1 DAGs
[2023-08-28 20:33:45,254] {logging_mixin.py:115} INFO - [2023-08-28 20:33:45,254] {dag.py:2927} INFO - Setting next_dagrun for example_weekday_branch_operator to 2023-08-27T00:00:00+00:00, run_after=2023-08-28T00:00:00+00:00
[2023-08-28 20:33:45,286] {processor.py:161} INFO - Processing /home/felipe/airflow/venv/lib/python3.9/site-packages/airflow/example_dags/example_branch_day_of_week_operator.py took 0.186 seconds
[2023-08-28 20:34:37,023] {processor.py:153} INFO - Started process (PID=3265) to work on /home/felipe/airflow/venv/lib/python3.9/site-packages/airflow/example_dags/example_branch_day_of_week_operator.py
[2023-08-28 20:34:37,025] {processor.py:641} INFO - Processing file /home/felipe/airflow/venv/lib/python3.9/site-packages/airflow/example_dags/example_branch_day_of_week_operator.py for tasks to queue
[2023-08-28 20:34:37,026] {logging_mixin.py:115} INFO - [2023-08-28 20:34:37,026] {dagbag.py:507} INFO - Filling up the DagBag from /home/felipe/airflow/venv/lib/python3.9/site-packages/airflow/example_dags/example_branch_day_of_week_operator.py
[2023-08-28 20:34:37,060] {processor.py:651} INFO - DAG(s) dict_keys(['example_weekday_branch_operator']) retrieved from /home/felipe/airflow/venv/lib/python3.9/site-packages/airflow/example_dags/example_branch_day_of_week_operator.py
[2023-08-28 20:34:37,116] {logging_mixin.py:115} INFO - [2023-08-28 20:34:37,116] {dag.py:2379} INFO - Sync 1 DAGs
[2023-08-28 20:34:37,160] {logging_mixin.py:115} INFO - [2023-08-28 20:34:37,160] {dag.py:2927} INFO - Setting next_dagrun for example_weekday_branch_operator to 2023-08-27T00:00:00+00:00, run_after=2023-08-28T00:00:00+00:00
[2023-08-28 20:34:37,193] {processor.py:161} INFO - Processing /home/felipe/airflow/venv/lib/python3.9/site-packages/airflow/example_dags/example_branch_day_of_week_operator.py took 0.183 seconds
[2023-08-28 20:35:34,360] {processor.py:153} INFO - Started process (PID=3415) to work on /home/felipe/airflow/venv/lib/python3.9/site-packages/airflow/example_dags/example_branch_day_of_week_operator.py
[2023-08-28 20:35:34,361] {processor.py:641} INFO - Processing file /home/felipe/airflow/venv/lib/python3.9/site-packages/airflow/example_dags/example_branch_day_of_week_operator.py for tasks to queue
[2023-08-28 20:35:34,362] {logging_mixin.py:115} INFO - [2023-08-28 20:35:34,362] {dagbag.py:507} INFO - Filling up the DagBag from /home/felipe/airflow/venv/lib/python3.9/site-packages/airflow/example_dags/example_branch_day_of_week_operator.py
[2023-08-28 20:35:34,389] {processor.py:651} INFO - DAG(s) dict_keys(['example_weekday_branch_operator']) retrieved from /home/felipe/airflow/venv/lib/python3.9/site-packages/airflow/example_dags/example_branch_day_of_week_operator.py
[2023-08-28 20:35:34,445] {logging_mixin.py:115} INFO - [2023-08-28 20:35:34,444] {dag.py:2379} INFO - Sync 1 DAGs
[2023-08-28 20:35:34,494] {logging_mixin.py:115} INFO - [2023-08-28 20:35:34,494] {dag.py:2927} INFO - Setting next_dagrun for example_weekday_branch_operator to 2023-08-27T00:00:00+00:00, run_after=2023-08-28T00:00:00+00:00
[2023-08-28 20:35:34,526] {processor.py:161} INFO - Processing /home/felipe/airflow/venv/lib/python3.9/site-packages/airflow/example_dags/example_branch_day_of_week_operator.py took 0.178 seconds
[2023-08-28 20:36:23,606] {processor.py:153} INFO - Started process (PID=3559) to work on /home/felipe/airflow/venv/lib/python3.9/site-packages/airflow/example_dags/example_branch_day_of_week_operator.py
[2023-08-28 20:36:23,614] {processor.py:641} INFO - Processing file /home/felipe/airflow/venv/lib/python3.9/site-packages/airflow/example_dags/example_branch_day_of_week_operator.py for tasks to queue
[2023-08-28 20:36:23,617] {logging_mixin.py:115} INFO - [2023-08-28 20:36:23,616] {dagbag.py:507} INFO - Filling up the DagBag from /home/felipe/airflow/venv/lib/python3.9/site-packages/airflow/example_dags/example_branch_day_of_week_operator.py
[2023-08-28 20:36:23,690] {processor.py:651} INFO - DAG(s) dict_keys(['example_weekday_branch_operator']) retrieved from /home/felipe/airflow/venv/lib/python3.9/site-packages/airflow/example_dags/example_branch_day_of_week_operator.py
[2023-08-28 20:36:23,820] {logging_mixin.py:115} INFO - [2023-08-28 20:36:23,819] {dag.py:2379} INFO - Sync 1 DAGs
[2023-08-28 20:36:23,965] {logging_mixin.py:115} INFO - [2023-08-28 20:36:23,965] {dag.py:2927} INFO - Setting next_dagrun for example_weekday_branch_operator to 2023-08-27T00:00:00+00:00, run_after=2023-08-28T00:00:00+00:00
[2023-08-28 20:36:24,049] {processor.py:161} INFO - Processing /home/felipe/airflow/venv/lib/python3.9/site-packages/airflow/example_dags/example_branch_day_of_week_operator.py took 0.470 seconds
[2023-08-28 20:37:15,808] {processor.py:153} INFO - Started process (PID=3756) to work on /home/felipe/airflow/venv/lib/python3.9/site-packages/airflow/example_dags/example_branch_day_of_week_operator.py
[2023-08-28 20:37:15,811] {processor.py:641} INFO - Processing file /home/felipe/airflow/venv/lib/python3.9/site-packages/airflow/example_dags/example_branch_day_of_week_operator.py for tasks to queue
[2023-08-28 20:37:15,813] {logging_mixin.py:115} INFO - [2023-08-28 20:37:15,813] {dagbag.py:507} INFO - Filling up the DagBag from /home/felipe/airflow/venv/lib/python3.9/site-packages/airflow/example_dags/example_branch_day_of_week_operator.py
[2023-08-28 20:37:15,856] {processor.py:651} INFO - DAG(s) dict_keys(['example_weekday_branch_operator']) retrieved from /home/felipe/airflow/venv/lib/python3.9/site-packages/airflow/example_dags/example_branch_day_of_week_operator.py
[2023-08-28 20:37:15,905] {logging_mixin.py:115} INFO - [2023-08-28 20:37:15,905] {dag.py:2379} INFO - Sync 1 DAGs
[2023-08-28 20:37:15,954] {logging_mixin.py:115} INFO - [2023-08-28 20:37:15,954] {dag.py:2927} INFO - Setting next_dagrun for example_weekday_branch_operator to 2023-08-27T00:00:00+00:00, run_after=2023-08-28T00:00:00+00:00
[2023-08-28 20:37:15,987] {processor.py:161} INFO - Processing /home/felipe/airflow/venv/lib/python3.9/site-packages/airflow/example_dags/example_branch_day_of_week_operator.py took 0.192 seconds
[2023-08-28 20:38:14,054] {processor.py:153} INFO - Started process (PID=3904) to work on /home/felipe/airflow/venv/lib/python3.9/site-packages/airflow/example_dags/example_branch_day_of_week_operator.py
[2023-08-28 20:38:14,056] {processor.py:641} INFO - Processing file /home/felipe/airflow/venv/lib/python3.9/site-packages/airflow/example_dags/example_branch_day_of_week_operator.py for tasks to queue
[2023-08-28 20:38:14,057] {logging_mixin.py:115} INFO - [2023-08-28 20:38:14,057] {dagbag.py:507} INFO - Filling up the DagBag from /home/felipe/airflow/venv/lib/python3.9/site-packages/airflow/example_dags/example_branch_day_of_week_operator.py
[2023-08-28 20:38:14,099] {processor.py:651} INFO - DAG(s) dict_keys(['example_weekday_branch_operator']) retrieved from /home/felipe/airflow/venv/lib/python3.9/site-packages/airflow/example_dags/example_branch_day_of_week_operator.py
[2023-08-28 20:38:14,149] {logging_mixin.py:115} INFO - [2023-08-28 20:38:14,149] {dag.py:2379} INFO - Sync 1 DAGs
[2023-08-28 20:38:14,198] {logging_mixin.py:115} INFO - [2023-08-28 20:38:14,198] {dag.py:2927} INFO - Setting next_dagrun for example_weekday_branch_operator to 2023-08-27T00:00:00+00:00, run_after=2023-08-28T00:00:00+00:00
[2023-08-28 20:38:14,230] {processor.py:161} INFO - Processing /home/felipe/airflow/venv/lib/python3.9/site-packages/airflow/example_dags/example_branch_day_of_week_operator.py took 0.188 seconds
[2023-08-28 20:39:07,719] {processor.py:153} INFO - Started process (PID=4052) to work on /home/felipe/airflow/venv/lib/python3.9/site-packages/airflow/example_dags/example_branch_day_of_week_operator.py
[2023-08-28 20:39:07,721] {processor.py:641} INFO - Processing file /home/felipe/airflow/venv/lib/python3.9/site-packages/airflow/example_dags/example_branch_day_of_week_operator.py for tasks to queue
[2023-08-28 20:39:07,722] {logging_mixin.py:115} INFO - [2023-08-28 20:39:07,722] {dagbag.py:507} INFO - Filling up the DagBag from /home/felipe/airflow/venv/lib/python3.9/site-packages/airflow/example_dags/example_branch_day_of_week_operator.py
[2023-08-28 20:39:07,766] {processor.py:651} INFO - DAG(s) dict_keys(['example_weekday_branch_operator']) retrieved from /home/felipe/airflow/venv/lib/python3.9/site-packages/airflow/example_dags/example_branch_day_of_week_operator.py
[2023-08-28 20:39:07,817] {logging_mixin.py:115} INFO - [2023-08-28 20:39:07,817] {dag.py:2379} INFO - Sync 1 DAGs
[2023-08-28 20:39:07,867] {logging_mixin.py:115} INFO - [2023-08-28 20:39:07,866] {dag.py:2927} INFO - Setting next_dagrun for example_weekday_branch_operator to 2023-08-27T00:00:00+00:00, run_after=2023-08-28T00:00:00+00:00
[2023-08-28 20:39:07,899] {processor.py:161} INFO - Processing /home/felipe/airflow/venv/lib/python3.9/site-packages/airflow/example_dags/example_branch_day_of_week_operator.py took 0.193 seconds
[2023-08-28 20:41:54,244] {processor.py:153} INFO - Started process (PID=5455) to work on /home/felipe/airflow/venv/lib/python3.9/site-packages/airflow/example_dags/example_branch_day_of_week_operator.py
[2023-08-28 20:41:54,249] {processor.py:641} INFO - Processing file /home/felipe/airflow/venv/lib/python3.9/site-packages/airflow/example_dags/example_branch_day_of_week_operator.py for tasks to queue
[2023-08-28 20:41:54,262] {logging_mixin.py:115} INFO - [2023-08-28 20:41:54,260] {dagbag.py:507} INFO - Filling up the DagBag from /home/felipe/airflow/venv/lib/python3.9/site-packages/airflow/example_dags/example_branch_day_of_week_operator.py
[2023-08-28 20:41:55,063] {processor.py:651} INFO - DAG(s) dict_keys(['example_weekday_branch_operator']) retrieved from /home/felipe/airflow/venv/lib/python3.9/site-packages/airflow/example_dags/example_branch_day_of_week_operator.py
[2023-08-28 20:41:55,682] {logging_mixin.py:115} INFO - [2023-08-28 20:41:55,682] {dag.py:2379} INFO - Sync 1 DAGs
[2023-08-28 20:41:56,184] {logging_mixin.py:115} INFO - [2023-08-28 20:41:56,184] {dag.py:2927} INFO - Setting next_dagrun for example_weekday_branch_operator to 2023-08-27T00:00:00+00:00, run_after=2023-08-28T00:00:00+00:00
[2023-08-28 20:41:56,799] {processor.py:161} INFO - Processing /home/felipe/airflow/venv/lib/python3.9/site-packages/airflow/example_dags/example_branch_day_of_week_operator.py took 2.733 seconds
[2023-08-28 20:43:47,121] {processor.py:153} INFO - Started process (PID=6181) to work on /home/felipe/airflow/venv/lib/python3.9/site-packages/airflow/example_dags/example_branch_day_of_week_operator.py
[2023-08-28 20:43:47,125] {processor.py:641} INFO - Processing file /home/felipe/airflow/venv/lib/python3.9/site-packages/airflow/example_dags/example_branch_day_of_week_operator.py for tasks to queue
[2023-08-28 20:43:47,127] {logging_mixin.py:115} INFO - [2023-08-28 20:43:47,126] {dagbag.py:507} INFO - Filling up the DagBag from /home/felipe/airflow/venv/lib/python3.9/site-packages/airflow/example_dags/example_branch_day_of_week_operator.py
[2023-08-28 20:43:47,163] {processor.py:651} INFO - DAG(s) dict_keys(['example_weekday_branch_operator']) retrieved from /home/felipe/airflow/venv/lib/python3.9/site-packages/airflow/example_dags/example_branch_day_of_week_operator.py
[2023-08-28 20:43:47,217] {logging_mixin.py:115} INFO - [2023-08-28 20:43:47,217] {dag.py:2379} INFO - Sync 1 DAGs
[2023-08-28 20:43:47,271] {logging_mixin.py:115} INFO - [2023-08-28 20:43:47,270] {dag.py:2927} INFO - Setting next_dagrun for example_weekday_branch_operator to 2023-08-27T00:00:00+00:00, run_after=2023-08-28T00:00:00+00:00
[2023-08-28 20:43:47,310] {processor.py:161} INFO - Processing /home/felipe/airflow/venv/lib/python3.9/site-packages/airflow/example_dags/example_branch_day_of_week_operator.py took 0.210 seconds
