[2023-08-28 19:04:11,025] {processor.py:153} INFO - Started process (PID=7892) to work on /home/felipe/airflow/venv/lib/python3.9/site-packages/airflow/example_dags/example_task_group_decorator.py
[2023-08-28 19:04:11,029] {processor.py:641} INFO - Processing file /home/felipe/airflow/venv/lib/python3.9/site-packages/airflow/example_dags/example_task_group_decorator.py for tasks to queue
[2023-08-28 19:04:11,031] {logging_mixin.py:115} INFO - [2023-08-28 19:04:11,031] {dagbag.py:507} INFO - Filling up the DagBag from /home/felipe/airflow/venv/lib/python3.9/site-packages/airflow/example_dags/example_task_group_decorator.py
[2023-08-28 19:04:11,438] {processor.py:651} INFO - DAG(s) dict_keys(['example_task_group_decorator']) retrieved from /home/felipe/airflow/venv/lib/python3.9/site-packages/airflow/example_dags/example_task_group_decorator.py
[2023-08-28 19:04:12,103] {logging_mixin.py:115} INFO - [2023-08-28 19:04:12,102] {manager.py:508} INFO - Created Permission View: can delete on DAG:example_task_group_decorator
[2023-08-28 19:04:12,212] {logging_mixin.py:115} INFO - [2023-08-28 19:04:12,212] {manager.py:508} INFO - Created Permission View: can read on DAG:example_task_group_decorator
[2023-08-28 19:04:12,323] {logging_mixin.py:115} INFO - [2023-08-28 19:04:12,323] {manager.py:508} INFO - Created Permission View: can edit on DAG:example_task_group_decorator
[2023-08-28 19:04:12,324] {logging_mixin.py:115} INFO - [2023-08-28 19:04:12,324] {dag.py:2379} INFO - Sync 1 DAGs
[2023-08-28 19:04:12,449] {logging_mixin.py:115} INFO - [2023-08-28 19:04:12,448] {dag.py:2398} INFO - Creating ORM DAG for example_task_group_decorator
[2023-08-28 19:04:12,561] {logging_mixin.py:115} INFO - [2023-08-28 19:04:12,561] {dag.py:2927} INFO - Setting next_dagrun for example_task_group_decorator to 2023-08-27T22:04:12.560448+00:00, run_after=2023-08-28T22:04:12.560448+00:00
[2023-08-28 19:04:12,722] {processor.py:161} INFO - Processing /home/felipe/airflow/venv/lib/python3.9/site-packages/airflow/example_dags/example_task_group_decorator.py took 1.733 seconds
[2023-08-28 19:05:46,258] {processor.py:153} INFO - Started process (PID=8806) to work on /home/felipe/airflow/venv/lib/python3.9/site-packages/airflow/example_dags/example_task_group_decorator.py
[2023-08-28 19:05:46,266] {processor.py:641} INFO - Processing file /home/felipe/airflow/venv/lib/python3.9/site-packages/airflow/example_dags/example_task_group_decorator.py for tasks to queue
[2023-08-28 19:05:46,268] {logging_mixin.py:115} INFO - [2023-08-28 19:05:46,268] {dagbag.py:507} INFO - Filling up the DagBag from /home/felipe/airflow/venv/lib/python3.9/site-packages/airflow/example_dags/example_task_group_decorator.py
[2023-08-28 19:05:46,406] {processor.py:651} INFO - DAG(s) dict_keys(['example_task_group_decorator']) retrieved from /home/felipe/airflow/venv/lib/python3.9/site-packages/airflow/example_dags/example_task_group_decorator.py
[2023-08-28 19:05:46,689] {logging_mixin.py:115} INFO - [2023-08-28 19:05:46,688] {dag.py:2379} INFO - Sync 1 DAGs
[2023-08-28 19:05:46,788] {logging_mixin.py:115} INFO - [2023-08-28 19:05:46,788] {dag.py:2927} INFO - Setting next_dagrun for example_task_group_decorator to 2023-08-27T22:05:46.787607+00:00, run_after=2023-08-28T22:05:46.787607+00:00
[2023-08-28 19:05:46,868] {processor.py:161} INFO - Processing /home/felipe/airflow/venv/lib/python3.9/site-packages/airflow/example_dags/example_task_group_decorator.py took 0.629 seconds
[2023-08-28 19:07:54,120] {processor.py:153} INFO - Started process (PID=9903) to work on /home/felipe/airflow/venv/lib/python3.9/site-packages/airflow/example_dags/example_task_group_decorator.py
[2023-08-28 19:07:54,123] {processor.py:641} INFO - Processing file /home/felipe/airflow/venv/lib/python3.9/site-packages/airflow/example_dags/example_task_group_decorator.py for tasks to queue
[2023-08-28 19:07:54,125] {logging_mixin.py:115} INFO - [2023-08-28 19:07:54,124] {dagbag.py:507} INFO - Filling up the DagBag from /home/felipe/airflow/venv/lib/python3.9/site-packages/airflow/example_dags/example_task_group_decorator.py
[2023-08-28 19:07:54,271] {processor.py:651} INFO - DAG(s) dict_keys(['example_task_group_decorator']) retrieved from /home/felipe/airflow/venv/lib/python3.9/site-packages/airflow/example_dags/example_task_group_decorator.py
[2023-08-28 19:07:54,606] {logging_mixin.py:115} INFO - [2023-08-28 19:07:54,604] {dag.py:2379} INFO - Sync 1 DAGs
[2023-08-28 19:07:54,891] {logging_mixin.py:115} INFO - [2023-08-28 19:07:54,890] {dag.py:2927} INFO - Setting next_dagrun for example_task_group_decorator to 2023-08-27T22:07:54.888866+00:00, run_after=2023-08-28T22:07:54.888866+00:00
[2023-08-28 19:07:55,074] {processor.py:161} INFO - Processing /home/felipe/airflow/venv/lib/python3.9/site-packages/airflow/example_dags/example_task_group_decorator.py took 0.984 seconds
[2023-08-28 19:09:11,445] {processor.py:153} INFO - Started process (PID=10557) to work on /home/felipe/airflow/venv/lib/python3.9/site-packages/airflow/example_dags/example_task_group_decorator.py
[2023-08-28 19:09:11,447] {processor.py:641} INFO - Processing file /home/felipe/airflow/venv/lib/python3.9/site-packages/airflow/example_dags/example_task_group_decorator.py for tasks to queue
[2023-08-28 19:09:11,449] {logging_mixin.py:115} INFO - [2023-08-28 19:09:11,449] {dagbag.py:507} INFO - Filling up the DagBag from /home/felipe/airflow/venv/lib/python3.9/site-packages/airflow/example_dags/example_task_group_decorator.py
[2023-08-28 19:09:11,563] {processor.py:651} INFO - DAG(s) dict_keys(['example_task_group_decorator']) retrieved from /home/felipe/airflow/venv/lib/python3.9/site-packages/airflow/example_dags/example_task_group_decorator.py
[2023-08-28 19:09:11,734] {logging_mixin.py:115} INFO - [2023-08-28 19:09:11,734] {dag.py:2379} INFO - Sync 1 DAGs
[2023-08-28 19:09:11,779] {logging_mixin.py:115} INFO - [2023-08-28 19:09:11,778] {dag.py:2927} INFO - Setting next_dagrun for example_task_group_decorator to 2023-08-27T22:09:11.777934+00:00, run_after=2023-08-28T22:09:11.777934+00:00
[2023-08-28 19:09:11,827] {processor.py:161} INFO - Processing /home/felipe/airflow/venv/lib/python3.9/site-packages/airflow/example_dags/example_task_group_decorator.py took 0.399 seconds
[2023-08-28 19:10:06,066] {processor.py:153} INFO - Started process (PID=10901) to work on /home/felipe/airflow/venv/lib/python3.9/site-packages/airflow/example_dags/example_task_group_decorator.py
[2023-08-28 19:10:06,068] {processor.py:641} INFO - Processing file /home/felipe/airflow/venv/lib/python3.9/site-packages/airflow/example_dags/example_task_group_decorator.py for tasks to queue
[2023-08-28 19:10:06,069] {logging_mixin.py:115} INFO - [2023-08-28 19:10:06,069] {dagbag.py:507} INFO - Filling up the DagBag from /home/felipe/airflow/venv/lib/python3.9/site-packages/airflow/example_dags/example_task_group_decorator.py
[2023-08-28 19:10:06,148] {processor.py:651} INFO - DAG(s) dict_keys(['example_task_group_decorator']) retrieved from /home/felipe/airflow/venv/lib/python3.9/site-packages/airflow/example_dags/example_task_group_decorator.py
[2023-08-28 19:10:06,280] {logging_mixin.py:115} INFO - [2023-08-28 19:10:06,280] {dag.py:2379} INFO - Sync 1 DAGs
[2023-08-28 19:10:06,314] {logging_mixin.py:115} INFO - [2023-08-28 19:10:06,313] {dag.py:2927} INFO - Setting next_dagrun for example_task_group_decorator to 2023-08-27T22:10:06.313184+00:00, run_after=2023-08-28T22:10:06.313184+00:00
[2023-08-28 19:10:06,348] {processor.py:161} INFO - Processing /home/felipe/airflow/venv/lib/python3.9/site-packages/airflow/example_dags/example_task_group_decorator.py took 0.294 seconds
[2023-08-28 19:10:51,655] {processor.py:153} INFO - Started process (PID=11038) to work on /home/felipe/airflow/venv/lib/python3.9/site-packages/airflow/example_dags/example_task_group_decorator.py
[2023-08-28 19:10:51,656] {processor.py:641} INFO - Processing file /home/felipe/airflow/venv/lib/python3.9/site-packages/airflow/example_dags/example_task_group_decorator.py for tasks to queue
[2023-08-28 19:10:51,658] {logging_mixin.py:115} INFO - [2023-08-28 19:10:51,658] {dagbag.py:507} INFO - Filling up the DagBag from /home/felipe/airflow/venv/lib/python3.9/site-packages/airflow/example_dags/example_task_group_decorator.py
[2023-08-28 19:10:51,784] {processor.py:651} INFO - DAG(s) dict_keys(['example_task_group_decorator']) retrieved from /home/felipe/airflow/venv/lib/python3.9/site-packages/airflow/example_dags/example_task_group_decorator.py
[2023-08-28 19:10:51,989] {logging_mixin.py:115} INFO - [2023-08-28 19:10:51,989] {dag.py:2379} INFO - Sync 1 DAGs
[2023-08-28 19:10:52,041] {logging_mixin.py:115} INFO - [2023-08-28 19:10:52,040] {dag.py:2927} INFO - Setting next_dagrun for example_task_group_decorator to 2023-08-27T22:10:52.039967+00:00, run_after=2023-08-28T22:10:52.039967+00:00
[2023-08-28 19:10:52,108] {processor.py:161} INFO - Processing /home/felipe/airflow/venv/lib/python3.9/site-packages/airflow/example_dags/example_task_group_decorator.py took 0.470 seconds
[2023-08-28 19:11:43,028] {processor.py:153} INFO - Started process (PID=11180) to work on /home/felipe/airflow/venv/lib/python3.9/site-packages/airflow/example_dags/example_task_group_decorator.py
[2023-08-28 19:11:43,029] {processor.py:641} INFO - Processing file /home/felipe/airflow/venv/lib/python3.9/site-packages/airflow/example_dags/example_task_group_decorator.py for tasks to queue
[2023-08-28 19:11:43,032] {logging_mixin.py:115} INFO - [2023-08-28 19:11:43,030] {dagbag.py:507} INFO - Filling up the DagBag from /home/felipe/airflow/venv/lib/python3.9/site-packages/airflow/example_dags/example_task_group_decorator.py
[2023-08-28 19:11:43,134] {processor.py:651} INFO - DAG(s) dict_keys(['example_task_group_decorator']) retrieved from /home/felipe/airflow/venv/lib/python3.9/site-packages/airflow/example_dags/example_task_group_decorator.py
[2023-08-28 19:11:43,292] {logging_mixin.py:115} INFO - [2023-08-28 19:11:43,292] {dag.py:2379} INFO - Sync 1 DAGs
[2023-08-28 19:11:43,323] {logging_mixin.py:115} INFO - [2023-08-28 19:11:43,323] {dag.py:2927} INFO - Setting next_dagrun for example_task_group_decorator to 2023-08-27T22:11:43.323069+00:00, run_after=2023-08-28T22:11:43.323069+00:00
[2023-08-28 19:11:43,359] {processor.py:161} INFO - Processing /home/felipe/airflow/venv/lib/python3.9/site-packages/airflow/example_dags/example_task_group_decorator.py took 0.340 seconds
[2023-08-28 19:12:27,726] {processor.py:153} INFO - Started process (PID=11366) to work on /home/felipe/airflow/venv/lib/python3.9/site-packages/airflow/example_dags/example_task_group_decorator.py
[2023-08-28 19:12:27,728] {processor.py:641} INFO - Processing file /home/felipe/airflow/venv/lib/python3.9/site-packages/airflow/example_dags/example_task_group_decorator.py for tasks to queue
[2023-08-28 19:12:27,731] {logging_mixin.py:115} INFO - [2023-08-28 19:12:27,730] {dagbag.py:507} INFO - Filling up the DagBag from /home/felipe/airflow/venv/lib/python3.9/site-packages/airflow/example_dags/example_task_group_decorator.py
[2023-08-28 19:12:28,008] {processor.py:651} INFO - DAG(s) dict_keys(['example_task_group_decorator']) retrieved from /home/felipe/airflow/venv/lib/python3.9/site-packages/airflow/example_dags/example_task_group_decorator.py
[2023-08-28 19:12:28,351] {logging_mixin.py:115} INFO - [2023-08-28 19:12:28,351] {dag.py:2379} INFO - Sync 1 DAGs
[2023-08-28 19:12:28,393] {logging_mixin.py:115} INFO - [2023-08-28 19:12:28,393] {dag.py:2927} INFO - Setting next_dagrun for example_task_group_decorator to 2023-08-27T22:12:28.392573+00:00, run_after=2023-08-28T22:12:28.392573+00:00
[2023-08-28 19:12:28,440] {processor.py:161} INFO - Processing /home/felipe/airflow/venv/lib/python3.9/site-packages/airflow/example_dags/example_task_group_decorator.py took 0.732 seconds
[2023-08-28 19:13:48,728] {processor.py:153} INFO - Started process (PID=11976) to work on /home/felipe/airflow/venv/lib/python3.9/site-packages/airflow/example_dags/example_task_group_decorator.py
[2023-08-28 19:13:48,734] {processor.py:641} INFO - Processing file /home/felipe/airflow/venv/lib/python3.9/site-packages/airflow/example_dags/example_task_group_decorator.py for tasks to queue
[2023-08-28 19:13:48,737] {logging_mixin.py:115} INFO - [2023-08-28 19:13:48,736] {dagbag.py:507} INFO - Filling up the DagBag from /home/felipe/airflow/venv/lib/python3.9/site-packages/airflow/example_dags/example_task_group_decorator.py
[2023-08-28 19:13:48,917] {processor.py:651} INFO - DAG(s) dict_keys(['example_task_group_decorator']) retrieved from /home/felipe/airflow/venv/lib/python3.9/site-packages/airflow/example_dags/example_task_group_decorator.py
[2023-08-28 19:13:49,237] {logging_mixin.py:115} INFO - [2023-08-28 19:13:49,237] {dag.py:2379} INFO - Sync 1 DAGs
[2023-08-28 19:13:49,328] {logging_mixin.py:115} INFO - [2023-08-28 19:13:49,328] {dag.py:2927} INFO - Setting next_dagrun for example_task_group_decorator to 2023-08-27T22:13:49.326833+00:00, run_after=2023-08-28T22:13:49.326833+00:00
[2023-08-28 19:13:49,419] {processor.py:161} INFO - Processing /home/felipe/airflow/venv/lib/python3.9/site-packages/airflow/example_dags/example_task_group_decorator.py took 0.716 seconds
[2023-08-28 19:15:11,990] {processor.py:153} INFO - Started process (PID=12426) to work on /home/felipe/airflow/venv/lib/python3.9/site-packages/airflow/example_dags/example_task_group_decorator.py
[2023-08-28 19:15:12,002] {processor.py:641} INFO - Processing file /home/felipe/airflow/venv/lib/python3.9/site-packages/airflow/example_dags/example_task_group_decorator.py for tasks to queue
[2023-08-28 19:15:12,006] {logging_mixin.py:115} INFO - [2023-08-28 19:15:12,006] {dagbag.py:507} INFO - Filling up the DagBag from /home/felipe/airflow/venv/lib/python3.9/site-packages/airflow/example_dags/example_task_group_decorator.py
[2023-08-28 19:15:12,398] {processor.py:651} INFO - DAG(s) dict_keys(['example_task_group_decorator']) retrieved from /home/felipe/airflow/venv/lib/python3.9/site-packages/airflow/example_dags/example_task_group_decorator.py
[2023-08-28 19:15:13,038] {logging_mixin.py:115} INFO - [2023-08-28 19:15:13,037] {dag.py:2379} INFO - Sync 1 DAGs
[2023-08-28 19:15:13,190] {logging_mixin.py:115} INFO - [2023-08-28 19:15:13,189] {dag.py:2927} INFO - Setting next_dagrun for example_task_group_decorator to 2023-08-27T22:15:13.187634+00:00, run_after=2023-08-28T22:15:13.187634+00:00
[2023-08-28 19:15:13,335] {processor.py:161} INFO - Processing /home/felipe/airflow/venv/lib/python3.9/site-packages/airflow/example_dags/example_task_group_decorator.py took 1.414 seconds
[2023-08-28 19:16:23,078] {processor.py:153} INFO - Started process (PID=12580) to work on /home/felipe/airflow/venv/lib/python3.9/site-packages/airflow/example_dags/example_task_group_decorator.py
[2023-08-28 19:16:23,081] {processor.py:641} INFO - Processing file /home/felipe/airflow/venv/lib/python3.9/site-packages/airflow/example_dags/example_task_group_decorator.py for tasks to queue
[2023-08-28 19:16:23,084] {logging_mixin.py:115} INFO - [2023-08-28 19:16:23,083] {dagbag.py:507} INFO - Filling up the DagBag from /home/felipe/airflow/venv/lib/python3.9/site-packages/airflow/example_dags/example_task_group_decorator.py
[2023-08-28 19:16:23,268] {processor.py:651} INFO - DAG(s) dict_keys(['example_task_group_decorator']) retrieved from /home/felipe/airflow/venv/lib/python3.9/site-packages/airflow/example_dags/example_task_group_decorator.py
[2023-08-28 19:16:23,585] {logging_mixin.py:115} INFO - [2023-08-28 19:16:23,584] {dag.py:2379} INFO - Sync 1 DAGs
[2023-08-28 19:16:23,660] {logging_mixin.py:115} INFO - [2023-08-28 19:16:23,659] {dag.py:2927} INFO - Setting next_dagrun for example_task_group_decorator to 2023-08-27T22:16:23.655833+00:00, run_after=2023-08-28T22:16:23.655833+00:00
[2023-08-28 19:16:23,728] {processor.py:161} INFO - Processing /home/felipe/airflow/venv/lib/python3.9/site-packages/airflow/example_dags/example_task_group_decorator.py took 0.679 seconds
[2023-08-28 19:17:38,117] {processor.py:153} INFO - Started process (PID=12956) to work on /home/felipe/airflow/venv/lib/python3.9/site-packages/airflow/example_dags/example_task_group_decorator.py
[2023-08-28 19:17:38,145] {processor.py:641} INFO - Processing file /home/felipe/airflow/venv/lib/python3.9/site-packages/airflow/example_dags/example_task_group_decorator.py for tasks to queue
[2023-08-28 19:17:38,149] {logging_mixin.py:115} INFO - [2023-08-28 19:17:38,149] {dagbag.py:507} INFO - Filling up the DagBag from /home/felipe/airflow/venv/lib/python3.9/site-packages/airflow/example_dags/example_task_group_decorator.py
[2023-08-28 19:17:39,101] {processor.py:651} INFO - DAG(s) dict_keys(['example_task_group_decorator']) retrieved from /home/felipe/airflow/venv/lib/python3.9/site-packages/airflow/example_dags/example_task_group_decorator.py
[2023-08-28 19:17:39,925] {logging_mixin.py:115} INFO - [2023-08-28 19:17:39,925] {dag.py:2379} INFO - Sync 1 DAGs
[2023-08-28 19:17:40,065] {logging_mixin.py:115} INFO - [2023-08-28 19:17:40,065] {dag.py:2927} INFO - Setting next_dagrun for example_task_group_decorator to 2023-08-27T22:17:40.064049+00:00, run_after=2023-08-28T22:17:40.064049+00:00
[2023-08-28 19:17:40,180] {processor.py:161} INFO - Processing /home/felipe/airflow/venv/lib/python3.9/site-packages/airflow/example_dags/example_task_group_decorator.py took 2.129 seconds
[2023-08-28 19:19:55,644] {processor.py:153} INFO - Started process (PID=13362) to work on /home/felipe/airflow/venv/lib/python3.9/site-packages/airflow/example_dags/example_task_group_decorator.py
[2023-08-28 19:19:55,647] {processor.py:641} INFO - Processing file /home/felipe/airflow/venv/lib/python3.9/site-packages/airflow/example_dags/example_task_group_decorator.py for tasks to queue
[2023-08-28 19:19:55,651] {logging_mixin.py:115} INFO - [2023-08-28 19:19:55,649] {dagbag.py:507} INFO - Filling up the DagBag from /home/felipe/airflow/venv/lib/python3.9/site-packages/airflow/example_dags/example_task_group_decorator.py
[2023-08-28 19:19:55,907] {processor.py:651} INFO - DAG(s) dict_keys(['example_task_group_decorator']) retrieved from /home/felipe/airflow/venv/lib/python3.9/site-packages/airflow/example_dags/example_task_group_decorator.py
[2023-08-28 19:19:56,345] {logging_mixin.py:115} INFO - [2023-08-28 19:19:56,344] {dag.py:2379} INFO - Sync 1 DAGs
[2023-08-28 19:19:56,453] {logging_mixin.py:115} INFO - [2023-08-28 19:19:56,452] {dag.py:2927} INFO - Setting next_dagrun for example_task_group_decorator to 2023-08-27T22:19:56.448141+00:00, run_after=2023-08-28T22:19:56.448141+00:00
[2023-08-28 19:19:56,591] {processor.py:161} INFO - Processing /home/felipe/airflow/venv/lib/python3.9/site-packages/airflow/example_dags/example_task_group_decorator.py took 0.997 seconds
[2023-08-28 19:21:29,415] {processor.py:153} INFO - Started process (PID=14326) to work on /home/felipe/airflow/venv/lib/python3.9/site-packages/airflow/example_dags/example_task_group_decorator.py
[2023-08-28 19:21:29,417] {processor.py:641} INFO - Processing file /home/felipe/airflow/venv/lib/python3.9/site-packages/airflow/example_dags/example_task_group_decorator.py for tasks to queue
[2023-08-28 19:21:29,418] {logging_mixin.py:115} INFO - [2023-08-28 19:21:29,418] {dagbag.py:507} INFO - Filling up the DagBag from /home/felipe/airflow/venv/lib/python3.9/site-packages/airflow/example_dags/example_task_group_decorator.py
[2023-08-28 19:21:29,535] {processor.py:651} INFO - DAG(s) dict_keys(['example_task_group_decorator']) retrieved from /home/felipe/airflow/venv/lib/python3.9/site-packages/airflow/example_dags/example_task_group_decorator.py
[2023-08-28 19:21:29,694] {logging_mixin.py:115} INFO - [2023-08-28 19:21:29,694] {dag.py:2379} INFO - Sync 1 DAGs
[2023-08-28 19:21:29,735] {logging_mixin.py:115} INFO - [2023-08-28 19:21:29,735] {dag.py:2927} INFO - Setting next_dagrun for example_task_group_decorator to 2023-08-27T22:21:29.734427+00:00, run_after=2023-08-28T22:21:29.734427+00:00
[2023-08-28 19:21:29,776] {processor.py:161} INFO - Processing /home/felipe/airflow/venv/lib/python3.9/site-packages/airflow/example_dags/example_task_group_decorator.py took 0.387 seconds
[2023-08-28 19:22:48,996] {processor.py:153} INFO - Started process (PID=14889) to work on /home/felipe/airflow/venv/lib/python3.9/site-packages/airflow/example_dags/example_task_group_decorator.py
[2023-08-28 19:22:48,997] {processor.py:641} INFO - Processing file /home/felipe/airflow/venv/lib/python3.9/site-packages/airflow/example_dags/example_task_group_decorator.py for tasks to queue
[2023-08-28 19:22:48,999] {logging_mixin.py:115} INFO - [2023-08-28 19:22:48,999] {dagbag.py:507} INFO - Filling up the DagBag from /home/felipe/airflow/venv/lib/python3.9/site-packages/airflow/example_dags/example_task_group_decorator.py
[2023-08-28 19:22:49,119] {processor.py:651} INFO - DAG(s) dict_keys(['example_task_group_decorator']) retrieved from /home/felipe/airflow/venv/lib/python3.9/site-packages/airflow/example_dags/example_task_group_decorator.py
[2023-08-28 19:22:49,317] {logging_mixin.py:115} INFO - [2023-08-28 19:22:49,317] {dag.py:2379} INFO - Sync 1 DAGs
[2023-08-28 19:22:49,435] {logging_mixin.py:115} INFO - [2023-08-28 19:22:49,435] {dag.py:2927} INFO - Setting next_dagrun for example_task_group_decorator to 2023-08-27T22:22:49.434187+00:00, run_after=2023-08-28T22:22:49.434187+00:00
[2023-08-28 19:22:49,500] {processor.py:161} INFO - Processing /home/felipe/airflow/venv/lib/python3.9/site-packages/airflow/example_dags/example_task_group_decorator.py took 0.522 seconds
[2023-08-28 19:24:01,107] {processor.py:153} INFO - Started process (PID=15345) to work on /home/felipe/airflow/venv/lib/python3.9/site-packages/airflow/example_dags/example_task_group_decorator.py
[2023-08-28 19:24:01,109] {processor.py:641} INFO - Processing file /home/felipe/airflow/venv/lib/python3.9/site-packages/airflow/example_dags/example_task_group_decorator.py for tasks to queue
[2023-08-28 19:24:01,110] {logging_mixin.py:115} INFO - [2023-08-28 19:24:01,110] {dagbag.py:507} INFO - Filling up the DagBag from /home/felipe/airflow/venv/lib/python3.9/site-packages/airflow/example_dags/example_task_group_decorator.py
[2023-08-28 19:24:01,224] {processor.py:651} INFO - DAG(s) dict_keys(['example_task_group_decorator']) retrieved from /home/felipe/airflow/venv/lib/python3.9/site-packages/airflow/example_dags/example_task_group_decorator.py
[2023-08-28 19:24:01,440] {logging_mixin.py:115} INFO - [2023-08-28 19:24:01,439] {dag.py:2379} INFO - Sync 1 DAGs
[2023-08-28 19:24:01,508] {logging_mixin.py:115} INFO - [2023-08-28 19:24:01,508] {dag.py:2927} INFO - Setting next_dagrun for example_task_group_decorator to 2023-08-27T22:24:01.506541+00:00, run_after=2023-08-28T22:24:01.506541+00:00
[2023-08-28 19:24:01,568] {processor.py:161} INFO - Processing /home/felipe/airflow/venv/lib/python3.9/site-packages/airflow/example_dags/example_task_group_decorator.py took 0.485 seconds
[2023-08-28 19:24:57,311] {processor.py:153} INFO - Started process (PID=15590) to work on /home/felipe/airflow/venv/lib/python3.9/site-packages/airflow/example_dags/example_task_group_decorator.py
[2023-08-28 19:24:57,318] {processor.py:641} INFO - Processing file /home/felipe/airflow/venv/lib/python3.9/site-packages/airflow/example_dags/example_task_group_decorator.py for tasks to queue
[2023-08-28 19:24:57,334] {logging_mixin.py:115} INFO - [2023-08-28 19:24:57,333] {dagbag.py:507} INFO - Filling up the DagBag from /home/felipe/airflow/venv/lib/python3.9/site-packages/airflow/example_dags/example_task_group_decorator.py
[2023-08-28 19:24:57,697] {processor.py:651} INFO - DAG(s) dict_keys(['example_task_group_decorator']) retrieved from /home/felipe/airflow/venv/lib/python3.9/site-packages/airflow/example_dags/example_task_group_decorator.py
[2023-08-28 19:24:58,066] {logging_mixin.py:115} INFO - [2023-08-28 19:24:58,066] {dag.py:2379} INFO - Sync 1 DAGs
[2023-08-28 19:24:58,282] {logging_mixin.py:115} INFO - [2023-08-28 19:24:58,282] {dag.py:2927} INFO - Setting next_dagrun for example_task_group_decorator to 2023-08-27T22:24:58.281313+00:00, run_after=2023-08-28T22:24:58.281313+00:00
[2023-08-28 19:24:58,418] {processor.py:161} INFO - Processing /home/felipe/airflow/venv/lib/python3.9/site-packages/airflow/example_dags/example_task_group_decorator.py took 1.156 seconds
[2023-08-28 19:26:55,353] {processor.py:153} INFO - Started process (PID=16486) to work on /home/felipe/airflow/venv/lib/python3.9/site-packages/airflow/example_dags/example_task_group_decorator.py
[2023-08-28 19:26:55,364] {processor.py:641} INFO - Processing file /home/felipe/airflow/venv/lib/python3.9/site-packages/airflow/example_dags/example_task_group_decorator.py for tasks to queue
[2023-08-28 19:26:55,368] {logging_mixin.py:115} INFO - [2023-08-28 19:26:55,367] {dagbag.py:507} INFO - Filling up the DagBag from /home/felipe/airflow/venv/lib/python3.9/site-packages/airflow/example_dags/example_task_group_decorator.py
[2023-08-28 19:26:57,393] {processor.py:651} INFO - DAG(s) dict_keys(['example_task_group_decorator']) retrieved from /home/felipe/airflow/venv/lib/python3.9/site-packages/airflow/example_dags/example_task_group_decorator.py
[2023-08-28 19:26:59,049] {logging_mixin.py:115} INFO - [2023-08-28 19:26:59,049] {dag.py:2379} INFO - Sync 1 DAGs
[2023-08-28 19:26:59,298] {logging_mixin.py:115} INFO - [2023-08-28 19:26:59,298] {dag.py:2927} INFO - Setting next_dagrun for example_task_group_decorator to 2023-08-27T22:26:59.296056+00:00, run_after=2023-08-28T22:26:59.296056+00:00
[2023-08-28 19:26:59,439] {processor.py:161} INFO - Processing /home/felipe/airflow/venv/lib/python3.9/site-packages/airflow/example_dags/example_task_group_decorator.py took 4.124 seconds
[2023-08-28 20:09:34,570] {processor.py:153} INFO - Started process (PID=25498) to work on /home/felipe/airflow/venv/lib/python3.9/site-packages/airflow/example_dags/example_task_group_decorator.py
[2023-08-28 20:09:34,575] {processor.py:641} INFO - Processing file /home/felipe/airflow/venv/lib/python3.9/site-packages/airflow/example_dags/example_task_group_decorator.py for tasks to queue
[2023-08-28 20:09:34,577] {logging_mixin.py:115} INFO - [2023-08-28 20:09:34,577] {dagbag.py:507} INFO - Filling up the DagBag from /home/felipe/airflow/venv/lib/python3.9/site-packages/airflow/example_dags/example_task_group_decorator.py
[2023-08-28 20:09:34,718] {processor.py:651} INFO - DAG(s) dict_keys(['example_task_group_decorator']) retrieved from /home/felipe/airflow/venv/lib/python3.9/site-packages/airflow/example_dags/example_task_group_decorator.py
[2023-08-28 20:09:34,881] {logging_mixin.py:115} INFO - [2023-08-28 20:09:34,881] {dag.py:2379} INFO - Sync 1 DAGs
[2023-08-28 20:09:34,931] {logging_mixin.py:115} INFO - [2023-08-28 20:09:34,931] {dag.py:2927} INFO - Setting next_dagrun for example_task_group_decorator to 2023-08-27T23:09:34.930265+00:00, run_after=2023-08-28T23:09:34.930265+00:00
[2023-08-28 20:09:34,976] {processor.py:161} INFO - Processing /home/felipe/airflow/venv/lib/python3.9/site-packages/airflow/example_dags/example_task_group_decorator.py took 0.423 seconds
[2023-08-28 20:11:17,185] {processor.py:153} INFO - Started process (PID=26270) to work on /home/felipe/airflow/venv/lib/python3.9/site-packages/airflow/example_dags/example_task_group_decorator.py
[2023-08-28 20:11:17,187] {processor.py:641} INFO - Processing file /home/felipe/airflow/venv/lib/python3.9/site-packages/airflow/example_dags/example_task_group_decorator.py for tasks to queue
[2023-08-28 20:11:17,189] {logging_mixin.py:115} INFO - [2023-08-28 20:11:17,189] {dagbag.py:507} INFO - Filling up the DagBag from /home/felipe/airflow/venv/lib/python3.9/site-packages/airflow/example_dags/example_task_group_decorator.py
[2023-08-28 20:11:17,357] {processor.py:651} INFO - DAG(s) dict_keys(['example_task_group_decorator']) retrieved from /home/felipe/airflow/venv/lib/python3.9/site-packages/airflow/example_dags/example_task_group_decorator.py
[2023-08-28 20:11:17,491] {logging_mixin.py:115} INFO - [2023-08-28 20:11:17,491] {dag.py:2379} INFO - Sync 1 DAGs
[2023-08-28 20:11:17,542] {logging_mixin.py:115} INFO - [2023-08-28 20:11:17,542] {dag.py:2927} INFO - Setting next_dagrun for example_task_group_decorator to 2023-08-27T23:11:17.541310+00:00, run_after=2023-08-28T23:11:17.541310+00:00
[2023-08-28 20:11:17,585] {processor.py:161} INFO - Processing /home/felipe/airflow/venv/lib/python3.9/site-packages/airflow/example_dags/example_task_group_decorator.py took 0.413 seconds
[2023-08-28 20:13:58,008] {processor.py:153} INFO - Started process (PID=26929) to work on /home/felipe/airflow/venv/lib/python3.9/site-packages/airflow/example_dags/example_task_group_decorator.py
[2023-08-28 20:13:58,011] {processor.py:641} INFO - Processing file /home/felipe/airflow/venv/lib/python3.9/site-packages/airflow/example_dags/example_task_group_decorator.py for tasks to queue
[2023-08-28 20:13:58,013] {logging_mixin.py:115} INFO - [2023-08-28 20:13:58,012] {dagbag.py:507} INFO - Filling up the DagBag from /home/felipe/airflow/venv/lib/python3.9/site-packages/airflow/example_dags/example_task_group_decorator.py
[2023-08-28 20:13:58,321] {processor.py:651} INFO - DAG(s) dict_keys(['example_task_group_decorator']) retrieved from /home/felipe/airflow/venv/lib/python3.9/site-packages/airflow/example_dags/example_task_group_decorator.py
[2023-08-28 20:13:58,680] {logging_mixin.py:115} INFO - [2023-08-28 20:13:58,679] {dag.py:2379} INFO - Sync 1 DAGs
[2023-08-28 20:13:58,781] {logging_mixin.py:115} INFO - [2023-08-28 20:13:58,781] {dag.py:2927} INFO - Setting next_dagrun for example_task_group_decorator to 2023-08-27T23:13:58.780276+00:00, run_after=2023-08-28T23:13:58.780276+00:00
[2023-08-28 20:13:58,868] {processor.py:161} INFO - Processing /home/felipe/airflow/venv/lib/python3.9/site-packages/airflow/example_dags/example_task_group_decorator.py took 0.907 seconds
[2023-08-28 20:14:50,863] {processor.py:153} INFO - Started process (PID=27253) to work on /home/felipe/airflow/venv/lib/python3.9/site-packages/airflow/example_dags/example_task_group_decorator.py
[2023-08-28 20:14:50,865] {processor.py:641} INFO - Processing file /home/felipe/airflow/venv/lib/python3.9/site-packages/airflow/example_dags/example_task_group_decorator.py for tasks to queue
[2023-08-28 20:14:50,867] {logging_mixin.py:115} INFO - [2023-08-28 20:14:50,867] {dagbag.py:507} INFO - Filling up the DagBag from /home/felipe/airflow/venv/lib/python3.9/site-packages/airflow/example_dags/example_task_group_decorator.py
[2023-08-28 20:14:50,980] {processor.py:651} INFO - DAG(s) dict_keys(['example_task_group_decorator']) retrieved from /home/felipe/airflow/venv/lib/python3.9/site-packages/airflow/example_dags/example_task_group_decorator.py
[2023-08-28 20:14:51,109] {logging_mixin.py:115} INFO - [2023-08-28 20:14:51,109] {dag.py:2379} INFO - Sync 1 DAGs
[2023-08-28 20:14:51,152] {logging_mixin.py:115} INFO - [2023-08-28 20:14:51,151] {dag.py:2927} INFO - Setting next_dagrun for example_task_group_decorator to 2023-08-27T23:14:51.150902+00:00, run_after=2023-08-28T23:14:51.150902+00:00
[2023-08-28 20:14:51,192] {processor.py:161} INFO - Processing /home/felipe/airflow/venv/lib/python3.9/site-packages/airflow/example_dags/example_task_group_decorator.py took 0.344 seconds
[2023-08-28 20:15:39,474] {processor.py:153} INFO - Started process (PID=27452) to work on /home/felipe/airflow/venv/lib/python3.9/site-packages/airflow/example_dags/example_task_group_decorator.py
[2023-08-28 20:15:39,476] {processor.py:641} INFO - Processing file /home/felipe/airflow/venv/lib/python3.9/site-packages/airflow/example_dags/example_task_group_decorator.py for tasks to queue
[2023-08-28 20:15:39,478] {logging_mixin.py:115} INFO - [2023-08-28 20:15:39,478] {dagbag.py:507} INFO - Filling up the DagBag from /home/felipe/airflow/venv/lib/python3.9/site-packages/airflow/example_dags/example_task_group_decorator.py
[2023-08-28 20:15:39,584] {processor.py:651} INFO - DAG(s) dict_keys(['example_task_group_decorator']) retrieved from /home/felipe/airflow/venv/lib/python3.9/site-packages/airflow/example_dags/example_task_group_decorator.py
[2023-08-28 20:15:39,699] {logging_mixin.py:115} INFO - [2023-08-28 20:15:39,699] {dag.py:2379} INFO - Sync 1 DAGs
[2023-08-28 20:15:39,731] {logging_mixin.py:115} INFO - [2023-08-28 20:15:39,731] {dag.py:2927} INFO - Setting next_dagrun for example_task_group_decorator to 2023-08-27T23:15:39.730826+00:00, run_after=2023-08-28T23:15:39.730826+00:00
[2023-08-28 20:15:39,765] {processor.py:161} INFO - Processing /home/felipe/airflow/venv/lib/python3.9/site-packages/airflow/example_dags/example_task_group_decorator.py took 0.304 seconds
[2023-08-28 20:17:26,306] {processor.py:153} INFO - Started process (PID=28269) to work on /home/felipe/airflow/venv/lib/python3.9/site-packages/airflow/example_dags/example_task_group_decorator.py
[2023-08-28 20:17:26,309] {processor.py:641} INFO - Processing file /home/felipe/airflow/venv/lib/python3.9/site-packages/airflow/example_dags/example_task_group_decorator.py for tasks to queue
[2023-08-28 20:17:26,315] {logging_mixin.py:115} INFO - [2023-08-28 20:17:26,311] {dagbag.py:507} INFO - Filling up the DagBag from /home/felipe/airflow/venv/lib/python3.9/site-packages/airflow/example_dags/example_task_group_decorator.py
[2023-08-28 20:17:26,567] {processor.py:651} INFO - DAG(s) dict_keys(['example_task_group_decorator']) retrieved from /home/felipe/airflow/venv/lib/python3.9/site-packages/airflow/example_dags/example_task_group_decorator.py
[2023-08-28 20:17:26,991] {logging_mixin.py:115} INFO - [2023-08-28 20:17:26,991] {dag.py:2379} INFO - Sync 1 DAGs
[2023-08-28 20:17:27,186] {logging_mixin.py:115} INFO - [2023-08-28 20:17:27,177] {dag.py:2927} INFO - Setting next_dagrun for example_task_group_decorator to 2023-08-27T23:17:27.175755+00:00, run_after=2023-08-28T23:17:27.175755+00:00
[2023-08-28 20:17:27,305] {processor.py:161} INFO - Processing /home/felipe/airflow/venv/lib/python3.9/site-packages/airflow/example_dags/example_task_group_decorator.py took 1.027 seconds
[2023-08-28 20:19:24,235] {processor.py:153} INFO - Started process (PID=29511) to work on /home/felipe/airflow/venv/lib/python3.9/site-packages/airflow/example_dags/example_task_group_decorator.py
[2023-08-28 20:19:24,236] {processor.py:641} INFO - Processing file /home/felipe/airflow/venv/lib/python3.9/site-packages/airflow/example_dags/example_task_group_decorator.py for tasks to queue
[2023-08-28 20:19:24,238] {logging_mixin.py:115} INFO - [2023-08-28 20:19:24,238] {dagbag.py:507} INFO - Filling up the DagBag from /home/felipe/airflow/venv/lib/python3.9/site-packages/airflow/example_dags/example_task_group_decorator.py
[2023-08-28 20:19:24,324] {processor.py:651} INFO - DAG(s) dict_keys(['example_task_group_decorator']) retrieved from /home/felipe/airflow/venv/lib/python3.9/site-packages/airflow/example_dags/example_task_group_decorator.py
[2023-08-28 20:19:24,445] {logging_mixin.py:115} INFO - [2023-08-28 20:19:24,445] {dag.py:2379} INFO - Sync 1 DAGs
[2023-08-28 20:19:24,496] {logging_mixin.py:115} INFO - [2023-08-28 20:19:24,495] {dag.py:2927} INFO - Setting next_dagrun for example_task_group_decorator to 2023-08-27T23:19:24.495194+00:00, run_after=2023-08-28T23:19:24.495194+00:00
[2023-08-28 20:19:24,541] {processor.py:161} INFO - Processing /home/felipe/airflow/venv/lib/python3.9/site-packages/airflow/example_dags/example_task_group_decorator.py took 0.318 seconds
[2023-08-28 20:20:11,292] {processor.py:153} INFO - Started process (PID=29654) to work on /home/felipe/airflow/venv/lib/python3.9/site-packages/airflow/example_dags/example_task_group_decorator.py
[2023-08-28 20:20:11,294] {processor.py:641} INFO - Processing file /home/felipe/airflow/venv/lib/python3.9/site-packages/airflow/example_dags/example_task_group_decorator.py for tasks to queue
[2023-08-28 20:20:11,296] {logging_mixin.py:115} INFO - [2023-08-28 20:20:11,295] {dagbag.py:507} INFO - Filling up the DagBag from /home/felipe/airflow/venv/lib/python3.9/site-packages/airflow/example_dags/example_task_group_decorator.py
[2023-08-28 20:20:11,415] {processor.py:651} INFO - DAG(s) dict_keys(['example_task_group_decorator']) retrieved from /home/felipe/airflow/venv/lib/python3.9/site-packages/airflow/example_dags/example_task_group_decorator.py
[2023-08-28 20:20:11,481] {logging_mixin.py:115} INFO - [2023-08-28 20:20:11,481] {dag.py:2379} INFO - Sync 1 DAGs
[2023-08-28 20:20:11,533] {logging_mixin.py:115} INFO - [2023-08-28 20:20:11,532] {dag.py:2927} INFO - Setting next_dagrun for example_task_group_decorator to 2023-08-27T23:20:11.531709+00:00, run_after=2023-08-28T23:20:11.531709+00:00
[2023-08-28 20:20:11,566] {processor.py:161} INFO - Processing /home/felipe/airflow/venv/lib/python3.9/site-packages/airflow/example_dags/example_task_group_decorator.py took 0.287 seconds
[2023-08-28 20:21:24,544] {processor.py:153} INFO - Started process (PID=30279) to work on /home/felipe/airflow/venv/lib/python3.9/site-packages/airflow/example_dags/example_task_group_decorator.py
[2023-08-28 20:21:24,551] {processor.py:641} INFO - Processing file /home/felipe/airflow/venv/lib/python3.9/site-packages/airflow/example_dags/example_task_group_decorator.py for tasks to queue
[2023-08-28 20:21:24,556] {logging_mixin.py:115} INFO - [2023-08-28 20:21:24,555] {dagbag.py:507} INFO - Filling up the DagBag from /home/felipe/airflow/venv/lib/python3.9/site-packages/airflow/example_dags/example_task_group_decorator.py
[2023-08-28 20:21:24,822] {processor.py:651} INFO - DAG(s) dict_keys(['example_task_group_decorator']) retrieved from /home/felipe/airflow/venv/lib/python3.9/site-packages/airflow/example_dags/example_task_group_decorator.py
[2023-08-28 20:21:25,170] {logging_mixin.py:115} INFO - [2023-08-28 20:21:25,170] {dag.py:2379} INFO - Sync 1 DAGs
[2023-08-28 20:21:25,247] {logging_mixin.py:115} INFO - [2023-08-28 20:21:25,246] {dag.py:2927} INFO - Setting next_dagrun for example_task_group_decorator to 2023-08-27T23:21:25.245216+00:00, run_after=2023-08-28T23:21:25.245216+00:00
[2023-08-28 20:21:25,312] {processor.py:161} INFO - Processing /home/felipe/airflow/venv/lib/python3.9/site-packages/airflow/example_dags/example_task_group_decorator.py took 0.800 seconds
[2023-08-28 20:23:09,025] {processor.py:153} INFO - Started process (PID=31288) to work on /home/felipe/airflow/venv/lib/python3.9/site-packages/airflow/example_dags/example_task_group_decorator.py
[2023-08-28 20:23:09,027] {processor.py:641} INFO - Processing file /home/felipe/airflow/venv/lib/python3.9/site-packages/airflow/example_dags/example_task_group_decorator.py for tasks to queue
[2023-08-28 20:23:09,029] {logging_mixin.py:115} INFO - [2023-08-28 20:23:09,028] {dagbag.py:507} INFO - Filling up the DagBag from /home/felipe/airflow/venv/lib/python3.9/site-packages/airflow/example_dags/example_task_group_decorator.py
[2023-08-28 20:23:09,114] {processor.py:651} INFO - DAG(s) dict_keys(['example_task_group_decorator']) retrieved from /home/felipe/airflow/venv/lib/python3.9/site-packages/airflow/example_dags/example_task_group_decorator.py
[2023-08-28 20:23:09,226] {logging_mixin.py:115} INFO - [2023-08-28 20:23:09,226] {dag.py:2379} INFO - Sync 1 DAGs
[2023-08-28 20:23:09,271] {logging_mixin.py:115} INFO - [2023-08-28 20:23:09,269] {dag.py:2927} INFO - Setting next_dagrun for example_task_group_decorator to 2023-08-27T23:23:09.268955+00:00, run_after=2023-08-28T23:23:09.268955+00:00
[2023-08-28 20:23:09,326] {processor.py:161} INFO - Processing /home/felipe/airflow/venv/lib/python3.9/site-packages/airflow/example_dags/example_task_group_decorator.py took 0.343 seconds
[2023-08-28 20:23:56,516] {processor.py:153} INFO - Started process (PID=31379) to work on /home/felipe/airflow/venv/lib/python3.9/site-packages/airflow/example_dags/example_task_group_decorator.py
[2023-08-28 20:23:56,518] {processor.py:641} INFO - Processing file /home/felipe/airflow/venv/lib/python3.9/site-packages/airflow/example_dags/example_task_group_decorator.py for tasks to queue
[2023-08-28 20:23:56,519] {logging_mixin.py:115} INFO - [2023-08-28 20:23:56,519] {dagbag.py:507} INFO - Filling up the DagBag from /home/felipe/airflow/venv/lib/python3.9/site-packages/airflow/example_dags/example_task_group_decorator.py
[2023-08-28 20:23:56,617] {processor.py:651} INFO - DAG(s) dict_keys(['example_task_group_decorator']) retrieved from /home/felipe/airflow/venv/lib/python3.9/site-packages/airflow/example_dags/example_task_group_decorator.py
[2023-08-28 20:23:56,667] {logging_mixin.py:115} INFO - [2023-08-28 20:23:56,667] {dag.py:2379} INFO - Sync 1 DAGs
[2023-08-28 20:23:56,711] {logging_mixin.py:115} INFO - [2023-08-28 20:23:56,711] {dag.py:2927} INFO - Setting next_dagrun for example_task_group_decorator to 2023-08-27T23:23:56.710430+00:00, run_after=2023-08-28T23:23:56.710430+00:00
[2023-08-28 20:23:56,739] {processor.py:161} INFO - Processing /home/felipe/airflow/venv/lib/python3.9/site-packages/airflow/example_dags/example_task_group_decorator.py took 0.237 seconds
[2023-08-28 20:25:01,226] {processor.py:153} INFO - Started process (PID=31826) to work on /home/felipe/airflow/venv/lib/python3.9/site-packages/airflow/example_dags/example_task_group_decorator.py
[2023-08-28 20:25:01,228] {processor.py:641} INFO - Processing file /home/felipe/airflow/venv/lib/python3.9/site-packages/airflow/example_dags/example_task_group_decorator.py for tasks to queue
[2023-08-28 20:25:01,230] {logging_mixin.py:115} INFO - [2023-08-28 20:25:01,229] {dagbag.py:507} INFO - Filling up the DagBag from /home/felipe/airflow/venv/lib/python3.9/site-packages/airflow/example_dags/example_task_group_decorator.py
[2023-08-28 20:25:01,333] {processor.py:651} INFO - DAG(s) dict_keys(['example_task_group_decorator']) retrieved from /home/felipe/airflow/venv/lib/python3.9/site-packages/airflow/example_dags/example_task_group_decorator.py
[2023-08-28 20:25:01,383] {logging_mixin.py:115} INFO - [2023-08-28 20:25:01,383] {dag.py:2379} INFO - Sync 1 DAGs
[2023-08-28 20:25:01,428] {logging_mixin.py:115} INFO - [2023-08-28 20:25:01,428] {dag.py:2927} INFO - Setting next_dagrun for example_task_group_decorator to 2023-08-27T23:25:01.427635+00:00, run_after=2023-08-28T23:25:01.427635+00:00
[2023-08-28 20:25:01,462] {processor.py:161} INFO - Processing /home/felipe/airflow/venv/lib/python3.9/site-packages/airflow/example_dags/example_task_group_decorator.py took 0.253 seconds
[2023-08-28 20:26:45,428] {processor.py:153} INFO - Started process (PID=32649) to work on /home/felipe/airflow/venv/lib/python3.9/site-packages/airflow/example_dags/example_task_group_decorator.py
[2023-08-28 20:26:45,432] {processor.py:641} INFO - Processing file /home/felipe/airflow/venv/lib/python3.9/site-packages/airflow/example_dags/example_task_group_decorator.py for tasks to queue
[2023-08-28 20:26:45,434] {logging_mixin.py:115} INFO - [2023-08-28 20:26:45,433] {dagbag.py:507} INFO - Filling up the DagBag from /home/felipe/airflow/venv/lib/python3.9/site-packages/airflow/example_dags/example_task_group_decorator.py
[2023-08-28 20:26:45,541] {processor.py:651} INFO - DAG(s) dict_keys(['example_task_group_decorator']) retrieved from /home/felipe/airflow/venv/lib/python3.9/site-packages/airflow/example_dags/example_task_group_decorator.py
[2023-08-28 20:26:45,593] {logging_mixin.py:115} INFO - [2023-08-28 20:26:45,593] {dag.py:2379} INFO - Sync 1 DAGs
[2023-08-28 20:26:45,644] {logging_mixin.py:115} INFO - [2023-08-28 20:26:45,644] {dag.py:2927} INFO - Setting next_dagrun for example_task_group_decorator to 2023-08-27T23:26:45.643176+00:00, run_after=2023-08-28T23:26:45.643176+00:00
[2023-08-28 20:26:45,689] {processor.py:161} INFO - Processing /home/felipe/airflow/venv/lib/python3.9/site-packages/airflow/example_dags/example_task_group_decorator.py took 0.273 seconds
[2023-08-28 20:28:47,237] {processor.py:153} INFO - Started process (PID=956) to work on /home/felipe/airflow/venv/lib/python3.9/site-packages/airflow/example_dags/example_task_group_decorator.py
[2023-08-28 20:28:47,239] {processor.py:641} INFO - Processing file /home/felipe/airflow/venv/lib/python3.9/site-packages/airflow/example_dags/example_task_group_decorator.py for tasks to queue
[2023-08-28 20:28:47,243] {logging_mixin.py:115} INFO - [2023-08-28 20:28:47,242] {dagbag.py:507} INFO - Filling up the DagBag from /home/felipe/airflow/venv/lib/python3.9/site-packages/airflow/example_dags/example_task_group_decorator.py
[2023-08-28 20:28:47,572] {processor.py:651} INFO - DAG(s) dict_keys(['example_task_group_decorator']) retrieved from /home/felipe/airflow/venv/lib/python3.9/site-packages/airflow/example_dags/example_task_group_decorator.py
[2023-08-28 20:28:47,808] {logging_mixin.py:115} INFO - [2023-08-28 20:28:47,808] {dag.py:2379} INFO - Sync 1 DAGs
[2023-08-28 20:28:47,879] {logging_mixin.py:115} INFO - [2023-08-28 20:28:47,878] {dag.py:2927} INFO - Setting next_dagrun for example_task_group_decorator to 2023-08-27T23:28:47.877699+00:00, run_after=2023-08-28T23:28:47.877699+00:00
[2023-08-28 20:28:47,952] {processor.py:161} INFO - Processing /home/felipe/airflow/venv/lib/python3.9/site-packages/airflow/example_dags/example_task_group_decorator.py took 0.760 seconds
[2023-08-28 20:30:37,463] {processor.py:153} INFO - Started process (PID=2183) to work on /home/felipe/airflow/venv/lib/python3.9/site-packages/airflow/example_dags/example_task_group_decorator.py
[2023-08-28 20:30:37,471] {processor.py:641} INFO - Processing file /home/felipe/airflow/venv/lib/python3.9/site-packages/airflow/example_dags/example_task_group_decorator.py for tasks to queue
[2023-08-28 20:30:37,478] {logging_mixin.py:115} INFO - [2023-08-28 20:30:37,477] {dagbag.py:507} INFO - Filling up the DagBag from /home/felipe/airflow/venv/lib/python3.9/site-packages/airflow/example_dags/example_task_group_decorator.py
[2023-08-28 20:30:37,692] {processor.py:651} INFO - DAG(s) dict_keys(['example_task_group_decorator']) retrieved from /home/felipe/airflow/venv/lib/python3.9/site-packages/airflow/example_dags/example_task_group_decorator.py
[2023-08-28 20:30:37,764] {logging_mixin.py:115} INFO - [2023-08-28 20:30:37,764] {dag.py:2379} INFO - Sync 1 DAGs
[2023-08-28 20:30:37,842] {logging_mixin.py:115} INFO - [2023-08-28 20:30:37,842] {dag.py:2927} INFO - Setting next_dagrun for example_task_group_decorator to 2023-08-27T23:30:37.841199+00:00, run_after=2023-08-28T23:30:37.841199+00:00
[2023-08-28 20:30:37,899] {processor.py:161} INFO - Processing /home/felipe/airflow/venv/lib/python3.9/site-packages/airflow/example_dags/example_task_group_decorator.py took 0.473 seconds
[2023-08-28 20:31:28,975] {processor.py:153} INFO - Started process (PID=2595) to work on /home/felipe/airflow/venv/lib/python3.9/site-packages/airflow/example_dags/example_task_group_decorator.py
[2023-08-28 20:31:28,977] {processor.py:641} INFO - Processing file /home/felipe/airflow/venv/lib/python3.9/site-packages/airflow/example_dags/example_task_group_decorator.py for tasks to queue
[2023-08-28 20:31:28,979] {logging_mixin.py:115} INFO - [2023-08-28 20:31:28,978] {dagbag.py:507} INFO - Filling up the DagBag from /home/felipe/airflow/venv/lib/python3.9/site-packages/airflow/example_dags/example_task_group_decorator.py
[2023-08-28 20:31:29,072] {processor.py:651} INFO - DAG(s) dict_keys(['example_task_group_decorator']) retrieved from /home/felipe/airflow/venv/lib/python3.9/site-packages/airflow/example_dags/example_task_group_decorator.py
[2023-08-28 20:31:29,127] {logging_mixin.py:115} INFO - [2023-08-28 20:31:29,126] {dag.py:2379} INFO - Sync 1 DAGs
[2023-08-28 20:31:29,168] {logging_mixin.py:115} INFO - [2023-08-28 20:31:29,168] {dag.py:2927} INFO - Setting next_dagrun for example_task_group_decorator to 2023-08-27T23:31:29.167728+00:00, run_after=2023-08-28T23:31:29.167728+00:00
[2023-08-28 20:31:29,201] {processor.py:161} INFO - Processing /home/felipe/airflow/venv/lib/python3.9/site-packages/airflow/example_dags/example_task_group_decorator.py took 0.244 seconds
[2023-08-28 20:32:17,943] {processor.py:153} INFO - Started process (PID=2789) to work on /home/felipe/airflow/venv/lib/python3.9/site-packages/airflow/example_dags/example_task_group_decorator.py
[2023-08-28 20:32:17,945] {processor.py:641} INFO - Processing file /home/felipe/airflow/venv/lib/python3.9/site-packages/airflow/example_dags/example_task_group_decorator.py for tasks to queue
[2023-08-28 20:32:17,946] {logging_mixin.py:115} INFO - [2023-08-28 20:32:17,946] {dagbag.py:507} INFO - Filling up the DagBag from /home/felipe/airflow/venv/lib/python3.9/site-packages/airflow/example_dags/example_task_group_decorator.py
[2023-08-28 20:32:18,048] {processor.py:651} INFO - DAG(s) dict_keys(['example_task_group_decorator']) retrieved from /home/felipe/airflow/venv/lib/python3.9/site-packages/airflow/example_dags/example_task_group_decorator.py
[2023-08-28 20:32:18,203] {logging_mixin.py:115} INFO - [2023-08-28 20:32:18,203] {dag.py:2379} INFO - Sync 1 DAGs
[2023-08-28 20:32:18,247] {logging_mixin.py:115} INFO - [2023-08-28 20:32:18,247] {dag.py:2927} INFO - Setting next_dagrun for example_task_group_decorator to 2023-08-27T23:32:18.246189+00:00, run_after=2023-08-28T23:32:18.246189+00:00
[2023-08-28 20:32:18,305] {processor.py:161} INFO - Processing /home/felipe/airflow/venv/lib/python3.9/site-packages/airflow/example_dags/example_task_group_decorator.py took 0.376 seconds
[2023-08-28 20:32:59,191] {processor.py:153} INFO - Started process (PID=2978) to work on /home/felipe/airflow/venv/lib/python3.9/site-packages/airflow/example_dags/example_task_group_decorator.py
[2023-08-28 20:32:59,192] {processor.py:641} INFO - Processing file /home/felipe/airflow/venv/lib/python3.9/site-packages/airflow/example_dags/example_task_group_decorator.py for tasks to queue
[2023-08-28 20:32:59,193] {logging_mixin.py:115} INFO - [2023-08-28 20:32:59,193] {dagbag.py:507} INFO - Filling up the DagBag from /home/felipe/airflow/venv/lib/python3.9/site-packages/airflow/example_dags/example_task_group_decorator.py
[2023-08-28 20:32:59,288] {processor.py:651} INFO - DAG(s) dict_keys(['example_task_group_decorator']) retrieved from /home/felipe/airflow/venv/lib/python3.9/site-packages/airflow/example_dags/example_task_group_decorator.py
[2023-08-28 20:32:59,409] {logging_mixin.py:115} INFO - [2023-08-28 20:32:59,409] {dag.py:2379} INFO - Sync 1 DAGs
[2023-08-28 20:32:59,444] {logging_mixin.py:115} INFO - [2023-08-28 20:32:59,444] {dag.py:2927} INFO - Setting next_dagrun for example_task_group_decorator to 2023-08-27T23:32:59.443495+00:00, run_after=2023-08-28T23:32:59.443495+00:00
[2023-08-28 20:32:59,484] {processor.py:161} INFO - Processing /home/felipe/airflow/venv/lib/python3.9/site-packages/airflow/example_dags/example_task_group_decorator.py took 0.307 seconds
[2023-08-28 20:33:37,574] {processor.py:153} INFO - Started process (PID=3113) to work on /home/felipe/airflow/venv/lib/python3.9/site-packages/airflow/example_dags/example_task_group_decorator.py
[2023-08-28 20:33:37,576] {processor.py:641} INFO - Processing file /home/felipe/airflow/venv/lib/python3.9/site-packages/airflow/example_dags/example_task_group_decorator.py for tasks to queue
[2023-08-28 20:33:37,577] {logging_mixin.py:115} INFO - [2023-08-28 20:33:37,577] {dagbag.py:507} INFO - Filling up the DagBag from /home/felipe/airflow/venv/lib/python3.9/site-packages/airflow/example_dags/example_task_group_decorator.py
[2023-08-28 20:33:37,663] {processor.py:651} INFO - DAG(s) dict_keys(['example_task_group_decorator']) retrieved from /home/felipe/airflow/venv/lib/python3.9/site-packages/airflow/example_dags/example_task_group_decorator.py
[2023-08-28 20:33:37,712] {logging_mixin.py:115} INFO - [2023-08-28 20:33:37,712] {dag.py:2379} INFO - Sync 1 DAGs
[2023-08-28 20:33:37,757] {logging_mixin.py:115} INFO - [2023-08-28 20:33:37,757] {dag.py:2927} INFO - Setting next_dagrun for example_task_group_decorator to 2023-08-27T23:33:37.756145+00:00, run_after=2023-08-28T23:33:37.756145+00:00
[2023-08-28 20:33:37,789] {processor.py:161} INFO - Processing /home/felipe/airflow/venv/lib/python3.9/site-packages/airflow/example_dags/example_task_group_decorator.py took 0.226 seconds
[2023-08-28 20:34:28,211] {processor.py:153} INFO - Started process (PID=3259) to work on /home/felipe/airflow/venv/lib/python3.9/site-packages/airflow/example_dags/example_task_group_decorator.py
[2023-08-28 20:34:28,213] {processor.py:641} INFO - Processing file /home/felipe/airflow/venv/lib/python3.9/site-packages/airflow/example_dags/example_task_group_decorator.py for tasks to queue
[2023-08-28 20:34:28,215] {logging_mixin.py:115} INFO - [2023-08-28 20:34:28,215] {dagbag.py:507} INFO - Filling up the DagBag from /home/felipe/airflow/venv/lib/python3.9/site-packages/airflow/example_dags/example_task_group_decorator.py
[2023-08-28 20:34:28,332] {processor.py:651} INFO - DAG(s) dict_keys(['example_task_group_decorator']) retrieved from /home/felipe/airflow/venv/lib/python3.9/site-packages/airflow/example_dags/example_task_group_decorator.py
[2023-08-28 20:34:28,465] {logging_mixin.py:115} INFO - [2023-08-28 20:34:28,465] {dag.py:2379} INFO - Sync 1 DAGs
[2023-08-28 20:34:28,510] {logging_mixin.py:115} INFO - [2023-08-28 20:34:28,510] {dag.py:2927} INFO - Setting next_dagrun for example_task_group_decorator to 2023-08-27T23:34:28.509477+00:00, run_after=2023-08-28T23:34:28.509477+00:00
[2023-08-28 20:34:28,555] {processor.py:161} INFO - Processing /home/felipe/airflow/venv/lib/python3.9/site-packages/airflow/example_dags/example_task_group_decorator.py took 0.359 seconds
[2023-08-28 20:35:08,222] {processor.py:153} INFO - Started process (PID=3292) to work on /home/felipe/airflow/venv/lib/python3.9/site-packages/airflow/example_dags/example_task_group_decorator.py
[2023-08-28 20:35:08,223] {processor.py:641} INFO - Processing file /home/felipe/airflow/venv/lib/python3.9/site-packages/airflow/example_dags/example_task_group_decorator.py for tasks to queue
[2023-08-28 20:35:08,225] {logging_mixin.py:115} INFO - [2023-08-28 20:35:08,225] {dagbag.py:507} INFO - Filling up the DagBag from /home/felipe/airflow/venv/lib/python3.9/site-packages/airflow/example_dags/example_task_group_decorator.py
[2023-08-28 20:35:08,341] {processor.py:651} INFO - DAG(s) dict_keys(['example_task_group_decorator']) retrieved from /home/felipe/airflow/venv/lib/python3.9/site-packages/airflow/example_dags/example_task_group_decorator.py
[2023-08-28 20:35:08,488] {logging_mixin.py:115} INFO - [2023-08-28 20:35:08,488] {dag.py:2379} INFO - Sync 1 DAGs
[2023-08-28 20:35:08,543] {logging_mixin.py:115} INFO - [2023-08-28 20:35:08,542] {dag.py:2927} INFO - Setting next_dagrun for example_task_group_decorator to 2023-08-27T23:35:08.542168+00:00, run_after=2023-08-28T23:35:08.542168+00:00
[2023-08-28 20:35:08,604] {processor.py:161} INFO - Processing /home/felipe/airflow/venv/lib/python3.9/site-packages/airflow/example_dags/example_task_group_decorator.py took 0.399 seconds
[2023-08-28 20:35:58,930] {processor.py:153} INFO - Started process (PID=3438) to work on /home/felipe/airflow/venv/lib/python3.9/site-packages/airflow/example_dags/example_task_group_decorator.py
[2023-08-28 20:35:58,936] {processor.py:641} INFO - Processing file /home/felipe/airflow/venv/lib/python3.9/site-packages/airflow/example_dags/example_task_group_decorator.py for tasks to queue
[2023-08-28 20:35:58,937] {logging_mixin.py:115} INFO - [2023-08-28 20:35:58,937] {dagbag.py:507} INFO - Filling up the DagBag from /home/felipe/airflow/venv/lib/python3.9/site-packages/airflow/example_dags/example_task_group_decorator.py
[2023-08-28 20:35:59,034] {processor.py:651} INFO - DAG(s) dict_keys(['example_task_group_decorator']) retrieved from /home/felipe/airflow/venv/lib/python3.9/site-packages/airflow/example_dags/example_task_group_decorator.py
[2023-08-28 20:35:59,085] {logging_mixin.py:115} INFO - [2023-08-28 20:35:59,085] {dag.py:2379} INFO - Sync 1 DAGs
[2023-08-28 20:35:59,129] {logging_mixin.py:115} INFO - [2023-08-28 20:35:59,129] {dag.py:2927} INFO - Setting next_dagrun for example_task_group_decorator to 2023-08-27T23:35:59.128222+00:00, run_after=2023-08-28T23:35:59.128222+00:00
[2023-08-28 20:35:59,167] {processor.py:161} INFO - Processing /home/felipe/airflow/venv/lib/python3.9/site-packages/airflow/example_dags/example_task_group_decorator.py took 0.251 seconds
[2023-08-28 20:36:50,598] {processor.py:153} INFO - Started process (PID=3582) to work on /home/felipe/airflow/venv/lib/python3.9/site-packages/airflow/example_dags/example_task_group_decorator.py
[2023-08-28 20:36:50,600] {processor.py:641} INFO - Processing file /home/felipe/airflow/venv/lib/python3.9/site-packages/airflow/example_dags/example_task_group_decorator.py for tasks to queue
[2023-08-28 20:36:50,602] {logging_mixin.py:115} INFO - [2023-08-28 20:36:50,602] {dagbag.py:507} INFO - Filling up the DagBag from /home/felipe/airflow/venv/lib/python3.9/site-packages/airflow/example_dags/example_task_group_decorator.py
[2023-08-28 20:36:50,684] {processor.py:651} INFO - DAG(s) dict_keys(['example_task_group_decorator']) retrieved from /home/felipe/airflow/venv/lib/python3.9/site-packages/airflow/example_dags/example_task_group_decorator.py
[2023-08-28 20:36:50,737] {logging_mixin.py:115} INFO - [2023-08-28 20:36:50,736] {dag.py:2379} INFO - Sync 1 DAGs
[2023-08-28 20:36:50,781] {logging_mixin.py:115} INFO - [2023-08-28 20:36:50,780] {dag.py:2927} INFO - Setting next_dagrun for example_task_group_decorator to 2023-08-27T23:36:50.779761+00:00, run_after=2023-08-28T23:36:50.779761+00:00
[2023-08-28 20:36:50,814] {processor.py:161} INFO - Processing /home/felipe/airflow/venv/lib/python3.9/site-packages/airflow/example_dags/example_task_group_decorator.py took 0.228 seconds
[2023-08-28 20:37:44,169] {processor.py:153} INFO - Started process (PID=3780) to work on /home/felipe/airflow/venv/lib/python3.9/site-packages/airflow/example_dags/example_task_group_decorator.py
[2023-08-28 20:37:44,171] {processor.py:641} INFO - Processing file /home/felipe/airflow/venv/lib/python3.9/site-packages/airflow/example_dags/example_task_group_decorator.py for tasks to queue
[2023-08-28 20:37:44,173] {logging_mixin.py:115} INFO - [2023-08-28 20:37:44,173] {dagbag.py:507} INFO - Filling up the DagBag from /home/felipe/airflow/venv/lib/python3.9/site-packages/airflow/example_dags/example_task_group_decorator.py
[2023-08-28 20:37:44,274] {processor.py:651} INFO - DAG(s) dict_keys(['example_task_group_decorator']) retrieved from /home/felipe/airflow/venv/lib/python3.9/site-packages/airflow/example_dags/example_task_group_decorator.py
[2023-08-28 20:37:44,398] {logging_mixin.py:115} INFO - [2023-08-28 20:37:44,398] {dag.py:2379} INFO - Sync 1 DAGs
[2023-08-28 20:37:44,440] {logging_mixin.py:115} INFO - [2023-08-28 20:37:44,436] {dag.py:2927} INFO - Setting next_dagrun for example_task_group_decorator to 2023-08-27T23:37:44.435319+00:00, run_after=2023-08-28T23:37:44.435319+00:00
[2023-08-28 20:37:44,478] {processor.py:161} INFO - Processing /home/felipe/airflow/venv/lib/python3.9/site-packages/airflow/example_dags/example_task_group_decorator.py took 0.322 seconds
[2023-08-28 20:38:24,790] {processor.py:153} INFO - Started process (PID=3915) to work on /home/felipe/airflow/venv/lib/python3.9/site-packages/airflow/example_dags/example_task_group_decorator.py
[2023-08-28 20:38:24,791] {processor.py:641} INFO - Processing file /home/felipe/airflow/venv/lib/python3.9/site-packages/airflow/example_dags/example_task_group_decorator.py for tasks to queue
[2023-08-28 20:38:24,795] {logging_mixin.py:115} INFO - [2023-08-28 20:38:24,795] {dagbag.py:507} INFO - Filling up the DagBag from /home/felipe/airflow/venv/lib/python3.9/site-packages/airflow/example_dags/example_task_group_decorator.py
[2023-08-28 20:38:24,902] {processor.py:651} INFO - DAG(s) dict_keys(['example_task_group_decorator']) retrieved from /home/felipe/airflow/venv/lib/python3.9/site-packages/airflow/example_dags/example_task_group_decorator.py
[2023-08-28 20:38:25,060] {logging_mixin.py:115} INFO - [2023-08-28 20:38:25,059] {dag.py:2379} INFO - Sync 1 DAGs
[2023-08-28 20:38:25,108] {logging_mixin.py:115} INFO - [2023-08-28 20:38:25,103] {dag.py:2927} INFO - Setting next_dagrun for example_task_group_decorator to 2023-08-27T23:38:25.102686+00:00, run_after=2023-08-28T23:38:25.102686+00:00
[2023-08-28 20:38:25,153] {processor.py:161} INFO - Processing /home/felipe/airflow/venv/lib/python3.9/site-packages/airflow/example_dags/example_task_group_decorator.py took 0.375 seconds
[2023-08-28 20:39:14,651] {processor.py:153} INFO - Started process (PID=4060) to work on /home/felipe/airflow/venv/lib/python3.9/site-packages/airflow/example_dags/example_task_group_decorator.py
[2023-08-28 20:39:14,654] {processor.py:641} INFO - Processing file /home/felipe/airflow/venv/lib/python3.9/site-packages/airflow/example_dags/example_task_group_decorator.py for tasks to queue
[2023-08-28 20:39:14,658] {logging_mixin.py:115} INFO - [2023-08-28 20:39:14,658] {dagbag.py:507} INFO - Filling up the DagBag from /home/felipe/airflow/venv/lib/python3.9/site-packages/airflow/example_dags/example_task_group_decorator.py
[2023-08-28 20:39:14,755] {processor.py:651} INFO - DAG(s) dict_keys(['example_task_group_decorator']) retrieved from /home/felipe/airflow/venv/lib/python3.9/site-packages/airflow/example_dags/example_task_group_decorator.py
[2023-08-28 20:39:14,811] {logging_mixin.py:115} INFO - [2023-08-28 20:39:14,811] {dag.py:2379} INFO - Sync 1 DAGs
[2023-08-28 20:39:14,872] {logging_mixin.py:115} INFO - [2023-08-28 20:39:14,872] {dag.py:2927} INFO - Setting next_dagrun for example_task_group_decorator to 2023-08-27T23:39:14.871339+00:00, run_after=2023-08-28T23:39:14.871339+00:00
[2023-08-28 20:39:14,916] {processor.py:161} INFO - Processing /home/felipe/airflow/venv/lib/python3.9/site-packages/airflow/example_dags/example_task_group_decorator.py took 0.278 seconds
[2023-08-28 20:39:59,211] {processor.py:153} INFO - Started process (PID=4337) to work on /home/felipe/airflow/venv/lib/python3.9/site-packages/airflow/example_dags/example_task_group_decorator.py
[2023-08-28 20:39:59,214] {processor.py:641} INFO - Processing file /home/felipe/airflow/venv/lib/python3.9/site-packages/airflow/example_dags/example_task_group_decorator.py for tasks to queue
[2023-08-28 20:39:59,225] {logging_mixin.py:115} INFO - [2023-08-28 20:39:59,224] {dagbag.py:507} INFO - Filling up the DagBag from /home/felipe/airflow/venv/lib/python3.9/site-packages/airflow/example_dags/example_task_group_decorator.py
[2023-08-28 20:39:59,521] {processor.py:651} INFO - DAG(s) dict_keys(['example_task_group_decorator']) retrieved from /home/felipe/airflow/venv/lib/python3.9/site-packages/airflow/example_dags/example_task_group_decorator.py
[2023-08-28 20:39:59,795] {logging_mixin.py:115} INFO - [2023-08-28 20:39:59,795] {dag.py:2379} INFO - Sync 1 DAGs
[2023-08-28 20:39:59,993] {logging_mixin.py:115} INFO - [2023-08-28 20:39:59,992] {dag.py:2927} INFO - Setting next_dagrun for example_task_group_decorator to 2023-08-27T23:39:59.991117+00:00, run_after=2023-08-28T23:39:59.991117+00:00
[2023-08-28 20:40:00,102] {processor.py:161} INFO - Processing /home/felipe/airflow/venv/lib/python3.9/site-packages/airflow/example_dags/example_task_group_decorator.py took 0.930 seconds
[2023-08-28 20:42:38,995] {processor.py:153} INFO - Started process (PID=5915) to work on /home/felipe/airflow/venv/lib/python3.9/site-packages/airflow/example_dags/example_task_group_decorator.py
[2023-08-28 20:42:38,997] {processor.py:641} INFO - Processing file /home/felipe/airflow/venv/lib/python3.9/site-packages/airflow/example_dags/example_task_group_decorator.py for tasks to queue
[2023-08-28 20:42:38,998] {logging_mixin.py:115} INFO - [2023-08-28 20:42:38,998] {dagbag.py:507} INFO - Filling up the DagBag from /home/felipe/airflow/venv/lib/python3.9/site-packages/airflow/example_dags/example_task_group_decorator.py
[2023-08-28 20:42:39,078] {processor.py:651} INFO - DAG(s) dict_keys(['example_task_group_decorator']) retrieved from /home/felipe/airflow/venv/lib/python3.9/site-packages/airflow/example_dags/example_task_group_decorator.py
[2023-08-28 20:42:39,219] {logging_mixin.py:115} INFO - [2023-08-28 20:42:39,219] {dag.py:2379} INFO - Sync 1 DAGs
[2023-08-28 20:42:39,267] {logging_mixin.py:115} INFO - [2023-08-28 20:42:39,267] {dag.py:2927} INFO - Setting next_dagrun for example_task_group_decorator to 2023-08-27T23:42:39.266411+00:00, run_after=2023-08-28T23:42:39.266411+00:00
[2023-08-28 20:42:39,310] {processor.py:161} INFO - Processing /home/felipe/airflow/venv/lib/python3.9/site-packages/airflow/example_dags/example_task_group_decorator.py took 0.326 seconds
[2023-08-28 20:43:39,946] {processor.py:153} INFO - Started process (PID=6176) to work on /home/felipe/airflow/venv/lib/python3.9/site-packages/airflow/example_dags/example_task_group_decorator.py
[2023-08-28 20:43:39,949] {processor.py:641} INFO - Processing file /home/felipe/airflow/venv/lib/python3.9/site-packages/airflow/example_dags/example_task_group_decorator.py for tasks to queue
[2023-08-28 20:43:39,951] {logging_mixin.py:115} INFO - [2023-08-28 20:43:39,950] {dagbag.py:507} INFO - Filling up the DagBag from /home/felipe/airflow/venv/lib/python3.9/site-packages/airflow/example_dags/example_task_group_decorator.py
[2023-08-28 20:43:40,068] {processor.py:651} INFO - DAG(s) dict_keys(['example_task_group_decorator']) retrieved from /home/felipe/airflow/venv/lib/python3.9/site-packages/airflow/example_dags/example_task_group_decorator.py
[2023-08-28 20:43:40,155] {logging_mixin.py:115} INFO - [2023-08-28 20:43:40,155] {dag.py:2379} INFO - Sync 1 DAGs
[2023-08-28 20:43:40,219] {logging_mixin.py:115} INFO - [2023-08-28 20:43:40,219] {dag.py:2927} INFO - Setting next_dagrun for example_task_group_decorator to 2023-08-27T23:43:40.218938+00:00, run_after=2023-08-28T23:43:40.218938+00:00
[2023-08-28 20:43:40,266] {processor.py:161} INFO - Processing /home/felipe/airflow/venv/lib/python3.9/site-packages/airflow/example_dags/example_task_group_decorator.py took 0.344 seconds
