[2023-08-28 19:04:30,041] {processor.py:153} INFO - Started process (PID=8137) to work on /home/felipe/airflow/venv/lib/python3.9/site-packages/airflow/example_dags/example_python_operator.py
[2023-08-28 19:04:30,044] {processor.py:641} INFO - Processing file /home/felipe/airflow/venv/lib/python3.9/site-packages/airflow/example_dags/example_python_operator.py for tasks to queue
[2023-08-28 19:04:30,045] {logging_mixin.py:115} INFO - [2023-08-28 19:04:30,045] {dagbag.py:507} INFO - Filling up the DagBag from /home/felipe/airflow/venv/lib/python3.9/site-packages/airflow/example_dags/example_python_operator.py
[2023-08-28 19:04:30,138] {logging_mixin.py:115} INFO - [2023-08-28 19:04:30,137] {example_python_operator.py:68} WARNING - The virtalenv_python example task requires virtualenv, please install it.
[2023-08-28 19:04:30,139] {processor.py:651} INFO - DAG(s) dict_keys(['example_python_operator']) retrieved from /home/felipe/airflow/venv/lib/python3.9/site-packages/airflow/example_dags/example_python_operator.py
[2023-08-28 19:04:30,433] {logging_mixin.py:115} INFO - [2023-08-28 19:04:30,433] {manager.py:508} INFO - Created Permission View: can delete on DAG:example_python_operator
[2023-08-28 19:04:30,479] {logging_mixin.py:115} INFO - [2023-08-28 19:04:30,478] {manager.py:508} INFO - Created Permission View: can read on DAG:example_python_operator
[2023-08-28 19:04:30,512] {logging_mixin.py:115} INFO - [2023-08-28 19:04:30,512] {manager.py:508} INFO - Created Permission View: can edit on DAG:example_python_operator
[2023-08-28 19:04:30,516] {logging_mixin.py:115} INFO - [2023-08-28 19:04:30,514] {dag.py:2379} INFO - Sync 1 DAGs
[2023-08-28 19:04:30,556] {logging_mixin.py:115} INFO - [2023-08-28 19:04:30,556] {dag.py:2398} INFO - Creating ORM DAG for example_python_operator
[2023-08-28 19:04:30,645] {logging_mixin.py:115} INFO - [2023-08-28 19:04:30,645] {dag.py:2927} INFO - Setting next_dagrun for example_python_operator to None, run_after=None
[2023-08-28 19:04:30,721] {processor.py:161} INFO - Processing /home/felipe/airflow/venv/lib/python3.9/site-packages/airflow/example_dags/example_python_operator.py took 0.697 seconds
[2023-08-28 19:05:55,603] {processor.py:153} INFO - Started process (PID=8815) to work on /home/felipe/airflow/venv/lib/python3.9/site-packages/airflow/example_dags/example_python_operator.py
[2023-08-28 19:05:55,604] {processor.py:641} INFO - Processing file /home/felipe/airflow/venv/lib/python3.9/site-packages/airflow/example_dags/example_python_operator.py for tasks to queue
[2023-08-28 19:05:55,606] {logging_mixin.py:115} INFO - [2023-08-28 19:05:55,606] {dagbag.py:507} INFO - Filling up the DagBag from /home/felipe/airflow/venv/lib/python3.9/site-packages/airflow/example_dags/example_python_operator.py
[2023-08-28 19:05:55,751] {logging_mixin.py:115} INFO - [2023-08-28 19:05:55,751] {example_python_operator.py:68} WARNING - The virtalenv_python example task requires virtualenv, please install it.
[2023-08-28 19:05:55,752] {processor.py:651} INFO - DAG(s) dict_keys(['example_python_operator']) retrieved from /home/felipe/airflow/venv/lib/python3.9/site-packages/airflow/example_dags/example_python_operator.py
[2023-08-28 19:05:55,836] {logging_mixin.py:115} INFO - [2023-08-28 19:05:55,836] {dag.py:2379} INFO - Sync 1 DAGs
[2023-08-28 19:05:55,930] {logging_mixin.py:115} INFO - [2023-08-28 19:05:55,929] {dag.py:2927} INFO - Setting next_dagrun for example_python_operator to None, run_after=None
[2023-08-28 19:05:56,004] {processor.py:161} INFO - Processing /home/felipe/airflow/venv/lib/python3.9/site-packages/airflow/example_dags/example_python_operator.py took 0.420 seconds
[2023-08-28 19:08:06,649] {processor.py:153} INFO - Started process (PID=9969) to work on /home/felipe/airflow/venv/lib/python3.9/site-packages/airflow/example_dags/example_python_operator.py
[2023-08-28 19:08:06,651] {processor.py:641} INFO - Processing file /home/felipe/airflow/venv/lib/python3.9/site-packages/airflow/example_dags/example_python_operator.py for tasks to queue
[2023-08-28 19:08:06,653] {logging_mixin.py:115} INFO - [2023-08-28 19:08:06,652] {dagbag.py:507} INFO - Filling up the DagBag from /home/felipe/airflow/venv/lib/python3.9/site-packages/airflow/example_dags/example_python_operator.py
[2023-08-28 19:08:06,845] {logging_mixin.py:115} INFO - [2023-08-28 19:08:06,845] {example_python_operator.py:68} WARNING - The virtalenv_python example task requires virtualenv, please install it.
[2023-08-28 19:08:06,847] {processor.py:651} INFO - DAG(s) dict_keys(['example_python_operator']) retrieved from /home/felipe/airflow/venv/lib/python3.9/site-packages/airflow/example_dags/example_python_operator.py
[2023-08-28 19:08:06,999] {logging_mixin.py:115} INFO - [2023-08-28 19:08:06,996] {dag.py:2379} INFO - Sync 1 DAGs
[2023-08-28 19:08:07,253] {logging_mixin.py:115} INFO - [2023-08-28 19:08:07,252] {dag.py:2927} INFO - Setting next_dagrun for example_python_operator to None, run_after=None
[2023-08-28 19:08:07,352] {processor.py:161} INFO - Processing /home/felipe/airflow/venv/lib/python3.9/site-packages/airflow/example_dags/example_python_operator.py took 0.731 seconds
[2023-08-28 19:09:19,195] {processor.py:153} INFO - Started process (PID=10563) to work on /home/felipe/airflow/venv/lib/python3.9/site-packages/airflow/example_dags/example_python_operator.py
[2023-08-28 19:09:19,196] {processor.py:641} INFO - Processing file /home/felipe/airflow/venv/lib/python3.9/site-packages/airflow/example_dags/example_python_operator.py for tasks to queue
[2023-08-28 19:09:19,198] {logging_mixin.py:115} INFO - [2023-08-28 19:09:19,198] {dagbag.py:507} INFO - Filling up the DagBag from /home/felipe/airflow/venv/lib/python3.9/site-packages/airflow/example_dags/example_python_operator.py
[2023-08-28 19:09:19,297] {logging_mixin.py:115} INFO - [2023-08-28 19:09:19,297] {example_python_operator.py:68} WARNING - The virtalenv_python example task requires virtualenv, please install it.
[2023-08-28 19:09:19,299] {processor.py:651} INFO - DAG(s) dict_keys(['example_python_operator']) retrieved from /home/felipe/airflow/venv/lib/python3.9/site-packages/airflow/example_dags/example_python_operator.py
[2023-08-28 19:09:19,376] {logging_mixin.py:115} INFO - [2023-08-28 19:09:19,375] {dag.py:2379} INFO - Sync 1 DAGs
[2023-08-28 19:09:19,447] {logging_mixin.py:115} INFO - [2023-08-28 19:09:19,447] {dag.py:2927} INFO - Setting next_dagrun for example_python_operator to None, run_after=None
[2023-08-28 19:09:19,517] {processor.py:161} INFO - Processing /home/felipe/airflow/venv/lib/python3.9/site-packages/airflow/example_dags/example_python_operator.py took 0.337 seconds
[2023-08-28 19:10:14,483] {processor.py:153} INFO - Started process (PID=10908) to work on /home/felipe/airflow/venv/lib/python3.9/site-packages/airflow/example_dags/example_python_operator.py
[2023-08-28 19:10:14,484] {processor.py:641} INFO - Processing file /home/felipe/airflow/venv/lib/python3.9/site-packages/airflow/example_dags/example_python_operator.py for tasks to queue
[2023-08-28 19:10:14,486] {logging_mixin.py:115} INFO - [2023-08-28 19:10:14,486] {dagbag.py:507} INFO - Filling up the DagBag from /home/felipe/airflow/venv/lib/python3.9/site-packages/airflow/example_dags/example_python_operator.py
[2023-08-28 19:10:14,555] {logging_mixin.py:115} INFO - [2023-08-28 19:10:14,555] {example_python_operator.py:68} WARNING - The virtalenv_python example task requires virtualenv, please install it.
[2023-08-28 19:10:14,557] {processor.py:651} INFO - DAG(s) dict_keys(['example_python_operator']) retrieved from /home/felipe/airflow/venv/lib/python3.9/site-packages/airflow/example_dags/example_python_operator.py
[2023-08-28 19:10:14,606] {logging_mixin.py:115} INFO - [2023-08-28 19:10:14,606] {dag.py:2379} INFO - Sync 1 DAGs
[2023-08-28 19:10:14,649] {logging_mixin.py:115} INFO - [2023-08-28 19:10:14,648] {dag.py:2927} INFO - Setting next_dagrun for example_python_operator to None, run_after=None
[2023-08-28 19:10:14,681] {processor.py:161} INFO - Processing /home/felipe/airflow/venv/lib/python3.9/site-packages/airflow/example_dags/example_python_operator.py took 0.210 seconds
[2023-08-28 19:11:10,087] {processor.py:153} INFO - Started process (PID=11053) to work on /home/felipe/airflow/venv/lib/python3.9/site-packages/airflow/example_dags/example_python_operator.py
[2023-08-28 19:11:10,101] {processor.py:641} INFO - Processing file /home/felipe/airflow/venv/lib/python3.9/site-packages/airflow/example_dags/example_python_operator.py for tasks to queue
[2023-08-28 19:11:10,103] {logging_mixin.py:115} INFO - [2023-08-28 19:11:10,103] {dagbag.py:507} INFO - Filling up the DagBag from /home/felipe/airflow/venv/lib/python3.9/site-packages/airflow/example_dags/example_python_operator.py
[2023-08-28 19:11:10,210] {logging_mixin.py:115} INFO - [2023-08-28 19:11:10,210] {example_python_operator.py:68} WARNING - The virtalenv_python example task requires virtualenv, please install it.
[2023-08-28 19:11:10,212] {processor.py:651} INFO - DAG(s) dict_keys(['example_python_operator']) retrieved from /home/felipe/airflow/venv/lib/python3.9/site-packages/airflow/example_dags/example_python_operator.py
[2023-08-28 19:11:10,280] {logging_mixin.py:115} INFO - [2023-08-28 19:11:10,280] {dag.py:2379} INFO - Sync 1 DAGs
[2023-08-28 19:11:10,354] {logging_mixin.py:115} INFO - [2023-08-28 19:11:10,354] {dag.py:2927} INFO - Setting next_dagrun for example_python_operator to None, run_after=None
[2023-08-28 19:11:10,402] {processor.py:161} INFO - Processing /home/felipe/airflow/venv/lib/python3.9/site-packages/airflow/example_dags/example_python_operator.py took 0.355 seconds
[2023-08-28 19:12:03,202] {processor.py:153} INFO - Started process (PID=11247) to work on /home/felipe/airflow/venv/lib/python3.9/site-packages/airflow/example_dags/example_python_operator.py
[2023-08-28 19:12:03,203] {processor.py:641} INFO - Processing file /home/felipe/airflow/venv/lib/python3.9/site-packages/airflow/example_dags/example_python_operator.py for tasks to queue
[2023-08-28 19:12:03,205] {logging_mixin.py:115} INFO - [2023-08-28 19:12:03,205] {dagbag.py:507} INFO - Filling up the DagBag from /home/felipe/airflow/venv/lib/python3.9/site-packages/airflow/example_dags/example_python_operator.py
[2023-08-28 19:12:03,373] {logging_mixin.py:115} INFO - [2023-08-28 19:12:03,373] {example_python_operator.py:68} WARNING - The virtalenv_python example task requires virtualenv, please install it.
[2023-08-28 19:12:03,374] {processor.py:651} INFO - DAG(s) dict_keys(['example_python_operator']) retrieved from /home/felipe/airflow/venv/lib/python3.9/site-packages/airflow/example_dags/example_python_operator.py
[2023-08-28 19:12:03,481] {logging_mixin.py:115} INFO - [2023-08-28 19:12:03,481] {dag.py:2379} INFO - Sync 1 DAGs
[2023-08-28 19:12:03,629] {logging_mixin.py:115} INFO - [2023-08-28 19:12:03,625] {dag.py:2927} INFO - Setting next_dagrun for example_python_operator to None, run_after=None
[2023-08-28 19:12:03,701] {processor.py:161} INFO - Processing /home/felipe/airflow/venv/lib/python3.9/site-packages/airflow/example_dags/example_python_operator.py took 0.518 seconds
[2023-08-28 19:13:14,789] {processor.py:153} INFO - Started process (PID=11678) to work on /home/felipe/airflow/venv/lib/python3.9/site-packages/airflow/example_dags/example_python_operator.py
[2023-08-28 19:13:14,800] {processor.py:641} INFO - Processing file /home/felipe/airflow/venv/lib/python3.9/site-packages/airflow/example_dags/example_python_operator.py for tasks to queue
[2023-08-28 19:13:14,805] {logging_mixin.py:115} INFO - [2023-08-28 19:13:14,804] {dagbag.py:507} INFO - Filling up the DagBag from /home/felipe/airflow/venv/lib/python3.9/site-packages/airflow/example_dags/example_python_operator.py
[2023-08-28 19:13:15,065] {logging_mixin.py:115} INFO - [2023-08-28 19:13:15,065] {example_python_operator.py:68} WARNING - The virtalenv_python example task requires virtualenv, please install it.
[2023-08-28 19:13:15,067] {processor.py:651} INFO - DAG(s) dict_keys(['example_python_operator']) retrieved from /home/felipe/airflow/venv/lib/python3.9/site-packages/airflow/example_dags/example_python_operator.py
[2023-08-28 19:13:15,320] {logging_mixin.py:115} INFO - [2023-08-28 19:13:15,320] {dag.py:2379} INFO - Sync 1 DAGs
[2023-08-28 19:13:15,614] {logging_mixin.py:115} INFO - [2023-08-28 19:13:15,606] {dag.py:2927} INFO - Setting next_dagrun for example_python_operator to None, run_after=None
[2023-08-28 19:13:15,950] {processor.py:161} INFO - Processing /home/felipe/airflow/venv/lib/python3.9/site-packages/airflow/example_dags/example_python_operator.py took 1.195 seconds
[2023-08-28 19:14:19,181] {processor.py:153} INFO - Started process (PID=12022) to work on /home/felipe/airflow/venv/lib/python3.9/site-packages/airflow/example_dags/example_python_operator.py
[2023-08-28 19:14:19,186] {processor.py:641} INFO - Processing file /home/felipe/airflow/venv/lib/python3.9/site-packages/airflow/example_dags/example_python_operator.py for tasks to queue
[2023-08-28 19:14:19,201] {logging_mixin.py:115} INFO - [2023-08-28 19:14:19,200] {dagbag.py:507} INFO - Filling up the DagBag from /home/felipe/airflow/venv/lib/python3.9/site-packages/airflow/example_dags/example_python_operator.py
[2023-08-28 19:14:19,532] {logging_mixin.py:115} INFO - [2023-08-28 19:14:19,532] {example_python_operator.py:68} WARNING - The virtalenv_python example task requires virtualenv, please install it.
[2023-08-28 19:14:19,546] {processor.py:651} INFO - DAG(s) dict_keys(['example_python_operator']) retrieved from /home/felipe/airflow/venv/lib/python3.9/site-packages/airflow/example_dags/example_python_operator.py
[2023-08-28 19:14:19,916] {logging_mixin.py:115} INFO - [2023-08-28 19:14:19,915] {dag.py:2379} INFO - Sync 1 DAGs
[2023-08-28 19:14:20,234] {logging_mixin.py:115} INFO - [2023-08-28 19:14:20,234] {dag.py:2927} INFO - Setting next_dagrun for example_python_operator to None, run_after=None
[2023-08-28 19:14:20,361] {processor.py:161} INFO - Processing /home/felipe/airflow/venv/lib/python3.9/site-packages/airflow/example_dags/example_python_operator.py took 1.225 seconds
[2023-08-28 19:15:58,267] {processor.py:153} INFO - Started process (PID=12510) to work on /home/felipe/airflow/venv/lib/python3.9/site-packages/airflow/example_dags/example_python_operator.py
[2023-08-28 19:15:58,270] {processor.py:641} INFO - Processing file /home/felipe/airflow/venv/lib/python3.9/site-packages/airflow/example_dags/example_python_operator.py for tasks to queue
[2023-08-28 19:15:58,273] {logging_mixin.py:115} INFO - [2023-08-28 19:15:58,273] {dagbag.py:507} INFO - Filling up the DagBag from /home/felipe/airflow/venv/lib/python3.9/site-packages/airflow/example_dags/example_python_operator.py
[2023-08-28 19:15:58,451] {logging_mixin.py:115} INFO - [2023-08-28 19:15:58,451] {example_python_operator.py:68} WARNING - The virtalenv_python example task requires virtualenv, please install it.
[2023-08-28 19:15:58,453] {processor.py:651} INFO - DAG(s) dict_keys(['example_python_operator']) retrieved from /home/felipe/airflow/venv/lib/python3.9/site-packages/airflow/example_dags/example_python_operator.py
[2023-08-28 19:15:58,603] {logging_mixin.py:115} INFO - [2023-08-28 19:15:58,600] {dag.py:2379} INFO - Sync 1 DAGs
[2023-08-28 19:15:58,707] {logging_mixin.py:115} INFO - [2023-08-28 19:15:58,707] {dag.py:2927} INFO - Setting next_dagrun for example_python_operator to None, run_after=None
[2023-08-28 19:15:58,764] {processor.py:161} INFO - Processing /home/felipe/airflow/venv/lib/python3.9/site-packages/airflow/example_dags/example_python_operator.py took 0.524 seconds
[2023-08-28 19:17:03,059] {processor.py:153} INFO - Started process (PID=12711) to work on /home/felipe/airflow/venv/lib/python3.9/site-packages/airflow/example_dags/example_python_operator.py
[2023-08-28 19:17:03,086] {processor.py:641} INFO - Processing file /home/felipe/airflow/venv/lib/python3.9/site-packages/airflow/example_dags/example_python_operator.py for tasks to queue
[2023-08-28 19:17:03,093] {logging_mixin.py:115} INFO - [2023-08-28 19:17:03,092] {dagbag.py:507} INFO - Filling up the DagBag from /home/felipe/airflow/venv/lib/python3.9/site-packages/airflow/example_dags/example_python_operator.py
[2023-08-28 19:17:03,489] {logging_mixin.py:115} INFO - [2023-08-28 19:17:03,489] {example_python_operator.py:68} WARNING - The virtalenv_python example task requires virtualenv, please install it.
[2023-08-28 19:17:03,491] {processor.py:651} INFO - DAG(s) dict_keys(['example_python_operator']) retrieved from /home/felipe/airflow/venv/lib/python3.9/site-packages/airflow/example_dags/example_python_operator.py
[2023-08-28 19:17:03,739] {logging_mixin.py:115} INFO - [2023-08-28 19:17:03,739] {dag.py:2379} INFO - Sync 1 DAGs
[2023-08-28 19:17:04,027] {logging_mixin.py:115} INFO - [2023-08-28 19:17:04,027] {dag.py:2927} INFO - Setting next_dagrun for example_python_operator to None, run_after=None
[2023-08-28 19:17:04,105] {processor.py:161} INFO - Processing /home/felipe/airflow/venv/lib/python3.9/site-packages/airflow/example_dags/example_python_operator.py took 1.146 seconds
[2023-08-28 19:20:06,293] {processor.py:153} INFO - Started process (PID=13490) to work on /home/felipe/airflow/venv/lib/python3.9/site-packages/airflow/example_dags/example_python_operator.py
[2023-08-28 19:20:06,295] {processor.py:641} INFO - Processing file /home/felipe/airflow/venv/lib/python3.9/site-packages/airflow/example_dags/example_python_operator.py for tasks to queue
[2023-08-28 19:20:06,298] {logging_mixin.py:115} INFO - [2023-08-28 19:20:06,298] {dagbag.py:507} INFO - Filling up the DagBag from /home/felipe/airflow/venv/lib/python3.9/site-packages/airflow/example_dags/example_python_operator.py
[2023-08-28 19:20:06,422] {logging_mixin.py:115} INFO - [2023-08-28 19:20:06,422] {example_python_operator.py:68} WARNING - The virtalenv_python example task requires virtualenv, please install it.
[2023-08-28 19:20:06,425] {processor.py:651} INFO - DAG(s) dict_keys(['example_python_operator']) retrieved from /home/felipe/airflow/venv/lib/python3.9/site-packages/airflow/example_dags/example_python_operator.py
[2023-08-28 19:20:06,525] {logging_mixin.py:115} INFO - [2023-08-28 19:20:06,525] {dag.py:2379} INFO - Sync 1 DAGs
[2023-08-28 19:20:06,603] {logging_mixin.py:115} INFO - [2023-08-28 19:20:06,603] {dag.py:2927} INFO - Setting next_dagrun for example_python_operator to None, run_after=None
[2023-08-28 19:20:06,642] {processor.py:161} INFO - Processing /home/felipe/airflow/venv/lib/python3.9/site-packages/airflow/example_dags/example_python_operator.py took 0.363 seconds
[2023-08-28 19:21:37,931] {processor.py:153} INFO - Started process (PID=14388) to work on /home/felipe/airflow/venv/lib/python3.9/site-packages/airflow/example_dags/example_python_operator.py
[2023-08-28 19:21:37,932] {processor.py:641} INFO - Processing file /home/felipe/airflow/venv/lib/python3.9/site-packages/airflow/example_dags/example_python_operator.py for tasks to queue
[2023-08-28 19:21:37,934] {logging_mixin.py:115} INFO - [2023-08-28 19:21:37,933] {dagbag.py:507} INFO - Filling up the DagBag from /home/felipe/airflow/venv/lib/python3.9/site-packages/airflow/example_dags/example_python_operator.py
[2023-08-28 19:21:38,016] {logging_mixin.py:115} INFO - [2023-08-28 19:21:38,016] {example_python_operator.py:68} WARNING - The virtalenv_python example task requires virtualenv, please install it.
[2023-08-28 19:21:38,017] {processor.py:651} INFO - DAG(s) dict_keys(['example_python_operator']) retrieved from /home/felipe/airflow/venv/lib/python3.9/site-packages/airflow/example_dags/example_python_operator.py
[2023-08-28 19:21:38,075] {logging_mixin.py:115} INFO - [2023-08-28 19:21:38,075] {dag.py:2379} INFO - Sync 1 DAGs
[2023-08-28 19:21:38,129] {logging_mixin.py:115} INFO - [2023-08-28 19:21:38,128] {dag.py:2927} INFO - Setting next_dagrun for example_python_operator to None, run_after=None
[2023-08-28 19:21:38,161] {processor.py:161} INFO - Processing /home/felipe/airflow/venv/lib/python3.9/site-packages/airflow/example_dags/example_python_operator.py took 0.245 seconds
[2023-08-28 19:23:00,732] {processor.py:153} INFO - Started process (PID=14949) to work on /home/felipe/airflow/venv/lib/python3.9/site-packages/airflow/example_dags/example_python_operator.py
[2023-08-28 19:23:00,743] {processor.py:641} INFO - Processing file /home/felipe/airflow/venv/lib/python3.9/site-packages/airflow/example_dags/example_python_operator.py for tasks to queue
[2023-08-28 19:23:00,746] {logging_mixin.py:115} INFO - [2023-08-28 19:23:00,746] {dagbag.py:507} INFO - Filling up the DagBag from /home/felipe/airflow/venv/lib/python3.9/site-packages/airflow/example_dags/example_python_operator.py
[2023-08-28 19:23:01,040] {logging_mixin.py:115} INFO - [2023-08-28 19:23:01,040] {example_python_operator.py:68} WARNING - The virtalenv_python example task requires virtualenv, please install it.
[2023-08-28 19:23:01,045] {processor.py:651} INFO - DAG(s) dict_keys(['example_python_operator']) retrieved from /home/felipe/airflow/venv/lib/python3.9/site-packages/airflow/example_dags/example_python_operator.py
[2023-08-28 19:23:01,295] {logging_mixin.py:115} INFO - [2023-08-28 19:23:01,295] {dag.py:2379} INFO - Sync 1 DAGs
[2023-08-28 19:23:01,544] {logging_mixin.py:115} INFO - [2023-08-28 19:23:01,544] {dag.py:2927} INFO - Setting next_dagrun for example_python_operator to None, run_after=None
[2023-08-28 19:23:01,609] {processor.py:161} INFO - Processing /home/felipe/airflow/venv/lib/python3.9/site-packages/airflow/example_dags/example_python_operator.py took 0.913 seconds
[2023-08-28 19:24:10,069] {processor.py:153} INFO - Started process (PID=15351) to work on /home/felipe/airflow/venv/lib/python3.9/site-packages/airflow/example_dags/example_python_operator.py
[2023-08-28 19:24:10,072] {processor.py:641} INFO - Processing file /home/felipe/airflow/venv/lib/python3.9/site-packages/airflow/example_dags/example_python_operator.py for tasks to queue
[2023-08-28 19:24:10,074] {logging_mixin.py:115} INFO - [2023-08-28 19:24:10,074] {dagbag.py:507} INFO - Filling up the DagBag from /home/felipe/airflow/venv/lib/python3.9/site-packages/airflow/example_dags/example_python_operator.py
[2023-08-28 19:24:10,188] {logging_mixin.py:115} INFO - [2023-08-28 19:24:10,187] {example_python_operator.py:68} WARNING - The virtalenv_python example task requires virtualenv, please install it.
[2023-08-28 19:24:10,190] {processor.py:651} INFO - DAG(s) dict_keys(['example_python_operator']) retrieved from /home/felipe/airflow/venv/lib/python3.9/site-packages/airflow/example_dags/example_python_operator.py
[2023-08-28 19:24:10,275] {logging_mixin.py:115} INFO - [2023-08-28 19:24:10,274] {dag.py:2379} INFO - Sync 1 DAGs
[2023-08-28 19:24:10,371] {logging_mixin.py:115} INFO - [2023-08-28 19:24:10,370] {dag.py:2927} INFO - Setting next_dagrun for example_python_operator to None, run_after=None
[2023-08-28 19:24:10,421] {processor.py:161} INFO - Processing /home/felipe/airflow/venv/lib/python3.9/site-packages/airflow/example_dags/example_python_operator.py took 0.376 seconds
[2023-08-28 19:25:22,054] {processor.py:153} INFO - Started process (PID=15739) to work on /home/felipe/airflow/venv/lib/python3.9/site-packages/airflow/example_dags/example_python_operator.py
[2023-08-28 19:25:22,158] {processor.py:641} INFO - Processing file /home/felipe/airflow/venv/lib/python3.9/site-packages/airflow/example_dags/example_python_operator.py for tasks to queue
[2023-08-28 19:25:22,162] {logging_mixin.py:115} INFO - [2023-08-28 19:25:22,161] {dagbag.py:507} INFO - Filling up the DagBag from /home/felipe/airflow/venv/lib/python3.9/site-packages/airflow/example_dags/example_python_operator.py
[2023-08-28 19:25:22,984] {logging_mixin.py:115} INFO - [2023-08-28 19:25:22,984] {example_python_operator.py:68} WARNING - The virtalenv_python example task requires virtualenv, please install it.
[2023-08-28 19:25:22,987] {processor.py:651} INFO - DAG(s) dict_keys(['example_python_operator']) retrieved from /home/felipe/airflow/venv/lib/python3.9/site-packages/airflow/example_dags/example_python_operator.py
[2023-08-28 19:25:23,307] {logging_mixin.py:115} INFO - [2023-08-28 19:25:23,307] {dag.py:2379} INFO - Sync 1 DAGs
[2023-08-28 19:25:23,571] {logging_mixin.py:115} INFO - [2023-08-28 19:25:23,571] {dag.py:2927} INFO - Setting next_dagrun for example_python_operator to None, run_after=None
[2023-08-28 19:25:23,775] {processor.py:161} INFO - Processing /home/felipe/airflow/venv/lib/python3.9/site-packages/airflow/example_dags/example_python_operator.py took 1.832 seconds
[2023-08-28 19:27:13,549] {processor.py:153} INFO - Started process (PID=16769) to work on /home/felipe/airflow/venv/lib/python3.9/site-packages/airflow/example_dags/example_python_operator.py
[2023-08-28 19:27:13,553] {processor.py:641} INFO - Processing file /home/felipe/airflow/venv/lib/python3.9/site-packages/airflow/example_dags/example_python_operator.py for tasks to queue
[2023-08-28 19:27:13,555] {logging_mixin.py:115} INFO - [2023-08-28 19:27:13,555] {dagbag.py:507} INFO - Filling up the DagBag from /home/felipe/airflow/venv/lib/python3.9/site-packages/airflow/example_dags/example_python_operator.py
[2023-08-28 19:27:13,653] {logging_mixin.py:115} INFO - [2023-08-28 19:27:13,653] {example_python_operator.py:68} WARNING - The virtalenv_python example task requires virtualenv, please install it.
[2023-08-28 19:27:13,654] {processor.py:651} INFO - DAG(s) dict_keys(['example_python_operator']) retrieved from /home/felipe/airflow/venv/lib/python3.9/site-packages/airflow/example_dags/example_python_operator.py
[2023-08-28 19:27:13,720] {logging_mixin.py:115} INFO - [2023-08-28 19:27:13,720] {dag.py:2379} INFO - Sync 1 DAGs
[2023-08-28 19:27:13,847] {logging_mixin.py:115} INFO - [2023-08-28 19:27:13,847] {dag.py:2927} INFO - Setting next_dagrun for example_python_operator to None, run_after=None
[2023-08-28 19:27:13,920] {processor.py:161} INFO - Processing /home/felipe/airflow/venv/lib/python3.9/site-packages/airflow/example_dags/example_python_operator.py took 0.387 seconds
[2023-08-28 20:10:17,699] {processor.py:153} INFO - Started process (PID=25982) to work on /home/felipe/airflow/venv/lib/python3.9/site-packages/airflow/example_dags/example_python_operator.py
[2023-08-28 20:10:17,700] {processor.py:641} INFO - Processing file /home/felipe/airflow/venv/lib/python3.9/site-packages/airflow/example_dags/example_python_operator.py for tasks to queue
[2023-08-28 20:10:17,702] {logging_mixin.py:115} INFO - [2023-08-28 20:10:17,702] {dagbag.py:507} INFO - Filling up the DagBag from /home/felipe/airflow/venv/lib/python3.9/site-packages/airflow/example_dags/example_python_operator.py
[2023-08-28 20:10:17,882] {logging_mixin.py:115} INFO - [2023-08-28 20:10:17,881] {example_python_operator.py:68} WARNING - The virtalenv_python example task requires virtualenv, please install it.
[2023-08-28 20:10:17,884] {processor.py:651} INFO - DAG(s) dict_keys(['example_python_operator']) retrieved from /home/felipe/airflow/venv/lib/python3.9/site-packages/airflow/example_dags/example_python_operator.py
[2023-08-28 20:10:18,031] {logging_mixin.py:115} INFO - [2023-08-28 20:10:18,030] {dag.py:2379} INFO - Sync 1 DAGs
[2023-08-28 20:10:18,120] {logging_mixin.py:115} INFO - [2023-08-28 20:10:18,120] {dag.py:2927} INFO - Setting next_dagrun for example_python_operator to None, run_after=None
[2023-08-28 20:10:18,436] {processor.py:161} INFO - Processing /home/felipe/airflow/venv/lib/python3.9/site-packages/airflow/example_dags/example_python_operator.py took 0.753 seconds
[2023-08-28 20:11:25,292] {processor.py:153} INFO - Started process (PID=26276) to work on /home/felipe/airflow/venv/lib/python3.9/site-packages/airflow/example_dags/example_python_operator.py
[2023-08-28 20:11:25,294] {processor.py:641} INFO - Processing file /home/felipe/airflow/venv/lib/python3.9/site-packages/airflow/example_dags/example_python_operator.py for tasks to queue
[2023-08-28 20:11:25,295] {logging_mixin.py:115} INFO - [2023-08-28 20:11:25,295] {dagbag.py:507} INFO - Filling up the DagBag from /home/felipe/airflow/venv/lib/python3.9/site-packages/airflow/example_dags/example_python_operator.py
[2023-08-28 20:11:25,432] {logging_mixin.py:115} INFO - [2023-08-28 20:11:25,432] {example_python_operator.py:68} WARNING - The virtalenv_python example task requires virtualenv, please install it.
[2023-08-28 20:11:25,433] {processor.py:651} INFO - DAG(s) dict_keys(['example_python_operator']) retrieved from /home/felipe/airflow/venv/lib/python3.9/site-packages/airflow/example_dags/example_python_operator.py
[2023-08-28 20:11:25,510] {logging_mixin.py:115} INFO - [2023-08-28 20:11:25,510] {dag.py:2379} INFO - Sync 1 DAGs
[2023-08-28 20:11:25,582] {logging_mixin.py:115} INFO - [2023-08-28 20:11:25,581] {dag.py:2927} INFO - Setting next_dagrun for example_python_operator to None, run_after=None
[2023-08-28 20:11:25,623] {processor.py:161} INFO - Processing /home/felipe/airflow/venv/lib/python3.9/site-packages/airflow/example_dags/example_python_operator.py took 0.345 seconds
[2023-08-28 20:14:09,000] {processor.py:153} INFO - Started process (PID=27088) to work on /home/felipe/airflow/venv/lib/python3.9/site-packages/airflow/example_dags/example_python_operator.py
[2023-08-28 20:14:09,002] {processor.py:641} INFO - Processing file /home/felipe/airflow/venv/lib/python3.9/site-packages/airflow/example_dags/example_python_operator.py for tasks to queue
[2023-08-28 20:14:09,004] {logging_mixin.py:115} INFO - [2023-08-28 20:14:09,003] {dagbag.py:507} INFO - Filling up the DagBag from /home/felipe/airflow/venv/lib/python3.9/site-packages/airflow/example_dags/example_python_operator.py
[2023-08-28 20:14:09,072] {logging_mixin.py:115} INFO - [2023-08-28 20:14:09,071] {example_python_operator.py:68} WARNING - The virtalenv_python example task requires virtualenv, please install it.
[2023-08-28 20:14:09,073] {processor.py:651} INFO - DAG(s) dict_keys(['example_python_operator']) retrieved from /home/felipe/airflow/venv/lib/python3.9/site-packages/airflow/example_dags/example_python_operator.py
[2023-08-28 20:14:09,130] {logging_mixin.py:115} INFO - [2023-08-28 20:14:09,130] {dag.py:2379} INFO - Sync 1 DAGs
[2023-08-28 20:14:09,175] {logging_mixin.py:115} INFO - [2023-08-28 20:14:09,175] {dag.py:2927} INFO - Setting next_dagrun for example_python_operator to None, run_after=None
[2023-08-28 20:14:09,208] {processor.py:161} INFO - Processing /home/felipe/airflow/venv/lib/python3.9/site-packages/airflow/example_dags/example_python_operator.py took 0.219 seconds
[2023-08-28 20:14:59,178] {processor.py:153} INFO - Started process (PID=27263) to work on /home/felipe/airflow/venv/lib/python3.9/site-packages/airflow/example_dags/example_python_operator.py
[2023-08-28 20:14:59,179] {processor.py:641} INFO - Processing file /home/felipe/airflow/venv/lib/python3.9/site-packages/airflow/example_dags/example_python_operator.py for tasks to queue
[2023-08-28 20:14:59,180] {logging_mixin.py:115} INFO - [2023-08-28 20:14:59,180] {dagbag.py:507} INFO - Filling up the DagBag from /home/felipe/airflow/venv/lib/python3.9/site-packages/airflow/example_dags/example_python_operator.py
[2023-08-28 20:14:59,244] {logging_mixin.py:115} INFO - [2023-08-28 20:14:59,244] {example_python_operator.py:68} WARNING - The virtalenv_python example task requires virtualenv, please install it.
[2023-08-28 20:14:59,245] {processor.py:651} INFO - DAG(s) dict_keys(['example_python_operator']) retrieved from /home/felipe/airflow/venv/lib/python3.9/site-packages/airflow/example_dags/example_python_operator.py
[2023-08-28 20:14:59,302] {logging_mixin.py:115} INFO - [2023-08-28 20:14:59,302] {dag.py:2379} INFO - Sync 1 DAGs
[2023-08-28 20:14:59,347] {logging_mixin.py:115} INFO - [2023-08-28 20:14:59,346] {dag.py:2927} INFO - Setting next_dagrun for example_python_operator to None, run_after=None
[2023-08-28 20:14:59,378] {processor.py:161} INFO - Processing /home/felipe/airflow/venv/lib/python3.9/site-packages/airflow/example_dags/example_python_operator.py took 0.212 seconds
[2023-08-28 20:15:49,234] {processor.py:153} INFO - Started process (PID=27504) to work on /home/felipe/airflow/venv/lib/python3.9/site-packages/airflow/example_dags/example_python_operator.py
[2023-08-28 20:15:49,236] {processor.py:641} INFO - Processing file /home/felipe/airflow/venv/lib/python3.9/site-packages/airflow/example_dags/example_python_operator.py for tasks to queue
[2023-08-28 20:15:49,242] {logging_mixin.py:115} INFO - [2023-08-28 20:15:49,241] {dagbag.py:507} INFO - Filling up the DagBag from /home/felipe/airflow/venv/lib/python3.9/site-packages/airflow/example_dags/example_python_operator.py
[2023-08-28 20:15:49,332] {logging_mixin.py:115} INFO - [2023-08-28 20:15:49,332] {example_python_operator.py:68} WARNING - The virtalenv_python example task requires virtualenv, please install it.
[2023-08-28 20:15:49,333] {processor.py:651} INFO - DAG(s) dict_keys(['example_python_operator']) retrieved from /home/felipe/airflow/venv/lib/python3.9/site-packages/airflow/example_dags/example_python_operator.py
[2023-08-28 20:15:49,403] {logging_mixin.py:115} INFO - [2023-08-28 20:15:49,402] {dag.py:2379} INFO - Sync 1 DAGs
[2023-08-28 20:15:49,458] {logging_mixin.py:115} INFO - [2023-08-28 20:15:49,458] {dag.py:2927} INFO - Setting next_dagrun for example_python_operator to None, run_after=None
[2023-08-28 20:15:49,500] {processor.py:161} INFO - Processing /home/felipe/airflow/venv/lib/python3.9/site-packages/airflow/example_dags/example_python_operator.py took 0.284 seconds
[2023-08-28 20:17:37,669] {processor.py:153} INFO - Started process (PID=28407) to work on /home/felipe/airflow/venv/lib/python3.9/site-packages/airflow/example_dags/example_python_operator.py
[2023-08-28 20:17:37,672] {processor.py:641} INFO - Processing file /home/felipe/airflow/venv/lib/python3.9/site-packages/airflow/example_dags/example_python_operator.py for tasks to queue
[2023-08-28 20:17:37,674] {logging_mixin.py:115} INFO - [2023-08-28 20:17:37,673] {dagbag.py:507} INFO - Filling up the DagBag from /home/felipe/airflow/venv/lib/python3.9/site-packages/airflow/example_dags/example_python_operator.py
[2023-08-28 20:17:37,781] {logging_mixin.py:115} INFO - [2023-08-28 20:17:37,780] {example_python_operator.py:68} WARNING - The virtalenv_python example task requires virtualenv, please install it.
[2023-08-28 20:17:37,782] {processor.py:651} INFO - DAG(s) dict_keys(['example_python_operator']) retrieved from /home/felipe/airflow/venv/lib/python3.9/site-packages/airflow/example_dags/example_python_operator.py
[2023-08-28 20:17:37,970] {logging_mixin.py:115} INFO - [2023-08-28 20:17:37,970] {dag.py:2379} INFO - Sync 1 DAGs
[2023-08-28 20:17:38,218] {logging_mixin.py:115} INFO - [2023-08-28 20:17:38,218] {dag.py:2927} INFO - Setting next_dagrun for example_python_operator to None, run_after=None
[2023-08-28 20:17:38,320] {processor.py:161} INFO - Processing /home/felipe/airflow/venv/lib/python3.9/site-packages/airflow/example_dags/example_python_operator.py took 0.666 seconds
[2023-08-28 20:19:32,419] {processor.py:153} INFO - Started process (PID=29517) to work on /home/felipe/airflow/venv/lib/python3.9/site-packages/airflow/example_dags/example_python_operator.py
[2023-08-28 20:19:32,420] {processor.py:641} INFO - Processing file /home/felipe/airflow/venv/lib/python3.9/site-packages/airflow/example_dags/example_python_operator.py for tasks to queue
[2023-08-28 20:19:32,422] {logging_mixin.py:115} INFO - [2023-08-28 20:19:32,422] {dagbag.py:507} INFO - Filling up the DagBag from /home/felipe/airflow/venv/lib/python3.9/site-packages/airflow/example_dags/example_python_operator.py
[2023-08-28 20:19:32,491] {logging_mixin.py:115} INFO - [2023-08-28 20:19:32,491] {example_python_operator.py:68} WARNING - The virtalenv_python example task requires virtualenv, please install it.
[2023-08-28 20:19:32,492] {processor.py:651} INFO - DAG(s) dict_keys(['example_python_operator']) retrieved from /home/felipe/airflow/venv/lib/python3.9/site-packages/airflow/example_dags/example_python_operator.py
[2023-08-28 20:19:32,550] {logging_mixin.py:115} INFO - [2023-08-28 20:19:32,550] {dag.py:2379} INFO - Sync 1 DAGs
[2023-08-28 20:19:32,595] {logging_mixin.py:115} INFO - [2023-08-28 20:19:32,595] {dag.py:2927} INFO - Setting next_dagrun for example_python_operator to None, run_after=None
[2023-08-28 20:19:32,629] {processor.py:161} INFO - Processing /home/felipe/airflow/venv/lib/python3.9/site-packages/airflow/example_dags/example_python_operator.py took 0.222 seconds
[2023-08-28 20:20:22,719] {processor.py:153} INFO - Started process (PID=29662) to work on /home/felipe/airflow/venv/lib/python3.9/site-packages/airflow/example_dags/example_python_operator.py
[2023-08-28 20:20:22,720] {processor.py:641} INFO - Processing file /home/felipe/airflow/venv/lib/python3.9/site-packages/airflow/example_dags/example_python_operator.py for tasks to queue
[2023-08-28 20:20:22,721] {logging_mixin.py:115} INFO - [2023-08-28 20:20:22,721] {dagbag.py:507} INFO - Filling up the DagBag from /home/felipe/airflow/venv/lib/python3.9/site-packages/airflow/example_dags/example_python_operator.py
[2023-08-28 20:20:22,782] {logging_mixin.py:115} INFO - [2023-08-28 20:20:22,782] {example_python_operator.py:68} WARNING - The virtalenv_python example task requires virtualenv, please install it.
[2023-08-28 20:20:22,783] {processor.py:651} INFO - DAG(s) dict_keys(['example_python_operator']) retrieved from /home/felipe/airflow/venv/lib/python3.9/site-packages/airflow/example_dags/example_python_operator.py
[2023-08-28 20:20:22,844] {logging_mixin.py:115} INFO - [2023-08-28 20:20:22,843] {dag.py:2379} INFO - Sync 1 DAGs
[2023-08-28 20:20:22,887] {logging_mixin.py:115} INFO - [2023-08-28 20:20:22,887] {dag.py:2927} INFO - Setting next_dagrun for example_python_operator to None, run_after=None
[2023-08-28 20:20:22,919] {processor.py:161} INFO - Processing /home/felipe/airflow/venv/lib/python3.9/site-packages/airflow/example_dags/example_python_operator.py took 0.211 seconds
[2023-08-28 20:21:58,631] {processor.py:153} INFO - Started process (PID=30660) to work on /home/felipe/airflow/venv/lib/python3.9/site-packages/airflow/example_dags/example_python_operator.py
[2023-08-28 20:21:58,633] {processor.py:641} INFO - Processing file /home/felipe/airflow/venv/lib/python3.9/site-packages/airflow/example_dags/example_python_operator.py for tasks to queue
[2023-08-28 20:21:58,635] {logging_mixin.py:115} INFO - [2023-08-28 20:21:58,635] {dagbag.py:507} INFO - Filling up the DagBag from /home/felipe/airflow/venv/lib/python3.9/site-packages/airflow/example_dags/example_python_operator.py
[2023-08-28 20:21:58,769] {logging_mixin.py:115} INFO - [2023-08-28 20:21:58,769] {example_python_operator.py:68} WARNING - The virtalenv_python example task requires virtualenv, please install it.
[2023-08-28 20:21:58,770] {processor.py:651} INFO - DAG(s) dict_keys(['example_python_operator']) retrieved from /home/felipe/airflow/venv/lib/python3.9/site-packages/airflow/example_dags/example_python_operator.py
[2023-08-28 20:21:58,836] {logging_mixin.py:115} INFO - [2023-08-28 20:21:58,836] {dag.py:2379} INFO - Sync 1 DAGs
[2023-08-28 20:21:58,926] {logging_mixin.py:115} INFO - [2023-08-28 20:21:58,926] {dag.py:2927} INFO - Setting next_dagrun for example_python_operator to None, run_after=None
[2023-08-28 20:21:58,970] {processor.py:161} INFO - Processing /home/felipe/airflow/venv/lib/python3.9/site-packages/airflow/example_dags/example_python_operator.py took 0.365 seconds
[2023-08-28 20:23:16,482] {processor.py:153} INFO - Started process (PID=31294) to work on /home/felipe/airflow/venv/lib/python3.9/site-packages/airflow/example_dags/example_python_operator.py
[2023-08-28 20:23:16,484] {processor.py:641} INFO - Processing file /home/felipe/airflow/venv/lib/python3.9/site-packages/airflow/example_dags/example_python_operator.py for tasks to queue
[2023-08-28 20:23:16,486] {logging_mixin.py:115} INFO - [2023-08-28 20:23:16,486] {dagbag.py:507} INFO - Filling up the DagBag from /home/felipe/airflow/venv/lib/python3.9/site-packages/airflow/example_dags/example_python_operator.py
[2023-08-28 20:23:16,564] {logging_mixin.py:115} INFO - [2023-08-28 20:23:16,564] {example_python_operator.py:68} WARNING - The virtalenv_python example task requires virtualenv, please install it.
[2023-08-28 20:23:16,565] {processor.py:651} INFO - DAG(s) dict_keys(['example_python_operator']) retrieved from /home/felipe/airflow/venv/lib/python3.9/site-packages/airflow/example_dags/example_python_operator.py
[2023-08-28 20:23:16,612] {logging_mixin.py:115} INFO - [2023-08-28 20:23:16,612] {dag.py:2379} INFO - Sync 1 DAGs
[2023-08-28 20:23:16,657] {logging_mixin.py:115} INFO - [2023-08-28 20:23:16,657] {dag.py:2927} INFO - Setting next_dagrun for example_python_operator to None, run_after=None
[2023-08-28 20:23:16,689] {processor.py:161} INFO - Processing /home/felipe/airflow/venv/lib/python3.9/site-packages/airflow/example_dags/example_python_operator.py took 0.218 seconds
[2023-08-28 20:24:07,948] {processor.py:153} INFO - Started process (PID=31438) to work on /home/felipe/airflow/venv/lib/python3.9/site-packages/airflow/example_dags/example_python_operator.py
[2023-08-28 20:24:07,950] {processor.py:641} INFO - Processing file /home/felipe/airflow/venv/lib/python3.9/site-packages/airflow/example_dags/example_python_operator.py for tasks to queue
[2023-08-28 20:24:07,952] {logging_mixin.py:115} INFO - [2023-08-28 20:24:07,951] {dagbag.py:507} INFO - Filling up the DagBag from /home/felipe/airflow/venv/lib/python3.9/site-packages/airflow/example_dags/example_python_operator.py
[2023-08-28 20:24:08,026] {logging_mixin.py:115} INFO - [2023-08-28 20:24:08,026] {example_python_operator.py:68} WARNING - The virtalenv_python example task requires virtualenv, please install it.
[2023-08-28 20:24:08,027] {processor.py:651} INFO - DAG(s) dict_keys(['example_python_operator']) retrieved from /home/felipe/airflow/venv/lib/python3.9/site-packages/airflow/example_dags/example_python_operator.py
[2023-08-28 20:24:08,068] {logging_mixin.py:115} INFO - [2023-08-28 20:24:08,068] {dag.py:2379} INFO - Sync 1 DAGs
[2023-08-28 20:24:08,112] {logging_mixin.py:115} INFO - [2023-08-28 20:24:08,112] {dag.py:2927} INFO - Setting next_dagrun for example_python_operator to None, run_after=None
[2023-08-28 20:24:08,146] {processor.py:161} INFO - Processing /home/felipe/airflow/venv/lib/python3.9/site-packages/airflow/example_dags/example_python_operator.py took 0.212 seconds
[2023-08-28 20:25:09,403] {processor.py:153} INFO - Started process (PID=31889) to work on /home/felipe/airflow/venv/lib/python3.9/site-packages/airflow/example_dags/example_python_operator.py
[2023-08-28 20:25:09,405] {processor.py:641} INFO - Processing file /home/felipe/airflow/venv/lib/python3.9/site-packages/airflow/example_dags/example_python_operator.py for tasks to queue
[2023-08-28 20:25:09,407] {logging_mixin.py:115} INFO - [2023-08-28 20:25:09,407] {dagbag.py:507} INFO - Filling up the DagBag from /home/felipe/airflow/venv/lib/python3.9/site-packages/airflow/example_dags/example_python_operator.py
[2023-08-28 20:25:09,495] {logging_mixin.py:115} INFO - [2023-08-28 20:25:09,495] {example_python_operator.py:68} WARNING - The virtalenv_python example task requires virtualenv, please install it.
[2023-08-28 20:25:09,496] {processor.py:651} INFO - DAG(s) dict_keys(['example_python_operator']) retrieved from /home/felipe/airflow/venv/lib/python3.9/site-packages/airflow/example_dags/example_python_operator.py
[2023-08-28 20:25:09,547] {logging_mixin.py:115} INFO - [2023-08-28 20:25:09,547] {dag.py:2379} INFO - Sync 1 DAGs
[2023-08-28 20:25:09,591] {logging_mixin.py:115} INFO - [2023-08-28 20:25:09,591] {dag.py:2927} INFO - Setting next_dagrun for example_python_operator to None, run_after=None
[2023-08-28 20:25:09,626] {processor.py:161} INFO - Processing /home/felipe/airflow/venv/lib/python3.9/site-packages/airflow/example_dags/example_python_operator.py took 0.236 seconds
[2023-08-28 20:26:52,100] {processor.py:153} INFO - Started process (PID=32655) to work on /home/felipe/airflow/venv/lib/python3.9/site-packages/airflow/example_dags/example_python_operator.py
[2023-08-28 20:26:52,102] {processor.py:641} INFO - Processing file /home/felipe/airflow/venv/lib/python3.9/site-packages/airflow/example_dags/example_python_operator.py for tasks to queue
[2023-08-28 20:26:52,104] {logging_mixin.py:115} INFO - [2023-08-28 20:26:52,103] {dagbag.py:507} INFO - Filling up the DagBag from /home/felipe/airflow/venv/lib/python3.9/site-packages/airflow/example_dags/example_python_operator.py
[2023-08-28 20:26:52,236] {logging_mixin.py:115} INFO - [2023-08-28 20:26:52,236] {example_python_operator.py:68} WARNING - The virtalenv_python example task requires virtualenv, please install it.
[2023-08-28 20:26:52,237] {processor.py:651} INFO - DAG(s) dict_keys(['example_python_operator']) retrieved from /home/felipe/airflow/venv/lib/python3.9/site-packages/airflow/example_dags/example_python_operator.py
[2023-08-28 20:26:52,287] {logging_mixin.py:115} INFO - [2023-08-28 20:26:52,287] {dag.py:2379} INFO - Sync 1 DAGs
[2023-08-28 20:26:52,330] {logging_mixin.py:115} INFO - [2023-08-28 20:26:52,330] {dag.py:2927} INFO - Setting next_dagrun for example_python_operator to None, run_after=None
[2023-08-28 20:26:52,362] {processor.py:161} INFO - Processing /home/felipe/airflow/venv/lib/python3.9/site-packages/airflow/example_dags/example_python_operator.py took 0.274 seconds
[2023-08-28 20:28:57,842] {processor.py:153} INFO - Started process (PID=1068) to work on /home/felipe/airflow/venv/lib/python3.9/site-packages/airflow/example_dags/example_python_operator.py
[2023-08-28 20:28:57,851] {processor.py:641} INFO - Processing file /home/felipe/airflow/venv/lib/python3.9/site-packages/airflow/example_dags/example_python_operator.py for tasks to queue
[2023-08-28 20:28:57,856] {logging_mixin.py:115} INFO - [2023-08-28 20:28:57,855] {dagbag.py:507} INFO - Filling up the DagBag from /home/felipe/airflow/venv/lib/python3.9/site-packages/airflow/example_dags/example_python_operator.py
[2023-08-28 20:28:58,209] {logging_mixin.py:115} INFO - [2023-08-28 20:28:58,209] {example_python_operator.py:68} WARNING - The virtalenv_python example task requires virtualenv, please install it.
[2023-08-28 20:28:58,218] {processor.py:651} INFO - DAG(s) dict_keys(['example_python_operator']) retrieved from /home/felipe/airflow/venv/lib/python3.9/site-packages/airflow/example_dags/example_python_operator.py
[2023-08-28 20:28:58,469] {logging_mixin.py:115} INFO - [2023-08-28 20:28:58,468] {dag.py:2379} INFO - Sync 1 DAGs
[2023-08-28 20:28:58,632] {logging_mixin.py:115} INFO - [2023-08-28 20:28:58,632] {dag.py:2927} INFO - Setting next_dagrun for example_python_operator to None, run_after=None
[2023-08-28 20:28:58,703] {processor.py:161} INFO - Processing /home/felipe/airflow/venv/lib/python3.9/site-packages/airflow/example_dags/example_python_operator.py took 0.918 seconds
[2023-08-28 20:31:09,422] {processor.py:153} INFO - Started process (PID=2548) to work on /home/felipe/airflow/venv/lib/python3.9/site-packages/airflow/example_dags/example_python_operator.py
[2023-08-28 20:31:09,427] {processor.py:641} INFO - Processing file /home/felipe/airflow/venv/lib/python3.9/site-packages/airflow/example_dags/example_python_operator.py for tasks to queue
[2023-08-28 20:31:09,430] {logging_mixin.py:115} INFO - [2023-08-28 20:31:09,429] {dagbag.py:507} INFO - Filling up the DagBag from /home/felipe/airflow/venv/lib/python3.9/site-packages/airflow/example_dags/example_python_operator.py
[2023-08-28 20:31:09,513] {logging_mixin.py:115} INFO - [2023-08-28 20:31:09,513] {example_python_operator.py:68} WARNING - The virtalenv_python example task requires virtualenv, please install it.
[2023-08-28 20:31:09,514] {processor.py:651} INFO - DAG(s) dict_keys(['example_python_operator']) retrieved from /home/felipe/airflow/venv/lib/python3.9/site-packages/airflow/example_dags/example_python_operator.py
[2023-08-28 20:31:09,560] {logging_mixin.py:115} INFO - [2023-08-28 20:31:09,559] {dag.py:2379} INFO - Sync 1 DAGs
[2023-08-28 20:31:09,599] {logging_mixin.py:115} INFO - [2023-08-28 20:31:09,599] {dag.py:2927} INFO - Setting next_dagrun for example_python_operator to None, run_after=None
[2023-08-28 20:31:09,629] {processor.py:161} INFO - Processing /home/felipe/airflow/venv/lib/python3.9/site-packages/airflow/example_dags/example_python_operator.py took 0.222 seconds
[2023-08-28 20:32:06,939] {processor.py:153} INFO - Started process (PID=2781) to work on /home/felipe/airflow/venv/lib/python3.9/site-packages/airflow/example_dags/example_python_operator.py
[2023-08-28 20:32:06,951] {processor.py:641} INFO - Processing file /home/felipe/airflow/venv/lib/python3.9/site-packages/airflow/example_dags/example_python_operator.py for tasks to queue
[2023-08-28 20:32:06,953] {logging_mixin.py:115} INFO - [2023-08-28 20:32:06,952] {dagbag.py:507} INFO - Filling up the DagBag from /home/felipe/airflow/venv/lib/python3.9/site-packages/airflow/example_dags/example_python_operator.py
[2023-08-28 20:32:07,057] {logging_mixin.py:115} INFO - [2023-08-28 20:32:07,057] {example_python_operator.py:68} WARNING - The virtalenv_python example task requires virtualenv, please install it.
[2023-08-28 20:32:07,058] {processor.py:651} INFO - DAG(s) dict_keys(['example_python_operator']) retrieved from /home/felipe/airflow/venv/lib/python3.9/site-packages/airflow/example_dags/example_python_operator.py
[2023-08-28 20:32:07,110] {logging_mixin.py:115} INFO - [2023-08-28 20:32:07,109] {dag.py:2379} INFO - Sync 1 DAGs
[2023-08-28 20:32:07,154] {logging_mixin.py:115} INFO - [2023-08-28 20:32:07,154] {dag.py:2927} INFO - Setting next_dagrun for example_python_operator to None, run_after=None
[2023-08-28 20:32:07,189] {processor.py:161} INFO - Processing /home/felipe/airflow/venv/lib/python3.9/site-packages/airflow/example_dags/example_python_operator.py took 0.264 seconds
[2023-08-28 20:33:07,381] {processor.py:153} INFO - Started process (PID=2987) to work on /home/felipe/airflow/venv/lib/python3.9/site-packages/airflow/example_dags/example_python_operator.py
[2023-08-28 20:33:07,391] {processor.py:641} INFO - Processing file /home/felipe/airflow/venv/lib/python3.9/site-packages/airflow/example_dags/example_python_operator.py for tasks to queue
[2023-08-28 20:33:07,397] {logging_mixin.py:115} INFO - [2023-08-28 20:33:07,397] {dagbag.py:507} INFO - Filling up the DagBag from /home/felipe/airflow/venv/lib/python3.9/site-packages/airflow/example_dags/example_python_operator.py
[2023-08-28 20:33:07,533] {logging_mixin.py:115} INFO - [2023-08-28 20:33:07,533] {example_python_operator.py:68} WARNING - The virtalenv_python example task requires virtualenv, please install it.
[2023-08-28 20:33:07,534] {processor.py:651} INFO - DAG(s) dict_keys(['example_python_operator']) retrieved from /home/felipe/airflow/venv/lib/python3.9/site-packages/airflow/example_dags/example_python_operator.py
[2023-08-28 20:33:07,583] {logging_mixin.py:115} INFO - [2023-08-28 20:33:07,583] {dag.py:2379} INFO - Sync 1 DAGs
[2023-08-28 20:33:07,648] {logging_mixin.py:115} INFO - [2023-08-28 20:33:07,648] {dag.py:2927} INFO - Setting next_dagrun for example_python_operator to None, run_after=None
[2023-08-28 20:33:07,706] {processor.py:161} INFO - Processing /home/felipe/airflow/venv/lib/python3.9/site-packages/airflow/example_dags/example_python_operator.py took 0.341 seconds
[2023-08-28 20:33:58,978] {processor.py:153} INFO - Started process (PID=3134) to work on /home/felipe/airflow/venv/lib/python3.9/site-packages/airflow/example_dags/example_python_operator.py
[2023-08-28 20:33:58,982] {processor.py:641} INFO - Processing file /home/felipe/airflow/venv/lib/python3.9/site-packages/airflow/example_dags/example_python_operator.py for tasks to queue
[2023-08-28 20:33:58,983] {logging_mixin.py:115} INFO - [2023-08-28 20:33:58,983] {dagbag.py:507} INFO - Filling up the DagBag from /home/felipe/airflow/venv/lib/python3.9/site-packages/airflow/example_dags/example_python_operator.py
[2023-08-28 20:33:59,062] {logging_mixin.py:115} INFO - [2023-08-28 20:33:59,061] {example_python_operator.py:68} WARNING - The virtalenv_python example task requires virtualenv, please install it.
[2023-08-28 20:33:59,063] {processor.py:651} INFO - DAG(s) dict_keys(['example_python_operator']) retrieved from /home/felipe/airflow/venv/lib/python3.9/site-packages/airflow/example_dags/example_python_operator.py
[2023-08-28 20:33:59,112] {logging_mixin.py:115} INFO - [2023-08-28 20:33:59,112] {dag.py:2379} INFO - Sync 1 DAGs
[2023-08-28 20:33:59,161] {logging_mixin.py:115} INFO - [2023-08-28 20:33:59,161] {dag.py:2927} INFO - Setting next_dagrun for example_python_operator to None, run_after=None
[2023-08-28 20:33:59,195] {processor.py:161} INFO - Processing /home/felipe/airflow/venv/lib/python3.9/site-packages/airflow/example_dags/example_python_operator.py took 0.239 seconds
[2023-08-28 20:34:55,406] {processor.py:153} INFO - Started process (PID=3282) to work on /home/felipe/airflow/venv/lib/python3.9/site-packages/airflow/example_dags/example_python_operator.py
[2023-08-28 20:34:55,408] {processor.py:641} INFO - Processing file /home/felipe/airflow/venv/lib/python3.9/site-packages/airflow/example_dags/example_python_operator.py for tasks to queue
[2023-08-28 20:34:55,409] {logging_mixin.py:115} INFO - [2023-08-28 20:34:55,409] {dagbag.py:507} INFO - Filling up the DagBag from /home/felipe/airflow/venv/lib/python3.9/site-packages/airflow/example_dags/example_python_operator.py
[2023-08-28 20:34:55,488] {logging_mixin.py:115} INFO - [2023-08-28 20:34:55,488] {example_python_operator.py:68} WARNING - The virtalenv_python example task requires virtualenv, please install it.
[2023-08-28 20:34:55,489] {processor.py:651} INFO - DAG(s) dict_keys(['example_python_operator']) retrieved from /home/felipe/airflow/venv/lib/python3.9/site-packages/airflow/example_dags/example_python_operator.py
[2023-08-28 20:34:55,535] {logging_mixin.py:115} INFO - [2023-08-28 20:34:55,535] {dag.py:2379} INFO - Sync 1 DAGs
[2023-08-28 20:34:55,573] {logging_mixin.py:115} INFO - [2023-08-28 20:34:55,573] {dag.py:2927} INFO - Setting next_dagrun for example_python_operator to None, run_after=None
[2023-08-28 20:34:55,604] {processor.py:161} INFO - Processing /home/felipe/airflow/venv/lib/python3.9/site-packages/airflow/example_dags/example_python_operator.py took 0.208 seconds
[2023-08-28 20:35:48,910] {processor.py:153} INFO - Started process (PID=3430) to work on /home/felipe/airflow/venv/lib/python3.9/site-packages/airflow/example_dags/example_python_operator.py
[2023-08-28 20:35:48,911] {processor.py:641} INFO - Processing file /home/felipe/airflow/venv/lib/python3.9/site-packages/airflow/example_dags/example_python_operator.py for tasks to queue
[2023-08-28 20:35:48,913] {logging_mixin.py:115} INFO - [2023-08-28 20:35:48,913] {dagbag.py:507} INFO - Filling up the DagBag from /home/felipe/airflow/venv/lib/python3.9/site-packages/airflow/example_dags/example_python_operator.py
[2023-08-28 20:35:49,007] {logging_mixin.py:115} INFO - [2023-08-28 20:35:49,007] {example_python_operator.py:68} WARNING - The virtalenv_python example task requires virtualenv, please install it.
[2023-08-28 20:35:49,008] {processor.py:651} INFO - DAG(s) dict_keys(['example_python_operator']) retrieved from /home/felipe/airflow/venv/lib/python3.9/site-packages/airflow/example_dags/example_python_operator.py
[2023-08-28 20:35:49,061] {logging_mixin.py:115} INFO - [2023-08-28 20:35:49,061] {dag.py:2379} INFO - Sync 1 DAGs
[2023-08-28 20:35:49,110] {logging_mixin.py:115} INFO - [2023-08-28 20:35:49,110] {dag.py:2927} INFO - Setting next_dagrun for example_python_operator to None, run_after=None
[2023-08-28 20:35:49,143] {processor.py:161} INFO - Processing /home/felipe/airflow/venv/lib/python3.9/site-packages/airflow/example_dags/example_python_operator.py took 0.245 seconds
[2023-08-28 20:36:40,796] {processor.py:153} INFO - Started process (PID=3575) to work on /home/felipe/airflow/venv/lib/python3.9/site-packages/airflow/example_dags/example_python_operator.py
[2023-08-28 20:36:40,798] {processor.py:641} INFO - Processing file /home/felipe/airflow/venv/lib/python3.9/site-packages/airflow/example_dags/example_python_operator.py for tasks to queue
[2023-08-28 20:36:40,799] {logging_mixin.py:115} INFO - [2023-08-28 20:36:40,799] {dagbag.py:507} INFO - Filling up the DagBag from /home/felipe/airflow/venv/lib/python3.9/site-packages/airflow/example_dags/example_python_operator.py
[2023-08-28 20:36:40,871] {logging_mixin.py:115} INFO - [2023-08-28 20:36:40,871] {example_python_operator.py:68} WARNING - The virtalenv_python example task requires virtualenv, please install it.
[2023-08-28 20:36:40,872] {processor.py:651} INFO - DAG(s) dict_keys(['example_python_operator']) retrieved from /home/felipe/airflow/venv/lib/python3.9/site-packages/airflow/example_dags/example_python_operator.py
[2023-08-28 20:36:40,923] {logging_mixin.py:115} INFO - [2023-08-28 20:36:40,923] {dag.py:2379} INFO - Sync 1 DAGs
[2023-08-28 20:36:40,996] {logging_mixin.py:115} INFO - [2023-08-28 20:36:40,996] {dag.py:2927} INFO - Setting next_dagrun for example_python_operator to None, run_after=None
[2023-08-28 20:36:41,056] {processor.py:161} INFO - Processing /home/felipe/airflow/venv/lib/python3.9/site-packages/airflow/example_dags/example_python_operator.py took 0.271 seconds
[2023-08-28 20:37:32,600] {processor.py:153} INFO - Started process (PID=3771) to work on /home/felipe/airflow/venv/lib/python3.9/site-packages/airflow/example_dags/example_python_operator.py
[2023-08-28 20:37:32,602] {processor.py:641} INFO - Processing file /home/felipe/airflow/venv/lib/python3.9/site-packages/airflow/example_dags/example_python_operator.py for tasks to queue
[2023-08-28 20:37:32,603] {logging_mixin.py:115} INFO - [2023-08-28 20:37:32,603] {dagbag.py:507} INFO - Filling up the DagBag from /home/felipe/airflow/venv/lib/python3.9/site-packages/airflow/example_dags/example_python_operator.py
[2023-08-28 20:37:32,850] {logging_mixin.py:115} INFO - [2023-08-28 20:37:32,850] {example_python_operator.py:68} WARNING - The virtalenv_python example task requires virtualenv, please install it.
[2023-08-28 20:37:32,852] {processor.py:651} INFO - DAG(s) dict_keys(['example_python_operator']) retrieved from /home/felipe/airflow/venv/lib/python3.9/site-packages/airflow/example_dags/example_python_operator.py
[2023-08-28 20:37:32,976] {logging_mixin.py:115} INFO - [2023-08-28 20:37:32,976] {dag.py:2379} INFO - Sync 1 DAGs
[2023-08-28 20:37:33,071] {logging_mixin.py:115} INFO - [2023-08-28 20:37:33,069] {dag.py:2927} INFO - Setting next_dagrun for example_python_operator to None, run_after=None
[2023-08-28 20:37:33,188] {processor.py:161} INFO - Processing /home/felipe/airflow/venv/lib/python3.9/site-packages/airflow/example_dags/example_python_operator.py took 0.601 seconds
[2023-08-28 20:38:30,331] {processor.py:153} INFO - Started process (PID=3920) to work on /home/felipe/airflow/venv/lib/python3.9/site-packages/airflow/example_dags/example_python_operator.py
[2023-08-28 20:38:30,333] {processor.py:641} INFO - Processing file /home/felipe/airflow/venv/lib/python3.9/site-packages/airflow/example_dags/example_python_operator.py for tasks to queue
[2023-08-28 20:38:30,335] {logging_mixin.py:115} INFO - [2023-08-28 20:38:30,335] {dagbag.py:507} INFO - Filling up the DagBag from /home/felipe/airflow/venv/lib/python3.9/site-packages/airflow/example_dags/example_python_operator.py
[2023-08-28 20:38:30,471] {logging_mixin.py:115} INFO - [2023-08-28 20:38:30,470] {example_python_operator.py:68} WARNING - The virtalenv_python example task requires virtualenv, please install it.
[2023-08-28 20:38:30,472] {processor.py:651} INFO - DAG(s) dict_keys(['example_python_operator']) retrieved from /home/felipe/airflow/venv/lib/python3.9/site-packages/airflow/example_dags/example_python_operator.py
[2023-08-28 20:38:30,549] {logging_mixin.py:115} INFO - [2023-08-28 20:38:30,549] {dag.py:2379} INFO - Sync 1 DAGs
[2023-08-28 20:38:30,629] {logging_mixin.py:115} INFO - [2023-08-28 20:38:30,628] {dag.py:2927} INFO - Setting next_dagrun for example_python_operator to None, run_after=None
[2023-08-28 20:38:30,675] {processor.py:161} INFO - Processing /home/felipe/airflow/venv/lib/python3.9/site-packages/airflow/example_dags/example_python_operator.py took 0.356 seconds
[2023-08-28 20:39:20,921] {processor.py:153} INFO - Started process (PID=4065) to work on /home/felipe/airflow/venv/lib/python3.9/site-packages/airflow/example_dags/example_python_operator.py
[2023-08-28 20:39:20,923] {processor.py:641} INFO - Processing file /home/felipe/airflow/venv/lib/python3.9/site-packages/airflow/example_dags/example_python_operator.py for tasks to queue
[2023-08-28 20:39:20,925] {logging_mixin.py:115} INFO - [2023-08-28 20:39:20,925] {dagbag.py:507} INFO - Filling up the DagBag from /home/felipe/airflow/venv/lib/python3.9/site-packages/airflow/example_dags/example_python_operator.py
[2023-08-28 20:39:21,010] {logging_mixin.py:115} INFO - [2023-08-28 20:39:21,010] {example_python_operator.py:68} WARNING - The virtalenv_python example task requires virtualenv, please install it.
[2023-08-28 20:39:21,012] {processor.py:651} INFO - DAG(s) dict_keys(['example_python_operator']) retrieved from /home/felipe/airflow/venv/lib/python3.9/site-packages/airflow/example_dags/example_python_operator.py
[2023-08-28 20:39:21,061] {logging_mixin.py:115} INFO - [2023-08-28 20:39:21,061] {dag.py:2379} INFO - Sync 1 DAGs
[2023-08-28 20:39:21,140] {logging_mixin.py:115} INFO - [2023-08-28 20:39:21,140] {dag.py:2927} INFO - Setting next_dagrun for example_python_operator to None, run_after=None
[2023-08-28 20:39:21,172] {processor.py:161} INFO - Processing /home/felipe/airflow/venv/lib/python3.9/site-packages/airflow/example_dags/example_python_operator.py took 0.263 seconds
[2023-08-28 20:42:47,503] {processor.py:153} INFO - Started process (PID=5945) to work on /home/felipe/airflow/venv/lib/python3.9/site-packages/airflow/example_dags/example_python_operator.py
[2023-08-28 20:42:47,508] {processor.py:641} INFO - Processing file /home/felipe/airflow/venv/lib/python3.9/site-packages/airflow/example_dags/example_python_operator.py for tasks to queue
[2023-08-28 20:42:47,510] {logging_mixin.py:115} INFO - [2023-08-28 20:42:47,510] {dagbag.py:507} INFO - Filling up the DagBag from /home/felipe/airflow/venv/lib/python3.9/site-packages/airflow/example_dags/example_python_operator.py
[2023-08-28 20:42:47,670] {logging_mixin.py:115} INFO - [2023-08-28 20:42:47,670] {example_python_operator.py:68} WARNING - The virtalenv_python example task requires virtualenv, please install it.
[2023-08-28 20:42:47,671] {processor.py:651} INFO - DAG(s) dict_keys(['example_python_operator']) retrieved from /home/felipe/airflow/venv/lib/python3.9/site-packages/airflow/example_dags/example_python_operator.py
[2023-08-28 20:42:47,750] {logging_mixin.py:115} INFO - [2023-08-28 20:42:47,750] {dag.py:2379} INFO - Sync 1 DAGs
[2023-08-28 20:42:47,815] {logging_mixin.py:115} INFO - [2023-08-28 20:42:47,815] {dag.py:2927} INFO - Setting next_dagrun for example_python_operator to None, run_after=None
[2023-08-28 20:42:47,859] {processor.py:161} INFO - Processing /home/felipe/airflow/venv/lib/python3.9/site-packages/airflow/example_dags/example_python_operator.py took 0.374 seconds
[2023-08-28 20:43:53,107] {processor.py:153} INFO - Started process (PID=6185) to work on /home/felipe/airflow/venv/lib/python3.9/site-packages/airflow/example_dags/example_python_operator.py
[2023-08-28 20:43:53,109] {processor.py:641} INFO - Processing file /home/felipe/airflow/venv/lib/python3.9/site-packages/airflow/example_dags/example_python_operator.py for tasks to queue
[2023-08-28 20:43:53,110] {logging_mixin.py:115} INFO - [2023-08-28 20:43:53,110] {dagbag.py:507} INFO - Filling up the DagBag from /home/felipe/airflow/venv/lib/python3.9/site-packages/airflow/example_dags/example_python_operator.py
[2023-08-28 20:43:53,333] {logging_mixin.py:115} INFO - [2023-08-28 20:43:53,333] {example_python_operator.py:68} WARNING - The virtalenv_python example task requires virtualenv, please install it.
[2023-08-28 20:43:53,335] {processor.py:651} INFO - DAG(s) dict_keys(['example_python_operator']) retrieved from /home/felipe/airflow/venv/lib/python3.9/site-packages/airflow/example_dags/example_python_operator.py
[2023-08-28 20:43:53,451] {logging_mixin.py:115} INFO - [2023-08-28 20:43:53,451] {dag.py:2379} INFO - Sync 1 DAGs
[2023-08-28 20:43:53,648] {logging_mixin.py:115} INFO - [2023-08-28 20:43:53,647] {dag.py:2927} INFO - Setting next_dagrun for example_python_operator to None, run_after=None
[2023-08-28 20:43:53,719] {processor.py:161} INFO - Processing /home/felipe/airflow/venv/lib/python3.9/site-packages/airflow/example_dags/example_python_operator.py took 0.625 seconds
