[2023-08-28 19:03:58,691] {processor.py:153} INFO - Started process (PID=7763) to work on /home/felipe/airflow/venv/lib/python3.9/site-packages/airflow/example_dags/example_xcom.py
[2023-08-28 19:03:58,694] {processor.py:641} INFO - Processing file /home/felipe/airflow/venv/lib/python3.9/site-packages/airflow/example_dags/example_xcom.py for tasks to queue
[2023-08-28 19:03:58,697] {logging_mixin.py:115} INFO - [2023-08-28 19:03:58,696] {dagbag.py:507} INFO - Filling up the DagBag from /home/felipe/airflow/venv/lib/python3.9/site-packages/airflow/example_dags/example_xcom.py
[2023-08-28 19:03:58,964] {processor.py:651} INFO - DAG(s) dict_keys(['example_xcom']) retrieved from /home/felipe/airflow/venv/lib/python3.9/site-packages/airflow/example_dags/example_xcom.py
[2023-08-28 19:03:59,652] {logging_mixin.py:115} INFO - [2023-08-28 19:03:59,651] {manager.py:508} INFO - Created Permission View: can delete on DAG:example_xcom
[2023-08-28 19:03:59,703] {logging_mixin.py:115} INFO - [2023-08-28 19:03:59,703] {manager.py:508} INFO - Created Permission View: can read on DAG:example_xcom
[2023-08-28 19:03:59,768] {logging_mixin.py:115} INFO - [2023-08-28 19:03:59,767] {manager.py:508} INFO - Created Permission View: can edit on DAG:example_xcom
[2023-08-28 19:03:59,768] {logging_mixin.py:115} INFO - [2023-08-28 19:03:59,768] {dag.py:2379} INFO - Sync 1 DAGs
[2023-08-28 19:03:59,851] {logging_mixin.py:115} INFO - [2023-08-28 19:03:59,850] {dag.py:2398} INFO - Creating ORM DAG for example_xcom
[2023-08-28 19:03:59,915] {logging_mixin.py:115} INFO - [2023-08-28 19:03:59,914] {dag.py:2927} INFO - Setting next_dagrun for example_xcom to 2021-01-01T00:00:00+00:00, run_after=2021-01-01T00:00:00+00:00
[2023-08-28 19:04:00,012] {processor.py:161} INFO - Processing /home/felipe/airflow/venv/lib/python3.9/site-packages/airflow/example_dags/example_xcom.py took 1.393 seconds
[2023-08-28 19:05:40,357] {processor.py:153} INFO - Started process (PID=8802) to work on /home/felipe/airflow/venv/lib/python3.9/site-packages/airflow/example_dags/example_xcom.py
[2023-08-28 19:05:40,359] {processor.py:641} INFO - Processing file /home/felipe/airflow/venv/lib/python3.9/site-packages/airflow/example_dags/example_xcom.py for tasks to queue
[2023-08-28 19:05:40,361] {logging_mixin.py:115} INFO - [2023-08-28 19:05:40,360] {dagbag.py:507} INFO - Filling up the DagBag from /home/felipe/airflow/venv/lib/python3.9/site-packages/airflow/example_dags/example_xcom.py
[2023-08-28 19:05:40,490] {processor.py:651} INFO - DAG(s) dict_keys(['example_xcom']) retrieved from /home/felipe/airflow/venv/lib/python3.9/site-packages/airflow/example_dags/example_xcom.py
[2023-08-28 19:05:40,736] {logging_mixin.py:115} INFO - [2023-08-28 19:05:40,736] {dag.py:2379} INFO - Sync 1 DAGs
[2023-08-28 19:05:40,809] {logging_mixin.py:115} INFO - [2023-08-28 19:05:40,808] {dag.py:2927} INFO - Setting next_dagrun for example_xcom to 2021-01-01T00:00:00+00:00, run_after=2021-01-01T00:00:00+00:00
[2023-08-28 19:05:40,876] {processor.py:161} INFO - Processing /home/felipe/airflow/venv/lib/python3.9/site-packages/airflow/example_dags/example_xcom.py took 0.538 seconds
[2023-08-28 19:06:25,260] {processor.py:153} INFO - Started process (PID=8986) to work on /home/felipe/airflow/venv/lib/python3.9/site-packages/airflow/example_dags/example_xcom.py
[2023-08-28 19:06:25,274] {processor.py:641} INFO - Processing file /home/felipe/airflow/venv/lib/python3.9/site-packages/airflow/example_dags/example_xcom.py for tasks to queue
[2023-08-28 19:06:25,277] {logging_mixin.py:115} INFO - [2023-08-28 19:06:25,276] {dagbag.py:507} INFO - Filling up the DagBag from /home/felipe/airflow/venv/lib/python3.9/site-packages/airflow/example_dags/example_xcom.py
[2023-08-28 19:06:25,959] {processor.py:651} INFO - DAG(s) dict_keys(['example_xcom']) retrieved from /home/felipe/airflow/venv/lib/python3.9/site-packages/airflow/example_dags/example_xcom.py
[2023-08-28 19:06:27,712] {logging_mixin.py:115} INFO - [2023-08-28 19:06:27,711] {dag.py:2379} INFO - Sync 1 DAGs
[2023-08-28 19:06:28,158] {logging_mixin.py:115} INFO - [2023-08-28 19:06:28,148] {dag.py:2927} INFO - Setting next_dagrun for example_xcom to 2021-01-01T00:00:00+00:00, run_after=2021-01-01T00:00:00+00:00
[2023-08-28 19:06:28,647] {processor.py:161} INFO - Processing /home/felipe/airflow/venv/lib/python3.9/site-packages/airflow/example_dags/example_xcom.py took 3.589 seconds
[2023-08-28 19:07:46,670] {processor.py:153} INFO - Started process (PID=9831) to work on /home/felipe/airflow/venv/lib/python3.9/site-packages/airflow/example_dags/example_xcom.py
[2023-08-28 19:07:46,673] {processor.py:641} INFO - Processing file /home/felipe/airflow/venv/lib/python3.9/site-packages/airflow/example_dags/example_xcom.py for tasks to queue
[2023-08-28 19:07:46,676] {logging_mixin.py:115} INFO - [2023-08-28 19:07:46,676] {dagbag.py:507} INFO - Filling up the DagBag from /home/felipe/airflow/venv/lib/python3.9/site-packages/airflow/example_dags/example_xcom.py
[2023-08-28 19:07:46,925] {processor.py:651} INFO - DAG(s) dict_keys(['example_xcom']) retrieved from /home/felipe/airflow/venv/lib/python3.9/site-packages/airflow/example_dags/example_xcom.py
[2023-08-28 19:07:47,324] {logging_mixin.py:115} INFO - [2023-08-28 19:07:47,324] {dag.py:2379} INFO - Sync 1 DAGs
[2023-08-28 19:07:47,424] {logging_mixin.py:115} INFO - [2023-08-28 19:07:47,423] {dag.py:2927} INFO - Setting next_dagrun for example_xcom to 2021-01-01T00:00:00+00:00, run_after=2021-01-01T00:00:00+00:00
[2023-08-28 19:07:47,519] {processor.py:161} INFO - Processing /home/felipe/airflow/venv/lib/python3.9/site-packages/airflow/example_dags/example_xcom.py took 0.896 seconds
[2023-08-28 19:09:06,470] {processor.py:153} INFO - Started process (PID=10553) to work on /home/felipe/airflow/venv/lib/python3.9/site-packages/airflow/example_dags/example_xcom.py
[2023-08-28 19:09:06,480] {processor.py:641} INFO - Processing file /home/felipe/airflow/venv/lib/python3.9/site-packages/airflow/example_dags/example_xcom.py for tasks to queue
[2023-08-28 19:09:06,485] {logging_mixin.py:115} INFO - [2023-08-28 19:09:06,484] {dagbag.py:507} INFO - Filling up the DagBag from /home/felipe/airflow/venv/lib/python3.9/site-packages/airflow/example_dags/example_xcom.py
[2023-08-28 19:09:06,615] {processor.py:651} INFO - DAG(s) dict_keys(['example_xcom']) retrieved from /home/felipe/airflow/venv/lib/python3.9/site-packages/airflow/example_dags/example_xcom.py
[2023-08-28 19:09:06,781] {logging_mixin.py:115} INFO - [2023-08-28 19:09:06,781] {dag.py:2379} INFO - Sync 1 DAGs
[2023-08-28 19:09:06,818] {logging_mixin.py:115} INFO - [2023-08-28 19:09:06,818] {dag.py:2927} INFO - Setting next_dagrun for example_xcom to 2021-01-01T00:00:00+00:00, run_after=2021-01-01T00:00:00+00:00
[2023-08-28 19:09:06,867] {processor.py:161} INFO - Processing /home/felipe/airflow/venv/lib/python3.9/site-packages/airflow/example_dags/example_xcom.py took 0.421 seconds
[2023-08-28 19:10:01,320] {processor.py:153} INFO - Started process (PID=10897) to work on /home/felipe/airflow/venv/lib/python3.9/site-packages/airflow/example_dags/example_xcom.py
[2023-08-28 19:10:01,322] {processor.py:641} INFO - Processing file /home/felipe/airflow/venv/lib/python3.9/site-packages/airflow/example_dags/example_xcom.py for tasks to queue
[2023-08-28 19:10:01,324] {logging_mixin.py:115} INFO - [2023-08-28 19:10:01,324] {dagbag.py:507} INFO - Filling up the DagBag from /home/felipe/airflow/venv/lib/python3.9/site-packages/airflow/example_dags/example_xcom.py
[2023-08-28 19:10:01,479] {processor.py:651} INFO - DAG(s) dict_keys(['example_xcom']) retrieved from /home/felipe/airflow/venv/lib/python3.9/site-packages/airflow/example_dags/example_xcom.py
[2023-08-28 19:10:01,632] {logging_mixin.py:115} INFO - [2023-08-28 19:10:01,632] {dag.py:2379} INFO - Sync 1 DAGs
[2023-08-28 19:10:01,667] {logging_mixin.py:115} INFO - [2023-08-28 19:10:01,667] {dag.py:2927} INFO - Setting next_dagrun for example_xcom to 2021-01-01T00:00:00+00:00, run_after=2021-01-01T00:00:00+00:00
[2023-08-28 19:10:01,703] {processor.py:161} INFO - Processing /home/felipe/airflow/venv/lib/python3.9/site-packages/airflow/example_dags/example_xcom.py took 0.396 seconds
[2023-08-28 19:10:45,561] {processor.py:153} INFO - Started process (PID=11034) to work on /home/felipe/airflow/venv/lib/python3.9/site-packages/airflow/example_dags/example_xcom.py
[2023-08-28 19:10:45,571] {processor.py:641} INFO - Processing file /home/felipe/airflow/venv/lib/python3.9/site-packages/airflow/example_dags/example_xcom.py for tasks to queue
[2023-08-28 19:10:45,575] {logging_mixin.py:115} INFO - [2023-08-28 19:10:45,574] {dagbag.py:507} INFO - Filling up the DagBag from /home/felipe/airflow/venv/lib/python3.9/site-packages/airflow/example_dags/example_xcom.py
[2023-08-28 19:10:45,856] {processor.py:651} INFO - DAG(s) dict_keys(['example_xcom']) retrieved from /home/felipe/airflow/venv/lib/python3.9/site-packages/airflow/example_dags/example_xcom.py
[2023-08-28 19:10:46,078] {logging_mixin.py:115} INFO - [2023-08-28 19:10:46,077] {dag.py:2379} INFO - Sync 1 DAGs
[2023-08-28 19:10:46,126] {logging_mixin.py:115} INFO - [2023-08-28 19:10:46,126] {dag.py:2927} INFO - Setting next_dagrun for example_xcom to 2021-01-01T00:00:00+00:00, run_after=2021-01-01T00:00:00+00:00
[2023-08-28 19:10:46,175] {processor.py:161} INFO - Processing /home/felipe/airflow/venv/lib/python3.9/site-packages/airflow/example_dags/example_xcom.py took 0.833 seconds
[2023-08-28 19:11:27,643] {processor.py:153} INFO - Started process (PID=11167) to work on /home/felipe/airflow/venv/lib/python3.9/site-packages/airflow/example_dags/example_xcom.py
[2023-08-28 19:11:27,644] {processor.py:641} INFO - Processing file /home/felipe/airflow/venv/lib/python3.9/site-packages/airflow/example_dags/example_xcom.py for tasks to queue
[2023-08-28 19:11:27,646] {logging_mixin.py:115} INFO - [2023-08-28 19:11:27,645] {dagbag.py:507} INFO - Filling up the DagBag from /home/felipe/airflow/venv/lib/python3.9/site-packages/airflow/example_dags/example_xcom.py
[2023-08-28 19:11:27,706] {processor.py:651} INFO - DAG(s) dict_keys(['example_xcom']) retrieved from /home/felipe/airflow/venv/lib/python3.9/site-packages/airflow/example_dags/example_xcom.py
[2023-08-28 19:11:27,833] {logging_mixin.py:115} INFO - [2023-08-28 19:11:27,833] {dag.py:2379} INFO - Sync 1 DAGs
[2023-08-28 19:11:27,871] {logging_mixin.py:115} INFO - [2023-08-28 19:11:27,871] {dag.py:2927} INFO - Setting next_dagrun for example_xcom to 2021-01-01T00:00:00+00:00, run_after=2021-01-01T00:00:00+00:00
[2023-08-28 19:11:27,905] {processor.py:161} INFO - Processing /home/felipe/airflow/venv/lib/python3.9/site-packages/airflow/example_dags/example_xcom.py took 0.273 seconds
[2023-08-28 19:12:20,797] {processor.py:153} INFO - Started process (PID=11362) to work on /home/felipe/airflow/venv/lib/python3.9/site-packages/airflow/example_dags/example_xcom.py
[2023-08-28 19:12:20,799] {processor.py:641} INFO - Processing file /home/felipe/airflow/venv/lib/python3.9/site-packages/airflow/example_dags/example_xcom.py for tasks to queue
[2023-08-28 19:12:20,800] {logging_mixin.py:115} INFO - [2023-08-28 19:12:20,800] {dagbag.py:507} INFO - Filling up the DagBag from /home/felipe/airflow/venv/lib/python3.9/site-packages/airflow/example_dags/example_xcom.py
[2023-08-28 19:12:20,953] {processor.py:651} INFO - DAG(s) dict_keys(['example_xcom']) retrieved from /home/felipe/airflow/venv/lib/python3.9/site-packages/airflow/example_dags/example_xcom.py
[2023-08-28 19:12:21,847] {logging_mixin.py:115} INFO - [2023-08-28 19:12:21,847] {dag.py:2379} INFO - Sync 1 DAGs
[2023-08-28 19:12:22,098] {logging_mixin.py:115} INFO - [2023-08-28 19:12:22,097] {dag.py:2927} INFO - Setting next_dagrun for example_xcom to 2021-01-01T00:00:00+00:00, run_after=2021-01-01T00:00:00+00:00
[2023-08-28 19:12:22,389] {processor.py:161} INFO - Processing /home/felipe/airflow/venv/lib/python3.9/site-packages/airflow/example_dags/example_xcom.py took 1.608 seconds
[2023-08-28 19:13:42,312] {processor.py:153} INFO - Started process (PID=11920) to work on /home/felipe/airflow/venv/lib/python3.9/site-packages/airflow/example_dags/example_xcom.py
[2023-08-28 19:13:42,314] {processor.py:641} INFO - Processing file /home/felipe/airflow/venv/lib/python3.9/site-packages/airflow/example_dags/example_xcom.py for tasks to queue
[2023-08-28 19:13:42,331] {logging_mixin.py:115} INFO - [2023-08-28 19:13:42,328] {dagbag.py:507} INFO - Filling up the DagBag from /home/felipe/airflow/venv/lib/python3.9/site-packages/airflow/example_dags/example_xcom.py
[2023-08-28 19:13:42,476] {processor.py:651} INFO - DAG(s) dict_keys(['example_xcom']) retrieved from /home/felipe/airflow/venv/lib/python3.9/site-packages/airflow/example_dags/example_xcom.py
[2023-08-28 19:13:42,748] {logging_mixin.py:115} INFO - [2023-08-28 19:13:42,748] {dag.py:2379} INFO - Sync 1 DAGs
[2023-08-28 19:13:42,847] {logging_mixin.py:115} INFO - [2023-08-28 19:13:42,846] {dag.py:2927} INFO - Setting next_dagrun for example_xcom to 2021-01-01T00:00:00+00:00, run_after=2021-01-01T00:00:00+00:00
[2023-08-28 19:13:42,917] {processor.py:161} INFO - Processing /home/felipe/airflow/venv/lib/python3.9/site-packages/airflow/example_dags/example_xcom.py took 0.643 seconds
[2023-08-28 19:15:01,788] {processor.py:153} INFO - Started process (PID=12326) to work on /home/felipe/airflow/venv/lib/python3.9/site-packages/airflow/example_dags/example_xcom.py
[2023-08-28 19:15:01,791] {processor.py:641} INFO - Processing file /home/felipe/airflow/venv/lib/python3.9/site-packages/airflow/example_dags/example_xcom.py for tasks to queue
[2023-08-28 19:15:01,799] {logging_mixin.py:115} INFO - [2023-08-28 19:15:01,798] {dagbag.py:507} INFO - Filling up the DagBag from /home/felipe/airflow/venv/lib/python3.9/site-packages/airflow/example_dags/example_xcom.py
[2023-08-28 19:15:02,187] {processor.py:651} INFO - DAG(s) dict_keys(['example_xcom']) retrieved from /home/felipe/airflow/venv/lib/python3.9/site-packages/airflow/example_dags/example_xcom.py
[2023-08-28 19:15:02,875] {logging_mixin.py:115} INFO - [2023-08-28 19:15:02,875] {dag.py:2379} INFO - Sync 1 DAGs
[2023-08-28 19:15:03,103] {logging_mixin.py:115} INFO - [2023-08-28 19:15:03,102] {dag.py:2927} INFO - Setting next_dagrun for example_xcom to 2021-01-01T00:00:00+00:00, run_after=2021-01-01T00:00:00+00:00
[2023-08-28 19:15:03,307] {processor.py:161} INFO - Processing /home/felipe/airflow/venv/lib/python3.9/site-packages/airflow/example_dags/example_xcom.py took 1.555 seconds
[2023-08-28 19:15:49,252] {processor.py:153} INFO - Started process (PID=12505) to work on /home/felipe/airflow/venv/lib/python3.9/site-packages/airflow/example_dags/example_xcom.py
[2023-08-28 19:15:49,255] {processor.py:641} INFO - Processing file /home/felipe/airflow/venv/lib/python3.9/site-packages/airflow/example_dags/example_xcom.py for tasks to queue
[2023-08-28 19:15:49,258] {logging_mixin.py:115} INFO - [2023-08-28 19:15:49,257] {dagbag.py:507} INFO - Filling up the DagBag from /home/felipe/airflow/venv/lib/python3.9/site-packages/airflow/example_dags/example_xcom.py
[2023-08-28 19:15:49,393] {processor.py:651} INFO - DAG(s) dict_keys(['example_xcom']) retrieved from /home/felipe/airflow/venv/lib/python3.9/site-packages/airflow/example_dags/example_xcom.py
[2023-08-28 19:15:49,640] {logging_mixin.py:115} INFO - [2023-08-28 19:15:49,640] {dag.py:2379} INFO - Sync 1 DAGs
[2023-08-28 19:15:49,693] {logging_mixin.py:115} INFO - [2023-08-28 19:15:49,693] {dag.py:2927} INFO - Setting next_dagrun for example_xcom to 2021-01-01T00:00:00+00:00, run_after=2021-01-01T00:00:00+00:00
[2023-08-28 19:15:49,741] {processor.py:161} INFO - Processing /home/felipe/airflow/venv/lib/python3.9/site-packages/airflow/example_dags/example_xcom.py took 0.518 seconds
[2023-08-28 19:16:49,531] {processor.py:153} INFO - Started process (PID=12595) to work on /home/felipe/airflow/venv/lib/python3.9/site-packages/airflow/example_dags/example_xcom.py
[2023-08-28 19:16:49,546] {processor.py:641} INFO - Processing file /home/felipe/airflow/venv/lib/python3.9/site-packages/airflow/example_dags/example_xcom.py for tasks to queue
[2023-08-28 19:16:49,548] {logging_mixin.py:115} INFO - [2023-08-28 19:16:49,548] {dagbag.py:507} INFO - Filling up the DagBag from /home/felipe/airflow/venv/lib/python3.9/site-packages/airflow/example_dags/example_xcom.py
[2023-08-28 19:16:50,141] {processor.py:651} INFO - DAG(s) dict_keys(['example_xcom']) retrieved from /home/felipe/airflow/venv/lib/python3.9/site-packages/airflow/example_dags/example_xcom.py
[2023-08-28 19:16:51,030] {logging_mixin.py:115} INFO - [2023-08-28 19:16:51,030] {dag.py:2379} INFO - Sync 1 DAGs
[2023-08-28 19:16:51,147] {logging_mixin.py:115} INFO - [2023-08-28 19:16:51,147] {dag.py:2927} INFO - Setting next_dagrun for example_xcom to 2021-01-01T00:00:00+00:00, run_after=2021-01-01T00:00:00+00:00
[2023-08-28 19:16:51,242] {processor.py:161} INFO - Processing /home/felipe/airflow/venv/lib/python3.9/site-packages/airflow/example_dags/example_xcom.py took 1.765 seconds
[2023-08-28 19:18:30,233] {processor.py:153} INFO - Started process (PID=13005) to work on /home/felipe/airflow/venv/lib/python3.9/site-packages/airflow/example_dags/example_xcom.py
[2023-08-28 19:18:30,236] {processor.py:641} INFO - Processing file /home/felipe/airflow/venv/lib/python3.9/site-packages/airflow/example_dags/example_xcom.py for tasks to queue
[2023-08-28 19:18:30,238] {logging_mixin.py:115} INFO - [2023-08-28 19:18:30,238] {dagbag.py:507} INFO - Filling up the DagBag from /home/felipe/airflow/venv/lib/python3.9/site-packages/airflow/example_dags/example_xcom.py
[2023-08-28 19:18:30,441] {processor.py:651} INFO - DAG(s) dict_keys(['example_xcom']) retrieved from /home/felipe/airflow/venv/lib/python3.9/site-packages/airflow/example_dags/example_xcom.py
[2023-08-28 19:18:31,097] {logging_mixin.py:115} INFO - [2023-08-28 19:18:31,096] {dag.py:2379} INFO - Sync 1 DAGs
[2023-08-28 19:18:31,187] {logging_mixin.py:115} INFO - [2023-08-28 19:18:31,187] {dag.py:2927} INFO - Setting next_dagrun for example_xcom to 2021-01-01T00:00:00+00:00, run_after=2021-01-01T00:00:00+00:00
[2023-08-28 19:18:31,260] {processor.py:161} INFO - Processing /home/felipe/airflow/venv/lib/python3.9/site-packages/airflow/example_dags/example_xcom.py took 1.074 seconds
[2023-08-28 19:19:48,943] {processor.py:153} INFO - Started process (PID=13293) to work on /home/felipe/airflow/venv/lib/python3.9/site-packages/airflow/example_dags/example_xcom.py
[2023-08-28 19:19:48,945] {processor.py:641} INFO - Processing file /home/felipe/airflow/venv/lib/python3.9/site-packages/airflow/example_dags/example_xcom.py for tasks to queue
[2023-08-28 19:19:48,947] {logging_mixin.py:115} INFO - [2023-08-28 19:19:48,947] {dagbag.py:507} INFO - Filling up the DagBag from /home/felipe/airflow/venv/lib/python3.9/site-packages/airflow/example_dags/example_xcom.py
[2023-08-28 19:19:49,066] {processor.py:651} INFO - DAG(s) dict_keys(['example_xcom']) retrieved from /home/felipe/airflow/venv/lib/python3.9/site-packages/airflow/example_dags/example_xcom.py
[2023-08-28 19:19:49,295] {logging_mixin.py:115} INFO - [2023-08-28 19:19:49,295] {dag.py:2379} INFO - Sync 1 DAGs
[2023-08-28 19:19:49,358] {logging_mixin.py:115} INFO - [2023-08-28 19:19:49,358] {dag.py:2927} INFO - Setting next_dagrun for example_xcom to 2021-01-01T00:00:00+00:00, run_after=2021-01-01T00:00:00+00:00
[2023-08-28 19:19:49,446] {processor.py:161} INFO - Processing /home/felipe/airflow/venv/lib/python3.9/site-packages/airflow/example_dags/example_xcom.py took 0.534 seconds
[2023-08-28 19:21:08,093] {processor.py:153} INFO - Started process (PID=13960) to work on /home/felipe/airflow/venv/lib/python3.9/site-packages/airflow/example_dags/example_xcom.py
[2023-08-28 19:21:08,105] {processor.py:641} INFO - Processing file /home/felipe/airflow/venv/lib/python3.9/site-packages/airflow/example_dags/example_xcom.py for tasks to queue
[2023-08-28 19:21:08,111] {logging_mixin.py:115} INFO - [2023-08-28 19:21:08,109] {dagbag.py:507} INFO - Filling up the DagBag from /home/felipe/airflow/venv/lib/python3.9/site-packages/airflow/example_dags/example_xcom.py
[2023-08-28 19:21:09,157] {processor.py:651} INFO - DAG(s) dict_keys(['example_xcom']) retrieved from /home/felipe/airflow/venv/lib/python3.9/site-packages/airflow/example_dags/example_xcom.py
[2023-08-28 19:21:10,825] {logging_mixin.py:115} INFO - [2023-08-28 19:21:10,824] {dag.py:2379} INFO - Sync 1 DAGs
[2023-08-28 19:21:10,992] {logging_mixin.py:115} INFO - [2023-08-28 19:21:10,991] {dag.py:2927} INFO - Setting next_dagrun for example_xcom to 2021-01-01T00:00:00+00:00, run_after=2021-01-01T00:00:00+00:00
[2023-08-28 19:21:11,098] {processor.py:161} INFO - Processing /home/felipe/airflow/venv/lib/python3.9/site-packages/airflow/example_dags/example_xcom.py took 3.128 seconds
[2023-08-28 19:22:43,437] {processor.py:153} INFO - Started process (PID=14885) to work on /home/felipe/airflow/venv/lib/python3.9/site-packages/airflow/example_dags/example_xcom.py
[2023-08-28 19:22:43,444] {processor.py:641} INFO - Processing file /home/felipe/airflow/venv/lib/python3.9/site-packages/airflow/example_dags/example_xcom.py for tasks to queue
[2023-08-28 19:22:43,446] {logging_mixin.py:115} INFO - [2023-08-28 19:22:43,446] {dagbag.py:507} INFO - Filling up the DagBag from /home/felipe/airflow/venv/lib/python3.9/site-packages/airflow/example_dags/example_xcom.py
[2023-08-28 19:22:43,550] {processor.py:651} INFO - DAG(s) dict_keys(['example_xcom']) retrieved from /home/felipe/airflow/venv/lib/python3.9/site-packages/airflow/example_dags/example_xcom.py
[2023-08-28 19:22:43,736] {logging_mixin.py:115} INFO - [2023-08-28 19:22:43,736] {dag.py:2379} INFO - Sync 1 DAGs
[2023-08-28 19:22:43,819] {logging_mixin.py:115} INFO - [2023-08-28 19:22:43,817] {dag.py:2927} INFO - Setting next_dagrun for example_xcom to 2021-01-01T00:00:00+00:00, run_after=2021-01-01T00:00:00+00:00
[2023-08-28 19:22:43,898] {processor.py:161} INFO - Processing /home/felipe/airflow/venv/lib/python3.9/site-packages/airflow/example_dags/example_xcom.py took 0.481 seconds
[2023-08-28 19:23:55,380] {processor.py:153} INFO - Started process (PID=15341) to work on /home/felipe/airflow/venv/lib/python3.9/site-packages/airflow/example_dags/example_xcom.py
[2023-08-28 19:23:55,382] {processor.py:641} INFO - Processing file /home/felipe/airflow/venv/lib/python3.9/site-packages/airflow/example_dags/example_xcom.py for tasks to queue
[2023-08-28 19:23:55,383] {logging_mixin.py:115} INFO - [2023-08-28 19:23:55,383] {dagbag.py:507} INFO - Filling up the DagBag from /home/felipe/airflow/venv/lib/python3.9/site-packages/airflow/example_dags/example_xcom.py
[2023-08-28 19:23:55,478] {processor.py:651} INFO - DAG(s) dict_keys(['example_xcom']) retrieved from /home/felipe/airflow/venv/lib/python3.9/site-packages/airflow/example_dags/example_xcom.py
[2023-08-28 19:23:55,677] {logging_mixin.py:115} INFO - [2023-08-28 19:23:55,676] {dag.py:2379} INFO - Sync 1 DAGs
[2023-08-28 19:23:55,732] {logging_mixin.py:115} INFO - [2023-08-28 19:23:55,732] {dag.py:2927} INFO - Setting next_dagrun for example_xcom to 2021-01-01T00:00:00+00:00, run_after=2021-01-01T00:00:00+00:00
[2023-08-28 19:23:55,784] {processor.py:161} INFO - Processing /home/felipe/airflow/venv/lib/python3.9/site-packages/airflow/example_dags/example_xcom.py took 0.420 seconds
[2023-08-28 19:24:51,236] {processor.py:153} INFO - Started process (PID=15586) to work on /home/felipe/airflow/venv/lib/python3.9/site-packages/airflow/example_dags/example_xcom.py
[2023-08-28 19:24:51,242] {processor.py:641} INFO - Processing file /home/felipe/airflow/venv/lib/python3.9/site-packages/airflow/example_dags/example_xcom.py for tasks to queue
[2023-08-28 19:24:51,245] {logging_mixin.py:115} INFO - [2023-08-28 19:24:51,244] {dagbag.py:507} INFO - Filling up the DagBag from /home/felipe/airflow/venv/lib/python3.9/site-packages/airflow/example_dags/example_xcom.py
[2023-08-28 19:24:51,383] {processor.py:651} INFO - DAG(s) dict_keys(['example_xcom']) retrieved from /home/felipe/airflow/venv/lib/python3.9/site-packages/airflow/example_dags/example_xcom.py
[2023-08-28 19:24:51,717] {logging_mixin.py:115} INFO - [2023-08-28 19:24:51,717] {dag.py:2379} INFO - Sync 1 DAGs
[2023-08-28 19:24:51,781] {logging_mixin.py:115} INFO - [2023-08-28 19:24:51,781] {dag.py:2927} INFO - Setting next_dagrun for example_xcom to 2021-01-01T00:00:00+00:00, run_after=2021-01-01T00:00:00+00:00
[2023-08-28 19:24:51,852] {processor.py:161} INFO - Processing /home/felipe/airflow/venv/lib/python3.9/site-packages/airflow/example_dags/example_xcom.py took 0.634 seconds
[2023-08-28 19:25:47,099] {processor.py:153} INFO - Started process (PID=16095) to work on /home/felipe/airflow/venv/lib/python3.9/site-packages/airflow/example_dags/example_xcom.py
[2023-08-28 19:25:47,100] {processor.py:641} INFO - Processing file /home/felipe/airflow/venv/lib/python3.9/site-packages/airflow/example_dags/example_xcom.py for tasks to queue
[2023-08-28 19:25:47,102] {logging_mixin.py:115} INFO - [2023-08-28 19:25:47,102] {dagbag.py:507} INFO - Filling up the DagBag from /home/felipe/airflow/venv/lib/python3.9/site-packages/airflow/example_dags/example_xcom.py
[2023-08-28 19:25:47,177] {processor.py:651} INFO - DAG(s) dict_keys(['example_xcom']) retrieved from /home/felipe/airflow/venv/lib/python3.9/site-packages/airflow/example_dags/example_xcom.py
[2023-08-28 19:25:47,255] {logging_mixin.py:115} INFO - [2023-08-28 19:25:47,255] {dag.py:2379} INFO - Sync 1 DAGs
[2023-08-28 19:25:47,310] {logging_mixin.py:115} INFO - [2023-08-28 19:25:47,309] {dag.py:2927} INFO - Setting next_dagrun for example_xcom to 2021-01-01T00:00:00+00:00, run_after=2021-01-01T00:00:00+00:00
[2023-08-28 19:25:47,348] {processor.py:161} INFO - Processing /home/felipe/airflow/venv/lib/python3.9/site-packages/airflow/example_dags/example_xcom.py took 0.267 seconds
[2023-08-28 19:26:42,589] {processor.py:153} INFO - Started process (PID=16383) to work on /home/felipe/airflow/venv/lib/python3.9/site-packages/airflow/example_dags/example_xcom.py
[2023-08-28 19:26:42,594] {processor.py:641} INFO - Processing file /home/felipe/airflow/venv/lib/python3.9/site-packages/airflow/example_dags/example_xcom.py for tasks to queue
[2023-08-28 19:26:42,596] {logging_mixin.py:115} INFO - [2023-08-28 19:26:42,595] {dagbag.py:507} INFO - Filling up the DagBag from /home/felipe/airflow/venv/lib/python3.9/site-packages/airflow/example_dags/example_xcom.py
[2023-08-28 19:26:42,719] {processor.py:651} INFO - DAG(s) dict_keys(['example_xcom']) retrieved from /home/felipe/airflow/venv/lib/python3.9/site-packages/airflow/example_dags/example_xcom.py
[2023-08-28 19:26:43,087] {logging_mixin.py:115} INFO - [2023-08-28 19:26:43,087] {dag.py:2379} INFO - Sync 1 DAGs
[2023-08-28 19:26:43,313] {logging_mixin.py:115} INFO - [2023-08-28 19:26:43,313] {dag.py:2927} INFO - Setting next_dagrun for example_xcom to 2021-01-01T00:00:00+00:00, run_after=2021-01-01T00:00:00+00:00
[2023-08-28 19:26:43,387] {processor.py:161} INFO - Processing /home/felipe/airflow/venv/lib/python3.9/site-packages/airflow/example_dags/example_xcom.py took 0.824 seconds
[2023-08-28 20:08:14,468] {processor.py:153} INFO - Started process (PID=24481) to work on /home/felipe/airflow/venv/lib/python3.9/site-packages/airflow/example_dags/example_xcom.py
[2023-08-28 20:08:14,474] {processor.py:641} INFO - Processing file /home/felipe/airflow/venv/lib/python3.9/site-packages/airflow/example_dags/example_xcom.py for tasks to queue
[2023-08-28 20:08:14,482] {logging_mixin.py:115} INFO - [2023-08-28 20:08:14,482] {dagbag.py:507} INFO - Filling up the DagBag from /home/felipe/airflow/venv/lib/python3.9/site-packages/airflow/example_dags/example_xcom.py
[2023-08-28 20:08:14,971] {processor.py:651} INFO - DAG(s) dict_keys(['example_xcom']) retrieved from /home/felipe/airflow/venv/lib/python3.9/site-packages/airflow/example_dags/example_xcom.py
[2023-08-28 20:08:16,180] {logging_mixin.py:115} INFO - [2023-08-28 20:08:16,180] {dag.py:2379} INFO - Sync 1 DAGs
[2023-08-28 20:08:16,571] {logging_mixin.py:115} INFO - [2023-08-28 20:08:16,567] {dag.py:2927} INFO - Setting next_dagrun for example_xcom to 2021-01-01T00:00:00+00:00, run_after=2021-01-01T00:00:00+00:00
[2023-08-28 20:08:16,722] {processor.py:161} INFO - Processing /home/felipe/airflow/venv/lib/python3.9/site-packages/airflow/example_dags/example_xcom.py took 2.323 seconds
[2023-08-28 20:11:11,036] {processor.py:153} INFO - Started process (PID=26215) to work on /home/felipe/airflow/venv/lib/python3.9/site-packages/airflow/example_dags/example_xcom.py
[2023-08-28 20:11:11,038] {processor.py:641} INFO - Processing file /home/felipe/airflow/venv/lib/python3.9/site-packages/airflow/example_dags/example_xcom.py for tasks to queue
[2023-08-28 20:11:11,040] {logging_mixin.py:115} INFO - [2023-08-28 20:11:11,039] {dagbag.py:507} INFO - Filling up the DagBag from /home/felipe/airflow/venv/lib/python3.9/site-packages/airflow/example_dags/example_xcom.py
[2023-08-28 20:11:11,158] {processor.py:651} INFO - DAG(s) dict_keys(['example_xcom']) retrieved from /home/felipe/airflow/venv/lib/python3.9/site-packages/airflow/example_dags/example_xcom.py
[2023-08-28 20:11:11,286] {logging_mixin.py:115} INFO - [2023-08-28 20:11:11,286] {dag.py:2379} INFO - Sync 1 DAGs
[2023-08-28 20:11:11,325] {logging_mixin.py:115} INFO - [2023-08-28 20:11:11,325] {dag.py:2927} INFO - Setting next_dagrun for example_xcom to 2021-01-01T00:00:00+00:00, run_after=2021-01-01T00:00:00+00:00
[2023-08-28 20:11:11,362] {processor.py:161} INFO - Processing /home/felipe/airflow/venv/lib/python3.9/site-packages/airflow/example_dags/example_xcom.py took 0.341 seconds
[2023-08-28 20:13:49,330] {processor.py:153} INFO - Started process (PID=26792) to work on /home/felipe/airflow/venv/lib/python3.9/site-packages/airflow/example_dags/example_xcom.py
[2023-08-28 20:13:49,332] {processor.py:641} INFO - Processing file /home/felipe/airflow/venv/lib/python3.9/site-packages/airflow/example_dags/example_xcom.py for tasks to queue
[2023-08-28 20:13:49,335] {logging_mixin.py:115} INFO - [2023-08-28 20:13:49,334] {dagbag.py:507} INFO - Filling up the DagBag from /home/felipe/airflow/venv/lib/python3.9/site-packages/airflow/example_dags/example_xcom.py
[2023-08-28 20:13:49,617] {processor.py:651} INFO - DAG(s) dict_keys(['example_xcom']) retrieved from /home/felipe/airflow/venv/lib/python3.9/site-packages/airflow/example_dags/example_xcom.py
[2023-08-28 20:13:49,976] {logging_mixin.py:115} INFO - [2023-08-28 20:13:49,976] {dag.py:2379} INFO - Sync 1 DAGs
[2023-08-28 20:13:50,077] {logging_mixin.py:115} INFO - [2023-08-28 20:13:50,077] {dag.py:2927} INFO - Setting next_dagrun for example_xcom to 2021-01-01T00:00:00+00:00, run_after=2021-01-01T00:00:00+00:00
[2023-08-28 20:13:50,157] {processor.py:161} INFO - Processing /home/felipe/airflow/venv/lib/python3.9/site-packages/airflow/example_dags/example_xcom.py took 0.876 seconds
[2023-08-28 20:14:46,860] {processor.py:153} INFO - Started process (PID=27248) to work on /home/felipe/airflow/venv/lib/python3.9/site-packages/airflow/example_dags/example_xcom.py
[2023-08-28 20:14:46,862] {processor.py:641} INFO - Processing file /home/felipe/airflow/venv/lib/python3.9/site-packages/airflow/example_dags/example_xcom.py for tasks to queue
[2023-08-28 20:14:46,863] {logging_mixin.py:115} INFO - [2023-08-28 20:14:46,863] {dagbag.py:507} INFO - Filling up the DagBag from /home/felipe/airflow/venv/lib/python3.9/site-packages/airflow/example_dags/example_xcom.py
[2023-08-28 20:14:46,943] {processor.py:651} INFO - DAG(s) dict_keys(['example_xcom']) retrieved from /home/felipe/airflow/venv/lib/python3.9/site-packages/airflow/example_dags/example_xcom.py
[2023-08-28 20:14:47,044] {logging_mixin.py:115} INFO - [2023-08-28 20:14:47,044] {dag.py:2379} INFO - Sync 1 DAGs
[2023-08-28 20:14:47,077] {logging_mixin.py:115} INFO - [2023-08-28 20:14:47,077] {dag.py:2927} INFO - Setting next_dagrun for example_xcom to 2021-01-01T00:00:00+00:00, run_after=2021-01-01T00:00:00+00:00
[2023-08-28 20:14:47,116] {processor.py:161} INFO - Processing /home/felipe/airflow/venv/lib/python3.9/site-packages/airflow/example_dags/example_xcom.py took 0.268 seconds
[2023-08-28 20:15:34,819] {processor.py:153} INFO - Started process (PID=27446) to work on /home/felipe/airflow/venv/lib/python3.9/site-packages/airflow/example_dags/example_xcom.py
[2023-08-28 20:15:34,820] {processor.py:641} INFO - Processing file /home/felipe/airflow/venv/lib/python3.9/site-packages/airflow/example_dags/example_xcom.py for tasks to queue
[2023-08-28 20:15:34,821] {logging_mixin.py:115} INFO - [2023-08-28 20:15:34,821] {dagbag.py:507} INFO - Filling up the DagBag from /home/felipe/airflow/venv/lib/python3.9/site-packages/airflow/example_dags/example_xcom.py
[2023-08-28 20:15:34,890] {processor.py:651} INFO - DAG(s) dict_keys(['example_xcom']) retrieved from /home/felipe/airflow/venv/lib/python3.9/site-packages/airflow/example_dags/example_xcom.py
[2023-08-28 20:15:34,934] {logging_mixin.py:115} INFO - [2023-08-28 20:15:34,934] {dag.py:2379} INFO - Sync 1 DAGs
[2023-08-28 20:15:34,974] {logging_mixin.py:115} INFO - [2023-08-28 20:15:34,973] {dag.py:2927} INFO - Setting next_dagrun for example_xcom to 2021-01-01T00:00:00+00:00, run_after=2021-01-01T00:00:00+00:00
[2023-08-28 20:15:35,007] {processor.py:161} INFO - Processing /home/felipe/airflow/venv/lib/python3.9/site-packages/airflow/example_dags/example_xcom.py took 0.197 seconds
[2023-08-28 20:16:18,140] {processor.py:153} INFO - Started process (PID=27808) to work on /home/felipe/airflow/venv/lib/python3.9/site-packages/airflow/example_dags/example_xcom.py
[2023-08-28 20:16:18,141] {processor.py:641} INFO - Processing file /home/felipe/airflow/venv/lib/python3.9/site-packages/airflow/example_dags/example_xcom.py for tasks to queue
[2023-08-28 20:16:18,143] {logging_mixin.py:115} INFO - [2023-08-28 20:16:18,142] {dagbag.py:507} INFO - Filling up the DagBag from /home/felipe/airflow/venv/lib/python3.9/site-packages/airflow/example_dags/example_xcom.py
[2023-08-28 20:16:18,212] {processor.py:651} INFO - DAG(s) dict_keys(['example_xcom']) retrieved from /home/felipe/airflow/venv/lib/python3.9/site-packages/airflow/example_dags/example_xcom.py
[2023-08-28 20:16:18,252] {logging_mixin.py:115} INFO - [2023-08-28 20:16:18,252] {dag.py:2379} INFO - Sync 1 DAGs
[2023-08-28 20:16:18,291] {logging_mixin.py:115} INFO - [2023-08-28 20:16:18,291] {dag.py:2927} INFO - Setting next_dagrun for example_xcom to 2021-01-01T00:00:00+00:00, run_after=2021-01-01T00:00:00+00:00
[2023-08-28 20:16:18,324] {processor.py:161} INFO - Processing /home/felipe/airflow/venv/lib/python3.9/site-packages/airflow/example_dags/example_xcom.py took 0.196 seconds
[2023-08-28 20:17:18,103] {processor.py:153} INFO - Started process (PID=28165) to work on /home/felipe/airflow/venv/lib/python3.9/site-packages/airflow/example_dags/example_xcom.py
[2023-08-28 20:17:18,105] {processor.py:641} INFO - Processing file /home/felipe/airflow/venv/lib/python3.9/site-packages/airflow/example_dags/example_xcom.py for tasks to queue
[2023-08-28 20:17:18,107] {logging_mixin.py:115} INFO - [2023-08-28 20:17:18,106] {dagbag.py:507} INFO - Filling up the DagBag from /home/felipe/airflow/venv/lib/python3.9/site-packages/airflow/example_dags/example_xcom.py
[2023-08-28 20:17:18,234] {processor.py:651} INFO - DAG(s) dict_keys(['example_xcom']) retrieved from /home/felipe/airflow/venv/lib/python3.9/site-packages/airflow/example_dags/example_xcom.py
[2023-08-28 20:17:18,544] {logging_mixin.py:115} INFO - [2023-08-28 20:17:18,544] {dag.py:2379} INFO - Sync 1 DAGs
[2023-08-28 20:17:18,620] {logging_mixin.py:115} INFO - [2023-08-28 20:17:18,619] {dag.py:2927} INFO - Setting next_dagrun for example_xcom to 2021-01-01T00:00:00+00:00, run_after=2021-01-01T00:00:00+00:00
[2023-08-28 20:17:18,679] {processor.py:161} INFO - Processing /home/felipe/airflow/venv/lib/python3.9/site-packages/airflow/example_dags/example_xcom.py took 0.593 seconds
[2023-08-28 20:19:19,523] {processor.py:153} INFO - Started process (PID=29506) to work on /home/felipe/airflow/venv/lib/python3.9/site-packages/airflow/example_dags/example_xcom.py
[2023-08-28 20:19:19,525] {processor.py:641} INFO - Processing file /home/felipe/airflow/venv/lib/python3.9/site-packages/airflow/example_dags/example_xcom.py for tasks to queue
[2023-08-28 20:19:19,527] {logging_mixin.py:115} INFO - [2023-08-28 20:19:19,526] {dagbag.py:507} INFO - Filling up the DagBag from /home/felipe/airflow/venv/lib/python3.9/site-packages/airflow/example_dags/example_xcom.py
[2023-08-28 20:19:19,602] {processor.py:651} INFO - DAG(s) dict_keys(['example_xcom']) retrieved from /home/felipe/airflow/venv/lib/python3.9/site-packages/airflow/example_dags/example_xcom.py
[2023-08-28 20:19:19,720] {logging_mixin.py:115} INFO - [2023-08-28 20:19:19,720] {dag.py:2379} INFO - Sync 1 DAGs
[2023-08-28 20:19:19,752] {logging_mixin.py:115} INFO - [2023-08-28 20:19:19,752] {dag.py:2927} INFO - Setting next_dagrun for example_xcom to 2021-01-01T00:00:00+00:00, run_after=2021-01-01T00:00:00+00:00
[2023-08-28 20:19:19,798] {processor.py:161} INFO - Processing /home/felipe/airflow/venv/lib/python3.9/site-packages/airflow/example_dags/example_xcom.py took 0.289 seconds
[2023-08-28 20:20:05,850] {processor.py:153} INFO - Started process (PID=29650) to work on /home/felipe/airflow/venv/lib/python3.9/site-packages/airflow/example_dags/example_xcom.py
[2023-08-28 20:20:05,852] {processor.py:641} INFO - Processing file /home/felipe/airflow/venv/lib/python3.9/site-packages/airflow/example_dags/example_xcom.py for tasks to queue
[2023-08-28 20:20:05,854] {logging_mixin.py:115} INFO - [2023-08-28 20:20:05,854] {dagbag.py:507} INFO - Filling up the DagBag from /home/felipe/airflow/venv/lib/python3.9/site-packages/airflow/example_dags/example_xcom.py
[2023-08-28 20:20:05,919] {processor.py:651} INFO - DAG(s) dict_keys(['example_xcom']) retrieved from /home/felipe/airflow/venv/lib/python3.9/site-packages/airflow/example_dags/example_xcom.py
[2023-08-28 20:20:05,978] {logging_mixin.py:115} INFO - [2023-08-28 20:20:05,978] {dag.py:2379} INFO - Sync 1 DAGs
[2023-08-28 20:20:06,020] {logging_mixin.py:115} INFO - [2023-08-28 20:20:06,019] {dag.py:2927} INFO - Setting next_dagrun for example_xcom to 2021-01-01T00:00:00+00:00, run_after=2021-01-01T00:00:00+00:00
[2023-08-28 20:20:06,049] {processor.py:161} INFO - Processing /home/felipe/airflow/venv/lib/python3.9/site-packages/airflow/example_dags/example_xcom.py took 0.210 seconds
[2023-08-28 20:20:51,845] {processor.py:153} INFO - Started process (PID=29911) to work on /home/felipe/airflow/venv/lib/python3.9/site-packages/airflow/example_dags/example_xcom.py
[2023-08-28 20:20:51,848] {processor.py:641} INFO - Processing file /home/felipe/airflow/venv/lib/python3.9/site-packages/airflow/example_dags/example_xcom.py for tasks to queue
[2023-08-28 20:20:51,852] {logging_mixin.py:115} INFO - [2023-08-28 20:20:51,851] {dagbag.py:507} INFO - Filling up the DagBag from /home/felipe/airflow/venv/lib/python3.9/site-packages/airflow/example_dags/example_xcom.py
[2023-08-28 20:20:52,062] {processor.py:651} INFO - DAG(s) dict_keys(['example_xcom']) retrieved from /home/felipe/airflow/venv/lib/python3.9/site-packages/airflow/example_dags/example_xcom.py
[2023-08-28 20:20:52,221] {logging_mixin.py:115} INFO - [2023-08-28 20:20:52,220] {dag.py:2379} INFO - Sync 1 DAGs
[2023-08-28 20:20:52,386] {logging_mixin.py:115} INFO - [2023-08-28 20:20:52,386] {dag.py:2927} INFO - Setting next_dagrun for example_xcom to 2021-01-01T00:00:00+00:00, run_after=2021-01-01T00:00:00+00:00
[2023-08-28 20:20:52,471] {processor.py:161} INFO - Processing /home/felipe/airflow/venv/lib/python3.9/site-packages/airflow/example_dags/example_xcom.py took 0.671 seconds
[2023-08-28 20:23:04,359] {processor.py:153} INFO - Started process (PID=31284) to work on /home/felipe/airflow/venv/lib/python3.9/site-packages/airflow/example_dags/example_xcom.py
[2023-08-28 20:23:04,363] {processor.py:641} INFO - Processing file /home/felipe/airflow/venv/lib/python3.9/site-packages/airflow/example_dags/example_xcom.py for tasks to queue
[2023-08-28 20:23:04,366] {logging_mixin.py:115} INFO - [2023-08-28 20:23:04,366] {dagbag.py:507} INFO - Filling up the DagBag from /home/felipe/airflow/venv/lib/python3.9/site-packages/airflow/example_dags/example_xcom.py
[2023-08-28 20:23:04,517] {processor.py:651} INFO - DAG(s) dict_keys(['example_xcom']) retrieved from /home/felipe/airflow/venv/lib/python3.9/site-packages/airflow/example_dags/example_xcom.py
[2023-08-28 20:23:04,727] {logging_mixin.py:115} INFO - [2023-08-28 20:23:04,726] {dag.py:2379} INFO - Sync 1 DAGs
[2023-08-28 20:23:04,790] {logging_mixin.py:115} INFO - [2023-08-28 20:23:04,790] {dag.py:2927} INFO - Setting next_dagrun for example_xcom to 2021-01-01T00:00:00+00:00, run_after=2021-01-01T00:00:00+00:00
[2023-08-28 20:23:04,870] {processor.py:161} INFO - Processing /home/felipe/airflow/venv/lib/python3.9/site-packages/airflow/example_dags/example_xcom.py took 0.533 seconds
[2023-08-28 20:23:51,030] {processor.py:153} INFO - Started process (PID=31375) to work on /home/felipe/airflow/venv/lib/python3.9/site-packages/airflow/example_dags/example_xcom.py
[2023-08-28 20:23:51,031] {processor.py:641} INFO - Processing file /home/felipe/airflow/venv/lib/python3.9/site-packages/airflow/example_dags/example_xcom.py for tasks to queue
[2023-08-28 20:23:51,033] {logging_mixin.py:115} INFO - [2023-08-28 20:23:51,032] {dagbag.py:507} INFO - Filling up the DagBag from /home/felipe/airflow/venv/lib/python3.9/site-packages/airflow/example_dags/example_xcom.py
[2023-08-28 20:23:51,102] {processor.py:651} INFO - DAG(s) dict_keys(['example_xcom']) retrieved from /home/felipe/airflow/venv/lib/python3.9/site-packages/airflow/example_dags/example_xcom.py
[2023-08-28 20:23:51,142] {logging_mixin.py:115} INFO - [2023-08-28 20:23:51,142] {dag.py:2379} INFO - Sync 1 DAGs
[2023-08-28 20:23:51,187] {logging_mixin.py:115} INFO - [2023-08-28 20:23:51,187] {dag.py:2927} INFO - Setting next_dagrun for example_xcom to 2021-01-01T00:00:00+00:00, run_after=2021-01-01T00:00:00+00:00
[2023-08-28 20:23:51,222] {processor.py:161} INFO - Processing /home/felipe/airflow/venv/lib/python3.9/site-packages/airflow/example_dags/example_xcom.py took 0.205 seconds
[2023-08-28 20:24:51,587] {processor.py:153} INFO - Started process (PID=31701) to work on /home/felipe/airflow/venv/lib/python3.9/site-packages/airflow/example_dags/example_xcom.py
[2023-08-28 20:24:51,590] {processor.py:641} INFO - Processing file /home/felipe/airflow/venv/lib/python3.9/site-packages/airflow/example_dags/example_xcom.py for tasks to queue
[2023-08-28 20:24:51,600] {logging_mixin.py:115} INFO - [2023-08-28 20:24:51,599] {dagbag.py:507} INFO - Filling up the DagBag from /home/felipe/airflow/venv/lib/python3.9/site-packages/airflow/example_dags/example_xcom.py
[2023-08-28 20:24:51,940] {processor.py:651} INFO - DAG(s) dict_keys(['example_xcom']) retrieved from /home/felipe/airflow/venv/lib/python3.9/site-packages/airflow/example_dags/example_xcom.py
[2023-08-28 20:24:52,640] {logging_mixin.py:115} INFO - [2023-08-28 20:24:52,639] {dag.py:2379} INFO - Sync 1 DAGs
[2023-08-28 20:24:53,102] {logging_mixin.py:115} INFO - [2023-08-28 20:24:53,084] {dag.py:2927} INFO - Setting next_dagrun for example_xcom to 2021-01-01T00:00:00+00:00, run_after=2021-01-01T00:00:00+00:00
[2023-08-28 20:24:53,305] {processor.py:164} ERROR - Got an exception! Propagating...
Traceback (most recent call last):
  File "/home/felipe/airflow/venv/lib/python3.9/site-packages/sqlalchemy/engine/base.py", line 928, in _commit_impl
    self.engine.dialect.do_commit(self.connection)
  File "/home/felipe/airflow/venv/lib/python3.9/site-packages/sqlalchemy/engine/default.py", line 669, in do_commit
    dbapi_connection.commit()
sqlite3.OperationalError: disk I/O error

The above exception was the direct cause of the following exception:

Traceback (most recent call last):
  File "/home/felipe/airflow/venv/lib/python3.9/site-packages/airflow/dag_processing/processor.py", line 155, in _run_file_processor
    result: Tuple[int, int] = dag_file_processor.process_file(
  File "/home/felipe/airflow/venv/lib/python3.9/site-packages/airflow/utils/session.py", line 71, in wrapper
    return func(*args, session=session, **kwargs)
  File "/home/felipe/airflow/venv/lib/python3.9/site-packages/airflow/dag_processing/processor.py", line 660, in process_file
    dagbag.sync_to_db()
  File "/home/felipe/airflow/venv/lib/python3.9/site-packages/airflow/utils/session.py", line 71, in wrapper
    return func(*args, session=session, **kwargs)
  File "/usr/lib/python3.9/contextlib.py", line 126, in __exit__
    next(self.gen)
  File "/home/felipe/airflow/venv/lib/python3.9/site-packages/airflow/utils/session.py", line 33, in create_session
    session.commit()
  File "/home/felipe/airflow/venv/lib/python3.9/site-packages/sqlalchemy/orm/session.py", line 1423, in commit
    self._transaction.commit(_to_root=self.future)
  File "/home/felipe/airflow/venv/lib/python3.9/site-packages/sqlalchemy/orm/session.py", line 836, in commit
    trans.commit()
  File "/home/felipe/airflow/venv/lib/python3.9/site-packages/sqlalchemy/engine/base.py", line 2265, in commit
    self._do_commit()
  File "/home/felipe/airflow/venv/lib/python3.9/site-packages/sqlalchemy/engine/base.py", line 2440, in _do_commit
    self._connection_commit_impl()
  File "/home/felipe/airflow/venv/lib/python3.9/site-packages/sqlalchemy/engine/base.py", line 2411, in _connection_commit_impl
    self.connection._commit_impl()
  File "/home/felipe/airflow/venv/lib/python3.9/site-packages/sqlalchemy/engine/base.py", line 930, in _commit_impl
    self._handle_dbapi_exception(e, None, None, None, None)
  File "/home/felipe/airflow/venv/lib/python3.9/site-packages/sqlalchemy/engine/base.py", line 1929, in _handle_dbapi_exception
    util.raise_(
  File "/home/felipe/airflow/venv/lib/python3.9/site-packages/sqlalchemy/util/compat.py", line 211, in raise_
    raise exception
  File "/home/felipe/airflow/venv/lib/python3.9/site-packages/sqlalchemy/engine/base.py", line 928, in _commit_impl
    self.engine.dialect.do_commit(self.connection)
  File "/home/felipe/airflow/venv/lib/python3.9/site-packages/sqlalchemy/engine/default.py", line 669, in do_commit
    dbapi_connection.commit()
sqlalchemy.exc.OperationalError: (sqlite3.OperationalError) disk I/O error
(Background on this error at: http://sqlalche.me/e/14/e3q8)
[2023-08-28 20:26:40,263] {processor.py:153} INFO - Started process (PID=32645) to work on /home/felipe/airflow/venv/lib/python3.9/site-packages/airflow/example_dags/example_xcom.py
[2023-08-28 20:26:40,267] {processor.py:641} INFO - Processing file /home/felipe/airflow/venv/lib/python3.9/site-packages/airflow/example_dags/example_xcom.py for tasks to queue
[2023-08-28 20:26:40,268] {logging_mixin.py:115} INFO - [2023-08-28 20:26:40,268] {dagbag.py:507} INFO - Filling up the DagBag from /home/felipe/airflow/venv/lib/python3.9/site-packages/airflow/example_dags/example_xcom.py
[2023-08-28 20:26:40,351] {processor.py:651} INFO - DAG(s) dict_keys(['example_xcom']) retrieved from /home/felipe/airflow/venv/lib/python3.9/site-packages/airflow/example_dags/example_xcom.py
[2023-08-28 20:26:40,397] {logging_mixin.py:115} INFO - [2023-08-28 20:26:40,396] {dag.py:2379} INFO - Sync 1 DAGs
[2023-08-28 20:26:40,441] {logging_mixin.py:115} INFO - [2023-08-28 20:26:40,441] {dag.py:2927} INFO - Setting next_dagrun for example_xcom to 2021-01-01T00:00:00+00:00, run_after=2021-01-01T00:00:00+00:00
[2023-08-28 20:26:40,474] {processor.py:161} INFO - Processing /home/felipe/airflow/venv/lib/python3.9/site-packages/airflow/example_dags/example_xcom.py took 0.225 seconds
[2023-08-28 20:27:25,262] {processor.py:153} INFO - Started process (PID=40) to work on /home/felipe/airflow/venv/lib/python3.9/site-packages/airflow/example_dags/example_xcom.py
[2023-08-28 20:27:25,264] {processor.py:641} INFO - Processing file /home/felipe/airflow/venv/lib/python3.9/site-packages/airflow/example_dags/example_xcom.py for tasks to queue
[2023-08-28 20:27:25,266] {logging_mixin.py:115} INFO - [2023-08-28 20:27:25,265] {dagbag.py:507} INFO - Filling up the DagBag from /home/felipe/airflow/venv/lib/python3.9/site-packages/airflow/example_dags/example_xcom.py
[2023-08-28 20:27:25,373] {processor.py:651} INFO - DAG(s) dict_keys(['example_xcom']) retrieved from /home/felipe/airflow/venv/lib/python3.9/site-packages/airflow/example_dags/example_xcom.py
[2023-08-28 20:27:25,556] {logging_mixin.py:115} INFO - [2023-08-28 20:27:25,556] {dag.py:2379} INFO - Sync 1 DAGs
[2023-08-28 20:27:25,661] {logging_mixin.py:115} INFO - [2023-08-28 20:27:25,661] {dag.py:2927} INFO - Setting next_dagrun for example_xcom to 2021-01-01T00:00:00+00:00, run_after=2021-01-01T00:00:00+00:00
[2023-08-28 20:27:25,744] {processor.py:161} INFO - Processing /home/felipe/airflow/venv/lib/python3.9/site-packages/airflow/example_dags/example_xcom.py took 0.499 seconds
[2023-08-28 20:28:39,412] {processor.py:153} INFO - Started process (PID=875) to work on /home/felipe/airflow/venv/lib/python3.9/site-packages/airflow/example_dags/example_xcom.py
[2023-08-28 20:28:39,414] {processor.py:641} INFO - Processing file /home/felipe/airflow/venv/lib/python3.9/site-packages/airflow/example_dags/example_xcom.py for tasks to queue
[2023-08-28 20:28:39,420] {logging_mixin.py:115} INFO - [2023-08-28 20:28:39,420] {dagbag.py:507} INFO - Filling up the DagBag from /home/felipe/airflow/venv/lib/python3.9/site-packages/airflow/example_dags/example_xcom.py
[2023-08-28 20:28:39,595] {processor.py:651} INFO - DAG(s) dict_keys(['example_xcom']) retrieved from /home/felipe/airflow/venv/lib/python3.9/site-packages/airflow/example_dags/example_xcom.py
[2023-08-28 20:28:39,709] {logging_mixin.py:115} INFO - [2023-08-28 20:28:39,709] {dag.py:2379} INFO - Sync 1 DAGs
[2023-08-28 20:28:39,823] {logging_mixin.py:115} INFO - [2023-08-28 20:28:39,822] {dag.py:2927} INFO - Setting next_dagrun for example_xcom to 2021-01-01T00:00:00+00:00, run_after=2021-01-01T00:00:00+00:00
[2023-08-28 20:28:39,889] {processor.py:161} INFO - Processing /home/felipe/airflow/venv/lib/python3.9/site-packages/airflow/example_dags/example_xcom.py took 0.497 seconds
[2023-08-28 20:29:47,215] {processor.py:153} INFO - Started process (PID=1612) to work on /home/felipe/airflow/venv/lib/python3.9/site-packages/airflow/example_dags/example_xcom.py
[2023-08-28 20:29:47,217] {processor.py:641} INFO - Processing file /home/felipe/airflow/venv/lib/python3.9/site-packages/airflow/example_dags/example_xcom.py for tasks to queue
[2023-08-28 20:29:47,218] {logging_mixin.py:115} INFO - [2023-08-28 20:29:47,218] {dagbag.py:507} INFO - Filling up the DagBag from /home/felipe/airflow/venv/lib/python3.9/site-packages/airflow/example_dags/example_xcom.py
[2023-08-28 20:29:47,297] {processor.py:651} INFO - DAG(s) dict_keys(['example_xcom']) retrieved from /home/felipe/airflow/venv/lib/python3.9/site-packages/airflow/example_dags/example_xcom.py
[2023-08-28 20:29:47,345] {logging_mixin.py:115} INFO - [2023-08-28 20:29:47,345] {dag.py:2379} INFO - Sync 1 DAGs
[2023-08-28 20:29:47,408] {logging_mixin.py:115} INFO - [2023-08-28 20:29:47,408] {dag.py:2927} INFO - Setting next_dagrun for example_xcom to 2021-01-01T00:00:00+00:00, run_after=2021-01-01T00:00:00+00:00
[2023-08-28 20:29:47,457] {processor.py:161} INFO - Processing /home/felipe/airflow/venv/lib/python3.9/site-packages/airflow/example_dags/example_xcom.py took 0.257 seconds
[2023-08-28 20:31:23,503] {processor.py:153} INFO - Started process (PID=2591) to work on /home/felipe/airflow/venv/lib/python3.9/site-packages/airflow/example_dags/example_xcom.py
[2023-08-28 20:31:23,508] {processor.py:641} INFO - Processing file /home/felipe/airflow/venv/lib/python3.9/site-packages/airflow/example_dags/example_xcom.py for tasks to queue
[2023-08-28 20:31:23,510] {logging_mixin.py:115} INFO - [2023-08-28 20:31:23,510] {dagbag.py:507} INFO - Filling up the DagBag from /home/felipe/airflow/venv/lib/python3.9/site-packages/airflow/example_dags/example_xcom.py
[2023-08-28 20:31:23,613] {processor.py:651} INFO - DAG(s) dict_keys(['example_xcom']) retrieved from /home/felipe/airflow/venv/lib/python3.9/site-packages/airflow/example_dags/example_xcom.py
[2023-08-28 20:31:23,659] {logging_mixin.py:115} INFO - [2023-08-28 20:31:23,659] {dag.py:2379} INFO - Sync 1 DAGs
[2023-08-28 20:31:23,702] {logging_mixin.py:115} INFO - [2023-08-28 20:31:23,701] {dag.py:2927} INFO - Setting next_dagrun for example_xcom to 2021-01-01T00:00:00+00:00, run_after=2021-01-01T00:00:00+00:00
[2023-08-28 20:31:23,733] {processor.py:161} INFO - Processing /home/felipe/airflow/venv/lib/python3.9/site-packages/airflow/example_dags/example_xcom.py took 0.244 seconds
[2023-08-28 20:32:12,402] {processor.py:153} INFO - Started process (PID=2785) to work on /home/felipe/airflow/venv/lib/python3.9/site-packages/airflow/example_dags/example_xcom.py
[2023-08-28 20:32:12,404] {processor.py:641} INFO - Processing file /home/felipe/airflow/venv/lib/python3.9/site-packages/airflow/example_dags/example_xcom.py for tasks to queue
[2023-08-28 20:32:12,406] {logging_mixin.py:115} INFO - [2023-08-28 20:32:12,405] {dagbag.py:507} INFO - Filling up the DagBag from /home/felipe/airflow/venv/lib/python3.9/site-packages/airflow/example_dags/example_xcom.py
[2023-08-28 20:32:12,485] {processor.py:651} INFO - DAG(s) dict_keys(['example_xcom']) retrieved from /home/felipe/airflow/venv/lib/python3.9/site-packages/airflow/example_dags/example_xcom.py
[2023-08-28 20:32:12,629] {logging_mixin.py:115} INFO - [2023-08-28 20:32:12,628] {dag.py:2379} INFO - Sync 1 DAGs
[2023-08-28 20:32:12,673] {logging_mixin.py:115} INFO - [2023-08-28 20:32:12,673] {dag.py:2927} INFO - Setting next_dagrun for example_xcom to 2021-01-01T00:00:00+00:00, run_after=2021-01-01T00:00:00+00:00
[2023-08-28 20:32:12,720] {processor.py:161} INFO - Processing /home/felipe/airflow/venv/lib/python3.9/site-packages/airflow/example_dags/example_xcom.py took 0.332 seconds
[2023-08-28 20:32:53,743] {processor.py:153} INFO - Started process (PID=2974) to work on /home/felipe/airflow/venv/lib/python3.9/site-packages/airflow/example_dags/example_xcom.py
[2023-08-28 20:32:53,744] {processor.py:641} INFO - Processing file /home/felipe/airflow/venv/lib/python3.9/site-packages/airflow/example_dags/example_xcom.py for tasks to queue
[2023-08-28 20:32:53,746] {logging_mixin.py:115} INFO - [2023-08-28 20:32:53,746] {dagbag.py:507} INFO - Filling up the DagBag from /home/felipe/airflow/venv/lib/python3.9/site-packages/airflow/example_dags/example_xcom.py
[2023-08-28 20:32:53,825] {processor.py:651} INFO - DAG(s) dict_keys(['example_xcom']) retrieved from /home/felipe/airflow/venv/lib/python3.9/site-packages/airflow/example_dags/example_xcom.py
[2023-08-28 20:32:53,870] {logging_mixin.py:115} INFO - [2023-08-28 20:32:53,870] {dag.py:2379} INFO - Sync 1 DAGs
[2023-08-28 20:32:53,910] {logging_mixin.py:115} INFO - [2023-08-28 20:32:53,910] {dag.py:2927} INFO - Setting next_dagrun for example_xcom to 2021-01-01T00:00:00+00:00, run_after=2021-01-01T00:00:00+00:00
[2023-08-28 20:32:53,942] {processor.py:161} INFO - Processing /home/felipe/airflow/venv/lib/python3.9/site-packages/airflow/example_dags/example_xcom.py took 0.214 seconds
[2023-08-28 20:33:32,859] {processor.py:153} INFO - Started process (PID=3109) to work on /home/felipe/airflow/venv/lib/python3.9/site-packages/airflow/example_dags/example_xcom.py
[2023-08-28 20:33:32,862] {processor.py:641} INFO - Processing file /home/felipe/airflow/venv/lib/python3.9/site-packages/airflow/example_dags/example_xcom.py for tasks to queue
[2023-08-28 20:33:32,863] {logging_mixin.py:115} INFO - [2023-08-28 20:33:32,863] {dagbag.py:507} INFO - Filling up the DagBag from /home/felipe/airflow/venv/lib/python3.9/site-packages/airflow/example_dags/example_xcom.py
[2023-08-28 20:33:32,949] {processor.py:651} INFO - DAG(s) dict_keys(['example_xcom']) retrieved from /home/felipe/airflow/venv/lib/python3.9/site-packages/airflow/example_dags/example_xcom.py
[2023-08-28 20:33:33,005] {logging_mixin.py:115} INFO - [2023-08-28 20:33:33,005] {dag.py:2379} INFO - Sync 1 DAGs
[2023-08-28 20:33:33,058] {logging_mixin.py:115} INFO - [2023-08-28 20:33:33,058] {dag.py:2927} INFO - Setting next_dagrun for example_xcom to 2021-01-01T00:00:00+00:00, run_after=2021-01-01T00:00:00+00:00
[2023-08-28 20:33:33,095] {processor.py:161} INFO - Processing /home/felipe/airflow/venv/lib/python3.9/site-packages/airflow/example_dags/example_xcom.py took 0.251 seconds
[2023-08-28 20:34:09,861] {processor.py:153} INFO - Started process (PID=3142) to work on /home/felipe/airflow/venv/lib/python3.9/site-packages/airflow/example_dags/example_xcom.py
[2023-08-28 20:34:09,863] {processor.py:641} INFO - Processing file /home/felipe/airflow/venv/lib/python3.9/site-packages/airflow/example_dags/example_xcom.py for tasks to queue
[2023-08-28 20:34:09,864] {logging_mixin.py:115} INFO - [2023-08-28 20:34:09,864] {dagbag.py:507} INFO - Filling up the DagBag from /home/felipe/airflow/venv/lib/python3.9/site-packages/airflow/example_dags/example_xcom.py
[2023-08-28 20:34:09,942] {processor.py:651} INFO - DAG(s) dict_keys(['example_xcom']) retrieved from /home/felipe/airflow/venv/lib/python3.9/site-packages/airflow/example_dags/example_xcom.py
[2023-08-28 20:34:09,990] {logging_mixin.py:115} INFO - [2023-08-28 20:34:09,990] {dag.py:2379} INFO - Sync 1 DAGs
[2023-08-28 20:34:10,035] {logging_mixin.py:115} INFO - [2023-08-28 20:34:10,034] {dag.py:2927} INFO - Setting next_dagrun for example_xcom to 2021-01-01T00:00:00+00:00, run_after=2021-01-01T00:00:00+00:00
[2023-08-28 20:34:10,067] {processor.py:161} INFO - Processing /home/felipe/airflow/venv/lib/python3.9/site-packages/airflow/example_dags/example_xcom.py took 0.219 seconds
[2023-08-28 20:35:02,869] {processor.py:153} INFO - Started process (PID=3287) to work on /home/felipe/airflow/venv/lib/python3.9/site-packages/airflow/example_dags/example_xcom.py
[2023-08-28 20:35:02,871] {processor.py:641} INFO - Processing file /home/felipe/airflow/venv/lib/python3.9/site-packages/airflow/example_dags/example_xcom.py for tasks to queue
[2023-08-28 20:35:02,873] {logging_mixin.py:115} INFO - [2023-08-28 20:35:02,872] {dagbag.py:507} INFO - Filling up the DagBag from /home/felipe/airflow/venv/lib/python3.9/site-packages/airflow/example_dags/example_xcom.py
[2023-08-28 20:35:02,960] {processor.py:651} INFO - DAG(s) dict_keys(['example_xcom']) retrieved from /home/felipe/airflow/venv/lib/python3.9/site-packages/airflow/example_dags/example_xcom.py
[2023-08-28 20:35:03,117] {logging_mixin.py:115} INFO - [2023-08-28 20:35:03,117] {dag.py:2379} INFO - Sync 1 DAGs
[2023-08-28 20:35:03,171] {logging_mixin.py:115} INFO - [2023-08-28 20:35:03,171] {dag.py:2927} INFO - Setting next_dagrun for example_xcom to 2021-01-01T00:00:00+00:00, run_after=2021-01-01T00:00:00+00:00
[2023-08-28 20:35:03,215] {processor.py:161} INFO - Processing /home/felipe/airflow/venv/lib/python3.9/site-packages/airflow/example_dags/example_xcom.py took 0.361 seconds
[2023-08-28 20:35:39,454] {processor.py:153} INFO - Started process (PID=3419) to work on /home/felipe/airflow/venv/lib/python3.9/site-packages/airflow/example_dags/example_xcom.py
[2023-08-28 20:35:39,456] {processor.py:641} INFO - Processing file /home/felipe/airflow/venv/lib/python3.9/site-packages/airflow/example_dags/example_xcom.py for tasks to queue
[2023-08-28 20:35:39,458] {logging_mixin.py:115} INFO - [2023-08-28 20:35:39,458] {dagbag.py:507} INFO - Filling up the DagBag from /home/felipe/airflow/venv/lib/python3.9/site-packages/airflow/example_dags/example_xcom.py
[2023-08-28 20:35:39,541] {processor.py:651} INFO - DAG(s) dict_keys(['example_xcom']) retrieved from /home/felipe/airflow/venv/lib/python3.9/site-packages/airflow/example_dags/example_xcom.py
[2023-08-28 20:35:39,593] {logging_mixin.py:115} INFO - [2023-08-28 20:35:39,593] {dag.py:2379} INFO - Sync 1 DAGs
[2023-08-28 20:35:39,638] {logging_mixin.py:115} INFO - [2023-08-28 20:35:39,638] {dag.py:2927} INFO - Setting next_dagrun for example_xcom to 2021-01-01T00:00:00+00:00, run_after=2021-01-01T00:00:00+00:00
[2023-08-28 20:35:39,669] {processor.py:161} INFO - Processing /home/felipe/airflow/venv/lib/python3.9/site-packages/airflow/example_dags/example_xcom.py took 0.227 seconds
[2023-08-28 20:36:30,164] {processor.py:153} INFO - Started process (PID=3564) to work on /home/felipe/airflow/venv/lib/python3.9/site-packages/airflow/example_dags/example_xcom.py
[2023-08-28 20:36:30,166] {processor.py:641} INFO - Processing file /home/felipe/airflow/venv/lib/python3.9/site-packages/airflow/example_dags/example_xcom.py for tasks to queue
[2023-08-28 20:36:30,167] {logging_mixin.py:115} INFO - [2023-08-28 20:36:30,167] {dagbag.py:507} INFO - Filling up the DagBag from /home/felipe/airflow/venv/lib/python3.9/site-packages/airflow/example_dags/example_xcom.py
[2023-08-28 20:36:30,245] {processor.py:651} INFO - DAG(s) dict_keys(['example_xcom']) retrieved from /home/felipe/airflow/venv/lib/python3.9/site-packages/airflow/example_dags/example_xcom.py
[2023-08-28 20:36:30,292] {logging_mixin.py:115} INFO - [2023-08-28 20:36:30,292] {dag.py:2379} INFO - Sync 1 DAGs
[2023-08-28 20:36:30,333] {logging_mixin.py:115} INFO - [2023-08-28 20:36:30,333] {dag.py:2927} INFO - Setting next_dagrun for example_xcom to 2021-01-01T00:00:00+00:00, run_after=2021-01-01T00:00:00+00:00
[2023-08-28 20:36:30,365] {processor.py:161} INFO - Processing /home/felipe/airflow/venv/lib/python3.9/site-packages/airflow/example_dags/example_xcom.py took 0.215 seconds
[2023-08-28 20:37:08,251] {processor.py:153} INFO - Started process (PID=3750) to work on /home/felipe/airflow/venv/lib/python3.9/site-packages/airflow/example_dags/example_xcom.py
[2023-08-28 20:37:08,253] {processor.py:641} INFO - Processing file /home/felipe/airflow/venv/lib/python3.9/site-packages/airflow/example_dags/example_xcom.py for tasks to queue
[2023-08-28 20:37:08,255] {logging_mixin.py:115} INFO - [2023-08-28 20:37:08,255] {dagbag.py:507} INFO - Filling up the DagBag from /home/felipe/airflow/venv/lib/python3.9/site-packages/airflow/example_dags/example_xcom.py
[2023-08-28 20:37:08,340] {processor.py:651} INFO - DAG(s) dict_keys(['example_xcom']) retrieved from /home/felipe/airflow/venv/lib/python3.9/site-packages/airflow/example_dags/example_xcom.py
[2023-08-28 20:37:08,470] {logging_mixin.py:115} INFO - [2023-08-28 20:37:08,470] {dag.py:2379} INFO - Sync 1 DAGs
[2023-08-28 20:37:08,510] {logging_mixin.py:115} INFO - [2023-08-28 20:37:08,510] {dag.py:2927} INFO - Setting next_dagrun for example_xcom to 2021-01-01T00:00:00+00:00, run_after=2021-01-01T00:00:00+00:00
[2023-08-28 20:37:08,553] {processor.py:161} INFO - Processing /home/felipe/airflow/venv/lib/python3.9/site-packages/airflow/example_dags/example_xcom.py took 0.317 seconds
[2023-08-28 20:38:03,137] {processor.py:153} INFO - Started process (PID=3895) to work on /home/felipe/airflow/venv/lib/python3.9/site-packages/airflow/example_dags/example_xcom.py
[2023-08-28 20:38:03,139] {processor.py:641} INFO - Processing file /home/felipe/airflow/venv/lib/python3.9/site-packages/airflow/example_dags/example_xcom.py for tasks to queue
[2023-08-28 20:38:03,140] {logging_mixin.py:115} INFO - [2023-08-28 20:38:03,140] {dagbag.py:507} INFO - Filling up the DagBag from /home/felipe/airflow/venv/lib/python3.9/site-packages/airflow/example_dags/example_xcom.py
[2023-08-28 20:38:03,227] {processor.py:651} INFO - DAG(s) dict_keys(['example_xcom']) retrieved from /home/felipe/airflow/venv/lib/python3.9/site-packages/airflow/example_dags/example_xcom.py
[2023-08-28 20:38:03,277] {logging_mixin.py:115} INFO - [2023-08-28 20:38:03,277] {dag.py:2379} INFO - Sync 1 DAGs
[2023-08-28 20:38:03,322] {logging_mixin.py:115} INFO - [2023-08-28 20:38:03,322] {dag.py:2927} INFO - Setting next_dagrun for example_xcom to 2021-01-01T00:00:00+00:00, run_after=2021-01-01T00:00:00+00:00
[2023-08-28 20:38:03,354] {processor.py:161} INFO - Processing /home/felipe/airflow/venv/lib/python3.9/site-packages/airflow/example_dags/example_xcom.py took 0.230 seconds
[2023-08-28 20:38:42,879] {processor.py:153} INFO - Started process (PID=4032) to work on /home/felipe/airflow/venv/lib/python3.9/site-packages/airflow/example_dags/example_xcom.py
[2023-08-28 20:38:42,880] {processor.py:641} INFO - Processing file /home/felipe/airflow/venv/lib/python3.9/site-packages/airflow/example_dags/example_xcom.py for tasks to queue
[2023-08-28 20:38:42,882] {logging_mixin.py:115} INFO - [2023-08-28 20:38:42,882] {dagbag.py:507} INFO - Filling up the DagBag from /home/felipe/airflow/venv/lib/python3.9/site-packages/airflow/example_dags/example_xcom.py
[2023-08-28 20:38:42,976] {processor.py:651} INFO - DAG(s) dict_keys(['example_xcom']) retrieved from /home/felipe/airflow/venv/lib/python3.9/site-packages/airflow/example_dags/example_xcom.py
[2023-08-28 20:38:43,031] {logging_mixin.py:115} INFO - [2023-08-28 20:38:43,030] {dag.py:2379} INFO - Sync 1 DAGs
[2023-08-28 20:38:43,079] {logging_mixin.py:115} INFO - [2023-08-28 20:38:43,079] {dag.py:2927} INFO - Setting next_dagrun for example_xcom to 2021-01-01T00:00:00+00:00, run_after=2021-01-01T00:00:00+00:00
[2023-08-28 20:38:43,113] {processor.py:161} INFO - Processing /home/felipe/airflow/venv/lib/python3.9/site-packages/airflow/example_dags/example_xcom.py took 0.247 seconds
[2023-08-28 20:39:34,284] {processor.py:153} INFO - Started process (PID=4177) to work on /home/felipe/airflow/venv/lib/python3.9/site-packages/airflow/example_dags/example_xcom.py
[2023-08-28 20:39:34,286] {processor.py:641} INFO - Processing file /home/felipe/airflow/venv/lib/python3.9/site-packages/airflow/example_dags/example_xcom.py for tasks to queue
[2023-08-28 20:39:34,287] {logging_mixin.py:115} INFO - [2023-08-28 20:39:34,287] {dagbag.py:507} INFO - Filling up the DagBag from /home/felipe/airflow/venv/lib/python3.9/site-packages/airflow/example_dags/example_xcom.py
[2023-08-28 20:39:34,381] {processor.py:651} INFO - DAG(s) dict_keys(['example_xcom']) retrieved from /home/felipe/airflow/venv/lib/python3.9/site-packages/airflow/example_dags/example_xcom.py
[2023-08-28 20:39:34,448] {logging_mixin.py:115} INFO - [2023-08-28 20:39:34,447] {dag.py:2379} INFO - Sync 1 DAGs
[2023-08-28 20:39:34,505] {logging_mixin.py:115} INFO - [2023-08-28 20:39:34,505] {dag.py:2927} INFO - Setting next_dagrun for example_xcom to 2021-01-01T00:00:00+00:00, run_after=2021-01-01T00:00:00+00:00
[2023-08-28 20:39:34,538] {processor.py:161} INFO - Processing /home/felipe/airflow/venv/lib/python3.9/site-packages/airflow/example_dags/example_xcom.py took 0.267 seconds
[2023-08-28 20:42:32,768] {processor.py:153} INFO - Started process (PID=5911) to work on /home/felipe/airflow/venv/lib/python3.9/site-packages/airflow/example_dags/example_xcom.py
[2023-08-28 20:42:32,770] {processor.py:641} INFO - Processing file /home/felipe/airflow/venv/lib/python3.9/site-packages/airflow/example_dags/example_xcom.py for tasks to queue
[2023-08-28 20:42:32,772] {logging_mixin.py:115} INFO - [2023-08-28 20:42:32,772] {dagbag.py:507} INFO - Filling up the DagBag from /home/felipe/airflow/venv/lib/python3.9/site-packages/airflow/example_dags/example_xcom.py
[2023-08-28 20:42:32,937] {processor.py:651} INFO - DAG(s) dict_keys(['example_xcom']) retrieved from /home/felipe/airflow/venv/lib/python3.9/site-packages/airflow/example_dags/example_xcom.py
[2023-08-28 20:42:33,246] {logging_mixin.py:115} INFO - [2023-08-28 20:42:33,245] {dag.py:2379} INFO - Sync 1 DAGs
[2023-08-28 20:42:33,422] {logging_mixin.py:115} INFO - [2023-08-28 20:42:33,422] {dag.py:2927} INFO - Setting next_dagrun for example_xcom to 2021-01-01T00:00:00+00:00, run_after=2021-01-01T00:00:00+00:00
[2023-08-28 20:42:33,556] {processor.py:161} INFO - Processing /home/felipe/airflow/venv/lib/python3.9/site-packages/airflow/example_dags/example_xcom.py took 0.808 seconds
[2023-08-28 20:43:33,301] {processor.py:153} INFO - Started process (PID=6172) to work on /home/felipe/airflow/venv/lib/python3.9/site-packages/airflow/example_dags/example_xcom.py
[2023-08-28 20:43:33,303] {processor.py:641} INFO - Processing file /home/felipe/airflow/venv/lib/python3.9/site-packages/airflow/example_dags/example_xcom.py for tasks to queue
[2023-08-28 20:43:33,305] {logging_mixin.py:115} INFO - [2023-08-28 20:43:33,304] {dagbag.py:507} INFO - Filling up the DagBag from /home/felipe/airflow/venv/lib/python3.9/site-packages/airflow/example_dags/example_xcom.py
[2023-08-28 20:43:33,416] {processor.py:651} INFO - DAG(s) dict_keys(['example_xcom']) retrieved from /home/felipe/airflow/venv/lib/python3.9/site-packages/airflow/example_dags/example_xcom.py
[2023-08-28 20:43:33,484] {logging_mixin.py:115} INFO - [2023-08-28 20:43:33,484] {dag.py:2379} INFO - Sync 1 DAGs
[2023-08-28 20:43:33,551] {logging_mixin.py:115} INFO - [2023-08-28 20:43:33,550] {dag.py:2927} INFO - Setting next_dagrun for example_xcom to 2021-01-01T00:00:00+00:00, run_after=2021-01-01T00:00:00+00:00
[2023-08-28 20:43:33,605] {processor.py:161} INFO - Processing /home/felipe/airflow/venv/lib/python3.9/site-packages/airflow/example_dags/example_xcom.py took 0.320 seconds
