[2023-08-28 19:04:58,070] {processor.py:153} INFO - Started process (PID=8334) to work on /home/felipe/airflow/venv/lib/python3.9/site-packages/airflow/example_dags/example_complex.py
[2023-08-28 19:04:58,076] {processor.py:641} INFO - Processing file /home/felipe/airflow/venv/lib/python3.9/site-packages/airflow/example_dags/example_complex.py for tasks to queue
[2023-08-28 19:04:58,079] {logging_mixin.py:115} INFO - [2023-08-28 19:04:58,078] {dagbag.py:507} INFO - Filling up the DagBag from /home/felipe/airflow/venv/lib/python3.9/site-packages/airflow/example_dags/example_complex.py
[2023-08-28 19:04:58,260] {processor.py:651} INFO - DAG(s) dict_keys(['example_complex']) retrieved from /home/felipe/airflow/venv/lib/python3.9/site-packages/airflow/example_dags/example_complex.py
[2023-08-28 19:04:59,999] {logging_mixin.py:115} INFO - [2023-08-28 19:04:59,998] {manager.py:508} INFO - Created Permission View: can delete on DAG:example_complex
[2023-08-28 19:05:00,144] {logging_mixin.py:115} INFO - [2023-08-28 19:05:00,144] {manager.py:508} INFO - Created Permission View: can read on DAG:example_complex
[2023-08-28 19:05:00,202] {logging_mixin.py:115} INFO - [2023-08-28 19:05:00,202] {manager.py:508} INFO - Created Permission View: can edit on DAG:example_complex
[2023-08-28 19:05:00,203] {logging_mixin.py:115} INFO - [2023-08-28 19:05:00,203] {dag.py:2379} INFO - Sync 1 DAGs
[2023-08-28 19:05:00,246] {logging_mixin.py:115} INFO - [2023-08-28 19:05:00,246] {dag.py:2398} INFO - Creating ORM DAG for example_complex
[2023-08-28 19:05:00,415] {logging_mixin.py:115} INFO - [2023-08-28 19:05:00,415] {dag.py:2927} INFO - Setting next_dagrun for example_complex to None, run_after=None
[2023-08-28 19:05:00,499] {processor.py:161} INFO - Processing /home/felipe/airflow/venv/lib/python3.9/site-packages/airflow/example_dags/example_complex.py took 2.517 seconds
[2023-08-28 19:06:33,891] {processor.py:153} INFO - Started process (PID=9024) to work on /home/felipe/airflow/venv/lib/python3.9/site-packages/airflow/example_dags/example_complex.py
[2023-08-28 19:06:33,894] {processor.py:641} INFO - Processing file /home/felipe/airflow/venv/lib/python3.9/site-packages/airflow/example_dags/example_complex.py for tasks to queue
[2023-08-28 19:06:33,903] {logging_mixin.py:115} INFO - [2023-08-28 19:06:33,896] {dagbag.py:507} INFO - Filling up the DagBag from /home/felipe/airflow/venv/lib/python3.9/site-packages/airflow/example_dags/example_complex.py
[2023-08-28 19:06:34,092] {processor.py:651} INFO - DAG(s) dict_keys(['example_complex']) retrieved from /home/felipe/airflow/venv/lib/python3.9/site-packages/airflow/example_dags/example_complex.py
[2023-08-28 19:06:34,590] {logging_mixin.py:115} INFO - [2023-08-28 19:06:34,589] {dag.py:2379} INFO - Sync 1 DAGs
[2023-08-28 19:06:35,344] {logging_mixin.py:115} INFO - [2023-08-28 19:06:35,344] {dag.py:2927} INFO - Setting next_dagrun for example_complex to None, run_after=None
[2023-08-28 19:06:35,660] {processor.py:161} INFO - Processing /home/felipe/airflow/venv/lib/python3.9/site-packages/airflow/example_dags/example_complex.py took 1.818 seconds
[2023-08-28 19:08:33,043] {processor.py:153} INFO - Started process (PID=10159) to work on /home/felipe/airflow/venv/lib/python3.9/site-packages/airflow/example_dags/example_complex.py
[2023-08-28 19:08:33,061] {processor.py:641} INFO - Processing file /home/felipe/airflow/venv/lib/python3.9/site-packages/airflow/example_dags/example_complex.py for tasks to queue
[2023-08-28 19:08:33,072] {logging_mixin.py:115} INFO - [2023-08-28 19:08:33,072] {dagbag.py:507} INFO - Filling up the DagBag from /home/felipe/airflow/venv/lib/python3.9/site-packages/airflow/example_dags/example_complex.py
[2023-08-28 19:08:33,423] {processor.py:651} INFO - DAG(s) dict_keys(['example_complex']) retrieved from /home/felipe/airflow/venv/lib/python3.9/site-packages/airflow/example_dags/example_complex.py
[2023-08-28 19:08:33,905] {logging_mixin.py:115} INFO - [2023-08-28 19:08:33,897] {dag.py:2379} INFO - Sync 1 DAGs
[2023-08-28 19:08:34,326] {logging_mixin.py:115} INFO - [2023-08-28 19:08:34,326] {dag.py:2927} INFO - Setting next_dagrun for example_complex to None, run_after=None
[2023-08-28 19:08:34,546] {processor.py:161} INFO - Processing /home/felipe/airflow/venv/lib/python3.9/site-packages/airflow/example_dags/example_complex.py took 1.585 seconds
[2023-08-28 19:09:39,727] {processor.py:153} INFO - Started process (PID=10732) to work on /home/felipe/airflow/venv/lib/python3.9/site-packages/airflow/example_dags/example_complex.py
[2023-08-28 19:09:39,729] {processor.py:641} INFO - Processing file /home/felipe/airflow/venv/lib/python3.9/site-packages/airflow/example_dags/example_complex.py for tasks to queue
[2023-08-28 19:09:39,745] {logging_mixin.py:115} INFO - [2023-08-28 19:09:39,744] {dagbag.py:507} INFO - Filling up the DagBag from /home/felipe/airflow/venv/lib/python3.9/site-packages/airflow/example_dags/example_complex.py
[2023-08-28 19:09:39,830] {processor.py:651} INFO - DAG(s) dict_keys(['example_complex']) retrieved from /home/felipe/airflow/venv/lib/python3.9/site-packages/airflow/example_dags/example_complex.py
[2023-08-28 19:09:39,929] {logging_mixin.py:115} INFO - [2023-08-28 19:09:39,929] {dag.py:2379} INFO - Sync 1 DAGs
[2023-08-28 19:09:39,993] {logging_mixin.py:115} INFO - [2023-08-28 19:09:39,993] {dag.py:2927} INFO - Setting next_dagrun for example_complex to None, run_after=None
[2023-08-28 19:09:40,059] {processor.py:161} INFO - Processing /home/felipe/airflow/venv/lib/python3.9/site-packages/airflow/example_dags/example_complex.py took 0.366 seconds
[2023-08-28 19:10:33,281] {processor.py:153} INFO - Started process (PID=11025) to work on /home/felipe/airflow/venv/lib/python3.9/site-packages/airflow/example_dags/example_complex.py
[2023-08-28 19:10:33,284] {processor.py:641} INFO - Processing file /home/felipe/airflow/venv/lib/python3.9/site-packages/airflow/example_dags/example_complex.py for tasks to queue
[2023-08-28 19:10:33,286] {logging_mixin.py:115} INFO - [2023-08-28 19:10:33,286] {dagbag.py:507} INFO - Filling up the DagBag from /home/felipe/airflow/venv/lib/python3.9/site-packages/airflow/example_dags/example_complex.py
[2023-08-28 19:10:33,324] {processor.py:651} INFO - DAG(s) dict_keys(['example_complex']) retrieved from /home/felipe/airflow/venv/lib/python3.9/site-packages/airflow/example_dags/example_complex.py
[2023-08-28 19:10:33,408] {logging_mixin.py:115} INFO - [2023-08-28 19:10:33,408] {dag.py:2379} INFO - Sync 1 DAGs
[2023-08-28 19:10:33,458] {logging_mixin.py:115} INFO - [2023-08-28 19:10:33,458] {dag.py:2927} INFO - Setting next_dagrun for example_complex to None, run_after=None
[2023-08-28 19:10:33,502] {processor.py:161} INFO - Processing /home/felipe/airflow/venv/lib/python3.9/site-packages/airflow/example_dags/example_complex.py took 0.231 seconds
[2023-08-28 19:11:32,731] {processor.py:153} INFO - Started process (PID=11172) to work on /home/felipe/airflow/venv/lib/python3.9/site-packages/airflow/example_dags/example_complex.py
[2023-08-28 19:11:32,733] {processor.py:641} INFO - Processing file /home/felipe/airflow/venv/lib/python3.9/site-packages/airflow/example_dags/example_complex.py for tasks to queue
[2023-08-28 19:11:32,736] {logging_mixin.py:115} INFO - [2023-08-28 19:11:32,736] {dagbag.py:507} INFO - Filling up the DagBag from /home/felipe/airflow/venv/lib/python3.9/site-packages/airflow/example_dags/example_complex.py
[2023-08-28 19:11:32,779] {processor.py:651} INFO - DAG(s) dict_keys(['example_complex']) retrieved from /home/felipe/airflow/venv/lib/python3.9/site-packages/airflow/example_dags/example_complex.py
[2023-08-28 19:11:32,862] {logging_mixin.py:115} INFO - [2023-08-28 19:11:32,862] {dag.py:2379} INFO - Sync 1 DAGs
[2023-08-28 19:11:32,904] {logging_mixin.py:115} INFO - [2023-08-28 19:11:32,904] {dag.py:2927} INFO - Setting next_dagrun for example_complex to None, run_after=None
[2023-08-28 19:11:32,944] {processor.py:161} INFO - Processing /home/felipe/airflow/venv/lib/python3.9/site-packages/airflow/example_dags/example_complex.py took 0.230 seconds
[2023-08-28 19:12:33,314] {processor.py:153} INFO - Started process (PID=11370) to work on /home/felipe/airflow/venv/lib/python3.9/site-packages/airflow/example_dags/example_complex.py
[2023-08-28 19:12:33,316] {processor.py:641} INFO - Processing file /home/felipe/airflow/venv/lib/python3.9/site-packages/airflow/example_dags/example_complex.py for tasks to queue
[2023-08-28 19:12:33,323] {logging_mixin.py:115} INFO - [2023-08-28 19:12:33,322] {dagbag.py:507} INFO - Filling up the DagBag from /home/felipe/airflow/venv/lib/python3.9/site-packages/airflow/example_dags/example_complex.py
[2023-08-28 19:12:33,392] {processor.py:651} INFO - DAG(s) dict_keys(['example_complex']) retrieved from /home/felipe/airflow/venv/lib/python3.9/site-packages/airflow/example_dags/example_complex.py
[2023-08-28 19:12:33,482] {logging_mixin.py:115} INFO - [2023-08-28 19:12:33,482] {dag.py:2379} INFO - Sync 1 DAGs
[2023-08-28 19:12:33,541] {logging_mixin.py:115} INFO - [2023-08-28 19:12:33,541] {dag.py:2927} INFO - Setting next_dagrun for example_complex to None, run_after=None
[2023-08-28 19:12:33,643] {processor.py:161} INFO - Processing /home/felipe/airflow/venv/lib/python3.9/site-packages/airflow/example_dags/example_complex.py took 0.349 seconds
[2023-08-28 19:13:58,346] {processor.py:153} INFO - Started process (PID=11982) to work on /home/felipe/airflow/venv/lib/python3.9/site-packages/airflow/example_dags/example_complex.py
[2023-08-28 19:13:58,349] {processor.py:641} INFO - Processing file /home/felipe/airflow/venv/lib/python3.9/site-packages/airflow/example_dags/example_complex.py for tasks to queue
[2023-08-28 19:13:58,352] {logging_mixin.py:115} INFO - [2023-08-28 19:13:58,351] {dagbag.py:507} INFO - Filling up the DagBag from /home/felipe/airflow/venv/lib/python3.9/site-packages/airflow/example_dags/example_complex.py
[2023-08-28 19:13:58,416] {processor.py:651} INFO - DAG(s) dict_keys(['example_complex']) retrieved from /home/felipe/airflow/venv/lib/python3.9/site-packages/airflow/example_dags/example_complex.py
[2023-08-28 19:13:58,565] {logging_mixin.py:115} INFO - [2023-08-28 19:13:58,564] {dag.py:2379} INFO - Sync 1 DAGs
[2023-08-28 19:13:58,658] {logging_mixin.py:115} INFO - [2023-08-28 19:13:58,658] {dag.py:2927} INFO - Setting next_dagrun for example_complex to None, run_after=None
[2023-08-28 19:13:58,725] {processor.py:161} INFO - Processing /home/felipe/airflow/venv/lib/python3.9/site-packages/airflow/example_dags/example_complex.py took 0.405 seconds
[2023-08-28 19:15:27,299] {processor.py:153} INFO - Started process (PID=12439) to work on /home/felipe/airflow/venv/lib/python3.9/site-packages/airflow/example_dags/example_complex.py
[2023-08-28 19:15:27,303] {processor.py:641} INFO - Processing file /home/felipe/airflow/venv/lib/python3.9/site-packages/airflow/example_dags/example_complex.py for tasks to queue
[2023-08-28 19:15:27,316] {logging_mixin.py:115} INFO - [2023-08-28 19:15:27,315] {dagbag.py:507} INFO - Filling up the DagBag from /home/felipe/airflow/venv/lib/python3.9/site-packages/airflow/example_dags/example_complex.py
[2023-08-28 19:15:27,431] {processor.py:651} INFO - DAG(s) dict_keys(['example_complex']) retrieved from /home/felipe/airflow/venv/lib/python3.9/site-packages/airflow/example_dags/example_complex.py
[2023-08-28 19:15:27,627] {logging_mixin.py:115} INFO - [2023-08-28 19:15:27,627] {dag.py:2379} INFO - Sync 1 DAGs
[2023-08-28 19:15:27,768] {logging_mixin.py:115} INFO - [2023-08-28 19:15:27,768] {dag.py:2927} INFO - Setting next_dagrun for example_complex to None, run_after=None
[2023-08-28 19:15:27,851] {processor.py:161} INFO - Processing /home/felipe/airflow/venv/lib/python3.9/site-packages/airflow/example_dags/example_complex.py took 0.610 seconds
[2023-08-28 19:16:33,429] {processor.py:153} INFO - Started process (PID=12586) to work on /home/felipe/airflow/venv/lib/python3.9/site-packages/airflow/example_dags/example_complex.py
[2023-08-28 19:16:33,431] {processor.py:641} INFO - Processing file /home/felipe/airflow/venv/lib/python3.9/site-packages/airflow/example_dags/example_complex.py for tasks to queue
[2023-08-28 19:16:33,434] {logging_mixin.py:115} INFO - [2023-08-28 19:16:33,433] {dagbag.py:507} INFO - Filling up the DagBag from /home/felipe/airflow/venv/lib/python3.9/site-packages/airflow/example_dags/example_complex.py
[2023-08-28 19:16:33,514] {processor.py:651} INFO - DAG(s) dict_keys(['example_complex']) retrieved from /home/felipe/airflow/venv/lib/python3.9/site-packages/airflow/example_dags/example_complex.py
[2023-08-28 19:16:33,656] {logging_mixin.py:115} INFO - [2023-08-28 19:16:33,656] {dag.py:2379} INFO - Sync 1 DAGs
[2023-08-28 19:16:33,763] {logging_mixin.py:115} INFO - [2023-08-28 19:16:33,762] {dag.py:2927} INFO - Setting next_dagrun for example_complex to None, run_after=None
[2023-08-28 19:16:33,847] {processor.py:161} INFO - Processing /home/felipe/airflow/venv/lib/python3.9/site-packages/airflow/example_dags/example_complex.py took 0.448 seconds
[2023-08-28 19:17:55,860] {processor.py:153} INFO - Started process (PID=12987) to work on /home/felipe/airflow/venv/lib/python3.9/site-packages/airflow/example_dags/example_complex.py
[2023-08-28 19:17:55,863] {processor.py:641} INFO - Processing file /home/felipe/airflow/venv/lib/python3.9/site-packages/airflow/example_dags/example_complex.py for tasks to queue
[2023-08-28 19:17:55,875] {logging_mixin.py:115} INFO - [2023-08-28 19:17:55,875] {dagbag.py:507} INFO - Filling up the DagBag from /home/felipe/airflow/venv/lib/python3.9/site-packages/airflow/example_dags/example_complex.py
[2023-08-28 19:17:56,030] {processor.py:651} INFO - DAG(s) dict_keys(['example_complex']) retrieved from /home/felipe/airflow/venv/lib/python3.9/site-packages/airflow/example_dags/example_complex.py
[2023-08-28 19:17:56,280] {logging_mixin.py:115} INFO - [2023-08-28 19:17:56,280] {dag.py:2379} INFO - Sync 1 DAGs
[2023-08-28 19:17:56,506] {logging_mixin.py:115} INFO - [2023-08-28 19:17:56,506] {dag.py:2927} INFO - Setting next_dagrun for example_complex to None, run_after=None
[2023-08-28 19:17:56,609] {processor.py:161} INFO - Processing /home/felipe/airflow/venv/lib/python3.9/site-packages/airflow/example_dags/example_complex.py took 0.799 seconds
[2023-08-28 19:20:20,334] {processor.py:153} INFO - Started process (PID=13586) to work on /home/felipe/airflow/venv/lib/python3.9/site-packages/airflow/example_dags/example_complex.py
[2023-08-28 19:20:20,336] {processor.py:641} INFO - Processing file /home/felipe/airflow/venv/lib/python3.9/site-packages/airflow/example_dags/example_complex.py for tasks to queue
[2023-08-28 19:20:20,338] {logging_mixin.py:115} INFO - [2023-08-28 19:20:20,338] {dagbag.py:507} INFO - Filling up the DagBag from /home/felipe/airflow/venv/lib/python3.9/site-packages/airflow/example_dags/example_complex.py
[2023-08-28 19:20:20,407] {processor.py:651} INFO - DAG(s) dict_keys(['example_complex']) retrieved from /home/felipe/airflow/venv/lib/python3.9/site-packages/airflow/example_dags/example_complex.py
[2023-08-28 19:20:20,523] {logging_mixin.py:115} INFO - [2023-08-28 19:20:20,523] {dag.py:2379} INFO - Sync 1 DAGs
[2023-08-28 19:20:20,690] {logging_mixin.py:115} INFO - [2023-08-28 19:20:20,690] {dag.py:2927} INFO - Setting next_dagrun for example_complex to None, run_after=None
[2023-08-28 19:20:20,768] {processor.py:161} INFO - Processing /home/felipe/airflow/venv/lib/python3.9/site-packages/airflow/example_dags/example_complex.py took 0.450 seconds
[2023-08-28 19:22:07,390] {processor.py:153} INFO - Started process (PID=14580) to work on /home/felipe/airflow/venv/lib/python3.9/site-packages/airflow/example_dags/example_complex.py
[2023-08-28 19:22:07,393] {processor.py:641} INFO - Processing file /home/felipe/airflow/venv/lib/python3.9/site-packages/airflow/example_dags/example_complex.py for tasks to queue
[2023-08-28 19:22:07,395] {logging_mixin.py:115} INFO - [2023-08-28 19:22:07,395] {dagbag.py:507} INFO - Filling up the DagBag from /home/felipe/airflow/venv/lib/python3.9/site-packages/airflow/example_dags/example_complex.py
[2023-08-28 19:22:07,546] {processor.py:651} INFO - DAG(s) dict_keys(['example_complex']) retrieved from /home/felipe/airflow/venv/lib/python3.9/site-packages/airflow/example_dags/example_complex.py
[2023-08-28 19:22:07,700] {logging_mixin.py:115} INFO - [2023-08-28 19:22:07,697] {dag.py:2379} INFO - Sync 1 DAGs
[2023-08-28 19:22:07,812] {logging_mixin.py:115} INFO - [2023-08-28 19:22:07,812] {dag.py:2927} INFO - Setting next_dagrun for example_complex to None, run_after=None
[2023-08-28 19:22:07,978] {processor.py:161} INFO - Processing /home/felipe/airflow/venv/lib/python3.9/site-packages/airflow/example_dags/example_complex.py took 0.623 seconds
[2023-08-28 19:23:32,441] {processor.py:153} INFO - Started process (PID=15181) to work on /home/felipe/airflow/venv/lib/python3.9/site-packages/airflow/example_dags/example_complex.py
[2023-08-28 19:23:32,452] {processor.py:641} INFO - Processing file /home/felipe/airflow/venv/lib/python3.9/site-packages/airflow/example_dags/example_complex.py for tasks to queue
[2023-08-28 19:23:32,455] {logging_mixin.py:115} INFO - [2023-08-28 19:23:32,454] {dagbag.py:507} INFO - Filling up the DagBag from /home/felipe/airflow/venv/lib/python3.9/site-packages/airflow/example_dags/example_complex.py
[2023-08-28 19:23:32,873] {processor.py:651} INFO - DAG(s) dict_keys(['example_complex']) retrieved from /home/felipe/airflow/venv/lib/python3.9/site-packages/airflow/example_dags/example_complex.py
[2023-08-28 19:23:33,490] {logging_mixin.py:115} INFO - [2023-08-28 19:23:33,490] {dag.py:2379} INFO - Sync 1 DAGs
[2023-08-28 19:23:33,680] {logging_mixin.py:115} INFO - [2023-08-28 19:23:33,678] {dag.py:2927} INFO - Setting next_dagrun for example_complex to None, run_after=None
[2023-08-28 19:23:33,794] {processor.py:161} INFO - Processing /home/felipe/airflow/venv/lib/python3.9/site-packages/airflow/example_dags/example_complex.py took 1.386 seconds
[2023-08-28 19:24:34,014] {processor.py:153} INFO - Started process (PID=15471) to work on /home/felipe/airflow/venv/lib/python3.9/site-packages/airflow/example_dags/example_complex.py
[2023-08-28 19:24:34,017] {processor.py:641} INFO - Processing file /home/felipe/airflow/venv/lib/python3.9/site-packages/airflow/example_dags/example_complex.py for tasks to queue
[2023-08-28 19:24:34,021] {logging_mixin.py:115} INFO - [2023-08-28 19:24:34,020] {dagbag.py:507} INFO - Filling up the DagBag from /home/felipe/airflow/venv/lib/python3.9/site-packages/airflow/example_dags/example_complex.py
[2023-08-28 19:24:34,255] {processor.py:651} INFO - DAG(s) dict_keys(['example_complex']) retrieved from /home/felipe/airflow/venv/lib/python3.9/site-packages/airflow/example_dags/example_complex.py
[2023-08-28 19:24:34,491] {logging_mixin.py:115} INFO - [2023-08-28 19:24:34,490] {dag.py:2379} INFO - Sync 1 DAGs
[2023-08-28 19:24:34,803] {logging_mixin.py:115} INFO - [2023-08-28 19:24:34,802] {dag.py:2927} INFO - Setting next_dagrun for example_complex to None, run_after=None
[2023-08-28 19:24:34,873] {processor.py:161} INFO - Processing /home/felipe/airflow/venv/lib/python3.9/site-packages/airflow/example_dags/example_complex.py took 1.059 seconds
[2023-08-28 19:27:34,685] {processor.py:153} INFO - Started process (PID=16969) to work on /home/felipe/airflow/venv/lib/python3.9/site-packages/airflow/example_dags/example_complex.py
[2023-08-28 19:27:34,687] {processor.py:641} INFO - Processing file /home/felipe/airflow/venv/lib/python3.9/site-packages/airflow/example_dags/example_complex.py for tasks to queue
[2023-08-28 19:27:34,690] {logging_mixin.py:115} INFO - [2023-08-28 19:27:34,690] {dagbag.py:507} INFO - Filling up the DagBag from /home/felipe/airflow/venv/lib/python3.9/site-packages/airflow/example_dags/example_complex.py
[2023-08-28 19:27:34,769] {processor.py:651} INFO - DAG(s) dict_keys(['example_complex']) retrieved from /home/felipe/airflow/venv/lib/python3.9/site-packages/airflow/example_dags/example_complex.py
[2023-08-28 19:27:34,917] {logging_mixin.py:115} INFO - [2023-08-28 19:27:34,917] {dag.py:2379} INFO - Sync 1 DAGs
[2023-08-28 19:27:35,041] {logging_mixin.py:115} INFO - [2023-08-28 19:27:35,040] {dag.py:2927} INFO - Setting next_dagrun for example_complex to None, run_after=None
[2023-08-28 19:27:35,103] {processor.py:161} INFO - Processing /home/felipe/airflow/venv/lib/python3.9/site-packages/airflow/example_dags/example_complex.py took 0.440 seconds
[2023-08-28 20:10:37,710] {processor.py:153} INFO - Started process (PID=26144) to work on /home/felipe/airflow/venv/lib/python3.9/site-packages/airflow/example_dags/example_complex.py
[2023-08-28 20:10:37,711] {processor.py:641} INFO - Processing file /home/felipe/airflow/venv/lib/python3.9/site-packages/airflow/example_dags/example_complex.py for tasks to queue
[2023-08-28 20:10:37,713] {logging_mixin.py:115} INFO - [2023-08-28 20:10:37,713] {dagbag.py:507} INFO - Filling up the DagBag from /home/felipe/airflow/venv/lib/python3.9/site-packages/airflow/example_dags/example_complex.py
[2023-08-28 20:10:37,764] {processor.py:651} INFO - DAG(s) dict_keys(['example_complex']) retrieved from /home/felipe/airflow/venv/lib/python3.9/site-packages/airflow/example_dags/example_complex.py
[2023-08-28 20:10:37,853] {logging_mixin.py:115} INFO - [2023-08-28 20:10:37,852] {dag.py:2379} INFO - Sync 1 DAGs
[2023-08-28 20:10:37,899] {logging_mixin.py:115} INFO - [2023-08-28 20:10:37,899] {dag.py:2927} INFO - Setting next_dagrun for example_complex to None, run_after=None
[2023-08-28 20:10:37,938] {processor.py:161} INFO - Processing /home/felipe/airflow/venv/lib/python3.9/site-packages/airflow/example_dags/example_complex.py took 0.244 seconds
[2023-08-28 20:11:40,442] {processor.py:153} INFO - Started process (PID=26388) to work on /home/felipe/airflow/venv/lib/python3.9/site-packages/airflow/example_dags/example_complex.py
[2023-08-28 20:11:40,443] {processor.py:641} INFO - Processing file /home/felipe/airflow/venv/lib/python3.9/site-packages/airflow/example_dags/example_complex.py for tasks to queue
[2023-08-28 20:11:40,445] {logging_mixin.py:115} INFO - [2023-08-28 20:11:40,445] {dagbag.py:507} INFO - Filling up the DagBag from /home/felipe/airflow/venv/lib/python3.9/site-packages/airflow/example_dags/example_complex.py
[2023-08-28 20:11:40,521] {processor.py:651} INFO - DAG(s) dict_keys(['example_complex']) retrieved from /home/felipe/airflow/venv/lib/python3.9/site-packages/airflow/example_dags/example_complex.py
[2023-08-28 20:11:40,608] {logging_mixin.py:115} INFO - [2023-08-28 20:11:40,608] {dag.py:2379} INFO - Sync 1 DAGs
[2023-08-28 20:11:40,684] {logging_mixin.py:115} INFO - [2023-08-28 20:11:40,684] {dag.py:2927} INFO - Setting next_dagrun for example_complex to None, run_after=None
[2023-08-28 20:11:40,726] {processor.py:161} INFO - Processing /home/felipe/airflow/venv/lib/python3.9/site-packages/airflow/example_dags/example_complex.py took 0.299 seconds
[2023-08-28 20:14:22,709] {processor.py:153} INFO - Started process (PID=27230) to work on /home/felipe/airflow/venv/lib/python3.9/site-packages/airflow/example_dags/example_complex.py
[2023-08-28 20:14:22,715] {processor.py:641} INFO - Processing file /home/felipe/airflow/venv/lib/python3.9/site-packages/airflow/example_dags/example_complex.py for tasks to queue
[2023-08-28 20:14:22,720] {logging_mixin.py:115} INFO - [2023-08-28 20:14:22,720] {dagbag.py:507} INFO - Filling up the DagBag from /home/felipe/airflow/venv/lib/python3.9/site-packages/airflow/example_dags/example_complex.py
[2023-08-28 20:14:22,841] {processor.py:651} INFO - DAG(s) dict_keys(['example_complex']) retrieved from /home/felipe/airflow/venv/lib/python3.9/site-packages/airflow/example_dags/example_complex.py
[2023-08-28 20:14:23,104] {logging_mixin.py:115} INFO - [2023-08-28 20:14:23,104] {dag.py:2379} INFO - Sync 1 DAGs
[2023-08-28 20:14:23,253] {logging_mixin.py:115} INFO - [2023-08-28 20:14:23,253] {dag.py:2927} INFO - Setting next_dagrun for example_complex to None, run_after=None
[2023-08-28 20:14:23,376] {processor.py:161} INFO - Processing /home/felipe/airflow/venv/lib/python3.9/site-packages/airflow/example_dags/example_complex.py took 0.690 seconds
[2023-08-28 20:15:12,553] {processor.py:153} INFO - Started process (PID=27376) to work on /home/felipe/airflow/venv/lib/python3.9/site-packages/airflow/example_dags/example_complex.py
[2023-08-28 20:15:12,555] {processor.py:641} INFO - Processing file /home/felipe/airflow/venv/lib/python3.9/site-packages/airflow/example_dags/example_complex.py for tasks to queue
[2023-08-28 20:15:12,556] {logging_mixin.py:115} INFO - [2023-08-28 20:15:12,556] {dagbag.py:507} INFO - Filling up the DagBag from /home/felipe/airflow/venv/lib/python3.9/site-packages/airflow/example_dags/example_complex.py
[2023-08-28 20:15:12,592] {processor.py:651} INFO - DAG(s) dict_keys(['example_complex']) retrieved from /home/felipe/airflow/venv/lib/python3.9/site-packages/airflow/example_dags/example_complex.py
[2023-08-28 20:15:12,660] {logging_mixin.py:115} INFO - [2023-08-28 20:15:12,659] {dag.py:2379} INFO - Sync 1 DAGs
[2023-08-28 20:15:12,705] {logging_mixin.py:115} INFO - [2023-08-28 20:15:12,705] {dag.py:2927} INFO - Setting next_dagrun for example_complex to None, run_after=None
[2023-08-28 20:15:12,738] {processor.py:161} INFO - Processing /home/felipe/airflow/venv/lib/python3.9/site-packages/airflow/example_dags/example_complex.py took 0.197 seconds
[2023-08-28 20:16:10,535] {processor.py:153} INFO - Started process (PID=27717) to work on /home/felipe/airflow/venv/lib/python3.9/site-packages/airflow/example_dags/example_complex.py
[2023-08-28 20:16:10,537] {processor.py:641} INFO - Processing file /home/felipe/airflow/venv/lib/python3.9/site-packages/airflow/example_dags/example_complex.py for tasks to queue
[2023-08-28 20:16:10,539] {logging_mixin.py:115} INFO - [2023-08-28 20:16:10,538] {dagbag.py:507} INFO - Filling up the DagBag from /home/felipe/airflow/venv/lib/python3.9/site-packages/airflow/example_dags/example_complex.py
[2023-08-28 20:16:10,590] {processor.py:651} INFO - DAG(s) dict_keys(['example_complex']) retrieved from /home/felipe/airflow/venv/lib/python3.9/site-packages/airflow/example_dags/example_complex.py
[2023-08-28 20:16:10,685] {logging_mixin.py:115} INFO - [2023-08-28 20:16:10,685] {dag.py:2379} INFO - Sync 1 DAGs
[2023-08-28 20:16:10,745] {logging_mixin.py:115} INFO - [2023-08-28 20:16:10,745] {dag.py:2927} INFO - Setting next_dagrun for example_complex to None, run_after=None
[2023-08-28 20:16:10,787] {processor.py:161} INFO - Processing /home/felipe/airflow/venv/lib/python3.9/site-packages/airflow/example_dags/example_complex.py took 0.269 seconds
[2023-08-28 20:18:17,862] {processor.py:153} INFO - Started process (PID=28858) to work on /home/felipe/airflow/venv/lib/python3.9/site-packages/airflow/example_dags/example_complex.py
[2023-08-28 20:18:17,868] {processor.py:641} INFO - Processing file /home/felipe/airflow/venv/lib/python3.9/site-packages/airflow/example_dags/example_complex.py for tasks to queue
[2023-08-28 20:18:17,870] {logging_mixin.py:115} INFO - [2023-08-28 20:18:17,870] {dagbag.py:507} INFO - Filling up the DagBag from /home/felipe/airflow/venv/lib/python3.9/site-packages/airflow/example_dags/example_complex.py
[2023-08-28 20:18:17,943] {processor.py:651} INFO - DAG(s) dict_keys(['example_complex']) retrieved from /home/felipe/airflow/venv/lib/python3.9/site-packages/airflow/example_dags/example_complex.py
[2023-08-28 20:18:18,097] {logging_mixin.py:115} INFO - [2023-08-28 20:18:18,097] {dag.py:2379} INFO - Sync 1 DAGs
[2023-08-28 20:18:18,196] {logging_mixin.py:115} INFO - [2023-08-28 20:18:18,196] {dag.py:2927} INFO - Setting next_dagrun for example_complex to None, run_after=None
[2023-08-28 20:18:18,258] {processor.py:161} INFO - Processing /home/felipe/airflow/venv/lib/python3.9/site-packages/airflow/example_dags/example_complex.py took 0.413 seconds
[2023-08-28 20:19:43,850] {processor.py:153} INFO - Started process (PID=29600) to work on /home/felipe/airflow/venv/lib/python3.9/site-packages/airflow/example_dags/example_complex.py
[2023-08-28 20:19:43,852] {processor.py:641} INFO - Processing file /home/felipe/airflow/venv/lib/python3.9/site-packages/airflow/example_dags/example_complex.py for tasks to queue
[2023-08-28 20:19:43,853] {logging_mixin.py:115} INFO - [2023-08-28 20:19:43,853] {dagbag.py:507} INFO - Filling up the DagBag from /home/felipe/airflow/venv/lib/python3.9/site-packages/airflow/example_dags/example_complex.py
[2023-08-28 20:19:43,897] {processor.py:651} INFO - DAG(s) dict_keys(['example_complex']) retrieved from /home/felipe/airflow/venv/lib/python3.9/site-packages/airflow/example_dags/example_complex.py
[2023-08-28 20:19:44,053] {logging_mixin.py:115} INFO - [2023-08-28 20:19:44,053] {dag.py:2379} INFO - Sync 1 DAGs
[2023-08-28 20:19:44,137] {logging_mixin.py:115} INFO - [2023-08-28 20:19:44,137] {dag.py:2927} INFO - Setting next_dagrun for example_complex to None, run_after=None
[2023-08-28 20:19:44,184] {processor.py:161} INFO - Processing /home/felipe/airflow/venv/lib/python3.9/site-packages/airflow/example_dags/example_complex.py took 0.350 seconds
[2023-08-28 20:20:37,216] {processor.py:153} INFO - Started process (PID=29775) to work on /home/felipe/airflow/venv/lib/python3.9/site-packages/airflow/example_dags/example_complex.py
[2023-08-28 20:20:37,220] {processor.py:641} INFO - Processing file /home/felipe/airflow/venv/lib/python3.9/site-packages/airflow/example_dags/example_complex.py for tasks to queue
[2023-08-28 20:20:37,222] {logging_mixin.py:115} INFO - [2023-08-28 20:20:37,222] {dagbag.py:507} INFO - Filling up the DagBag from /home/felipe/airflow/venv/lib/python3.9/site-packages/airflow/example_dags/example_complex.py
[2023-08-28 20:20:37,288] {processor.py:651} INFO - DAG(s) dict_keys(['example_complex']) retrieved from /home/felipe/airflow/venv/lib/python3.9/site-packages/airflow/example_dags/example_complex.py
[2023-08-28 20:20:37,415] {logging_mixin.py:115} INFO - [2023-08-28 20:20:37,414] {dag.py:2379} INFO - Sync 1 DAGs
[2023-08-28 20:20:37,500] {logging_mixin.py:115} INFO - [2023-08-28 20:20:37,500] {dag.py:2927} INFO - Setting next_dagrun for example_complex to None, run_after=None
[2023-08-28 20:20:37,615] {processor.py:161} INFO - Processing /home/felipe/airflow/venv/lib/python3.9/site-packages/airflow/example_dags/example_complex.py took 0.417 seconds
[2023-08-28 20:22:49,431] {processor.py:153} INFO - Started process (PID=31241) to work on /home/felipe/airflow/venv/lib/python3.9/site-packages/airflow/example_dags/example_complex.py
[2023-08-28 20:22:49,433] {processor.py:641} INFO - Processing file /home/felipe/airflow/venv/lib/python3.9/site-packages/airflow/example_dags/example_complex.py for tasks to queue
[2023-08-28 20:22:49,436] {logging_mixin.py:115} INFO - [2023-08-28 20:22:49,435] {dagbag.py:507} INFO - Filling up the DagBag from /home/felipe/airflow/venv/lib/python3.9/site-packages/airflow/example_dags/example_complex.py
[2023-08-28 20:22:49,489] {processor.py:651} INFO - DAG(s) dict_keys(['example_complex']) retrieved from /home/felipe/airflow/venv/lib/python3.9/site-packages/airflow/example_dags/example_complex.py
[2023-08-28 20:22:49,570] {logging_mixin.py:115} INFO - [2023-08-28 20:22:49,570] {dag.py:2379} INFO - Sync 1 DAGs
[2023-08-28 20:22:49,628] {logging_mixin.py:115} INFO - [2023-08-28 20:22:49,628] {dag.py:2927} INFO - Setting next_dagrun for example_complex to None, run_after=None
[2023-08-28 20:22:49,670] {processor.py:161} INFO - Processing /home/felipe/airflow/venv/lib/python3.9/site-packages/airflow/example_dags/example_complex.py took 0.256 seconds
[2023-08-28 20:23:43,374] {processor.py:153} INFO - Started process (PID=31369) to work on /home/felipe/airflow/venv/lib/python3.9/site-packages/airflow/example_dags/example_complex.py
[2023-08-28 20:23:43,375] {processor.py:641} INFO - Processing file /home/felipe/airflow/venv/lib/python3.9/site-packages/airflow/example_dags/example_complex.py for tasks to queue
[2023-08-28 20:23:43,376] {logging_mixin.py:115} INFO - [2023-08-28 20:23:43,376] {dagbag.py:507} INFO - Filling up the DagBag from /home/felipe/airflow/venv/lib/python3.9/site-packages/airflow/example_dags/example_complex.py
[2023-08-28 20:23:43,410] {processor.py:651} INFO - DAG(s) dict_keys(['example_complex']) retrieved from /home/felipe/airflow/venv/lib/python3.9/site-packages/airflow/example_dags/example_complex.py
[2023-08-28 20:23:43,475] {logging_mixin.py:115} INFO - [2023-08-28 20:23:43,475] {dag.py:2379} INFO - Sync 1 DAGs
[2023-08-28 20:23:43,519] {logging_mixin.py:115} INFO - [2023-08-28 20:23:43,518] {dag.py:2927} INFO - Setting next_dagrun for example_complex to None, run_after=None
[2023-08-28 20:23:43,552] {processor.py:161} INFO - Processing /home/felipe/airflow/venv/lib/python3.9/site-packages/airflow/example_dags/example_complex.py took 0.187 seconds
[2023-08-28 20:24:40,508] {processor.py:153} INFO - Started process (PID=31587) to work on /home/felipe/airflow/venv/lib/python3.9/site-packages/airflow/example_dags/example_complex.py
[2023-08-28 20:24:40,511] {processor.py:641} INFO - Processing file /home/felipe/airflow/venv/lib/python3.9/site-packages/airflow/example_dags/example_complex.py for tasks to queue
[2023-08-28 20:24:40,521] {logging_mixin.py:115} INFO - [2023-08-28 20:24:40,519] {dagbag.py:507} INFO - Filling up the DagBag from /home/felipe/airflow/venv/lib/python3.9/site-packages/airflow/example_dags/example_complex.py
[2023-08-28 20:24:40,635] {processor.py:651} INFO - DAG(s) dict_keys(['example_complex']) retrieved from /home/felipe/airflow/venv/lib/python3.9/site-packages/airflow/example_dags/example_complex.py
[2023-08-28 20:24:40,854] {logging_mixin.py:115} INFO - [2023-08-28 20:24:40,854] {dag.py:2379} INFO - Sync 1 DAGs
[2023-08-28 20:24:41,001] {logging_mixin.py:115} INFO - [2023-08-28 20:24:41,001] {dag.py:2927} INFO - Setting next_dagrun for example_complex to None, run_after=None
[2023-08-28 20:24:41,085] {processor.py:161} INFO - Processing /home/felipe/airflow/venv/lib/python3.9/site-packages/airflow/example_dags/example_complex.py took 0.612 seconds
[2023-08-28 20:26:22,838] {processor.py:153} INFO - Started process (PID=32629) to work on /home/felipe/airflow/venv/lib/python3.9/site-packages/airflow/example_dags/example_complex.py
[2023-08-28 20:26:22,841] {processor.py:641} INFO - Processing file /home/felipe/airflow/venv/lib/python3.9/site-packages/airflow/example_dags/example_complex.py for tasks to queue
[2023-08-28 20:26:22,844] {logging_mixin.py:115} INFO - [2023-08-28 20:26:22,843] {dagbag.py:507} INFO - Filling up the DagBag from /home/felipe/airflow/venv/lib/python3.9/site-packages/airflow/example_dags/example_complex.py
[2023-08-28 20:26:22,881] {processor.py:651} INFO - DAG(s) dict_keys(['example_complex']) retrieved from /home/felipe/airflow/venv/lib/python3.9/site-packages/airflow/example_dags/example_complex.py
[2023-08-28 20:26:22,953] {logging_mixin.py:115} INFO - [2023-08-28 20:26:22,953] {dag.py:2379} INFO - Sync 1 DAGs
[2023-08-28 20:26:22,998] {logging_mixin.py:115} INFO - [2023-08-28 20:26:22,998] {dag.py:2927} INFO - Setting next_dagrun for example_complex to None, run_after=None
[2023-08-28 20:26:23,037] {processor.py:161} INFO - Processing /home/felipe/airflow/venv/lib/python3.9/site-packages/airflow/example_dags/example_complex.py took 0.223 seconds
[2023-08-28 20:27:08,245] {processor.py:153} INFO - Started process (PID=5) to work on /home/felipe/airflow/venv/lib/python3.9/site-packages/airflow/example_dags/example_complex.py
[2023-08-28 20:27:08,247] {processor.py:641} INFO - Processing file /home/felipe/airflow/venv/lib/python3.9/site-packages/airflow/example_dags/example_complex.py for tasks to queue
[2023-08-28 20:27:08,248] {logging_mixin.py:115} INFO - [2023-08-28 20:27:08,248] {dagbag.py:507} INFO - Filling up the DagBag from /home/felipe/airflow/venv/lib/python3.9/site-packages/airflow/example_dags/example_complex.py
[2023-08-28 20:27:08,296] {processor.py:651} INFO - DAG(s) dict_keys(['example_complex']) retrieved from /home/felipe/airflow/venv/lib/python3.9/site-packages/airflow/example_dags/example_complex.py
[2023-08-28 20:27:08,364] {logging_mixin.py:115} INFO - [2023-08-28 20:27:08,364] {dag.py:2379} INFO - Sync 1 DAGs
[2023-08-28 20:27:08,405] {logging_mixin.py:115} INFO - [2023-08-28 20:27:08,405] {dag.py:2927} INFO - Setting next_dagrun for example_complex to None, run_after=None
[2023-08-28 20:27:08,436] {processor.py:161} INFO - Processing /home/felipe/airflow/venv/lib/python3.9/site-packages/airflow/example_dags/example_complex.py took 0.205 seconds
[2023-08-28 20:29:17,003] {processor.py:153} INFO - Started process (PID=1260) to work on /home/felipe/airflow/venv/lib/python3.9/site-packages/airflow/example_dags/example_complex.py
[2023-08-28 20:29:17,012] {processor.py:641} INFO - Processing file /home/felipe/airflow/venv/lib/python3.9/site-packages/airflow/example_dags/example_complex.py for tasks to queue
[2023-08-28 20:29:17,015] {logging_mixin.py:115} INFO - [2023-08-28 20:29:17,014] {dagbag.py:507} INFO - Filling up the DagBag from /home/felipe/airflow/venv/lib/python3.9/site-packages/airflow/example_dags/example_complex.py
[2023-08-28 20:29:17,154] {processor.py:651} INFO - DAG(s) dict_keys(['example_complex']) retrieved from /home/felipe/airflow/venv/lib/python3.9/site-packages/airflow/example_dags/example_complex.py
[2023-08-28 20:29:17,354] {logging_mixin.py:115} INFO - [2023-08-28 20:29:17,353] {dag.py:2379} INFO - Sync 1 DAGs
[2023-08-28 20:29:17,485] {logging_mixin.py:115} INFO - [2023-08-28 20:29:17,485] {dag.py:2927} INFO - Setting next_dagrun for example_complex to None, run_after=None
[2023-08-28 20:29:17,573] {processor.py:161} INFO - Processing /home/felipe/airflow/venv/lib/python3.9/site-packages/airflow/example_dags/example_complex.py took 0.605 seconds
[2023-08-28 20:31:42,703] {processor.py:153} INFO - Started process (PID=2708) to work on /home/felipe/airflow/venv/lib/python3.9/site-packages/airflow/example_dags/example_complex.py
[2023-08-28 20:31:42,705] {processor.py:641} INFO - Processing file /home/felipe/airflow/venv/lib/python3.9/site-packages/airflow/example_dags/example_complex.py for tasks to queue
[2023-08-28 20:31:42,707] {logging_mixin.py:115} INFO - [2023-08-28 20:31:42,706] {dagbag.py:507} INFO - Filling up the DagBag from /home/felipe/airflow/venv/lib/python3.9/site-packages/airflow/example_dags/example_complex.py
[2023-08-28 20:31:42,744] {processor.py:651} INFO - DAG(s) dict_keys(['example_complex']) retrieved from /home/felipe/airflow/venv/lib/python3.9/site-packages/airflow/example_dags/example_complex.py
[2023-08-28 20:31:42,821] {logging_mixin.py:115} INFO - [2023-08-28 20:31:42,821] {dag.py:2379} INFO - Sync 1 DAGs
[2023-08-28 20:31:42,864] {logging_mixin.py:115} INFO - [2023-08-28 20:31:42,864] {dag.py:2927} INFO - Setting next_dagrun for example_complex to None, run_after=None
[2023-08-28 20:31:42,900] {processor.py:161} INFO - Processing /home/felipe/airflow/venv/lib/python3.9/site-packages/airflow/example_dags/example_complex.py took 0.211 seconds
[2023-08-28 20:32:41,271] {processor.py:153} INFO - Started process (PID=2964) to work on /home/felipe/airflow/venv/lib/python3.9/site-packages/airflow/example_dags/example_complex.py
[2023-08-28 20:32:41,273] {processor.py:641} INFO - Processing file /home/felipe/airflow/venv/lib/python3.9/site-packages/airflow/example_dags/example_complex.py for tasks to queue
[2023-08-28 20:32:41,275] {logging_mixin.py:115} INFO - [2023-08-28 20:32:41,274] {dagbag.py:507} INFO - Filling up the DagBag from /home/felipe/airflow/venv/lib/python3.9/site-packages/airflow/example_dags/example_complex.py
[2023-08-28 20:32:41,370] {processor.py:651} INFO - DAG(s) dict_keys(['example_complex']) retrieved from /home/felipe/airflow/venv/lib/python3.9/site-packages/airflow/example_dags/example_complex.py
[2023-08-28 20:32:41,458] {logging_mixin.py:115} INFO - [2023-08-28 20:32:41,458] {dag.py:2379} INFO - Sync 1 DAGs
[2023-08-28 20:32:41,513] {logging_mixin.py:115} INFO - [2023-08-28 20:32:41,513] {dag.py:2927} INFO - Setting next_dagrun for example_complex to None, run_after=None
[2023-08-28 20:32:41,549] {processor.py:161} INFO - Processing /home/felipe/airflow/venv/lib/python3.9/site-packages/airflow/example_dags/example_complex.py took 0.317 seconds
[2023-08-28 20:33:38,996] {processor.py:153} INFO - Started process (PID=3114) to work on /home/felipe/airflow/venv/lib/python3.9/site-packages/airflow/example_dags/example_complex.py
[2023-08-28 20:33:38,998] {processor.py:641} INFO - Processing file /home/felipe/airflow/venv/lib/python3.9/site-packages/airflow/example_dags/example_complex.py for tasks to queue
[2023-08-28 20:33:38,999] {logging_mixin.py:115} INFO - [2023-08-28 20:33:38,999] {dagbag.py:507} INFO - Filling up the DagBag from /home/felipe/airflow/venv/lib/python3.9/site-packages/airflow/example_dags/example_complex.py
[2023-08-28 20:33:39,051] {processor.py:651} INFO - DAG(s) dict_keys(['example_complex']) retrieved from /home/felipe/airflow/venv/lib/python3.9/site-packages/airflow/example_dags/example_complex.py
[2023-08-28 20:33:39,105] {logging_mixin.py:115} INFO - [2023-08-28 20:33:39,104] {dag.py:2379} INFO - Sync 1 DAGs
[2023-08-28 20:33:39,150] {logging_mixin.py:115} INFO - [2023-08-28 20:33:39,149] {dag.py:2927} INFO - Setting next_dagrun for example_complex to None, run_after=None
[2023-08-28 20:33:39,183] {processor.py:161} INFO - Processing /home/felipe/airflow/venv/lib/python3.9/site-packages/airflow/example_dags/example_complex.py took 0.200 seconds
[2023-08-28 20:34:29,711] {processor.py:153} INFO - Started process (PID=3260) to work on /home/felipe/airflow/venv/lib/python3.9/site-packages/airflow/example_dags/example_complex.py
[2023-08-28 20:34:29,713] {processor.py:641} INFO - Processing file /home/felipe/airflow/venv/lib/python3.9/site-packages/airflow/example_dags/example_complex.py for tasks to queue
[2023-08-28 20:34:29,714] {logging_mixin.py:115} INFO - [2023-08-28 20:34:29,714] {dagbag.py:507} INFO - Filling up the DagBag from /home/felipe/airflow/venv/lib/python3.9/site-packages/airflow/example_dags/example_complex.py
[2023-08-28 20:34:29,777] {processor.py:651} INFO - DAG(s) dict_keys(['example_complex']) retrieved from /home/felipe/airflow/venv/lib/python3.9/site-packages/airflow/example_dags/example_complex.py
[2023-08-28 20:34:29,844] {logging_mixin.py:115} INFO - [2023-08-28 20:34:29,843] {dag.py:2379} INFO - Sync 1 DAGs
[2023-08-28 20:34:29,895] {logging_mixin.py:115} INFO - [2023-08-28 20:34:29,895] {dag.py:2927} INFO - Setting next_dagrun for example_complex to None, run_after=None
[2023-08-28 20:34:29,934] {processor.py:161} INFO - Processing /home/felipe/airflow/venv/lib/python3.9/site-packages/airflow/example_dags/example_complex.py took 0.236 seconds
[2023-08-28 20:35:27,559] {processor.py:153} INFO - Started process (PID=3410) to work on /home/felipe/airflow/venv/lib/python3.9/site-packages/airflow/example_dags/example_complex.py
[2023-08-28 20:35:27,561] {processor.py:641} INFO - Processing file /home/felipe/airflow/venv/lib/python3.9/site-packages/airflow/example_dags/example_complex.py for tasks to queue
[2023-08-28 20:35:27,563] {logging_mixin.py:115} INFO - [2023-08-28 20:35:27,563] {dagbag.py:507} INFO - Filling up the DagBag from /home/felipe/airflow/venv/lib/python3.9/site-packages/airflow/example_dags/example_complex.py
[2023-08-28 20:35:27,626] {processor.py:651} INFO - DAG(s) dict_keys(['example_complex']) retrieved from /home/felipe/airflow/venv/lib/python3.9/site-packages/airflow/example_dags/example_complex.py
[2023-08-28 20:35:27,715] {logging_mixin.py:115} INFO - [2023-08-28 20:35:27,715] {dag.py:2379} INFO - Sync 1 DAGs
[2023-08-28 20:35:27,770] {logging_mixin.py:115} INFO - [2023-08-28 20:35:27,770] {dag.py:2927} INFO - Setting next_dagrun for example_complex to None, run_after=None
[2023-08-28 20:35:27,804] {processor.py:161} INFO - Processing /home/felipe/airflow/venv/lib/python3.9/site-packages/airflow/example_dags/example_complex.py took 0.262 seconds
[2023-08-28 20:36:17,218] {processor.py:153} INFO - Started process (PID=3554) to work on /home/felipe/airflow/venv/lib/python3.9/site-packages/airflow/example_dags/example_complex.py
[2023-08-28 20:36:17,219] {processor.py:641} INFO - Processing file /home/felipe/airflow/venv/lib/python3.9/site-packages/airflow/example_dags/example_complex.py for tasks to queue
[2023-08-28 20:36:17,221] {logging_mixin.py:115} INFO - [2023-08-28 20:36:17,221] {dagbag.py:507} INFO - Filling up the DagBag from /home/felipe/airflow/venv/lib/python3.9/site-packages/airflow/example_dags/example_complex.py
[2023-08-28 20:36:17,272] {processor.py:651} INFO - DAG(s) dict_keys(['example_complex']) retrieved from /home/felipe/airflow/venv/lib/python3.9/site-packages/airflow/example_dags/example_complex.py
[2023-08-28 20:36:17,326] {logging_mixin.py:115} INFO - [2023-08-28 20:36:17,326] {dag.py:2379} INFO - Sync 1 DAGs
[2023-08-28 20:36:17,366] {logging_mixin.py:115} INFO - [2023-08-28 20:36:17,366] {dag.py:2927} INFO - Setting next_dagrun for example_complex to None, run_after=None
[2023-08-28 20:36:17,399] {processor.py:161} INFO - Processing /home/felipe/airflow/venv/lib/python3.9/site-packages/airflow/example_dags/example_complex.py took 0.195 seconds
[2023-08-28 20:37:09,356] {processor.py:153} INFO - Started process (PID=3751) to work on /home/felipe/airflow/venv/lib/python3.9/site-packages/airflow/example_dags/example_complex.py
[2023-08-28 20:37:09,358] {processor.py:641} INFO - Processing file /home/felipe/airflow/venv/lib/python3.9/site-packages/airflow/example_dags/example_complex.py for tasks to queue
[2023-08-28 20:37:09,359] {logging_mixin.py:115} INFO - [2023-08-28 20:37:09,359] {dagbag.py:507} INFO - Filling up the DagBag from /home/felipe/airflow/venv/lib/python3.9/site-packages/airflow/example_dags/example_complex.py
[2023-08-28 20:37:09,407] {processor.py:651} INFO - DAG(s) dict_keys(['example_complex']) retrieved from /home/felipe/airflow/venv/lib/python3.9/site-packages/airflow/example_dags/example_complex.py
[2023-08-28 20:37:09,471] {logging_mixin.py:115} INFO - [2023-08-28 20:37:09,471] {dag.py:2379} INFO - Sync 1 DAGs
[2023-08-28 20:37:09,521] {logging_mixin.py:115} INFO - [2023-08-28 20:37:09,521] {dag.py:2927} INFO - Setting next_dagrun for example_complex to None, run_after=None
[2023-08-28 20:37:09,556] {processor.py:161} INFO - Processing /home/felipe/airflow/venv/lib/python3.9/site-packages/airflow/example_dags/example_complex.py took 0.213 seconds
[2023-08-28 20:38:07,965] {processor.py:153} INFO - Started process (PID=3899) to work on /home/felipe/airflow/venv/lib/python3.9/site-packages/airflow/example_dags/example_complex.py
[2023-08-28 20:38:07,967] {processor.py:641} INFO - Processing file /home/felipe/airflow/venv/lib/python3.9/site-packages/airflow/example_dags/example_complex.py for tasks to queue
[2023-08-28 20:38:07,969] {logging_mixin.py:115} INFO - [2023-08-28 20:38:07,968] {dagbag.py:507} INFO - Filling up the DagBag from /home/felipe/airflow/venv/lib/python3.9/site-packages/airflow/example_dags/example_complex.py
[2023-08-28 20:38:08,017] {processor.py:651} INFO - DAG(s) dict_keys(['example_complex']) retrieved from /home/felipe/airflow/venv/lib/python3.9/site-packages/airflow/example_dags/example_complex.py
[2023-08-28 20:38:08,072] {logging_mixin.py:115} INFO - [2023-08-28 20:38:08,072] {dag.py:2379} INFO - Sync 1 DAGs
[2023-08-28 20:38:08,113] {logging_mixin.py:115} INFO - [2023-08-28 20:38:08,112] {dag.py:2927} INFO - Setting next_dagrun for example_complex to None, run_after=None
[2023-08-28 20:38:08,156] {processor.py:161} INFO - Processing /home/felipe/airflow/venv/lib/python3.9/site-packages/airflow/example_dags/example_complex.py took 0.204 seconds
[2023-08-28 20:39:00,640] {processor.py:153} INFO - Started process (PID=4047) to work on /home/felipe/airflow/venv/lib/python3.9/site-packages/airflow/example_dags/example_complex.py
[2023-08-28 20:39:00,642] {processor.py:641} INFO - Processing file /home/felipe/airflow/venv/lib/python3.9/site-packages/airflow/example_dags/example_complex.py for tasks to queue
[2023-08-28 20:39:00,644] {logging_mixin.py:115} INFO - [2023-08-28 20:39:00,644] {dagbag.py:507} INFO - Filling up the DagBag from /home/felipe/airflow/venv/lib/python3.9/site-packages/airflow/example_dags/example_complex.py
[2023-08-28 20:39:00,707] {processor.py:651} INFO - DAG(s) dict_keys(['example_complex']) retrieved from /home/felipe/airflow/venv/lib/python3.9/site-packages/airflow/example_dags/example_complex.py
[2023-08-28 20:39:00,769] {logging_mixin.py:115} INFO - [2023-08-28 20:39:00,769] {dag.py:2379} INFO - Sync 1 DAGs
[2023-08-28 20:39:00,814] {logging_mixin.py:115} INFO - [2023-08-28 20:39:00,814] {dag.py:2927} INFO - Setting next_dagrun for example_complex to None, run_after=None
[2023-08-28 20:39:00,851] {processor.py:161} INFO - Processing /home/felipe/airflow/venv/lib/python3.9/site-packages/airflow/example_dags/example_complex.py took 0.226 seconds
[2023-08-28 20:40:14,174] {processor.py:153} INFO - Started process (PID=4514) to work on /home/felipe/airflow/venv/lib/python3.9/site-packages/airflow/example_dags/example_complex.py
[2023-08-28 20:40:14,176] {processor.py:641} INFO - Processing file /home/felipe/airflow/venv/lib/python3.9/site-packages/airflow/example_dags/example_complex.py for tasks to queue
[2023-08-28 20:40:14,178] {logging_mixin.py:115} INFO - [2023-08-28 20:40:14,177] {dagbag.py:507} INFO - Filling up the DagBag from /home/felipe/airflow/venv/lib/python3.9/site-packages/airflow/example_dags/example_complex.py
[2023-08-28 20:40:14,254] {processor.py:651} INFO - DAG(s) dict_keys(['example_complex']) retrieved from /home/felipe/airflow/venv/lib/python3.9/site-packages/airflow/example_dags/example_complex.py
[2023-08-28 20:40:14,355] {logging_mixin.py:115} INFO - [2023-08-28 20:40:14,355] {dag.py:2379} INFO - Sync 1 DAGs
[2023-08-28 20:40:14,454] {logging_mixin.py:115} INFO - [2023-08-28 20:40:14,454] {dag.py:2927} INFO - Setting next_dagrun for example_complex to None, run_after=None
[2023-08-28 20:40:14,557] {processor.py:161} INFO - Processing /home/felipe/airflow/venv/lib/python3.9/site-packages/airflow/example_dags/example_complex.py took 0.403 seconds
[2023-08-28 20:43:07,790] {processor.py:153} INFO - Started process (PID=6144) to work on /home/felipe/airflow/venv/lib/python3.9/site-packages/airflow/example_dags/example_complex.py
[2023-08-28 20:43:07,791] {processor.py:641} INFO - Processing file /home/felipe/airflow/venv/lib/python3.9/site-packages/airflow/example_dags/example_complex.py for tasks to queue
[2023-08-28 20:43:07,793] {logging_mixin.py:115} INFO - [2023-08-28 20:43:07,793] {dagbag.py:507} INFO - Filling up the DagBag from /home/felipe/airflow/venv/lib/python3.9/site-packages/airflow/example_dags/example_complex.py
[2023-08-28 20:43:07,848] {processor.py:651} INFO - DAG(s) dict_keys(['example_complex']) retrieved from /home/felipe/airflow/venv/lib/python3.9/site-packages/airflow/example_dags/example_complex.py
[2023-08-28 20:43:07,940] {logging_mixin.py:115} INFO - [2023-08-28 20:43:07,939] {dag.py:2379} INFO - Sync 1 DAGs
[2023-08-28 20:43:08,023] {logging_mixin.py:115} INFO - [2023-08-28 20:43:08,023] {dag.py:2927} INFO - Setting next_dagrun for example_complex to None, run_after=None
[2023-08-28 20:43:08,076] {processor.py:161} INFO - Processing /home/felipe/airflow/venv/lib/python3.9/site-packages/airflow/example_dags/example_complex.py took 0.305 seconds
