[2023-08-28 19:04:14,548] {processor.py:153} INFO - Started process (PID=7936) to work on /home/felipe/airflow/venv/lib/python3.9/site-packages/airflow/example_dags/example_task_group.py
[2023-08-28 19:04:14,554] {processor.py:641} INFO - Processing file /home/felipe/airflow/venv/lib/python3.9/site-packages/airflow/example_dags/example_task_group.py for tasks to queue
[2023-08-28 19:04:14,557] {logging_mixin.py:115} INFO - [2023-08-28 19:04:14,556] {dagbag.py:507} INFO - Filling up the DagBag from /home/felipe/airflow/venv/lib/python3.9/site-packages/airflow/example_dags/example_task_group.py
[2023-08-28 19:04:14,658] {processor.py:651} INFO - DAG(s) dict_keys(['example_task_group']) retrieved from /home/felipe/airflow/venv/lib/python3.9/site-packages/airflow/example_dags/example_task_group.py
[2023-08-28 19:04:15,158] {logging_mixin.py:115} INFO - [2023-08-28 19:04:15,158] {manager.py:508} INFO - Created Permission View: can delete on DAG:example_task_group
[2023-08-28 19:04:15,200] {logging_mixin.py:115} INFO - [2023-08-28 19:04:15,199] {manager.py:508} INFO - Created Permission View: can read on DAG:example_task_group
[2023-08-28 19:04:15,243] {logging_mixin.py:115} INFO - [2023-08-28 19:04:15,242] {manager.py:508} INFO - Created Permission View: can edit on DAG:example_task_group
[2023-08-28 19:04:15,243] {logging_mixin.py:115} INFO - [2023-08-28 19:04:15,243] {dag.py:2379} INFO - Sync 1 DAGs
[2023-08-28 19:04:15,395] {logging_mixin.py:115} INFO - [2023-08-28 19:04:15,395] {dag.py:2398} INFO - Creating ORM DAG for example_task_group
[2023-08-28 19:04:15,710] {logging_mixin.py:115} INFO - [2023-08-28 19:04:15,710] {dag.py:2927} INFO - Setting next_dagrun for example_task_group to 2023-08-27T22:04:15.707895+00:00, run_after=2023-08-28T22:04:15.707895+00:00
[2023-08-28 19:04:15,880] {processor.py:161} INFO - Processing /home/felipe/airflow/venv/lib/python3.9/site-packages/airflow/example_dags/example_task_group.py took 1.422 seconds
[2023-08-28 19:05:47,403] {processor.py:153} INFO - Started process (PID=8810) to work on /home/felipe/airflow/venv/lib/python3.9/site-packages/airflow/example_dags/example_task_group.py
[2023-08-28 19:05:47,405] {processor.py:641} INFO - Processing file /home/felipe/airflow/venv/lib/python3.9/site-packages/airflow/example_dags/example_task_group.py for tasks to queue
[2023-08-28 19:05:47,406] {logging_mixin.py:115} INFO - [2023-08-28 19:05:47,406] {dagbag.py:507} INFO - Filling up the DagBag from /home/felipe/airflow/venv/lib/python3.9/site-packages/airflow/example_dags/example_task_group.py
[2023-08-28 19:05:47,466] {processor.py:651} INFO - DAG(s) dict_keys(['example_task_group']) retrieved from /home/felipe/airflow/venv/lib/python3.9/site-packages/airflow/example_dags/example_task_group.py
[2023-08-28 19:05:47,583] {logging_mixin.py:115} INFO - [2023-08-28 19:05:47,583] {dag.py:2379} INFO - Sync 1 DAGs
[2023-08-28 19:05:47,756] {logging_mixin.py:115} INFO - [2023-08-28 19:05:47,756] {dag.py:2927} INFO - Setting next_dagrun for example_task_group to 2023-08-27T22:05:47.754421+00:00, run_after=2023-08-28T22:05:47.754421+00:00
[2023-08-28 19:05:47,907] {processor.py:161} INFO - Processing /home/felipe/airflow/venv/lib/python3.9/site-packages/airflow/example_dags/example_task_group.py took 0.521 seconds
[2023-08-28 19:07:56,218] {processor.py:153} INFO - Started process (PID=9904) to work on /home/felipe/airflow/venv/lib/python3.9/site-packages/airflow/example_dags/example_task_group.py
[2023-08-28 19:07:56,220] {processor.py:641} INFO - Processing file /home/felipe/airflow/venv/lib/python3.9/site-packages/airflow/example_dags/example_task_group.py for tasks to queue
[2023-08-28 19:07:56,222] {logging_mixin.py:115} INFO - [2023-08-28 19:07:56,221] {dagbag.py:507} INFO - Filling up the DagBag from /home/felipe/airflow/venv/lib/python3.9/site-packages/airflow/example_dags/example_task_group.py
[2023-08-28 19:07:56,271] {processor.py:651} INFO - DAG(s) dict_keys(['example_task_group']) retrieved from /home/felipe/airflow/venv/lib/python3.9/site-packages/airflow/example_dags/example_task_group.py
[2023-08-28 19:07:56,420] {logging_mixin.py:115} INFO - [2023-08-28 19:07:56,420] {dag.py:2379} INFO - Sync 1 DAGs
[2023-08-28 19:07:56,574] {logging_mixin.py:115} INFO - [2023-08-28 19:07:56,574] {dag.py:2927} INFO - Setting next_dagrun for example_task_group to 2023-08-27T22:07:56.573163+00:00, run_after=2023-08-28T22:07:56.573163+00:00
[2023-08-28 19:07:56,631] {processor.py:161} INFO - Processing /home/felipe/airflow/venv/lib/python3.9/site-packages/airflow/example_dags/example_task_group.py took 0.435 seconds
[2023-08-28 19:09:12,191] {processor.py:153} INFO - Started process (PID=10558) to work on /home/felipe/airflow/venv/lib/python3.9/site-packages/airflow/example_dags/example_task_group.py
[2023-08-28 19:09:12,193] {processor.py:641} INFO - Processing file /home/felipe/airflow/venv/lib/python3.9/site-packages/airflow/example_dags/example_task_group.py for tasks to queue
[2023-08-28 19:09:12,195] {logging_mixin.py:115} INFO - [2023-08-28 19:09:12,195] {dagbag.py:507} INFO - Filling up the DagBag from /home/felipe/airflow/venv/lib/python3.9/site-packages/airflow/example_dags/example_task_group.py
[2023-08-28 19:09:12,231] {processor.py:651} INFO - DAG(s) dict_keys(['example_task_group']) retrieved from /home/felipe/airflow/venv/lib/python3.9/site-packages/airflow/example_dags/example_task_group.py
[2023-08-28 19:09:12,331] {logging_mixin.py:115} INFO - [2023-08-28 19:09:12,330] {dag.py:2379} INFO - Sync 1 DAGs
[2023-08-28 19:09:12,403] {logging_mixin.py:115} INFO - [2023-08-28 19:09:12,403] {dag.py:2927} INFO - Setting next_dagrun for example_task_group to 2023-08-27T22:09:12.402651+00:00, run_after=2023-08-28T22:09:12.402651+00:00
[2023-08-28 19:09:12,452] {processor.py:161} INFO - Processing /home/felipe/airflow/venv/lib/python3.9/site-packages/airflow/example_dags/example_task_group.py took 0.282 seconds
[2023-08-28 19:10:07,635] {processor.py:153} INFO - Started process (PID=10902) to work on /home/felipe/airflow/venv/lib/python3.9/site-packages/airflow/example_dags/example_task_group.py
[2023-08-28 19:10:07,637] {processor.py:641} INFO - Processing file /home/felipe/airflow/venv/lib/python3.9/site-packages/airflow/example_dags/example_task_group.py for tasks to queue
[2023-08-28 19:10:07,643] {logging_mixin.py:115} INFO - [2023-08-28 19:10:07,639] {dagbag.py:507} INFO - Filling up the DagBag from /home/felipe/airflow/venv/lib/python3.9/site-packages/airflow/example_dags/example_task_group.py
[2023-08-28 19:10:07,672] {processor.py:651} INFO - DAG(s) dict_keys(['example_task_group']) retrieved from /home/felipe/airflow/venv/lib/python3.9/site-packages/airflow/example_dags/example_task_group.py
[2023-08-28 19:10:07,721] {logging_mixin.py:115} INFO - [2023-08-28 19:10:07,721] {dag.py:2379} INFO - Sync 1 DAGs
[2023-08-28 19:10:07,759] {logging_mixin.py:115} INFO - [2023-08-28 19:10:07,759] {dag.py:2927} INFO - Setting next_dagrun for example_task_group to 2023-08-27T22:10:07.758702+00:00, run_after=2023-08-28T22:10:07.758702+00:00
[2023-08-28 19:10:07,787] {processor.py:161} INFO - Processing /home/felipe/airflow/venv/lib/python3.9/site-packages/airflow/example_dags/example_task_group.py took 0.174 seconds
[2023-08-28 19:10:53,619] {processor.py:153} INFO - Started process (PID=11039) to work on /home/felipe/airflow/venv/lib/python3.9/site-packages/airflow/example_dags/example_task_group.py
[2023-08-28 19:10:53,622] {processor.py:641} INFO - Processing file /home/felipe/airflow/venv/lib/python3.9/site-packages/airflow/example_dags/example_task_group.py for tasks to queue
[2023-08-28 19:10:53,624] {logging_mixin.py:115} INFO - [2023-08-28 19:10:53,624] {dagbag.py:507} INFO - Filling up the DagBag from /home/felipe/airflow/venv/lib/python3.9/site-packages/airflow/example_dags/example_task_group.py
[2023-08-28 19:10:53,683] {processor.py:651} INFO - DAG(s) dict_keys(['example_task_group']) retrieved from /home/felipe/airflow/venv/lib/python3.9/site-packages/airflow/example_dags/example_task_group.py
[2023-08-28 19:10:53,759] {logging_mixin.py:115} INFO - [2023-08-28 19:10:53,759] {dag.py:2379} INFO - Sync 1 DAGs
[2023-08-28 19:10:53,822] {logging_mixin.py:115} INFO - [2023-08-28 19:10:53,821] {dag.py:2927} INFO - Setting next_dagrun for example_task_group to 2023-08-27T22:10:53.821293+00:00, run_after=2023-08-28T22:10:53.821293+00:00
[2023-08-28 19:10:53,872] {processor.py:161} INFO - Processing /home/felipe/airflow/venv/lib/python3.9/site-packages/airflow/example_dags/example_task_group.py took 0.280 seconds
[2023-08-28 19:11:44,560] {processor.py:153} INFO - Started process (PID=11181) to work on /home/felipe/airflow/venv/lib/python3.9/site-packages/airflow/example_dags/example_task_group.py
[2023-08-28 19:11:44,562] {processor.py:641} INFO - Processing file /home/felipe/airflow/venv/lib/python3.9/site-packages/airflow/example_dags/example_task_group.py for tasks to queue
[2023-08-28 19:11:44,565] {logging_mixin.py:115} INFO - [2023-08-28 19:11:44,563] {dagbag.py:507} INFO - Filling up the DagBag from /home/felipe/airflow/venv/lib/python3.9/site-packages/airflow/example_dags/example_task_group.py
[2023-08-28 19:11:44,596] {processor.py:651} INFO - DAG(s) dict_keys(['example_task_group']) retrieved from /home/felipe/airflow/venv/lib/python3.9/site-packages/airflow/example_dags/example_task_group.py
[2023-08-28 19:11:44,653] {logging_mixin.py:115} INFO - [2023-08-28 19:11:44,652] {dag.py:2379} INFO - Sync 1 DAGs
[2023-08-28 19:11:44,693] {logging_mixin.py:115} INFO - [2023-08-28 19:11:44,693] {dag.py:2927} INFO - Setting next_dagrun for example_task_group to 2023-08-27T22:11:44.692680+00:00, run_after=2023-08-28T22:11:44.692680+00:00
[2023-08-28 19:11:44,726] {processor.py:161} INFO - Processing /home/felipe/airflow/venv/lib/python3.9/site-packages/airflow/example_dags/example_task_group.py took 0.181 seconds
[2023-08-28 19:12:29,720] {processor.py:153} INFO - Started process (PID=11367) to work on /home/felipe/airflow/venv/lib/python3.9/site-packages/airflow/example_dags/example_task_group.py
[2023-08-28 19:12:29,721] {processor.py:641} INFO - Processing file /home/felipe/airflow/venv/lib/python3.9/site-packages/airflow/example_dags/example_task_group.py for tasks to queue
[2023-08-28 19:12:29,723] {logging_mixin.py:115} INFO - [2023-08-28 19:12:29,722] {dagbag.py:507} INFO - Filling up the DagBag from /home/felipe/airflow/venv/lib/python3.9/site-packages/airflow/example_dags/example_task_group.py
[2023-08-28 19:12:29,748] {processor.py:651} INFO - DAG(s) dict_keys(['example_task_group']) retrieved from /home/felipe/airflow/venv/lib/python3.9/site-packages/airflow/example_dags/example_task_group.py
[2023-08-28 19:12:29,807] {logging_mixin.py:115} INFO - [2023-08-28 19:12:29,807] {dag.py:2379} INFO - Sync 1 DAGs
[2023-08-28 19:12:29,854] {logging_mixin.py:115} INFO - [2023-08-28 19:12:29,853] {dag.py:2927} INFO - Setting next_dagrun for example_task_group to 2023-08-27T22:12:29.851521+00:00, run_after=2023-08-28T22:12:29.851521+00:00
[2023-08-28 19:12:29,888] {processor.py:161} INFO - Processing /home/felipe/airflow/venv/lib/python3.9/site-packages/airflow/example_dags/example_task_group.py took 0.180 seconds
[2023-08-28 19:13:50,803] {processor.py:153} INFO - Started process (PID=11977) to work on /home/felipe/airflow/venv/lib/python3.9/site-packages/airflow/example_dags/example_task_group.py
[2023-08-28 19:13:50,806] {processor.py:641} INFO - Processing file /home/felipe/airflow/venv/lib/python3.9/site-packages/airflow/example_dags/example_task_group.py for tasks to queue
[2023-08-28 19:13:50,808] {logging_mixin.py:115} INFO - [2023-08-28 19:13:50,808] {dagbag.py:507} INFO - Filling up the DagBag from /home/felipe/airflow/venv/lib/python3.9/site-packages/airflow/example_dags/example_task_group.py
[2023-08-28 19:13:50,859] {processor.py:651} INFO - DAG(s) dict_keys(['example_task_group']) retrieved from /home/felipe/airflow/venv/lib/python3.9/site-packages/airflow/example_dags/example_task_group.py
[2023-08-28 19:13:50,985] {logging_mixin.py:115} INFO - [2023-08-28 19:13:50,985] {dag.py:2379} INFO - Sync 1 DAGs
[2023-08-28 19:13:51,069] {logging_mixin.py:115} INFO - [2023-08-28 19:13:51,069] {dag.py:2927} INFO - Setting next_dagrun for example_task_group to 2023-08-27T22:13:51.067836+00:00, run_after=2023-08-28T22:13:51.067836+00:00
[2023-08-28 19:13:51,156] {processor.py:161} INFO - Processing /home/felipe/airflow/venv/lib/python3.9/site-packages/airflow/example_dags/example_task_group.py took 0.379 seconds
[2023-08-28 19:15:14,904] {processor.py:153} INFO - Started process (PID=12434) to work on /home/felipe/airflow/venv/lib/python3.9/site-packages/airflow/example_dags/example_task_group.py
[2023-08-28 19:15:14,937] {processor.py:641} INFO - Processing file /home/felipe/airflow/venv/lib/python3.9/site-packages/airflow/example_dags/example_task_group.py for tasks to queue
[2023-08-28 19:15:14,939] {logging_mixin.py:115} INFO - [2023-08-28 19:15:14,939] {dagbag.py:507} INFO - Filling up the DagBag from /home/felipe/airflow/venv/lib/python3.9/site-packages/airflow/example_dags/example_task_group.py
[2023-08-28 19:15:15,038] {processor.py:651} INFO - DAG(s) dict_keys(['example_task_group']) retrieved from /home/felipe/airflow/venv/lib/python3.9/site-packages/airflow/example_dags/example_task_group.py
[2023-08-28 19:15:15,265] {logging_mixin.py:115} INFO - [2023-08-28 19:15:15,264] {dag.py:2379} INFO - Sync 1 DAGs
[2023-08-28 19:15:15,456] {logging_mixin.py:115} INFO - [2023-08-28 19:15:15,456] {dag.py:2927} INFO - Setting next_dagrun for example_task_group to 2023-08-27T22:15:15.455173+00:00, run_after=2023-08-28T22:15:15.455173+00:00
[2023-08-28 19:15:15,598] {processor.py:161} INFO - Processing /home/felipe/airflow/venv/lib/python3.9/site-packages/airflow/example_dags/example_task_group.py took 0.783 seconds
[2023-08-28 19:16:25,017] {processor.py:153} INFO - Started process (PID=12581) to work on /home/felipe/airflow/venv/lib/python3.9/site-packages/airflow/example_dags/example_task_group.py
[2023-08-28 19:16:25,019] {processor.py:641} INFO - Processing file /home/felipe/airflow/venv/lib/python3.9/site-packages/airflow/example_dags/example_task_group.py for tasks to queue
[2023-08-28 19:16:25,025] {logging_mixin.py:115} INFO - [2023-08-28 19:16:25,021] {dagbag.py:507} INFO - Filling up the DagBag from /home/felipe/airflow/venv/lib/python3.9/site-packages/airflow/example_dags/example_task_group.py
[2023-08-28 19:16:25,077] {processor.py:651} INFO - DAG(s) dict_keys(['example_task_group']) retrieved from /home/felipe/airflow/venv/lib/python3.9/site-packages/airflow/example_dags/example_task_group.py
[2023-08-28 19:16:25,195] {logging_mixin.py:115} INFO - [2023-08-28 19:16:25,195] {dag.py:2379} INFO - Sync 1 DAGs
[2023-08-28 19:16:25,270] {logging_mixin.py:115} INFO - [2023-08-28 19:16:25,270] {dag.py:2927} INFO - Setting next_dagrun for example_task_group to 2023-08-27T22:16:25.269335+00:00, run_after=2023-08-28T22:16:25.269335+00:00
[2023-08-28 19:16:25,352] {processor.py:161} INFO - Processing /home/felipe/airflow/venv/lib/python3.9/site-packages/airflow/example_dags/example_task_group.py took 0.358 seconds
[2023-08-28 19:17:42,444] {processor.py:153} INFO - Started process (PID=12982) to work on /home/felipe/airflow/venv/lib/python3.9/site-packages/airflow/example_dags/example_task_group.py
[2023-08-28 19:17:42,467] {processor.py:641} INFO - Processing file /home/felipe/airflow/venv/lib/python3.9/site-packages/airflow/example_dags/example_task_group.py for tasks to queue
[2023-08-28 19:17:42,478] {logging_mixin.py:115} INFO - [2023-08-28 19:17:42,477] {dagbag.py:507} INFO - Filling up the DagBag from /home/felipe/airflow/venv/lib/python3.9/site-packages/airflow/example_dags/example_task_group.py
[2023-08-28 19:17:42,946] {processor.py:651} INFO - DAG(s) dict_keys(['example_task_group']) retrieved from /home/felipe/airflow/venv/lib/python3.9/site-packages/airflow/example_dags/example_task_group.py
[2023-08-28 19:17:43,274] {logging_mixin.py:115} INFO - [2023-08-28 19:17:43,274] {dag.py:2379} INFO - Sync 1 DAGs
[2023-08-28 19:17:43,564] {logging_mixin.py:115} INFO - [2023-08-28 19:17:43,564] {dag.py:2927} INFO - Setting next_dagrun for example_task_group to 2023-08-27T22:17:43.562355+00:00, run_after=2023-08-28T22:17:43.562355+00:00
[2023-08-28 19:17:43,680] {processor.py:161} INFO - Processing /home/felipe/airflow/venv/lib/python3.9/site-packages/airflow/example_dags/example_task_group.py took 1.430 seconds
[2023-08-28 19:19:57,981] {processor.py:153} INFO - Started process (PID=13404) to work on /home/felipe/airflow/venv/lib/python3.9/site-packages/airflow/example_dags/example_task_group.py
[2023-08-28 19:19:57,987] {processor.py:641} INFO - Processing file /home/felipe/airflow/venv/lib/python3.9/site-packages/airflow/example_dags/example_task_group.py for tasks to queue
[2023-08-28 19:19:57,989] {logging_mixin.py:115} INFO - [2023-08-28 19:19:57,989] {dagbag.py:507} INFO - Filling up the DagBag from /home/felipe/airflow/venv/lib/python3.9/site-packages/airflow/example_dags/example_task_group.py
[2023-08-28 19:19:58,053] {processor.py:651} INFO - DAG(s) dict_keys(['example_task_group']) retrieved from /home/felipe/airflow/venv/lib/python3.9/site-packages/airflow/example_dags/example_task_group.py
[2023-08-28 19:19:58,171] {logging_mixin.py:115} INFO - [2023-08-28 19:19:58,171] {dag.py:2379} INFO - Sync 1 DAGs
[2023-08-28 19:19:58,285] {logging_mixin.py:115} INFO - [2023-08-28 19:19:58,285] {dag.py:2927} INFO - Setting next_dagrun for example_task_group to 2023-08-27T22:19:58.281071+00:00, run_after=2023-08-28T22:19:58.281071+00:00
[2023-08-28 19:19:58,347] {processor.py:161} INFO - Processing /home/felipe/airflow/venv/lib/python3.9/site-packages/airflow/example_dags/example_task_group.py took 0.393 seconds
[2023-08-28 19:21:31,038] {processor.py:153} INFO - Started process (PID=14332) to work on /home/felipe/airflow/venv/lib/python3.9/site-packages/airflow/example_dags/example_task_group.py
[2023-08-28 19:21:31,040] {processor.py:641} INFO - Processing file /home/felipe/airflow/venv/lib/python3.9/site-packages/airflow/example_dags/example_task_group.py for tasks to queue
[2023-08-28 19:21:31,044] {logging_mixin.py:115} INFO - [2023-08-28 19:21:31,044] {dagbag.py:507} INFO - Filling up the DagBag from /home/felipe/airflow/venv/lib/python3.9/site-packages/airflow/example_dags/example_task_group.py
[2023-08-28 19:21:31,103] {processor.py:651} INFO - DAG(s) dict_keys(['example_task_group']) retrieved from /home/felipe/airflow/venv/lib/python3.9/site-packages/airflow/example_dags/example_task_group.py
[2023-08-28 19:21:31,170] {logging_mixin.py:115} INFO - [2023-08-28 19:21:31,170] {dag.py:2379} INFO - Sync 1 DAGs
[2023-08-28 19:21:31,229] {logging_mixin.py:115} INFO - [2023-08-28 19:21:31,229] {dag.py:2927} INFO - Setting next_dagrun for example_task_group to 2023-08-27T22:21:31.228843+00:00, run_after=2023-08-28T22:21:31.228843+00:00
[2023-08-28 19:21:31,265] {processor.py:161} INFO - Processing /home/felipe/airflow/venv/lib/python3.9/site-packages/airflow/example_dags/example_task_group.py took 0.244 seconds
[2023-08-28 19:22:50,933] {processor.py:153} INFO - Started process (PID=14890) to work on /home/felipe/airflow/venv/lib/python3.9/site-packages/airflow/example_dags/example_task_group.py
[2023-08-28 19:22:50,935] {processor.py:641} INFO - Processing file /home/felipe/airflow/venv/lib/python3.9/site-packages/airflow/example_dags/example_task_group.py for tasks to queue
[2023-08-28 19:22:50,946] {logging_mixin.py:115} INFO - [2023-08-28 19:22:50,946] {dagbag.py:507} INFO - Filling up the DagBag from /home/felipe/airflow/venv/lib/python3.9/site-packages/airflow/example_dags/example_task_group.py
[2023-08-28 19:22:51,035] {processor.py:651} INFO - DAG(s) dict_keys(['example_task_group']) retrieved from /home/felipe/airflow/venv/lib/python3.9/site-packages/airflow/example_dags/example_task_group.py
[2023-08-28 19:22:51,232] {logging_mixin.py:115} INFO - [2023-08-28 19:22:51,232] {dag.py:2379} INFO - Sync 1 DAGs
[2023-08-28 19:22:51,384] {logging_mixin.py:115} INFO - [2023-08-28 19:22:51,384] {dag.py:2927} INFO - Setting next_dagrun for example_task_group to 2023-08-27T22:22:51.380739+00:00, run_after=2023-08-28T22:22:51.380739+00:00
[2023-08-28 19:22:51,533] {processor.py:161} INFO - Processing /home/felipe/airflow/venv/lib/python3.9/site-packages/airflow/example_dags/example_task_group.py took 0.624 seconds
[2023-08-28 19:24:02,829] {processor.py:153} INFO - Started process (PID=15346) to work on /home/felipe/airflow/venv/lib/python3.9/site-packages/airflow/example_dags/example_task_group.py
[2023-08-28 19:24:02,830] {processor.py:641} INFO - Processing file /home/felipe/airflow/venv/lib/python3.9/site-packages/airflow/example_dags/example_task_group.py for tasks to queue
[2023-08-28 19:24:02,832] {logging_mixin.py:115} INFO - [2023-08-28 19:24:02,831] {dagbag.py:507} INFO - Filling up the DagBag from /home/felipe/airflow/venv/lib/python3.9/site-packages/airflow/example_dags/example_task_group.py
[2023-08-28 19:24:02,872] {processor.py:651} INFO - DAG(s) dict_keys(['example_task_group']) retrieved from /home/felipe/airflow/venv/lib/python3.9/site-packages/airflow/example_dags/example_task_group.py
[2023-08-28 19:24:02,947] {logging_mixin.py:115} INFO - [2023-08-28 19:24:02,947] {dag.py:2379} INFO - Sync 1 DAGs
[2023-08-28 19:24:03,031] {logging_mixin.py:115} INFO - [2023-08-28 19:24:03,031] {dag.py:2927} INFO - Setting next_dagrun for example_task_group to 2023-08-27T22:24:03.030628+00:00, run_after=2023-08-28T22:24:03.030628+00:00
[2023-08-28 19:24:03,082] {processor.py:161} INFO - Processing /home/felipe/airflow/venv/lib/python3.9/site-packages/airflow/example_dags/example_task_group.py took 0.271 seconds
[2023-08-28 19:25:00,231] {processor.py:153} INFO - Started process (PID=15600) to work on /home/felipe/airflow/venv/lib/python3.9/site-packages/airflow/example_dags/example_task_group.py
[2023-08-28 19:25:00,239] {processor.py:641} INFO - Processing file /home/felipe/airflow/venv/lib/python3.9/site-packages/airflow/example_dags/example_task_group.py for tasks to queue
[2023-08-28 19:25:00,275] {logging_mixin.py:115} INFO - [2023-08-28 19:25:00,245] {dagbag.py:507} INFO - Filling up the DagBag from /home/felipe/airflow/venv/lib/python3.9/site-packages/airflow/example_dags/example_task_group.py
[2023-08-28 19:25:00,462] {processor.py:651} INFO - DAG(s) dict_keys(['example_task_group']) retrieved from /home/felipe/airflow/venv/lib/python3.9/site-packages/airflow/example_dags/example_task_group.py
[2023-08-28 19:25:00,751] {logging_mixin.py:115} INFO - [2023-08-28 19:25:00,750] {dag.py:2379} INFO - Sync 1 DAGs
[2023-08-28 19:25:01,079] {logging_mixin.py:115} INFO - [2023-08-28 19:25:01,078] {dag.py:2927} INFO - Setting next_dagrun for example_task_group to 2023-08-27T22:25:01.072981+00:00, run_after=2023-08-28T22:25:01.072981+00:00
[2023-08-28 19:25:01,256] {processor.py:161} INFO - Processing /home/felipe/airflow/venv/lib/python3.9/site-packages/airflow/example_dags/example_task_group.py took 1.078 seconds
[2023-08-28 19:27:02,240] {processor.py:153} INFO - Started process (PID=16527) to work on /home/felipe/airflow/venv/lib/python3.9/site-packages/airflow/example_dags/example_task_group.py
[2023-08-28 19:27:02,243] {processor.py:641} INFO - Processing file /home/felipe/airflow/venv/lib/python3.9/site-packages/airflow/example_dags/example_task_group.py for tasks to queue
[2023-08-28 19:27:02,246] {logging_mixin.py:115} INFO - [2023-08-28 19:27:02,246] {dagbag.py:507} INFO - Filling up the DagBag from /home/felipe/airflow/venv/lib/python3.9/site-packages/airflow/example_dags/example_task_group.py
[2023-08-28 19:27:02,364] {processor.py:651} INFO - DAG(s) dict_keys(['example_task_group']) retrieved from /home/felipe/airflow/venv/lib/python3.9/site-packages/airflow/example_dags/example_task_group.py
[2023-08-28 19:27:02,681] {logging_mixin.py:115} INFO - [2023-08-28 19:27:02,681] {dag.py:2379} INFO - Sync 1 DAGs
[2023-08-28 19:27:02,935] {logging_mixin.py:115} INFO - [2023-08-28 19:27:02,934] {dag.py:2927} INFO - Setting next_dagrun for example_task_group to 2023-08-27T22:27:02.933457+00:00, run_after=2023-08-28T22:27:02.933457+00:00
[2023-08-28 19:27:03,104] {processor.py:161} INFO - Processing /home/felipe/airflow/venv/lib/python3.9/site-packages/airflow/example_dags/example_task_group.py took 0.903 seconds
[2023-08-28 20:09:47,049] {processor.py:153} INFO - Started process (PID=25619) to work on /home/felipe/airflow/venv/lib/python3.9/site-packages/airflow/example_dags/example_task_group.py
[2023-08-28 20:09:47,057] {processor.py:641} INFO - Processing file /home/felipe/airflow/venv/lib/python3.9/site-packages/airflow/example_dags/example_task_group.py for tasks to queue
[2023-08-28 20:09:47,060] {logging_mixin.py:115} INFO - [2023-08-28 20:09:47,060] {dagbag.py:507} INFO - Filling up the DagBag from /home/felipe/airflow/venv/lib/python3.9/site-packages/airflow/example_dags/example_task_group.py
[2023-08-28 20:09:47,124] {processor.py:651} INFO - DAG(s) dict_keys(['example_task_group']) retrieved from /home/felipe/airflow/venv/lib/python3.9/site-packages/airflow/example_dags/example_task_group.py
[2023-08-28 20:09:47,264] {logging_mixin.py:115} INFO - [2023-08-28 20:09:47,264] {dag.py:2379} INFO - Sync 1 DAGs
[2023-08-28 20:09:47,431] {logging_mixin.py:115} INFO - [2023-08-28 20:09:47,430] {dag.py:2927} INFO - Setting next_dagrun for example_task_group to 2023-08-27T23:09:47.429461+00:00, run_after=2023-08-28T23:09:47.429461+00:00
[2023-08-28 20:09:47,517] {processor.py:161} INFO - Processing /home/felipe/airflow/venv/lib/python3.9/site-packages/airflow/example_dags/example_task_group.py took 0.504 seconds
[2023-08-28 20:11:17,988] {processor.py:153} INFO - Started process (PID=26271) to work on /home/felipe/airflow/venv/lib/python3.9/site-packages/airflow/example_dags/example_task_group.py
[2023-08-28 20:11:17,990] {processor.py:641} INFO - Processing file /home/felipe/airflow/venv/lib/python3.9/site-packages/airflow/example_dags/example_task_group.py for tasks to queue
[2023-08-28 20:11:17,991] {logging_mixin.py:115} INFO - [2023-08-28 20:11:17,991] {dagbag.py:507} INFO - Filling up the DagBag from /home/felipe/airflow/venv/lib/python3.9/site-packages/airflow/example_dags/example_task_group.py
[2023-08-28 20:11:18,059] {processor.py:651} INFO - DAG(s) dict_keys(['example_task_group']) retrieved from /home/felipe/airflow/venv/lib/python3.9/site-packages/airflow/example_dags/example_task_group.py
[2023-08-28 20:11:18,122] {logging_mixin.py:115} INFO - [2023-08-28 20:11:18,122] {dag.py:2379} INFO - Sync 1 DAGs
[2023-08-28 20:11:18,197] {logging_mixin.py:115} INFO - [2023-08-28 20:11:18,196] {dag.py:2927} INFO - Setting next_dagrun for example_task_group to 2023-08-27T23:11:18.196040+00:00, run_after=2023-08-28T23:11:18.196040+00:00
[2023-08-28 20:11:18,234] {processor.py:161} INFO - Processing /home/felipe/airflow/venv/lib/python3.9/site-packages/airflow/example_dags/example_task_group.py took 0.260 seconds
[2023-08-28 20:13:59,588] {processor.py:153} INFO - Started process (PID=26960) to work on /home/felipe/airflow/venv/lib/python3.9/site-packages/airflow/example_dags/example_task_group.py
[2023-08-28 20:13:59,591] {processor.py:641} INFO - Processing file /home/felipe/airflow/venv/lib/python3.9/site-packages/airflow/example_dags/example_task_group.py for tasks to queue
[2023-08-28 20:13:59,594] {logging_mixin.py:115} INFO - [2023-08-28 20:13:59,593] {dagbag.py:507} INFO - Filling up the DagBag from /home/felipe/airflow/venv/lib/python3.9/site-packages/airflow/example_dags/example_task_group.py
[2023-08-28 20:13:59,690] {processor.py:651} INFO - DAG(s) dict_keys(['example_task_group']) retrieved from /home/felipe/airflow/venv/lib/python3.9/site-packages/airflow/example_dags/example_task_group.py
[2023-08-28 20:13:59,889] {logging_mixin.py:115} INFO - [2023-08-28 20:13:59,889] {dag.py:2379} INFO - Sync 1 DAGs
[2023-08-28 20:14:00,172] {logging_mixin.py:115} INFO - [2023-08-28 20:14:00,170] {dag.py:2927} INFO - Setting next_dagrun for example_task_group to 2023-08-27T23:14:00.165821+00:00, run_after=2023-08-28T23:14:00.165821+00:00
[2023-08-28 20:14:00,264] {processor.py:161} INFO - Processing /home/felipe/airflow/venv/lib/python3.9/site-packages/airflow/example_dags/example_task_group.py took 0.706 seconds
[2023-08-28 20:14:52,398] {processor.py:153} INFO - Started process (PID=27254) to work on /home/felipe/airflow/venv/lib/python3.9/site-packages/airflow/example_dags/example_task_group.py
[2023-08-28 20:14:52,400] {processor.py:641} INFO - Processing file /home/felipe/airflow/venv/lib/python3.9/site-packages/airflow/example_dags/example_task_group.py for tasks to queue
[2023-08-28 20:14:52,402] {logging_mixin.py:115} INFO - [2023-08-28 20:14:52,402] {dagbag.py:507} INFO - Filling up the DagBag from /home/felipe/airflow/venv/lib/python3.9/site-packages/airflow/example_dags/example_task_group.py
[2023-08-28 20:14:52,428] {processor.py:651} INFO - DAG(s) dict_keys(['example_task_group']) retrieved from /home/felipe/airflow/venv/lib/python3.9/site-packages/airflow/example_dags/example_task_group.py
[2023-08-28 20:14:52,484] {logging_mixin.py:115} INFO - [2023-08-28 20:14:52,484] {dag.py:2379} INFO - Sync 1 DAGs
[2023-08-28 20:14:52,531] {logging_mixin.py:115} INFO - [2023-08-28 20:14:52,530] {dag.py:2927} INFO - Setting next_dagrun for example_task_group to 2023-08-27T23:14:52.530125+00:00, run_after=2023-08-28T23:14:52.530125+00:00
[2023-08-28 20:14:52,563] {processor.py:161} INFO - Processing /home/felipe/airflow/venv/lib/python3.9/site-packages/airflow/example_dags/example_task_group.py took 0.177 seconds
[2023-08-28 20:15:40,785] {processor.py:153} INFO - Started process (PID=27453) to work on /home/felipe/airflow/venv/lib/python3.9/site-packages/airflow/example_dags/example_task_group.py
[2023-08-28 20:15:40,811] {processor.py:641} INFO - Processing file /home/felipe/airflow/venv/lib/python3.9/site-packages/airflow/example_dags/example_task_group.py for tasks to queue
[2023-08-28 20:15:40,815] {logging_mixin.py:115} INFO - [2023-08-28 20:15:40,815] {dagbag.py:507} INFO - Filling up the DagBag from /home/felipe/airflow/venv/lib/python3.9/site-packages/airflow/example_dags/example_task_group.py
[2023-08-28 20:15:40,870] {processor.py:651} INFO - DAG(s) dict_keys(['example_task_group']) retrieved from /home/felipe/airflow/venv/lib/python3.9/site-packages/airflow/example_dags/example_task_group.py
[2023-08-28 20:15:40,963] {logging_mixin.py:115} INFO - [2023-08-28 20:15:40,962] {dag.py:2379} INFO - Sync 1 DAGs
[2023-08-28 20:15:41,030] {logging_mixin.py:115} INFO - [2023-08-28 20:15:41,030] {dag.py:2927} INFO - Setting next_dagrun for example_task_group to 2023-08-27T23:15:41.029358+00:00, run_after=2023-08-28T23:15:41.029358+00:00
[2023-08-28 20:15:41,081] {processor.py:161} INFO - Processing /home/felipe/airflow/venv/lib/python3.9/site-packages/airflow/example_dags/example_task_group.py took 0.336 seconds
[2023-08-28 20:17:28,918] {processor.py:153} INFO - Started process (PID=28310) to work on /home/felipe/airflow/venv/lib/python3.9/site-packages/airflow/example_dags/example_task_group.py
[2023-08-28 20:17:28,920] {processor.py:641} INFO - Processing file /home/felipe/airflow/venv/lib/python3.9/site-packages/airflow/example_dags/example_task_group.py for tasks to queue
[2023-08-28 20:17:28,922] {logging_mixin.py:115} INFO - [2023-08-28 20:17:28,922] {dagbag.py:507} INFO - Filling up the DagBag from /home/felipe/airflow/venv/lib/python3.9/site-packages/airflow/example_dags/example_task_group.py
[2023-08-28 20:17:28,990] {processor.py:651} INFO - DAG(s) dict_keys(['example_task_group']) retrieved from /home/felipe/airflow/venv/lib/python3.9/site-packages/airflow/example_dags/example_task_group.py
[2023-08-28 20:17:29,142] {logging_mixin.py:115} INFO - [2023-08-28 20:17:29,142] {dag.py:2379} INFO - Sync 1 DAGs
[2023-08-28 20:17:29,300] {logging_mixin.py:115} INFO - [2023-08-28 20:17:29,299] {dag.py:2927} INFO - Setting next_dagrun for example_task_group to 2023-08-27T23:17:29.297702+00:00, run_after=2023-08-28T23:17:29.297702+00:00
[2023-08-28 20:17:29,380] {processor.py:161} INFO - Processing /home/felipe/airflow/venv/lib/python3.9/site-packages/airflow/example_dags/example_task_group.py took 0.480 seconds
[2023-08-28 20:19:25,519] {processor.py:153} INFO - Started process (PID=29512) to work on /home/felipe/airflow/venv/lib/python3.9/site-packages/airflow/example_dags/example_task_group.py
[2023-08-28 20:19:25,521] {processor.py:641} INFO - Processing file /home/felipe/airflow/venv/lib/python3.9/site-packages/airflow/example_dags/example_task_group.py for tasks to queue
[2023-08-28 20:19:25,523] {logging_mixin.py:115} INFO - [2023-08-28 20:19:25,522] {dagbag.py:507} INFO - Filling up the DagBag from /home/felipe/airflow/venv/lib/python3.9/site-packages/airflow/example_dags/example_task_group.py
[2023-08-28 20:19:25,550] {processor.py:651} INFO - DAG(s) dict_keys(['example_task_group']) retrieved from /home/felipe/airflow/venv/lib/python3.9/site-packages/airflow/example_dags/example_task_group.py
[2023-08-28 20:19:25,602] {logging_mixin.py:115} INFO - [2023-08-28 20:19:25,602] {dag.py:2379} INFO - Sync 1 DAGs
[2023-08-28 20:19:25,655] {logging_mixin.py:115} INFO - [2023-08-28 20:19:25,655] {dag.py:2927} INFO - Setting next_dagrun for example_task_group to 2023-08-27T23:19:25.654396+00:00, run_after=2023-08-28T23:19:25.654396+00:00
[2023-08-28 20:19:25,686] {processor.py:161} INFO - Processing /home/felipe/airflow/venv/lib/python3.9/site-packages/airflow/example_dags/example_task_group.py took 0.179 seconds
[2023-08-28 20:20:12,709] {processor.py:153} INFO - Started process (PID=29655) to work on /home/felipe/airflow/venv/lib/python3.9/site-packages/airflow/example_dags/example_task_group.py
[2023-08-28 20:20:12,710] {processor.py:641} INFO - Processing file /home/felipe/airflow/venv/lib/python3.9/site-packages/airflow/example_dags/example_task_group.py for tasks to queue
[2023-08-28 20:20:12,712] {logging_mixin.py:115} INFO - [2023-08-28 20:20:12,712] {dagbag.py:507} INFO - Filling up the DagBag from /home/felipe/airflow/venv/lib/python3.9/site-packages/airflow/example_dags/example_task_group.py
[2023-08-28 20:20:12,742] {processor.py:651} INFO - DAG(s) dict_keys(['example_task_group']) retrieved from /home/felipe/airflow/venv/lib/python3.9/site-packages/airflow/example_dags/example_task_group.py
[2023-08-28 20:20:12,810] {logging_mixin.py:115} INFO - [2023-08-28 20:20:12,810] {dag.py:2379} INFO - Sync 1 DAGs
[2023-08-28 20:20:12,877] {logging_mixin.py:115} INFO - [2023-08-28 20:20:12,877] {dag.py:2927} INFO - Setting next_dagrun for example_task_group to 2023-08-27T23:20:12.876338+00:00, run_after=2023-08-28T23:20:12.876338+00:00
[2023-08-28 20:20:12,914] {processor.py:161} INFO - Processing /home/felipe/airflow/venv/lib/python3.9/site-packages/airflow/example_dags/example_task_group.py took 0.219 seconds
[2023-08-28 20:21:26,537] {processor.py:153} INFO - Started process (PID=30299) to work on /home/felipe/airflow/venv/lib/python3.9/site-packages/airflow/example_dags/example_task_group.py
[2023-08-28 20:21:26,541] {processor.py:641} INFO - Processing file /home/felipe/airflow/venv/lib/python3.9/site-packages/airflow/example_dags/example_task_group.py for tasks to queue
[2023-08-28 20:21:26,545] {logging_mixin.py:115} INFO - [2023-08-28 20:21:26,545] {dagbag.py:507} INFO - Filling up the DagBag from /home/felipe/airflow/venv/lib/python3.9/site-packages/airflow/example_dags/example_task_group.py
[2023-08-28 20:21:26,624] {processor.py:651} INFO - DAG(s) dict_keys(['example_task_group']) retrieved from /home/felipe/airflow/venv/lib/python3.9/site-packages/airflow/example_dags/example_task_group.py
[2023-08-28 20:21:26,762] {logging_mixin.py:115} INFO - [2023-08-28 20:21:26,761] {dag.py:2379} INFO - Sync 1 DAGs
[2023-08-28 20:21:26,895] {logging_mixin.py:115} INFO - [2023-08-28 20:21:26,895] {dag.py:2927} INFO - Setting next_dagrun for example_task_group to 2023-08-27T23:21:26.894192+00:00, run_after=2023-08-28T23:21:26.894192+00:00
[2023-08-28 20:21:26,968] {processor.py:161} INFO - Processing /home/felipe/airflow/venv/lib/python3.9/site-packages/airflow/example_dags/example_task_group.py took 0.462 seconds
[2023-08-28 20:23:10,504] {processor.py:153} INFO - Started process (PID=31289) to work on /home/felipe/airflow/venv/lib/python3.9/site-packages/airflow/example_dags/example_task_group.py
[2023-08-28 20:23:10,505] {processor.py:641} INFO - Processing file /home/felipe/airflow/venv/lib/python3.9/site-packages/airflow/example_dags/example_task_group.py for tasks to queue
[2023-08-28 20:23:10,506] {logging_mixin.py:115} INFO - [2023-08-28 20:23:10,506] {dagbag.py:507} INFO - Filling up the DagBag from /home/felipe/airflow/venv/lib/python3.9/site-packages/airflow/example_dags/example_task_group.py
[2023-08-28 20:23:10,530] {processor.py:651} INFO - DAG(s) dict_keys(['example_task_group']) retrieved from /home/felipe/airflow/venv/lib/python3.9/site-packages/airflow/example_dags/example_task_group.py
[2023-08-28 20:23:10,591] {logging_mixin.py:115} INFO - [2023-08-28 20:23:10,591] {dag.py:2379} INFO - Sync 1 DAGs
[2023-08-28 20:23:10,631] {logging_mixin.py:115} INFO - [2023-08-28 20:23:10,631] {dag.py:2927} INFO - Setting next_dagrun for example_task_group to 2023-08-27T23:23:10.630967+00:00, run_after=2023-08-28T23:23:10.630967+00:00
[2023-08-28 20:23:10,664] {processor.py:161} INFO - Processing /home/felipe/airflow/venv/lib/python3.9/site-packages/airflow/example_dags/example_task_group.py took 0.170 seconds
[2023-08-28 20:23:57,969] {processor.py:153} INFO - Started process (PID=31402) to work on /home/felipe/airflow/venv/lib/python3.9/site-packages/airflow/example_dags/example_task_group.py
[2023-08-28 20:23:57,971] {processor.py:641} INFO - Processing file /home/felipe/airflow/venv/lib/python3.9/site-packages/airflow/example_dags/example_task_group.py for tasks to queue
[2023-08-28 20:23:57,972] {logging_mixin.py:115} INFO - [2023-08-28 20:23:57,972] {dagbag.py:507} INFO - Filling up the DagBag from /home/felipe/airflow/venv/lib/python3.9/site-packages/airflow/example_dags/example_task_group.py
[2023-08-28 20:23:57,997] {processor.py:651} INFO - DAG(s) dict_keys(['example_task_group']) retrieved from /home/felipe/airflow/venv/lib/python3.9/site-packages/airflow/example_dags/example_task_group.py
[2023-08-28 20:23:58,056] {logging_mixin.py:115} INFO - [2023-08-28 20:23:58,056] {dag.py:2379} INFO - Sync 1 DAGs
[2023-08-28 20:23:58,098] {logging_mixin.py:115} INFO - [2023-08-28 20:23:58,098] {dag.py:2927} INFO - Setting next_dagrun for example_task_group to 2023-08-27T23:23:58.097581+00:00, run_after=2023-08-28T23:23:58.097581+00:00
[2023-08-28 20:23:58,130] {processor.py:161} INFO - Processing /home/felipe/airflow/venv/lib/python3.9/site-packages/airflow/example_dags/example_task_group.py took 0.171 seconds
[2023-08-28 20:25:02,643] {processor.py:153} INFO - Started process (PID=31832) to work on /home/felipe/airflow/venv/lib/python3.9/site-packages/airflow/example_dags/example_task_group.py
[2023-08-28 20:25:02,644] {processor.py:641} INFO - Processing file /home/felipe/airflow/venv/lib/python3.9/site-packages/airflow/example_dags/example_task_group.py for tasks to queue
[2023-08-28 20:25:02,645] {logging_mixin.py:115} INFO - [2023-08-28 20:25:02,645] {dagbag.py:507} INFO - Filling up the DagBag from /home/felipe/airflow/venv/lib/python3.9/site-packages/airflow/example_dags/example_task_group.py
[2023-08-28 20:25:02,667] {processor.py:651} INFO - DAG(s) dict_keys(['example_task_group']) retrieved from /home/felipe/airflow/venv/lib/python3.9/site-packages/airflow/example_dags/example_task_group.py
[2023-08-28 20:25:02,724] {logging_mixin.py:115} INFO - [2023-08-28 20:25:02,724] {dag.py:2379} INFO - Sync 1 DAGs
[2023-08-28 20:25:02,767] {logging_mixin.py:115} INFO - [2023-08-28 20:25:02,766] {dag.py:2927} INFO - Setting next_dagrun for example_task_group to 2023-08-27T23:25:02.766058+00:00, run_after=2023-08-28T23:25:02.766058+00:00
[2023-08-28 20:25:02,820] {processor.py:161} INFO - Processing /home/felipe/airflow/venv/lib/python3.9/site-packages/airflow/example_dags/example_task_group.py took 0.190 seconds
[2023-08-28 20:26:46,665] {processor.py:153} INFO - Started process (PID=32650) to work on /home/felipe/airflow/venv/lib/python3.9/site-packages/airflow/example_dags/example_task_group.py
[2023-08-28 20:26:46,667] {processor.py:641} INFO - Processing file /home/felipe/airflow/venv/lib/python3.9/site-packages/airflow/example_dags/example_task_group.py for tasks to queue
[2023-08-28 20:26:46,668] {logging_mixin.py:115} INFO - [2023-08-28 20:26:46,668] {dagbag.py:507} INFO - Filling up the DagBag from /home/felipe/airflow/venv/lib/python3.9/site-packages/airflow/example_dags/example_task_group.py
[2023-08-28 20:26:46,697] {processor.py:651} INFO - DAG(s) dict_keys(['example_task_group']) retrieved from /home/felipe/airflow/venv/lib/python3.9/site-packages/airflow/example_dags/example_task_group.py
[2023-08-28 20:26:46,764] {logging_mixin.py:115} INFO - [2023-08-28 20:26:46,764] {dag.py:2379} INFO - Sync 1 DAGs
[2023-08-28 20:26:46,815] {logging_mixin.py:115} INFO - [2023-08-28 20:26:46,815] {dag.py:2927} INFO - Setting next_dagrun for example_task_group to 2023-08-27T23:26:46.814591+00:00, run_after=2023-08-28T23:26:46.814591+00:00
[2023-08-28 20:26:46,853] {processor.py:161} INFO - Processing /home/felipe/airflow/venv/lib/python3.9/site-packages/airflow/example_dags/example_task_group.py took 0.201 seconds
[2023-08-28 20:28:49,258] {processor.py:153} INFO - Started process (PID=982) to work on /home/felipe/airflow/venv/lib/python3.9/site-packages/airflow/example_dags/example_task_group.py
[2023-08-28 20:28:49,260] {processor.py:641} INFO - Processing file /home/felipe/airflow/venv/lib/python3.9/site-packages/airflow/example_dags/example_task_group.py for tasks to queue
[2023-08-28 20:28:49,265] {logging_mixin.py:115} INFO - [2023-08-28 20:28:49,262] {dagbag.py:507} INFO - Filling up the DagBag from /home/felipe/airflow/venv/lib/python3.9/site-packages/airflow/example_dags/example_task_group.py
[2023-08-28 20:28:49,311] {processor.py:651} INFO - DAG(s) dict_keys(['example_task_group']) retrieved from /home/felipe/airflow/venv/lib/python3.9/site-packages/airflow/example_dags/example_task_group.py
[2023-08-28 20:28:49,417] {logging_mixin.py:115} INFO - [2023-08-28 20:28:49,417] {dag.py:2379} INFO - Sync 1 DAGs
[2023-08-28 20:28:49,486] {logging_mixin.py:115} INFO - [2023-08-28 20:28:49,486] {dag.py:2927} INFO - Setting next_dagrun for example_task_group to 2023-08-27T23:28:49.485956+00:00, run_after=2023-08-28T23:28:49.485956+00:00
[2023-08-28 20:28:49,540] {processor.py:161} INFO - Processing /home/felipe/airflow/venv/lib/python3.9/site-packages/airflow/example_dags/example_task_group.py took 0.301 seconds
[2023-08-28 20:30:47,102] {processor.py:153} INFO - Started process (PID=2297) to work on /home/felipe/airflow/venv/lib/python3.9/site-packages/airflow/example_dags/example_task_group.py
[2023-08-28 20:30:47,103] {processor.py:641} INFO - Processing file /home/felipe/airflow/venv/lib/python3.9/site-packages/airflow/example_dags/example_task_group.py for tasks to queue
[2023-08-28 20:30:47,105] {logging_mixin.py:115} INFO - [2023-08-28 20:30:47,105] {dagbag.py:507} INFO - Filling up the DagBag from /home/felipe/airflow/venv/lib/python3.9/site-packages/airflow/example_dags/example_task_group.py
[2023-08-28 20:30:47,134] {processor.py:651} INFO - DAG(s) dict_keys(['example_task_group']) retrieved from /home/felipe/airflow/venv/lib/python3.9/site-packages/airflow/example_dags/example_task_group.py
[2023-08-28 20:30:47,198] {logging_mixin.py:115} INFO - [2023-08-28 20:30:47,197] {dag.py:2379} INFO - Sync 1 DAGs
[2023-08-28 20:30:47,265] {logging_mixin.py:115} INFO - [2023-08-28 20:30:47,265] {dag.py:2927} INFO - Setting next_dagrun for example_task_group to 2023-08-27T23:30:47.263212+00:00, run_after=2023-08-28T23:30:47.263212+00:00
[2023-08-28 20:30:47,305] {processor.py:161} INFO - Processing /home/felipe/airflow/venv/lib/python3.9/site-packages/airflow/example_dags/example_task_group.py took 0.215 seconds
[2023-08-28 20:31:59,755] {processor.py:153} INFO - Started process (PID=2722) to work on /home/felipe/airflow/venv/lib/python3.9/site-packages/airflow/example_dags/example_task_group.py
[2023-08-28 20:31:59,757] {processor.py:641} INFO - Processing file /home/felipe/airflow/venv/lib/python3.9/site-packages/airflow/example_dags/example_task_group.py for tasks to queue
[2023-08-28 20:31:59,759] {logging_mixin.py:115} INFO - [2023-08-28 20:31:59,759] {dagbag.py:507} INFO - Filling up the DagBag from /home/felipe/airflow/venv/lib/python3.9/site-packages/airflow/example_dags/example_task_group.py
[2023-08-28 20:31:59,790] {processor.py:651} INFO - DAG(s) dict_keys(['example_task_group']) retrieved from /home/felipe/airflow/venv/lib/python3.9/site-packages/airflow/example_dags/example_task_group.py
[2023-08-28 20:31:59,857] {logging_mixin.py:115} INFO - [2023-08-28 20:31:59,857] {dag.py:2379} INFO - Sync 1 DAGs
[2023-08-28 20:31:59,908] {logging_mixin.py:115} INFO - [2023-08-28 20:31:59,908] {dag.py:2927} INFO - Setting next_dagrun for example_task_group to 2023-08-27T23:31:59.907150+00:00, run_after=2023-08-28T23:31:59.907150+00:00
[2023-08-28 20:31:59,946] {processor.py:161} INFO - Processing /home/felipe/airflow/venv/lib/python3.9/site-packages/airflow/example_dags/example_task_group.py took 0.210 seconds
[2023-08-28 20:33:00,739] {processor.py:153} INFO - Started process (PID=2979) to work on /home/felipe/airflow/venv/lib/python3.9/site-packages/airflow/example_dags/example_task_group.py
[2023-08-28 20:33:00,742] {processor.py:641} INFO - Processing file /home/felipe/airflow/venv/lib/python3.9/site-packages/airflow/example_dags/example_task_group.py for tasks to queue
[2023-08-28 20:33:00,744] {logging_mixin.py:115} INFO - [2023-08-28 20:33:00,743] {dagbag.py:507} INFO - Filling up the DagBag from /home/felipe/airflow/venv/lib/python3.9/site-packages/airflow/example_dags/example_task_group.py
[2023-08-28 20:33:00,773] {processor.py:651} INFO - DAG(s) dict_keys(['example_task_group']) retrieved from /home/felipe/airflow/venv/lib/python3.9/site-packages/airflow/example_dags/example_task_group.py
[2023-08-28 20:33:00,843] {logging_mixin.py:115} INFO - [2023-08-28 20:33:00,843] {dag.py:2379} INFO - Sync 1 DAGs
[2023-08-28 20:33:00,894] {logging_mixin.py:115} INFO - [2023-08-28 20:33:00,894] {dag.py:2927} INFO - Setting next_dagrun for example_task_group to 2023-08-27T23:33:00.893603+00:00, run_after=2023-08-28T23:33:00.893603+00:00
[2023-08-28 20:33:00,944] {processor.py:161} INFO - Processing /home/felipe/airflow/venv/lib/python3.9/site-packages/airflow/example_dags/example_task_group.py took 0.222 seconds
[2023-08-28 20:33:53,365] {processor.py:153} INFO - Started process (PID=3126) to work on /home/felipe/airflow/venv/lib/python3.9/site-packages/airflow/example_dags/example_task_group.py
[2023-08-28 20:33:53,368] {processor.py:641} INFO - Processing file /home/felipe/airflow/venv/lib/python3.9/site-packages/airflow/example_dags/example_task_group.py for tasks to queue
[2023-08-28 20:33:53,370] {logging_mixin.py:115} INFO - [2023-08-28 20:33:53,369] {dagbag.py:507} INFO - Filling up the DagBag from /home/felipe/airflow/venv/lib/python3.9/site-packages/airflow/example_dags/example_task_group.py
[2023-08-28 20:33:53,413] {processor.py:651} INFO - DAG(s) dict_keys(['example_task_group']) retrieved from /home/felipe/airflow/venv/lib/python3.9/site-packages/airflow/example_dags/example_task_group.py
[2023-08-28 20:33:53,509] {logging_mixin.py:115} INFO - [2023-08-28 20:33:53,509] {dag.py:2379} INFO - Sync 1 DAGs
[2023-08-28 20:33:53,595] {logging_mixin.py:115} INFO - [2023-08-28 20:33:53,595] {dag.py:2927} INFO - Setting next_dagrun for example_task_group to 2023-08-27T23:33:53.594879+00:00, run_after=2023-08-28T23:33:53.594879+00:00
[2023-08-28 20:33:53,629] {processor.py:161} INFO - Processing /home/felipe/airflow/venv/lib/python3.9/site-packages/airflow/example_dags/example_task_group.py took 0.287 seconds
[2023-08-28 20:34:48,714] {processor.py:153} INFO - Started process (PID=3277) to work on /home/felipe/airflow/venv/lib/python3.9/site-packages/airflow/example_dags/example_task_group.py
[2023-08-28 20:34:48,715] {processor.py:641} INFO - Processing file /home/felipe/airflow/venv/lib/python3.9/site-packages/airflow/example_dags/example_task_group.py for tasks to queue
[2023-08-28 20:34:48,718] {logging_mixin.py:115} INFO - [2023-08-28 20:34:48,718] {dagbag.py:507} INFO - Filling up the DagBag from /home/felipe/airflow/venv/lib/python3.9/site-packages/airflow/example_dags/example_task_group.py
[2023-08-28 20:34:48,745] {processor.py:651} INFO - DAG(s) dict_keys(['example_task_group']) retrieved from /home/felipe/airflow/venv/lib/python3.9/site-packages/airflow/example_dags/example_task_group.py
[2023-08-28 20:34:48,810] {logging_mixin.py:115} INFO - [2023-08-28 20:34:48,810] {dag.py:2379} INFO - Sync 1 DAGs
[2023-08-28 20:34:48,856] {logging_mixin.py:115} INFO - [2023-08-28 20:34:48,856] {dag.py:2927} INFO - Setting next_dagrun for example_task_group to 2023-08-27T23:34:48.855343+00:00, run_after=2023-08-28T23:34:48.855343+00:00
[2023-08-28 20:34:48,888] {processor.py:161} INFO - Processing /home/felipe/airflow/venv/lib/python3.9/site-packages/airflow/example_dags/example_task_group.py took 0.186 seconds
[2023-08-28 20:35:43,455] {processor.py:153} INFO - Started process (PID=3425) to work on /home/felipe/airflow/venv/lib/python3.9/site-packages/airflow/example_dags/example_task_group.py
[2023-08-28 20:35:43,457] {processor.py:641} INFO - Processing file /home/felipe/airflow/venv/lib/python3.9/site-packages/airflow/example_dags/example_task_group.py for tasks to queue
[2023-08-28 20:35:43,458] {logging_mixin.py:115} INFO - [2023-08-28 20:35:43,458] {dagbag.py:507} INFO - Filling up the DagBag from /home/felipe/airflow/venv/lib/python3.9/site-packages/airflow/example_dags/example_task_group.py
[2023-08-28 20:35:43,481] {processor.py:651} INFO - DAG(s) dict_keys(['example_task_group']) retrieved from /home/felipe/airflow/venv/lib/python3.9/site-packages/airflow/example_dags/example_task_group.py
[2023-08-28 20:35:43,539] {logging_mixin.py:115} INFO - [2023-08-28 20:35:43,539] {dag.py:2379} INFO - Sync 1 DAGs
[2023-08-28 20:35:43,670] {logging_mixin.py:115} INFO - [2023-08-28 20:35:43,670] {dag.py:2927} INFO - Setting next_dagrun for example_task_group to 2023-08-27T23:35:43.669407+00:00, run_after=2023-08-28T23:35:43.669407+00:00
[2023-08-28 20:35:43,709] {processor.py:161} INFO - Processing /home/felipe/airflow/venv/lib/python3.9/site-packages/airflow/example_dags/example_task_group.py took 0.264 seconds
[2023-08-28 20:36:33,975] {processor.py:153} INFO - Started process (PID=3568) to work on /home/felipe/airflow/venv/lib/python3.9/site-packages/airflow/example_dags/example_task_group.py
[2023-08-28 20:36:33,977] {processor.py:641} INFO - Processing file /home/felipe/airflow/venv/lib/python3.9/site-packages/airflow/example_dags/example_task_group.py for tasks to queue
[2023-08-28 20:36:33,979] {logging_mixin.py:115} INFO - [2023-08-28 20:36:33,978] {dagbag.py:507} INFO - Filling up the DagBag from /home/felipe/airflow/venv/lib/python3.9/site-packages/airflow/example_dags/example_task_group.py
[2023-08-28 20:36:34,009] {processor.py:651} INFO - DAG(s) dict_keys(['example_task_group']) retrieved from /home/felipe/airflow/venv/lib/python3.9/site-packages/airflow/example_dags/example_task_group.py
[2023-08-28 20:36:34,077] {logging_mixin.py:115} INFO - [2023-08-28 20:36:34,077] {dag.py:2379} INFO - Sync 1 DAGs
[2023-08-28 20:36:34,132] {logging_mixin.py:115} INFO - [2023-08-28 20:36:34,132] {dag.py:2927} INFO - Setting next_dagrun for example_task_group to 2023-08-27T23:36:34.131126+00:00, run_after=2023-08-28T23:36:34.131126+00:00
[2023-08-28 20:36:34,174] {processor.py:161} INFO - Processing /home/felipe/airflow/venv/lib/python3.9/site-packages/airflow/example_dags/example_task_group.py took 0.213 seconds
[2023-08-28 20:37:25,479] {processor.py:153} INFO - Started process (PID=3763) to work on /home/felipe/airflow/venv/lib/python3.9/site-packages/airflow/example_dags/example_task_group.py
[2023-08-28 20:37:25,481] {processor.py:641} INFO - Processing file /home/felipe/airflow/venv/lib/python3.9/site-packages/airflow/example_dags/example_task_group.py for tasks to queue
[2023-08-28 20:37:25,482] {logging_mixin.py:115} INFO - [2023-08-28 20:37:25,482] {dagbag.py:507} INFO - Filling up the DagBag from /home/felipe/airflow/venv/lib/python3.9/site-packages/airflow/example_dags/example_task_group.py
[2023-08-28 20:37:25,518] {processor.py:651} INFO - DAG(s) dict_keys(['example_task_group']) retrieved from /home/felipe/airflow/venv/lib/python3.9/site-packages/airflow/example_dags/example_task_group.py
[2023-08-28 20:37:25,559] {logging_mixin.py:115} INFO - [2023-08-28 20:37:25,559] {dag.py:2379} INFO - Sync 1 DAGs
[2023-08-28 20:37:25,600] {logging_mixin.py:115} INFO - [2023-08-28 20:37:25,600] {dag.py:2927} INFO - Setting next_dagrun for example_task_group to 2023-08-27T23:37:25.599642+00:00, run_after=2023-08-28T23:37:25.599642+00:00
[2023-08-28 20:37:25,633] {processor.py:161} INFO - Processing /home/felipe/airflow/venv/lib/python3.9/site-packages/airflow/example_dags/example_task_group.py took 0.165 seconds
[2023-08-28 20:38:06,646] {processor.py:153} INFO - Started process (PID=3898) to work on /home/felipe/airflow/venv/lib/python3.9/site-packages/airflow/example_dags/example_task_group.py
[2023-08-28 20:38:06,648] {processor.py:641} INFO - Processing file /home/felipe/airflow/venv/lib/python3.9/site-packages/airflow/example_dags/example_task_group.py for tasks to queue
[2023-08-28 20:38:06,650] {logging_mixin.py:115} INFO - [2023-08-28 20:38:06,650] {dagbag.py:507} INFO - Filling up the DagBag from /home/felipe/airflow/venv/lib/python3.9/site-packages/airflow/example_dags/example_task_group.py
[2023-08-28 20:38:06,689] {processor.py:651} INFO - DAG(s) dict_keys(['example_task_group']) retrieved from /home/felipe/airflow/venv/lib/python3.9/site-packages/airflow/example_dags/example_task_group.py
[2023-08-28 20:38:06,738] {logging_mixin.py:115} INFO - [2023-08-28 20:38:06,738] {dag.py:2379} INFO - Sync 1 DAGs
[2023-08-28 20:38:06,785] {logging_mixin.py:115} INFO - [2023-08-28 20:38:06,785] {dag.py:2927} INFO - Setting next_dagrun for example_task_group to 2023-08-27T23:38:06.784748+00:00, run_after=2023-08-28T23:38:06.784748+00:00
[2023-08-28 20:38:06,817] {processor.py:161} INFO - Processing /home/felipe/airflow/venv/lib/python3.9/site-packages/airflow/example_dags/example_task_group.py took 0.181 seconds
[2023-08-28 20:38:59,205] {processor.py:153} INFO - Started process (PID=4046) to work on /home/felipe/airflow/venv/lib/python3.9/site-packages/airflow/example_dags/example_task_group.py
[2023-08-28 20:38:59,207] {processor.py:641} INFO - Processing file /home/felipe/airflow/venv/lib/python3.9/site-packages/airflow/example_dags/example_task_group.py for tasks to queue
[2023-08-28 20:38:59,209] {logging_mixin.py:115} INFO - [2023-08-28 20:38:59,209] {dagbag.py:507} INFO - Filling up the DagBag from /home/felipe/airflow/venv/lib/python3.9/site-packages/airflow/example_dags/example_task_group.py
[2023-08-28 20:38:59,259] {processor.py:651} INFO - DAG(s) dict_keys(['example_task_group']) retrieved from /home/felipe/airflow/venv/lib/python3.9/site-packages/airflow/example_dags/example_task_group.py
[2023-08-28 20:38:59,331] {logging_mixin.py:115} INFO - [2023-08-28 20:38:59,331] {dag.py:2379} INFO - Sync 1 DAGs
[2023-08-28 20:38:59,394] {logging_mixin.py:115} INFO - [2023-08-28 20:38:59,393] {dag.py:2927} INFO - Setting next_dagrun for example_task_group to 2023-08-27T23:38:59.393099+00:00, run_after=2023-08-28T23:38:59.393099+00:00
[2023-08-28 20:38:59,430] {processor.py:161} INFO - Processing /home/felipe/airflow/venv/lib/python3.9/site-packages/airflow/example_dags/example_task_group.py took 0.242 seconds
[2023-08-28 20:40:00,822] {processor.py:153} INFO - Started process (PID=4353) to work on /home/felipe/airflow/venv/lib/python3.9/site-packages/airflow/example_dags/example_task_group.py
[2023-08-28 20:40:00,824] {processor.py:641} INFO - Processing file /home/felipe/airflow/venv/lib/python3.9/site-packages/airflow/example_dags/example_task_group.py for tasks to queue
[2023-08-28 20:40:00,827] {logging_mixin.py:115} INFO - [2023-08-28 20:40:00,826] {dagbag.py:507} INFO - Filling up the DagBag from /home/felipe/airflow/venv/lib/python3.9/site-packages/airflow/example_dags/example_task_group.py
[2023-08-28 20:40:00,941] {processor.py:651} INFO - DAG(s) dict_keys(['example_task_group']) retrieved from /home/felipe/airflow/venv/lib/python3.9/site-packages/airflow/example_dags/example_task_group.py
[2023-08-28 20:40:01,114] {logging_mixin.py:115} INFO - [2023-08-28 20:40:01,114] {dag.py:2379} INFO - Sync 1 DAGs
[2023-08-28 20:40:01,263] {logging_mixin.py:115} INFO - [2023-08-28 20:40:01,263] {dag.py:2927} INFO - Setting next_dagrun for example_task_group to 2023-08-27T23:40:01.262273+00:00, run_after=2023-08-28T23:40:01.262273+00:00
[2023-08-28 20:40:01,365] {processor.py:161} INFO - Processing /home/felipe/airflow/venv/lib/python3.9/site-packages/airflow/example_dags/example_task_group.py took 0.585 seconds
[2023-08-28 20:42:40,548] {processor.py:153} INFO - Started process (PID=5916) to work on /home/felipe/airflow/venv/lib/python3.9/site-packages/airflow/example_dags/example_task_group.py
[2023-08-28 20:42:40,549] {processor.py:641} INFO - Processing file /home/felipe/airflow/venv/lib/python3.9/site-packages/airflow/example_dags/example_task_group.py for tasks to queue
[2023-08-28 20:42:40,551] {logging_mixin.py:115} INFO - [2023-08-28 20:42:40,551] {dagbag.py:507} INFO - Filling up the DagBag from /home/felipe/airflow/venv/lib/python3.9/site-packages/airflow/example_dags/example_task_group.py
[2023-08-28 20:42:40,584] {processor.py:651} INFO - DAG(s) dict_keys(['example_task_group']) retrieved from /home/felipe/airflow/venv/lib/python3.9/site-packages/airflow/example_dags/example_task_group.py
[2023-08-28 20:42:40,652] {logging_mixin.py:115} INFO - [2023-08-28 20:42:40,652] {dag.py:2379} INFO - Sync 1 DAGs
[2023-08-28 20:42:40,712] {logging_mixin.py:115} INFO - [2023-08-28 20:42:40,712] {dag.py:2927} INFO - Setting next_dagrun for example_task_group to 2023-08-27T23:42:40.711439+00:00, run_after=2023-08-28T23:42:40.711439+00:00
[2023-08-28 20:42:40,749] {processor.py:161} INFO - Processing /home/felipe/airflow/venv/lib/python3.9/site-packages/airflow/example_dags/example_task_group.py took 0.216 seconds
[2023-08-28 20:43:41,519] {processor.py:153} INFO - Started process (PID=6177) to work on /home/felipe/airflow/venv/lib/python3.9/site-packages/airflow/example_dags/example_task_group.py
[2023-08-28 20:43:41,521] {processor.py:641} INFO - Processing file /home/felipe/airflow/venv/lib/python3.9/site-packages/airflow/example_dags/example_task_group.py for tasks to queue
[2023-08-28 20:43:41,527] {logging_mixin.py:115} INFO - [2023-08-28 20:43:41,523] {dagbag.py:507} INFO - Filling up the DagBag from /home/felipe/airflow/venv/lib/python3.9/site-packages/airflow/example_dags/example_task_group.py
[2023-08-28 20:43:41,573] {processor.py:651} INFO - DAG(s) dict_keys(['example_task_group']) retrieved from /home/felipe/airflow/venv/lib/python3.9/site-packages/airflow/example_dags/example_task_group.py
[2023-08-28 20:43:41,668] {logging_mixin.py:115} INFO - [2023-08-28 20:43:41,668] {dag.py:2379} INFO - Sync 1 DAGs
[2023-08-28 20:43:41,749] {logging_mixin.py:115} INFO - [2023-08-28 20:43:41,749] {dag.py:2927} INFO - Setting next_dagrun for example_task_group to 2023-08-27T23:43:41.748631+00:00, run_after=2023-08-28T23:43:41.748631+00:00
[2023-08-28 20:43:41,801] {processor.py:161} INFO - Processing /home/felipe/airflow/venv/lib/python3.9/site-packages/airflow/example_dags/example_task_group.py took 0.302 seconds
