[2023-08-28 19:05:02,837] {processor.py:153} INFO - Started process (PID=8391) to work on /home/felipe/airflow/venv/lib/python3.9/site-packages/airflow/example_dags/example_branch_python_dop_operator_3.py
[2023-08-28 19:05:02,846] {processor.py:641} INFO - Processing file /home/felipe/airflow/venv/lib/python3.9/site-packages/airflow/example_dags/example_branch_python_dop_operator_3.py for tasks to queue
[2023-08-28 19:05:02,883] {logging_mixin.py:115} INFO - [2023-08-28 19:05:02,882] {dagbag.py:507} INFO - Filling up the DagBag from /home/felipe/airflow/venv/lib/python3.9/site-packages/airflow/example_dags/example_branch_python_dop_operator_3.py
[2023-08-28 19:05:03,083] {processor.py:651} INFO - DAG(s) dict_keys(['example_branch_dop_operator_v3']) retrieved from /home/felipe/airflow/venv/lib/python3.9/site-packages/airflow/example_dags/example_branch_python_dop_operator_3.py
[2023-08-28 19:05:03,913] {logging_mixin.py:115} INFO - [2023-08-28 19:05:03,912] {manager.py:508} INFO - Created Permission View: can delete on DAG:example_branch_dop_operator_v3
[2023-08-28 19:05:04,015] {logging_mixin.py:115} INFO - [2023-08-28 19:05:04,014] {manager.py:508} INFO - Created Permission View: can read on DAG:example_branch_dop_operator_v3
[2023-08-28 19:05:04,097] {logging_mixin.py:115} INFO - [2023-08-28 19:05:04,096] {manager.py:508} INFO - Created Permission View: can edit on DAG:example_branch_dop_operator_v3
[2023-08-28 19:05:04,097] {logging_mixin.py:115} INFO - [2023-08-28 19:05:04,097] {dag.py:2379} INFO - Sync 1 DAGs
[2023-08-28 19:05:04,195] {logging_mixin.py:115} INFO - [2023-08-28 19:05:04,195] {dag.py:2398} INFO - Creating ORM DAG for example_branch_dop_operator_v3
[2023-08-28 19:05:04,378] {logging_mixin.py:115} INFO - [2023-08-28 19:05:04,377] {dag.py:2927} INFO - Setting next_dagrun for example_branch_dop_operator_v3 to 2023-08-28T22:04:00+00:00, run_after=2023-08-28T22:05:00+00:00
[2023-08-28 19:05:04,584] {processor.py:161} INFO - Processing /home/felipe/airflow/venv/lib/python3.9/site-packages/airflow/example_dags/example_branch_python_dop_operator_3.py took 1.774 seconds
[2023-08-28 19:06:37,894] {processor.py:153} INFO - Started process (PID=9060) to work on /home/felipe/airflow/venv/lib/python3.9/site-packages/airflow/example_dags/example_branch_python_dop_operator_3.py
[2023-08-28 19:06:37,907] {processor.py:641} INFO - Processing file /home/felipe/airflow/venv/lib/python3.9/site-packages/airflow/example_dags/example_branch_python_dop_operator_3.py for tasks to queue
[2023-08-28 19:06:37,910] {logging_mixin.py:115} INFO - [2023-08-28 19:06:37,910] {dagbag.py:507} INFO - Filling up the DagBag from /home/felipe/airflow/venv/lib/python3.9/site-packages/airflow/example_dags/example_branch_python_dop_operator_3.py
[2023-08-28 19:06:38,050] {processor.py:651} INFO - DAG(s) dict_keys(['example_branch_dop_operator_v3']) retrieved from /home/felipe/airflow/venv/lib/python3.9/site-packages/airflow/example_dags/example_branch_python_dop_operator_3.py
[2023-08-28 19:06:38,328] {logging_mixin.py:115} INFO - [2023-08-28 19:06:38,328] {dag.py:2379} INFO - Sync 1 DAGs
[2023-08-28 19:06:39,223] {logging_mixin.py:115} INFO - [2023-08-28 19:06:39,222] {dag.py:2927} INFO - Setting next_dagrun for example_branch_dop_operator_v3 to 2023-08-28T22:05:00+00:00, run_after=2023-08-28T22:06:00+00:00
[2023-08-28 19:06:39,411] {processor.py:161} INFO - Processing /home/felipe/airflow/venv/lib/python3.9/site-packages/airflow/example_dags/example_branch_python_dop_operator_3.py took 1.584 seconds
[2023-08-28 19:08:37,141] {processor.py:153} INFO - Started process (PID=10193) to work on /home/felipe/airflow/venv/lib/python3.9/site-packages/airflow/example_dags/example_branch_python_dop_operator_3.py
[2023-08-28 19:08:37,153] {processor.py:641} INFO - Processing file /home/felipe/airflow/venv/lib/python3.9/site-packages/airflow/example_dags/example_branch_python_dop_operator_3.py for tasks to queue
[2023-08-28 19:08:37,157] {logging_mixin.py:115} INFO - [2023-08-28 19:08:37,155] {dagbag.py:507} INFO - Filling up the DagBag from /home/felipe/airflow/venv/lib/python3.9/site-packages/airflow/example_dags/example_branch_python_dop_operator_3.py
[2023-08-28 19:08:37,505] {processor.py:651} INFO - DAG(s) dict_keys(['example_branch_dop_operator_v3']) retrieved from /home/felipe/airflow/venv/lib/python3.9/site-packages/airflow/example_dags/example_branch_python_dop_operator_3.py
[2023-08-28 19:08:37,741] {logging_mixin.py:115} INFO - [2023-08-28 19:08:37,741] {dag.py:2379} INFO - Sync 1 DAGs
[2023-08-28 19:08:38,072] {logging_mixin.py:115} INFO - [2023-08-28 19:08:38,071] {dag.py:2927} INFO - Setting next_dagrun for example_branch_dop_operator_v3 to 2023-08-28T22:07:00+00:00, run_after=2023-08-28T22:08:00+00:00
[2023-08-28 19:08:38,152] {processor.py:161} INFO - Processing /home/felipe/airflow/venv/lib/python3.9/site-packages/airflow/example_dags/example_branch_python_dop_operator_3.py took 1.134 seconds
[2023-08-28 19:09:41,462] {processor.py:153} INFO - Started process (PID=10733) to work on /home/felipe/airflow/venv/lib/python3.9/site-packages/airflow/example_dags/example_branch_python_dop_operator_3.py
[2023-08-28 19:09:41,473] {processor.py:641} INFO - Processing file /home/felipe/airflow/venv/lib/python3.9/site-packages/airflow/example_dags/example_branch_python_dop_operator_3.py for tasks to queue
[2023-08-28 19:09:41,478] {logging_mixin.py:115} INFO - [2023-08-28 19:09:41,476] {dagbag.py:507} INFO - Filling up the DagBag from /home/felipe/airflow/venv/lib/python3.9/site-packages/airflow/example_dags/example_branch_python_dop_operator_3.py
[2023-08-28 19:09:41,751] {processor.py:651} INFO - DAG(s) dict_keys(['example_branch_dop_operator_v3']) retrieved from /home/felipe/airflow/venv/lib/python3.9/site-packages/airflow/example_dags/example_branch_python_dop_operator_3.py
[2023-08-28 19:09:42,028] {logging_mixin.py:115} INFO - [2023-08-28 19:09:42,028] {dag.py:2379} INFO - Sync 1 DAGs
[2023-08-28 19:09:42,127] {logging_mixin.py:115} INFO - [2023-08-28 19:09:42,127] {dag.py:2927} INFO - Setting next_dagrun for example_branch_dop_operator_v3 to 2023-08-28T22:08:00+00:00, run_after=2023-08-28T22:09:00+00:00
[2023-08-28 19:09:42,209] {processor.py:161} INFO - Processing /home/felipe/airflow/venv/lib/python3.9/site-packages/airflow/example_dags/example_branch_python_dop_operator_3.py took 0.780 seconds
[2023-08-28 19:10:34,693] {processor.py:153} INFO - Started process (PID=11026) to work on /home/felipe/airflow/venv/lib/python3.9/site-packages/airflow/example_dags/example_branch_python_dop_operator_3.py
[2023-08-28 19:10:34,695] {processor.py:641} INFO - Processing file /home/felipe/airflow/venv/lib/python3.9/site-packages/airflow/example_dags/example_branch_python_dop_operator_3.py for tasks to queue
[2023-08-28 19:10:34,696] {logging_mixin.py:115} INFO - [2023-08-28 19:10:34,695] {dagbag.py:507} INFO - Filling up the DagBag from /home/felipe/airflow/venv/lib/python3.9/site-packages/airflow/example_dags/example_branch_python_dop_operator_3.py
[2023-08-28 19:10:34,731] {processor.py:651} INFO - DAG(s) dict_keys(['example_branch_dop_operator_v3']) retrieved from /home/felipe/airflow/venv/lib/python3.9/site-packages/airflow/example_dags/example_branch_python_dop_operator_3.py
[2023-08-28 19:10:34,791] {logging_mixin.py:115} INFO - [2023-08-28 19:10:34,790] {dag.py:2379} INFO - Sync 1 DAGs
[2023-08-28 19:10:34,871] {logging_mixin.py:115} INFO - [2023-08-28 19:10:34,871] {dag.py:2927} INFO - Setting next_dagrun for example_branch_dop_operator_v3 to 2023-08-28T22:09:00+00:00, run_after=2023-08-28T22:10:00+00:00
[2023-08-28 19:10:34,904] {processor.py:161} INFO - Processing /home/felipe/airflow/venv/lib/python3.9/site-packages/airflow/example_dags/example_branch_python_dop_operator_3.py took 0.223 seconds
[2023-08-28 19:11:34,153] {processor.py:153} INFO - Started process (PID=11173) to work on /home/felipe/airflow/venv/lib/python3.9/site-packages/airflow/example_dags/example_branch_python_dop_operator_3.py
[2023-08-28 19:11:34,155] {processor.py:641} INFO - Processing file /home/felipe/airflow/venv/lib/python3.9/site-packages/airflow/example_dags/example_branch_python_dop_operator_3.py for tasks to queue
[2023-08-28 19:11:34,157] {logging_mixin.py:115} INFO - [2023-08-28 19:11:34,157] {dagbag.py:507} INFO - Filling up the DagBag from /home/felipe/airflow/venv/lib/python3.9/site-packages/airflow/example_dags/example_branch_python_dop_operator_3.py
[2023-08-28 19:11:34,192] {processor.py:651} INFO - DAG(s) dict_keys(['example_branch_dop_operator_v3']) retrieved from /home/felipe/airflow/venv/lib/python3.9/site-packages/airflow/example_dags/example_branch_python_dop_operator_3.py
[2023-08-28 19:11:34,246] {logging_mixin.py:115} INFO - [2023-08-28 19:11:34,245] {dag.py:2379} INFO - Sync 1 DAGs
[2023-08-28 19:11:34,296] {logging_mixin.py:115} INFO - [2023-08-28 19:11:34,295] {dag.py:2927} INFO - Setting next_dagrun for example_branch_dop_operator_v3 to 2023-08-28T22:10:00+00:00, run_after=2023-08-28T22:11:00+00:00
[2023-08-28 19:11:34,327] {processor.py:161} INFO - Processing /home/felipe/airflow/venv/lib/python3.9/site-packages/airflow/example_dags/example_branch_python_dop_operator_3.py took 0.187 seconds
[2023-08-28 19:12:34,509] {processor.py:153} INFO - Started process (PID=11371) to work on /home/felipe/airflow/venv/lib/python3.9/site-packages/airflow/example_dags/example_branch_python_dop_operator_3.py
[2023-08-28 19:12:34,511] {processor.py:641} INFO - Processing file /home/felipe/airflow/venv/lib/python3.9/site-packages/airflow/example_dags/example_branch_python_dop_operator_3.py for tasks to queue
[2023-08-28 19:12:34,512] {logging_mixin.py:115} INFO - [2023-08-28 19:12:34,512] {dagbag.py:507} INFO - Filling up the DagBag from /home/felipe/airflow/venv/lib/python3.9/site-packages/airflow/example_dags/example_branch_python_dop_operator_3.py
[2023-08-28 19:12:34,562] {processor.py:651} INFO - DAG(s) dict_keys(['example_branch_dop_operator_v3']) retrieved from /home/felipe/airflow/venv/lib/python3.9/site-packages/airflow/example_dags/example_branch_python_dop_operator_3.py
[2023-08-28 19:12:34,713] {logging_mixin.py:115} INFO - [2023-08-28 19:12:34,713] {dag.py:2379} INFO - Sync 1 DAGs
[2023-08-28 19:12:34,916] {logging_mixin.py:115} INFO - [2023-08-28 19:12:34,916] {dag.py:2927} INFO - Setting next_dagrun for example_branch_dop_operator_v3 to 2023-08-28T22:11:00+00:00, run_after=2023-08-28T22:12:00+00:00
[2023-08-28 19:12:34,999] {processor.py:161} INFO - Processing /home/felipe/airflow/venv/lib/python3.9/site-packages/airflow/example_dags/example_branch_python_dop_operator_3.py took 0.508 seconds
[2023-08-28 19:14:00,046] {processor.py:153} INFO - Started process (PID=11983) to work on /home/felipe/airflow/venv/lib/python3.9/site-packages/airflow/example_dags/example_branch_python_dop_operator_3.py
[2023-08-28 19:14:00,049] {processor.py:641} INFO - Processing file /home/felipe/airflow/venv/lib/python3.9/site-packages/airflow/example_dags/example_branch_python_dop_operator_3.py for tasks to queue
[2023-08-28 19:14:00,051] {logging_mixin.py:115} INFO - [2023-08-28 19:14:00,051] {dagbag.py:507} INFO - Filling up the DagBag from /home/felipe/airflow/venv/lib/python3.9/site-packages/airflow/example_dags/example_branch_python_dop_operator_3.py
[2023-08-28 19:14:00,114] {processor.py:651} INFO - DAG(s) dict_keys(['example_branch_dop_operator_v3']) retrieved from /home/felipe/airflow/venv/lib/python3.9/site-packages/airflow/example_dags/example_branch_python_dop_operator_3.py
[2023-08-28 19:14:00,237] {logging_mixin.py:115} INFO - [2023-08-28 19:14:00,237] {dag.py:2379} INFO - Sync 1 DAGs
[2023-08-28 19:14:00,357] {logging_mixin.py:115} INFO - [2023-08-28 19:14:00,356] {dag.py:2927} INFO - Setting next_dagrun for example_branch_dop_operator_v3 to 2023-08-28T22:13:00+00:00, run_after=2023-08-28T22:14:00+00:00
[2023-08-28 19:14:00,434] {processor.py:161} INFO - Processing /home/felipe/airflow/venv/lib/python3.9/site-packages/airflow/example_dags/example_branch_python_dop_operator_3.py took 0.417 seconds
[2023-08-28 19:15:29,365] {processor.py:153} INFO - Started process (PID=12440) to work on /home/felipe/airflow/venv/lib/python3.9/site-packages/airflow/example_dags/example_branch_python_dop_operator_3.py
[2023-08-28 19:15:29,368] {processor.py:641} INFO - Processing file /home/felipe/airflow/venv/lib/python3.9/site-packages/airflow/example_dags/example_branch_python_dop_operator_3.py for tasks to queue
[2023-08-28 19:15:29,380] {logging_mixin.py:115} INFO - [2023-08-28 19:15:29,378] {dagbag.py:507} INFO - Filling up the DagBag from /home/felipe/airflow/venv/lib/python3.9/site-packages/airflow/example_dags/example_branch_python_dop_operator_3.py
[2023-08-28 19:15:29,495] {processor.py:651} INFO - DAG(s) dict_keys(['example_branch_dop_operator_v3']) retrieved from /home/felipe/airflow/venv/lib/python3.9/site-packages/airflow/example_dags/example_branch_python_dop_operator_3.py
[2023-08-28 19:15:29,610] {logging_mixin.py:115} INFO - [2023-08-28 19:15:29,607] {dag.py:2379} INFO - Sync 1 DAGs
[2023-08-28 19:15:29,730] {logging_mixin.py:115} INFO - [2023-08-28 19:15:29,729] {dag.py:2927} INFO - Setting next_dagrun for example_branch_dop_operator_v3 to 2023-08-28T22:14:00+00:00, run_after=2023-08-28T22:15:00+00:00
[2023-08-28 19:15:29,818] {processor.py:161} INFO - Processing /home/felipe/airflow/venv/lib/python3.9/site-packages/airflow/example_dags/example_branch_python_dop_operator_3.py took 0.501 seconds
[2023-08-28 19:16:35,100] {processor.py:153} INFO - Started process (PID=12587) to work on /home/felipe/airflow/venv/lib/python3.9/site-packages/airflow/example_dags/example_branch_python_dop_operator_3.py
[2023-08-28 19:16:35,105] {processor.py:641} INFO - Processing file /home/felipe/airflow/venv/lib/python3.9/site-packages/airflow/example_dags/example_branch_python_dop_operator_3.py for tasks to queue
[2023-08-28 19:16:35,108] {logging_mixin.py:115} INFO - [2023-08-28 19:16:35,107] {dagbag.py:507} INFO - Filling up the DagBag from /home/felipe/airflow/venv/lib/python3.9/site-packages/airflow/example_dags/example_branch_python_dop_operator_3.py
[2023-08-28 19:16:35,183] {processor.py:651} INFO - DAG(s) dict_keys(['example_branch_dop_operator_v3']) retrieved from /home/felipe/airflow/venv/lib/python3.9/site-packages/airflow/example_dags/example_branch_python_dop_operator_3.py
[2023-08-28 19:16:35,302] {logging_mixin.py:115} INFO - [2023-08-28 19:16:35,301] {dag.py:2379} INFO - Sync 1 DAGs
[2023-08-28 19:16:35,473] {logging_mixin.py:115} INFO - [2023-08-28 19:16:35,472] {dag.py:2927} INFO - Setting next_dagrun for example_branch_dop_operator_v3 to 2023-08-28T22:15:00+00:00, run_after=2023-08-28T22:16:00+00:00
[2023-08-28 19:16:35,554] {processor.py:161} INFO - Processing /home/felipe/airflow/venv/lib/python3.9/site-packages/airflow/example_dags/example_branch_python_dop_operator_3.py took 0.476 seconds
[2023-08-28 19:17:57,647] {processor.py:153} INFO - Started process (PID=12988) to work on /home/felipe/airflow/venv/lib/python3.9/site-packages/airflow/example_dags/example_branch_python_dop_operator_3.py
[2023-08-28 19:17:57,662] {processor.py:641} INFO - Processing file /home/felipe/airflow/venv/lib/python3.9/site-packages/airflow/example_dags/example_branch_python_dop_operator_3.py for tasks to queue
[2023-08-28 19:17:57,673] {logging_mixin.py:115} INFO - [2023-08-28 19:17:57,672] {dagbag.py:507} INFO - Filling up the DagBag from /home/felipe/airflow/venv/lib/python3.9/site-packages/airflow/example_dags/example_branch_python_dop_operator_3.py
[2023-08-28 19:17:57,828] {processor.py:651} INFO - DAG(s) dict_keys(['example_branch_dop_operator_v3']) retrieved from /home/felipe/airflow/venv/lib/python3.9/site-packages/airflow/example_dags/example_branch_python_dop_operator_3.py
[2023-08-28 19:17:58,058] {logging_mixin.py:115} INFO - [2023-08-28 19:17:58,058] {dag.py:2379} INFO - Sync 1 DAGs
[2023-08-28 19:17:58,811] {logging_mixin.py:115} INFO - [2023-08-28 19:17:58,810] {dag.py:2927} INFO - Setting next_dagrun for example_branch_dop_operator_v3 to 2023-08-28T22:16:00+00:00, run_after=2023-08-28T22:17:00+00:00
[2023-08-28 19:17:59,008] {processor.py:161} INFO - Processing /home/felipe/airflow/venv/lib/python3.9/site-packages/airflow/example_dags/example_branch_python_dop_operator_3.py took 1.400 seconds
[2023-08-28 19:20:22,103] {processor.py:153} INFO - Started process (PID=13603) to work on /home/felipe/airflow/venv/lib/python3.9/site-packages/airflow/example_dags/example_branch_python_dop_operator_3.py
[2023-08-28 19:20:22,105] {processor.py:641} INFO - Processing file /home/felipe/airflow/venv/lib/python3.9/site-packages/airflow/example_dags/example_branch_python_dop_operator_3.py for tasks to queue
[2023-08-28 19:20:22,106] {logging_mixin.py:115} INFO - [2023-08-28 19:20:22,106] {dagbag.py:507} INFO - Filling up the DagBag from /home/felipe/airflow/venv/lib/python3.9/site-packages/airflow/example_dags/example_branch_python_dop_operator_3.py
[2023-08-28 19:20:22,151] {processor.py:651} INFO - DAG(s) dict_keys(['example_branch_dop_operator_v3']) retrieved from /home/felipe/airflow/venv/lib/python3.9/site-packages/airflow/example_dags/example_branch_python_dop_operator_3.py
[2023-08-28 19:20:22,229] {logging_mixin.py:115} INFO - [2023-08-28 19:20:22,229] {dag.py:2379} INFO - Sync 1 DAGs
[2023-08-28 19:20:22,361] {logging_mixin.py:115} INFO - [2023-08-28 19:20:22,360] {dag.py:2927} INFO - Setting next_dagrun for example_branch_dop_operator_v3 to 2023-08-28T22:19:00+00:00, run_after=2023-08-28T22:20:00+00:00
[2023-08-28 19:20:22,433] {processor.py:161} INFO - Processing /home/felipe/airflow/venv/lib/python3.9/site-packages/airflow/example_dags/example_branch_python_dop_operator_3.py took 0.345 seconds
[2023-08-28 19:22:09,703] {processor.py:153} INFO - Started process (PID=14606) to work on /home/felipe/airflow/venv/lib/python3.9/site-packages/airflow/example_dags/example_branch_python_dop_operator_3.py
[2023-08-28 19:22:09,706] {processor.py:641} INFO - Processing file /home/felipe/airflow/venv/lib/python3.9/site-packages/airflow/example_dags/example_branch_python_dop_operator_3.py for tasks to queue
[2023-08-28 19:22:09,709] {logging_mixin.py:115} INFO - [2023-08-28 19:22:09,708] {dagbag.py:507} INFO - Filling up the DagBag from /home/felipe/airflow/venv/lib/python3.9/site-packages/airflow/example_dags/example_branch_python_dop_operator_3.py
[2023-08-28 19:22:09,944] {processor.py:651} INFO - DAG(s) dict_keys(['example_branch_dop_operator_v3']) retrieved from /home/felipe/airflow/venv/lib/python3.9/site-packages/airflow/example_dags/example_branch_python_dop_operator_3.py
[2023-08-28 19:22:10,277] {logging_mixin.py:115} INFO - [2023-08-28 19:22:10,277] {dag.py:2379} INFO - Sync 1 DAGs
[2023-08-28 19:22:10,620] {logging_mixin.py:115} INFO - [2023-08-28 19:22:10,613] {dag.py:2927} INFO - Setting next_dagrun for example_branch_dop_operator_v3 to 2023-08-28T22:21:00+00:00, run_after=2023-08-28T22:22:00+00:00
[2023-08-28 19:22:10,738] {processor.py:161} INFO - Processing /home/felipe/airflow/venv/lib/python3.9/site-packages/airflow/example_dags/example_branch_python_dop_operator_3.py took 1.100 seconds
[2023-08-28 19:23:35,230] {processor.py:153} INFO - Started process (PID=15201) to work on /home/felipe/airflow/venv/lib/python3.9/site-packages/airflow/example_dags/example_branch_python_dop_operator_3.py
[2023-08-28 19:23:35,235] {processor.py:641} INFO - Processing file /home/felipe/airflow/venv/lib/python3.9/site-packages/airflow/example_dags/example_branch_python_dop_operator_3.py for tasks to queue
[2023-08-28 19:23:35,238] {logging_mixin.py:115} INFO - [2023-08-28 19:23:35,238] {dagbag.py:507} INFO - Filling up the DagBag from /home/felipe/airflow/venv/lib/python3.9/site-packages/airflow/example_dags/example_branch_python_dop_operator_3.py
[2023-08-28 19:23:35,382] {processor.py:651} INFO - DAG(s) dict_keys(['example_branch_dop_operator_v3']) retrieved from /home/felipe/airflow/venv/lib/python3.9/site-packages/airflow/example_dags/example_branch_python_dop_operator_3.py
[2023-08-28 19:23:35,571] {logging_mixin.py:115} INFO - [2023-08-28 19:23:35,570] {dag.py:2379} INFO - Sync 1 DAGs
[2023-08-28 19:23:35,956] {logging_mixin.py:115} INFO - [2023-08-28 19:23:35,956] {dag.py:2927} INFO - Setting next_dagrun for example_branch_dop_operator_v3 to 2023-08-28T22:22:00+00:00, run_after=2023-08-28T22:23:00+00:00
[2023-08-28 19:23:36,204] {processor.py:161} INFO - Processing /home/felipe/airflow/venv/lib/python3.9/site-packages/airflow/example_dags/example_branch_python_dop_operator_3.py took 1.031 seconds
[2023-08-28 19:24:35,899] {processor.py:153} INFO - Started process (PID=15482) to work on /home/felipe/airflow/venv/lib/python3.9/site-packages/airflow/example_dags/example_branch_python_dop_operator_3.py
[2023-08-28 19:24:35,901] {processor.py:641} INFO - Processing file /home/felipe/airflow/venv/lib/python3.9/site-packages/airflow/example_dags/example_branch_python_dop_operator_3.py for tasks to queue
[2023-08-28 19:24:35,903] {logging_mixin.py:115} INFO - [2023-08-28 19:24:35,903] {dagbag.py:507} INFO - Filling up the DagBag from /home/felipe/airflow/venv/lib/python3.9/site-packages/airflow/example_dags/example_branch_python_dop_operator_3.py
[2023-08-28 19:24:35,956] {processor.py:651} INFO - DAG(s) dict_keys(['example_branch_dop_operator_v3']) retrieved from /home/felipe/airflow/venv/lib/python3.9/site-packages/airflow/example_dags/example_branch_python_dop_operator_3.py
[2023-08-28 19:24:36,071] {logging_mixin.py:115} INFO - [2023-08-28 19:24:36,070] {dag.py:2379} INFO - Sync 1 DAGs
[2023-08-28 19:24:36,179] {logging_mixin.py:115} INFO - [2023-08-28 19:24:36,178] {dag.py:2927} INFO - Setting next_dagrun for example_branch_dop_operator_v3 to 2023-08-28T22:23:00+00:00, run_after=2023-08-28T22:24:00+00:00
[2023-08-28 19:24:36,268] {processor.py:161} INFO - Processing /home/felipe/airflow/venv/lib/python3.9/site-packages/airflow/example_dags/example_branch_python_dop_operator_3.py took 0.396 seconds
[2023-08-28 20:10:39,101] {processor.py:153} INFO - Started process (PID=26145) to work on /home/felipe/airflow/venv/lib/python3.9/site-packages/airflow/example_dags/example_branch_python_dop_operator_3.py
[2023-08-28 20:10:39,104] {processor.py:641} INFO - Processing file /home/felipe/airflow/venv/lib/python3.9/site-packages/airflow/example_dags/example_branch_python_dop_operator_3.py for tasks to queue
[2023-08-28 20:10:39,106] {logging_mixin.py:115} INFO - [2023-08-28 20:10:39,105] {dagbag.py:507} INFO - Filling up the DagBag from /home/felipe/airflow/venv/lib/python3.9/site-packages/airflow/example_dags/example_branch_python_dop_operator_3.py
[2023-08-28 20:10:39,146] {processor.py:651} INFO - DAG(s) dict_keys(['example_branch_dop_operator_v3']) retrieved from /home/felipe/airflow/venv/lib/python3.9/site-packages/airflow/example_dags/example_branch_python_dop_operator_3.py
[2023-08-28 20:10:39,202] {logging_mixin.py:115} INFO - [2023-08-28 20:10:39,202] {dag.py:2379} INFO - Sync 1 DAGs
[2023-08-28 20:10:39,283] {logging_mixin.py:115} INFO - [2023-08-28 20:10:39,282] {dag.py:2927} INFO - Setting next_dagrun for example_branch_dop_operator_v3 to 2023-08-28T23:09:00+00:00, run_after=2023-08-28T23:10:00+00:00
[2023-08-28 20:10:39,323] {processor.py:161} INFO - Processing /home/felipe/airflow/venv/lib/python3.9/site-packages/airflow/example_dags/example_branch_python_dop_operator_3.py took 0.232 seconds
[2023-08-28 20:14:23,990] {processor.py:153} INFO - Started process (PID=27231) to work on /home/felipe/airflow/venv/lib/python3.9/site-packages/airflow/example_dags/example_branch_python_dop_operator_3.py
[2023-08-28 20:14:23,992] {processor.py:641} INFO - Processing file /home/felipe/airflow/venv/lib/python3.9/site-packages/airflow/example_dags/example_branch_python_dop_operator_3.py for tasks to queue
[2023-08-28 20:14:23,998] {logging_mixin.py:115} INFO - [2023-08-28 20:14:23,997] {dagbag.py:507} INFO - Filling up the DagBag from /home/felipe/airflow/venv/lib/python3.9/site-packages/airflow/example_dags/example_branch_python_dop_operator_3.py
[2023-08-28 20:14:24,078] {processor.py:651} INFO - DAG(s) dict_keys(['example_branch_dop_operator_v3']) retrieved from /home/felipe/airflow/venv/lib/python3.9/site-packages/airflow/example_dags/example_branch_python_dop_operator_3.py
[2023-08-28 20:14:24,217] {logging_mixin.py:115} INFO - [2023-08-28 20:14:24,217] {dag.py:2379} INFO - Sync 1 DAGs
[2023-08-28 20:14:24,316] {logging_mixin.py:115} INFO - [2023-08-28 20:14:24,316] {dag.py:2927} INFO - Setting next_dagrun for example_branch_dop_operator_v3 to 2023-08-28T23:13:00+00:00, run_after=2023-08-28T23:14:00+00:00
[2023-08-28 20:14:24,355] {processor.py:161} INFO - Processing /home/felipe/airflow/venv/lib/python3.9/site-packages/airflow/example_dags/example_branch_python_dop_operator_3.py took 0.405 seconds
[2023-08-28 20:15:13,925] {processor.py:153} INFO - Started process (PID=27377) to work on /home/felipe/airflow/venv/lib/python3.9/site-packages/airflow/example_dags/example_branch_python_dop_operator_3.py
[2023-08-28 20:15:13,926] {processor.py:641} INFO - Processing file /home/felipe/airflow/venv/lib/python3.9/site-packages/airflow/example_dags/example_branch_python_dop_operator_3.py for tasks to queue
[2023-08-28 20:15:13,928] {logging_mixin.py:115} INFO - [2023-08-28 20:15:13,928] {dagbag.py:507} INFO - Filling up the DagBag from /home/felipe/airflow/venv/lib/python3.9/site-packages/airflow/example_dags/example_branch_python_dop_operator_3.py
[2023-08-28 20:15:13,960] {processor.py:651} INFO - DAG(s) dict_keys(['example_branch_dop_operator_v3']) retrieved from /home/felipe/airflow/venv/lib/python3.9/site-packages/airflow/example_dags/example_branch_python_dop_operator_3.py
[2023-08-28 20:15:14,004] {logging_mixin.py:115} INFO - [2023-08-28 20:15:14,004] {dag.py:2379} INFO - Sync 1 DAGs
[2023-08-28 20:15:14,068] {logging_mixin.py:115} INFO - [2023-08-28 20:15:14,068] {dag.py:2927} INFO - Setting next_dagrun for example_branch_dop_operator_v3 to 2023-08-28T23:14:00+00:00, run_after=2023-08-28T23:15:00+00:00
[2023-08-28 20:15:14,099] {processor.py:161} INFO - Processing /home/felipe/airflow/venv/lib/python3.9/site-packages/airflow/example_dags/example_branch_python_dop_operator_3.py took 0.186 seconds
[2023-08-28 20:16:11,964] {processor.py:153} INFO - Started process (PID=27731) to work on /home/felipe/airflow/venv/lib/python3.9/site-packages/airflow/example_dags/example_branch_python_dop_operator_3.py
[2023-08-28 20:16:11,968] {processor.py:641} INFO - Processing file /home/felipe/airflow/venv/lib/python3.9/site-packages/airflow/example_dags/example_branch_python_dop_operator_3.py for tasks to queue
[2023-08-28 20:16:11,970] {logging_mixin.py:115} INFO - [2023-08-28 20:16:11,969] {dagbag.py:507} INFO - Filling up the DagBag from /home/felipe/airflow/venv/lib/python3.9/site-packages/airflow/example_dags/example_branch_python_dop_operator_3.py
[2023-08-28 20:16:12,006] {processor.py:651} INFO - DAG(s) dict_keys(['example_branch_dop_operator_v3']) retrieved from /home/felipe/airflow/venv/lib/python3.9/site-packages/airflow/example_dags/example_branch_python_dop_operator_3.py
[2023-08-28 20:16:12,074] {logging_mixin.py:115} INFO - [2023-08-28 20:16:12,074] {dag.py:2379} INFO - Sync 1 DAGs
[2023-08-28 20:16:12,153] {logging_mixin.py:115} INFO - [2023-08-28 20:16:12,152] {dag.py:2927} INFO - Setting next_dagrun for example_branch_dop_operator_v3 to 2023-08-28T23:15:00+00:00, run_after=2023-08-28T23:16:00+00:00
[2023-08-28 20:16:12,197] {processor.py:161} INFO - Processing /home/felipe/airflow/venv/lib/python3.9/site-packages/airflow/example_dags/example_branch_python_dop_operator_3.py took 0.242 seconds
[2023-08-28 20:18:38,814] {processor.py:153} INFO - Started process (PID=29080) to work on /home/felipe/airflow/venv/lib/python3.9/site-packages/airflow/example_dags/example_branch_python_dop_operator_3.py
[2023-08-28 20:18:38,817] {processor.py:641} INFO - Processing file /home/felipe/airflow/venv/lib/python3.9/site-packages/airflow/example_dags/example_branch_python_dop_operator_3.py for tasks to queue
[2023-08-28 20:18:38,820] {logging_mixin.py:115} INFO - [2023-08-28 20:18:38,819] {dagbag.py:507} INFO - Filling up the DagBag from /home/felipe/airflow/venv/lib/python3.9/site-packages/airflow/example_dags/example_branch_python_dop_operator_3.py
[2023-08-28 20:18:38,890] {processor.py:651} INFO - DAG(s) dict_keys(['example_branch_dop_operator_v3']) retrieved from /home/felipe/airflow/venv/lib/python3.9/site-packages/airflow/example_dags/example_branch_python_dop_operator_3.py
[2023-08-28 20:18:39,018] {logging_mixin.py:115} INFO - [2023-08-28 20:18:39,018] {dag.py:2379} INFO - Sync 1 DAGs
[2023-08-28 20:18:39,235] {logging_mixin.py:115} INFO - [2023-08-28 20:18:39,234] {dag.py:2927} INFO - Setting next_dagrun for example_branch_dop_operator_v3 to 2023-08-28T23:17:00+00:00, run_after=2023-08-28T23:18:00+00:00
[2023-08-28 20:18:39,317] {processor.py:161} INFO - Processing /home/felipe/airflow/venv/lib/python3.9/site-packages/airflow/example_dags/example_branch_python_dop_operator_3.py took 0.533 seconds
[2023-08-28 20:19:53,527] {processor.py:153} INFO - Started process (PID=29640) to work on /home/felipe/airflow/venv/lib/python3.9/site-packages/airflow/example_dags/example_branch_python_dop_operator_3.py
[2023-08-28 20:19:53,529] {processor.py:641} INFO - Processing file /home/felipe/airflow/venv/lib/python3.9/site-packages/airflow/example_dags/example_branch_python_dop_operator_3.py for tasks to queue
[2023-08-28 20:19:53,530] {logging_mixin.py:115} INFO - [2023-08-28 20:19:53,530] {dagbag.py:507} INFO - Filling up the DagBag from /home/felipe/airflow/venv/lib/python3.9/site-packages/airflow/example_dags/example_branch_python_dop_operator_3.py
[2023-08-28 20:19:53,562] {processor.py:651} INFO - DAG(s) dict_keys(['example_branch_dop_operator_v3']) retrieved from /home/felipe/airflow/venv/lib/python3.9/site-packages/airflow/example_dags/example_branch_python_dop_operator_3.py
[2023-08-28 20:19:53,609] {logging_mixin.py:115} INFO - [2023-08-28 20:19:53,609] {dag.py:2379} INFO - Sync 1 DAGs
[2023-08-28 20:19:53,669] {logging_mixin.py:115} INFO - [2023-08-28 20:19:53,669] {dag.py:2927} INFO - Setting next_dagrun for example_branch_dop_operator_v3 to 2023-08-28T23:18:00+00:00, run_after=2023-08-28T23:19:00+00:00
[2023-08-28 20:19:53,701] {processor.py:161} INFO - Processing /home/felipe/airflow/venv/lib/python3.9/site-packages/airflow/example_dags/example_branch_python_dop_operator_3.py took 0.187 seconds
[2023-08-28 20:20:58,415] {processor.py:153} INFO - Started process (PID=29996) to work on /home/felipe/airflow/venv/lib/python3.9/site-packages/airflow/example_dags/example_branch_python_dop_operator_3.py
[2023-08-28 20:20:58,417] {processor.py:641} INFO - Processing file /home/felipe/airflow/venv/lib/python3.9/site-packages/airflow/example_dags/example_branch_python_dop_operator_3.py for tasks to queue
[2023-08-28 20:20:58,421] {logging_mixin.py:115} INFO - [2023-08-28 20:20:58,420] {dagbag.py:507} INFO - Filling up the DagBag from /home/felipe/airflow/venv/lib/python3.9/site-packages/airflow/example_dags/example_branch_python_dop_operator_3.py
[2023-08-28 20:20:58,553] {processor.py:651} INFO - DAG(s) dict_keys(['example_branch_dop_operator_v3']) retrieved from /home/felipe/airflow/venv/lib/python3.9/site-packages/airflow/example_dags/example_branch_python_dop_operator_3.py
[2023-08-28 20:20:58,699] {logging_mixin.py:115} INFO - [2023-08-28 20:20:58,699] {dag.py:2379} INFO - Sync 1 DAGs
[2023-08-28 20:20:58,897] {logging_mixin.py:115} INFO - [2023-08-28 20:20:58,897] {dag.py:2927} INFO - Setting next_dagrun for example_branch_dop_operator_v3 to 2023-08-28T23:19:00+00:00, run_after=2023-08-28T23:20:00+00:00
[2023-08-28 20:20:59,018] {processor.py:161} INFO - Processing /home/felipe/airflow/venv/lib/python3.9/site-packages/airflow/example_dags/example_branch_python_dop_operator_3.py took 0.637 seconds
[2023-08-28 20:23:19,388] {processor.py:153} INFO - Started process (PID=31296) to work on /home/felipe/airflow/venv/lib/python3.9/site-packages/airflow/example_dags/example_branch_python_dop_operator_3.py
[2023-08-28 20:23:19,390] {processor.py:641} INFO - Processing file /home/felipe/airflow/venv/lib/python3.9/site-packages/airflow/example_dags/example_branch_python_dop_operator_3.py for tasks to queue
[2023-08-28 20:23:19,392] {logging_mixin.py:115} INFO - [2023-08-28 20:23:19,392] {dagbag.py:507} INFO - Filling up the DagBag from /home/felipe/airflow/venv/lib/python3.9/site-packages/airflow/example_dags/example_branch_python_dop_operator_3.py
[2023-08-28 20:23:19,431] {processor.py:651} INFO - DAG(s) dict_keys(['example_branch_dop_operator_v3']) retrieved from /home/felipe/airflow/venv/lib/python3.9/site-packages/airflow/example_dags/example_branch_python_dop_operator_3.py
[2023-08-28 20:23:19,499] {logging_mixin.py:115} INFO - [2023-08-28 20:23:19,499] {dag.py:2379} INFO - Sync 1 DAGs
[2023-08-28 20:23:19,559] {logging_mixin.py:115} INFO - [2023-08-28 20:23:19,559] {dag.py:2927} INFO - Setting next_dagrun for example_branch_dop_operator_v3 to 2023-08-28T23:22:00+00:00, run_after=2023-08-28T23:23:00+00:00
[2023-08-28 20:23:19,592] {processor.py:161} INFO - Processing /home/felipe/airflow/venv/lib/python3.9/site-packages/airflow/example_dags/example_branch_python_dop_operator_3.py took 0.220 seconds
[2023-08-28 20:24:10,558] {processor.py:153} INFO - Started process (PID=31440) to work on /home/felipe/airflow/venv/lib/python3.9/site-packages/airflow/example_dags/example_branch_python_dop_operator_3.py
[2023-08-28 20:24:10,559] {processor.py:641} INFO - Processing file /home/felipe/airflow/venv/lib/python3.9/site-packages/airflow/example_dags/example_branch_python_dop_operator_3.py for tasks to queue
[2023-08-28 20:24:10,561] {logging_mixin.py:115} INFO - [2023-08-28 20:24:10,561] {dagbag.py:507} INFO - Filling up the DagBag from /home/felipe/airflow/venv/lib/python3.9/site-packages/airflow/example_dags/example_branch_python_dop_operator_3.py
[2023-08-28 20:24:10,599] {processor.py:651} INFO - DAG(s) dict_keys(['example_branch_dop_operator_v3']) retrieved from /home/felipe/airflow/venv/lib/python3.9/site-packages/airflow/example_dags/example_branch_python_dop_operator_3.py
[2023-08-28 20:24:10,667] {logging_mixin.py:115} INFO - [2023-08-28 20:24:10,666] {dag.py:2379} INFO - Sync 1 DAGs
[2023-08-28 20:24:10,729] {logging_mixin.py:115} INFO - [2023-08-28 20:24:10,728] {dag.py:2927} INFO - Setting next_dagrun for example_branch_dop_operator_v3 to 2023-08-28T23:23:00+00:00, run_after=2023-08-28T23:24:00+00:00
[2023-08-28 20:24:10,767] {processor.py:161} INFO - Processing /home/felipe/airflow/venv/lib/python3.9/site-packages/airflow/example_dags/example_branch_python_dop_operator_3.py took 0.224 seconds
[2023-08-28 20:25:12,148] {processor.py:153} INFO - Started process (PID=31891) to work on /home/felipe/airflow/venv/lib/python3.9/site-packages/airflow/example_dags/example_branch_python_dop_operator_3.py
[2023-08-28 20:25:12,150] {processor.py:641} INFO - Processing file /home/felipe/airflow/venv/lib/python3.9/site-packages/airflow/example_dags/example_branch_python_dop_operator_3.py for tasks to queue
[2023-08-28 20:25:12,152] {logging_mixin.py:115} INFO - [2023-08-28 20:25:12,152] {dagbag.py:507} INFO - Filling up the DagBag from /home/felipe/airflow/venv/lib/python3.9/site-packages/airflow/example_dags/example_branch_python_dop_operator_3.py
[2023-08-28 20:25:12,187] {processor.py:651} INFO - DAG(s) dict_keys(['example_branch_dop_operator_v3']) retrieved from /home/felipe/airflow/venv/lib/python3.9/site-packages/airflow/example_dags/example_branch_python_dop_operator_3.py
[2023-08-28 20:25:12,247] {logging_mixin.py:115} INFO - [2023-08-28 20:25:12,247] {dag.py:2379} INFO - Sync 1 DAGs
[2023-08-28 20:25:12,304] {logging_mixin.py:115} INFO - [2023-08-28 20:25:12,303] {dag.py:2927} INFO - Setting next_dagrun for example_branch_dop_operator_v3 to 2023-08-28T23:24:00+00:00, run_after=2023-08-28T23:25:00+00:00
[2023-08-28 20:25:12,340] {processor.py:161} INFO - Processing /home/felipe/airflow/venv/lib/python3.9/site-packages/airflow/example_dags/example_branch_python_dop_operator_3.py took 0.204 seconds
[2023-08-28 20:26:55,007] {processor.py:153} INFO - Started process (PID=32657) to work on /home/felipe/airflow/venv/lib/python3.9/site-packages/airflow/example_dags/example_branch_python_dop_operator_3.py
[2023-08-28 20:26:55,009] {processor.py:641} INFO - Processing file /home/felipe/airflow/venv/lib/python3.9/site-packages/airflow/example_dags/example_branch_python_dop_operator_3.py for tasks to queue
[2023-08-28 20:26:55,011] {logging_mixin.py:115} INFO - [2023-08-28 20:26:55,011] {dagbag.py:507} INFO - Filling up the DagBag from /home/felipe/airflow/venv/lib/python3.9/site-packages/airflow/example_dags/example_branch_python_dop_operator_3.py
[2023-08-28 20:26:55,046] {processor.py:651} INFO - DAG(s) dict_keys(['example_branch_dop_operator_v3']) retrieved from /home/felipe/airflow/venv/lib/python3.9/site-packages/airflow/example_dags/example_branch_python_dop_operator_3.py
[2023-08-28 20:26:55,112] {logging_mixin.py:115} INFO - [2023-08-28 20:26:55,112] {dag.py:2379} INFO - Sync 1 DAGs
[2023-08-28 20:26:55,174] {logging_mixin.py:115} INFO - [2023-08-28 20:26:55,173] {dag.py:2927} INFO - Setting next_dagrun for example_branch_dop_operator_v3 to 2023-08-28T23:25:00+00:00, run_after=2023-08-28T23:26:00+00:00
[2023-08-28 20:26:55,211] {processor.py:161} INFO - Processing /home/felipe/airflow/venv/lib/python3.9/site-packages/airflow/example_dags/example_branch_python_dop_operator_3.py took 0.219 seconds
[2023-08-28 20:29:19,182] {processor.py:153} INFO - Started process (PID=1301) to work on /home/felipe/airflow/venv/lib/python3.9/site-packages/airflow/example_dags/example_branch_python_dop_operator_3.py
[2023-08-28 20:29:19,194] {processor.py:641} INFO - Processing file /home/felipe/airflow/venv/lib/python3.9/site-packages/airflow/example_dags/example_branch_python_dop_operator_3.py for tasks to queue
[2023-08-28 20:29:19,197] {logging_mixin.py:115} INFO - [2023-08-28 20:29:19,197] {dagbag.py:507} INFO - Filling up the DagBag from /home/felipe/airflow/venv/lib/python3.9/site-packages/airflow/example_dags/example_branch_python_dop_operator_3.py
[2023-08-28 20:29:19,312] {processor.py:651} INFO - DAG(s) dict_keys(['example_branch_dop_operator_v3']) retrieved from /home/felipe/airflow/venv/lib/python3.9/site-packages/airflow/example_dags/example_branch_python_dop_operator_3.py
[2023-08-28 20:29:19,485] {logging_mixin.py:115} INFO - [2023-08-28 20:29:19,484] {dag.py:2379} INFO - Sync 1 DAGs
[2023-08-28 20:29:19,730] {logging_mixin.py:115} INFO - [2023-08-28 20:29:19,729] {dag.py:2927} INFO - Setting next_dagrun for example_branch_dop_operator_v3 to 2023-08-28T23:28:00+00:00, run_after=2023-08-28T23:29:00+00:00
[2023-08-28 20:29:19,866] {processor.py:161} INFO - Processing /home/felipe/airflow/venv/lib/python3.9/site-packages/airflow/example_dags/example_branch_python_dop_operator_3.py took 0.716 seconds
[2023-08-28 20:31:43,295] {processor.py:153} INFO - Started process (PID=2709) to work on /home/felipe/airflow/venv/lib/python3.9/site-packages/airflow/example_dags/example_branch_python_dop_operator_3.py
[2023-08-28 20:31:43,297] {processor.py:641} INFO - Processing file /home/felipe/airflow/venv/lib/python3.9/site-packages/airflow/example_dags/example_branch_python_dop_operator_3.py for tasks to queue
[2023-08-28 20:31:43,298] {logging_mixin.py:115} INFO - [2023-08-28 20:31:43,298] {dagbag.py:507} INFO - Filling up the DagBag from /home/felipe/airflow/venv/lib/python3.9/site-packages/airflow/example_dags/example_branch_python_dop_operator_3.py
[2023-08-28 20:31:43,334] {processor.py:651} INFO - DAG(s) dict_keys(['example_branch_dop_operator_v3']) retrieved from /home/felipe/airflow/venv/lib/python3.9/site-packages/airflow/example_dags/example_branch_python_dop_operator_3.py
[2023-08-28 20:31:43,397] {logging_mixin.py:115} INFO - [2023-08-28 20:31:43,397] {dag.py:2379} INFO - Sync 1 DAGs
[2023-08-28 20:31:43,459] {logging_mixin.py:115} INFO - [2023-08-28 20:31:43,458] {dag.py:2927} INFO - Setting next_dagrun for example_branch_dop_operator_v3 to 2023-08-28T23:30:00+00:00, run_after=2023-08-28T23:31:00+00:00
[2023-08-28 20:31:43,494] {processor.py:161} INFO - Processing /home/felipe/airflow/venv/lib/python3.9/site-packages/airflow/example_dags/example_branch_python_dop_operator_3.py took 0.208 seconds
[2023-08-28 20:32:42,828] {processor.py:153} INFO - Started process (PID=2965) to work on /home/felipe/airflow/venv/lib/python3.9/site-packages/airflow/example_dags/example_branch_python_dop_operator_3.py
[2023-08-28 20:32:42,831] {processor.py:641} INFO - Processing file /home/felipe/airflow/venv/lib/python3.9/site-packages/airflow/example_dags/example_branch_python_dop_operator_3.py for tasks to queue
[2023-08-28 20:32:42,836] {logging_mixin.py:115} INFO - [2023-08-28 20:32:42,833] {dagbag.py:507} INFO - Filling up the DagBag from /home/felipe/airflow/venv/lib/python3.9/site-packages/airflow/example_dags/example_branch_python_dop_operator_3.py
[2023-08-28 20:32:42,889] {processor.py:651} INFO - DAG(s) dict_keys(['example_branch_dop_operator_v3']) retrieved from /home/felipe/airflow/venv/lib/python3.9/site-packages/airflow/example_dags/example_branch_python_dop_operator_3.py
[2023-08-28 20:32:42,969] {logging_mixin.py:115} INFO - [2023-08-28 20:32:42,969] {dag.py:2379} INFO - Sync 1 DAGs
[2023-08-28 20:32:43,041] {logging_mixin.py:115} INFO - [2023-08-28 20:32:43,041] {dag.py:2927} INFO - Setting next_dagrun for example_branch_dop_operator_v3 to 2023-08-28T23:31:00+00:00, run_after=2023-08-28T23:32:00+00:00
[2023-08-28 20:32:43,106] {processor.py:161} INFO - Processing /home/felipe/airflow/venv/lib/python3.9/site-packages/airflow/example_dags/example_branch_python_dop_operator_3.py took 0.299 seconds
[2023-08-28 20:33:40,446] {processor.py:153} INFO - Started process (PID=3115) to work on /home/felipe/airflow/venv/lib/python3.9/site-packages/airflow/example_dags/example_branch_python_dop_operator_3.py
[2023-08-28 20:33:40,448] {processor.py:641} INFO - Processing file /home/felipe/airflow/venv/lib/python3.9/site-packages/airflow/example_dags/example_branch_python_dop_operator_3.py for tasks to queue
[2023-08-28 20:33:40,449] {logging_mixin.py:115} INFO - [2023-08-28 20:33:40,449] {dagbag.py:507} INFO - Filling up the DagBag from /home/felipe/airflow/venv/lib/python3.9/site-packages/airflow/example_dags/example_branch_python_dop_operator_3.py
[2023-08-28 20:33:40,500] {processor.py:651} INFO - DAG(s) dict_keys(['example_branch_dop_operator_v3']) retrieved from /home/felipe/airflow/venv/lib/python3.9/site-packages/airflow/example_dags/example_branch_python_dop_operator_3.py
[2023-08-28 20:33:40,608] {logging_mixin.py:115} INFO - [2023-08-28 20:33:40,608] {dag.py:2379} INFO - Sync 1 DAGs
[2023-08-28 20:33:40,688] {logging_mixin.py:115} INFO - [2023-08-28 20:33:40,688] {dag.py:2927} INFO - Setting next_dagrun for example_branch_dop_operator_v3 to 2023-08-28T23:32:00+00:00, run_after=2023-08-28T23:33:00+00:00
[2023-08-28 20:33:40,725] {processor.py:161} INFO - Processing /home/felipe/airflow/venv/lib/python3.9/site-packages/airflow/example_dags/example_branch_python_dop_operator_3.py took 0.295 seconds
[2023-08-28 20:34:31,132] {processor.py:153} INFO - Started process (PID=3261) to work on /home/felipe/airflow/venv/lib/python3.9/site-packages/airflow/example_dags/example_branch_python_dop_operator_3.py
[2023-08-28 20:34:31,134] {processor.py:641} INFO - Processing file /home/felipe/airflow/venv/lib/python3.9/site-packages/airflow/example_dags/example_branch_python_dop_operator_3.py for tasks to queue
[2023-08-28 20:34:31,135] {logging_mixin.py:115} INFO - [2023-08-28 20:34:31,135] {dagbag.py:507} INFO - Filling up the DagBag from /home/felipe/airflow/venv/lib/python3.9/site-packages/airflow/example_dags/example_branch_python_dop_operator_3.py
[2023-08-28 20:34:31,177] {processor.py:651} INFO - DAG(s) dict_keys(['example_branch_dop_operator_v3']) retrieved from /home/felipe/airflow/venv/lib/python3.9/site-packages/airflow/example_dags/example_branch_python_dop_operator_3.py
[2023-08-28 20:34:31,234] {logging_mixin.py:115} INFO - [2023-08-28 20:34:31,233] {dag.py:2379} INFO - Sync 1 DAGs
[2023-08-28 20:34:31,287] {logging_mixin.py:115} INFO - [2023-08-28 20:34:31,286] {dag.py:2927} INFO - Setting next_dagrun for example_branch_dop_operator_v3 to 2023-08-28T23:33:00+00:00, run_after=2023-08-28T23:34:00+00:00
[2023-08-28 20:34:31,321] {processor.py:161} INFO - Processing /home/felipe/airflow/venv/lib/python3.9/site-packages/airflow/example_dags/example_branch_python_dop_operator_3.py took 0.202 seconds
[2023-08-28 20:35:29,010] {processor.py:153} INFO - Started process (PID=3411) to work on /home/felipe/airflow/venv/lib/python3.9/site-packages/airflow/example_dags/example_branch_python_dop_operator_3.py
[2023-08-28 20:35:29,012] {processor.py:641} INFO - Processing file /home/felipe/airflow/venv/lib/python3.9/site-packages/airflow/example_dags/example_branch_python_dop_operator_3.py for tasks to queue
[2023-08-28 20:35:29,014] {logging_mixin.py:115} INFO - [2023-08-28 20:35:29,014] {dagbag.py:507} INFO - Filling up the DagBag from /home/felipe/airflow/venv/lib/python3.9/site-packages/airflow/example_dags/example_branch_python_dop_operator_3.py
[2023-08-28 20:35:29,049] {processor.py:651} INFO - DAG(s) dict_keys(['example_branch_dop_operator_v3']) retrieved from /home/felipe/airflow/venv/lib/python3.9/site-packages/airflow/example_dags/example_branch_python_dop_operator_3.py
[2023-08-28 20:35:29,105] {logging_mixin.py:115} INFO - [2023-08-28 20:35:29,104] {dag.py:2379} INFO - Sync 1 DAGs
[2023-08-28 20:35:29,159] {logging_mixin.py:115} INFO - [2023-08-28 20:35:29,159] {dag.py:2927} INFO - Setting next_dagrun for example_branch_dop_operator_v3 to 2023-08-28T23:34:00+00:00, run_after=2023-08-28T23:35:00+00:00
[2023-08-28 20:35:29,192] {processor.py:161} INFO - Processing /home/felipe/airflow/venv/lib/python3.9/site-packages/airflow/example_dags/example_branch_python_dop_operator_3.py took 0.198 seconds
[2023-08-28 20:36:18,637] {processor.py:153} INFO - Started process (PID=3555) to work on /home/felipe/airflow/venv/lib/python3.9/site-packages/airflow/example_dags/example_branch_python_dop_operator_3.py
[2023-08-28 20:36:18,639] {processor.py:641} INFO - Processing file /home/felipe/airflow/venv/lib/python3.9/site-packages/airflow/example_dags/example_branch_python_dop_operator_3.py for tasks to queue
[2023-08-28 20:36:18,640] {logging_mixin.py:115} INFO - [2023-08-28 20:36:18,640] {dagbag.py:507} INFO - Filling up the DagBag from /home/felipe/airflow/venv/lib/python3.9/site-packages/airflow/example_dags/example_branch_python_dop_operator_3.py
[2023-08-28 20:36:18,674] {processor.py:651} INFO - DAG(s) dict_keys(['example_branch_dop_operator_v3']) retrieved from /home/felipe/airflow/venv/lib/python3.9/site-packages/airflow/example_dags/example_branch_python_dop_operator_3.py
[2023-08-28 20:36:18,732] {logging_mixin.py:115} INFO - [2023-08-28 20:36:18,732] {dag.py:2379} INFO - Sync 1 DAGs
[2023-08-28 20:36:18,787] {logging_mixin.py:115} INFO - [2023-08-28 20:36:18,787] {dag.py:2927} INFO - Setting next_dagrun for example_branch_dop_operator_v3 to 2023-08-28T23:35:00+00:00, run_after=2023-08-28T23:36:00+00:00
[2023-08-28 20:36:18,819] {processor.py:161} INFO - Processing /home/felipe/airflow/venv/lib/python3.9/site-packages/airflow/example_dags/example_branch_python_dop_operator_3.py took 0.194 seconds
[2023-08-28 20:37:09,953] {processor.py:153} INFO - Started process (PID=3752) to work on /home/felipe/airflow/venv/lib/python3.9/site-packages/airflow/example_dags/example_branch_python_dop_operator_3.py
[2023-08-28 20:37:09,955] {processor.py:641} INFO - Processing file /home/felipe/airflow/venv/lib/python3.9/site-packages/airflow/example_dags/example_branch_python_dop_operator_3.py for tasks to queue
[2023-08-28 20:37:09,957] {logging_mixin.py:115} INFO - [2023-08-28 20:37:09,957] {dagbag.py:507} INFO - Filling up the DagBag from /home/felipe/airflow/venv/lib/python3.9/site-packages/airflow/example_dags/example_branch_python_dop_operator_3.py
[2023-08-28 20:37:10,023] {processor.py:651} INFO - DAG(s) dict_keys(['example_branch_dop_operator_v3']) retrieved from /home/felipe/airflow/venv/lib/python3.9/site-packages/airflow/example_dags/example_branch_python_dop_operator_3.py
[2023-08-28 20:37:10,090] {logging_mixin.py:115} INFO - [2023-08-28 20:37:10,090] {dag.py:2379} INFO - Sync 1 DAGs
[2023-08-28 20:37:10,201] {logging_mixin.py:115} INFO - [2023-08-28 20:37:10,201] {dag.py:2927} INFO - Setting next_dagrun for example_branch_dop_operator_v3 to 2023-08-28T23:36:00+00:00, run_after=2023-08-28T23:37:00+00:00
[2023-08-28 20:37:10,241] {processor.py:161} INFO - Processing /home/felipe/airflow/venv/lib/python3.9/site-packages/airflow/example_dags/example_branch_python_dop_operator_3.py took 0.304 seconds
[2023-08-28 20:38:08,604] {processor.py:153} INFO - Started process (PID=3900) to work on /home/felipe/airflow/venv/lib/python3.9/site-packages/airflow/example_dags/example_branch_python_dop_operator_3.py
[2023-08-28 20:38:08,607] {processor.py:641} INFO - Processing file /home/felipe/airflow/venv/lib/python3.9/site-packages/airflow/example_dags/example_branch_python_dop_operator_3.py for tasks to queue
[2023-08-28 20:38:08,612] {logging_mixin.py:115} INFO - [2023-08-28 20:38:08,612] {dagbag.py:507} INFO - Filling up the DagBag from /home/felipe/airflow/venv/lib/python3.9/site-packages/airflow/example_dags/example_branch_python_dop_operator_3.py
[2023-08-28 20:38:08,687] {processor.py:651} INFO - DAG(s) dict_keys(['example_branch_dop_operator_v3']) retrieved from /home/felipe/airflow/venv/lib/python3.9/site-packages/airflow/example_dags/example_branch_python_dop_operator_3.py
[2023-08-28 20:38:08,757] {logging_mixin.py:115} INFO - [2023-08-28 20:38:08,757] {dag.py:2379} INFO - Sync 1 DAGs
[2023-08-28 20:38:08,813] {logging_mixin.py:115} INFO - [2023-08-28 20:38:08,813] {dag.py:2927} INFO - Setting next_dagrun for example_branch_dop_operator_v3 to 2023-08-28T23:37:00+00:00, run_after=2023-08-28T23:38:00+00:00
[2023-08-28 20:38:08,848] {processor.py:161} INFO - Processing /home/felipe/airflow/venv/lib/python3.9/site-packages/airflow/example_dags/example_branch_python_dop_operator_3.py took 0.265 seconds
[2023-08-28 20:39:02,058] {processor.py:153} INFO - Started process (PID=4048) to work on /home/felipe/airflow/venv/lib/python3.9/site-packages/airflow/example_dags/example_branch_python_dop_operator_3.py
[2023-08-28 20:39:02,059] {processor.py:641} INFO - Processing file /home/felipe/airflow/venv/lib/python3.9/site-packages/airflow/example_dags/example_branch_python_dop_operator_3.py for tasks to queue
[2023-08-28 20:39:02,061] {logging_mixin.py:115} INFO - [2023-08-28 20:39:02,060] {dagbag.py:507} INFO - Filling up the DagBag from /home/felipe/airflow/venv/lib/python3.9/site-packages/airflow/example_dags/example_branch_python_dop_operator_3.py
[2023-08-28 20:39:02,107] {processor.py:651} INFO - DAG(s) dict_keys(['example_branch_dop_operator_v3']) retrieved from /home/felipe/airflow/venv/lib/python3.9/site-packages/airflow/example_dags/example_branch_python_dop_operator_3.py
[2023-08-28 20:39:02,153] {logging_mixin.py:115} INFO - [2023-08-28 20:39:02,153] {dag.py:2379} INFO - Sync 1 DAGs
[2023-08-28 20:39:02,205] {logging_mixin.py:115} INFO - [2023-08-28 20:39:02,204] {dag.py:2927} INFO - Setting next_dagrun for example_branch_dop_operator_v3 to 2023-08-28T23:38:00+00:00, run_after=2023-08-28T23:39:00+00:00
[2023-08-28 20:39:02,237] {processor.py:161} INFO - Processing /home/felipe/airflow/venv/lib/python3.9/site-packages/airflow/example_dags/example_branch_python_dop_operator_3.py took 0.191 seconds
[2023-08-28 20:40:35,403] {processor.py:153} INFO - Started process (PID=4750) to work on /home/felipe/airflow/venv/lib/python3.9/site-packages/airflow/example_dags/example_branch_python_dop_operator_3.py
[2023-08-28 20:40:35,405] {processor.py:641} INFO - Processing file /home/felipe/airflow/venv/lib/python3.9/site-packages/airflow/example_dags/example_branch_python_dop_operator_3.py for tasks to queue
[2023-08-28 20:40:35,412] {logging_mixin.py:115} INFO - [2023-08-28 20:40:35,410] {dagbag.py:507} INFO - Filling up the DagBag from /home/felipe/airflow/venv/lib/python3.9/site-packages/airflow/example_dags/example_branch_python_dop_operator_3.py
[2023-08-28 20:40:35,504] {processor.py:651} INFO - DAG(s) dict_keys(['example_branch_dop_operator_v3']) retrieved from /home/felipe/airflow/venv/lib/python3.9/site-packages/airflow/example_dags/example_branch_python_dop_operator_3.py
[2023-08-28 20:40:35,582] {logging_mixin.py:115} INFO - [2023-08-28 20:40:35,581] {dag.py:2379} INFO - Sync 1 DAGs
[2023-08-28 20:40:35,667] {logging_mixin.py:115} INFO - [2023-08-28 20:40:35,667] {dag.py:2927} INFO - Setting next_dagrun for example_branch_dop_operator_v3 to 2023-08-28T23:39:00+00:00, run_after=2023-08-28T23:40:00+00:00
[2023-08-28 20:40:35,712] {processor.py:161} INFO - Processing /home/felipe/airflow/venv/lib/python3.9/site-packages/airflow/example_dags/example_branch_python_dop_operator_3.py took 0.326 seconds
[2023-08-28 20:43:09,375] {processor.py:153} INFO - Started process (PID=6145) to work on /home/felipe/airflow/venv/lib/python3.9/site-packages/airflow/example_dags/example_branch_python_dop_operator_3.py
[2023-08-28 20:43:09,377] {processor.py:641} INFO - Processing file /home/felipe/airflow/venv/lib/python3.9/site-packages/airflow/example_dags/example_branch_python_dop_operator_3.py for tasks to queue
[2023-08-28 20:43:09,379] {logging_mixin.py:115} INFO - [2023-08-28 20:43:09,379] {dagbag.py:507} INFO - Filling up the DagBag from /home/felipe/airflow/venv/lib/python3.9/site-packages/airflow/example_dags/example_branch_python_dop_operator_3.py
[2023-08-28 20:43:09,430] {processor.py:651} INFO - DAG(s) dict_keys(['example_branch_dop_operator_v3']) retrieved from /home/felipe/airflow/venv/lib/python3.9/site-packages/airflow/example_dags/example_branch_python_dop_operator_3.py
[2023-08-28 20:43:09,504] {logging_mixin.py:115} INFO - [2023-08-28 20:43:09,502] {dag.py:2379} INFO - Sync 1 DAGs
[2023-08-28 20:43:09,581] {logging_mixin.py:115} INFO - [2023-08-28 20:43:09,581] {dag.py:2927} INFO - Setting next_dagrun for example_branch_dop_operator_v3 to 2023-08-28T23:42:00+00:00, run_after=2023-08-28T23:43:00+00:00
[2023-08-28 20:43:09,629] {processor.py:161} INFO - Processing /home/felipe/airflow/venv/lib/python3.9/site-packages/airflow/example_dags/example_branch_python_dop_operator_3.py took 0.270 seconds
