[2023-08-28 19:04:25,757] {processor.py:153} INFO - Started process (PID=8074) to work on /home/felipe/airflow/venv/lib/python3.9/site-packages/airflow/example_dags/example_skip_dag.py
[2023-08-28 19:04:25,760] {processor.py:641} INFO - Processing file /home/felipe/airflow/venv/lib/python3.9/site-packages/airflow/example_dags/example_skip_dag.py for tasks to queue
[2023-08-28 19:04:25,762] {logging_mixin.py:115} INFO - [2023-08-28 19:04:25,762] {dagbag.py:507} INFO - Filling up the DagBag from /home/felipe/airflow/venv/lib/python3.9/site-packages/airflow/example_dags/example_skip_dag.py
[2023-08-28 19:04:25,838] {processor.py:651} INFO - DAG(s) dict_keys(['example_skip_dag']) retrieved from /home/felipe/airflow/venv/lib/python3.9/site-packages/airflow/example_dags/example_skip_dag.py
[2023-08-28 19:04:26,260] {logging_mixin.py:115} INFO - [2023-08-28 19:04:26,260] {manager.py:508} INFO - Created Permission View: can delete on DAG:example_skip_dag
[2023-08-28 19:04:26,297] {logging_mixin.py:115} INFO - [2023-08-28 19:04:26,296] {manager.py:508} INFO - Created Permission View: can read on DAG:example_skip_dag
[2023-08-28 19:04:26,326] {logging_mixin.py:115} INFO - [2023-08-28 19:04:26,326] {manager.py:508} INFO - Created Permission View: can edit on DAG:example_skip_dag
[2023-08-28 19:04:26,327] {logging_mixin.py:115} INFO - [2023-08-28 19:04:26,327] {dag.py:2379} INFO - Sync 1 DAGs
[2023-08-28 19:04:26,357] {logging_mixin.py:115} INFO - [2023-08-28 19:04:26,357] {dag.py:2398} INFO - Creating ORM DAG for example_skip_dag
[2023-08-28 19:04:26,584] {logging_mixin.py:115} INFO - [2023-08-28 19:04:26,580] {dag.py:2927} INFO - Setting next_dagrun for example_skip_dag to 2023-08-27T22:04:26.576839+00:00, run_after=2023-08-28T22:04:26.576839+00:00
[2023-08-28 19:04:26,661] {processor.py:161} INFO - Processing /home/felipe/airflow/venv/lib/python3.9/site-packages/airflow/example_dags/example_skip_dag.py took 0.973 seconds
[2023-08-28 19:05:52,148] {processor.py:153} INFO - Started process (PID=8813) to work on /home/felipe/airflow/venv/lib/python3.9/site-packages/airflow/example_dags/example_skip_dag.py
[2023-08-28 19:05:52,151] {processor.py:641} INFO - Processing file /home/felipe/airflow/venv/lib/python3.9/site-packages/airflow/example_dags/example_skip_dag.py for tasks to queue
[2023-08-28 19:05:52,153] {logging_mixin.py:115} INFO - [2023-08-28 19:05:52,152] {dagbag.py:507} INFO - Filling up the DagBag from /home/felipe/airflow/venv/lib/python3.9/site-packages/airflow/example_dags/example_skip_dag.py
[2023-08-28 19:05:52,191] {processor.py:651} INFO - DAG(s) dict_keys(['example_skip_dag']) retrieved from /home/felipe/airflow/venv/lib/python3.9/site-packages/airflow/example_dags/example_skip_dag.py
[2023-08-28 19:05:52,306] {logging_mixin.py:115} INFO - [2023-08-28 19:05:52,305] {dag.py:2379} INFO - Sync 1 DAGs
[2023-08-28 19:05:52,407] {logging_mixin.py:115} INFO - [2023-08-28 19:05:52,407] {dag.py:2927} INFO - Setting next_dagrun for example_skip_dag to 2023-08-27T22:05:52.406563+00:00, run_after=2023-08-28T22:05:52.406563+00:00
[2023-08-28 19:05:52,487] {processor.py:161} INFO - Processing /home/felipe/airflow/venv/lib/python3.9/site-packages/airflow/example_dags/example_skip_dag.py took 0.366 seconds
[2023-08-28 19:08:01,637] {processor.py:153} INFO - Started process (PID=9929) to work on /home/felipe/airflow/venv/lib/python3.9/site-packages/airflow/example_dags/example_skip_dag.py
[2023-08-28 19:08:01,639] {processor.py:641} INFO - Processing file /home/felipe/airflow/venv/lib/python3.9/site-packages/airflow/example_dags/example_skip_dag.py for tasks to queue
[2023-08-28 19:08:01,647] {logging_mixin.py:115} INFO - [2023-08-28 19:08:01,646] {dagbag.py:507} INFO - Filling up the DagBag from /home/felipe/airflow/venv/lib/python3.9/site-packages/airflow/example_dags/example_skip_dag.py
[2023-08-28 19:08:01,702] {processor.py:651} INFO - DAG(s) dict_keys(['example_skip_dag']) retrieved from /home/felipe/airflow/venv/lib/python3.9/site-packages/airflow/example_dags/example_skip_dag.py
[2023-08-28 19:08:02,098] {logging_mixin.py:115} INFO - [2023-08-28 19:08:02,098] {dag.py:2379} INFO - Sync 1 DAGs
[2023-08-28 19:08:02,330] {logging_mixin.py:115} INFO - [2023-08-28 19:08:02,329] {dag.py:2927} INFO - Setting next_dagrun for example_skip_dag to 2023-08-27T22:08:02.321481+00:00, run_after=2023-08-28T22:08:02.321481+00:00
[2023-08-28 19:08:02,420] {processor.py:161} INFO - Processing /home/felipe/airflow/venv/lib/python3.9/site-packages/airflow/example_dags/example_skip_dag.py took 0.806 seconds
[2023-08-28 19:09:16,785] {processor.py:153} INFO - Started process (PID=10561) to work on /home/felipe/airflow/venv/lib/python3.9/site-packages/airflow/example_dags/example_skip_dag.py
[2023-08-28 19:09:16,790] {processor.py:641} INFO - Processing file /home/felipe/airflow/venv/lib/python3.9/site-packages/airflow/example_dags/example_skip_dag.py for tasks to queue
[2023-08-28 19:09:16,792] {logging_mixin.py:115} INFO - [2023-08-28 19:09:16,792] {dagbag.py:507} INFO - Filling up the DagBag from /home/felipe/airflow/venv/lib/python3.9/site-packages/airflow/example_dags/example_skip_dag.py
[2023-08-28 19:09:16,816] {processor.py:651} INFO - DAG(s) dict_keys(['example_skip_dag']) retrieved from /home/felipe/airflow/venv/lib/python3.9/site-packages/airflow/example_dags/example_skip_dag.py
[2023-08-28 19:09:16,894] {logging_mixin.py:115} INFO - [2023-08-28 19:09:16,894] {dag.py:2379} INFO - Sync 1 DAGs
[2023-08-28 19:09:16,947] {logging_mixin.py:115} INFO - [2023-08-28 19:09:16,947] {dag.py:2927} INFO - Setting next_dagrun for example_skip_dag to 2023-08-27T22:09:16.946585+00:00, run_after=2023-08-28T22:09:16.946585+00:00
[2023-08-28 19:09:16,992] {processor.py:161} INFO - Processing /home/felipe/airflow/venv/lib/python3.9/site-packages/airflow/example_dags/example_skip_dag.py took 0.219 seconds
[2023-08-28 19:10:12,001] {processor.py:153} INFO - Started process (PID=10905) to work on /home/felipe/airflow/venv/lib/python3.9/site-packages/airflow/example_dags/example_skip_dag.py
[2023-08-28 19:10:12,003] {processor.py:641} INFO - Processing file /home/felipe/airflow/venv/lib/python3.9/site-packages/airflow/example_dags/example_skip_dag.py for tasks to queue
[2023-08-28 19:10:12,015] {logging_mixin.py:115} INFO - [2023-08-28 19:10:12,015] {dagbag.py:507} INFO - Filling up the DagBag from /home/felipe/airflow/venv/lib/python3.9/site-packages/airflow/example_dags/example_skip_dag.py
[2023-08-28 19:10:12,051] {processor.py:651} INFO - DAG(s) dict_keys(['example_skip_dag']) retrieved from /home/felipe/airflow/venv/lib/python3.9/site-packages/airflow/example_dags/example_skip_dag.py
[2023-08-28 19:10:12,231] {logging_mixin.py:115} INFO - [2023-08-28 19:10:12,231] {dag.py:2379} INFO - Sync 1 DAGs
[2023-08-28 19:10:12,285] {logging_mixin.py:115} INFO - [2023-08-28 19:10:12,285] {dag.py:2927} INFO - Setting next_dagrun for example_skip_dag to 2023-08-27T22:10:12.283987+00:00, run_after=2023-08-28T22:10:12.283987+00:00
[2023-08-28 19:10:12,325] {processor.py:161} INFO - Processing /home/felipe/airflow/venv/lib/python3.9/site-packages/airflow/example_dags/example_skip_dag.py took 0.382 seconds
[2023-08-28 19:11:07,451] {processor.py:153} INFO - Started process (PID=11051) to work on /home/felipe/airflow/venv/lib/python3.9/site-packages/airflow/example_dags/example_skip_dag.py
[2023-08-28 19:11:07,454] {processor.py:641} INFO - Processing file /home/felipe/airflow/venv/lib/python3.9/site-packages/airflow/example_dags/example_skip_dag.py for tasks to queue
[2023-08-28 19:11:07,456] {logging_mixin.py:115} INFO - [2023-08-28 19:11:07,455] {dagbag.py:507} INFO - Filling up the DagBag from /home/felipe/airflow/venv/lib/python3.9/site-packages/airflow/example_dags/example_skip_dag.py
[2023-08-28 19:11:07,504] {processor.py:651} INFO - DAG(s) dict_keys(['example_skip_dag']) retrieved from /home/felipe/airflow/venv/lib/python3.9/site-packages/airflow/example_dags/example_skip_dag.py
[2023-08-28 19:11:07,617] {logging_mixin.py:115} INFO - [2023-08-28 19:11:07,617] {dag.py:2379} INFO - Sync 1 DAGs
[2023-08-28 19:11:07,671] {logging_mixin.py:115} INFO - [2023-08-28 19:11:07,671] {dag.py:2927} INFO - Setting next_dagrun for example_skip_dag to 2023-08-27T22:11:07.670747+00:00, run_after=2023-08-28T22:11:07.670747+00:00
[2023-08-28 19:11:07,722] {processor.py:161} INFO - Processing /home/felipe/airflow/venv/lib/python3.9/site-packages/airflow/example_dags/example_skip_dag.py took 0.302 seconds
[2023-08-28 19:11:47,921] {processor.py:153} INFO - Started process (PID=11184) to work on /home/felipe/airflow/venv/lib/python3.9/site-packages/airflow/example_dags/example_skip_dag.py
[2023-08-28 19:11:47,923] {processor.py:641} INFO - Processing file /home/felipe/airflow/venv/lib/python3.9/site-packages/airflow/example_dags/example_skip_dag.py for tasks to queue
[2023-08-28 19:11:47,924] {logging_mixin.py:115} INFO - [2023-08-28 19:11:47,924] {dagbag.py:507} INFO - Filling up the DagBag from /home/felipe/airflow/venv/lib/python3.9/site-packages/airflow/example_dags/example_skip_dag.py
[2023-08-28 19:11:47,961] {processor.py:651} INFO - DAG(s) dict_keys(['example_skip_dag']) retrieved from /home/felipe/airflow/venv/lib/python3.9/site-packages/airflow/example_dags/example_skip_dag.py
[2023-08-28 19:11:48,044] {logging_mixin.py:115} INFO - [2023-08-28 19:11:48,044] {dag.py:2379} INFO - Sync 1 DAGs
[2023-08-28 19:11:48,111] {logging_mixin.py:115} INFO - [2023-08-28 19:11:48,110] {dag.py:2927} INFO - Setting next_dagrun for example_skip_dag to 2023-08-27T22:11:48.109950+00:00, run_after=2023-08-28T22:11:48.109950+00:00
[2023-08-28 19:11:48,169] {processor.py:161} INFO - Processing /home/felipe/airflow/venv/lib/python3.9/site-packages/airflow/example_dags/example_skip_dag.py took 0.266 seconds
[2023-08-28 19:13:10,483] {processor.py:153} INFO - Started process (PID=11562) to work on /home/felipe/airflow/venv/lib/python3.9/site-packages/airflow/example_dags/example_skip_dag.py
[2023-08-28 19:13:10,485] {processor.py:641} INFO - Processing file /home/felipe/airflow/venv/lib/python3.9/site-packages/airflow/example_dags/example_skip_dag.py for tasks to queue
[2023-08-28 19:13:10,486] {logging_mixin.py:115} INFO - [2023-08-28 19:13:10,486] {dagbag.py:507} INFO - Filling up the DagBag from /home/felipe/airflow/venv/lib/python3.9/site-packages/airflow/example_dags/example_skip_dag.py
[2023-08-28 19:13:10,527] {processor.py:651} INFO - DAG(s) dict_keys(['example_skip_dag']) retrieved from /home/felipe/airflow/venv/lib/python3.9/site-packages/airflow/example_dags/example_skip_dag.py
[2023-08-28 19:13:10,765] {logging_mixin.py:115} INFO - [2023-08-28 19:13:10,765] {dag.py:2379} INFO - Sync 1 DAGs
[2023-08-28 19:13:10,971] {logging_mixin.py:115} INFO - [2023-08-28 19:13:10,970] {dag.py:2927} INFO - Setting next_dagrun for example_skip_dag to 2023-08-27T22:13:10.968952+00:00, run_after=2023-08-28T22:13:10.968952+00:00
[2023-08-28 19:13:11,140] {processor.py:161} INFO - Processing /home/felipe/airflow/venv/lib/python3.9/site-packages/airflow/example_dags/example_skip_dag.py took 0.689 seconds
[2023-08-28 19:14:15,334] {processor.py:153} INFO - Started process (PID=11999) to work on /home/felipe/airflow/venv/lib/python3.9/site-packages/airflow/example_dags/example_skip_dag.py
[2023-08-28 19:14:15,336] {processor.py:641} INFO - Processing file /home/felipe/airflow/venv/lib/python3.9/site-packages/airflow/example_dags/example_skip_dag.py for tasks to queue
[2023-08-28 19:14:15,348] {logging_mixin.py:115} INFO - [2023-08-28 19:14:15,340] {dagbag.py:507} INFO - Filling up the DagBag from /home/felipe/airflow/venv/lib/python3.9/site-packages/airflow/example_dags/example_skip_dag.py
[2023-08-28 19:14:15,435] {processor.py:651} INFO - DAG(s) dict_keys(['example_skip_dag']) retrieved from /home/felipe/airflow/venv/lib/python3.9/site-packages/airflow/example_dags/example_skip_dag.py
[2023-08-28 19:14:15,800] {logging_mixin.py:115} INFO - [2023-08-28 19:14:15,798] {dag.py:2379} INFO - Sync 1 DAGs
[2023-08-28 19:14:15,954] {logging_mixin.py:115} INFO - [2023-08-28 19:14:15,954] {dag.py:2927} INFO - Setting next_dagrun for example_skip_dag to 2023-08-27T22:14:15.953249+00:00, run_after=2023-08-28T22:14:15.953249+00:00
[2023-08-28 19:14:16,097] {processor.py:161} INFO - Processing /home/felipe/airflow/venv/lib/python3.9/site-packages/airflow/example_dags/example_skip_dag.py took 0.810 seconds
[2023-08-28 19:15:54,740] {processor.py:153} INFO - Started process (PID=12508) to work on /home/felipe/airflow/venv/lib/python3.9/site-packages/airflow/example_dags/example_skip_dag.py
[2023-08-28 19:15:54,745] {processor.py:641} INFO - Processing file /home/felipe/airflow/venv/lib/python3.9/site-packages/airflow/example_dags/example_skip_dag.py for tasks to queue
[2023-08-28 19:15:54,752] {logging_mixin.py:115} INFO - [2023-08-28 19:15:54,751] {dagbag.py:507} INFO - Filling up the DagBag from /home/felipe/airflow/venv/lib/python3.9/site-packages/airflow/example_dags/example_skip_dag.py
[2023-08-28 19:15:54,804] {processor.py:651} INFO - DAG(s) dict_keys(['example_skip_dag']) retrieved from /home/felipe/airflow/venv/lib/python3.9/site-packages/airflow/example_dags/example_skip_dag.py
[2023-08-28 19:15:54,930] {logging_mixin.py:115} INFO - [2023-08-28 19:15:54,929] {dag.py:2379} INFO - Sync 1 DAGs
[2023-08-28 19:15:55,059] {logging_mixin.py:115} INFO - [2023-08-28 19:15:55,059] {dag.py:2927} INFO - Setting next_dagrun for example_skip_dag to 2023-08-27T22:15:55.057802+00:00, run_after=2023-08-28T22:15:55.057802+00:00
[2023-08-28 19:15:55,147] {processor.py:161} INFO - Processing /home/felipe/airflow/venv/lib/python3.9/site-packages/airflow/example_dags/example_skip_dag.py took 0.437 seconds
[2023-08-28 19:16:58,704] {processor.py:153} INFO - Started process (PID=12652) to work on /home/felipe/airflow/venv/lib/python3.9/site-packages/airflow/example_dags/example_skip_dag.py
[2023-08-28 19:16:58,709] {processor.py:641} INFO - Processing file /home/felipe/airflow/venv/lib/python3.9/site-packages/airflow/example_dags/example_skip_dag.py for tasks to queue
[2023-08-28 19:16:58,711] {logging_mixin.py:115} INFO - [2023-08-28 19:16:58,711] {dagbag.py:507} INFO - Filling up the DagBag from /home/felipe/airflow/venv/lib/python3.9/site-packages/airflow/example_dags/example_skip_dag.py
[2023-08-28 19:16:58,823] {processor.py:651} INFO - DAG(s) dict_keys(['example_skip_dag']) retrieved from /home/felipe/airflow/venv/lib/python3.9/site-packages/airflow/example_dags/example_skip_dag.py
[2023-08-28 19:16:59,083] {logging_mixin.py:115} INFO - [2023-08-28 19:16:59,079] {dag.py:2379} INFO - Sync 1 DAGs
[2023-08-28 19:16:59,254] {logging_mixin.py:115} INFO - [2023-08-28 19:16:59,254] {dag.py:2927} INFO - Setting next_dagrun for example_skip_dag to 2023-08-27T22:16:59.252835+00:00, run_after=2023-08-28T22:16:59.252835+00:00
[2023-08-28 19:16:59,451] {processor.py:161} INFO - Processing /home/felipe/airflow/venv/lib/python3.9/site-packages/airflow/example_dags/example_skip_dag.py took 0.791 seconds
[2023-08-28 19:20:03,088] {processor.py:153} INFO - Started process (PID=13488) to work on /home/felipe/airflow/venv/lib/python3.9/site-packages/airflow/example_dags/example_skip_dag.py
[2023-08-28 19:20:03,092] {processor.py:641} INFO - Processing file /home/felipe/airflow/venv/lib/python3.9/site-packages/airflow/example_dags/example_skip_dag.py for tasks to queue
[2023-08-28 19:20:03,095] {logging_mixin.py:115} INFO - [2023-08-28 19:20:03,094] {dagbag.py:507} INFO - Filling up the DagBag from /home/felipe/airflow/venv/lib/python3.9/site-packages/airflow/example_dags/example_skip_dag.py
[2023-08-28 19:20:03,140] {processor.py:651} INFO - DAG(s) dict_keys(['example_skip_dag']) retrieved from /home/felipe/airflow/venv/lib/python3.9/site-packages/airflow/example_dags/example_skip_dag.py
[2023-08-28 19:20:03,260] {logging_mixin.py:115} INFO - [2023-08-28 19:20:03,259] {dag.py:2379} INFO - Sync 1 DAGs
[2023-08-28 19:20:03,390] {logging_mixin.py:115} INFO - [2023-08-28 19:20:03,389] {dag.py:2927} INFO - Setting next_dagrun for example_skip_dag to 2023-08-27T22:20:03.387894+00:00, run_after=2023-08-28T22:20:03.387894+00:00
[2023-08-28 19:20:03,453] {processor.py:161} INFO - Processing /home/felipe/airflow/venv/lib/python3.9/site-packages/airflow/example_dags/example_skip_dag.py took 0.390 seconds
[2023-08-28 19:21:35,904] {processor.py:153} INFO - Started process (PID=14386) to work on /home/felipe/airflow/venv/lib/python3.9/site-packages/airflow/example_dags/example_skip_dag.py
[2023-08-28 19:21:35,908] {processor.py:641} INFO - Processing file /home/felipe/airflow/venv/lib/python3.9/site-packages/airflow/example_dags/example_skip_dag.py for tasks to queue
[2023-08-28 19:21:35,910] {logging_mixin.py:115} INFO - [2023-08-28 19:21:35,909] {dagbag.py:507} INFO - Filling up the DagBag from /home/felipe/airflow/venv/lib/python3.9/site-packages/airflow/example_dags/example_skip_dag.py
[2023-08-28 19:21:35,931] {processor.py:651} INFO - DAG(s) dict_keys(['example_skip_dag']) retrieved from /home/felipe/airflow/venv/lib/python3.9/site-packages/airflow/example_dags/example_skip_dag.py
[2023-08-28 19:21:36,015] {logging_mixin.py:115} INFO - [2023-08-28 19:21:36,015] {dag.py:2379} INFO - Sync 1 DAGs
[2023-08-28 19:21:36,092] {logging_mixin.py:115} INFO - [2023-08-28 19:21:36,092] {dag.py:2927} INFO - Setting next_dagrun for example_skip_dag to 2023-08-27T22:21:36.088903+00:00, run_after=2023-08-28T22:21:36.088903+00:00
[2023-08-28 19:21:36,128] {processor.py:161} INFO - Processing /home/felipe/airflow/venv/lib/python3.9/site-packages/airflow/example_dags/example_skip_dag.py took 0.236 seconds
[2023-08-28 19:22:58,044] {processor.py:153} INFO - Started process (PID=14903) to work on /home/felipe/airflow/venv/lib/python3.9/site-packages/airflow/example_dags/example_skip_dag.py
[2023-08-28 19:22:58,047] {processor.py:641} INFO - Processing file /home/felipe/airflow/venv/lib/python3.9/site-packages/airflow/example_dags/example_skip_dag.py for tasks to queue
[2023-08-28 19:22:58,050] {logging_mixin.py:115} INFO - [2023-08-28 19:22:58,049] {dagbag.py:507} INFO - Filling up the DagBag from /home/felipe/airflow/venv/lib/python3.9/site-packages/airflow/example_dags/example_skip_dag.py
[2023-08-28 19:22:58,146] {processor.py:651} INFO - DAG(s) dict_keys(['example_skip_dag']) retrieved from /home/felipe/airflow/venv/lib/python3.9/site-packages/airflow/example_dags/example_skip_dag.py
[2023-08-28 19:22:58,338] {logging_mixin.py:115} INFO - [2023-08-28 19:22:58,333] {dag.py:2379} INFO - Sync 1 DAGs
[2023-08-28 19:22:58,530] {logging_mixin.py:115} INFO - [2023-08-28 19:22:58,529] {dag.py:2927} INFO - Setting next_dagrun for example_skip_dag to 2023-08-27T22:22:58.527175+00:00, run_after=2023-08-28T22:22:58.527175+00:00
[2023-08-28 19:22:58,629] {processor.py:161} INFO - Processing /home/felipe/airflow/venv/lib/python3.9/site-packages/airflow/example_dags/example_skip_dag.py took 0.630 seconds
[2023-08-28 19:24:06,729] {processor.py:153} INFO - Started process (PID=15349) to work on /home/felipe/airflow/venv/lib/python3.9/site-packages/airflow/example_dags/example_skip_dag.py
[2023-08-28 19:24:06,731] {processor.py:641} INFO - Processing file /home/felipe/airflow/venv/lib/python3.9/site-packages/airflow/example_dags/example_skip_dag.py for tasks to queue
[2023-08-28 19:24:06,736] {logging_mixin.py:115} INFO - [2023-08-28 19:24:06,736] {dagbag.py:507} INFO - Filling up the DagBag from /home/felipe/airflow/venv/lib/python3.9/site-packages/airflow/example_dags/example_skip_dag.py
[2023-08-28 19:24:06,765] {processor.py:651} INFO - DAG(s) dict_keys(['example_skip_dag']) retrieved from /home/felipe/airflow/venv/lib/python3.9/site-packages/airflow/example_dags/example_skip_dag.py
[2023-08-28 19:24:06,873] {logging_mixin.py:115} INFO - [2023-08-28 19:24:06,873] {dag.py:2379} INFO - Sync 1 DAGs
[2023-08-28 19:24:06,972] {logging_mixin.py:115} INFO - [2023-08-28 19:24:06,972] {dag.py:2927} INFO - Setting next_dagrun for example_skip_dag to 2023-08-27T22:24:06.971742+00:00, run_after=2023-08-28T22:24:06.971742+00:00
[2023-08-28 19:24:07,031] {processor.py:161} INFO - Processing /home/felipe/airflow/venv/lib/python3.9/site-packages/airflow/example_dags/example_skip_dag.py took 0.319 seconds
[2023-08-28 19:25:12,823] {processor.py:153} INFO - Started process (PID=15666) to work on /home/felipe/airflow/venv/lib/python3.9/site-packages/airflow/example_dags/example_skip_dag.py
[2023-08-28 19:25:12,825] {processor.py:641} INFO - Processing file /home/felipe/airflow/venv/lib/python3.9/site-packages/airflow/example_dags/example_skip_dag.py for tasks to queue
[2023-08-28 19:25:12,827] {logging_mixin.py:115} INFO - [2023-08-28 19:25:12,827] {dagbag.py:507} INFO - Filling up the DagBag from /home/felipe/airflow/venv/lib/python3.9/site-packages/airflow/example_dags/example_skip_dag.py
[2023-08-28 19:25:12,897] {processor.py:651} INFO - DAG(s) dict_keys(['example_skip_dag']) retrieved from /home/felipe/airflow/venv/lib/python3.9/site-packages/airflow/example_dags/example_skip_dag.py
[2023-08-28 19:25:13,147] {logging_mixin.py:115} INFO - [2023-08-28 19:25:13,147] {dag.py:2379} INFO - Sync 1 DAGs
[2023-08-28 19:25:13,674] {logging_mixin.py:115} INFO - [2023-08-28 19:25:13,674] {dag.py:2927} INFO - Setting next_dagrun for example_skip_dag to 2023-08-27T22:25:13.658393+00:00, run_after=2023-08-28T22:25:13.658393+00:00
[2023-08-28 19:25:14,057] {processor.py:161} INFO - Processing /home/felipe/airflow/venv/lib/python3.9/site-packages/airflow/example_dags/example_skip_dag.py took 1.351 seconds
[2023-08-28 19:27:10,214] {processor.py:153} INFO - Started process (PID=16717) to work on /home/felipe/airflow/venv/lib/python3.9/site-packages/airflow/example_dags/example_skip_dag.py
[2023-08-28 19:27:10,220] {processor.py:641} INFO - Processing file /home/felipe/airflow/venv/lib/python3.9/site-packages/airflow/example_dags/example_skip_dag.py for tasks to queue
[2023-08-28 19:27:10,225] {logging_mixin.py:115} INFO - [2023-08-28 19:27:10,225] {dagbag.py:507} INFO - Filling up the DagBag from /home/felipe/airflow/venv/lib/python3.9/site-packages/airflow/example_dags/example_skip_dag.py
[2023-08-28 19:27:10,273] {processor.py:651} INFO - DAG(s) dict_keys(['example_skip_dag']) retrieved from /home/felipe/airflow/venv/lib/python3.9/site-packages/airflow/example_dags/example_skip_dag.py
[2023-08-28 19:27:10,421] {logging_mixin.py:115} INFO - [2023-08-28 19:27:10,421] {dag.py:2379} INFO - Sync 1 DAGs
[2023-08-28 19:27:10,577] {logging_mixin.py:115} INFO - [2023-08-28 19:27:10,577] {dag.py:2927} INFO - Setting next_dagrun for example_skip_dag to 2023-08-27T22:27:10.575876+00:00, run_after=2023-08-28T22:27:10.575876+00:00
[2023-08-28 19:27:10,643] {processor.py:161} INFO - Processing /home/felipe/airflow/venv/lib/python3.9/site-packages/airflow/example_dags/example_skip_dag.py took 0.462 seconds
[2023-08-28 20:10:14,273] {processor.py:153} INFO - Started process (PID=25951) to work on /home/felipe/airflow/venv/lib/python3.9/site-packages/airflow/example_dags/example_skip_dag.py
[2023-08-28 20:10:14,276] {processor.py:641} INFO - Processing file /home/felipe/airflow/venv/lib/python3.9/site-packages/airflow/example_dags/example_skip_dag.py for tasks to queue
[2023-08-28 20:10:14,291] {logging_mixin.py:115} INFO - [2023-08-28 20:10:14,289] {dagbag.py:507} INFO - Filling up the DagBag from /home/felipe/airflow/venv/lib/python3.9/site-packages/airflow/example_dags/example_skip_dag.py
[2023-08-28 20:10:14,342] {processor.py:651} INFO - DAG(s) dict_keys(['example_skip_dag']) retrieved from /home/felipe/airflow/venv/lib/python3.9/site-packages/airflow/example_dags/example_skip_dag.py
[2023-08-28 20:10:14,505] {logging_mixin.py:115} INFO - [2023-08-28 20:10:14,505] {dag.py:2379} INFO - Sync 1 DAGs
[2023-08-28 20:10:14,592] {logging_mixin.py:115} INFO - [2023-08-28 20:10:14,592] {dag.py:2927} INFO - Setting next_dagrun for example_skip_dag to 2023-08-27T23:10:14.591568+00:00, run_after=2023-08-28T23:10:14.591568+00:00
[2023-08-28 20:10:14,802] {processor.py:161} INFO - Processing /home/felipe/airflow/venv/lib/python3.9/site-packages/airflow/example_dags/example_skip_dag.py took 0.548 seconds
[2023-08-28 20:11:22,453] {processor.py:153} INFO - Started process (PID=26274) to work on /home/felipe/airflow/venv/lib/python3.9/site-packages/airflow/example_dags/example_skip_dag.py
[2023-08-28 20:11:22,455] {processor.py:641} INFO - Processing file /home/felipe/airflow/venv/lib/python3.9/site-packages/airflow/example_dags/example_skip_dag.py for tasks to queue
[2023-08-28 20:11:22,457] {logging_mixin.py:115} INFO - [2023-08-28 20:11:22,457] {dagbag.py:507} INFO - Filling up the DagBag from /home/felipe/airflow/venv/lib/python3.9/site-packages/airflow/example_dags/example_skip_dag.py
[2023-08-28 20:11:22,523] {processor.py:651} INFO - DAG(s) dict_keys(['example_skip_dag']) retrieved from /home/felipe/airflow/venv/lib/python3.9/site-packages/airflow/example_dags/example_skip_dag.py
[2023-08-28 20:11:22,584] {logging_mixin.py:115} INFO - [2023-08-28 20:11:22,584] {dag.py:2379} INFO - Sync 1 DAGs
[2023-08-28 20:11:22,639] {logging_mixin.py:115} INFO - [2023-08-28 20:11:22,639] {dag.py:2927} INFO - Setting next_dagrun for example_skip_dag to 2023-08-27T23:11:22.638599+00:00, run_after=2023-08-28T23:11:22.638599+00:00
[2023-08-28 20:11:22,681] {processor.py:161} INFO - Processing /home/felipe/airflow/venv/lib/python3.9/site-packages/airflow/example_dags/example_skip_dag.py took 0.242 seconds
[2023-08-28 20:14:05,775] {processor.py:153} INFO - Started process (PID=27051) to work on /home/felipe/airflow/venv/lib/python3.9/site-packages/airflow/example_dags/example_skip_dag.py
[2023-08-28 20:14:05,778] {processor.py:641} INFO - Processing file /home/felipe/airflow/venv/lib/python3.9/site-packages/airflow/example_dags/example_skip_dag.py for tasks to queue
[2023-08-28 20:14:05,786] {logging_mixin.py:115} INFO - [2023-08-28 20:14:05,785] {dagbag.py:507} INFO - Filling up the DagBag from /home/felipe/airflow/venv/lib/python3.9/site-packages/airflow/example_dags/example_skip_dag.py
[2023-08-28 20:14:05,840] {processor.py:651} INFO - DAG(s) dict_keys(['example_skip_dag']) retrieved from /home/felipe/airflow/venv/lib/python3.9/site-packages/airflow/example_dags/example_skip_dag.py
[2023-08-28 20:14:05,989] {logging_mixin.py:115} INFO - [2023-08-28 20:14:05,988] {dag.py:2379} INFO - Sync 1 DAGs
[2023-08-28 20:14:06,138] {logging_mixin.py:115} INFO - [2023-08-28 20:14:06,138] {dag.py:2927} INFO - Setting next_dagrun for example_skip_dag to 2023-08-27T23:14:06.137007+00:00, run_after=2023-08-28T23:14:06.137007+00:00
[2023-08-28 20:14:06,225] {processor.py:161} INFO - Processing /home/felipe/airflow/venv/lib/python3.9/site-packages/airflow/example_dags/example_skip_dag.py took 0.480 seconds
[2023-08-28 20:14:56,417] {processor.py:153} INFO - Started process (PID=27257) to work on /home/felipe/airflow/venv/lib/python3.9/site-packages/airflow/example_dags/example_skip_dag.py
[2023-08-28 20:14:56,420] {processor.py:641} INFO - Processing file /home/felipe/airflow/venv/lib/python3.9/site-packages/airflow/example_dags/example_skip_dag.py for tasks to queue
[2023-08-28 20:14:56,421] {logging_mixin.py:115} INFO - [2023-08-28 20:14:56,421] {dagbag.py:507} INFO - Filling up the DagBag from /home/felipe/airflow/venv/lib/python3.9/site-packages/airflow/example_dags/example_skip_dag.py
[2023-08-28 20:14:56,440] {processor.py:651} INFO - DAG(s) dict_keys(['example_skip_dag']) retrieved from /home/felipe/airflow/venv/lib/python3.9/site-packages/airflow/example_dags/example_skip_dag.py
[2023-08-28 20:14:56,494] {logging_mixin.py:115} INFO - [2023-08-28 20:14:56,494] {dag.py:2379} INFO - Sync 1 DAGs
[2023-08-28 20:14:56,550] {logging_mixin.py:115} INFO - [2023-08-28 20:14:56,549] {dag.py:2927} INFO - Setting next_dagrun for example_skip_dag to 2023-08-27T23:14:56.549042+00:00, run_after=2023-08-28T23:14:56.549042+00:00
[2023-08-28 20:14:56,582] {processor.py:161} INFO - Processing /home/felipe/airflow/venv/lib/python3.9/site-packages/airflow/example_dags/example_skip_dag.py took 0.177 seconds
[2023-08-28 20:15:45,719] {processor.py:153} INFO - Started process (PID=27456) to work on /home/felipe/airflow/venv/lib/python3.9/site-packages/airflow/example_dags/example_skip_dag.py
[2023-08-28 20:15:45,729] {processor.py:641} INFO - Processing file /home/felipe/airflow/venv/lib/python3.9/site-packages/airflow/example_dags/example_skip_dag.py for tasks to queue
[2023-08-28 20:15:45,733] {logging_mixin.py:115} INFO - [2023-08-28 20:15:45,733] {dagbag.py:507} INFO - Filling up the DagBag from /home/felipe/airflow/venv/lib/python3.9/site-packages/airflow/example_dags/example_skip_dag.py
[2023-08-28 20:15:45,799] {processor.py:651} INFO - DAG(s) dict_keys(['example_skip_dag']) retrieved from /home/felipe/airflow/venv/lib/python3.9/site-packages/airflow/example_dags/example_skip_dag.py
[2023-08-28 20:15:45,999] {logging_mixin.py:115} INFO - [2023-08-28 20:15:45,999] {dag.py:2379} INFO - Sync 1 DAGs
[2023-08-28 20:15:46,211] {logging_mixin.py:115} INFO - [2023-08-28 20:15:46,211] {dag.py:2927} INFO - Setting next_dagrun for example_skip_dag to 2023-08-27T23:15:46.202328+00:00, run_after=2023-08-28T23:15:46.202328+00:00
[2023-08-28 20:15:46,319] {processor.py:161} INFO - Processing /home/felipe/airflow/venv/lib/python3.9/site-packages/airflow/example_dags/example_skip_dag.py took 0.640 seconds
[2023-08-28 20:17:34,497] {processor.py:153} INFO - Started process (PID=28375) to work on /home/felipe/airflow/venv/lib/python3.9/site-packages/airflow/example_dags/example_skip_dag.py
[2023-08-28 20:17:34,499] {processor.py:641} INFO - Processing file /home/felipe/airflow/venv/lib/python3.9/site-packages/airflow/example_dags/example_skip_dag.py for tasks to queue
[2023-08-28 20:17:34,501] {logging_mixin.py:115} INFO - [2023-08-28 20:17:34,501] {dagbag.py:507} INFO - Filling up the DagBag from /home/felipe/airflow/venv/lib/python3.9/site-packages/airflow/example_dags/example_skip_dag.py
[2023-08-28 20:17:34,523] {processor.py:651} INFO - DAG(s) dict_keys(['example_skip_dag']) retrieved from /home/felipe/airflow/venv/lib/python3.9/site-packages/airflow/example_dags/example_skip_dag.py
[2023-08-28 20:17:34,588] {logging_mixin.py:115} INFO - [2023-08-28 20:17:34,588] {dag.py:2379} INFO - Sync 1 DAGs
[2023-08-28 20:17:34,657] {logging_mixin.py:115} INFO - [2023-08-28 20:17:34,656] {dag.py:2927} INFO - Setting next_dagrun for example_skip_dag to 2023-08-27T23:17:34.655703+00:00, run_after=2023-08-28T23:17:34.655703+00:00
[2023-08-28 20:17:34,695] {processor.py:161} INFO - Processing /home/felipe/airflow/venv/lib/python3.9/site-packages/airflow/example_dags/example_skip_dag.py took 0.211 seconds
[2023-08-28 20:19:29,542] {processor.py:153} INFO - Started process (PID=29515) to work on /home/felipe/airflow/venv/lib/python3.9/site-packages/airflow/example_dags/example_skip_dag.py
[2023-08-28 20:19:29,544] {processor.py:641} INFO - Processing file /home/felipe/airflow/venv/lib/python3.9/site-packages/airflow/example_dags/example_skip_dag.py for tasks to queue
[2023-08-28 20:19:29,547] {logging_mixin.py:115} INFO - [2023-08-28 20:19:29,547] {dagbag.py:507} INFO - Filling up the DagBag from /home/felipe/airflow/venv/lib/python3.9/site-packages/airflow/example_dags/example_skip_dag.py
[2023-08-28 20:19:29,565] {processor.py:651} INFO - DAG(s) dict_keys(['example_skip_dag']) retrieved from /home/felipe/airflow/venv/lib/python3.9/site-packages/airflow/example_dags/example_skip_dag.py
[2023-08-28 20:19:29,615] {logging_mixin.py:115} INFO - [2023-08-28 20:19:29,615] {dag.py:2379} INFO - Sync 1 DAGs
[2023-08-28 20:19:29,663] {logging_mixin.py:115} INFO - [2023-08-28 20:19:29,663] {dag.py:2927} INFO - Setting next_dagrun for example_skip_dag to 2023-08-27T23:19:29.661260+00:00, run_after=2023-08-28T23:19:29.661260+00:00
[2023-08-28 20:19:29,697] {processor.py:161} INFO - Processing /home/felipe/airflow/venv/lib/python3.9/site-packages/airflow/example_dags/example_skip_dag.py took 0.167 seconds
[2023-08-28 20:20:16,837] {processor.py:153} INFO - Started process (PID=29658) to work on /home/felipe/airflow/venv/lib/python3.9/site-packages/airflow/example_dags/example_skip_dag.py
[2023-08-28 20:20:16,839] {processor.py:641} INFO - Processing file /home/felipe/airflow/venv/lib/python3.9/site-packages/airflow/example_dags/example_skip_dag.py for tasks to queue
[2023-08-28 20:20:16,840] {logging_mixin.py:115} INFO - [2023-08-28 20:20:16,840] {dagbag.py:507} INFO - Filling up the DagBag from /home/felipe/airflow/venv/lib/python3.9/site-packages/airflow/example_dags/example_skip_dag.py
[2023-08-28 20:20:16,860] {processor.py:651} INFO - DAG(s) dict_keys(['example_skip_dag']) retrieved from /home/felipe/airflow/venv/lib/python3.9/site-packages/airflow/example_dags/example_skip_dag.py
[2023-08-28 20:20:16,919] {logging_mixin.py:115} INFO - [2023-08-28 20:20:16,919] {dag.py:2379} INFO - Sync 1 DAGs
[2023-08-28 20:20:16,978] {logging_mixin.py:115} INFO - [2023-08-28 20:20:16,978] {dag.py:2927} INFO - Setting next_dagrun for example_skip_dag to 2023-08-27T23:20:16.977663+00:00, run_after=2023-08-28T23:20:16.977663+00:00
[2023-08-28 20:20:17,017] {processor.py:161} INFO - Processing /home/felipe/airflow/venv/lib/python3.9/site-packages/airflow/example_dags/example_skip_dag.py took 0.193 seconds
[2023-08-28 20:21:31,625] {processor.py:153} INFO - Started process (PID=30372) to work on /home/felipe/airflow/venv/lib/python3.9/site-packages/airflow/example_dags/example_skip_dag.py
[2023-08-28 20:21:31,627] {processor.py:641} INFO - Processing file /home/felipe/airflow/venv/lib/python3.9/site-packages/airflow/example_dags/example_skip_dag.py for tasks to queue
[2023-08-28 20:21:31,629] {logging_mixin.py:115} INFO - [2023-08-28 20:21:31,628] {dagbag.py:507} INFO - Filling up the DagBag from /home/felipe/airflow/venv/lib/python3.9/site-packages/airflow/example_dags/example_skip_dag.py
[2023-08-28 20:21:31,653] {processor.py:651} INFO - DAG(s) dict_keys(['example_skip_dag']) retrieved from /home/felipe/airflow/venv/lib/python3.9/site-packages/airflow/example_dags/example_skip_dag.py
[2023-08-28 20:21:31,726] {logging_mixin.py:115} INFO - [2023-08-28 20:21:31,726] {dag.py:2379} INFO - Sync 1 DAGs
[2023-08-28 20:21:31,786] {logging_mixin.py:115} INFO - [2023-08-28 20:21:31,786] {dag.py:2927} INFO - Setting next_dagrun for example_skip_dag to 2023-08-27T23:21:31.785870+00:00, run_after=2023-08-28T23:21:31.785870+00:00
[2023-08-28 20:21:31,822] {processor.py:161} INFO - Processing /home/felipe/airflow/venv/lib/python3.9/site-packages/airflow/example_dags/example_skip_dag.py took 0.211 seconds
[2023-08-28 20:23:13,897] {processor.py:153} INFO - Started process (PID=31292) to work on /home/felipe/airflow/venv/lib/python3.9/site-packages/airflow/example_dags/example_skip_dag.py
[2023-08-28 20:23:13,900] {processor.py:641} INFO - Processing file /home/felipe/airflow/venv/lib/python3.9/site-packages/airflow/example_dags/example_skip_dag.py for tasks to queue
[2023-08-28 20:23:13,904] {logging_mixin.py:115} INFO - [2023-08-28 20:23:13,903] {dagbag.py:507} INFO - Filling up the DagBag from /home/felipe/airflow/venv/lib/python3.9/site-packages/airflow/example_dags/example_skip_dag.py
[2023-08-28 20:23:13,929] {processor.py:651} INFO - DAG(s) dict_keys(['example_skip_dag']) retrieved from /home/felipe/airflow/venv/lib/python3.9/site-packages/airflow/example_dags/example_skip_dag.py
[2023-08-28 20:23:13,998] {logging_mixin.py:115} INFO - [2023-08-28 20:23:13,997] {dag.py:2379} INFO - Sync 1 DAGs
[2023-08-28 20:23:14,064] {logging_mixin.py:115} INFO - [2023-08-28 20:23:14,064] {dag.py:2927} INFO - Setting next_dagrun for example_skip_dag to 2023-08-27T23:23:14.063898+00:00, run_after=2023-08-28T23:23:14.063898+00:00
[2023-08-28 20:23:14,104] {processor.py:161} INFO - Processing /home/felipe/airflow/venv/lib/python3.9/site-packages/airflow/example_dags/example_skip_dag.py took 0.220 seconds
[2023-08-28 20:24:01,547] {processor.py:153} INFO - Started process (PID=31434) to work on /home/felipe/airflow/venv/lib/python3.9/site-packages/airflow/example_dags/example_skip_dag.py
[2023-08-28 20:24:01,550] {processor.py:641} INFO - Processing file /home/felipe/airflow/venv/lib/python3.9/site-packages/airflow/example_dags/example_skip_dag.py for tasks to queue
[2023-08-28 20:24:01,552] {logging_mixin.py:115} INFO - [2023-08-28 20:24:01,552] {dagbag.py:507} INFO - Filling up the DagBag from /home/felipe/airflow/venv/lib/python3.9/site-packages/airflow/example_dags/example_skip_dag.py
[2023-08-28 20:24:01,579] {processor.py:651} INFO - DAG(s) dict_keys(['example_skip_dag']) retrieved from /home/felipe/airflow/venv/lib/python3.9/site-packages/airflow/example_dags/example_skip_dag.py
[2023-08-28 20:24:01,635] {logging_mixin.py:115} INFO - [2023-08-28 20:24:01,635] {dag.py:2379} INFO - Sync 1 DAGs
[2023-08-28 20:24:01,685] {logging_mixin.py:115} INFO - [2023-08-28 20:24:01,685] {dag.py:2927} INFO - Setting next_dagrun for example_skip_dag to 2023-08-27T23:24:01.684753+00:00, run_after=2023-08-28T23:24:01.684753+00:00
[2023-08-28 20:24:01,718] {processor.py:161} INFO - Processing /home/felipe/airflow/venv/lib/python3.9/site-packages/airflow/example_dags/example_skip_dag.py took 0.190 seconds
[2023-08-28 20:25:06,671] {processor.py:153} INFO - Started process (PID=31887) to work on /home/felipe/airflow/venv/lib/python3.9/site-packages/airflow/example_dags/example_skip_dag.py
[2023-08-28 20:25:06,674] {processor.py:641} INFO - Processing file /home/felipe/airflow/venv/lib/python3.9/site-packages/airflow/example_dags/example_skip_dag.py for tasks to queue
[2023-08-28 20:25:06,675] {logging_mixin.py:115} INFO - [2023-08-28 20:25:06,675] {dagbag.py:507} INFO - Filling up the DagBag from /home/felipe/airflow/venv/lib/python3.9/site-packages/airflow/example_dags/example_skip_dag.py
[2023-08-28 20:25:06,693] {processor.py:651} INFO - DAG(s) dict_keys(['example_skip_dag']) retrieved from /home/felipe/airflow/venv/lib/python3.9/site-packages/airflow/example_dags/example_skip_dag.py
[2023-08-28 20:25:06,739] {logging_mixin.py:115} INFO - [2023-08-28 20:25:06,738] {dag.py:2379} INFO - Sync 1 DAGs
[2023-08-28 20:25:06,794] {logging_mixin.py:115} INFO - [2023-08-28 20:25:06,794] {dag.py:2927} INFO - Setting next_dagrun for example_skip_dag to 2023-08-27T23:25:06.793751+00:00, run_after=2023-08-28T23:25:06.793751+00:00
[2023-08-28 20:25:06,827] {processor.py:161} INFO - Processing /home/felipe/airflow/venv/lib/python3.9/site-packages/airflow/example_dags/example_skip_dag.py took 0.168 seconds
[2023-08-28 20:26:51,086] {processor.py:153} INFO - Started process (PID=32653) to work on /home/felipe/airflow/venv/lib/python3.9/site-packages/airflow/example_dags/example_skip_dag.py
[2023-08-28 20:26:51,088] {processor.py:641} INFO - Processing file /home/felipe/airflow/venv/lib/python3.9/site-packages/airflow/example_dags/example_skip_dag.py for tasks to queue
[2023-08-28 20:26:51,090] {logging_mixin.py:115} INFO - [2023-08-28 20:26:51,089] {dagbag.py:507} INFO - Filling up the DagBag from /home/felipe/airflow/venv/lib/python3.9/site-packages/airflow/example_dags/example_skip_dag.py
[2023-08-28 20:26:51,121] {processor.py:651} INFO - DAG(s) dict_keys(['example_skip_dag']) retrieved from /home/felipe/airflow/venv/lib/python3.9/site-packages/airflow/example_dags/example_skip_dag.py
[2023-08-28 20:26:51,198] {logging_mixin.py:115} INFO - [2023-08-28 20:26:51,198] {dag.py:2379} INFO - Sync 1 DAGs
[2023-08-28 20:26:51,271] {logging_mixin.py:115} INFO - [2023-08-28 20:26:51,271] {dag.py:2927} INFO - Setting next_dagrun for example_skip_dag to 2023-08-27T23:26:51.270255+00:00, run_after=2023-08-28T23:26:51.270255+00:00
[2023-08-28 20:26:51,321] {processor.py:161} INFO - Processing /home/felipe/airflow/venv/lib/python3.9/site-packages/airflow/example_dags/example_skip_dag.py took 0.253 seconds
[2023-08-28 20:28:54,909] {processor.py:153} INFO - Started process (PID=1037) to work on /home/felipe/airflow/venv/lib/python3.9/site-packages/airflow/example_dags/example_skip_dag.py
[2023-08-28 20:28:54,919] {processor.py:641} INFO - Processing file /home/felipe/airflow/venv/lib/python3.9/site-packages/airflow/example_dags/example_skip_dag.py for tasks to queue
[2023-08-28 20:28:54,922] {logging_mixin.py:115} INFO - [2023-08-28 20:28:54,921] {dagbag.py:507} INFO - Filling up the DagBag from /home/felipe/airflow/venv/lib/python3.9/site-packages/airflow/example_dags/example_skip_dag.py
[2023-08-28 20:28:54,970] {processor.py:651} INFO - DAG(s) dict_keys(['example_skip_dag']) retrieved from /home/felipe/airflow/venv/lib/python3.9/site-packages/airflow/example_dags/example_skip_dag.py
[2023-08-28 20:28:55,120] {logging_mixin.py:115} INFO - [2023-08-28 20:28:55,120] {dag.py:2379} INFO - Sync 1 DAGs
[2023-08-28 20:28:55,197] {logging_mixin.py:115} INFO - [2023-08-28 20:28:55,197] {dag.py:2927} INFO - Setting next_dagrun for example_skip_dag to 2023-08-27T23:28:55.193275+00:00, run_after=2023-08-28T23:28:55.193275+00:00
[2023-08-28 20:28:55,253] {processor.py:161} INFO - Processing /home/felipe/airflow/venv/lib/python3.9/site-packages/airflow/example_dags/example_skip_dag.py took 0.369 seconds
[2023-08-28 20:31:06,537] {processor.py:153} INFO - Started process (PID=2524) to work on /home/felipe/airflow/venv/lib/python3.9/site-packages/airflow/example_dags/example_skip_dag.py
[2023-08-28 20:31:06,540] {processor.py:641} INFO - Processing file /home/felipe/airflow/venv/lib/python3.9/site-packages/airflow/example_dags/example_skip_dag.py for tasks to queue
[2023-08-28 20:31:06,542] {logging_mixin.py:115} INFO - [2023-08-28 20:31:06,541] {dagbag.py:507} INFO - Filling up the DagBag from /home/felipe/airflow/venv/lib/python3.9/site-packages/airflow/example_dags/example_skip_dag.py
[2023-08-28 20:31:06,568] {processor.py:651} INFO - DAG(s) dict_keys(['example_skip_dag']) retrieved from /home/felipe/airflow/venv/lib/python3.9/site-packages/airflow/example_dags/example_skip_dag.py
[2023-08-28 20:31:06,641] {logging_mixin.py:115} INFO - [2023-08-28 20:31:06,641] {dag.py:2379} INFO - Sync 1 DAGs
[2023-08-28 20:31:06,684] {logging_mixin.py:115} INFO - [2023-08-28 20:31:06,684] {dag.py:2927} INFO - Setting next_dagrun for example_skip_dag to 2023-08-27T23:31:06.683810+00:00, run_after=2023-08-28T23:31:06.683810+00:00
[2023-08-28 20:31:06,717] {processor.py:161} INFO - Processing /home/felipe/airflow/venv/lib/python3.9/site-packages/airflow/example_dags/example_skip_dag.py took 0.198 seconds
[2023-08-28 20:32:04,420] {processor.py:153} INFO - Started process (PID=2776) to work on /home/felipe/airflow/venv/lib/python3.9/site-packages/airflow/example_dags/example_skip_dag.py
[2023-08-28 20:32:04,422] {processor.py:641} INFO - Processing file /home/felipe/airflow/venv/lib/python3.9/site-packages/airflow/example_dags/example_skip_dag.py for tasks to queue
[2023-08-28 20:32:04,423] {logging_mixin.py:115} INFO - [2023-08-28 20:32:04,423] {dagbag.py:507} INFO - Filling up the DagBag from /home/felipe/airflow/venv/lib/python3.9/site-packages/airflow/example_dags/example_skip_dag.py
[2023-08-28 20:32:04,453] {processor.py:651} INFO - DAG(s) dict_keys(['example_skip_dag']) retrieved from /home/felipe/airflow/venv/lib/python3.9/site-packages/airflow/example_dags/example_skip_dag.py
[2023-08-28 20:32:04,557] {logging_mixin.py:115} INFO - [2023-08-28 20:32:04,557] {dag.py:2379} INFO - Sync 1 DAGs
[2023-08-28 20:32:04,631] {logging_mixin.py:115} INFO - [2023-08-28 20:32:04,630] {dag.py:2927} INFO - Setting next_dagrun for example_skip_dag to 2023-08-27T23:32:04.629822+00:00, run_after=2023-08-28T23:32:04.629822+00:00
[2023-08-28 20:32:04,680] {processor.py:161} INFO - Processing /home/felipe/airflow/venv/lib/python3.9/site-packages/airflow/example_dags/example_skip_dag.py took 0.278 seconds
[2023-08-28 20:33:04,649] {processor.py:153} INFO - Started process (PID=2985) to work on /home/felipe/airflow/venv/lib/python3.9/site-packages/airflow/example_dags/example_skip_dag.py
[2023-08-28 20:33:04,651] {processor.py:641} INFO - Processing file /home/felipe/airflow/venv/lib/python3.9/site-packages/airflow/example_dags/example_skip_dag.py for tasks to queue
[2023-08-28 20:33:04,653] {logging_mixin.py:115} INFO - [2023-08-28 20:33:04,653] {dagbag.py:507} INFO - Filling up the DagBag from /home/felipe/airflow/venv/lib/python3.9/site-packages/airflow/example_dags/example_skip_dag.py
[2023-08-28 20:33:04,677] {processor.py:651} INFO - DAG(s) dict_keys(['example_skip_dag']) retrieved from /home/felipe/airflow/venv/lib/python3.9/site-packages/airflow/example_dags/example_skip_dag.py
[2023-08-28 20:33:04,762] {logging_mixin.py:115} INFO - [2023-08-28 20:33:04,761] {dag.py:2379} INFO - Sync 1 DAGs
[2023-08-28 20:33:04,808] {logging_mixin.py:115} INFO - [2023-08-28 20:33:04,808] {dag.py:2927} INFO - Setting next_dagrun for example_skip_dag to 2023-08-27T23:33:04.807700+00:00, run_after=2023-08-28T23:33:04.807700+00:00
[2023-08-28 20:33:04,843] {processor.py:161} INFO - Processing /home/felipe/airflow/venv/lib/python3.9/site-packages/airflow/example_dags/example_skip_dag.py took 0.211 seconds
[2023-08-28 20:33:56,975] {processor.py:153} INFO - Started process (PID=3132) to work on /home/felipe/airflow/venv/lib/python3.9/site-packages/airflow/example_dags/example_skip_dag.py
[2023-08-28 20:33:56,977] {processor.py:641} INFO - Processing file /home/felipe/airflow/venv/lib/python3.9/site-packages/airflow/example_dags/example_skip_dag.py for tasks to queue
[2023-08-28 20:33:56,978] {logging_mixin.py:115} INFO - [2023-08-28 20:33:56,978] {dagbag.py:507} INFO - Filling up the DagBag from /home/felipe/airflow/venv/lib/python3.9/site-packages/airflow/example_dags/example_skip_dag.py
[2023-08-28 20:33:56,999] {processor.py:651} INFO - DAG(s) dict_keys(['example_skip_dag']) retrieved from /home/felipe/airflow/venv/lib/python3.9/site-packages/airflow/example_dags/example_skip_dag.py
[2023-08-28 20:33:57,067] {logging_mixin.py:115} INFO - [2023-08-28 20:33:57,067] {dag.py:2379} INFO - Sync 1 DAGs
[2023-08-28 20:33:57,117] {logging_mixin.py:115} INFO - [2023-08-28 20:33:57,117] {dag.py:2927} INFO - Setting next_dagrun for example_skip_dag to 2023-08-27T23:33:57.116210+00:00, run_after=2023-08-28T23:33:57.116210+00:00
[2023-08-28 20:33:57,155] {processor.py:161} INFO - Processing /home/felipe/airflow/venv/lib/python3.9/site-packages/airflow/example_dags/example_skip_dag.py took 0.193 seconds
[2023-08-28 20:34:52,729] {processor.py:153} INFO - Started process (PID=3280) to work on /home/felipe/airflow/venv/lib/python3.9/site-packages/airflow/example_dags/example_skip_dag.py
[2023-08-28 20:34:52,730] {processor.py:641} INFO - Processing file /home/felipe/airflow/venv/lib/python3.9/site-packages/airflow/example_dags/example_skip_dag.py for tasks to queue
[2023-08-28 20:34:52,734] {logging_mixin.py:115} INFO - [2023-08-28 20:34:52,734] {dagbag.py:507} INFO - Filling up the DagBag from /home/felipe/airflow/venv/lib/python3.9/site-packages/airflow/example_dags/example_skip_dag.py
[2023-08-28 20:34:52,753] {processor.py:651} INFO - DAG(s) dict_keys(['example_skip_dag']) retrieved from /home/felipe/airflow/venv/lib/python3.9/site-packages/airflow/example_dags/example_skip_dag.py
[2023-08-28 20:34:52,823] {logging_mixin.py:115} INFO - [2023-08-28 20:34:52,823] {dag.py:2379} INFO - Sync 1 DAGs
[2023-08-28 20:34:52,880] {logging_mixin.py:115} INFO - [2023-08-28 20:34:52,880] {dag.py:2927} INFO - Setting next_dagrun for example_skip_dag to 2023-08-27T23:34:52.879990+00:00, run_after=2023-08-28T23:34:52.879990+00:00
[2023-08-28 20:34:52,923] {processor.py:161} INFO - Processing /home/felipe/airflow/venv/lib/python3.9/site-packages/airflow/example_dags/example_skip_dag.py took 0.205 seconds
[2023-08-28 20:35:47,764] {processor.py:153} INFO - Started process (PID=3428) to work on /home/felipe/airflow/venv/lib/python3.9/site-packages/airflow/example_dags/example_skip_dag.py
[2023-08-28 20:35:47,766] {processor.py:641} INFO - Processing file /home/felipe/airflow/venv/lib/python3.9/site-packages/airflow/example_dags/example_skip_dag.py for tasks to queue
[2023-08-28 20:35:47,768] {logging_mixin.py:115} INFO - [2023-08-28 20:35:47,768] {dagbag.py:507} INFO - Filling up the DagBag from /home/felipe/airflow/venv/lib/python3.9/site-packages/airflow/example_dags/example_skip_dag.py
[2023-08-28 20:35:47,786] {processor.py:651} INFO - DAG(s) dict_keys(['example_skip_dag']) retrieved from /home/felipe/airflow/venv/lib/python3.9/site-packages/airflow/example_dags/example_skip_dag.py
[2023-08-28 20:35:47,845] {logging_mixin.py:115} INFO - [2023-08-28 20:35:47,845] {dag.py:2379} INFO - Sync 1 DAGs
[2023-08-28 20:35:47,889] {logging_mixin.py:115} INFO - [2023-08-28 20:35:47,889] {dag.py:2927} INFO - Setting next_dagrun for example_skip_dag to 2023-08-27T23:35:47.888389+00:00, run_after=2023-08-28T23:35:47.888389+00:00
[2023-08-28 20:35:47,921] {processor.py:161} INFO - Processing /home/felipe/airflow/venv/lib/python3.9/site-packages/airflow/example_dags/example_skip_dag.py took 0.168 seconds
[2023-08-28 20:36:38,049] {processor.py:153} INFO - Started process (PID=3573) to work on /home/felipe/airflow/venv/lib/python3.9/site-packages/airflow/example_dags/example_skip_dag.py
[2023-08-28 20:36:38,051] {processor.py:641} INFO - Processing file /home/felipe/airflow/venv/lib/python3.9/site-packages/airflow/example_dags/example_skip_dag.py for tasks to queue
[2023-08-28 20:36:38,052] {logging_mixin.py:115} INFO - [2023-08-28 20:36:38,052] {dagbag.py:507} INFO - Filling up the DagBag from /home/felipe/airflow/venv/lib/python3.9/site-packages/airflow/example_dags/example_skip_dag.py
[2023-08-28 20:36:38,067] {processor.py:651} INFO - DAG(s) dict_keys(['example_skip_dag']) retrieved from /home/felipe/airflow/venv/lib/python3.9/site-packages/airflow/example_dags/example_skip_dag.py
[2023-08-28 20:36:38,129] {logging_mixin.py:115} INFO - [2023-08-28 20:36:38,129] {dag.py:2379} INFO - Sync 1 DAGs
[2023-08-28 20:36:38,177] {logging_mixin.py:115} INFO - [2023-08-28 20:36:38,177] {dag.py:2927} INFO - Setting next_dagrun for example_skip_dag to 2023-08-27T23:36:38.176197+00:00, run_after=2023-08-28T23:36:38.176197+00:00
[2023-08-28 20:36:38,210] {processor.py:161} INFO - Processing /home/felipe/airflow/venv/lib/python3.9/site-packages/airflow/example_dags/example_skip_dag.py took 0.171 seconds
[2023-08-28 20:37:29,747] {processor.py:153} INFO - Started process (PID=3769) to work on /home/felipe/airflow/venv/lib/python3.9/site-packages/airflow/example_dags/example_skip_dag.py
[2023-08-28 20:37:29,749] {processor.py:641} INFO - Processing file /home/felipe/airflow/venv/lib/python3.9/site-packages/airflow/example_dags/example_skip_dag.py for tasks to queue
[2023-08-28 20:37:29,751] {logging_mixin.py:115} INFO - [2023-08-28 20:37:29,750] {dagbag.py:507} INFO - Filling up the DagBag from /home/felipe/airflow/venv/lib/python3.9/site-packages/airflow/example_dags/example_skip_dag.py
[2023-08-28 20:37:29,769] {processor.py:651} INFO - DAG(s) dict_keys(['example_skip_dag']) retrieved from /home/felipe/airflow/venv/lib/python3.9/site-packages/airflow/example_dags/example_skip_dag.py
[2023-08-28 20:37:29,843] {logging_mixin.py:115} INFO - [2023-08-28 20:37:29,843] {dag.py:2379} INFO - Sync 1 DAGs
[2023-08-28 20:37:29,897] {logging_mixin.py:115} INFO - [2023-08-28 20:37:29,896] {dag.py:2927} INFO - Setting next_dagrun for example_skip_dag to 2023-08-27T23:37:29.896296+00:00, run_after=2023-08-28T23:37:29.896296+00:00
[2023-08-28 20:37:29,932] {processor.py:161} INFO - Processing /home/felipe/airflow/venv/lib/python3.9/site-packages/airflow/example_dags/example_skip_dag.py took 0.197 seconds
[2023-08-28 20:38:28,349] {processor.py:153} INFO - Started process (PID=3918) to work on /home/felipe/airflow/venv/lib/python3.9/site-packages/airflow/example_dags/example_skip_dag.py
[2023-08-28 20:38:28,352] {processor.py:641} INFO - Processing file /home/felipe/airflow/venv/lib/python3.9/site-packages/airflow/example_dags/example_skip_dag.py for tasks to queue
[2023-08-28 20:38:28,355] {logging_mixin.py:115} INFO - [2023-08-28 20:38:28,354] {dagbag.py:507} INFO - Filling up the DagBag from /home/felipe/airflow/venv/lib/python3.9/site-packages/airflow/example_dags/example_skip_dag.py
[2023-08-28 20:38:28,386] {processor.py:651} INFO - DAG(s) dict_keys(['example_skip_dag']) retrieved from /home/felipe/airflow/venv/lib/python3.9/site-packages/airflow/example_dags/example_skip_dag.py
[2023-08-28 20:38:28,460] {logging_mixin.py:115} INFO - [2023-08-28 20:38:28,460] {dag.py:2379} INFO - Sync 1 DAGs
[2023-08-28 20:38:28,512] {logging_mixin.py:115} INFO - [2023-08-28 20:38:28,511] {dag.py:2927} INFO - Setting next_dagrun for example_skip_dag to 2023-08-27T23:38:28.510981+00:00, run_after=2023-08-28T23:38:28.510981+00:00
[2023-08-28 20:38:28,548] {processor.py:161} INFO - Processing /home/felipe/airflow/venv/lib/python3.9/site-packages/airflow/example_dags/example_skip_dag.py took 0.221 seconds
[2023-08-28 20:39:18,223] {processor.py:153} INFO - Started process (PID=4063) to work on /home/felipe/airflow/venv/lib/python3.9/site-packages/airflow/example_dags/example_skip_dag.py
[2023-08-28 20:39:18,225] {processor.py:641} INFO - Processing file /home/felipe/airflow/venv/lib/python3.9/site-packages/airflow/example_dags/example_skip_dag.py for tasks to queue
[2023-08-28 20:39:18,226] {logging_mixin.py:115} INFO - [2023-08-28 20:39:18,226] {dagbag.py:507} INFO - Filling up the DagBag from /home/felipe/airflow/venv/lib/python3.9/site-packages/airflow/example_dags/example_skip_dag.py
[2023-08-28 20:39:18,247] {processor.py:651} INFO - DAG(s) dict_keys(['example_skip_dag']) retrieved from /home/felipe/airflow/venv/lib/python3.9/site-packages/airflow/example_dags/example_skip_dag.py
[2023-08-28 20:39:18,315] {logging_mixin.py:115} INFO - [2023-08-28 20:39:18,315] {dag.py:2379} INFO - Sync 1 DAGs
[2023-08-28 20:39:18,366] {logging_mixin.py:115} INFO - [2023-08-28 20:39:18,366] {dag.py:2927} INFO - Setting next_dagrun for example_skip_dag to 2023-08-27T23:39:18.365689+00:00, run_after=2023-08-28T23:39:18.365689+00:00
[2023-08-28 20:39:18,406] {processor.py:161} INFO - Processing /home/felipe/airflow/venv/lib/python3.9/site-packages/airflow/example_dags/example_skip_dag.py took 0.197 seconds
[2023-08-28 20:42:44,785] {processor.py:153} INFO - Started process (PID=5919) to work on /home/felipe/airflow/venv/lib/python3.9/site-packages/airflow/example_dags/example_skip_dag.py
[2023-08-28 20:42:44,789] {processor.py:641} INFO - Processing file /home/felipe/airflow/venv/lib/python3.9/site-packages/airflow/example_dags/example_skip_dag.py for tasks to queue
[2023-08-28 20:42:44,800] {logging_mixin.py:115} INFO - [2023-08-28 20:42:44,799] {dagbag.py:507} INFO - Filling up the DagBag from /home/felipe/airflow/venv/lib/python3.9/site-packages/airflow/example_dags/example_skip_dag.py
[2023-08-28 20:42:44,855] {processor.py:651} INFO - DAG(s) dict_keys(['example_skip_dag']) retrieved from /home/felipe/airflow/venv/lib/python3.9/site-packages/airflow/example_dags/example_skip_dag.py
[2023-08-28 20:42:45,053] {logging_mixin.py:115} INFO - [2023-08-28 20:42:45,052] {dag.py:2379} INFO - Sync 1 DAGs
[2023-08-28 20:42:45,310] {logging_mixin.py:115} INFO - [2023-08-28 20:42:45,305] {dag.py:2927} INFO - Setting next_dagrun for example_skip_dag to 2023-08-27T23:42:45.283023+00:00, run_after=2023-08-28T23:42:45.283023+00:00
[2023-08-28 20:42:45,412] {processor.py:161} INFO - Processing /home/felipe/airflow/venv/lib/python3.9/site-packages/airflow/example_dags/example_skip_dag.py took 0.668 seconds
[2023-08-28 20:43:45,762] {processor.py:153} INFO - Started process (PID=6180) to work on /home/felipe/airflow/venv/lib/python3.9/site-packages/airflow/example_dags/example_skip_dag.py
[2023-08-28 20:43:45,765] {processor.py:641} INFO - Processing file /home/felipe/airflow/venv/lib/python3.9/site-packages/airflow/example_dags/example_skip_dag.py for tasks to queue
[2023-08-28 20:43:45,767] {logging_mixin.py:115} INFO - [2023-08-28 20:43:45,767] {dagbag.py:507} INFO - Filling up the DagBag from /home/felipe/airflow/venv/lib/python3.9/site-packages/airflow/example_dags/example_skip_dag.py
[2023-08-28 20:43:45,788] {processor.py:651} INFO - DAG(s) dict_keys(['example_skip_dag']) retrieved from /home/felipe/airflow/venv/lib/python3.9/site-packages/airflow/example_dags/example_skip_dag.py
[2023-08-28 20:43:45,854] {logging_mixin.py:115} INFO - [2023-08-28 20:43:45,853] {dag.py:2379} INFO - Sync 1 DAGs
[2023-08-28 20:43:45,912] {logging_mixin.py:115} INFO - [2023-08-28 20:43:45,912] {dag.py:2927} INFO - Setting next_dagrun for example_skip_dag to 2023-08-27T23:43:45.911392+00:00, run_after=2023-08-28T23:43:45.911392+00:00
[2023-08-28 20:43:45,950] {processor.py:161} INFO - Processing /home/felipe/airflow/venv/lib/python3.9/site-packages/airflow/example_dags/example_skip_dag.py took 0.212 seconds
