[2023-08-28 19:05:18,294] {processor.py:153} INFO - Started process (PID=8624) to work on /home/felipe/airflow/venv/lib/python3.9/site-packages/airflow/example_dags/example_branch_datetime_operator.py
[2023-08-28 19:05:18,297] {processor.py:641} INFO - Processing file /home/felipe/airflow/venv/lib/python3.9/site-packages/airflow/example_dags/example_branch_datetime_operator.py for tasks to queue
[2023-08-28 19:05:18,307] {logging_mixin.py:115} INFO - [2023-08-28 19:05:18,306] {dagbag.py:507} INFO - Filling up the DagBag from /home/felipe/airflow/venv/lib/python3.9/site-packages/airflow/example_dags/example_branch_datetime_operator.py
[2023-08-28 19:05:18,398] {processor.py:651} INFO - DAG(s) dict_keys(['example_branch_datetime_operator_2']) retrieved from /home/felipe/airflow/venv/lib/python3.9/site-packages/airflow/example_dags/example_branch_datetime_operator.py
[2023-08-28 19:05:19,832] {logging_mixin.py:115} INFO - [2023-08-28 19:05:19,832] {manager.py:508} INFO - Created Permission View: can delete on DAG:example_branch_datetime_operator_2
[2023-08-28 19:05:20,229] {logging_mixin.py:115} INFO - [2023-08-28 19:05:20,228] {manager.py:508} INFO - Created Permission View: can read on DAG:example_branch_datetime_operator_2
[2023-08-28 19:05:20,389] {logging_mixin.py:115} INFO - [2023-08-28 19:05:20,388] {manager.py:508} INFO - Created Permission View: can edit on DAG:example_branch_datetime_operator_2
[2023-08-28 19:05:20,390] {logging_mixin.py:115} INFO - [2023-08-28 19:05:20,390] {dag.py:2379} INFO - Sync 1 DAGs
[2023-08-28 19:05:20,704] {logging_mixin.py:115} INFO - [2023-08-28 19:05:20,704] {dag.py:2398} INFO - Creating ORM DAG for example_branch_datetime_operator_2
[2023-08-28 19:05:21,062] {logging_mixin.py:115} INFO - [2023-08-28 19:05:21,062] {dag.py:2927} INFO - Setting next_dagrun for example_branch_datetime_operator_2 to 2023-08-27T00:00:00+00:00, run_after=2023-08-28T00:00:00+00:00
[2023-08-28 19:05:21,346] {processor.py:161} INFO - Processing /home/felipe/airflow/venv/lib/python3.9/site-packages/airflow/example_dags/example_branch_datetime_operator.py took 3.099 seconds
[2023-08-28 19:08:51,574] {processor.py:153} INFO - Started process (PID=10377) to work on /home/felipe/airflow/venv/lib/python3.9/site-packages/airflow/example_dags/example_branch_datetime_operator.py
[2023-08-28 19:08:51,576] {processor.py:641} INFO - Processing file /home/felipe/airflow/venv/lib/python3.9/site-packages/airflow/example_dags/example_branch_datetime_operator.py for tasks to queue
[2023-08-28 19:08:51,581] {logging_mixin.py:115} INFO - [2023-08-28 19:08:51,581] {dagbag.py:507} INFO - Filling up the DagBag from /home/felipe/airflow/venv/lib/python3.9/site-packages/airflow/example_dags/example_branch_datetime_operator.py
[2023-08-28 19:08:51,646] {processor.py:651} INFO - DAG(s) dict_keys(['example_branch_datetime_operator_2']) retrieved from /home/felipe/airflow/venv/lib/python3.9/site-packages/airflow/example_dags/example_branch_datetime_operator.py
[2023-08-28 19:08:51,938] {logging_mixin.py:115} INFO - [2023-08-28 19:08:51,937] {dag.py:2379} INFO - Sync 1 DAGs
[2023-08-28 19:08:52,199] {logging_mixin.py:115} INFO - [2023-08-28 19:08:52,193] {dag.py:2927} INFO - Setting next_dagrun for example_branch_datetime_operator_2 to 2023-08-27T00:00:00+00:00, run_after=2023-08-28T00:00:00+00:00
[2023-08-28 19:08:52,354] {processor.py:161} INFO - Processing /home/felipe/airflow/venv/lib/python3.9/site-packages/airflow/example_dags/example_branch_datetime_operator.py took 0.801 seconds
[2023-08-28 19:09:51,122] {processor.py:153} INFO - Started process (PID=10820) to work on /home/felipe/airflow/venv/lib/python3.9/site-packages/airflow/example_dags/example_branch_datetime_operator.py
[2023-08-28 19:09:51,125] {processor.py:641} INFO - Processing file /home/felipe/airflow/venv/lib/python3.9/site-packages/airflow/example_dags/example_branch_datetime_operator.py for tasks to queue
[2023-08-28 19:09:51,140] {logging_mixin.py:115} INFO - [2023-08-28 19:09:51,139] {dagbag.py:507} INFO - Filling up the DagBag from /home/felipe/airflow/venv/lib/python3.9/site-packages/airflow/example_dags/example_branch_datetime_operator.py
[2023-08-28 19:09:51,276] {processor.py:651} INFO - DAG(s) dict_keys(['example_branch_datetime_operator_2']) retrieved from /home/felipe/airflow/venv/lib/python3.9/site-packages/airflow/example_dags/example_branch_datetime_operator.py
[2023-08-28 19:09:51,603] {logging_mixin.py:115} INFO - [2023-08-28 19:09:51,603] {dag.py:2379} INFO - Sync 1 DAGs
[2023-08-28 19:09:51,969] {logging_mixin.py:115} INFO - [2023-08-28 19:09:51,969] {dag.py:2927} INFO - Setting next_dagrun for example_branch_datetime_operator_2 to 2023-08-27T00:00:00+00:00, run_after=2023-08-28T00:00:00+00:00
[2023-08-28 19:09:52,125] {processor.py:161} INFO - Processing /home/felipe/airflow/venv/lib/python3.9/site-packages/airflow/example_dags/example_branch_datetime_operator.py took 1.070 seconds
[2023-08-28 19:10:58,804] {processor.py:153} INFO - Started process (PID=11042) to work on /home/felipe/airflow/venv/lib/python3.9/site-packages/airflow/example_dags/example_branch_datetime_operator.py
[2023-08-28 19:10:58,813] {processor.py:641} INFO - Processing file /home/felipe/airflow/venv/lib/python3.9/site-packages/airflow/example_dags/example_branch_datetime_operator.py for tasks to queue
[2023-08-28 19:10:58,817] {logging_mixin.py:115} INFO - [2023-08-28 19:10:58,817] {dagbag.py:507} INFO - Filling up the DagBag from /home/felipe/airflow/venv/lib/python3.9/site-packages/airflow/example_dags/example_branch_datetime_operator.py
[2023-08-28 19:10:58,889] {processor.py:651} INFO - DAG(s) dict_keys(['example_branch_datetime_operator_2']) retrieved from /home/felipe/airflow/venv/lib/python3.9/site-packages/airflow/example_dags/example_branch_datetime_operator.py
[2023-08-28 19:10:59,021] {logging_mixin.py:115} INFO - [2023-08-28 19:10:59,021] {dag.py:2379} INFO - Sync 1 DAGs
[2023-08-28 19:10:59,122] {logging_mixin.py:115} INFO - [2023-08-28 19:10:59,122] {dag.py:2927} INFO - Setting next_dagrun for example_branch_datetime_operator_2 to 2023-08-27T00:00:00+00:00, run_after=2023-08-28T00:00:00+00:00
[2023-08-28 19:10:59,172] {processor.py:161} INFO - Processing /home/felipe/airflow/venv/lib/python3.9/site-packages/airflow/example_dags/example_branch_datetime_operator.py took 0.402 seconds
[2023-08-28 19:11:53,590] {processor.py:153} INFO - Started process (PID=11201) to work on /home/felipe/airflow/venv/lib/python3.9/site-packages/airflow/example_dags/example_branch_datetime_operator.py
[2023-08-28 19:11:53,611] {processor.py:641} INFO - Processing file /home/felipe/airflow/venv/lib/python3.9/site-packages/airflow/example_dags/example_branch_datetime_operator.py for tasks to queue
[2023-08-28 19:11:53,624] {logging_mixin.py:115} INFO - [2023-08-28 19:11:53,624] {dagbag.py:507} INFO - Filling up the DagBag from /home/felipe/airflow/venv/lib/python3.9/site-packages/airflow/example_dags/example_branch_datetime_operator.py
[2023-08-28 19:11:53,743] {processor.py:651} INFO - DAG(s) dict_keys(['example_branch_datetime_operator_2']) retrieved from /home/felipe/airflow/venv/lib/python3.9/site-packages/airflow/example_dags/example_branch_datetime_operator.py
[2023-08-28 19:11:53,943] {logging_mixin.py:115} INFO - [2023-08-28 19:11:53,942] {dag.py:2379} INFO - Sync 1 DAGs
[2023-08-28 19:11:54,111] {logging_mixin.py:115} INFO - [2023-08-28 19:11:54,111] {dag.py:2927} INFO - Setting next_dagrun for example_branch_datetime_operator_2 to 2023-08-27T00:00:00+00:00, run_after=2023-08-28T00:00:00+00:00
[2023-08-28 19:11:54,209] {processor.py:161} INFO - Processing /home/felipe/airflow/venv/lib/python3.9/site-packages/airflow/example_dags/example_branch_datetime_operator.py took 0.692 seconds
[2023-08-28 19:13:29,814] {processor.py:153} INFO - Started process (PID=11911) to work on /home/felipe/airflow/venv/lib/python3.9/site-packages/airflow/example_dags/example_branch_datetime_operator.py
[2023-08-28 19:13:29,817] {processor.py:641} INFO - Processing file /home/felipe/airflow/venv/lib/python3.9/site-packages/airflow/example_dags/example_branch_datetime_operator.py for tasks to queue
[2023-08-28 19:13:29,821] {logging_mixin.py:115} INFO - [2023-08-28 19:13:29,818] {dagbag.py:507} INFO - Filling up the DagBag from /home/felipe/airflow/venv/lib/python3.9/site-packages/airflow/example_dags/example_branch_datetime_operator.py
[2023-08-28 19:13:29,861] {processor.py:651} INFO - DAG(s) dict_keys(['example_branch_datetime_operator_2']) retrieved from /home/felipe/airflow/venv/lib/python3.9/site-packages/airflow/example_dags/example_branch_datetime_operator.py
[2023-08-28 19:13:29,943] {logging_mixin.py:115} INFO - [2023-08-28 19:13:29,943] {dag.py:2379} INFO - Sync 1 DAGs
[2023-08-28 19:13:30,006] {logging_mixin.py:115} INFO - [2023-08-28 19:13:30,006] {dag.py:2927} INFO - Setting next_dagrun for example_branch_datetime_operator_2 to 2023-08-27T00:00:00+00:00, run_after=2023-08-28T00:00:00+00:00
[2023-08-28 19:13:30,069] {processor.py:161} INFO - Processing /home/felipe/airflow/venv/lib/python3.9/site-packages/airflow/example_dags/example_branch_datetime_operator.py took 0.275 seconds
[2023-08-28 19:14:37,250] {processor.py:153} INFO - Started process (PID=12159) to work on /home/felipe/airflow/venv/lib/python3.9/site-packages/airflow/example_dags/example_branch_datetime_operator.py
[2023-08-28 19:14:37,263] {processor.py:641} INFO - Processing file /home/felipe/airflow/venv/lib/python3.9/site-packages/airflow/example_dags/example_branch_datetime_operator.py for tasks to queue
[2023-08-28 19:14:37,265] {logging_mixin.py:115} INFO - [2023-08-28 19:14:37,265] {dagbag.py:507} INFO - Filling up the DagBag from /home/felipe/airflow/venv/lib/python3.9/site-packages/airflow/example_dags/example_branch_datetime_operator.py
[2023-08-28 19:14:37,511] {processor.py:651} INFO - DAG(s) dict_keys(['example_branch_datetime_operator_2']) retrieved from /home/felipe/airflow/venv/lib/python3.9/site-packages/airflow/example_dags/example_branch_datetime_operator.py
[2023-08-28 19:14:37,812] {logging_mixin.py:115} INFO - [2023-08-28 19:14:37,812] {dag.py:2379} INFO - Sync 1 DAGs
[2023-08-28 19:14:37,976] {logging_mixin.py:115} INFO - [2023-08-28 19:14:37,976] {dag.py:2927} INFO - Setting next_dagrun for example_branch_datetime_operator_2 to 2023-08-27T00:00:00+00:00, run_after=2023-08-28T00:00:00+00:00
[2023-08-28 19:14:38,128] {processor.py:161} INFO - Processing /home/felipe/airflow/venv/lib/python3.9/site-packages/airflow/example_dags/example_branch_datetime_operator.py took 0.917 seconds
[2023-08-28 19:16:10,724] {processor.py:153} INFO - Started process (PID=12572) to work on /home/felipe/airflow/venv/lib/python3.9/site-packages/airflow/example_dags/example_branch_datetime_operator.py
[2023-08-28 19:16:10,730] {processor.py:641} INFO - Processing file /home/felipe/airflow/venv/lib/python3.9/site-packages/airflow/example_dags/example_branch_datetime_operator.py for tasks to queue
[2023-08-28 19:16:10,733] {logging_mixin.py:115} INFO - [2023-08-28 19:16:10,732] {dagbag.py:507} INFO - Filling up the DagBag from /home/felipe/airflow/venv/lib/python3.9/site-packages/airflow/example_dags/example_branch_datetime_operator.py
[2023-08-28 19:16:10,800] {processor.py:651} INFO - DAG(s) dict_keys(['example_branch_datetime_operator_2']) retrieved from /home/felipe/airflow/venv/lib/python3.9/site-packages/airflow/example_dags/example_branch_datetime_operator.py
[2023-08-28 19:16:10,915] {logging_mixin.py:115} INFO - [2023-08-28 19:16:10,914] {dag.py:2379} INFO - Sync 1 DAGs
[2023-08-28 19:16:11,014] {logging_mixin.py:115} INFO - [2023-08-28 19:16:11,014] {dag.py:2927} INFO - Setting next_dagrun for example_branch_datetime_operator_2 to 2023-08-27T00:00:00+00:00, run_after=2023-08-28T00:00:00+00:00
[2023-08-28 19:16:11,082] {processor.py:161} INFO - Processing /home/felipe/airflow/venv/lib/python3.9/site-packages/airflow/example_dags/example_branch_datetime_operator.py took 0.382 seconds
[2023-08-28 19:18:08,594] {processor.py:153} INFO - Started process (PID=12995) to work on /home/felipe/airflow/venv/lib/python3.9/site-packages/airflow/example_dags/example_branch_datetime_operator.py
[2023-08-28 19:18:08,603] {processor.py:641} INFO - Processing file /home/felipe/airflow/venv/lib/python3.9/site-packages/airflow/example_dags/example_branch_datetime_operator.py for tasks to queue
[2023-08-28 19:18:08,605] {logging_mixin.py:115} INFO - [2023-08-28 19:18:08,604] {dagbag.py:507} INFO - Filling up the DagBag from /home/felipe/airflow/venv/lib/python3.9/site-packages/airflow/example_dags/example_branch_datetime_operator.py
[2023-08-28 19:18:08,675] {processor.py:651} INFO - DAG(s) dict_keys(['example_branch_datetime_operator_2']) retrieved from /home/felipe/airflow/venv/lib/python3.9/site-packages/airflow/example_dags/example_branch_datetime_operator.py
[2023-08-28 19:18:08,873] {logging_mixin.py:115} INFO - [2023-08-28 19:18:08,873] {dag.py:2379} INFO - Sync 1 DAGs
[2023-08-28 19:18:08,968] {logging_mixin.py:115} INFO - [2023-08-28 19:18:08,966] {dag.py:2927} INFO - Setting next_dagrun for example_branch_datetime_operator_2 to 2023-08-27T00:00:00+00:00, run_after=2023-08-28T00:00:00+00:00
[2023-08-28 19:18:09,165] {processor.py:161} INFO - Processing /home/felipe/airflow/venv/lib/python3.9/site-packages/airflow/example_dags/example_branch_datetime_operator.py took 0.595 seconds
[2023-08-28 19:20:32,720] {processor.py:153} INFO - Started process (PID=13676) to work on /home/felipe/airflow/venv/lib/python3.9/site-packages/airflow/example_dags/example_branch_datetime_operator.py
[2023-08-28 19:20:32,729] {processor.py:641} INFO - Processing file /home/felipe/airflow/venv/lib/python3.9/site-packages/airflow/example_dags/example_branch_datetime_operator.py for tasks to queue
[2023-08-28 19:20:32,749] {logging_mixin.py:115} INFO - [2023-08-28 19:20:32,748] {dagbag.py:507} INFO - Filling up the DagBag from /home/felipe/airflow/venv/lib/python3.9/site-packages/airflow/example_dags/example_branch_datetime_operator.py
[2023-08-28 19:20:33,082] {processor.py:651} INFO - DAG(s) dict_keys(['example_branch_datetime_operator_2']) retrieved from /home/felipe/airflow/venv/lib/python3.9/site-packages/airflow/example_dags/example_branch_datetime_operator.py
[2023-08-28 19:20:33,416] {logging_mixin.py:115} INFO - [2023-08-28 19:20:33,416] {dag.py:2379} INFO - Sync 1 DAGs
[2023-08-28 19:20:33,833] {logging_mixin.py:115} INFO - [2023-08-28 19:20:33,832] {dag.py:2927} INFO - Setting next_dagrun for example_branch_datetime_operator_2 to 2023-08-27T00:00:00+00:00, run_after=2023-08-28T00:00:00+00:00
[2023-08-28 19:20:34,005] {processor.py:161} INFO - Processing /home/felipe/airflow/venv/lib/python3.9/site-packages/airflow/example_dags/example_branch_datetime_operator.py took 1.336 seconds
[2023-08-28 19:22:26,807] {processor.py:153} INFO - Started process (PID=14732) to work on /home/felipe/airflow/venv/lib/python3.9/site-packages/airflow/example_dags/example_branch_datetime_operator.py
[2023-08-28 19:22:26,817] {processor.py:641} INFO - Processing file /home/felipe/airflow/venv/lib/python3.9/site-packages/airflow/example_dags/example_branch_datetime_operator.py for tasks to queue
[2023-08-28 19:22:26,823] {logging_mixin.py:115} INFO - [2023-08-28 19:22:26,823] {dagbag.py:507} INFO - Filling up the DagBag from /home/felipe/airflow/venv/lib/python3.9/site-packages/airflow/example_dags/example_branch_datetime_operator.py
[2023-08-28 19:22:26,951] {processor.py:651} INFO - DAG(s) dict_keys(['example_branch_datetime_operator_2']) retrieved from /home/felipe/airflow/venv/lib/python3.9/site-packages/airflow/example_dags/example_branch_datetime_operator.py
[2023-08-28 19:22:27,166] {logging_mixin.py:115} INFO - [2023-08-28 19:22:27,166] {dag.py:2379} INFO - Sync 1 DAGs
[2023-08-28 19:22:27,453] {logging_mixin.py:115} INFO - [2023-08-28 19:22:27,453] {dag.py:2927} INFO - Setting next_dagrun for example_branch_datetime_operator_2 to 2023-08-27T00:00:00+00:00, run_after=2023-08-28T00:00:00+00:00
[2023-08-28 19:22:27,581] {processor.py:161} INFO - Processing /home/felipe/airflow/venv/lib/python3.9/site-packages/airflow/example_dags/example_branch_datetime_operator.py took 0.811 seconds
[2023-08-28 19:23:46,146] {processor.py:153} INFO - Started process (PID=15334) to work on /home/felipe/airflow/venv/lib/python3.9/site-packages/airflow/example_dags/example_branch_datetime_operator.py
[2023-08-28 19:23:46,148] {processor.py:641} INFO - Processing file /home/felipe/airflow/venv/lib/python3.9/site-packages/airflow/example_dags/example_branch_datetime_operator.py for tasks to queue
[2023-08-28 19:23:46,150] {logging_mixin.py:115} INFO - [2023-08-28 19:23:46,150] {dagbag.py:507} INFO - Filling up the DagBag from /home/felipe/airflow/venv/lib/python3.9/site-packages/airflow/example_dags/example_branch_datetime_operator.py
[2023-08-28 19:23:46,203] {processor.py:651} INFO - DAG(s) dict_keys(['example_branch_datetime_operator_2']) retrieved from /home/felipe/airflow/venv/lib/python3.9/site-packages/airflow/example_dags/example_branch_datetime_operator.py
[2023-08-28 19:23:46,353] {logging_mixin.py:115} INFO - [2023-08-28 19:23:46,353] {dag.py:2379} INFO - Sync 1 DAGs
[2023-08-28 19:23:46,448] {logging_mixin.py:115} INFO - [2023-08-28 19:23:46,447] {dag.py:2927} INFO - Setting next_dagrun for example_branch_datetime_operator_2 to 2023-08-27T00:00:00+00:00, run_after=2023-08-28T00:00:00+00:00
[2023-08-28 19:23:46,499] {processor.py:161} INFO - Processing /home/felipe/airflow/venv/lib/python3.9/site-packages/airflow/example_dags/example_branch_datetime_operator.py took 0.371 seconds
[2023-08-28 19:24:44,033] {processor.py:153} INFO - Started process (PID=15580) to work on /home/felipe/airflow/venv/lib/python3.9/site-packages/airflow/example_dags/example_branch_datetime_operator.py
[2023-08-28 19:24:44,035] {processor.py:641} INFO - Processing file /home/felipe/airflow/venv/lib/python3.9/site-packages/airflow/example_dags/example_branch_datetime_operator.py for tasks to queue
[2023-08-28 19:24:44,037] {logging_mixin.py:115} INFO - [2023-08-28 19:24:44,037] {dagbag.py:507} INFO - Filling up the DagBag from /home/felipe/airflow/venv/lib/python3.9/site-packages/airflow/example_dags/example_branch_datetime_operator.py
[2023-08-28 19:24:44,075] {processor.py:651} INFO - DAG(s) dict_keys(['example_branch_datetime_operator_2']) retrieved from /home/felipe/airflow/venv/lib/python3.9/site-packages/airflow/example_dags/example_branch_datetime_operator.py
[2023-08-28 19:24:44,142] {logging_mixin.py:115} INFO - [2023-08-28 19:24:44,142] {dag.py:2379} INFO - Sync 1 DAGs
[2023-08-28 19:24:44,217] {logging_mixin.py:115} INFO - [2023-08-28 19:24:44,217] {dag.py:2927} INFO - Setting next_dagrun for example_branch_datetime_operator_2 to 2023-08-27T00:00:00+00:00, run_after=2023-08-28T00:00:00+00:00
[2023-08-28 19:24:44,260] {processor.py:161} INFO - Processing /home/felipe/airflow/venv/lib/python3.9/site-packages/airflow/example_dags/example_branch_datetime_operator.py took 0.241 seconds
[2023-08-28 20:10:46,888] {processor.py:153} INFO - Started process (PID=26150) to work on /home/felipe/airflow/venv/lib/python3.9/site-packages/airflow/example_dags/example_branch_datetime_operator.py
[2023-08-28 20:10:46,892] {processor.py:641} INFO - Processing file /home/felipe/airflow/venv/lib/python3.9/site-packages/airflow/example_dags/example_branch_datetime_operator.py for tasks to queue
[2023-08-28 20:10:46,895] {logging_mixin.py:115} INFO - [2023-08-28 20:10:46,894] {dagbag.py:507} INFO - Filling up the DagBag from /home/felipe/airflow/venv/lib/python3.9/site-packages/airflow/example_dags/example_branch_datetime_operator.py
[2023-08-28 20:10:47,066] {processor.py:651} INFO - DAG(s) dict_keys(['example_branch_datetime_operator_2']) retrieved from /home/felipe/airflow/venv/lib/python3.9/site-packages/airflow/example_dags/example_branch_datetime_operator.py
[2023-08-28 20:10:47,142] {logging_mixin.py:115} INFO - [2023-08-28 20:10:47,141] {dag.py:2379} INFO - Sync 1 DAGs
[2023-08-28 20:10:47,283] {logging_mixin.py:115} INFO - [2023-08-28 20:10:47,282] {dag.py:2927} INFO - Setting next_dagrun for example_branch_datetime_operator_2 to 2023-08-27T00:00:00+00:00, run_after=2023-08-28T00:00:00+00:00
[2023-08-28 20:10:47,369] {processor.py:161} INFO - Processing /home/felipe/airflow/venv/lib/python3.9/site-packages/airflow/example_dags/example_branch_datetime_operator.py took 0.508 seconds
[2023-08-28 20:14:31,077] {processor.py:153} INFO - Started process (PID=27236) to work on /home/felipe/airflow/venv/lib/python3.9/site-packages/airflow/example_dags/example_branch_datetime_operator.py
[2023-08-28 20:14:31,079] {processor.py:641} INFO - Processing file /home/felipe/airflow/venv/lib/python3.9/site-packages/airflow/example_dags/example_branch_datetime_operator.py for tasks to queue
[2023-08-28 20:14:31,080] {logging_mixin.py:115} INFO - [2023-08-28 20:14:31,080] {dagbag.py:507} INFO - Filling up the DagBag from /home/felipe/airflow/venv/lib/python3.9/site-packages/airflow/example_dags/example_branch_datetime_operator.py
[2023-08-28 20:14:31,113] {processor.py:651} INFO - DAG(s) dict_keys(['example_branch_datetime_operator_2']) retrieved from /home/felipe/airflow/venv/lib/python3.9/site-packages/airflow/example_dags/example_branch_datetime_operator.py
[2023-08-28 20:14:31,164] {logging_mixin.py:115} INFO - [2023-08-28 20:14:31,164] {dag.py:2379} INFO - Sync 1 DAGs
[2023-08-28 20:14:31,227] {logging_mixin.py:115} INFO - [2023-08-28 20:14:31,227] {dag.py:2927} INFO - Setting next_dagrun for example_branch_datetime_operator_2 to 2023-08-27T00:00:00+00:00, run_after=2023-08-28T00:00:00+00:00
[2023-08-28 20:14:31,257] {processor.py:161} INFO - Processing /home/felipe/airflow/venv/lib/python3.9/site-packages/airflow/example_dags/example_branch_datetime_operator.py took 0.192 seconds
[2023-08-28 20:15:31,031] {processor.py:153} INFO - Started process (PID=27442) to work on /home/felipe/airflow/venv/lib/python3.9/site-packages/airflow/example_dags/example_branch_datetime_operator.py
[2023-08-28 20:15:31,032] {processor.py:641} INFO - Processing file /home/felipe/airflow/venv/lib/python3.9/site-packages/airflow/example_dags/example_branch_datetime_operator.py for tasks to queue
[2023-08-28 20:15:31,033] {logging_mixin.py:115} INFO - [2023-08-28 20:15:31,033] {dagbag.py:507} INFO - Filling up the DagBag from /home/felipe/airflow/venv/lib/python3.9/site-packages/airflow/example_dags/example_branch_datetime_operator.py
[2023-08-28 20:15:31,061] {processor.py:651} INFO - DAG(s) dict_keys(['example_branch_datetime_operator_2']) retrieved from /home/felipe/airflow/venv/lib/python3.9/site-packages/airflow/example_dags/example_branch_datetime_operator.py
[2023-08-28 20:15:31,107] {logging_mixin.py:115} INFO - [2023-08-28 20:15:31,106] {dag.py:2379} INFO - Sync 1 DAGs
[2023-08-28 20:15:31,159] {logging_mixin.py:115} INFO - [2023-08-28 20:15:31,158] {dag.py:2927} INFO - Setting next_dagrun for example_branch_datetime_operator_2 to 2023-08-27T00:00:00+00:00, run_after=2023-08-28T00:00:00+00:00
[2023-08-28 20:15:31,193] {processor.py:161} INFO - Processing /home/felipe/airflow/venv/lib/python3.9/site-packages/airflow/example_dags/example_branch_datetime_operator.py took 0.173 seconds
[2023-08-28 20:19:05,173] {processor.py:153} INFO - Started process (PID=29437) to work on /home/felipe/airflow/venv/lib/python3.9/site-packages/airflow/example_dags/example_branch_datetime_operator.py
[2023-08-28 20:19:05,175] {processor.py:641} INFO - Processing file /home/felipe/airflow/venv/lib/python3.9/site-packages/airflow/example_dags/example_branch_datetime_operator.py for tasks to queue
[2023-08-28 20:19:05,177] {logging_mixin.py:115} INFO - [2023-08-28 20:19:05,176] {dagbag.py:507} INFO - Filling up the DagBag from /home/felipe/airflow/venv/lib/python3.9/site-packages/airflow/example_dags/example_branch_datetime_operator.py
[2023-08-28 20:19:05,211] {processor.py:651} INFO - DAG(s) dict_keys(['example_branch_datetime_operator_2']) retrieved from /home/felipe/airflow/venv/lib/python3.9/site-packages/airflow/example_dags/example_branch_datetime_operator.py
[2023-08-28 20:19:05,264] {logging_mixin.py:115} INFO - [2023-08-28 20:19:05,264] {dag.py:2379} INFO - Sync 1 DAGs
[2023-08-28 20:19:05,328] {logging_mixin.py:115} INFO - [2023-08-28 20:19:05,328] {dag.py:2927} INFO - Setting next_dagrun for example_branch_datetime_operator_2 to 2023-08-27T00:00:00+00:00, run_after=2023-08-28T00:00:00+00:00
[2023-08-28 20:19:05,362] {processor.py:161} INFO - Processing /home/felipe/airflow/venv/lib/python3.9/site-packages/airflow/example_dags/example_branch_datetime_operator.py took 0.203 seconds
[2023-08-28 20:19:59,431] {processor.py:153} INFO - Started process (PID=29645) to work on /home/felipe/airflow/venv/lib/python3.9/site-packages/airflow/example_dags/example_branch_datetime_operator.py
[2023-08-28 20:19:59,433] {processor.py:641} INFO - Processing file /home/felipe/airflow/venv/lib/python3.9/site-packages/airflow/example_dags/example_branch_datetime_operator.py for tasks to queue
[2023-08-28 20:19:59,434] {logging_mixin.py:115} INFO - [2023-08-28 20:19:59,434] {dagbag.py:507} INFO - Filling up the DagBag from /home/felipe/airflow/venv/lib/python3.9/site-packages/airflow/example_dags/example_branch_datetime_operator.py
[2023-08-28 20:19:59,462] {processor.py:651} INFO - DAG(s) dict_keys(['example_branch_datetime_operator_2']) retrieved from /home/felipe/airflow/venv/lib/python3.9/site-packages/airflow/example_dags/example_branch_datetime_operator.py
[2023-08-28 20:19:59,511] {logging_mixin.py:115} INFO - [2023-08-28 20:19:59,511] {dag.py:2379} INFO - Sync 1 DAGs
[2023-08-28 20:19:59,567] {logging_mixin.py:115} INFO - [2023-08-28 20:19:59,567] {dag.py:2927} INFO - Setting next_dagrun for example_branch_datetime_operator_2 to 2023-08-27T00:00:00+00:00, run_after=2023-08-28T00:00:00+00:00
[2023-08-28 20:19:59,597] {processor.py:161} INFO - Processing /home/felipe/airflow/venv/lib/python3.9/site-packages/airflow/example_dags/example_branch_datetime_operator.py took 0.178 seconds
[2023-08-28 20:21:08,462] {processor.py:153} INFO - Started process (PID=30104) to work on /home/felipe/airflow/venv/lib/python3.9/site-packages/airflow/example_dags/example_branch_datetime_operator.py
[2023-08-28 20:21:08,465] {processor.py:641} INFO - Processing file /home/felipe/airflow/venv/lib/python3.9/site-packages/airflow/example_dags/example_branch_datetime_operator.py for tasks to queue
[2023-08-28 20:21:08,468] {logging_mixin.py:115} INFO - [2023-08-28 20:21:08,467] {dagbag.py:507} INFO - Filling up the DagBag from /home/felipe/airflow/venv/lib/python3.9/site-packages/airflow/example_dags/example_branch_datetime_operator.py
[2023-08-28 20:21:08,566] {processor.py:651} INFO - DAG(s) dict_keys(['example_branch_datetime_operator_2']) retrieved from /home/felipe/airflow/venv/lib/python3.9/site-packages/airflow/example_dags/example_branch_datetime_operator.py
[2023-08-28 20:21:08,730] {logging_mixin.py:115} INFO - [2023-08-28 20:21:08,730] {dag.py:2379} INFO - Sync 1 DAGs
[2023-08-28 20:21:08,944] {logging_mixin.py:115} INFO - [2023-08-28 20:21:08,943] {dag.py:2927} INFO - Setting next_dagrun for example_branch_datetime_operator_2 to 2023-08-27T00:00:00+00:00, run_after=2023-08-28T00:00:00+00:00
[2023-08-28 20:21:09,033] {processor.py:161} INFO - Processing /home/felipe/airflow/venv/lib/python3.9/site-packages/airflow/example_dags/example_branch_datetime_operator.py took 0.603 seconds
[2023-08-28 20:23:25,716] {processor.py:153} INFO - Started process (PID=31301) to work on /home/felipe/airflow/venv/lib/python3.9/site-packages/airflow/example_dags/example_branch_datetime_operator.py
[2023-08-28 20:23:25,718] {processor.py:641} INFO - Processing file /home/felipe/airflow/venv/lib/python3.9/site-packages/airflow/example_dags/example_branch_datetime_operator.py for tasks to queue
[2023-08-28 20:23:25,719] {logging_mixin.py:115} INFO - [2023-08-28 20:23:25,719] {dagbag.py:507} INFO - Filling up the DagBag from /home/felipe/airflow/venv/lib/python3.9/site-packages/airflow/example_dags/example_branch_datetime_operator.py
[2023-08-28 20:23:25,750] {processor.py:651} INFO - DAG(s) dict_keys(['example_branch_datetime_operator_2']) retrieved from /home/felipe/airflow/venv/lib/python3.9/site-packages/airflow/example_dags/example_branch_datetime_operator.py
[2023-08-28 20:23:25,813] {logging_mixin.py:115} INFO - [2023-08-28 20:23:25,812] {dag.py:2379} INFO - Sync 1 DAGs
[2023-08-28 20:23:25,858] {logging_mixin.py:115} INFO - [2023-08-28 20:23:25,858] {dag.py:2927} INFO - Setting next_dagrun for example_branch_datetime_operator_2 to 2023-08-27T00:00:00+00:00, run_after=2023-08-28T00:00:00+00:00
[2023-08-28 20:23:25,891] {processor.py:161} INFO - Processing /home/felipe/airflow/venv/lib/python3.9/site-packages/airflow/example_dags/example_branch_datetime_operator.py took 0.187 seconds
[2023-08-28 20:24:17,343] {processor.py:153} INFO - Started process (PID=31445) to work on /home/felipe/airflow/venv/lib/python3.9/site-packages/airflow/example_dags/example_branch_datetime_operator.py
[2023-08-28 20:24:17,345] {processor.py:641} INFO - Processing file /home/felipe/airflow/venv/lib/python3.9/site-packages/airflow/example_dags/example_branch_datetime_operator.py for tasks to queue
[2023-08-28 20:24:17,347] {logging_mixin.py:115} INFO - [2023-08-28 20:24:17,347] {dagbag.py:507} INFO - Filling up the DagBag from /home/felipe/airflow/venv/lib/python3.9/site-packages/airflow/example_dags/example_branch_datetime_operator.py
[2023-08-28 20:24:17,384] {processor.py:651} INFO - DAG(s) dict_keys(['example_branch_datetime_operator_2']) retrieved from /home/felipe/airflow/venv/lib/python3.9/site-packages/airflow/example_dags/example_branch_datetime_operator.py
[2023-08-28 20:24:17,450] {logging_mixin.py:115} INFO - [2023-08-28 20:24:17,450] {dag.py:2379} INFO - Sync 1 DAGs
[2023-08-28 20:24:17,521] {logging_mixin.py:115} INFO - [2023-08-28 20:24:17,521] {dag.py:2927} INFO - Setting next_dagrun for example_branch_datetime_operator_2 to 2023-08-27T00:00:00+00:00, run_after=2023-08-28T00:00:00+00:00
[2023-08-28 20:24:17,565] {processor.py:161} INFO - Processing /home/felipe/airflow/venv/lib/python3.9/site-packages/airflow/example_dags/example_branch_datetime_operator.py took 0.236 seconds
[2023-08-28 20:26:26,766] {processor.py:153} INFO - Started process (PID=32633) to work on /home/felipe/airflow/venv/lib/python3.9/site-packages/airflow/example_dags/example_branch_datetime_operator.py
[2023-08-28 20:26:26,773] {processor.py:641} INFO - Processing file /home/felipe/airflow/venv/lib/python3.9/site-packages/airflow/example_dags/example_branch_datetime_operator.py for tasks to queue
[2023-08-28 20:26:26,775] {logging_mixin.py:115} INFO - [2023-08-28 20:26:26,775] {dagbag.py:507} INFO - Filling up the DagBag from /home/felipe/airflow/venv/lib/python3.9/site-packages/airflow/example_dags/example_branch_datetime_operator.py
[2023-08-28 20:26:26,824] {processor.py:651} INFO - DAG(s) dict_keys(['example_branch_datetime_operator_2']) retrieved from /home/felipe/airflow/venv/lib/python3.9/site-packages/airflow/example_dags/example_branch_datetime_operator.py
[2023-08-28 20:26:26,907] {logging_mixin.py:115} INFO - [2023-08-28 20:26:26,907] {dag.py:2379} INFO - Sync 1 DAGs
[2023-08-28 20:26:26,961] {logging_mixin.py:115} INFO - [2023-08-28 20:26:26,961] {dag.py:2927} INFO - Setting next_dagrun for example_branch_datetime_operator_2 to 2023-08-27T00:00:00+00:00, run_after=2023-08-28T00:00:00+00:00
[2023-08-28 20:26:27,007] {processor.py:161} INFO - Processing /home/felipe/airflow/venv/lib/python3.9/site-packages/airflow/example_dags/example_branch_datetime_operator.py took 0.261 seconds
[2023-08-28 20:27:30,658] {processor.py:153} INFO - Started process (PID=101) to work on /home/felipe/airflow/venv/lib/python3.9/site-packages/airflow/example_dags/example_branch_datetime_operator.py
[2023-08-28 20:27:30,661] {processor.py:641} INFO - Processing file /home/felipe/airflow/venv/lib/python3.9/site-packages/airflow/example_dags/example_branch_datetime_operator.py for tasks to queue
[2023-08-28 20:27:30,662] {logging_mixin.py:115} INFO - [2023-08-28 20:27:30,662] {dagbag.py:507} INFO - Filling up the DagBag from /home/felipe/airflow/venv/lib/python3.9/site-packages/airflow/example_dags/example_branch_datetime_operator.py
[2023-08-28 20:27:30,710] {processor.py:651} INFO - DAG(s) dict_keys(['example_branch_datetime_operator_2']) retrieved from /home/felipe/airflow/venv/lib/python3.9/site-packages/airflow/example_dags/example_branch_datetime_operator.py
[2023-08-28 20:27:30,789] {logging_mixin.py:115} INFO - [2023-08-28 20:27:30,789] {dag.py:2379} INFO - Sync 1 DAGs
[2023-08-28 20:27:30,904] {logging_mixin.py:115} INFO - [2023-08-28 20:27:30,904] {dag.py:2927} INFO - Setting next_dagrun for example_branch_datetime_operator_2 to 2023-08-27T00:00:00+00:00, run_after=2023-08-28T00:00:00+00:00
[2023-08-28 20:27:30,954] {processor.py:161} INFO - Processing /home/felipe/airflow/venv/lib/python3.9/site-packages/airflow/example_dags/example_branch_datetime_operator.py took 0.313 seconds
[2023-08-28 20:29:28,690] {processor.py:153} INFO - Started process (PID=1412) to work on /home/felipe/airflow/venv/lib/python3.9/site-packages/airflow/example_dags/example_branch_datetime_operator.py
[2023-08-28 20:29:28,692] {processor.py:641} INFO - Processing file /home/felipe/airflow/venv/lib/python3.9/site-packages/airflow/example_dags/example_branch_datetime_operator.py for tasks to queue
[2023-08-28 20:29:28,694] {logging_mixin.py:115} INFO - [2023-08-28 20:29:28,694] {dagbag.py:507} INFO - Filling up the DagBag from /home/felipe/airflow/venv/lib/python3.9/site-packages/airflow/example_dags/example_branch_datetime_operator.py
[2023-08-28 20:29:28,733] {processor.py:651} INFO - DAG(s) dict_keys(['example_branch_datetime_operator_2']) retrieved from /home/felipe/airflow/venv/lib/python3.9/site-packages/airflow/example_dags/example_branch_datetime_operator.py
[2023-08-28 20:29:28,801] {logging_mixin.py:115} INFO - [2023-08-28 20:29:28,801] {dag.py:2379} INFO - Sync 1 DAGs
[2023-08-28 20:29:28,914] {logging_mixin.py:115} INFO - [2023-08-28 20:29:28,914] {dag.py:2927} INFO - Setting next_dagrun for example_branch_datetime_operator_2 to 2023-08-27T00:00:00+00:00, run_after=2023-08-28T00:00:00+00:00
[2023-08-28 20:29:28,978] {processor.py:161} INFO - Processing /home/felipe/airflow/venv/lib/python3.9/site-packages/airflow/example_dags/example_branch_datetime_operator.py took 0.303 seconds
[2023-08-28 20:31:48,685] {processor.py:153} INFO - Started process (PID=2714) to work on /home/felipe/airflow/venv/lib/python3.9/site-packages/airflow/example_dags/example_branch_datetime_operator.py
[2023-08-28 20:31:48,687] {processor.py:641} INFO - Processing file /home/felipe/airflow/venv/lib/python3.9/site-packages/airflow/example_dags/example_branch_datetime_operator.py for tasks to queue
[2023-08-28 20:31:48,689] {logging_mixin.py:115} INFO - [2023-08-28 20:31:48,688] {dagbag.py:507} INFO - Filling up the DagBag from /home/felipe/airflow/venv/lib/python3.9/site-packages/airflow/example_dags/example_branch_datetime_operator.py
[2023-08-28 20:31:48,729] {processor.py:651} INFO - DAG(s) dict_keys(['example_branch_datetime_operator_2']) retrieved from /home/felipe/airflow/venv/lib/python3.9/site-packages/airflow/example_dags/example_branch_datetime_operator.py
[2023-08-28 20:31:48,793] {logging_mixin.py:115} INFO - [2023-08-28 20:31:48,793] {dag.py:2379} INFO - Sync 1 DAGs
[2023-08-28 20:31:48,845] {logging_mixin.py:115} INFO - [2023-08-28 20:31:48,845] {dag.py:2927} INFO - Setting next_dagrun for example_branch_datetime_operator_2 to 2023-08-27T00:00:00+00:00, run_after=2023-08-28T00:00:00+00:00
[2023-08-28 20:31:48,878] {processor.py:161} INFO - Processing /home/felipe/airflow/venv/lib/python3.9/site-packages/airflow/example_dags/example_branch_datetime_operator.py took 0.207 seconds
[2023-08-28 20:32:49,623] {processor.py:153} INFO - Started process (PID=2970) to work on /home/felipe/airflow/venv/lib/python3.9/site-packages/airflow/example_dags/example_branch_datetime_operator.py
[2023-08-28 20:32:49,625] {processor.py:641} INFO - Processing file /home/felipe/airflow/venv/lib/python3.9/site-packages/airflow/example_dags/example_branch_datetime_operator.py for tasks to queue
[2023-08-28 20:32:49,627] {logging_mixin.py:115} INFO - [2023-08-28 20:32:49,627] {dagbag.py:507} INFO - Filling up the DagBag from /home/felipe/airflow/venv/lib/python3.9/site-packages/airflow/example_dags/example_branch_datetime_operator.py
[2023-08-28 20:32:49,660] {processor.py:651} INFO - DAG(s) dict_keys(['example_branch_datetime_operator_2']) retrieved from /home/felipe/airflow/venv/lib/python3.9/site-packages/airflow/example_dags/example_branch_datetime_operator.py
[2023-08-28 20:32:49,727] {logging_mixin.py:115} INFO - [2023-08-28 20:32:49,727] {dag.py:2379} INFO - Sync 1 DAGs
[2023-08-28 20:32:49,782] {logging_mixin.py:115} INFO - [2023-08-28 20:32:49,781] {dag.py:2927} INFO - Setting next_dagrun for example_branch_datetime_operator_2 to 2023-08-27T00:00:00+00:00, run_after=2023-08-28T00:00:00+00:00
[2023-08-28 20:32:49,828] {processor.py:161} INFO - Processing /home/felipe/airflow/venv/lib/python3.9/site-packages/airflow/example_dags/example_branch_datetime_operator.py took 0.217 seconds
[2023-08-28 20:33:46,433] {processor.py:153} INFO - Started process (PID=3120) to work on /home/felipe/airflow/venv/lib/python3.9/site-packages/airflow/example_dags/example_branch_datetime_operator.py
[2023-08-28 20:33:46,435] {processor.py:641} INFO - Processing file /home/felipe/airflow/venv/lib/python3.9/site-packages/airflow/example_dags/example_branch_datetime_operator.py for tasks to queue
[2023-08-28 20:33:46,437] {logging_mixin.py:115} INFO - [2023-08-28 20:33:46,437] {dagbag.py:507} INFO - Filling up the DagBag from /home/felipe/airflow/venv/lib/python3.9/site-packages/airflow/example_dags/example_branch_datetime_operator.py
[2023-08-28 20:33:46,463] {processor.py:651} INFO - DAG(s) dict_keys(['example_branch_datetime_operator_2']) retrieved from /home/felipe/airflow/venv/lib/python3.9/site-packages/airflow/example_dags/example_branch_datetime_operator.py
[2023-08-28 20:33:46,519] {logging_mixin.py:115} INFO - [2023-08-28 20:33:46,519] {dag.py:2379} INFO - Sync 1 DAGs
[2023-08-28 20:33:46,576] {logging_mixin.py:115} INFO - [2023-08-28 20:33:46,575] {dag.py:2927} INFO - Setting next_dagrun for example_branch_datetime_operator_2 to 2023-08-27T00:00:00+00:00, run_after=2023-08-28T00:00:00+00:00
[2023-08-28 20:33:46,615] {processor.py:161} INFO - Processing /home/felipe/airflow/venv/lib/python3.9/site-packages/airflow/example_dags/example_branch_datetime_operator.py took 0.195 seconds
[2023-08-28 20:34:37,928] {processor.py:153} INFO - Started process (PID=3266) to work on /home/felipe/airflow/venv/lib/python3.9/site-packages/airflow/example_dags/example_branch_datetime_operator.py
[2023-08-28 20:34:37,930] {processor.py:641} INFO - Processing file /home/felipe/airflow/venv/lib/python3.9/site-packages/airflow/example_dags/example_branch_datetime_operator.py for tasks to queue
[2023-08-28 20:34:37,931] {logging_mixin.py:115} INFO - [2023-08-28 20:34:37,931] {dagbag.py:507} INFO - Filling up the DagBag from /home/felipe/airflow/venv/lib/python3.9/site-packages/airflow/example_dags/example_branch_datetime_operator.py
[2023-08-28 20:34:37,964] {processor.py:651} INFO - DAG(s) dict_keys(['example_branch_datetime_operator_2']) retrieved from /home/felipe/airflow/venv/lib/python3.9/site-packages/airflow/example_dags/example_branch_datetime_operator.py
[2023-08-28 20:34:38,030] {logging_mixin.py:115} INFO - [2023-08-28 20:34:38,030] {dag.py:2379} INFO - Sync 1 DAGs
[2023-08-28 20:34:38,080] {logging_mixin.py:115} INFO - [2023-08-28 20:34:38,079] {dag.py:2927} INFO - Setting next_dagrun for example_branch_datetime_operator_2 to 2023-08-27T00:00:00+00:00, run_after=2023-08-28T00:00:00+00:00
[2023-08-28 20:34:38,110] {processor.py:161} INFO - Processing /home/felipe/airflow/venv/lib/python3.9/site-packages/airflow/example_dags/example_branch_datetime_operator.py took 0.195 seconds
[2023-08-28 20:35:35,695] {processor.py:153} INFO - Started process (PID=3416) to work on /home/felipe/airflow/venv/lib/python3.9/site-packages/airflow/example_dags/example_branch_datetime_operator.py
[2023-08-28 20:35:35,697] {processor.py:641} INFO - Processing file /home/felipe/airflow/venv/lib/python3.9/site-packages/airflow/example_dags/example_branch_datetime_operator.py for tasks to queue
[2023-08-28 20:35:35,699] {logging_mixin.py:115} INFO - [2023-08-28 20:35:35,699] {dagbag.py:507} INFO - Filling up the DagBag from /home/felipe/airflow/venv/lib/python3.9/site-packages/airflow/example_dags/example_branch_datetime_operator.py
[2023-08-28 20:35:35,735] {processor.py:651} INFO - DAG(s) dict_keys(['example_branch_datetime_operator_2']) retrieved from /home/felipe/airflow/venv/lib/python3.9/site-packages/airflow/example_dags/example_branch_datetime_operator.py
[2023-08-28 20:35:35,798] {logging_mixin.py:115} INFO - [2023-08-28 20:35:35,797] {dag.py:2379} INFO - Sync 1 DAGs
[2023-08-28 20:35:35,845] {logging_mixin.py:115} INFO - [2023-08-28 20:35:35,845] {dag.py:2927} INFO - Setting next_dagrun for example_branch_datetime_operator_2 to 2023-08-27T00:00:00+00:00, run_after=2023-08-28T00:00:00+00:00
[2023-08-28 20:35:35,881] {processor.py:161} INFO - Processing /home/felipe/airflow/venv/lib/python3.9/site-packages/airflow/example_dags/example_branch_datetime_operator.py took 0.204 seconds
[2023-08-28 20:36:25,431] {processor.py:153} INFO - Started process (PID=3560) to work on /home/felipe/airflow/venv/lib/python3.9/site-packages/airflow/example_dags/example_branch_datetime_operator.py
[2023-08-28 20:36:25,433] {processor.py:641} INFO - Processing file /home/felipe/airflow/venv/lib/python3.9/site-packages/airflow/example_dags/example_branch_datetime_operator.py for tasks to queue
[2023-08-28 20:36:25,435] {logging_mixin.py:115} INFO - [2023-08-28 20:36:25,435] {dagbag.py:507} INFO - Filling up the DagBag from /home/felipe/airflow/venv/lib/python3.9/site-packages/airflow/example_dags/example_branch_datetime_operator.py
[2023-08-28 20:36:25,478] {processor.py:651} INFO - DAG(s) dict_keys(['example_branch_datetime_operator_2']) retrieved from /home/felipe/airflow/venv/lib/python3.9/site-packages/airflow/example_dags/example_branch_datetime_operator.py
[2023-08-28 20:36:25,558] {logging_mixin.py:115} INFO - [2023-08-28 20:36:25,557] {dag.py:2379} INFO - Sync 1 DAGs
[2023-08-28 20:36:25,614] {logging_mixin.py:115} INFO - [2023-08-28 20:36:25,614] {dag.py:2927} INFO - Setting next_dagrun for example_branch_datetime_operator_2 to 2023-08-27T00:00:00+00:00, run_after=2023-08-28T00:00:00+00:00
[2023-08-28 20:36:25,649] {processor.py:161} INFO - Processing /home/felipe/airflow/venv/lib/python3.9/site-packages/airflow/example_dags/example_branch_datetime_operator.py took 0.233 seconds
[2023-08-28 20:37:17,202] {processor.py:153} INFO - Started process (PID=3757) to work on /home/felipe/airflow/venv/lib/python3.9/site-packages/airflow/example_dags/example_branch_datetime_operator.py
[2023-08-28 20:37:17,203] {processor.py:641} INFO - Processing file /home/felipe/airflow/venv/lib/python3.9/site-packages/airflow/example_dags/example_branch_datetime_operator.py for tasks to queue
[2023-08-28 20:37:17,205] {logging_mixin.py:115} INFO - [2023-08-28 20:37:17,204] {dagbag.py:507} INFO - Filling up the DagBag from /home/felipe/airflow/venv/lib/python3.9/site-packages/airflow/example_dags/example_branch_datetime_operator.py
[2023-08-28 20:37:17,243] {processor.py:651} INFO - DAG(s) dict_keys(['example_branch_datetime_operator_2']) retrieved from /home/felipe/airflow/venv/lib/python3.9/site-packages/airflow/example_dags/example_branch_datetime_operator.py
[2023-08-28 20:37:17,288] {logging_mixin.py:115} INFO - [2023-08-28 20:37:17,288] {dag.py:2379} INFO - Sync 1 DAGs
[2023-08-28 20:37:17,337] {logging_mixin.py:115} INFO - [2023-08-28 20:37:17,337] {dag.py:2927} INFO - Setting next_dagrun for example_branch_datetime_operator_2 to 2023-08-27T00:00:00+00:00, run_after=2023-08-28T00:00:00+00:00
[2023-08-28 20:37:17,371] {processor.py:161} INFO - Processing /home/felipe/airflow/venv/lib/python3.9/site-packages/airflow/example_dags/example_branch_datetime_operator.py took 0.180 seconds
[2023-08-28 20:38:15,499] {processor.py:153} INFO - Started process (PID=3905) to work on /home/felipe/airflow/venv/lib/python3.9/site-packages/airflow/example_dags/example_branch_datetime_operator.py
[2023-08-28 20:38:15,501] {processor.py:641} INFO - Processing file /home/felipe/airflow/venv/lib/python3.9/site-packages/airflow/example_dags/example_branch_datetime_operator.py for tasks to queue
[2023-08-28 20:38:15,502] {logging_mixin.py:115} INFO - [2023-08-28 20:38:15,502] {dagbag.py:507} INFO - Filling up the DagBag from /home/felipe/airflow/venv/lib/python3.9/site-packages/airflow/example_dags/example_branch_datetime_operator.py
[2023-08-28 20:38:15,551] {processor.py:651} INFO - DAG(s) dict_keys(['example_branch_datetime_operator_2']) retrieved from /home/felipe/airflow/venv/lib/python3.9/site-packages/airflow/example_dags/example_branch_datetime_operator.py
[2023-08-28 20:38:15,604] {logging_mixin.py:115} INFO - [2023-08-28 20:38:15,604] {dag.py:2379} INFO - Sync 1 DAGs
[2023-08-28 20:38:15,654] {logging_mixin.py:115} INFO - [2023-08-28 20:38:15,654] {dag.py:2927} INFO - Setting next_dagrun for example_branch_datetime_operator_2 to 2023-08-27T00:00:00+00:00, run_after=2023-08-28T00:00:00+00:00
[2023-08-28 20:38:15,685] {processor.py:161} INFO - Processing /home/felipe/airflow/venv/lib/python3.9/site-packages/airflow/example_dags/example_branch_datetime_operator.py took 0.200 seconds
[2023-08-28 20:39:08,755] {processor.py:153} INFO - Started process (PID=4053) to work on /home/felipe/airflow/venv/lib/python3.9/site-packages/airflow/example_dags/example_branch_datetime_operator.py
[2023-08-28 20:39:08,757] {processor.py:641} INFO - Processing file /home/felipe/airflow/venv/lib/python3.9/site-packages/airflow/example_dags/example_branch_datetime_operator.py for tasks to queue
[2023-08-28 20:39:08,759] {logging_mixin.py:115} INFO - [2023-08-28 20:39:08,759] {dagbag.py:507} INFO - Filling up the DagBag from /home/felipe/airflow/venv/lib/python3.9/site-packages/airflow/example_dags/example_branch_datetime_operator.py
[2023-08-28 20:39:08,808] {processor.py:651} INFO - DAG(s) dict_keys(['example_branch_datetime_operator_2']) retrieved from /home/felipe/airflow/venv/lib/python3.9/site-packages/airflow/example_dags/example_branch_datetime_operator.py
[2023-08-28 20:39:08,860] {logging_mixin.py:115} INFO - [2023-08-28 20:39:08,859] {dag.py:2379} INFO - Sync 1 DAGs
[2023-08-28 20:39:08,909] {logging_mixin.py:115} INFO - [2023-08-28 20:39:08,909] {dag.py:2927} INFO - Setting next_dagrun for example_branch_datetime_operator_2 to 2023-08-27T00:00:00+00:00, run_after=2023-08-28T00:00:00+00:00
[2023-08-28 20:39:08,943] {processor.py:161} INFO - Processing /home/felipe/airflow/venv/lib/python3.9/site-packages/airflow/example_dags/example_branch_datetime_operator.py took 0.201 seconds
[2023-08-28 20:42:17,602] {processor.py:153} INFO - Started process (PID=5817) to work on /home/felipe/airflow/venv/lib/python3.9/site-packages/airflow/example_dags/example_branch_datetime_operator.py
[2023-08-28 20:42:17,605] {processor.py:641} INFO - Processing file /home/felipe/airflow/venv/lib/python3.9/site-packages/airflow/example_dags/example_branch_datetime_operator.py for tasks to queue
[2023-08-28 20:42:17,608] {logging_mixin.py:115} INFO - [2023-08-28 20:42:17,607] {dagbag.py:507} INFO - Filling up the DagBag from /home/felipe/airflow/venv/lib/python3.9/site-packages/airflow/example_dags/example_branch_datetime_operator.py
[2023-08-28 20:42:17,653] {processor.py:651} INFO - DAG(s) dict_keys(['example_branch_datetime_operator_2']) retrieved from /home/felipe/airflow/venv/lib/python3.9/site-packages/airflow/example_dags/example_branch_datetime_operator.py
[2023-08-28 20:42:17,795] {logging_mixin.py:115} INFO - [2023-08-28 20:42:17,795] {dag.py:2379} INFO - Sync 1 DAGs
[2023-08-28 20:42:17,894] {logging_mixin.py:115} INFO - [2023-08-28 20:42:17,894] {dag.py:2927} INFO - Setting next_dagrun for example_branch_datetime_operator_2 to 2023-08-27T00:00:00+00:00, run_after=2023-08-28T00:00:00+00:00
[2023-08-28 20:42:17,945] {processor.py:161} INFO - Processing /home/felipe/airflow/venv/lib/python3.9/site-packages/airflow/example_dags/example_branch_datetime_operator.py took 0.377 seconds
[2023-08-28 20:43:48,113] {processor.py:153} INFO - Started process (PID=6182) to work on /home/felipe/airflow/venv/lib/python3.9/site-packages/airflow/example_dags/example_branch_datetime_operator.py
[2023-08-28 20:43:48,115] {processor.py:641} INFO - Processing file /home/felipe/airflow/venv/lib/python3.9/site-packages/airflow/example_dags/example_branch_datetime_operator.py for tasks to queue
[2023-08-28 20:43:48,117] {logging_mixin.py:115} INFO - [2023-08-28 20:43:48,116] {dagbag.py:507} INFO - Filling up the DagBag from /home/felipe/airflow/venv/lib/python3.9/site-packages/airflow/example_dags/example_branch_datetime_operator.py
[2023-08-28 20:43:48,150] {processor.py:651} INFO - DAG(s) dict_keys(['example_branch_datetime_operator_2']) retrieved from /home/felipe/airflow/venv/lib/python3.9/site-packages/airflow/example_dags/example_branch_datetime_operator.py
[2023-08-28 20:43:48,243] {logging_mixin.py:115} INFO - [2023-08-28 20:43:48,242] {dag.py:2379} INFO - Sync 1 DAGs
[2023-08-28 20:43:48,311] {logging_mixin.py:115} INFO - [2023-08-28 20:43:48,311] {dag.py:2927} INFO - Setting next_dagrun for example_branch_datetime_operator_2 to 2023-08-27T00:00:00+00:00, run_after=2023-08-28T00:00:00+00:00
[2023-08-28 20:43:48,349] {processor.py:161} INFO - Processing /home/felipe/airflow/venv/lib/python3.9/site-packages/airflow/example_dags/example_branch_datetime_operator.py took 0.249 seconds
