[2023-08-28 19:03:55,638] {processor.py:153} INFO - Started process (PID=7743) to work on /home/felipe/airflow/venv/lib/python3.9/site-packages/airflow/example_dags/example_xcomargs.py
[2023-08-28 19:03:55,643] {processor.py:641} INFO - Processing file /home/felipe/airflow/venv/lib/python3.9/site-packages/airflow/example_dags/example_xcomargs.py for tasks to queue
[2023-08-28 19:03:55,645] {logging_mixin.py:115} INFO - [2023-08-28 19:03:55,645] {dagbag.py:507} INFO - Filling up the DagBag from /home/felipe/airflow/venv/lib/python3.9/site-packages/airflow/example_dags/example_xcomargs.py
[2023-08-28 19:03:55,809] {processor.py:651} INFO - DAG(s) dict_keys(['example_xcom_args', 'example_xcom_args_with_operators']) retrieved from /home/felipe/airflow/venv/lib/python3.9/site-packages/airflow/example_dags/example_xcomargs.py
[2023-08-28 19:03:56,226] {logging_mixin.py:115} INFO - [2023-08-28 19:03:56,225] {manager.py:508} INFO - Created Permission View: can delete on DAG:example_xcom_args
[2023-08-28 19:03:56,295] {logging_mixin.py:115} INFO - [2023-08-28 19:03:56,294] {manager.py:508} INFO - Created Permission View: can read on DAG:example_xcom_args
[2023-08-28 19:03:56,332] {logging_mixin.py:115} INFO - [2023-08-28 19:03:56,332] {manager.py:508} INFO - Created Permission View: can edit on DAG:example_xcom_args
[2023-08-28 19:03:56,532] {logging_mixin.py:115} INFO - [2023-08-28 19:03:56,531] {manager.py:508} INFO - Created Permission View: can delete on DAG:example_xcom_args_with_operators
[2023-08-28 19:03:56,576] {logging_mixin.py:115} INFO - [2023-08-28 19:03:56,575] {manager.py:508} INFO - Created Permission View: can read on DAG:example_xcom_args_with_operators
[2023-08-28 19:03:56,664] {logging_mixin.py:115} INFO - [2023-08-28 19:03:56,664] {manager.py:508} INFO - Created Permission View: can edit on DAG:example_xcom_args_with_operators
[2023-08-28 19:03:56,665] {logging_mixin.py:115} INFO - [2023-08-28 19:03:56,665] {dag.py:2379} INFO - Sync 2 DAGs
[2023-08-28 19:03:56,765] {logging_mixin.py:115} INFO - [2023-08-28 19:03:56,765] {dag.py:2398} INFO - Creating ORM DAG for example_xcom_args
[2023-08-28 19:03:56,766] {logging_mixin.py:115} INFO - [2023-08-28 19:03:56,766] {dag.py:2398} INFO - Creating ORM DAG for example_xcom_args_with_operators
[2023-08-28 19:03:56,885] {logging_mixin.py:115} INFO - [2023-08-28 19:03:56,885] {dag.py:2927} INFO - Setting next_dagrun for example_xcom_args to None, run_after=None
[2023-08-28 19:03:56,887] {logging_mixin.py:115} INFO - [2023-08-28 19:03:56,887] {dag.py:2927} INFO - Setting next_dagrun for example_xcom_args_with_operators to None, run_after=None
[2023-08-28 19:03:57,083] {processor.py:161} INFO - Processing /home/felipe/airflow/venv/lib/python3.9/site-packages/airflow/example_dags/example_xcomargs.py took 1.484 seconds
[2023-08-28 19:05:38,305] {processor.py:153} INFO - Started process (PID=8801) to work on /home/felipe/airflow/venv/lib/python3.9/site-packages/airflow/example_dags/example_xcomargs.py
[2023-08-28 19:05:38,307] {processor.py:641} INFO - Processing file /home/felipe/airflow/venv/lib/python3.9/site-packages/airflow/example_dags/example_xcomargs.py for tasks to queue
[2023-08-28 19:05:38,308] {logging_mixin.py:115} INFO - [2023-08-28 19:05:38,308] {dagbag.py:507} INFO - Filling up the DagBag from /home/felipe/airflow/venv/lib/python3.9/site-packages/airflow/example_dags/example_xcomargs.py
[2023-08-28 19:05:38,474] {processor.py:651} INFO - DAG(s) dict_keys(['example_xcom_args', 'example_xcom_args_with_operators']) retrieved from /home/felipe/airflow/venv/lib/python3.9/site-packages/airflow/example_dags/example_xcomargs.py
[2023-08-28 19:05:38,823] {logging_mixin.py:115} INFO - [2023-08-28 19:05:38,823] {dag.py:2379} INFO - Sync 2 DAGs
[2023-08-28 19:05:38,944] {logging_mixin.py:115} INFO - [2023-08-28 19:05:38,944] {dag.py:2927} INFO - Setting next_dagrun for example_xcom_args to None, run_after=None
[2023-08-28 19:05:38,952] {logging_mixin.py:115} INFO - [2023-08-28 19:05:38,952] {dag.py:2927} INFO - Setting next_dagrun for example_xcom_args_with_operators to None, run_after=None
[2023-08-28 19:05:39,025] {processor.py:161} INFO - Processing /home/felipe/airflow/venv/lib/python3.9/site-packages/airflow/example_dags/example_xcomargs.py took 0.738 seconds
[2023-08-28 19:06:21,831] {processor.py:153} INFO - Started process (PID=8985) to work on /home/felipe/airflow/venv/lib/python3.9/site-packages/airflow/example_dags/example_xcomargs.py
[2023-08-28 19:06:21,841] {processor.py:641} INFO - Processing file /home/felipe/airflow/venv/lib/python3.9/site-packages/airflow/example_dags/example_xcomargs.py for tasks to queue
[2023-08-28 19:06:21,844] {logging_mixin.py:115} INFO - [2023-08-28 19:06:21,843] {dagbag.py:507} INFO - Filling up the DagBag from /home/felipe/airflow/venv/lib/python3.9/site-packages/airflow/example_dags/example_xcomargs.py
[2023-08-28 19:06:22,016] {processor.py:651} INFO - DAG(s) dict_keys(['example_xcom_args', 'example_xcom_args_with_operators']) retrieved from /home/felipe/airflow/venv/lib/python3.9/site-packages/airflow/example_dags/example_xcomargs.py
[2023-08-28 19:06:22,549] {logging_mixin.py:115} INFO - [2023-08-28 19:06:22,549] {dag.py:2379} INFO - Sync 2 DAGs
[2023-08-28 19:06:22,746] {logging_mixin.py:115} INFO - [2023-08-28 19:06:22,746] {dag.py:2927} INFO - Setting next_dagrun for example_xcom_args to None, run_after=None
[2023-08-28 19:06:22,747] {logging_mixin.py:115} INFO - [2023-08-28 19:06:22,747] {dag.py:2927} INFO - Setting next_dagrun for example_xcom_args_with_operators to None, run_after=None
[2023-08-28 19:06:22,944] {processor.py:161} INFO - Processing /home/felipe/airflow/venv/lib/python3.9/site-packages/airflow/example_dags/example_xcomargs.py took 1.136 seconds
[2023-08-28 19:07:44,100] {processor.py:153} INFO - Started process (PID=9806) to work on /home/felipe/airflow/venv/lib/python3.9/site-packages/airflow/example_dags/example_xcomargs.py
[2023-08-28 19:07:44,103] {processor.py:641} INFO - Processing file /home/felipe/airflow/venv/lib/python3.9/site-packages/airflow/example_dags/example_xcomargs.py for tasks to queue
[2023-08-28 19:07:44,106] {logging_mixin.py:115} INFO - [2023-08-28 19:07:44,106] {dagbag.py:507} INFO - Filling up the DagBag from /home/felipe/airflow/venv/lib/python3.9/site-packages/airflow/example_dags/example_xcomargs.py
[2023-08-28 19:07:44,327] {processor.py:651} INFO - DAG(s) dict_keys(['example_xcom_args', 'example_xcom_args_with_operators']) retrieved from /home/felipe/airflow/venv/lib/python3.9/site-packages/airflow/example_dags/example_xcomargs.py
[2023-08-28 19:07:44,938] {logging_mixin.py:115} INFO - [2023-08-28 19:07:44,938] {dag.py:2379} INFO - Sync 2 DAGs
[2023-08-28 19:07:45,057] {logging_mixin.py:115} INFO - [2023-08-28 19:07:45,056] {dag.py:2927} INFO - Setting next_dagrun for example_xcom_args to None, run_after=None
[2023-08-28 19:07:45,058] {logging_mixin.py:115} INFO - [2023-08-28 19:07:45,058] {dag.py:2927} INFO - Setting next_dagrun for example_xcom_args_with_operators to None, run_after=None
[2023-08-28 19:07:45,191] {processor.py:161} INFO - Processing /home/felipe/airflow/venv/lib/python3.9/site-packages/airflow/example_dags/example_xcomargs.py took 1.114 seconds
[2023-08-28 19:09:05,367] {processor.py:153} INFO - Started process (PID=10552) to work on /home/felipe/airflow/venv/lib/python3.9/site-packages/airflow/example_dags/example_xcomargs.py
[2023-08-28 19:09:05,369] {processor.py:641} INFO - Processing file /home/felipe/airflow/venv/lib/python3.9/site-packages/airflow/example_dags/example_xcomargs.py for tasks to queue
[2023-08-28 19:09:05,371] {logging_mixin.py:115} INFO - [2023-08-28 19:09:05,370] {dagbag.py:507} INFO - Filling up the DagBag from /home/felipe/airflow/venv/lib/python3.9/site-packages/airflow/example_dags/example_xcomargs.py
[2023-08-28 19:09:05,460] {processor.py:651} INFO - DAG(s) dict_keys(['example_xcom_args', 'example_xcom_args_with_operators']) retrieved from /home/felipe/airflow/venv/lib/python3.9/site-packages/airflow/example_dags/example_xcomargs.py
[2023-08-28 19:09:05,647] {logging_mixin.py:115} INFO - [2023-08-28 19:09:05,646] {dag.py:2379} INFO - Sync 2 DAGs
[2023-08-28 19:09:05,684] {logging_mixin.py:115} INFO - [2023-08-28 19:09:05,684] {dag.py:2927} INFO - Setting next_dagrun for example_xcom_args to None, run_after=None
[2023-08-28 19:09:05,685] {logging_mixin.py:115} INFO - [2023-08-28 19:09:05,685] {dag.py:2927} INFO - Setting next_dagrun for example_xcom_args_with_operators to None, run_after=None
[2023-08-28 19:09:05,731] {processor.py:161} INFO - Processing /home/felipe/airflow/venv/lib/python3.9/site-packages/airflow/example_dags/example_xcomargs.py took 0.381 seconds
[2023-08-28 19:09:59,806] {processor.py:153} INFO - Started process (PID=10896) to work on /home/felipe/airflow/venv/lib/python3.9/site-packages/airflow/example_dags/example_xcomargs.py
[2023-08-28 19:09:59,808] {processor.py:641} INFO - Processing file /home/felipe/airflow/venv/lib/python3.9/site-packages/airflow/example_dags/example_xcomargs.py for tasks to queue
[2023-08-28 19:09:59,810] {logging_mixin.py:115} INFO - [2023-08-28 19:09:59,810] {dagbag.py:507} INFO - Filling up the DagBag from /home/felipe/airflow/venv/lib/python3.9/site-packages/airflow/example_dags/example_xcomargs.py
[2023-08-28 19:09:59,877] {processor.py:651} INFO - DAG(s) dict_keys(['example_xcom_args', 'example_xcom_args_with_operators']) retrieved from /home/felipe/airflow/venv/lib/python3.9/site-packages/airflow/example_dags/example_xcomargs.py
[2023-08-28 19:10:00,018] {logging_mixin.py:115} INFO - [2023-08-28 19:10:00,017] {dag.py:2379} INFO - Sync 2 DAGs
[2023-08-28 19:10:00,056] {logging_mixin.py:115} INFO - [2023-08-28 19:10:00,056] {dag.py:2927} INFO - Setting next_dagrun for example_xcom_args to None, run_after=None
[2023-08-28 19:10:00,057] {logging_mixin.py:115} INFO - [2023-08-28 19:10:00,056] {dag.py:2927} INFO - Setting next_dagrun for example_xcom_args_with_operators to None, run_after=None
[2023-08-28 19:10:00,098] {processor.py:161} INFO - Processing /home/felipe/airflow/venv/lib/python3.9/site-packages/airflow/example_dags/example_xcomargs.py took 0.302 seconds
[2023-08-28 19:10:43,682] {processor.py:153} INFO - Started process (PID=11033) to work on /home/felipe/airflow/venv/lib/python3.9/site-packages/airflow/example_dags/example_xcomargs.py
[2023-08-28 19:10:43,685] {processor.py:641} INFO - Processing file /home/felipe/airflow/venv/lib/python3.9/site-packages/airflow/example_dags/example_xcomargs.py for tasks to queue
[2023-08-28 19:10:43,687] {logging_mixin.py:115} INFO - [2023-08-28 19:10:43,686] {dagbag.py:507} INFO - Filling up the DagBag from /home/felipe/airflow/venv/lib/python3.9/site-packages/airflow/example_dags/example_xcomargs.py
[2023-08-28 19:10:43,772] {processor.py:651} INFO - DAG(s) dict_keys(['example_xcom_args', 'example_xcom_args_with_operators']) retrieved from /home/felipe/airflow/venv/lib/python3.9/site-packages/airflow/example_dags/example_xcomargs.py
[2023-08-28 19:10:43,836] {logging_mixin.py:115} INFO - [2023-08-28 19:10:43,836] {dag.py:2379} INFO - Sync 2 DAGs
[2023-08-28 19:10:43,876] {logging_mixin.py:115} INFO - [2023-08-28 19:10:43,875] {dag.py:2927} INFO - Setting next_dagrun for example_xcom_args to None, run_after=None
[2023-08-28 19:10:43,876] {logging_mixin.py:115} INFO - [2023-08-28 19:10:43,876] {dag.py:2927} INFO - Setting next_dagrun for example_xcom_args_with_operators to None, run_after=None
[2023-08-28 19:10:43,908] {processor.py:161} INFO - Processing /home/felipe/airflow/venv/lib/python3.9/site-packages/airflow/example_dags/example_xcomargs.py took 0.240 seconds
[2023-08-28 19:11:26,241] {processor.py:153} INFO - Started process (PID=11166) to work on /home/felipe/airflow/venv/lib/python3.9/site-packages/airflow/example_dags/example_xcomargs.py
[2023-08-28 19:11:26,243] {processor.py:641} INFO - Processing file /home/felipe/airflow/venv/lib/python3.9/site-packages/airflow/example_dags/example_xcomargs.py for tasks to queue
[2023-08-28 19:11:26,244] {logging_mixin.py:115} INFO - [2023-08-28 19:11:26,244] {dagbag.py:507} INFO - Filling up the DagBag from /home/felipe/airflow/venv/lib/python3.9/site-packages/airflow/example_dags/example_xcomargs.py
[2023-08-28 19:11:26,332] {processor.py:651} INFO - DAG(s) dict_keys(['example_xcom_args', 'example_xcom_args_with_operators']) retrieved from /home/felipe/airflow/venv/lib/python3.9/site-packages/airflow/example_dags/example_xcomargs.py
[2023-08-28 19:11:26,418] {logging_mixin.py:115} INFO - [2023-08-28 19:11:26,417] {dag.py:2379} INFO - Sync 2 DAGs
[2023-08-28 19:11:26,464] {logging_mixin.py:115} INFO - [2023-08-28 19:11:26,464] {dag.py:2927} INFO - Setting next_dagrun for example_xcom_args to None, run_after=None
[2023-08-28 19:11:26,465] {logging_mixin.py:115} INFO - [2023-08-28 19:11:26,464] {dag.py:2927} INFO - Setting next_dagrun for example_xcom_args_with_operators to None, run_after=None
[2023-08-28 19:11:26,496] {processor.py:161} INFO - Processing /home/felipe/airflow/venv/lib/python3.9/site-packages/airflow/example_dags/example_xcomargs.py took 0.270 seconds
[2023-08-28 19:12:02,123] {processor.py:153} INFO - Started process (PID=11246) to work on /home/felipe/airflow/venv/lib/python3.9/site-packages/airflow/example_dags/example_xcomargs.py
[2023-08-28 19:12:02,125] {processor.py:641} INFO - Processing file /home/felipe/airflow/venv/lib/python3.9/site-packages/airflow/example_dags/example_xcomargs.py for tasks to queue
[2023-08-28 19:12:02,134] {logging_mixin.py:115} INFO - [2023-08-28 19:12:02,133] {dagbag.py:507} INFO - Filling up the DagBag from /home/felipe/airflow/venv/lib/python3.9/site-packages/airflow/example_dags/example_xcomargs.py
[2023-08-28 19:12:02,285] {processor.py:651} INFO - DAG(s) dict_keys(['example_xcom_args', 'example_xcom_args_with_operators']) retrieved from /home/felipe/airflow/venv/lib/python3.9/site-packages/airflow/example_dags/example_xcomargs.py
[2023-08-28 19:12:02,532] {logging_mixin.py:115} INFO - [2023-08-28 19:12:02,532] {dag.py:2379} INFO - Sync 2 DAGs
[2023-08-28 19:12:02,573] {logging_mixin.py:115} INFO - [2023-08-28 19:12:02,573] {dag.py:2927} INFO - Setting next_dagrun for example_xcom_args to None, run_after=None
[2023-08-28 19:12:02,575] {logging_mixin.py:115} INFO - [2023-08-28 19:12:02,574] {dag.py:2927} INFO - Setting next_dagrun for example_xcom_args_with_operators to None, run_after=None
[2023-08-28 19:12:02,623] {processor.py:161} INFO - Processing /home/felipe/airflow/venv/lib/python3.9/site-packages/airflow/example_dags/example_xcomargs.py took 0.520 seconds
[2023-08-28 19:13:02,867] {processor.py:153} INFO - Started process (PID=11479) to work on /home/felipe/airflow/venv/lib/python3.9/site-packages/airflow/example_dags/example_xcomargs.py
[2023-08-28 19:13:02,919] {processor.py:641} INFO - Processing file /home/felipe/airflow/venv/lib/python3.9/site-packages/airflow/example_dags/example_xcomargs.py for tasks to queue
[2023-08-28 19:13:02,923] {logging_mixin.py:115} INFO - [2023-08-28 19:13:02,923] {dagbag.py:507} INFO - Filling up the DagBag from /home/felipe/airflow/venv/lib/python3.9/site-packages/airflow/example_dags/example_xcomargs.py
[2023-08-28 19:13:03,355] {processor.py:651} INFO - DAG(s) dict_keys(['example_xcom_args', 'example_xcom_args_with_operators']) retrieved from /home/felipe/airflow/venv/lib/python3.9/site-packages/airflow/example_dags/example_xcomargs.py
[2023-08-28 19:13:04,498] {logging_mixin.py:115} INFO - [2023-08-28 19:13:04,498] {dag.py:2379} INFO - Sync 2 DAGs
[2023-08-28 19:13:05,123] {logging_mixin.py:115} INFO - [2023-08-28 19:13:05,122] {dag.py:2927} INFO - Setting next_dagrun for example_xcom_args to None, run_after=None
[2023-08-28 19:13:05,132] {logging_mixin.py:115} INFO - [2023-08-28 19:13:05,131] {dag.py:2927} INFO - Setting next_dagrun for example_xcom_args_with_operators to None, run_after=None
[2023-08-28 19:13:05,657] {processor.py:161} INFO - Processing /home/felipe/airflow/venv/lib/python3.9/site-packages/airflow/example_dags/example_xcomargs.py took 2.848 seconds
[2023-08-28 19:14:09,489] {processor.py:153} INFO - Started process (PID=11993) to work on /home/felipe/airflow/venv/lib/python3.9/site-packages/airflow/example_dags/example_xcomargs.py
[2023-08-28 19:14:09,493] {processor.py:641} INFO - Processing file /home/felipe/airflow/venv/lib/python3.9/site-packages/airflow/example_dags/example_xcomargs.py for tasks to queue
[2023-08-28 19:14:09,496] {logging_mixin.py:115} INFO - [2023-08-28 19:14:09,495] {dagbag.py:507} INFO - Filling up the DagBag from /home/felipe/airflow/venv/lib/python3.9/site-packages/airflow/example_dags/example_xcomargs.py
[2023-08-28 19:14:09,629] {processor.py:651} INFO - DAG(s) dict_keys(['example_xcom_args', 'example_xcom_args_with_operators']) retrieved from /home/felipe/airflow/venv/lib/python3.9/site-packages/airflow/example_dags/example_xcomargs.py
[2023-08-28 19:14:09,748] {logging_mixin.py:115} INFO - [2023-08-28 19:14:09,748] {dag.py:2379} INFO - Sync 2 DAGs
[2023-08-28 19:14:09,862] {logging_mixin.py:115} INFO - [2023-08-28 19:14:09,861] {dag.py:2927} INFO - Setting next_dagrun for example_xcom_args to None, run_after=None
[2023-08-28 19:14:09,863] {logging_mixin.py:115} INFO - [2023-08-28 19:14:09,862] {dag.py:2927} INFO - Setting next_dagrun for example_xcom_args_with_operators to None, run_after=None
[2023-08-28 19:14:09,926] {processor.py:161} INFO - Processing /home/felipe/airflow/venv/lib/python3.9/site-packages/airflow/example_dags/example_xcomargs.py took 0.461 seconds
[2023-08-28 19:14:58,740] {processor.py:153} INFO - Started process (PID=12293) to work on /home/felipe/airflow/venv/lib/python3.9/site-packages/airflow/example_dags/example_xcomargs.py
[2023-08-28 19:14:58,743] {processor.py:641} INFO - Processing file /home/felipe/airflow/venv/lib/python3.9/site-packages/airflow/example_dags/example_xcomargs.py for tasks to queue
[2023-08-28 19:14:58,754] {logging_mixin.py:115} INFO - [2023-08-28 19:14:58,754] {dagbag.py:507} INFO - Filling up the DagBag from /home/felipe/airflow/venv/lib/python3.9/site-packages/airflow/example_dags/example_xcomargs.py
[2023-08-28 19:14:59,058] {processor.py:651} INFO - DAG(s) dict_keys(['example_xcom_args', 'example_xcom_args_with_operators']) retrieved from /home/felipe/airflow/venv/lib/python3.9/site-packages/airflow/example_dags/example_xcomargs.py
[2023-08-28 19:14:59,338] {logging_mixin.py:115} INFO - [2023-08-28 19:14:59,338] {dag.py:2379} INFO - Sync 2 DAGs
[2023-08-28 19:14:59,670] {logging_mixin.py:115} INFO - [2023-08-28 19:14:59,670] {dag.py:2927} INFO - Setting next_dagrun for example_xcom_args to None, run_after=None
[2023-08-28 19:14:59,672] {logging_mixin.py:115} INFO - [2023-08-28 19:14:59,671] {dag.py:2927} INFO - Setting next_dagrun for example_xcom_args_with_operators to None, run_after=None
[2023-08-28 19:14:59,937] {processor.py:161} INFO - Processing /home/felipe/airflow/venv/lib/python3.9/site-packages/airflow/example_dags/example_xcomargs.py took 1.244 seconds
[2023-08-28 19:15:47,604] {processor.py:153} INFO - Started process (PID=12504) to work on /home/felipe/airflow/venv/lib/python3.9/site-packages/airflow/example_dags/example_xcomargs.py
[2023-08-28 19:15:47,606] {processor.py:641} INFO - Processing file /home/felipe/airflow/venv/lib/python3.9/site-packages/airflow/example_dags/example_xcomargs.py for tasks to queue
[2023-08-28 19:15:47,608] {logging_mixin.py:115} INFO - [2023-08-28 19:15:47,608] {dagbag.py:507} INFO - Filling up the DagBag from /home/felipe/airflow/venv/lib/python3.9/site-packages/airflow/example_dags/example_xcomargs.py
[2023-08-28 19:15:47,711] {processor.py:651} INFO - DAG(s) dict_keys(['example_xcom_args', 'example_xcom_args_with_operators']) retrieved from /home/felipe/airflow/venv/lib/python3.9/site-packages/airflow/example_dags/example_xcomargs.py
[2023-08-28 19:15:47,798] {logging_mixin.py:115} INFO - [2023-08-28 19:15:47,797] {dag.py:2379} INFO - Sync 2 DAGs
[2023-08-28 19:15:47,895] {logging_mixin.py:115} INFO - [2023-08-28 19:15:47,895] {dag.py:2927} INFO - Setting next_dagrun for example_xcom_args to None, run_after=None
[2023-08-28 19:15:47,897] {logging_mixin.py:115} INFO - [2023-08-28 19:15:47,897] {dag.py:2927} INFO - Setting next_dagrun for example_xcom_args_with_operators to None, run_after=None
[2023-08-28 19:15:47,958] {processor.py:161} INFO - Processing /home/felipe/airflow/venv/lib/python3.9/site-packages/airflow/example_dags/example_xcomargs.py took 0.368 seconds
[2023-08-28 19:16:47,458] {processor.py:153} INFO - Started process (PID=12594) to work on /home/felipe/airflow/venv/lib/python3.9/site-packages/airflow/example_dags/example_xcomargs.py
[2023-08-28 19:16:47,466] {processor.py:641} INFO - Processing file /home/felipe/airflow/venv/lib/python3.9/site-packages/airflow/example_dags/example_xcomargs.py for tasks to queue
[2023-08-28 19:16:47,476] {logging_mixin.py:115} INFO - [2023-08-28 19:16:47,476] {dagbag.py:507} INFO - Filling up the DagBag from /home/felipe/airflow/venv/lib/python3.9/site-packages/airflow/example_dags/example_xcomargs.py
[2023-08-28 19:16:47,675] {processor.py:651} INFO - DAG(s) dict_keys(['example_xcom_args', 'example_xcom_args_with_operators']) retrieved from /home/felipe/airflow/venv/lib/python3.9/site-packages/airflow/example_dags/example_xcomargs.py
[2023-08-28 19:16:47,790] {logging_mixin.py:115} INFO - [2023-08-28 19:16:47,789] {dag.py:2379} INFO - Sync 2 DAGs
[2023-08-28 19:16:47,890] {logging_mixin.py:115} INFO - [2023-08-28 19:16:47,890] {dag.py:2927} INFO - Setting next_dagrun for example_xcom_args to None, run_after=None
[2023-08-28 19:16:47,892] {logging_mixin.py:115} INFO - [2023-08-28 19:16:47,891] {dag.py:2927} INFO - Setting next_dagrun for example_xcom_args_with_operators to None, run_after=None
[2023-08-28 19:16:47,978] {processor.py:161} INFO - Processing /home/felipe/airflow/venv/lib/python3.9/site-packages/airflow/example_dags/example_xcomargs.py took 0.569 seconds
[2023-08-28 19:17:31,036] {processor.py:153} INFO - Started process (PID=12896) to work on /home/felipe/airflow/venv/lib/python3.9/site-packages/airflow/example_dags/example_xcomargs.py
[2023-08-28 19:17:31,044] {processor.py:641} INFO - Processing file /home/felipe/airflow/venv/lib/python3.9/site-packages/airflow/example_dags/example_xcomargs.py for tasks to queue
[2023-08-28 19:17:31,048] {logging_mixin.py:115} INFO - [2023-08-28 19:17:31,047] {dagbag.py:507} INFO - Filling up the DagBag from /home/felipe/airflow/venv/lib/python3.9/site-packages/airflow/example_dags/example_xcomargs.py
[2023-08-28 19:17:31,264] {processor.py:651} INFO - DAG(s) dict_keys(['example_xcom_args', 'example_xcom_args_with_operators']) retrieved from /home/felipe/airflow/venv/lib/python3.9/site-packages/airflow/example_dags/example_xcomargs.py
[2023-08-28 19:17:31,468] {logging_mixin.py:115} INFO - [2023-08-28 19:17:31,468] {dag.py:2379} INFO - Sync 2 DAGs
[2023-08-28 19:17:31,597] {logging_mixin.py:115} INFO - [2023-08-28 19:17:31,597] {dag.py:2927} INFO - Setting next_dagrun for example_xcom_args to None, run_after=None
[2023-08-28 19:17:31,598] {logging_mixin.py:115} INFO - [2023-08-28 19:17:31,598] {dag.py:2927} INFO - Setting next_dagrun for example_xcom_args_with_operators to None, run_after=None
[2023-08-28 19:17:31,667] {processor.py:161} INFO - Processing /home/felipe/airflow/venv/lib/python3.9/site-packages/airflow/example_dags/example_xcomargs.py took 0.673 seconds
[2023-08-28 19:18:27,837] {processor.py:153} INFO - Started process (PID=13004) to work on /home/felipe/airflow/venv/lib/python3.9/site-packages/airflow/example_dags/example_xcomargs.py
[2023-08-28 19:18:27,849] {processor.py:641} INFO - Processing file /home/felipe/airflow/venv/lib/python3.9/site-packages/airflow/example_dags/example_xcomargs.py for tasks to queue
[2023-08-28 19:18:27,853] {logging_mixin.py:115} INFO - [2023-08-28 19:18:27,853] {dagbag.py:507} INFO - Filling up the DagBag from /home/felipe/airflow/venv/lib/python3.9/site-packages/airflow/example_dags/example_xcomargs.py
[2023-08-28 19:18:28,087] {processor.py:651} INFO - DAG(s) dict_keys(['example_xcom_args', 'example_xcom_args_with_operators']) retrieved from /home/felipe/airflow/venv/lib/python3.9/site-packages/airflow/example_dags/example_xcomargs.py
[2023-08-28 19:18:28,585] {logging_mixin.py:115} INFO - [2023-08-28 19:18:28,585] {dag.py:2379} INFO - Sync 2 DAGs
[2023-08-28 19:18:28,701] {logging_mixin.py:115} INFO - [2023-08-28 19:18:28,701] {dag.py:2927} INFO - Setting next_dagrun for example_xcom_args to None, run_after=None
[2023-08-28 19:18:28,703] {logging_mixin.py:115} INFO - [2023-08-28 19:18:28,703] {dag.py:2927} INFO - Setting next_dagrun for example_xcom_args_with_operators to None, run_after=None
[2023-08-28 19:18:28,801] {processor.py:161} INFO - Processing /home/felipe/airflow/venv/lib/python3.9/site-packages/airflow/example_dags/example_xcomargs.py took 1.001 seconds
[2023-08-28 19:19:46,622] {processor.py:153} INFO - Started process (PID=13279) to work on /home/felipe/airflow/venv/lib/python3.9/site-packages/airflow/example_dags/example_xcomargs.py
[2023-08-28 19:19:46,625] {processor.py:641} INFO - Processing file /home/felipe/airflow/venv/lib/python3.9/site-packages/airflow/example_dags/example_xcomargs.py for tasks to queue
[2023-08-28 19:19:46,627] {logging_mixin.py:115} INFO - [2023-08-28 19:19:46,627] {dagbag.py:507} INFO - Filling up the DagBag from /home/felipe/airflow/venv/lib/python3.9/site-packages/airflow/example_dags/example_xcomargs.py
[2023-08-28 19:19:46,815] {processor.py:651} INFO - DAG(s) dict_keys(['example_xcom_args', 'example_xcom_args_with_operators']) retrieved from /home/felipe/airflow/venv/lib/python3.9/site-packages/airflow/example_dags/example_xcomargs.py
[2023-08-28 19:19:47,294] {logging_mixin.py:115} INFO - [2023-08-28 19:19:47,293] {dag.py:2379} INFO - Sync 2 DAGs
[2023-08-28 19:19:47,397] {logging_mixin.py:115} INFO - [2023-08-28 19:19:47,396] {dag.py:2927} INFO - Setting next_dagrun for example_xcom_args to None, run_after=None
[2023-08-28 19:19:47,397] {logging_mixin.py:115} INFO - [2023-08-28 19:19:47,397] {dag.py:2927} INFO - Setting next_dagrun for example_xcom_args_with_operators to None, run_after=None
[2023-08-28 19:19:47,509] {processor.py:161} INFO - Processing /home/felipe/airflow/venv/lib/python3.9/site-packages/airflow/example_dags/example_xcomargs.py took 0.916 seconds
[2023-08-28 19:20:58,665] {processor.py:153} INFO - Started process (PID=13913) to work on /home/felipe/airflow/venv/lib/python3.9/site-packages/airflow/example_dags/example_xcomargs.py
[2023-08-28 19:20:58,673] {processor.py:641} INFO - Processing file /home/felipe/airflow/venv/lib/python3.9/site-packages/airflow/example_dags/example_xcomargs.py for tasks to queue
[2023-08-28 19:20:58,674] {logging_mixin.py:115} INFO - [2023-08-28 19:20:58,674] {dagbag.py:507} INFO - Filling up the DagBag from /home/felipe/airflow/venv/lib/python3.9/site-packages/airflow/example_dags/example_xcomargs.py
[2023-08-28 19:20:59,073] {processor.py:651} INFO - DAG(s) dict_keys(['example_xcom_args', 'example_xcom_args_with_operators']) retrieved from /home/felipe/airflow/venv/lib/python3.9/site-packages/airflow/example_dags/example_xcomargs.py
[2023-08-28 19:21:01,643] {logging_mixin.py:115} INFO - [2023-08-28 19:21:01,643] {dag.py:2379} INFO - Sync 2 DAGs
[2023-08-28 19:21:03,113] {logging_mixin.py:115} INFO - [2023-08-28 19:21:03,112] {dag.py:2927} INFO - Setting next_dagrun for example_xcom_args to None, run_after=None
[2023-08-28 19:21:03,114] {logging_mixin.py:115} INFO - [2023-08-28 19:21:03,113] {dag.py:2927} INFO - Setting next_dagrun for example_xcom_args_with_operators to None, run_after=None
[2023-08-28 19:21:03,380] {processor.py:161} INFO - Processing /home/felipe/airflow/venv/lib/python3.9/site-packages/airflow/example_dags/example_xcomargs.py took 4.769 seconds
[2023-08-28 19:21:50,490] {processor.py:153} INFO - Started process (PID=14419) to work on /home/felipe/airflow/venv/lib/python3.9/site-packages/airflow/example_dags/example_xcomargs.py
[2023-08-28 19:21:50,492] {processor.py:641} INFO - Processing file /home/felipe/airflow/venv/lib/python3.9/site-packages/airflow/example_dags/example_xcomargs.py for tasks to queue
[2023-08-28 19:21:50,494] {logging_mixin.py:115} INFO - [2023-08-28 19:21:50,494] {dagbag.py:507} INFO - Filling up the DagBag from /home/felipe/airflow/venv/lib/python3.9/site-packages/airflow/example_dags/example_xcomargs.py
[2023-08-28 19:21:50,581] {processor.py:651} INFO - DAG(s) dict_keys(['example_xcom_args', 'example_xcom_args_with_operators']) retrieved from /home/felipe/airflow/venv/lib/python3.9/site-packages/airflow/example_dags/example_xcomargs.py
[2023-08-28 19:21:50,825] {logging_mixin.py:115} INFO - [2023-08-28 19:21:50,825] {dag.py:2379} INFO - Sync 2 DAGs
[2023-08-28 19:21:50,900] {logging_mixin.py:115} INFO - [2023-08-28 19:21:50,900] {dag.py:2927} INFO - Setting next_dagrun for example_xcom_args to None, run_after=None
[2023-08-28 19:21:50,910] {logging_mixin.py:115} INFO - [2023-08-28 19:21:50,910] {dag.py:2927} INFO - Setting next_dagrun for example_xcom_args_with_operators to None, run_after=None
[2023-08-28 19:21:50,979] {processor.py:161} INFO - Processing /home/felipe/airflow/venv/lib/python3.9/site-packages/airflow/example_dags/example_xcomargs.py took 0.503 seconds
[2023-08-28 19:22:41,528] {processor.py:153} INFO - Started process (PID=14884) to work on /home/felipe/airflow/venv/lib/python3.9/site-packages/airflow/example_dags/example_xcomargs.py
[2023-08-28 19:22:41,531] {processor.py:641} INFO - Processing file /home/felipe/airflow/venv/lib/python3.9/site-packages/airflow/example_dags/example_xcomargs.py for tasks to queue
[2023-08-28 19:22:41,533] {logging_mixin.py:115} INFO - [2023-08-28 19:22:41,532] {dagbag.py:507} INFO - Filling up the DagBag from /home/felipe/airflow/venv/lib/python3.9/site-packages/airflow/example_dags/example_xcomargs.py
[2023-08-28 19:22:41,667] {processor.py:651} INFO - DAG(s) dict_keys(['example_xcom_args', 'example_xcom_args_with_operators']) retrieved from /home/felipe/airflow/venv/lib/python3.9/site-packages/airflow/example_dags/example_xcomargs.py
[2023-08-28 19:22:41,852] {logging_mixin.py:115} INFO - [2023-08-28 19:22:41,852] {dag.py:2379} INFO - Sync 2 DAGs
[2023-08-28 19:22:42,085] {logging_mixin.py:115} INFO - [2023-08-28 19:22:42,085] {dag.py:2927} INFO - Setting next_dagrun for example_xcom_args to None, run_after=None
[2023-08-28 19:22:42,086] {logging_mixin.py:115} INFO - [2023-08-28 19:22:42,086] {dag.py:2927} INFO - Setting next_dagrun for example_xcom_args_with_operators to None, run_after=None
[2023-08-28 19:22:42,173] {processor.py:161} INFO - Processing /home/felipe/airflow/venv/lib/python3.9/site-packages/airflow/example_dags/example_xcomargs.py took 0.670 seconds
[2023-08-28 19:23:53,708] {processor.py:153} INFO - Started process (PID=15340) to work on /home/felipe/airflow/venv/lib/python3.9/site-packages/airflow/example_dags/example_xcomargs.py
[2023-08-28 19:23:53,711] {processor.py:641} INFO - Processing file /home/felipe/airflow/venv/lib/python3.9/site-packages/airflow/example_dags/example_xcomargs.py for tasks to queue
[2023-08-28 19:23:53,712] {logging_mixin.py:115} INFO - [2023-08-28 19:23:53,712] {dagbag.py:507} INFO - Filling up the DagBag from /home/felipe/airflow/venv/lib/python3.9/site-packages/airflow/example_dags/example_xcomargs.py
[2023-08-28 19:23:53,829] {processor.py:651} INFO - DAG(s) dict_keys(['example_xcom_args', 'example_xcom_args_with_operators']) retrieved from /home/felipe/airflow/venv/lib/python3.9/site-packages/airflow/example_dags/example_xcomargs.py
[2023-08-28 19:23:54,030] {logging_mixin.py:115} INFO - [2023-08-28 19:23:54,030] {dag.py:2379} INFO - Sync 2 DAGs
[2023-08-28 19:23:54,083] {logging_mixin.py:115} INFO - [2023-08-28 19:23:54,083] {dag.py:2927} INFO - Setting next_dagrun for example_xcom_args to None, run_after=None
[2023-08-28 19:23:54,084] {logging_mixin.py:115} INFO - [2023-08-28 19:23:54,084] {dag.py:2927} INFO - Setting next_dagrun for example_xcom_args_with_operators to None, run_after=None
[2023-08-28 19:23:54,135] {processor.py:161} INFO - Processing /home/felipe/airflow/venv/lib/python3.9/site-packages/airflow/example_dags/example_xcomargs.py took 0.451 seconds
[2023-08-28 19:24:50,076] {processor.py:153} INFO - Started process (PID=15585) to work on /home/felipe/airflow/venv/lib/python3.9/site-packages/airflow/example_dags/example_xcomargs.py
[2023-08-28 19:24:50,078] {processor.py:641} INFO - Processing file /home/felipe/airflow/venv/lib/python3.9/site-packages/airflow/example_dags/example_xcomargs.py for tasks to queue
[2023-08-28 19:24:50,080] {logging_mixin.py:115} INFO - [2023-08-28 19:24:50,079] {dagbag.py:507} INFO - Filling up the DagBag from /home/felipe/airflow/venv/lib/python3.9/site-packages/airflow/example_dags/example_xcomargs.py
[2023-08-28 19:24:50,175] {processor.py:651} INFO - DAG(s) dict_keys(['example_xcom_args', 'example_xcom_args_with_operators']) retrieved from /home/felipe/airflow/venv/lib/python3.9/site-packages/airflow/example_dags/example_xcomargs.py
[2023-08-28 19:24:50,418] {logging_mixin.py:115} INFO - [2023-08-28 19:24:50,417] {dag.py:2379} INFO - Sync 2 DAGs
[2023-08-28 19:24:50,470] {logging_mixin.py:115} INFO - [2023-08-28 19:24:50,469] {dag.py:2927} INFO - Setting next_dagrun for example_xcom_args to None, run_after=None
[2023-08-28 19:24:50,473] {logging_mixin.py:115} INFO - [2023-08-28 19:24:50,473] {dag.py:2927} INFO - Setting next_dagrun for example_xcom_args_with_operators to None, run_after=None
[2023-08-28 19:24:50,525] {processor.py:161} INFO - Processing /home/felipe/airflow/venv/lib/python3.9/site-packages/airflow/example_dags/example_xcomargs.py took 0.466 seconds
[2023-08-28 19:25:45,418] {processor.py:153} INFO - Started process (PID=16078) to work on /home/felipe/airflow/venv/lib/python3.9/site-packages/airflow/example_dags/example_xcomargs.py
[2023-08-28 19:25:45,421] {processor.py:641} INFO - Processing file /home/felipe/airflow/venv/lib/python3.9/site-packages/airflow/example_dags/example_xcomargs.py for tasks to queue
[2023-08-28 19:25:45,426] {logging_mixin.py:115} INFO - [2023-08-28 19:25:45,426] {dagbag.py:507} INFO - Filling up the DagBag from /home/felipe/airflow/venv/lib/python3.9/site-packages/airflow/example_dags/example_xcomargs.py
[2023-08-28 19:25:45,529] {processor.py:651} INFO - DAG(s) dict_keys(['example_xcom_args', 'example_xcom_args_with_operators']) retrieved from /home/felipe/airflow/venv/lib/python3.9/site-packages/airflow/example_dags/example_xcomargs.py
[2023-08-28 19:25:45,650] {logging_mixin.py:115} INFO - [2023-08-28 19:25:45,650] {dag.py:2379} INFO - Sync 2 DAGs
[2023-08-28 19:25:45,722] {logging_mixin.py:115} INFO - [2023-08-28 19:25:45,721] {dag.py:2927} INFO - Setting next_dagrun for example_xcom_args to None, run_after=None
[2023-08-28 19:25:45,727] {logging_mixin.py:115} INFO - [2023-08-28 19:25:45,725] {dag.py:2927} INFO - Setting next_dagrun for example_xcom_args_with_operators to None, run_after=None
[2023-08-28 19:25:45,787] {processor.py:161} INFO - Processing /home/felipe/airflow/venv/lib/python3.9/site-packages/airflow/example_dags/example_xcomargs.py took 0.402 seconds
[2023-08-28 19:26:38,351] {processor.py:153} INFO - Started process (PID=16345) to work on /home/felipe/airflow/venv/lib/python3.9/site-packages/airflow/example_dags/example_xcomargs.py
[2023-08-28 19:26:38,370] {processor.py:641} INFO - Processing file /home/felipe/airflow/venv/lib/python3.9/site-packages/airflow/example_dags/example_xcomargs.py for tasks to queue
[2023-08-28 19:26:38,373] {logging_mixin.py:115} INFO - [2023-08-28 19:26:38,372] {dagbag.py:507} INFO - Filling up the DagBag from /home/felipe/airflow/venv/lib/python3.9/site-packages/airflow/example_dags/example_xcomargs.py
[2023-08-28 19:26:38,754] {processor.py:651} INFO - DAG(s) dict_keys(['example_xcom_args', 'example_xcom_args_with_operators']) retrieved from /home/felipe/airflow/venv/lib/python3.9/site-packages/airflow/example_dags/example_xcomargs.py
[2023-08-28 19:26:40,073] {logging_mixin.py:115} INFO - [2023-08-28 19:26:40,073] {dag.py:2379} INFO - Sync 2 DAGs
[2023-08-28 19:26:40,386] {logging_mixin.py:115} INFO - [2023-08-28 19:26:40,385] {dag.py:2927} INFO - Setting next_dagrun for example_xcom_args to None, run_after=None
[2023-08-28 19:26:40,386] {logging_mixin.py:115} INFO - [2023-08-28 19:26:40,386] {dag.py:2927} INFO - Setting next_dagrun for example_xcom_args_with_operators to None, run_after=None
[2023-08-28 19:26:40,680] {processor.py:161} INFO - Processing /home/felipe/airflow/venv/lib/python3.9/site-packages/airflow/example_dags/example_xcomargs.py took 2.389 seconds
[2023-08-28 20:08:08,440] {processor.py:153} INFO - Started process (PID=24450) to work on /home/felipe/airflow/venv/lib/python3.9/site-packages/airflow/example_dags/example_xcomargs.py
[2023-08-28 20:08:08,469] {processor.py:641} INFO - Processing file /home/felipe/airflow/venv/lib/python3.9/site-packages/airflow/example_dags/example_xcomargs.py for tasks to queue
[2023-08-28 20:08:08,473] {logging_mixin.py:115} INFO - [2023-08-28 20:08:08,472] {dagbag.py:507} INFO - Filling up the DagBag from /home/felipe/airflow/venv/lib/python3.9/site-packages/airflow/example_dags/example_xcomargs.py
[2023-08-28 20:08:09,484] {processor.py:651} INFO - DAG(s) dict_keys(['example_xcom_args', 'example_xcom_args_with_operators']) retrieved from /home/felipe/airflow/venv/lib/python3.9/site-packages/airflow/example_dags/example_xcomargs.py
[2023-08-28 20:08:11,005] {logging_mixin.py:115} INFO - [2023-08-28 20:08:11,004] {dag.py:2379} INFO - Sync 2 DAGs
[2023-08-28 20:08:11,608] {logging_mixin.py:115} INFO - [2023-08-28 20:08:11,588] {dag.py:2927} INFO - Setting next_dagrun for example_xcom_args to None, run_after=None
[2023-08-28 20:08:11,619] {logging_mixin.py:115} INFO - [2023-08-28 20:08:11,619] {dag.py:2927} INFO - Setting next_dagrun for example_xcom_args_with_operators to None, run_after=None
[2023-08-28 20:08:12,121] {processor.py:161} INFO - Processing /home/felipe/airflow/venv/lib/python3.9/site-packages/airflow/example_dags/example_xcomargs.py took 4.038 seconds
[2023-08-28 20:11:09,392] {processor.py:153} INFO - Started process (PID=26199) to work on /home/felipe/airflow/venv/lib/python3.9/site-packages/airflow/example_dags/example_xcomargs.py
[2023-08-28 20:11:09,395] {processor.py:641} INFO - Processing file /home/felipe/airflow/venv/lib/python3.9/site-packages/airflow/example_dags/example_xcomargs.py for tasks to queue
[2023-08-28 20:11:09,399] {logging_mixin.py:115} INFO - [2023-08-28 20:11:09,398] {dagbag.py:507} INFO - Filling up the DagBag from /home/felipe/airflow/venv/lib/python3.9/site-packages/airflow/example_dags/example_xcomargs.py
[2023-08-28 20:11:09,542] {processor.py:651} INFO - DAG(s) dict_keys(['example_xcom_args', 'example_xcom_args_with_operators']) retrieved from /home/felipe/airflow/venv/lib/python3.9/site-packages/airflow/example_dags/example_xcomargs.py
[2023-08-28 20:11:09,732] {logging_mixin.py:115} INFO - [2023-08-28 20:11:09,732] {dag.py:2379} INFO - Sync 2 DAGs
[2023-08-28 20:11:09,781] {logging_mixin.py:115} INFO - [2023-08-28 20:11:09,781] {dag.py:2927} INFO - Setting next_dagrun for example_xcom_args to None, run_after=None
[2023-08-28 20:11:09,782] {logging_mixin.py:115} INFO - [2023-08-28 20:11:09,782] {dag.py:2927} INFO - Setting next_dagrun for example_xcom_args_with_operators to None, run_after=None
[2023-08-28 20:11:09,824] {processor.py:161} INFO - Processing /home/felipe/airflow/venv/lib/python3.9/site-packages/airflow/example_dags/example_xcomargs.py took 0.449 seconds
[2023-08-28 20:13:46,202] {processor.py:153} INFO - Started process (PID=26757) to work on /home/felipe/airflow/venv/lib/python3.9/site-packages/airflow/example_dags/example_xcomargs.py
[2023-08-28 20:13:46,212] {processor.py:641} INFO - Processing file /home/felipe/airflow/venv/lib/python3.9/site-packages/airflow/example_dags/example_xcomargs.py for tasks to queue
[2023-08-28 20:13:46,215] {logging_mixin.py:115} INFO - [2023-08-28 20:13:46,214] {dagbag.py:507} INFO - Filling up the DagBag from /home/felipe/airflow/venv/lib/python3.9/site-packages/airflow/example_dags/example_xcomargs.py
[2023-08-28 20:13:46,500] {processor.py:651} INFO - DAG(s) dict_keys(['example_xcom_args', 'example_xcom_args_with_operators']) retrieved from /home/felipe/airflow/venv/lib/python3.9/site-packages/airflow/example_dags/example_xcomargs.py
[2023-08-28 20:13:47,116] {logging_mixin.py:115} INFO - [2023-08-28 20:13:47,115] {dag.py:2379} INFO - Sync 2 DAGs
[2023-08-28 20:13:47,261] {logging_mixin.py:115} INFO - [2023-08-28 20:13:47,261] {dag.py:2927} INFO - Setting next_dagrun for example_xcom_args to None, run_after=None
[2023-08-28 20:13:47,262] {logging_mixin.py:115} INFO - [2023-08-28 20:13:47,262] {dag.py:2927} INFO - Setting next_dagrun for example_xcom_args_with_operators to None, run_after=None
[2023-08-28 20:13:47,366] {processor.py:161} INFO - Processing /home/felipe/airflow/venv/lib/python3.9/site-packages/airflow/example_dags/example_xcomargs.py took 1.219 seconds
[2023-08-28 20:14:45,281] {processor.py:153} INFO - Started process (PID=27247) to work on /home/felipe/airflow/venv/lib/python3.9/site-packages/airflow/example_dags/example_xcomargs.py
[2023-08-28 20:14:45,283] {processor.py:641} INFO - Processing file /home/felipe/airflow/venv/lib/python3.9/site-packages/airflow/example_dags/example_xcomargs.py for tasks to queue
[2023-08-28 20:14:45,284] {logging_mixin.py:115} INFO - [2023-08-28 20:14:45,284] {dagbag.py:507} INFO - Filling up the DagBag from /home/felipe/airflow/venv/lib/python3.9/site-packages/airflow/example_dags/example_xcomargs.py
[2023-08-28 20:14:45,381] {processor.py:651} INFO - DAG(s) dict_keys(['example_xcom_args', 'example_xcom_args_with_operators']) retrieved from /home/felipe/airflow/venv/lib/python3.9/site-packages/airflow/example_dags/example_xcomargs.py
[2023-08-28 20:14:45,544] {logging_mixin.py:115} INFO - [2023-08-28 20:14:45,544] {dag.py:2379} INFO - Sync 2 DAGs
[2023-08-28 20:14:45,610] {logging_mixin.py:115} INFO - [2023-08-28 20:14:45,610] {dag.py:2927} INFO - Setting next_dagrun for example_xcom_args to None, run_after=None
[2023-08-28 20:14:45,611] {logging_mixin.py:115} INFO - [2023-08-28 20:14:45,610] {dag.py:2927} INFO - Setting next_dagrun for example_xcom_args_with_operators to None, run_after=None
[2023-08-28 20:14:45,662] {processor.py:161} INFO - Processing /home/felipe/airflow/venv/lib/python3.9/site-packages/airflow/example_dags/example_xcomargs.py took 0.393 seconds
[2023-08-28 20:15:33,405] {processor.py:153} INFO - Started process (PID=27445) to work on /home/felipe/airflow/venv/lib/python3.9/site-packages/airflow/example_dags/example_xcomargs.py
[2023-08-28 20:15:33,407] {processor.py:641} INFO - Processing file /home/felipe/airflow/venv/lib/python3.9/site-packages/airflow/example_dags/example_xcomargs.py for tasks to queue
[2023-08-28 20:15:33,410] {logging_mixin.py:115} INFO - [2023-08-28 20:15:33,409] {dagbag.py:507} INFO - Filling up the DagBag from /home/felipe/airflow/venv/lib/python3.9/site-packages/airflow/example_dags/example_xcomargs.py
[2023-08-28 20:15:33,487] {processor.py:651} INFO - DAG(s) dict_keys(['example_xcom_args', 'example_xcom_args_with_operators']) retrieved from /home/felipe/airflow/venv/lib/python3.9/site-packages/airflow/example_dags/example_xcomargs.py
[2023-08-28 20:15:33,537] {logging_mixin.py:115} INFO - [2023-08-28 20:15:33,537] {dag.py:2379} INFO - Sync 2 DAGs
[2023-08-28 20:15:33,577] {logging_mixin.py:115} INFO - [2023-08-28 20:15:33,576] {dag.py:2927} INFO - Setting next_dagrun for example_xcom_args to None, run_after=None
[2023-08-28 20:15:33,577] {logging_mixin.py:115} INFO - [2023-08-28 20:15:33,577] {dag.py:2927} INFO - Setting next_dagrun for example_xcom_args_with_operators to None, run_after=None
[2023-08-28 20:15:33,607] {processor.py:161} INFO - Processing /home/felipe/airflow/venv/lib/python3.9/site-packages/airflow/example_dags/example_xcomargs.py took 0.213 seconds
[2023-08-28 20:16:16,512] {processor.py:153} INFO - Started process (PID=27786) to work on /home/felipe/airflow/venv/lib/python3.9/site-packages/airflow/example_dags/example_xcomargs.py
[2023-08-28 20:16:16,515] {processor.py:641} INFO - Processing file /home/felipe/airflow/venv/lib/python3.9/site-packages/airflow/example_dags/example_xcomargs.py for tasks to queue
[2023-08-28 20:16:16,516] {logging_mixin.py:115} INFO - [2023-08-28 20:16:16,516] {dagbag.py:507} INFO - Filling up the DagBag from /home/felipe/airflow/venv/lib/python3.9/site-packages/airflow/example_dags/example_xcomargs.py
[2023-08-28 20:16:16,600] {processor.py:651} INFO - DAG(s) dict_keys(['example_xcom_args', 'example_xcom_args_with_operators']) retrieved from /home/felipe/airflow/venv/lib/python3.9/site-packages/airflow/example_dags/example_xcomargs.py
[2023-08-28 20:16:16,810] {logging_mixin.py:115} INFO - [2023-08-28 20:16:16,810] {dag.py:2379} INFO - Sync 2 DAGs
[2023-08-28 20:16:16,903] {logging_mixin.py:115} INFO - [2023-08-28 20:16:16,902] {dag.py:2927} INFO - Setting next_dagrun for example_xcom_args to None, run_after=None
[2023-08-28 20:16:16,903] {logging_mixin.py:115} INFO - [2023-08-28 20:16:16,903] {dag.py:2927} INFO - Setting next_dagrun for example_xcom_args_with_operators to None, run_after=None
[2023-08-28 20:16:16,957] {processor.py:161} INFO - Processing /home/felipe/airflow/venv/lib/python3.9/site-packages/airflow/example_dags/example_xcomargs.py took 0.456 seconds
[2023-08-28 20:17:15,738] {processor.py:153} INFO - Started process (PID=28142) to work on /home/felipe/airflow/venv/lib/python3.9/site-packages/airflow/example_dags/example_xcomargs.py
[2023-08-28 20:17:15,741] {processor.py:641} INFO - Processing file /home/felipe/airflow/venv/lib/python3.9/site-packages/airflow/example_dags/example_xcomargs.py for tasks to queue
[2023-08-28 20:17:15,744] {logging_mixin.py:115} INFO - [2023-08-28 20:17:15,744] {dagbag.py:507} INFO - Filling up the DagBag from /home/felipe/airflow/venv/lib/python3.9/site-packages/airflow/example_dags/example_xcomargs.py
[2023-08-28 20:17:15,986] {processor.py:651} INFO - DAG(s) dict_keys(['example_xcom_args', 'example_xcom_args_with_operators']) retrieved from /home/felipe/airflow/venv/lib/python3.9/site-packages/airflow/example_dags/example_xcomargs.py
[2023-08-28 20:17:16,461] {logging_mixin.py:115} INFO - [2023-08-28 20:17:16,460] {dag.py:2379} INFO - Sync 2 DAGs
[2023-08-28 20:17:16,623] {logging_mixin.py:115} INFO - [2023-08-28 20:17:16,623] {dag.py:2927} INFO - Setting next_dagrun for example_xcom_args to None, run_after=None
[2023-08-28 20:17:16,646] {logging_mixin.py:115} INFO - [2023-08-28 20:17:16,646] {dag.py:2927} INFO - Setting next_dagrun for example_xcom_args_with_operators to None, run_after=None
[2023-08-28 20:17:16,713] {processor.py:161} INFO - Processing /home/felipe/airflow/venv/lib/python3.9/site-packages/airflow/example_dags/example_xcomargs.py took 1.055 seconds
[2023-08-28 20:19:18,091] {processor.py:153} INFO - Started process (PID=29505) to work on /home/felipe/airflow/venv/lib/python3.9/site-packages/airflow/example_dags/example_xcomargs.py
[2023-08-28 20:19:18,093] {processor.py:641} INFO - Processing file /home/felipe/airflow/venv/lib/python3.9/site-packages/airflow/example_dags/example_xcomargs.py for tasks to queue
[2023-08-28 20:19:18,094] {logging_mixin.py:115} INFO - [2023-08-28 20:19:18,094] {dagbag.py:507} INFO - Filling up the DagBag from /home/felipe/airflow/venv/lib/python3.9/site-packages/airflow/example_dags/example_xcomargs.py
[2023-08-28 20:19:18,164] {processor.py:651} INFO - DAG(s) dict_keys(['example_xcom_args', 'example_xcom_args_with_operators']) retrieved from /home/felipe/airflow/venv/lib/python3.9/site-packages/airflow/example_dags/example_xcomargs.py
[2023-08-28 20:19:18,276] {logging_mixin.py:115} INFO - [2023-08-28 20:19:18,275] {dag.py:2379} INFO - Sync 2 DAGs
[2023-08-28 20:19:18,310] {logging_mixin.py:115} INFO - [2023-08-28 20:19:18,310] {dag.py:2927} INFO - Setting next_dagrun for example_xcom_args to None, run_after=None
[2023-08-28 20:19:18,311] {logging_mixin.py:115} INFO - [2023-08-28 20:19:18,311] {dag.py:2927} INFO - Setting next_dagrun for example_xcom_args_with_operators to None, run_after=None
[2023-08-28 20:19:18,353] {processor.py:161} INFO - Processing /home/felipe/airflow/venv/lib/python3.9/site-packages/airflow/example_dags/example_xcomargs.py took 0.275 seconds
[2023-08-28 20:20:04,415] {processor.py:153} INFO - Started process (PID=29649) to work on /home/felipe/airflow/venv/lib/python3.9/site-packages/airflow/example_dags/example_xcomargs.py
[2023-08-28 20:20:04,417] {processor.py:641} INFO - Processing file /home/felipe/airflow/venv/lib/python3.9/site-packages/airflow/example_dags/example_xcomargs.py for tasks to queue
[2023-08-28 20:20:04,418] {logging_mixin.py:115} INFO - [2023-08-28 20:20:04,418] {dagbag.py:507} INFO - Filling up the DagBag from /home/felipe/airflow/venv/lib/python3.9/site-packages/airflow/example_dags/example_xcomargs.py
[2023-08-28 20:20:04,484] {processor.py:651} INFO - DAG(s) dict_keys(['example_xcom_args', 'example_xcom_args_with_operators']) retrieved from /home/felipe/airflow/venv/lib/python3.9/site-packages/airflow/example_dags/example_xcomargs.py
[2023-08-28 20:20:04,615] {logging_mixin.py:115} INFO - [2023-08-28 20:20:04,614] {dag.py:2379} INFO - Sync 2 DAGs
[2023-08-28 20:20:04,649] {logging_mixin.py:115} INFO - [2023-08-28 20:20:04,649] {dag.py:2927} INFO - Setting next_dagrun for example_xcom_args to None, run_after=None
[2023-08-28 20:20:04,650] {logging_mixin.py:115} INFO - [2023-08-28 20:20:04,649] {dag.py:2927} INFO - Setting next_dagrun for example_xcom_args_with_operators to None, run_after=None
[2023-08-28 20:20:04,688] {processor.py:161} INFO - Processing /home/felipe/airflow/venv/lib/python3.9/site-packages/airflow/example_dags/example_xcomargs.py took 0.283 seconds
[2023-08-28 20:20:50,517] {processor.py:153} INFO - Started process (PID=29903) to work on /home/felipe/airflow/venv/lib/python3.9/site-packages/airflow/example_dags/example_xcomargs.py
[2023-08-28 20:20:50,520] {processor.py:641} INFO - Processing file /home/felipe/airflow/venv/lib/python3.9/site-packages/airflow/example_dags/example_xcomargs.py for tasks to queue
[2023-08-28 20:20:50,528] {logging_mixin.py:115} INFO - [2023-08-28 20:20:50,523] {dagbag.py:507} INFO - Filling up the DagBag from /home/felipe/airflow/venv/lib/python3.9/site-packages/airflow/example_dags/example_xcomargs.py
[2023-08-28 20:20:50,736] {processor.py:651} INFO - DAG(s) dict_keys(['example_xcom_args', 'example_xcom_args_with_operators']) retrieved from /home/felipe/airflow/venv/lib/python3.9/site-packages/airflow/example_dags/example_xcomargs.py
[2023-08-28 20:20:50,955] {logging_mixin.py:115} INFO - [2023-08-28 20:20:50,955] {dag.py:2379} INFO - Sync 2 DAGs
[2023-08-28 20:20:51,100] {logging_mixin.py:115} INFO - [2023-08-28 20:20:51,099] {dag.py:2927} INFO - Setting next_dagrun for example_xcom_args to None, run_after=None
[2023-08-28 20:20:51,101] {logging_mixin.py:115} INFO - [2023-08-28 20:20:51,100] {dag.py:2927} INFO - Setting next_dagrun for example_xcom_args_with_operators to None, run_after=None
[2023-08-28 20:20:51,358] {processor.py:161} INFO - Processing /home/felipe/airflow/venv/lib/python3.9/site-packages/airflow/example_dags/example_xcomargs.py took 0.878 seconds
[2023-08-28 20:23:02,902] {processor.py:153} INFO - Started process (PID=31283) to work on /home/felipe/airflow/venv/lib/python3.9/site-packages/airflow/example_dags/example_xcomargs.py
[2023-08-28 20:23:02,904] {processor.py:641} INFO - Processing file /home/felipe/airflow/venv/lib/python3.9/site-packages/airflow/example_dags/example_xcomargs.py for tasks to queue
[2023-08-28 20:23:02,906] {logging_mixin.py:115} INFO - [2023-08-28 20:23:02,906] {dagbag.py:507} INFO - Filling up the DagBag from /home/felipe/airflow/venv/lib/python3.9/site-packages/airflow/example_dags/example_xcomargs.py
[2023-08-28 20:23:02,974] {processor.py:651} INFO - DAG(s) dict_keys(['example_xcom_args', 'example_xcom_args_with_operators']) retrieved from /home/felipe/airflow/venv/lib/python3.9/site-packages/airflow/example_dags/example_xcomargs.py
[2023-08-28 20:23:03,088] {logging_mixin.py:115} INFO - [2023-08-28 20:23:03,087] {dag.py:2379} INFO - Sync 2 DAGs
[2023-08-28 20:23:03,131] {logging_mixin.py:115} INFO - [2023-08-28 20:23:03,131] {dag.py:2927} INFO - Setting next_dagrun for example_xcom_args to None, run_after=None
[2023-08-28 20:23:03,132] {logging_mixin.py:115} INFO - [2023-08-28 20:23:03,132] {dag.py:2927} INFO - Setting next_dagrun for example_xcom_args_with_operators to None, run_after=None
[2023-08-28 20:23:03,175] {processor.py:161} INFO - Processing /home/felipe/airflow/venv/lib/python3.9/site-packages/airflow/example_dags/example_xcomargs.py took 0.283 seconds
[2023-08-28 20:23:49,636] {processor.py:153} INFO - Started process (PID=31374) to work on /home/felipe/airflow/venv/lib/python3.9/site-packages/airflow/example_dags/example_xcomargs.py
[2023-08-28 20:23:49,637] {processor.py:641} INFO - Processing file /home/felipe/airflow/venv/lib/python3.9/site-packages/airflow/example_dags/example_xcomargs.py for tasks to queue
[2023-08-28 20:23:49,639] {logging_mixin.py:115} INFO - [2023-08-28 20:23:49,639] {dagbag.py:507} INFO - Filling up the DagBag from /home/felipe/airflow/venv/lib/python3.9/site-packages/airflow/example_dags/example_xcomargs.py
[2023-08-28 20:23:49,715] {processor.py:651} INFO - DAG(s) dict_keys(['example_xcom_args', 'example_xcom_args_with_operators']) retrieved from /home/felipe/airflow/venv/lib/python3.9/site-packages/airflow/example_dags/example_xcomargs.py
[2023-08-28 20:23:49,765] {logging_mixin.py:115} INFO - [2023-08-28 20:23:49,765] {dag.py:2379} INFO - Sync 2 DAGs
[2023-08-28 20:23:49,808] {logging_mixin.py:115} INFO - [2023-08-28 20:23:49,808] {dag.py:2927} INFO - Setting next_dagrun for example_xcom_args to None, run_after=None
[2023-08-28 20:23:49,808] {logging_mixin.py:115} INFO - [2023-08-28 20:23:49,808] {dag.py:2927} INFO - Setting next_dagrun for example_xcom_args_with_operators to None, run_after=None
[2023-08-28 20:23:49,844] {processor.py:161} INFO - Processing /home/felipe/airflow/venv/lib/python3.9/site-packages/airflow/example_dags/example_xcomargs.py took 0.221 seconds
[2023-08-28 20:24:50,505] {processor.py:153} INFO - Started process (PID=31694) to work on /home/felipe/airflow/venv/lib/python3.9/site-packages/airflow/example_dags/example_xcomargs.py
[2023-08-28 20:24:50,507] {processor.py:641} INFO - Processing file /home/felipe/airflow/venv/lib/python3.9/site-packages/airflow/example_dags/example_xcomargs.py for tasks to queue
[2023-08-28 20:24:50,517] {logging_mixin.py:115} INFO - [2023-08-28 20:24:50,516] {dagbag.py:507} INFO - Filling up the DagBag from /home/felipe/airflow/venv/lib/python3.9/site-packages/airflow/example_dags/example_xcomargs.py
[2023-08-28 20:24:50,673] {processor.py:651} INFO - DAG(s) dict_keys(['example_xcom_args', 'example_xcom_args_with_operators']) retrieved from /home/felipe/airflow/venv/lib/python3.9/site-packages/airflow/example_dags/example_xcomargs.py
[2023-08-28 20:24:50,803] {logging_mixin.py:115} INFO - [2023-08-28 20:24:50,803] {dag.py:2379} INFO - Sync 2 DAGs
[2023-08-28 20:24:50,988] {logging_mixin.py:115} INFO - [2023-08-28 20:24:50,987] {dag.py:2927} INFO - Setting next_dagrun for example_xcom_args to None, run_after=None
[2023-08-28 20:24:50,989] {logging_mixin.py:115} INFO - [2023-08-28 20:24:50,989] {dag.py:2927} INFO - Setting next_dagrun for example_xcom_args_with_operators to None, run_after=None
[2023-08-28 20:24:51,059] {processor.py:161} INFO - Processing /home/felipe/airflow/venv/lib/python3.9/site-packages/airflow/example_dags/example_xcomargs.py took 0.586 seconds
[2023-08-28 20:26:38,852] {processor.py:153} INFO - Started process (PID=32644) to work on /home/felipe/airflow/venv/lib/python3.9/site-packages/airflow/example_dags/example_xcomargs.py
[2023-08-28 20:26:38,854] {processor.py:641} INFO - Processing file /home/felipe/airflow/venv/lib/python3.9/site-packages/airflow/example_dags/example_xcomargs.py for tasks to queue
[2023-08-28 20:26:38,856] {logging_mixin.py:115} INFO - [2023-08-28 20:26:38,856] {dagbag.py:507} INFO - Filling up the DagBag from /home/felipe/airflow/venv/lib/python3.9/site-packages/airflow/example_dags/example_xcomargs.py
[2023-08-28 20:26:38,944] {processor.py:651} INFO - DAG(s) dict_keys(['example_xcom_args', 'example_xcom_args_with_operators']) retrieved from /home/felipe/airflow/venv/lib/python3.9/site-packages/airflow/example_dags/example_xcomargs.py
[2023-08-28 20:26:39,004] {logging_mixin.py:115} INFO - [2023-08-28 20:26:39,004] {dag.py:2379} INFO - Sync 2 DAGs
[2023-08-28 20:26:39,049] {logging_mixin.py:115} INFO - [2023-08-28 20:26:39,048] {dag.py:2927} INFO - Setting next_dagrun for example_xcom_args to None, run_after=None
[2023-08-28 20:26:39,049] {logging_mixin.py:115} INFO - [2023-08-28 20:26:39,049] {dag.py:2927} INFO - Setting next_dagrun for example_xcom_args_with_operators to None, run_after=None
[2023-08-28 20:26:39,080] {processor.py:161} INFO - Processing /home/felipe/airflow/venv/lib/python3.9/site-packages/airflow/example_dags/example_xcomargs.py took 0.242 seconds
[2023-08-28 20:27:23,150] {processor.py:153} INFO - Started process (PID=21) to work on /home/felipe/airflow/venv/lib/python3.9/site-packages/airflow/example_dags/example_xcomargs.py
[2023-08-28 20:27:23,160] {processor.py:641} INFO - Processing file /home/felipe/airflow/venv/lib/python3.9/site-packages/airflow/example_dags/example_xcomargs.py for tasks to queue
[2023-08-28 20:27:23,168] {logging_mixin.py:115} INFO - [2023-08-28 20:27:23,163] {dagbag.py:507} INFO - Filling up the DagBag from /home/felipe/airflow/venv/lib/python3.9/site-packages/airflow/example_dags/example_xcomargs.py
[2023-08-28 20:27:23,407] {processor.py:651} INFO - DAG(s) dict_keys(['example_xcom_args', 'example_xcom_args_with_operators']) retrieved from /home/felipe/airflow/venv/lib/python3.9/site-packages/airflow/example_dags/example_xcomargs.py
[2023-08-28 20:27:23,724] {logging_mixin.py:115} INFO - [2023-08-28 20:27:23,724] {dag.py:2379} INFO - Sync 2 DAGs
[2023-08-28 20:27:23,823] {logging_mixin.py:115} INFO - [2023-08-28 20:27:23,823] {dag.py:2927} INFO - Setting next_dagrun for example_xcom_args to None, run_after=None
[2023-08-28 20:27:23,825] {logging_mixin.py:115} INFO - [2023-08-28 20:27:23,824] {dag.py:2927} INFO - Setting next_dagrun for example_xcom_args_with_operators to None, run_after=None
[2023-08-28 20:27:23,908] {processor.py:161} INFO - Processing /home/felipe/airflow/venv/lib/python3.9/site-packages/airflow/example_dags/example_xcomargs.py took 0.812 seconds
[2023-08-28 20:28:37,272] {processor.py:153} INFO - Started process (PID=852) to work on /home/felipe/airflow/venv/lib/python3.9/site-packages/airflow/example_dags/example_xcomargs.py
[2023-08-28 20:28:37,274] {processor.py:641} INFO - Processing file /home/felipe/airflow/venv/lib/python3.9/site-packages/airflow/example_dags/example_xcomargs.py for tasks to queue
[2023-08-28 20:28:37,277] {logging_mixin.py:115} INFO - [2023-08-28 20:28:37,277] {dagbag.py:507} INFO - Filling up the DagBag from /home/felipe/airflow/venv/lib/python3.9/site-packages/airflow/example_dags/example_xcomargs.py
[2023-08-28 20:28:37,477] {processor.py:651} INFO - DAG(s) dict_keys(['example_xcom_args', 'example_xcom_args_with_operators']) retrieved from /home/felipe/airflow/venv/lib/python3.9/site-packages/airflow/example_dags/example_xcomargs.py
[2023-08-28 20:28:37,615] {logging_mixin.py:115} INFO - [2023-08-28 20:28:37,614] {dag.py:2379} INFO - Sync 2 DAGs
[2023-08-28 20:28:37,781] {logging_mixin.py:115} INFO - [2023-08-28 20:28:37,781] {dag.py:2927} INFO - Setting next_dagrun for example_xcom_args to None, run_after=None
[2023-08-28 20:28:37,788] {logging_mixin.py:115} INFO - [2023-08-28 20:28:37,788] {dag.py:2927} INFO - Setting next_dagrun for example_xcom_args_with_operators to None, run_after=None
[2023-08-28 20:28:37,878] {processor.py:161} INFO - Processing /home/felipe/airflow/venv/lib/python3.9/site-packages/airflow/example_dags/example_xcomargs.py took 0.632 seconds
[2023-08-28 20:29:45,504] {processor.py:153} INFO - Started process (PID=1582) to work on /home/felipe/airflow/venv/lib/python3.9/site-packages/airflow/example_dags/example_xcomargs.py
[2023-08-28 20:29:45,507] {processor.py:641} INFO - Processing file /home/felipe/airflow/venv/lib/python3.9/site-packages/airflow/example_dags/example_xcomargs.py for tasks to queue
[2023-08-28 20:29:45,510] {logging_mixin.py:115} INFO - [2023-08-28 20:29:45,510] {dagbag.py:507} INFO - Filling up the DagBag from /home/felipe/airflow/venv/lib/python3.9/site-packages/airflow/example_dags/example_xcomargs.py
[2023-08-28 20:29:45,701] {processor.py:651} INFO - DAG(s) dict_keys(['example_xcom_args', 'example_xcom_args_with_operators']) retrieved from /home/felipe/airflow/venv/lib/python3.9/site-packages/airflow/example_dags/example_xcomargs.py
[2023-08-28 20:29:45,830] {logging_mixin.py:115} INFO - [2023-08-28 20:29:45,830] {dag.py:2379} INFO - Sync 2 DAGs
[2023-08-28 20:29:45,944] {logging_mixin.py:115} INFO - [2023-08-28 20:29:45,944] {dag.py:2927} INFO - Setting next_dagrun for example_xcom_args to None, run_after=None
[2023-08-28 20:29:45,945] {logging_mixin.py:115} INFO - [2023-08-28 20:29:45,945] {dag.py:2927} INFO - Setting next_dagrun for example_xcom_args_with_operators to None, run_after=None
[2023-08-28 20:29:46,003] {processor.py:161} INFO - Processing /home/felipe/airflow/venv/lib/python3.9/site-packages/airflow/example_dags/example_xcomargs.py took 0.542 seconds
[2023-08-28 20:31:22,273] {processor.py:153} INFO - Started process (PID=2590) to work on /home/felipe/airflow/venv/lib/python3.9/site-packages/airflow/example_dags/example_xcomargs.py
[2023-08-28 20:31:22,275] {processor.py:641} INFO - Processing file /home/felipe/airflow/venv/lib/python3.9/site-packages/airflow/example_dags/example_xcomargs.py for tasks to queue
[2023-08-28 20:31:22,277] {logging_mixin.py:115} INFO - [2023-08-28 20:31:22,277] {dagbag.py:507} INFO - Filling up the DagBag from /home/felipe/airflow/venv/lib/python3.9/site-packages/airflow/example_dags/example_xcomargs.py
[2023-08-28 20:31:22,349] {processor.py:651} INFO - DAG(s) dict_keys(['example_xcom_args', 'example_xcom_args_with_operators']) retrieved from /home/felipe/airflow/venv/lib/python3.9/site-packages/airflow/example_dags/example_xcomargs.py
[2023-08-28 20:31:22,402] {logging_mixin.py:115} INFO - [2023-08-28 20:31:22,402] {dag.py:2379} INFO - Sync 2 DAGs
[2023-08-28 20:31:22,447] {logging_mixin.py:115} INFO - [2023-08-28 20:31:22,447] {dag.py:2927} INFO - Setting next_dagrun for example_xcom_args to None, run_after=None
[2023-08-28 20:31:22,448] {logging_mixin.py:115} INFO - [2023-08-28 20:31:22,448] {dag.py:2927} INFO - Setting next_dagrun for example_xcom_args_with_operators to None, run_after=None
[2023-08-28 20:31:22,480] {processor.py:161} INFO - Processing /home/felipe/airflow/venv/lib/python3.9/site-packages/airflow/example_dags/example_xcomargs.py took 0.221 seconds
[2023-08-28 20:32:11,035] {processor.py:153} INFO - Started process (PID=2784) to work on /home/felipe/airflow/venv/lib/python3.9/site-packages/airflow/example_dags/example_xcomargs.py
[2023-08-28 20:32:11,036] {processor.py:641} INFO - Processing file /home/felipe/airflow/venv/lib/python3.9/site-packages/airflow/example_dags/example_xcomargs.py for tasks to queue
[2023-08-28 20:32:11,037] {logging_mixin.py:115} INFO - [2023-08-28 20:32:11,037] {dagbag.py:507} INFO - Filling up the DagBag from /home/felipe/airflow/venv/lib/python3.9/site-packages/airflow/example_dags/example_xcomargs.py
[2023-08-28 20:32:11,112] {processor.py:651} INFO - DAG(s) dict_keys(['example_xcom_args', 'example_xcom_args_with_operators']) retrieved from /home/felipe/airflow/venv/lib/python3.9/site-packages/airflow/example_dags/example_xcomargs.py
[2023-08-28 20:32:11,239] {logging_mixin.py:115} INFO - [2023-08-28 20:32:11,239] {dag.py:2379} INFO - Sync 2 DAGs
[2023-08-28 20:32:11,278] {logging_mixin.py:115} INFO - [2023-08-28 20:32:11,278] {dag.py:2927} INFO - Setting next_dagrun for example_xcom_args to None, run_after=None
[2023-08-28 20:32:11,279] {logging_mixin.py:115} INFO - [2023-08-28 20:32:11,279] {dag.py:2927} INFO - Setting next_dagrun for example_xcom_args_with_operators to None, run_after=None
[2023-08-28 20:32:11,319] {processor.py:161} INFO - Processing /home/felipe/airflow/venv/lib/python3.9/site-packages/airflow/example_dags/example_xcomargs.py took 0.295 seconds
[2023-08-28 20:32:52,208] {processor.py:153} INFO - Started process (PID=2973) to work on /home/felipe/airflow/venv/lib/python3.9/site-packages/airflow/example_dags/example_xcomargs.py
[2023-08-28 20:32:52,210] {processor.py:641} INFO - Processing file /home/felipe/airflow/venv/lib/python3.9/site-packages/airflow/example_dags/example_xcomargs.py for tasks to queue
[2023-08-28 20:32:52,212] {logging_mixin.py:115} INFO - [2023-08-28 20:32:52,212] {dagbag.py:507} INFO - Filling up the DagBag from /home/felipe/airflow/venv/lib/python3.9/site-packages/airflow/example_dags/example_xcomargs.py
[2023-08-28 20:32:52,309] {processor.py:651} INFO - DAG(s) dict_keys(['example_xcom_args', 'example_xcom_args_with_operators']) retrieved from /home/felipe/airflow/venv/lib/python3.9/site-packages/airflow/example_dags/example_xcomargs.py
[2023-08-28 20:32:52,456] {logging_mixin.py:115} INFO - [2023-08-28 20:32:52,456] {dag.py:2379} INFO - Sync 2 DAGs
[2023-08-28 20:32:52,496] {logging_mixin.py:115} INFO - [2023-08-28 20:32:52,496] {dag.py:2927} INFO - Setting next_dagrun for example_xcom_args to None, run_after=None
[2023-08-28 20:32:52,496] {logging_mixin.py:115} INFO - [2023-08-28 20:32:52,496] {dag.py:2927} INFO - Setting next_dagrun for example_xcom_args_with_operators to None, run_after=None
[2023-08-28 20:32:52,537] {processor.py:161} INFO - Processing /home/felipe/airflow/venv/lib/python3.9/site-packages/airflow/example_dags/example_xcomargs.py took 0.343 seconds
[2023-08-28 20:33:31,410] {processor.py:153} INFO - Started process (PID=3108) to work on /home/felipe/airflow/venv/lib/python3.9/site-packages/airflow/example_dags/example_xcomargs.py
[2023-08-28 20:33:31,412] {processor.py:641} INFO - Processing file /home/felipe/airflow/venv/lib/python3.9/site-packages/airflow/example_dags/example_xcomargs.py for tasks to queue
[2023-08-28 20:33:31,414] {logging_mixin.py:115} INFO - [2023-08-28 20:33:31,413] {dagbag.py:507} INFO - Filling up the DagBag from /home/felipe/airflow/venv/lib/python3.9/site-packages/airflow/example_dags/example_xcomargs.py
[2023-08-28 20:33:31,507] {processor.py:651} INFO - DAG(s) dict_keys(['example_xcom_args', 'example_xcom_args_with_operators']) retrieved from /home/felipe/airflow/venv/lib/python3.9/site-packages/airflow/example_dags/example_xcomargs.py
[2023-08-28 20:33:31,561] {logging_mixin.py:115} INFO - [2023-08-28 20:33:31,561] {dag.py:2379} INFO - Sync 2 DAGs
[2023-08-28 20:33:31,614] {logging_mixin.py:115} INFO - [2023-08-28 20:33:31,613] {dag.py:2927} INFO - Setting next_dagrun for example_xcom_args to None, run_after=None
[2023-08-28 20:33:31,615] {logging_mixin.py:115} INFO - [2023-08-28 20:33:31,614] {dag.py:2927} INFO - Setting next_dagrun for example_xcom_args_with_operators to None, run_after=None
[2023-08-28 20:33:31,663] {processor.py:161} INFO - Processing /home/felipe/airflow/venv/lib/python3.9/site-packages/airflow/example_dags/example_xcomargs.py took 0.267 seconds
[2023-08-28 20:34:08,693] {processor.py:153} INFO - Started process (PID=3141) to work on /home/felipe/airflow/venv/lib/python3.9/site-packages/airflow/example_dags/example_xcomargs.py
[2023-08-28 20:34:08,696] {processor.py:641} INFO - Processing file /home/felipe/airflow/venv/lib/python3.9/site-packages/airflow/example_dags/example_xcomargs.py for tasks to queue
[2023-08-28 20:34:08,698] {logging_mixin.py:115} INFO - [2023-08-28 20:34:08,697] {dagbag.py:507} INFO - Filling up the DagBag from /home/felipe/airflow/venv/lib/python3.9/site-packages/airflow/example_dags/example_xcomargs.py
[2023-08-28 20:34:08,772] {processor.py:651} INFO - DAG(s) dict_keys(['example_xcom_args', 'example_xcom_args_with_operators']) retrieved from /home/felipe/airflow/venv/lib/python3.9/site-packages/airflow/example_dags/example_xcomargs.py
[2023-08-28 20:34:08,819] {logging_mixin.py:115} INFO - [2023-08-28 20:34:08,819] {dag.py:2379} INFO - Sync 2 DAGs
[2023-08-28 20:34:08,866] {logging_mixin.py:115} INFO - [2023-08-28 20:34:08,866] {dag.py:2927} INFO - Setting next_dagrun for example_xcom_args to None, run_after=None
[2023-08-28 20:34:08,866] {logging_mixin.py:115} INFO - [2023-08-28 20:34:08,866] {dag.py:2927} INFO - Setting next_dagrun for example_xcom_args_with_operators to None, run_after=None
[2023-08-28 20:34:08,900] {processor.py:161} INFO - Processing /home/felipe/airflow/venv/lib/python3.9/site-packages/airflow/example_dags/example_xcomargs.py took 0.220 seconds
[2023-08-28 20:34:47,373] {processor.py:153} INFO - Started process (PID=3273) to work on /home/felipe/airflow/venv/lib/python3.9/site-packages/airflow/example_dags/example_xcomargs.py
[2023-08-28 20:34:47,376] {processor.py:641} INFO - Processing file /home/felipe/airflow/venv/lib/python3.9/site-packages/airflow/example_dags/example_xcomargs.py for tasks to queue
[2023-08-28 20:34:47,380] {logging_mixin.py:115} INFO - [2023-08-28 20:34:47,380] {dagbag.py:507} INFO - Filling up the DagBag from /home/felipe/airflow/venv/lib/python3.9/site-packages/airflow/example_dags/example_xcomargs.py
[2023-08-28 20:34:47,460] {processor.py:651} INFO - DAG(s) dict_keys(['example_xcom_args', 'example_xcom_args_with_operators']) retrieved from /home/felipe/airflow/venv/lib/python3.9/site-packages/airflow/example_dags/example_xcomargs.py
[2023-08-28 20:34:47,575] {logging_mixin.py:115} INFO - [2023-08-28 20:34:47,575] {dag.py:2379} INFO - Sync 2 DAGs
[2023-08-28 20:34:47,611] {logging_mixin.py:115} INFO - [2023-08-28 20:34:47,611] {dag.py:2927} INFO - Setting next_dagrun for example_xcom_args to None, run_after=None
[2023-08-28 20:34:47,612] {logging_mixin.py:115} INFO - [2023-08-28 20:34:47,611] {dag.py:2927} INFO - Setting next_dagrun for example_xcom_args_with_operators to None, run_after=None
[2023-08-28 20:34:47,645] {processor.py:161} INFO - Processing /home/felipe/airflow/venv/lib/python3.9/site-packages/airflow/example_dags/example_xcomargs.py took 0.296 seconds
[2023-08-28 20:35:26,454] {processor.py:153} INFO - Started process (PID=3409) to work on /home/felipe/airflow/venv/lib/python3.9/site-packages/airflow/example_dags/example_xcomargs.py
[2023-08-28 20:35:26,458] {processor.py:641} INFO - Processing file /home/felipe/airflow/venv/lib/python3.9/site-packages/airflow/example_dags/example_xcomargs.py for tasks to queue
[2023-08-28 20:35:26,461] {logging_mixin.py:115} INFO - [2023-08-28 20:35:26,461] {dagbag.py:507} INFO - Filling up the DagBag from /home/felipe/airflow/venv/lib/python3.9/site-packages/airflow/example_dags/example_xcomargs.py
[2023-08-28 20:35:26,537] {processor.py:651} INFO - DAG(s) dict_keys(['example_xcom_args', 'example_xcom_args_with_operators']) retrieved from /home/felipe/airflow/venv/lib/python3.9/site-packages/airflow/example_dags/example_xcomargs.py
[2023-08-28 20:35:26,666] {logging_mixin.py:115} INFO - [2023-08-28 20:35:26,666] {dag.py:2379} INFO - Sync 2 DAGs
[2023-08-28 20:35:26,704] {logging_mixin.py:115} INFO - [2023-08-28 20:35:26,704] {dag.py:2927} INFO - Setting next_dagrun for example_xcom_args to None, run_after=None
[2023-08-28 20:35:26,705] {logging_mixin.py:115} INFO - [2023-08-28 20:35:26,705] {dag.py:2927} INFO - Setting next_dagrun for example_xcom_args_with_operators to None, run_after=None
[2023-08-28 20:35:26,743] {processor.py:161} INFO - Processing /home/felipe/airflow/venv/lib/python3.9/site-packages/airflow/example_dags/example_xcomargs.py took 0.305 seconds
[2023-08-28 20:36:15,766] {processor.py:153} INFO - Started process (PID=3553) to work on /home/felipe/airflow/venv/lib/python3.9/site-packages/airflow/example_dags/example_xcomargs.py
[2023-08-28 20:36:15,768] {processor.py:641} INFO - Processing file /home/felipe/airflow/venv/lib/python3.9/site-packages/airflow/example_dags/example_xcomargs.py for tasks to queue
[2023-08-28 20:36:15,770] {logging_mixin.py:115} INFO - [2023-08-28 20:36:15,770] {dagbag.py:507} INFO - Filling up the DagBag from /home/felipe/airflow/venv/lib/python3.9/site-packages/airflow/example_dags/example_xcomargs.py
[2023-08-28 20:36:15,858] {processor.py:651} INFO - DAG(s) dict_keys(['example_xcom_args', 'example_xcom_args_with_operators']) retrieved from /home/felipe/airflow/venv/lib/python3.9/site-packages/airflow/example_dags/example_xcomargs.py
[2023-08-28 20:36:15,916] {logging_mixin.py:115} INFO - [2023-08-28 20:36:15,916] {dag.py:2379} INFO - Sync 2 DAGs
[2023-08-28 20:36:15,955] {logging_mixin.py:115} INFO - [2023-08-28 20:36:15,955] {dag.py:2927} INFO - Setting next_dagrun for example_xcom_args to None, run_after=None
[2023-08-28 20:36:15,955] {logging_mixin.py:115} INFO - [2023-08-28 20:36:15,955] {dag.py:2927} INFO - Setting next_dagrun for example_xcom_args_with_operators to None, run_after=None
[2023-08-28 20:36:15,987] {processor.py:161} INFO - Processing /home/felipe/airflow/venv/lib/python3.9/site-packages/airflow/example_dags/example_xcomargs.py took 0.236 seconds
[2023-08-28 20:37:06,656] {processor.py:153} INFO - Started process (PID=3749) to work on /home/felipe/airflow/venv/lib/python3.9/site-packages/airflow/example_dags/example_xcomargs.py
[2023-08-28 20:37:06,658] {processor.py:641} INFO - Processing file /home/felipe/airflow/venv/lib/python3.9/site-packages/airflow/example_dags/example_xcomargs.py for tasks to queue
[2023-08-28 20:37:06,659] {logging_mixin.py:115} INFO - [2023-08-28 20:37:06,659] {dagbag.py:507} INFO - Filling up the DagBag from /home/felipe/airflow/venv/lib/python3.9/site-packages/airflow/example_dags/example_xcomargs.py
[2023-08-28 20:37:06,733] {processor.py:651} INFO - DAG(s) dict_keys(['example_xcom_args', 'example_xcom_args_with_operators']) retrieved from /home/felipe/airflow/venv/lib/python3.9/site-packages/airflow/example_dags/example_xcomargs.py
[2023-08-28 20:37:06,851] {logging_mixin.py:115} INFO - [2023-08-28 20:37:06,851] {dag.py:2379} INFO - Sync 2 DAGs
[2023-08-28 20:37:06,905] {logging_mixin.py:115} INFO - [2023-08-28 20:37:06,904] {dag.py:2927} INFO - Setting next_dagrun for example_xcom_args to None, run_after=None
[2023-08-28 20:37:06,905] {logging_mixin.py:115} INFO - [2023-08-28 20:37:06,905] {dag.py:2927} INFO - Setting next_dagrun for example_xcom_args_with_operators to None, run_after=None
[2023-08-28 20:37:06,950] {processor.py:161} INFO - Processing /home/felipe/airflow/venv/lib/python3.9/site-packages/airflow/example_dags/example_xcomargs.py took 0.306 seconds
[2023-08-28 20:38:02,111] {processor.py:153} INFO - Started process (PID=3894) to work on /home/felipe/airflow/venv/lib/python3.9/site-packages/airflow/example_dags/example_xcomargs.py
[2023-08-28 20:38:02,112] {processor.py:641} INFO - Processing file /home/felipe/airflow/venv/lib/python3.9/site-packages/airflow/example_dags/example_xcomargs.py for tasks to queue
[2023-08-28 20:38:02,113] {logging_mixin.py:115} INFO - [2023-08-28 20:38:02,113] {dagbag.py:507} INFO - Filling up the DagBag from /home/felipe/airflow/venv/lib/python3.9/site-packages/airflow/example_dags/example_xcomargs.py
[2023-08-28 20:38:02,188] {processor.py:651} INFO - DAG(s) dict_keys(['example_xcom_args', 'example_xcom_args_with_operators']) retrieved from /home/felipe/airflow/venv/lib/python3.9/site-packages/airflow/example_dags/example_xcomargs.py
[2023-08-28 20:38:02,304] {logging_mixin.py:115} INFO - [2023-08-28 20:38:02,304] {dag.py:2379} INFO - Sync 2 DAGs
[2023-08-28 20:38:02,342] {logging_mixin.py:115} INFO - [2023-08-28 20:38:02,341] {dag.py:2927} INFO - Setting next_dagrun for example_xcom_args to None, run_after=None
[2023-08-28 20:38:02,342] {logging_mixin.py:115} INFO - [2023-08-28 20:38:02,342] {dag.py:2927} INFO - Setting next_dagrun for example_xcom_args_with_operators to None, run_after=None
[2023-08-28 20:38:02,380] {processor.py:161} INFO - Processing /home/felipe/airflow/venv/lib/python3.9/site-packages/airflow/example_dags/example_xcomargs.py took 0.278 seconds
[2023-08-28 20:38:41,761] {processor.py:153} INFO - Started process (PID=4001) to work on /home/felipe/airflow/venv/lib/python3.9/site-packages/airflow/example_dags/example_xcomargs.py
[2023-08-28 20:38:41,763] {processor.py:641} INFO - Processing file /home/felipe/airflow/venv/lib/python3.9/site-packages/airflow/example_dags/example_xcomargs.py for tasks to queue
[2023-08-28 20:38:41,764] {logging_mixin.py:115} INFO - [2023-08-28 20:38:41,764] {dagbag.py:507} INFO - Filling up the DagBag from /home/felipe/airflow/venv/lib/python3.9/site-packages/airflow/example_dags/example_xcomargs.py
[2023-08-28 20:38:41,848] {processor.py:651} INFO - DAG(s) dict_keys(['example_xcom_args', 'example_xcom_args_with_operators']) retrieved from /home/felipe/airflow/venv/lib/python3.9/site-packages/airflow/example_dags/example_xcomargs.py
[2023-08-28 20:38:41,906] {logging_mixin.py:115} INFO - [2023-08-28 20:38:41,905] {dag.py:2379} INFO - Sync 2 DAGs
[2023-08-28 20:38:41,952] {logging_mixin.py:115} INFO - [2023-08-28 20:38:41,952] {dag.py:2927} INFO - Setting next_dagrun for example_xcom_args to None, run_after=None
[2023-08-28 20:38:41,952] {logging_mixin.py:115} INFO - [2023-08-28 20:38:41,952] {dag.py:2927} INFO - Setting next_dagrun for example_xcom_args_with_operators to None, run_after=None
[2023-08-28 20:38:41,983] {processor.py:161} INFO - Processing /home/felipe/airflow/venv/lib/python3.9/site-packages/airflow/example_dags/example_xcomargs.py took 0.234 seconds
[2023-08-28 20:39:32,846] {processor.py:153} INFO - Started process (PID=4147) to work on /home/felipe/airflow/venv/lib/python3.9/site-packages/airflow/example_dags/example_xcomargs.py
[2023-08-28 20:39:32,848] {processor.py:641} INFO - Processing file /home/felipe/airflow/venv/lib/python3.9/site-packages/airflow/example_dags/example_xcomargs.py for tasks to queue
[2023-08-28 20:39:32,851] {logging_mixin.py:115} INFO - [2023-08-28 20:39:32,851] {dagbag.py:507} INFO - Filling up the DagBag from /home/felipe/airflow/venv/lib/python3.9/site-packages/airflow/example_dags/example_xcomargs.py
[2023-08-28 20:39:32,936] {processor.py:651} INFO - DAG(s) dict_keys(['example_xcom_args', 'example_xcom_args_with_operators']) retrieved from /home/felipe/airflow/venv/lib/python3.9/site-packages/airflow/example_dags/example_xcomargs.py
[2023-08-28 20:39:32,998] {logging_mixin.py:115} INFO - [2023-08-28 20:39:32,998] {dag.py:2379} INFO - Sync 2 DAGs
[2023-08-28 20:39:33,049] {logging_mixin.py:115} INFO - [2023-08-28 20:39:33,049] {dag.py:2927} INFO - Setting next_dagrun for example_xcom_args to None, run_after=None
[2023-08-28 20:39:33,050] {logging_mixin.py:115} INFO - [2023-08-28 20:39:33,050] {dag.py:2927} INFO - Setting next_dagrun for example_xcom_args_with_operators to None, run_after=None
[2023-08-28 20:39:33,086] {processor.py:161} INFO - Processing /home/felipe/airflow/venv/lib/python3.9/site-packages/airflow/example_dags/example_xcomargs.py took 0.256 seconds
[2023-08-28 20:42:31,858] {processor.py:153} INFO - Started process (PID=5910) to work on /home/felipe/airflow/venv/lib/python3.9/site-packages/airflow/example_dags/example_xcomargs.py
[2023-08-28 20:42:31,869] {processor.py:641} INFO - Processing file /home/felipe/airflow/venv/lib/python3.9/site-packages/airflow/example_dags/example_xcomargs.py for tasks to queue
[2023-08-28 20:42:31,871] {logging_mixin.py:115} INFO - [2023-08-28 20:42:31,871] {dagbag.py:507} INFO - Filling up the DagBag from /home/felipe/airflow/venv/lib/python3.9/site-packages/airflow/example_dags/example_xcomargs.py
[2023-08-28 20:42:32,005] {processor.py:651} INFO - DAG(s) dict_keys(['example_xcom_args', 'example_xcom_args_with_operators']) retrieved from /home/felipe/airflow/venv/lib/python3.9/site-packages/airflow/example_dags/example_xcomargs.py
[2023-08-28 20:42:32,200] {logging_mixin.py:115} INFO - [2023-08-28 20:42:32,200] {dag.py:2379} INFO - Sync 2 DAGs
[2023-08-28 20:42:32,256] {logging_mixin.py:115} INFO - [2023-08-28 20:42:32,256] {dag.py:2927} INFO - Setting next_dagrun for example_xcom_args to None, run_after=None
[2023-08-28 20:42:32,257] {logging_mixin.py:115} INFO - [2023-08-28 20:42:32,257] {dag.py:2927} INFO - Setting next_dagrun for example_xcom_args_with_operators to None, run_after=None
[2023-08-28 20:42:32,311] {processor.py:161} INFO - Processing /home/felipe/airflow/venv/lib/python3.9/site-packages/airflow/example_dags/example_xcomargs.py took 0.473 seconds
[2023-08-28 20:43:31,571] {processor.py:153} INFO - Started process (PID=6169) to work on /home/felipe/airflow/venv/lib/python3.9/site-packages/airflow/example_dags/example_xcomargs.py
[2023-08-28 20:43:31,573] {processor.py:641} INFO - Processing file /home/felipe/airflow/venv/lib/python3.9/site-packages/airflow/example_dags/example_xcomargs.py for tasks to queue
[2023-08-28 20:43:31,574] {logging_mixin.py:115} INFO - [2023-08-28 20:43:31,574] {dagbag.py:507} INFO - Filling up the DagBag from /home/felipe/airflow/venv/lib/python3.9/site-packages/airflow/example_dags/example_xcomargs.py
[2023-08-28 20:43:31,684] {processor.py:651} INFO - DAG(s) dict_keys(['example_xcom_args', 'example_xcom_args_with_operators']) retrieved from /home/felipe/airflow/venv/lib/python3.9/site-packages/airflow/example_dags/example_xcomargs.py
[2023-08-28 20:43:31,758] {logging_mixin.py:115} INFO - [2023-08-28 20:43:31,758] {dag.py:2379} INFO - Sync 2 DAGs
[2023-08-28 20:43:31,823] {logging_mixin.py:115} INFO - [2023-08-28 20:43:31,823] {dag.py:2927} INFO - Setting next_dagrun for example_xcom_args to None, run_after=None
[2023-08-28 20:43:31,824] {logging_mixin.py:115} INFO - [2023-08-28 20:43:31,823] {dag.py:2927} INFO - Setting next_dagrun for example_xcom_args_with_operators to None, run_after=None
[2023-08-28 20:43:31,870] {processor.py:161} INFO - Processing /home/felipe/airflow/venv/lib/python3.9/site-packages/airflow/example_dags/example_xcomargs.py took 0.319 seconds
