[2023-08-28 19:03:46,131] {processor.py:153} INFO - Started process (PID=7683) to work on /home/felipe/airflow/venv/lib/python3.9/site-packages/airflow/example_dags/tutorial_taskflow_api_etl_virtualenv.py
[2023-08-28 19:03:46,134] {processor.py:641} INFO - Processing file /home/felipe/airflow/venv/lib/python3.9/site-packages/airflow/example_dags/tutorial_taskflow_api_etl_virtualenv.py for tasks to queue
[2023-08-28 19:03:46,136] {logging_mixin.py:115} INFO - [2023-08-28 19:03:46,136] {dagbag.py:507} INFO - Filling up the DagBag from /home/felipe/airflow/venv/lib/python3.9/site-packages/airflow/example_dags/tutorial_taskflow_api_etl_virtualenv.py
[2023-08-28 19:03:46,384] {logging_mixin.py:115} INFO - [2023-08-28 19:03:46,384] {tutorial_taskflow_api_etl_virtualenv.py:29} WARNING - The tutorial_taskflow_api_etl_virtualenv example DAG requires virtualenv, please install it.
[2023-08-28 19:03:46,385] {processor.py:653} WARNING - No viable dags retrieved from /home/felipe/airflow/venv/lib/python3.9/site-packages/airflow/example_dags/tutorial_taskflow_api_etl_virtualenv.py
[2023-08-28 19:03:46,754] {processor.py:161} INFO - Processing /home/felipe/airflow/venv/lib/python3.9/site-packages/airflow/example_dags/tutorial_taskflow_api_etl_virtualenv.py took 0.644 seconds
[2023-08-28 19:05:30,826] {processor.py:153} INFO - Started process (PID=8768) to work on /home/felipe/airflow/venv/lib/python3.9/site-packages/airflow/example_dags/tutorial_taskflow_api_etl_virtualenv.py
[2023-08-28 19:05:30,828] {processor.py:641} INFO - Processing file /home/felipe/airflow/venv/lib/python3.9/site-packages/airflow/example_dags/tutorial_taskflow_api_etl_virtualenv.py for tasks to queue
[2023-08-28 19:05:30,829] {logging_mixin.py:115} INFO - [2023-08-28 19:05:30,829] {dagbag.py:507} INFO - Filling up the DagBag from /home/felipe/airflow/venv/lib/python3.9/site-packages/airflow/example_dags/tutorial_taskflow_api_etl_virtualenv.py
[2023-08-28 19:05:30,939] {logging_mixin.py:115} INFO - [2023-08-28 19:05:30,939] {tutorial_taskflow_api_etl_virtualenv.py:29} WARNING - The tutorial_taskflow_api_etl_virtualenv example DAG requires virtualenv, please install it.
[2023-08-28 19:05:30,939] {processor.py:653} WARNING - No viable dags retrieved from /home/felipe/airflow/venv/lib/python3.9/site-packages/airflow/example_dags/tutorial_taskflow_api_etl_virtualenv.py
[2023-08-28 19:05:31,002] {processor.py:161} INFO - Processing /home/felipe/airflow/venv/lib/python3.9/site-packages/airflow/example_dags/tutorial_taskflow_api_etl_virtualenv.py took 0.194 seconds
[2023-08-28 19:06:14,897] {processor.py:153} INFO - Started process (PID=8981) to work on /home/felipe/airflow/venv/lib/python3.9/site-packages/airflow/example_dags/tutorial_taskflow_api_etl_virtualenv.py
[2023-08-28 19:06:14,899] {processor.py:641} INFO - Processing file /home/felipe/airflow/venv/lib/python3.9/site-packages/airflow/example_dags/tutorial_taskflow_api_etl_virtualenv.py for tasks to queue
[2023-08-28 19:06:14,900] {logging_mixin.py:115} INFO - [2023-08-28 19:06:14,900] {dagbag.py:507} INFO - Filling up the DagBag from /home/felipe/airflow/venv/lib/python3.9/site-packages/airflow/example_dags/tutorial_taskflow_api_etl_virtualenv.py
[2023-08-28 19:06:15,012] {logging_mixin.py:115} INFO - [2023-08-28 19:06:15,011] {tutorial_taskflow_api_etl_virtualenv.py:29} WARNING - The tutorial_taskflow_api_etl_virtualenv example DAG requires virtualenv, please install it.
[2023-08-28 19:06:15,012] {processor.py:653} WARNING - No viable dags retrieved from /home/felipe/airflow/venv/lib/python3.9/site-packages/airflow/example_dags/tutorial_taskflow_api_etl_virtualenv.py
[2023-08-28 19:06:15,067] {processor.py:161} INFO - Processing /home/felipe/airflow/venv/lib/python3.9/site-packages/airflow/example_dags/tutorial_taskflow_api_etl_virtualenv.py took 0.199 seconds
[2023-08-28 19:07:38,310] {processor.py:153} INFO - Started process (PID=9762) to work on /home/felipe/airflow/venv/lib/python3.9/site-packages/airflow/example_dags/tutorial_taskflow_api_etl_virtualenv.py
[2023-08-28 19:07:38,318] {processor.py:641} INFO - Processing file /home/felipe/airflow/venv/lib/python3.9/site-packages/airflow/example_dags/tutorial_taskflow_api_etl_virtualenv.py for tasks to queue
[2023-08-28 19:07:38,322] {logging_mixin.py:115} INFO - [2023-08-28 19:07:38,321] {dagbag.py:507} INFO - Filling up the DagBag from /home/felipe/airflow/venv/lib/python3.9/site-packages/airflow/example_dags/tutorial_taskflow_api_etl_virtualenv.py
[2023-08-28 19:07:38,494] {logging_mixin.py:115} INFO - [2023-08-28 19:07:38,494] {tutorial_taskflow_api_etl_virtualenv.py:29} WARNING - The tutorial_taskflow_api_etl_virtualenv example DAG requires virtualenv, please install it.
[2023-08-28 19:07:38,495] {processor.py:653} WARNING - No viable dags retrieved from /home/felipe/airflow/venv/lib/python3.9/site-packages/airflow/example_dags/tutorial_taskflow_api_etl_virtualenv.py
[2023-08-28 19:07:38,623] {processor.py:161} INFO - Processing /home/felipe/airflow/venv/lib/python3.9/site-packages/airflow/example_dags/tutorial_taskflow_api_etl_virtualenv.py took 0.345 seconds
[2023-08-28 19:08:59,419] {processor.py:153} INFO - Started process (PID=10497) to work on /home/felipe/airflow/venv/lib/python3.9/site-packages/airflow/example_dags/tutorial_taskflow_api_etl_virtualenv.py
[2023-08-28 19:08:59,421] {processor.py:641} INFO - Processing file /home/felipe/airflow/venv/lib/python3.9/site-packages/airflow/example_dags/tutorial_taskflow_api_etl_virtualenv.py for tasks to queue
[2023-08-28 19:08:59,424] {logging_mixin.py:115} INFO - [2023-08-28 19:08:59,424] {dagbag.py:507} INFO - Filling up the DagBag from /home/felipe/airflow/venv/lib/python3.9/site-packages/airflow/example_dags/tutorial_taskflow_api_etl_virtualenv.py
[2023-08-28 19:08:59,567] {logging_mixin.py:115} INFO - [2023-08-28 19:08:59,567] {tutorial_taskflow_api_etl_virtualenv.py:29} WARNING - The tutorial_taskflow_api_etl_virtualenv example DAG requires virtualenv, please install it.
[2023-08-28 19:08:59,568] {processor.py:653} WARNING - No viable dags retrieved from /home/felipe/airflow/venv/lib/python3.9/site-packages/airflow/example_dags/tutorial_taskflow_api_etl_virtualenv.py
[2023-08-28 19:08:59,645] {processor.py:161} INFO - Processing /home/felipe/airflow/venv/lib/python3.9/site-packages/airflow/example_dags/tutorial_taskflow_api_etl_virtualenv.py took 0.254 seconds
[2023-08-28 19:09:34,024] {processor.py:153} INFO - Started process (PID=10671) to work on /home/felipe/airflow/venv/lib/python3.9/site-packages/airflow/example_dags/tutorial_taskflow_api_etl_virtualenv.py
[2023-08-28 19:09:34,029] {processor.py:641} INFO - Processing file /home/felipe/airflow/venv/lib/python3.9/site-packages/airflow/example_dags/tutorial_taskflow_api_etl_virtualenv.py for tasks to queue
[2023-08-28 19:09:34,040] {logging_mixin.py:115} INFO - [2023-08-28 19:09:34,031] {dagbag.py:507} INFO - Filling up the DagBag from /home/felipe/airflow/venv/lib/python3.9/site-packages/airflow/example_dags/tutorial_taskflow_api_etl_virtualenv.py
[2023-08-28 19:09:34,262] {logging_mixin.py:115} INFO - [2023-08-28 19:09:34,262] {tutorial_taskflow_api_etl_virtualenv.py:29} WARNING - The tutorial_taskflow_api_etl_virtualenv example DAG requires virtualenv, please install it.
[2023-08-28 19:09:34,263] {processor.py:653} WARNING - No viable dags retrieved from /home/felipe/airflow/venv/lib/python3.9/site-packages/airflow/example_dags/tutorial_taskflow_api_etl_virtualenv.py
[2023-08-28 19:09:34,361] {processor.py:161} INFO - Processing /home/felipe/airflow/venv/lib/python3.9/site-packages/airflow/example_dags/tutorial_taskflow_api_etl_virtualenv.py took 0.399 seconds
[2023-08-28 19:10:21,480] {processor.py:153} INFO - Started process (PID=10939) to work on /home/felipe/airflow/venv/lib/python3.9/site-packages/airflow/example_dags/tutorial_taskflow_api_etl_virtualenv.py
[2023-08-28 19:10:21,483] {processor.py:641} INFO - Processing file /home/felipe/airflow/venv/lib/python3.9/site-packages/airflow/example_dags/tutorial_taskflow_api_etl_virtualenv.py for tasks to queue
[2023-08-28 19:10:21,485] {logging_mixin.py:115} INFO - [2023-08-28 19:10:21,485] {dagbag.py:507} INFO - Filling up the DagBag from /home/felipe/airflow/venv/lib/python3.9/site-packages/airflow/example_dags/tutorial_taskflow_api_etl_virtualenv.py
[2023-08-28 19:10:21,649] {logging_mixin.py:115} INFO - [2023-08-28 19:10:21,649] {tutorial_taskflow_api_etl_virtualenv.py:29} WARNING - The tutorial_taskflow_api_etl_virtualenv example DAG requires virtualenv, please install it.
[2023-08-28 19:10:21,650] {processor.py:653} WARNING - No viable dags retrieved from /home/felipe/airflow/venv/lib/python3.9/site-packages/airflow/example_dags/tutorial_taskflow_api_etl_virtualenv.py
[2023-08-28 19:10:21,809] {processor.py:161} INFO - Processing /home/felipe/airflow/venv/lib/python3.9/site-packages/airflow/example_dags/tutorial_taskflow_api_etl_virtualenv.py took 0.368 seconds
[2023-08-28 19:11:03,814] {processor.py:153} INFO - Started process (PID=11046) to work on /home/felipe/airflow/venv/lib/python3.9/site-packages/airflow/example_dags/tutorial_taskflow_api_etl_virtualenv.py
[2023-08-28 19:11:03,816] {processor.py:641} INFO - Processing file /home/felipe/airflow/venv/lib/python3.9/site-packages/airflow/example_dags/tutorial_taskflow_api_etl_virtualenv.py for tasks to queue
[2023-08-28 19:11:03,817] {logging_mixin.py:115} INFO - [2023-08-28 19:11:03,817] {dagbag.py:507} INFO - Filling up the DagBag from /home/felipe/airflow/venv/lib/python3.9/site-packages/airflow/example_dags/tutorial_taskflow_api_etl_virtualenv.py
[2023-08-28 19:11:03,972] {logging_mixin.py:115} INFO - [2023-08-28 19:11:03,971] {tutorial_taskflow_api_etl_virtualenv.py:29} WARNING - The tutorial_taskflow_api_etl_virtualenv example DAG requires virtualenv, please install it.
[2023-08-28 19:11:03,972] {processor.py:653} WARNING - No viable dags retrieved from /home/felipe/airflow/venv/lib/python3.9/site-packages/airflow/example_dags/tutorial_taskflow_api_etl_virtualenv.py
[2023-08-28 19:11:04,081] {processor.py:161} INFO - Processing /home/felipe/airflow/venv/lib/python3.9/site-packages/airflow/example_dags/tutorial_taskflow_api_etl_virtualenv.py took 0.283 seconds
[2023-08-28 19:11:41,714] {processor.py:153} INFO - Started process (PID=11179) to work on /home/felipe/airflow/venv/lib/python3.9/site-packages/airflow/example_dags/tutorial_taskflow_api_etl_virtualenv.py
[2023-08-28 19:11:41,717] {processor.py:641} INFO - Processing file /home/felipe/airflow/venv/lib/python3.9/site-packages/airflow/example_dags/tutorial_taskflow_api_etl_virtualenv.py for tasks to queue
[2023-08-28 19:11:41,719] {logging_mixin.py:115} INFO - [2023-08-28 19:11:41,718] {dagbag.py:507} INFO - Filling up the DagBag from /home/felipe/airflow/venv/lib/python3.9/site-packages/airflow/example_dags/tutorial_taskflow_api_etl_virtualenv.py
[2023-08-28 19:11:41,775] {logging_mixin.py:115} INFO - [2023-08-28 19:11:41,775] {tutorial_taskflow_api_etl_virtualenv.py:29} WARNING - The tutorial_taskflow_api_etl_virtualenv example DAG requires virtualenv, please install it.
[2023-08-28 19:11:41,776] {processor.py:653} WARNING - No viable dags retrieved from /home/felipe/airflow/venv/lib/python3.9/site-packages/airflow/example_dags/tutorial_taskflow_api_etl_virtualenv.py
[2023-08-28 19:11:41,813] {processor.py:161} INFO - Processing /home/felipe/airflow/venv/lib/python3.9/site-packages/airflow/example_dags/tutorial_taskflow_api_etl_virtualenv.py took 0.109 seconds
[2023-08-28 19:12:19,380] {processor.py:153} INFO - Started process (PID=11361) to work on /home/felipe/airflow/venv/lib/python3.9/site-packages/airflow/example_dags/tutorial_taskflow_api_etl_virtualenv.py
[2023-08-28 19:12:19,382] {processor.py:641} INFO - Processing file /home/felipe/airflow/venv/lib/python3.9/site-packages/airflow/example_dags/tutorial_taskflow_api_etl_virtualenv.py for tasks to queue
[2023-08-28 19:12:19,384] {logging_mixin.py:115} INFO - [2023-08-28 19:12:19,384] {dagbag.py:507} INFO - Filling up the DagBag from /home/felipe/airflow/venv/lib/python3.9/site-packages/airflow/example_dags/tutorial_taskflow_api_etl_virtualenv.py
[2023-08-28 19:12:19,481] {logging_mixin.py:115} INFO - [2023-08-28 19:12:19,481] {tutorial_taskflow_api_etl_virtualenv.py:29} WARNING - The tutorial_taskflow_api_etl_virtualenv example DAG requires virtualenv, please install it.
[2023-08-28 19:12:19,482] {processor.py:653} WARNING - No viable dags retrieved from /home/felipe/airflow/venv/lib/python3.9/site-packages/airflow/example_dags/tutorial_taskflow_api_etl_virtualenv.py
[2023-08-28 19:12:19,537] {processor.py:161} INFO - Processing /home/felipe/airflow/venv/lib/python3.9/site-packages/airflow/example_dags/tutorial_taskflow_api_etl_virtualenv.py took 0.187 seconds
[2023-08-28 19:13:36,727] {processor.py:153} INFO - Started process (PID=11916) to work on /home/felipe/airflow/venv/lib/python3.9/site-packages/airflow/example_dags/tutorial_taskflow_api_etl_virtualenv.py
[2023-08-28 19:13:36,730] {processor.py:641} INFO - Processing file /home/felipe/airflow/venv/lib/python3.9/site-packages/airflow/example_dags/tutorial_taskflow_api_etl_virtualenv.py for tasks to queue
[2023-08-28 19:13:36,732] {logging_mixin.py:115} INFO - [2023-08-28 19:13:36,731] {dagbag.py:507} INFO - Filling up the DagBag from /home/felipe/airflow/venv/lib/python3.9/site-packages/airflow/example_dags/tutorial_taskflow_api_etl_virtualenv.py
[2023-08-28 19:13:36,858] {logging_mixin.py:115} INFO - [2023-08-28 19:13:36,858] {tutorial_taskflow_api_etl_virtualenv.py:29} WARNING - The tutorial_taskflow_api_etl_virtualenv example DAG requires virtualenv, please install it.
[2023-08-28 19:13:36,859] {processor.py:653} WARNING - No viable dags retrieved from /home/felipe/airflow/venv/lib/python3.9/site-packages/airflow/example_dags/tutorial_taskflow_api_etl_virtualenv.py
[2023-08-28 19:13:36,941] {processor.py:161} INFO - Processing /home/felipe/airflow/venv/lib/python3.9/site-packages/airflow/example_dags/tutorial_taskflow_api_etl_virtualenv.py took 0.231 seconds
[2023-08-28 19:14:48,776] {processor.py:153} INFO - Started process (PID=12201) to work on /home/felipe/airflow/venv/lib/python3.9/site-packages/airflow/example_dags/tutorial_taskflow_api_etl_virtualenv.py
[2023-08-28 19:14:48,779] {processor.py:641} INFO - Processing file /home/felipe/airflow/venv/lib/python3.9/site-packages/airflow/example_dags/tutorial_taskflow_api_etl_virtualenv.py for tasks to queue
[2023-08-28 19:14:48,790] {logging_mixin.py:115} INFO - [2023-08-28 19:14:48,790] {dagbag.py:507} INFO - Filling up the DagBag from /home/felipe/airflow/venv/lib/python3.9/site-packages/airflow/example_dags/tutorial_taskflow_api_etl_virtualenv.py
[2023-08-28 19:14:49,028] {logging_mixin.py:115} INFO - [2023-08-28 19:14:49,028] {tutorial_taskflow_api_etl_virtualenv.py:29} WARNING - The tutorial_taskflow_api_etl_virtualenv example DAG requires virtualenv, please install it.
[2023-08-28 19:14:49,028] {processor.py:653} WARNING - No viable dags retrieved from /home/felipe/airflow/venv/lib/python3.9/site-packages/airflow/example_dags/tutorial_taskflow_api_etl_virtualenv.py
[2023-08-28 19:14:49,197] {processor.py:161} INFO - Processing /home/felipe/airflow/venv/lib/python3.9/site-packages/airflow/example_dags/tutorial_taskflow_api_etl_virtualenv.py took 0.467 seconds
[2023-08-28 19:15:42,693] {processor.py:153} INFO - Started process (PID=12484) to work on /home/felipe/airflow/venv/lib/python3.9/site-packages/airflow/example_dags/tutorial_taskflow_api_etl_virtualenv.py
[2023-08-28 19:15:42,698] {processor.py:641} INFO - Processing file /home/felipe/airflow/venv/lib/python3.9/site-packages/airflow/example_dags/tutorial_taskflow_api_etl_virtualenv.py for tasks to queue
[2023-08-28 19:15:42,702] {logging_mixin.py:115} INFO - [2023-08-28 19:15:42,701] {dagbag.py:507} INFO - Filling up the DagBag from /home/felipe/airflow/venv/lib/python3.9/site-packages/airflow/example_dags/tutorial_taskflow_api_etl_virtualenv.py
[2023-08-28 19:15:42,921] {logging_mixin.py:115} INFO - [2023-08-28 19:15:42,921] {tutorial_taskflow_api_etl_virtualenv.py:29} WARNING - The tutorial_taskflow_api_etl_virtualenv example DAG requires virtualenv, please install it.
[2023-08-28 19:15:42,922] {processor.py:653} WARNING - No viable dags retrieved from /home/felipe/airflow/venv/lib/python3.9/site-packages/airflow/example_dags/tutorial_taskflow_api_etl_virtualenv.py
[2023-08-28 19:15:43,027] {processor.py:161} INFO - Processing /home/felipe/airflow/venv/lib/python3.9/site-packages/airflow/example_dags/tutorial_taskflow_api_etl_virtualenv.py took 0.357 seconds
[2023-08-28 19:16:17,874] {processor.py:153} INFO - Started process (PID=12577) to work on /home/felipe/airflow/venv/lib/python3.9/site-packages/airflow/example_dags/tutorial_taskflow_api_etl_virtualenv.py
[2023-08-28 19:16:17,880] {processor.py:641} INFO - Processing file /home/felipe/airflow/venv/lib/python3.9/site-packages/airflow/example_dags/tutorial_taskflow_api_etl_virtualenv.py for tasks to queue
[2023-08-28 19:16:17,882] {logging_mixin.py:115} INFO - [2023-08-28 19:16:17,882] {dagbag.py:507} INFO - Filling up the DagBag from /home/felipe/airflow/venv/lib/python3.9/site-packages/airflow/example_dags/tutorial_taskflow_api_etl_virtualenv.py
[2023-08-28 19:16:18,016] {logging_mixin.py:115} INFO - [2023-08-28 19:16:18,016] {tutorial_taskflow_api_etl_virtualenv.py:29} WARNING - The tutorial_taskflow_api_etl_virtualenv example DAG requires virtualenv, please install it.
[2023-08-28 19:16:18,017] {processor.py:653} WARNING - No viable dags retrieved from /home/felipe/airflow/venv/lib/python3.9/site-packages/airflow/example_dags/tutorial_taskflow_api_etl_virtualenv.py
[2023-08-28 19:16:18,118] {processor.py:161} INFO - Processing /home/felipe/airflow/venv/lib/python3.9/site-packages/airflow/example_dags/tutorial_taskflow_api_etl_virtualenv.py took 0.268 seconds
[2023-08-28 19:17:24,070] {processor.py:153} INFO - Started process (PID=12871) to work on /home/felipe/airflow/venv/lib/python3.9/site-packages/airflow/example_dags/tutorial_taskflow_api_etl_virtualenv.py
[2023-08-28 19:17:24,077] {processor.py:641} INFO - Processing file /home/felipe/airflow/venv/lib/python3.9/site-packages/airflow/example_dags/tutorial_taskflow_api_etl_virtualenv.py for tasks to queue
[2023-08-28 19:17:24,080] {logging_mixin.py:115} INFO - [2023-08-28 19:17:24,080] {dagbag.py:507} INFO - Filling up the DagBag from /home/felipe/airflow/venv/lib/python3.9/site-packages/airflow/example_dags/tutorial_taskflow_api_etl_virtualenv.py
[2023-08-28 19:17:24,226] {logging_mixin.py:115} INFO - [2023-08-28 19:17:24,226] {tutorial_taskflow_api_etl_virtualenv.py:29} WARNING - The tutorial_taskflow_api_etl_virtualenv example DAG requires virtualenv, please install it.
[2023-08-28 19:17:24,227] {processor.py:653} WARNING - No viable dags retrieved from /home/felipe/airflow/venv/lib/python3.9/site-packages/airflow/example_dags/tutorial_taskflow_api_etl_virtualenv.py
[2023-08-28 19:17:24,302] {processor.py:161} INFO - Processing /home/felipe/airflow/venv/lib/python3.9/site-packages/airflow/example_dags/tutorial_taskflow_api_etl_virtualenv.py took 0.275 seconds
[2023-08-28 19:18:20,021] {processor.py:153} INFO - Started process (PID=13000) to work on /home/felipe/airflow/venv/lib/python3.9/site-packages/airflow/example_dags/tutorial_taskflow_api_etl_virtualenv.py
[2023-08-28 19:18:20,027] {processor.py:641} INFO - Processing file /home/felipe/airflow/venv/lib/python3.9/site-packages/airflow/example_dags/tutorial_taskflow_api_etl_virtualenv.py for tasks to queue
[2023-08-28 19:18:20,056] {logging_mixin.py:115} INFO - [2023-08-28 19:18:20,056] {dagbag.py:507} INFO - Filling up the DagBag from /home/felipe/airflow/venv/lib/python3.9/site-packages/airflow/example_dags/tutorial_taskflow_api_etl_virtualenv.py
[2023-08-28 19:18:20,364] {logging_mixin.py:115} INFO - [2023-08-28 19:18:20,357] {tutorial_taskflow_api_etl_virtualenv.py:29} WARNING - The tutorial_taskflow_api_etl_virtualenv example DAG requires virtualenv, please install it.
[2023-08-28 19:18:20,366] {processor.py:653} WARNING - No viable dags retrieved from /home/felipe/airflow/venv/lib/python3.9/site-packages/airflow/example_dags/tutorial_taskflow_api_etl_virtualenv.py
[2023-08-28 19:18:20,537] {processor.py:161} INFO - Processing /home/felipe/airflow/venv/lib/python3.9/site-packages/airflow/example_dags/tutorial_taskflow_api_etl_virtualenv.py took 0.567 seconds
[2023-08-28 19:19:39,335] {processor.py:153} INFO - Started process (PID=13214) to work on /home/felipe/airflow/venv/lib/python3.9/site-packages/airflow/example_dags/tutorial_taskflow_api_etl_virtualenv.py
[2023-08-28 19:19:39,340] {processor.py:641} INFO - Processing file /home/felipe/airflow/venv/lib/python3.9/site-packages/airflow/example_dags/tutorial_taskflow_api_etl_virtualenv.py for tasks to queue
[2023-08-28 19:19:39,343] {logging_mixin.py:115} INFO - [2023-08-28 19:19:39,342] {dagbag.py:507} INFO - Filling up the DagBag from /home/felipe/airflow/venv/lib/python3.9/site-packages/airflow/example_dags/tutorial_taskflow_api_etl_virtualenv.py
[2023-08-28 19:19:39,466] {logging_mixin.py:115} INFO - [2023-08-28 19:19:39,466] {tutorial_taskflow_api_etl_virtualenv.py:29} WARNING - The tutorial_taskflow_api_etl_virtualenv example DAG requires virtualenv, please install it.
[2023-08-28 19:19:39,467] {processor.py:653} WARNING - No viable dags retrieved from /home/felipe/airflow/venv/lib/python3.9/site-packages/airflow/example_dags/tutorial_taskflow_api_etl_virtualenv.py
[2023-08-28 19:19:39,547] {processor.py:161} INFO - Processing /home/felipe/airflow/venv/lib/python3.9/site-packages/airflow/example_dags/tutorial_taskflow_api_etl_virtualenv.py took 0.235 seconds
[2023-08-28 19:20:45,213] {processor.py:153} INFO - Started process (PID=13816) to work on /home/felipe/airflow/venv/lib/python3.9/site-packages/airflow/example_dags/tutorial_taskflow_api_etl_virtualenv.py
[2023-08-28 19:20:45,216] {processor.py:641} INFO - Processing file /home/felipe/airflow/venv/lib/python3.9/site-packages/airflow/example_dags/tutorial_taskflow_api_etl_virtualenv.py for tasks to queue
[2023-08-28 19:20:45,218] {logging_mixin.py:115} INFO - [2023-08-28 19:20:45,218] {dagbag.py:507} INFO - Filling up the DagBag from /home/felipe/airflow/venv/lib/python3.9/site-packages/airflow/example_dags/tutorial_taskflow_api_etl_virtualenv.py
[2023-08-28 19:20:45,600] {logging_mixin.py:115} INFO - [2023-08-28 19:20:45,598] {tutorial_taskflow_api_etl_virtualenv.py:29} WARNING - The tutorial_taskflow_api_etl_virtualenv example DAG requires virtualenv, please install it.
[2023-08-28 19:20:45,601] {processor.py:653} WARNING - No viable dags retrieved from /home/felipe/airflow/venv/lib/python3.9/site-packages/airflow/example_dags/tutorial_taskflow_api_etl_virtualenv.py
[2023-08-28 19:20:45,876] {processor.py:161} INFO - Processing /home/felipe/airflow/venv/lib/python3.9/site-packages/airflow/example_dags/tutorial_taskflow_api_etl_virtualenv.py took 0.695 seconds
[2023-08-28 19:21:44,634] {processor.py:153} INFO - Started process (PID=14393) to work on /home/felipe/airflow/venv/lib/python3.9/site-packages/airflow/example_dags/tutorial_taskflow_api_etl_virtualenv.py
[2023-08-28 19:21:44,636] {processor.py:641} INFO - Processing file /home/felipe/airflow/venv/lib/python3.9/site-packages/airflow/example_dags/tutorial_taskflow_api_etl_virtualenv.py for tasks to queue
[2023-08-28 19:21:44,642] {logging_mixin.py:115} INFO - [2023-08-28 19:21:44,641] {dagbag.py:507} INFO - Filling up the DagBag from /home/felipe/airflow/venv/lib/python3.9/site-packages/airflow/example_dags/tutorial_taskflow_api_etl_virtualenv.py
[2023-08-28 19:21:44,721] {logging_mixin.py:115} INFO - [2023-08-28 19:21:44,720] {tutorial_taskflow_api_etl_virtualenv.py:29} WARNING - The tutorial_taskflow_api_etl_virtualenv example DAG requires virtualenv, please install it.
[2023-08-28 19:21:44,723] {processor.py:653} WARNING - No viable dags retrieved from /home/felipe/airflow/venv/lib/python3.9/site-packages/airflow/example_dags/tutorial_taskflow_api_etl_virtualenv.py
[2023-08-28 19:21:44,769] {processor.py:161} INFO - Processing /home/felipe/airflow/venv/lib/python3.9/site-packages/airflow/example_dags/tutorial_taskflow_api_etl_virtualenv.py took 0.150 seconds
[2023-08-28 19:22:35,113] {processor.py:153} INFO - Started process (PID=14851) to work on /home/felipe/airflow/venv/lib/python3.9/site-packages/airflow/example_dags/tutorial_taskflow_api_etl_virtualenv.py
[2023-08-28 19:22:35,115] {processor.py:641} INFO - Processing file /home/felipe/airflow/venv/lib/python3.9/site-packages/airflow/example_dags/tutorial_taskflow_api_etl_virtualenv.py for tasks to queue
[2023-08-28 19:22:35,117] {logging_mixin.py:115} INFO - [2023-08-28 19:22:35,117] {dagbag.py:507} INFO - Filling up the DagBag from /home/felipe/airflow/venv/lib/python3.9/site-packages/airflow/example_dags/tutorial_taskflow_api_etl_virtualenv.py
[2023-08-28 19:22:35,217] {logging_mixin.py:115} INFO - [2023-08-28 19:22:35,216] {tutorial_taskflow_api_etl_virtualenv.py:29} WARNING - The tutorial_taskflow_api_etl_virtualenv example DAG requires virtualenv, please install it.
[2023-08-28 19:22:35,217] {processor.py:653} WARNING - No viable dags retrieved from /home/felipe/airflow/venv/lib/python3.9/site-packages/airflow/example_dags/tutorial_taskflow_api_etl_virtualenv.py
[2023-08-28 19:22:35,279] {processor.py:161} INFO - Processing /home/felipe/airflow/venv/lib/python3.9/site-packages/airflow/example_dags/tutorial_taskflow_api_etl_virtualenv.py took 0.192 seconds
[2023-08-28 19:23:16,706] {processor.py:153} INFO - Started process (PID=15111) to work on /home/felipe/airflow/venv/lib/python3.9/site-packages/airflow/example_dags/tutorial_taskflow_api_etl_virtualenv.py
[2023-08-28 19:23:16,709] {processor.py:641} INFO - Processing file /home/felipe/airflow/venv/lib/python3.9/site-packages/airflow/example_dags/tutorial_taskflow_api_etl_virtualenv.py for tasks to queue
[2023-08-28 19:23:16,712] {logging_mixin.py:115} INFO - [2023-08-28 19:23:16,711] {dagbag.py:507} INFO - Filling up the DagBag from /home/felipe/airflow/venv/lib/python3.9/site-packages/airflow/example_dags/tutorial_taskflow_api_etl_virtualenv.py
[2023-08-28 19:23:16,943] {logging_mixin.py:115} INFO - [2023-08-28 19:23:16,943] {tutorial_taskflow_api_etl_virtualenv.py:29} WARNING - The tutorial_taskflow_api_etl_virtualenv example DAG requires virtualenv, please install it.
[2023-08-28 19:23:16,944] {processor.py:653} WARNING - No viable dags retrieved from /home/felipe/airflow/venv/lib/python3.9/site-packages/airflow/example_dags/tutorial_taskflow_api_etl_virtualenv.py
[2023-08-28 19:23:17,035] {processor.py:161} INFO - Processing /home/felipe/airflow/venv/lib/python3.9/site-packages/airflow/example_dags/tutorial_taskflow_api_etl_virtualenv.py took 0.382 seconds
[2023-08-28 19:23:52,350] {processor.py:153} INFO - Started process (PID=15339) to work on /home/felipe/airflow/venv/lib/python3.9/site-packages/airflow/example_dags/tutorial_taskflow_api_etl_virtualenv.py
[2023-08-28 19:23:52,352] {processor.py:641} INFO - Processing file /home/felipe/airflow/venv/lib/python3.9/site-packages/airflow/example_dags/tutorial_taskflow_api_etl_virtualenv.py for tasks to queue
[2023-08-28 19:23:52,359] {logging_mixin.py:115} INFO - [2023-08-28 19:23:52,358] {dagbag.py:507} INFO - Filling up the DagBag from /home/felipe/airflow/venv/lib/python3.9/site-packages/airflow/example_dags/tutorial_taskflow_api_etl_virtualenv.py
[2023-08-28 19:23:52,448] {logging_mixin.py:115} INFO - [2023-08-28 19:23:52,448] {tutorial_taskflow_api_etl_virtualenv.py:29} WARNING - The tutorial_taskflow_api_etl_virtualenv example DAG requires virtualenv, please install it.
[2023-08-28 19:23:52,449] {processor.py:653} WARNING - No viable dags retrieved from /home/felipe/airflow/venv/lib/python3.9/site-packages/airflow/example_dags/tutorial_taskflow_api_etl_virtualenv.py
[2023-08-28 19:23:52,501] {processor.py:161} INFO - Processing /home/felipe/airflow/venv/lib/python3.9/site-packages/airflow/example_dags/tutorial_taskflow_api_etl_virtualenv.py took 0.169 seconds
[2023-08-28 19:24:48,640] {processor.py:153} INFO - Started process (PID=15584) to work on /home/felipe/airflow/venv/lib/python3.9/site-packages/airflow/example_dags/tutorial_taskflow_api_etl_virtualenv.py
[2023-08-28 19:24:48,642] {processor.py:641} INFO - Processing file /home/felipe/airflow/venv/lib/python3.9/site-packages/airflow/example_dags/tutorial_taskflow_api_etl_virtualenv.py for tasks to queue
[2023-08-28 19:24:48,645] {logging_mixin.py:115} INFO - [2023-08-28 19:24:48,644] {dagbag.py:507} INFO - Filling up the DagBag from /home/felipe/airflow/venv/lib/python3.9/site-packages/airflow/example_dags/tutorial_taskflow_api_etl_virtualenv.py
[2023-08-28 19:24:48,781] {logging_mixin.py:115} INFO - [2023-08-28 19:24:48,781] {tutorial_taskflow_api_etl_virtualenv.py:29} WARNING - The tutorial_taskflow_api_etl_virtualenv example DAG requires virtualenv, please install it.
[2023-08-28 19:24:48,782] {processor.py:653} WARNING - No viable dags retrieved from /home/felipe/airflow/venv/lib/python3.9/site-packages/airflow/example_dags/tutorial_taskflow_api_etl_virtualenv.py
[2023-08-28 19:24:48,862] {processor.py:161} INFO - Processing /home/felipe/airflow/venv/lib/python3.9/site-packages/airflow/example_dags/tutorial_taskflow_api_etl_virtualenv.py took 0.243 seconds
[2023-08-28 19:25:37,465] {processor.py:153} INFO - Started process (PID=15987) to work on /home/felipe/airflow/venv/lib/python3.9/site-packages/airflow/example_dags/tutorial_taskflow_api_etl_virtualenv.py
[2023-08-28 19:25:37,467] {processor.py:641} INFO - Processing file /home/felipe/airflow/venv/lib/python3.9/site-packages/airflow/example_dags/tutorial_taskflow_api_etl_virtualenv.py for tasks to queue
[2023-08-28 19:25:37,470] {logging_mixin.py:115} INFO - [2023-08-28 19:25:37,469] {dagbag.py:507} INFO - Filling up the DagBag from /home/felipe/airflow/venv/lib/python3.9/site-packages/airflow/example_dags/tutorial_taskflow_api_etl_virtualenv.py
[2023-08-28 19:25:37,670] {logging_mixin.py:115} INFO - [2023-08-28 19:25:37,669] {tutorial_taskflow_api_etl_virtualenv.py:29} WARNING - The tutorial_taskflow_api_etl_virtualenv example DAG requires virtualenv, please install it.
[2023-08-28 19:25:37,671] {processor.py:653} WARNING - No viable dags retrieved from /home/felipe/airflow/venv/lib/python3.9/site-packages/airflow/example_dags/tutorial_taskflow_api_etl_virtualenv.py
[2023-08-28 19:25:38,153] {processor.py:161} INFO - Processing /home/felipe/airflow/venv/lib/python3.9/site-packages/airflow/example_dags/tutorial_taskflow_api_etl_virtualenv.py took 0.712 seconds
[2023-08-28 19:26:28,218] {processor.py:153} INFO - Started process (PID=16288) to work on /home/felipe/airflow/venv/lib/python3.9/site-packages/airflow/example_dags/tutorial_taskflow_api_etl_virtualenv.py
[2023-08-28 19:26:28,221] {processor.py:641} INFO - Processing file /home/felipe/airflow/venv/lib/python3.9/site-packages/airflow/example_dags/tutorial_taskflow_api_etl_virtualenv.py for tasks to queue
[2023-08-28 19:26:28,223] {logging_mixin.py:115} INFO - [2023-08-28 19:26:28,223] {dagbag.py:507} INFO - Filling up the DagBag from /home/felipe/airflow/venv/lib/python3.9/site-packages/airflow/example_dags/tutorial_taskflow_api_etl_virtualenv.py
[2023-08-28 19:26:28,435] {logging_mixin.py:115} INFO - [2023-08-28 19:26:28,434] {tutorial_taskflow_api_etl_virtualenv.py:29} WARNING - The tutorial_taskflow_api_etl_virtualenv example DAG requires virtualenv, please install it.
[2023-08-28 19:26:28,435] {processor.py:653} WARNING - No viable dags retrieved from /home/felipe/airflow/venv/lib/python3.9/site-packages/airflow/example_dags/tutorial_taskflow_api_etl_virtualenv.py
[2023-08-28 19:26:28,641] {processor.py:161} INFO - Processing /home/felipe/airflow/venv/lib/python3.9/site-packages/airflow/example_dags/tutorial_taskflow_api_etl_virtualenv.py took 0.490 seconds
[2023-08-28 20:07:53,824] {processor.py:153} INFO - Started process (PID=24397) to work on /home/felipe/airflow/venv/lib/python3.9/site-packages/airflow/example_dags/tutorial_taskflow_api_etl_virtualenv.py
[2023-08-28 20:07:53,827] {processor.py:641} INFO - Processing file /home/felipe/airflow/venv/lib/python3.9/site-packages/airflow/example_dags/tutorial_taskflow_api_etl_virtualenv.py for tasks to queue
[2023-08-28 20:07:53,829] {logging_mixin.py:115} INFO - [2023-08-28 20:07:53,829] {dagbag.py:507} INFO - Filling up the DagBag from /home/felipe/airflow/venv/lib/python3.9/site-packages/airflow/example_dags/tutorial_taskflow_api_etl_virtualenv.py
[2023-08-28 20:07:53,917] {logging_mixin.py:115} INFO - [2023-08-28 20:07:53,916] {tutorial_taskflow_api_etl_virtualenv.py:29} WARNING - The tutorial_taskflow_api_etl_virtualenv example DAG requires virtualenv, please install it.
[2023-08-28 20:07:53,917] {processor.py:653} WARNING - No viable dags retrieved from /home/felipe/airflow/venv/lib/python3.9/site-packages/airflow/example_dags/tutorial_taskflow_api_etl_virtualenv.py
[2023-08-28 20:07:53,957] {processor.py:161} INFO - Processing /home/felipe/airflow/venv/lib/python3.9/site-packages/airflow/example_dags/tutorial_taskflow_api_etl_virtualenv.py took 0.148 seconds
[2023-08-28 20:11:03,840] {processor.py:153} INFO - Started process (PID=26159) to work on /home/felipe/airflow/venv/lib/python3.9/site-packages/airflow/example_dags/tutorial_taskflow_api_etl_virtualenv.py
[2023-08-28 20:11:03,842] {processor.py:641} INFO - Processing file /home/felipe/airflow/venv/lib/python3.9/site-packages/airflow/example_dags/tutorial_taskflow_api_etl_virtualenv.py for tasks to queue
[2023-08-28 20:11:03,844] {logging_mixin.py:115} INFO - [2023-08-28 20:11:03,844] {dagbag.py:507} INFO - Filling up the DagBag from /home/felipe/airflow/venv/lib/python3.9/site-packages/airflow/example_dags/tutorial_taskflow_api_etl_virtualenv.py
[2023-08-28 20:11:04,076] {logging_mixin.py:115} INFO - [2023-08-28 20:11:04,076] {tutorial_taskflow_api_etl_virtualenv.py:29} WARNING - The tutorial_taskflow_api_etl_virtualenv example DAG requires virtualenv, please install it.
[2023-08-28 20:11:04,076] {processor.py:653} WARNING - No viable dags retrieved from /home/felipe/airflow/venv/lib/python3.9/site-packages/airflow/example_dags/tutorial_taskflow_api_etl_virtualenv.py
[2023-08-28 20:11:04,118] {processor.py:161} INFO - Processing /home/felipe/airflow/venv/lib/python3.9/site-packages/airflow/example_dags/tutorial_taskflow_api_etl_virtualenv.py took 0.294 seconds
[2023-08-28 20:13:34,943] {processor.py:153} INFO - Started process (PID=26669) to work on /home/felipe/airflow/venv/lib/python3.9/site-packages/airflow/example_dags/tutorial_taskflow_api_etl_virtualenv.py
[2023-08-28 20:13:34,950] {processor.py:641} INFO - Processing file /home/felipe/airflow/venv/lib/python3.9/site-packages/airflow/example_dags/tutorial_taskflow_api_etl_virtualenv.py for tasks to queue
[2023-08-28 20:13:34,953] {logging_mixin.py:115} INFO - [2023-08-28 20:13:34,952] {dagbag.py:507} INFO - Filling up the DagBag from /home/felipe/airflow/venv/lib/python3.9/site-packages/airflow/example_dags/tutorial_taskflow_api_etl_virtualenv.py
[2023-08-28 20:13:35,393] {logging_mixin.py:115} INFO - [2023-08-28 20:13:35,393] {tutorial_taskflow_api_etl_virtualenv.py:29} WARNING - The tutorial_taskflow_api_etl_virtualenv example DAG requires virtualenv, please install it.
[2023-08-28 20:13:35,393] {processor.py:653} WARNING - No viable dags retrieved from /home/felipe/airflow/venv/lib/python3.9/site-packages/airflow/example_dags/tutorial_taskflow_api_etl_virtualenv.py
[2023-08-28 20:13:35,485] {processor.py:161} INFO - Processing /home/felipe/airflow/venv/lib/python3.9/site-packages/airflow/example_dags/tutorial_taskflow_api_etl_virtualenv.py took 0.587 seconds
[2023-08-28 20:14:39,993] {processor.py:153} INFO - Started process (PID=27242) to work on /home/felipe/airflow/venv/lib/python3.9/site-packages/airflow/example_dags/tutorial_taskflow_api_etl_virtualenv.py
[2023-08-28 20:14:39,994] {processor.py:641} INFO - Processing file /home/felipe/airflow/venv/lib/python3.9/site-packages/airflow/example_dags/tutorial_taskflow_api_etl_virtualenv.py for tasks to queue
[2023-08-28 20:14:39,996] {logging_mixin.py:115} INFO - [2023-08-28 20:14:39,995] {dagbag.py:507} INFO - Filling up the DagBag from /home/felipe/airflow/venv/lib/python3.9/site-packages/airflow/example_dags/tutorial_taskflow_api_etl_virtualenv.py
[2023-08-28 20:14:40,051] {logging_mixin.py:115} INFO - [2023-08-28 20:14:40,051] {tutorial_taskflow_api_etl_virtualenv.py:29} WARNING - The tutorial_taskflow_api_etl_virtualenv example DAG requires virtualenv, please install it.
[2023-08-28 20:14:40,051] {processor.py:653} WARNING - No viable dags retrieved from /home/felipe/airflow/venv/lib/python3.9/site-packages/airflow/example_dags/tutorial_taskflow_api_etl_virtualenv.py
[2023-08-28 20:14:40,091] {processor.py:161} INFO - Processing /home/felipe/airflow/venv/lib/python3.9/site-packages/airflow/example_dags/tutorial_taskflow_api_etl_virtualenv.py took 0.110 seconds
[2023-08-28 20:15:20,604] {processor.py:153} INFO - Started process (PID=27433) to work on /home/felipe/airflow/venv/lib/python3.9/site-packages/airflow/example_dags/tutorial_taskflow_api_etl_virtualenv.py
[2023-08-28 20:15:20,605] {processor.py:641} INFO - Processing file /home/felipe/airflow/venv/lib/python3.9/site-packages/airflow/example_dags/tutorial_taskflow_api_etl_virtualenv.py for tasks to queue
[2023-08-28 20:15:20,607] {logging_mixin.py:115} INFO - [2023-08-28 20:15:20,606] {dagbag.py:507} INFO - Filling up the DagBag from /home/felipe/airflow/venv/lib/python3.9/site-packages/airflow/example_dags/tutorial_taskflow_api_etl_virtualenv.py
[2023-08-28 20:15:20,667] {logging_mixin.py:115} INFO - [2023-08-28 20:15:20,666] {tutorial_taskflow_api_etl_virtualenv.py:29} WARNING - The tutorial_taskflow_api_etl_virtualenv example DAG requires virtualenv, please install it.
[2023-08-28 20:15:20,667] {processor.py:653} WARNING - No viable dags retrieved from /home/felipe/airflow/venv/lib/python3.9/site-packages/airflow/example_dags/tutorial_taskflow_api_etl_virtualenv.py
[2023-08-28 20:15:20,710] {processor.py:161} INFO - Processing /home/felipe/airflow/venv/lib/python3.9/site-packages/airflow/example_dags/tutorial_taskflow_api_etl_virtualenv.py took 0.118 seconds
[2023-08-28 20:15:58,588] {processor.py:153} INFO - Started process (PID=27620) to work on /home/felipe/airflow/venv/lib/python3.9/site-packages/airflow/example_dags/tutorial_taskflow_api_etl_virtualenv.py
[2023-08-28 20:15:58,589] {processor.py:641} INFO - Processing file /home/felipe/airflow/venv/lib/python3.9/site-packages/airflow/example_dags/tutorial_taskflow_api_etl_virtualenv.py for tasks to queue
[2023-08-28 20:15:58,591] {logging_mixin.py:115} INFO - [2023-08-28 20:15:58,590] {dagbag.py:507} INFO - Filling up the DagBag from /home/felipe/airflow/venv/lib/python3.9/site-packages/airflow/example_dags/tutorial_taskflow_api_etl_virtualenv.py
[2023-08-28 20:15:58,648] {logging_mixin.py:115} INFO - [2023-08-28 20:15:58,648] {tutorial_taskflow_api_etl_virtualenv.py:29} WARNING - The tutorial_taskflow_api_etl_virtualenv example DAG requires virtualenv, please install it.
[2023-08-28 20:15:58,648] {processor.py:653} WARNING - No viable dags retrieved from /home/felipe/airflow/venv/lib/python3.9/site-packages/airflow/example_dags/tutorial_taskflow_api_etl_virtualenv.py
[2023-08-28 20:15:58,695] {processor.py:161} INFO - Processing /home/felipe/airflow/venv/lib/python3.9/site-packages/airflow/example_dags/tutorial_taskflow_api_etl_virtualenv.py took 0.119 seconds
[2023-08-28 20:17:07,364] {processor.py:153} INFO - Started process (PID=28078) to work on /home/felipe/airflow/venv/lib/python3.9/site-packages/airflow/example_dags/tutorial_taskflow_api_etl_virtualenv.py
[2023-08-28 20:17:07,371] {processor.py:641} INFO - Processing file /home/felipe/airflow/venv/lib/python3.9/site-packages/airflow/example_dags/tutorial_taskflow_api_etl_virtualenv.py for tasks to queue
[2023-08-28 20:17:07,375] {logging_mixin.py:115} INFO - [2023-08-28 20:17:07,374] {dagbag.py:507} INFO - Filling up the DagBag from /home/felipe/airflow/venv/lib/python3.9/site-packages/airflow/example_dags/tutorial_taskflow_api_etl_virtualenv.py
[2023-08-28 20:17:07,586] {logging_mixin.py:115} INFO - [2023-08-28 20:17:07,586] {tutorial_taskflow_api_etl_virtualenv.py:29} WARNING - The tutorial_taskflow_api_etl_virtualenv example DAG requires virtualenv, please install it.
[2023-08-28 20:17:07,587] {processor.py:653} WARNING - No viable dags retrieved from /home/felipe/airflow/venv/lib/python3.9/site-packages/airflow/example_dags/tutorial_taskflow_api_etl_virtualenv.py
[2023-08-28 20:17:07,728] {processor.py:161} INFO - Processing /home/felipe/airflow/venv/lib/python3.9/site-packages/airflow/example_dags/tutorial_taskflow_api_etl_virtualenv.py took 0.388 seconds
[2023-08-28 20:19:13,853] {processor.py:153} INFO - Started process (PID=29501) to work on /home/felipe/airflow/venv/lib/python3.9/site-packages/airflow/example_dags/tutorial_taskflow_api_etl_virtualenv.py
[2023-08-28 20:19:13,854] {processor.py:641} INFO - Processing file /home/felipe/airflow/venv/lib/python3.9/site-packages/airflow/example_dags/tutorial_taskflow_api_etl_virtualenv.py for tasks to queue
[2023-08-28 20:19:13,856] {logging_mixin.py:115} INFO - [2023-08-28 20:19:13,856] {dagbag.py:507} INFO - Filling up the DagBag from /home/felipe/airflow/venv/lib/python3.9/site-packages/airflow/example_dags/tutorial_taskflow_api_etl_virtualenv.py
[2023-08-28 20:19:13,914] {logging_mixin.py:115} INFO - [2023-08-28 20:19:13,913] {tutorial_taskflow_api_etl_virtualenv.py:29} WARNING - The tutorial_taskflow_api_etl_virtualenv example DAG requires virtualenv, please install it.
[2023-08-28 20:19:13,914] {processor.py:653} WARNING - No viable dags retrieved from /home/felipe/airflow/venv/lib/python3.9/site-packages/airflow/example_dags/tutorial_taskflow_api_etl_virtualenv.py
[2023-08-28 20:19:13,953] {processor.py:161} INFO - Processing /home/felipe/airflow/venv/lib/python3.9/site-packages/airflow/example_dags/tutorial_taskflow_api_etl_virtualenv.py took 0.113 seconds
[2023-08-28 20:19:51,526] {processor.py:153} INFO - Started process (PID=29635) to work on /home/felipe/airflow/venv/lib/python3.9/site-packages/airflow/example_dags/tutorial_taskflow_api_etl_virtualenv.py
[2023-08-28 20:19:51,528] {processor.py:641} INFO - Processing file /home/felipe/airflow/venv/lib/python3.9/site-packages/airflow/example_dags/tutorial_taskflow_api_etl_virtualenv.py for tasks to queue
[2023-08-28 20:19:51,530] {logging_mixin.py:115} INFO - [2023-08-28 20:19:51,529] {dagbag.py:507} INFO - Filling up the DagBag from /home/felipe/airflow/venv/lib/python3.9/site-packages/airflow/example_dags/tutorial_taskflow_api_etl_virtualenv.py
[2023-08-28 20:19:51,594] {logging_mixin.py:115} INFO - [2023-08-28 20:19:51,594] {tutorial_taskflow_api_etl_virtualenv.py:29} WARNING - The tutorial_taskflow_api_etl_virtualenv example DAG requires virtualenv, please install it.
[2023-08-28 20:19:51,595] {processor.py:653} WARNING - No viable dags retrieved from /home/felipe/airflow/venv/lib/python3.9/site-packages/airflow/example_dags/tutorial_taskflow_api_etl_virtualenv.py
[2023-08-28 20:19:51,631] {processor.py:161} INFO - Processing /home/felipe/airflow/venv/lib/python3.9/site-packages/airflow/example_dags/tutorial_taskflow_api_etl_virtualenv.py took 0.117 seconds
[2023-08-28 20:20:41,150] {processor.py:153} INFO - Started process (PID=29815) to work on /home/felipe/airflow/venv/lib/python3.9/site-packages/airflow/example_dags/tutorial_taskflow_api_etl_virtualenv.py
[2023-08-28 20:20:41,153] {processor.py:641} INFO - Processing file /home/felipe/airflow/venv/lib/python3.9/site-packages/airflow/example_dags/tutorial_taskflow_api_etl_virtualenv.py for tasks to queue
[2023-08-28 20:20:41,156] {logging_mixin.py:115} INFO - [2023-08-28 20:20:41,156] {dagbag.py:507} INFO - Filling up the DagBag from /home/felipe/airflow/venv/lib/python3.9/site-packages/airflow/example_dags/tutorial_taskflow_api_etl_virtualenv.py
[2023-08-28 20:20:41,332] {logging_mixin.py:115} INFO - [2023-08-28 20:20:41,332] {tutorial_taskflow_api_etl_virtualenv.py:29} WARNING - The tutorial_taskflow_api_etl_virtualenv example DAG requires virtualenv, please install it.
[2023-08-28 20:20:41,333] {processor.py:653} WARNING - No viable dags retrieved from /home/felipe/airflow/venv/lib/python3.9/site-packages/airflow/example_dags/tutorial_taskflow_api_etl_virtualenv.py
[2023-08-28 20:20:41,437] {processor.py:161} INFO - Processing /home/felipe/airflow/venv/lib/python3.9/site-packages/airflow/example_dags/tutorial_taskflow_api_etl_virtualenv.py took 0.319 seconds
[2023-08-28 20:21:20,279] {processor.py:153} INFO - Started process (PID=30234) to work on /home/felipe/airflow/venv/lib/python3.9/site-packages/airflow/example_dags/tutorial_taskflow_api_etl_virtualenv.py
[2023-08-28 20:21:20,288] {processor.py:641} INFO - Processing file /home/felipe/airflow/venv/lib/python3.9/site-packages/airflow/example_dags/tutorial_taskflow_api_etl_virtualenv.py for tasks to queue
[2023-08-28 20:21:20,291] {logging_mixin.py:115} INFO - [2023-08-28 20:21:20,290] {dagbag.py:507} INFO - Filling up the DagBag from /home/felipe/airflow/venv/lib/python3.9/site-packages/airflow/example_dags/tutorial_taskflow_api_etl_virtualenv.py
[2023-08-28 20:21:20,640] {logging_mixin.py:115} INFO - [2023-08-28 20:21:20,640] {tutorial_taskflow_api_etl_virtualenv.py:29} WARNING - The tutorial_taskflow_api_etl_virtualenv example DAG requires virtualenv, please install it.
[2023-08-28 20:21:20,641] {processor.py:653} WARNING - No viable dags retrieved from /home/felipe/airflow/venv/lib/python3.9/site-packages/airflow/example_dags/tutorial_taskflow_api_etl_virtualenv.py
[2023-08-28 20:21:20,842] {processor.py:161} INFO - Processing /home/felipe/airflow/venv/lib/python3.9/site-packages/airflow/example_dags/tutorial_taskflow_api_etl_virtualenv.py took 0.588 seconds
[2023-08-28 20:22:57,379] {processor.py:153} INFO - Started process (PID=31279) to work on /home/felipe/airflow/venv/lib/python3.9/site-packages/airflow/example_dags/tutorial_taskflow_api_etl_virtualenv.py
[2023-08-28 20:22:57,381] {processor.py:641} INFO - Processing file /home/felipe/airflow/venv/lib/python3.9/site-packages/airflow/example_dags/tutorial_taskflow_api_etl_virtualenv.py for tasks to queue
[2023-08-28 20:22:57,383] {logging_mixin.py:115} INFO - [2023-08-28 20:22:57,382] {dagbag.py:507} INFO - Filling up the DagBag from /home/felipe/airflow/venv/lib/python3.9/site-packages/airflow/example_dags/tutorial_taskflow_api_etl_virtualenv.py
[2023-08-28 20:22:57,439] {logging_mixin.py:115} INFO - [2023-08-28 20:22:57,439] {tutorial_taskflow_api_etl_virtualenv.py:29} WARNING - The tutorial_taskflow_api_etl_virtualenv example DAG requires virtualenv, please install it.
[2023-08-28 20:22:57,440] {processor.py:653} WARNING - No viable dags retrieved from /home/felipe/airflow/venv/lib/python3.9/site-packages/airflow/example_dags/tutorial_taskflow_api_etl_virtualenv.py
[2023-08-28 20:22:57,483] {processor.py:161} INFO - Processing /home/felipe/airflow/venv/lib/python3.9/site-packages/airflow/example_dags/tutorial_taskflow_api_etl_virtualenv.py took 0.115 seconds
[2023-08-28 20:23:44,712] {processor.py:153} INFO - Started process (PID=31370) to work on /home/felipe/airflow/venv/lib/python3.9/site-packages/airflow/example_dags/tutorial_taskflow_api_etl_virtualenv.py
[2023-08-28 20:23:44,713] {processor.py:641} INFO - Processing file /home/felipe/airflow/venv/lib/python3.9/site-packages/airflow/example_dags/tutorial_taskflow_api_etl_virtualenv.py for tasks to queue
[2023-08-28 20:23:44,715] {logging_mixin.py:115} INFO - [2023-08-28 20:23:44,715] {dagbag.py:507} INFO - Filling up the DagBag from /home/felipe/airflow/venv/lib/python3.9/site-packages/airflow/example_dags/tutorial_taskflow_api_etl_virtualenv.py
[2023-08-28 20:23:44,771] {logging_mixin.py:115} INFO - [2023-08-28 20:23:44,771] {tutorial_taskflow_api_etl_virtualenv.py:29} WARNING - The tutorial_taskflow_api_etl_virtualenv example DAG requires virtualenv, please install it.
[2023-08-28 20:23:44,771] {processor.py:653} WARNING - No viable dags retrieved from /home/felipe/airflow/venv/lib/python3.9/site-packages/airflow/example_dags/tutorial_taskflow_api_etl_virtualenv.py
[2023-08-28 20:23:44,809] {processor.py:161} INFO - Processing /home/felipe/airflow/venv/lib/python3.9/site-packages/airflow/example_dags/tutorial_taskflow_api_etl_virtualenv.py took 0.111 seconds
[2023-08-28 20:24:21,341] {processor.py:153} INFO - Started process (PID=31449) to work on /home/felipe/airflow/venv/lib/python3.9/site-packages/airflow/example_dags/tutorial_taskflow_api_etl_virtualenv.py
[2023-08-28 20:24:21,342] {processor.py:641} INFO - Processing file /home/felipe/airflow/venv/lib/python3.9/site-packages/airflow/example_dags/tutorial_taskflow_api_etl_virtualenv.py for tasks to queue
[2023-08-28 20:24:21,344] {logging_mixin.py:115} INFO - [2023-08-28 20:24:21,343] {dagbag.py:507} INFO - Filling up the DagBag from /home/felipe/airflow/venv/lib/python3.9/site-packages/airflow/example_dags/tutorial_taskflow_api_etl_virtualenv.py
[2023-08-28 20:24:21,428] {logging_mixin.py:115} INFO - [2023-08-28 20:24:21,428] {tutorial_taskflow_api_etl_virtualenv.py:29} WARNING - The tutorial_taskflow_api_etl_virtualenv example DAG requires virtualenv, please install it.
[2023-08-28 20:24:21,429] {processor.py:653} WARNING - No viable dags retrieved from /home/felipe/airflow/venv/lib/python3.9/site-packages/airflow/example_dags/tutorial_taskflow_api_etl_virtualenv.py
[2023-08-28 20:24:21,492] {processor.py:161} INFO - Processing /home/felipe/airflow/venv/lib/python3.9/site-packages/airflow/example_dags/tutorial_taskflow_api_etl_virtualenv.py took 0.168 seconds
[2023-08-28 20:25:24,772] {processor.py:153} INFO - Started process (PID=31988) to work on /home/felipe/airflow/venv/lib/python3.9/site-packages/airflow/example_dags/tutorial_taskflow_api_etl_virtualenv.py
[2023-08-28 20:25:24,775] {processor.py:641} INFO - Processing file /home/felipe/airflow/venv/lib/python3.9/site-packages/airflow/example_dags/tutorial_taskflow_api_etl_virtualenv.py for tasks to queue
[2023-08-28 20:25:24,778] {logging_mixin.py:115} INFO - [2023-08-28 20:25:24,778] {dagbag.py:507} INFO - Filling up the DagBag from /home/felipe/airflow/venv/lib/python3.9/site-packages/airflow/example_dags/tutorial_taskflow_api_etl_virtualenv.py
[2023-08-28 20:25:24,908] {logging_mixin.py:115} INFO - [2023-08-28 20:25:24,908] {tutorial_taskflow_api_etl_virtualenv.py:29} WARNING - The tutorial_taskflow_api_etl_virtualenv example DAG requires virtualenv, please install it.
[2023-08-28 20:25:24,909] {processor.py:653} WARNING - No viable dags retrieved from /home/felipe/airflow/venv/lib/python3.9/site-packages/airflow/example_dags/tutorial_taskflow_api_etl_virtualenv.py
[2023-08-28 20:25:25,015] {processor.py:161} INFO - Processing /home/felipe/airflow/venv/lib/python3.9/site-packages/airflow/example_dags/tutorial_taskflow_api_etl_virtualenv.py took 0.270 seconds
[2023-08-28 20:26:36,075] {processor.py:153} INFO - Started process (PID=32642) to work on /home/felipe/airflow/venv/lib/python3.9/site-packages/airflow/example_dags/tutorial_taskflow_api_etl_virtualenv.py
[2023-08-28 20:26:36,077] {processor.py:641} INFO - Processing file /home/felipe/airflow/venv/lib/python3.9/site-packages/airflow/example_dags/tutorial_taskflow_api_etl_virtualenv.py for tasks to queue
[2023-08-28 20:26:36,079] {logging_mixin.py:115} INFO - [2023-08-28 20:26:36,079] {dagbag.py:507} INFO - Filling up the DagBag from /home/felipe/airflow/venv/lib/python3.9/site-packages/airflow/example_dags/tutorial_taskflow_api_etl_virtualenv.py
[2023-08-28 20:26:36,161] {logging_mixin.py:115} INFO - [2023-08-28 20:26:36,160] {tutorial_taskflow_api_etl_virtualenv.py:29} WARNING - The tutorial_taskflow_api_etl_virtualenv example DAG requires virtualenv, please install it.
[2023-08-28 20:26:36,161] {processor.py:653} WARNING - No viable dags retrieved from /home/felipe/airflow/venv/lib/python3.9/site-packages/airflow/example_dags/tutorial_taskflow_api_etl_virtualenv.py
[2023-08-28 20:26:36,207] {processor.py:161} INFO - Processing /home/felipe/airflow/venv/lib/python3.9/site-packages/airflow/example_dags/tutorial_taskflow_api_etl_virtualenv.py took 0.148 seconds
[2023-08-28 20:27:20,072] {processor.py:153} INFO - Started process (PID=15) to work on /home/felipe/airflow/venv/lib/python3.9/site-packages/airflow/example_dags/tutorial_taskflow_api_etl_virtualenv.py
[2023-08-28 20:27:20,073] {processor.py:641} INFO - Processing file /home/felipe/airflow/venv/lib/python3.9/site-packages/airflow/example_dags/tutorial_taskflow_api_etl_virtualenv.py for tasks to queue
[2023-08-28 20:27:20,075] {logging_mixin.py:115} INFO - [2023-08-28 20:27:20,075] {dagbag.py:507} INFO - Filling up the DagBag from /home/felipe/airflow/venv/lib/python3.9/site-packages/airflow/example_dags/tutorial_taskflow_api_etl_virtualenv.py
[2023-08-28 20:27:20,147] {logging_mixin.py:115} INFO - [2023-08-28 20:27:20,146] {tutorial_taskflow_api_etl_virtualenv.py:29} WARNING - The tutorial_taskflow_api_etl_virtualenv example DAG requires virtualenv, please install it.
[2023-08-28 20:27:20,147] {processor.py:653} WARNING - No viable dags retrieved from /home/felipe/airflow/venv/lib/python3.9/site-packages/airflow/example_dags/tutorial_taskflow_api_etl_virtualenv.py
[2023-08-28 20:27:20,182] {processor.py:161} INFO - Processing /home/felipe/airflow/venv/lib/python3.9/site-packages/airflow/example_dags/tutorial_taskflow_api_etl_virtualenv.py took 0.123 seconds
[2023-08-28 20:28:31,871] {processor.py:153} INFO - Started process (PID=797) to work on /home/felipe/airflow/venv/lib/python3.9/site-packages/airflow/example_dags/tutorial_taskflow_api_etl_virtualenv.py
[2023-08-28 20:28:31,873] {processor.py:641} INFO - Processing file /home/felipe/airflow/venv/lib/python3.9/site-packages/airflow/example_dags/tutorial_taskflow_api_etl_virtualenv.py for tasks to queue
[2023-08-28 20:28:31,874] {logging_mixin.py:115} INFO - [2023-08-28 20:28:31,874] {dagbag.py:507} INFO - Filling up the DagBag from /home/felipe/airflow/venv/lib/python3.9/site-packages/airflow/example_dags/tutorial_taskflow_api_etl_virtualenv.py
[2023-08-28 20:28:31,962] {logging_mixin.py:115} INFO - [2023-08-28 20:28:31,961] {tutorial_taskflow_api_etl_virtualenv.py:29} WARNING - The tutorial_taskflow_api_etl_virtualenv example DAG requires virtualenv, please install it.
[2023-08-28 20:28:31,962] {processor.py:653} WARNING - No viable dags retrieved from /home/felipe/airflow/venv/lib/python3.9/site-packages/airflow/example_dags/tutorial_taskflow_api_etl_virtualenv.py
[2023-08-28 20:28:32,007] {processor.py:161} INFO - Processing /home/felipe/airflow/venv/lib/python3.9/site-packages/airflow/example_dags/tutorial_taskflow_api_etl_virtualenv.py took 0.151 seconds
[2023-08-28 20:29:38,738] {processor.py:153} INFO - Started process (PID=1509) to work on /home/felipe/airflow/venv/lib/python3.9/site-packages/airflow/example_dags/tutorial_taskflow_api_etl_virtualenv.py
[2023-08-28 20:29:38,741] {processor.py:641} INFO - Processing file /home/felipe/airflow/venv/lib/python3.9/site-packages/airflow/example_dags/tutorial_taskflow_api_etl_virtualenv.py for tasks to queue
[2023-08-28 20:29:38,744] {logging_mixin.py:115} INFO - [2023-08-28 20:29:38,743] {dagbag.py:507} INFO - Filling up the DagBag from /home/felipe/airflow/venv/lib/python3.9/site-packages/airflow/example_dags/tutorial_taskflow_api_etl_virtualenv.py
[2023-08-28 20:29:38,941] {logging_mixin.py:115} INFO - [2023-08-28 20:29:38,941] {tutorial_taskflow_api_etl_virtualenv.py:29} WARNING - The tutorial_taskflow_api_etl_virtualenv example DAG requires virtualenv, please install it.
[2023-08-28 20:29:38,942] {processor.py:653} WARNING - No viable dags retrieved from /home/felipe/airflow/venv/lib/python3.9/site-packages/airflow/example_dags/tutorial_taskflow_api_etl_virtualenv.py
[2023-08-28 20:29:39,038] {processor.py:161} INFO - Processing /home/felipe/airflow/venv/lib/python3.9/site-packages/airflow/example_dags/tutorial_taskflow_api_etl_virtualenv.py took 0.344 seconds
[2023-08-28 20:31:17,685] {processor.py:153} INFO - Started process (PID=2586) to work on /home/felipe/airflow/venv/lib/python3.9/site-packages/airflow/example_dags/tutorial_taskflow_api_etl_virtualenv.py
[2023-08-28 20:31:17,687] {processor.py:641} INFO - Processing file /home/felipe/airflow/venv/lib/python3.9/site-packages/airflow/example_dags/tutorial_taskflow_api_etl_virtualenv.py for tasks to queue
[2023-08-28 20:31:17,689] {logging_mixin.py:115} INFO - [2023-08-28 20:31:17,688] {dagbag.py:507} INFO - Filling up the DagBag from /home/felipe/airflow/venv/lib/python3.9/site-packages/airflow/example_dags/tutorial_taskflow_api_etl_virtualenv.py
[2023-08-28 20:31:17,768] {logging_mixin.py:115} INFO - [2023-08-28 20:31:17,768] {tutorial_taskflow_api_etl_virtualenv.py:29} WARNING - The tutorial_taskflow_api_etl_virtualenv example DAG requires virtualenv, please install it.
[2023-08-28 20:31:17,769] {processor.py:653} WARNING - No viable dags retrieved from /home/felipe/airflow/venv/lib/python3.9/site-packages/airflow/example_dags/tutorial_taskflow_api_etl_virtualenv.py
[2023-08-28 20:31:17,809] {processor.py:161} INFO - Processing /home/felipe/airflow/venv/lib/python3.9/site-packages/airflow/example_dags/tutorial_taskflow_api_etl_virtualenv.py took 0.137 seconds
[2023-08-28 20:31:56,289] {processor.py:153} INFO - Started process (PID=2719) to work on /home/felipe/airflow/venv/lib/python3.9/site-packages/airflow/example_dags/tutorial_taskflow_api_etl_virtualenv.py
[2023-08-28 20:31:56,291] {processor.py:641} INFO - Processing file /home/felipe/airflow/venv/lib/python3.9/site-packages/airflow/example_dags/tutorial_taskflow_api_etl_virtualenv.py for tasks to queue
[2023-08-28 20:31:56,293] {logging_mixin.py:115} INFO - [2023-08-28 20:31:56,293] {dagbag.py:507} INFO - Filling up the DagBag from /home/felipe/airflow/venv/lib/python3.9/site-packages/airflow/example_dags/tutorial_taskflow_api_etl_virtualenv.py
[2023-08-28 20:31:56,373] {logging_mixin.py:115} INFO - [2023-08-28 20:31:56,373] {tutorial_taskflow_api_etl_virtualenv.py:29} WARNING - The tutorial_taskflow_api_etl_virtualenv example DAG requires virtualenv, please install it.
[2023-08-28 20:31:56,374] {processor.py:653} WARNING - No viable dags retrieved from /home/felipe/airflow/venv/lib/python3.9/site-packages/airflow/example_dags/tutorial_taskflow_api_etl_virtualenv.py
[2023-08-28 20:31:56,410] {processor.py:161} INFO - Processing /home/felipe/airflow/venv/lib/python3.9/site-packages/airflow/example_dags/tutorial_taskflow_api_etl_virtualenv.py took 0.134 seconds
[2023-08-28 20:32:35,908] {processor.py:153} INFO - Started process (PID=2960) to work on /home/felipe/airflow/venv/lib/python3.9/site-packages/airflow/example_dags/tutorial_taskflow_api_etl_virtualenv.py
[2023-08-28 20:32:35,910] {processor.py:641} INFO - Processing file /home/felipe/airflow/venv/lib/python3.9/site-packages/airflow/example_dags/tutorial_taskflow_api_etl_virtualenv.py for tasks to queue
[2023-08-28 20:32:35,911] {logging_mixin.py:115} INFO - [2023-08-28 20:32:35,911] {dagbag.py:507} INFO - Filling up the DagBag from /home/felipe/airflow/venv/lib/python3.9/site-packages/airflow/example_dags/tutorial_taskflow_api_etl_virtualenv.py
[2023-08-28 20:32:35,976] {logging_mixin.py:115} INFO - [2023-08-28 20:32:35,976] {tutorial_taskflow_api_etl_virtualenv.py:29} WARNING - The tutorial_taskflow_api_etl_virtualenv example DAG requires virtualenv, please install it.
[2023-08-28 20:32:35,976] {processor.py:653} WARNING - No viable dags retrieved from /home/felipe/airflow/venv/lib/python3.9/site-packages/airflow/example_dags/tutorial_taskflow_api_etl_virtualenv.py
[2023-08-28 20:32:36,010] {processor.py:161} INFO - Processing /home/felipe/airflow/venv/lib/python3.9/site-packages/airflow/example_dags/tutorial_taskflow_api_etl_virtualenv.py took 0.112 seconds
[2023-08-28 20:33:17,408] {processor.py:153} INFO - Started process (PID=2994) to work on /home/felipe/airflow/venv/lib/python3.9/site-packages/airflow/example_dags/tutorial_taskflow_api_etl_virtualenv.py
[2023-08-28 20:33:17,410] {processor.py:641} INFO - Processing file /home/felipe/airflow/venv/lib/python3.9/site-packages/airflow/example_dags/tutorial_taskflow_api_etl_virtualenv.py for tasks to queue
[2023-08-28 20:33:17,411] {logging_mixin.py:115} INFO - [2023-08-28 20:33:17,411] {dagbag.py:507} INFO - Filling up the DagBag from /home/felipe/airflow/venv/lib/python3.9/site-packages/airflow/example_dags/tutorial_taskflow_api_etl_virtualenv.py
[2023-08-28 20:33:17,490] {logging_mixin.py:115} INFO - [2023-08-28 20:33:17,490] {tutorial_taskflow_api_etl_virtualenv.py:29} WARNING - The tutorial_taskflow_api_etl_virtualenv example DAG requires virtualenv, please install it.
[2023-08-28 20:33:17,493] {processor.py:653} WARNING - No viable dags retrieved from /home/felipe/airflow/venv/lib/python3.9/site-packages/airflow/example_dags/tutorial_taskflow_api_etl_virtualenv.py
[2023-08-28 20:33:17,530] {processor.py:161} INFO - Processing /home/felipe/airflow/venv/lib/python3.9/site-packages/airflow/example_dags/tutorial_taskflow_api_etl_virtualenv.py took 0.132 seconds
[2023-08-28 20:34:03,232] {processor.py:153} INFO - Started process (PID=3137) to work on /home/felipe/airflow/venv/lib/python3.9/site-packages/airflow/example_dags/tutorial_taskflow_api_etl_virtualenv.py
[2023-08-28 20:34:03,234] {processor.py:641} INFO - Processing file /home/felipe/airflow/venv/lib/python3.9/site-packages/airflow/example_dags/tutorial_taskflow_api_etl_virtualenv.py for tasks to queue
[2023-08-28 20:34:03,235] {logging_mixin.py:115} INFO - [2023-08-28 20:34:03,235] {dagbag.py:507} INFO - Filling up the DagBag from /home/felipe/airflow/venv/lib/python3.9/site-packages/airflow/example_dags/tutorial_taskflow_api_etl_virtualenv.py
[2023-08-28 20:34:03,298] {logging_mixin.py:115} INFO - [2023-08-28 20:34:03,298] {tutorial_taskflow_api_etl_virtualenv.py:29} WARNING - The tutorial_taskflow_api_etl_virtualenv example DAG requires virtualenv, please install it.
[2023-08-28 20:34:03,299] {processor.py:653} WARNING - No viable dags retrieved from /home/felipe/airflow/venv/lib/python3.9/site-packages/airflow/example_dags/tutorial_taskflow_api_etl_virtualenv.py
[2023-08-28 20:34:03,335] {processor.py:161} INFO - Processing /home/felipe/airflow/venv/lib/python3.9/site-packages/airflow/example_dags/tutorial_taskflow_api_etl_virtualenv.py took 0.114 seconds
[2023-08-28 20:34:41,956] {processor.py:153} INFO - Started process (PID=3269) to work on /home/felipe/airflow/venv/lib/python3.9/site-packages/airflow/example_dags/tutorial_taskflow_api_etl_virtualenv.py
[2023-08-28 20:34:41,958] {processor.py:641} INFO - Processing file /home/felipe/airflow/venv/lib/python3.9/site-packages/airflow/example_dags/tutorial_taskflow_api_etl_virtualenv.py for tasks to queue
[2023-08-28 20:34:41,959] {logging_mixin.py:115} INFO - [2023-08-28 20:34:41,959] {dagbag.py:507} INFO - Filling up the DagBag from /home/felipe/airflow/venv/lib/python3.9/site-packages/airflow/example_dags/tutorial_taskflow_api_etl_virtualenv.py
[2023-08-28 20:34:42,026] {logging_mixin.py:115} INFO - [2023-08-28 20:34:42,026] {tutorial_taskflow_api_etl_virtualenv.py:29} WARNING - The tutorial_taskflow_api_etl_virtualenv example DAG requires virtualenv, please install it.
[2023-08-28 20:34:42,027] {processor.py:653} WARNING - No viable dags retrieved from /home/felipe/airflow/venv/lib/python3.9/site-packages/airflow/example_dags/tutorial_taskflow_api_etl_virtualenv.py
[2023-08-28 20:34:42,062] {processor.py:161} INFO - Processing /home/felipe/airflow/venv/lib/python3.9/site-packages/airflow/example_dags/tutorial_taskflow_api_etl_virtualenv.py took 0.123 seconds
[2023-08-28 20:35:21,182] {processor.py:153} INFO - Started process (PID=3405) to work on /home/felipe/airflow/venv/lib/python3.9/site-packages/airflow/example_dags/tutorial_taskflow_api_etl_virtualenv.py
[2023-08-28 20:35:21,184] {processor.py:641} INFO - Processing file /home/felipe/airflow/venv/lib/python3.9/site-packages/airflow/example_dags/tutorial_taskflow_api_etl_virtualenv.py for tasks to queue
[2023-08-28 20:35:21,185] {logging_mixin.py:115} INFO - [2023-08-28 20:35:21,185] {dagbag.py:507} INFO - Filling up the DagBag from /home/felipe/airflow/venv/lib/python3.9/site-packages/airflow/example_dags/tutorial_taskflow_api_etl_virtualenv.py
[2023-08-28 20:35:21,261] {logging_mixin.py:115} INFO - [2023-08-28 20:35:21,261] {tutorial_taskflow_api_etl_virtualenv.py:29} WARNING - The tutorial_taskflow_api_etl_virtualenv example DAG requires virtualenv, please install it.
[2023-08-28 20:35:21,262] {processor.py:653} WARNING - No viable dags retrieved from /home/felipe/airflow/venv/lib/python3.9/site-packages/airflow/example_dags/tutorial_taskflow_api_etl_virtualenv.py
[2023-08-28 20:35:21,299] {processor.py:161} INFO - Processing /home/felipe/airflow/venv/lib/python3.9/site-packages/airflow/example_dags/tutorial_taskflow_api_etl_virtualenv.py took 0.131 seconds
[2023-08-28 20:35:55,479] {processor.py:153} INFO - Started process (PID=3435) to work on /home/felipe/airflow/venv/lib/python3.9/site-packages/airflow/example_dags/tutorial_taskflow_api_etl_virtualenv.py
[2023-08-28 20:35:55,481] {processor.py:641} INFO - Processing file /home/felipe/airflow/venv/lib/python3.9/site-packages/airflow/example_dags/tutorial_taskflow_api_etl_virtualenv.py for tasks to queue
[2023-08-28 20:35:55,483] {logging_mixin.py:115} INFO - [2023-08-28 20:35:55,483] {dagbag.py:507} INFO - Filling up the DagBag from /home/felipe/airflow/venv/lib/python3.9/site-packages/airflow/example_dags/tutorial_taskflow_api_etl_virtualenv.py
[2023-08-28 20:35:55,552] {logging_mixin.py:115} INFO - [2023-08-28 20:35:55,552] {tutorial_taskflow_api_etl_virtualenv.py:29} WARNING - The tutorial_taskflow_api_etl_virtualenv example DAG requires virtualenv, please install it.
[2023-08-28 20:35:55,552] {processor.py:653} WARNING - No viable dags retrieved from /home/felipe/airflow/venv/lib/python3.9/site-packages/airflow/example_dags/tutorial_taskflow_api_etl_virtualenv.py
[2023-08-28 20:35:55,583] {processor.py:161} INFO - Processing /home/felipe/airflow/venv/lib/python3.9/site-packages/airflow/example_dags/tutorial_taskflow_api_etl_virtualenv.py took 0.114 seconds
[2023-08-28 20:36:28,849] {processor.py:153} INFO - Started process (PID=3563) to work on /home/felipe/airflow/venv/lib/python3.9/site-packages/airflow/example_dags/tutorial_taskflow_api_etl_virtualenv.py
[2023-08-28 20:36:28,851] {processor.py:641} INFO - Processing file /home/felipe/airflow/venv/lib/python3.9/site-packages/airflow/example_dags/tutorial_taskflow_api_etl_virtualenv.py for tasks to queue
[2023-08-28 20:36:28,853] {logging_mixin.py:115} INFO - [2023-08-28 20:36:28,852] {dagbag.py:507} INFO - Filling up the DagBag from /home/felipe/airflow/venv/lib/python3.9/site-packages/airflow/example_dags/tutorial_taskflow_api_etl_virtualenv.py
[2023-08-28 20:36:28,917] {logging_mixin.py:115} INFO - [2023-08-28 20:36:28,917] {tutorial_taskflow_api_etl_virtualenv.py:29} WARNING - The tutorial_taskflow_api_etl_virtualenv example DAG requires virtualenv, please install it.
[2023-08-28 20:36:28,917] {processor.py:653} WARNING - No viable dags retrieved from /home/felipe/airflow/venv/lib/python3.9/site-packages/airflow/example_dags/tutorial_taskflow_api_etl_virtualenv.py
[2023-08-28 20:36:28,949] {processor.py:161} INFO - Processing /home/felipe/airflow/venv/lib/python3.9/site-packages/airflow/example_dags/tutorial_taskflow_api_etl_virtualenv.py took 0.109 seconds
[2023-08-28 20:37:02,976] {processor.py:153} INFO - Started process (PID=3694) to work on /home/felipe/airflow/venv/lib/python3.9/site-packages/airflow/example_dags/tutorial_taskflow_api_etl_virtualenv.py
[2023-08-28 20:37:02,978] {processor.py:641} INFO - Processing file /home/felipe/airflow/venv/lib/python3.9/site-packages/airflow/example_dags/tutorial_taskflow_api_etl_virtualenv.py for tasks to queue
[2023-08-28 20:37:02,979] {logging_mixin.py:115} INFO - [2023-08-28 20:37:02,979] {dagbag.py:507} INFO - Filling up the DagBag from /home/felipe/airflow/venv/lib/python3.9/site-packages/airflow/example_dags/tutorial_taskflow_api_etl_virtualenv.py
[2023-08-28 20:37:03,059] {logging_mixin.py:115} INFO - [2023-08-28 20:37:03,058] {tutorial_taskflow_api_etl_virtualenv.py:29} WARNING - The tutorial_taskflow_api_etl_virtualenv example DAG requires virtualenv, please install it.
[2023-08-28 20:37:03,059] {processor.py:653} WARNING - No viable dags retrieved from /home/felipe/airflow/venv/lib/python3.9/site-packages/airflow/example_dags/tutorial_taskflow_api_etl_virtualenv.py
[2023-08-28 20:37:03,098] {processor.py:161} INFO - Processing /home/felipe/airflow/venv/lib/python3.9/site-packages/airflow/example_dags/tutorial_taskflow_api_etl_virtualenv.py took 0.136 seconds
[2023-08-28 20:37:39,175] {processor.py:153} INFO - Started process (PID=3776) to work on /home/felipe/airflow/venv/lib/python3.9/site-packages/airflow/example_dags/tutorial_taskflow_api_etl_virtualenv.py
[2023-08-28 20:37:39,177] {processor.py:641} INFO - Processing file /home/felipe/airflow/venv/lib/python3.9/site-packages/airflow/example_dags/tutorial_taskflow_api_etl_virtualenv.py for tasks to queue
[2023-08-28 20:37:39,179] {logging_mixin.py:115} INFO - [2023-08-28 20:37:39,179] {dagbag.py:507} INFO - Filling up the DagBag from /home/felipe/airflow/venv/lib/python3.9/site-packages/airflow/example_dags/tutorial_taskflow_api_etl_virtualenv.py
[2023-08-28 20:37:39,262] {logging_mixin.py:115} INFO - [2023-08-28 20:37:39,262] {tutorial_taskflow_api_etl_virtualenv.py:29} WARNING - The tutorial_taskflow_api_etl_virtualenv example DAG requires virtualenv, please install it.
[2023-08-28 20:37:39,262] {processor.py:653} WARNING - No viable dags retrieved from /home/felipe/airflow/venv/lib/python3.9/site-packages/airflow/example_dags/tutorial_taskflow_api_etl_virtualenv.py
[2023-08-28 20:37:39,299] {processor.py:161} INFO - Processing /home/felipe/airflow/venv/lib/python3.9/site-packages/airflow/example_dags/tutorial_taskflow_api_etl_virtualenv.py took 0.137 seconds
[2023-08-28 20:38:19,470] {processor.py:153} INFO - Started process (PID=3911) to work on /home/felipe/airflow/venv/lib/python3.9/site-packages/airflow/example_dags/tutorial_taskflow_api_etl_virtualenv.py
[2023-08-28 20:38:19,472] {processor.py:641} INFO - Processing file /home/felipe/airflow/venv/lib/python3.9/site-packages/airflow/example_dags/tutorial_taskflow_api_etl_virtualenv.py for tasks to queue
[2023-08-28 20:38:19,473] {logging_mixin.py:115} INFO - [2023-08-28 20:38:19,473] {dagbag.py:507} INFO - Filling up the DagBag from /home/felipe/airflow/venv/lib/python3.9/site-packages/airflow/example_dags/tutorial_taskflow_api_etl_virtualenv.py
[2023-08-28 20:38:19,557] {logging_mixin.py:115} INFO - [2023-08-28 20:38:19,557] {tutorial_taskflow_api_etl_virtualenv.py:29} WARNING - The tutorial_taskflow_api_etl_virtualenv example DAG requires virtualenv, please install it.
[2023-08-28 20:38:19,558] {processor.py:653} WARNING - No viable dags retrieved from /home/felipe/airflow/venv/lib/python3.9/site-packages/airflow/example_dags/tutorial_taskflow_api_etl_virtualenv.py
[2023-08-28 20:38:19,591] {processor.py:161} INFO - Processing /home/felipe/airflow/venv/lib/python3.9/site-packages/airflow/example_dags/tutorial_taskflow_api_etl_virtualenv.py took 0.136 seconds
[2023-08-28 20:38:56,398] {processor.py:153} INFO - Started process (PID=4043) to work on /home/felipe/airflow/venv/lib/python3.9/site-packages/airflow/example_dags/tutorial_taskflow_api_etl_virtualenv.py
[2023-08-28 20:38:56,399] {processor.py:641} INFO - Processing file /home/felipe/airflow/venv/lib/python3.9/site-packages/airflow/example_dags/tutorial_taskflow_api_etl_virtualenv.py for tasks to queue
[2023-08-28 20:38:56,402] {logging_mixin.py:115} INFO - [2023-08-28 20:38:56,401] {dagbag.py:507} INFO - Filling up the DagBag from /home/felipe/airflow/venv/lib/python3.9/site-packages/airflow/example_dags/tutorial_taskflow_api_etl_virtualenv.py
[2023-08-28 20:38:56,485] {logging_mixin.py:115} INFO - [2023-08-28 20:38:56,485] {tutorial_taskflow_api_etl_virtualenv.py:29} WARNING - The tutorial_taskflow_api_etl_virtualenv example DAG requires virtualenv, please install it.
[2023-08-28 20:38:56,486] {processor.py:653} WARNING - No viable dags retrieved from /home/felipe/airflow/venv/lib/python3.9/site-packages/airflow/example_dags/tutorial_taskflow_api_etl_virtualenv.py
[2023-08-28 20:38:56,543] {processor.py:161} INFO - Processing /home/felipe/airflow/venv/lib/python3.9/site-packages/airflow/example_dags/tutorial_taskflow_api_etl_virtualenv.py took 0.156 seconds
[2023-08-28 20:39:29,930] {processor.py:153} INFO - Started process (PID=4123) to work on /home/felipe/airflow/venv/lib/python3.9/site-packages/airflow/example_dags/tutorial_taskflow_api_etl_virtualenv.py
[2023-08-28 20:39:29,932] {processor.py:641} INFO - Processing file /home/felipe/airflow/venv/lib/python3.9/site-packages/airflow/example_dags/tutorial_taskflow_api_etl_virtualenv.py for tasks to queue
[2023-08-28 20:39:29,934] {logging_mixin.py:115} INFO - [2023-08-28 20:39:29,934] {dagbag.py:507} INFO - Filling up the DagBag from /home/felipe/airflow/venv/lib/python3.9/site-packages/airflow/example_dags/tutorial_taskflow_api_etl_virtualenv.py
[2023-08-28 20:39:30,024] {logging_mixin.py:115} INFO - [2023-08-28 20:39:30,023] {tutorial_taskflow_api_etl_virtualenv.py:29} WARNING - The tutorial_taskflow_api_etl_virtualenv example DAG requires virtualenv, please install it.
[2023-08-28 20:39:30,026] {processor.py:653} WARNING - No viable dags retrieved from /home/felipe/airflow/venv/lib/python3.9/site-packages/airflow/example_dags/tutorial_taskflow_api_etl_virtualenv.py
[2023-08-28 20:39:30,066] {processor.py:161} INFO - Processing /home/felipe/airflow/venv/lib/python3.9/site-packages/airflow/example_dags/tutorial_taskflow_api_etl_virtualenv.py took 0.153 seconds
[2023-08-28 20:42:26,306] {processor.py:153} INFO - Started process (PID=5906) to work on /home/felipe/airflow/venv/lib/python3.9/site-packages/airflow/example_dags/tutorial_taskflow_api_etl_virtualenv.py
[2023-08-28 20:42:26,308] {processor.py:641} INFO - Processing file /home/felipe/airflow/venv/lib/python3.9/site-packages/airflow/example_dags/tutorial_taskflow_api_etl_virtualenv.py for tasks to queue
[2023-08-28 20:42:26,309] {logging_mixin.py:115} INFO - [2023-08-28 20:42:26,309] {dagbag.py:507} INFO - Filling up the DagBag from /home/felipe/airflow/venv/lib/python3.9/site-packages/airflow/example_dags/tutorial_taskflow_api_etl_virtualenv.py
[2023-08-28 20:42:26,402] {logging_mixin.py:115} INFO - [2023-08-28 20:42:26,401] {tutorial_taskflow_api_etl_virtualenv.py:29} WARNING - The tutorial_taskflow_api_etl_virtualenv example DAG requires virtualenv, please install it.
[2023-08-28 20:42:26,402] {processor.py:653} WARNING - No viable dags retrieved from /home/felipe/airflow/venv/lib/python3.9/site-packages/airflow/example_dags/tutorial_taskflow_api_etl_virtualenv.py
[2023-08-28 20:42:26,450] {processor.py:161} INFO - Processing /home/felipe/airflow/venv/lib/python3.9/site-packages/airflow/example_dags/tutorial_taskflow_api_etl_virtualenv.py took 0.158 seconds
[2023-08-28 20:43:22,962] {processor.py:153} INFO - Started process (PID=6154) to work on /home/felipe/airflow/venv/lib/python3.9/site-packages/airflow/example_dags/tutorial_taskflow_api_etl_virtualenv.py
[2023-08-28 20:43:22,970] {processor.py:641} INFO - Processing file /home/felipe/airflow/venv/lib/python3.9/site-packages/airflow/example_dags/tutorial_taskflow_api_etl_virtualenv.py for tasks to queue
[2023-08-28 20:43:22,972] {logging_mixin.py:115} INFO - [2023-08-28 20:43:22,972] {dagbag.py:507} INFO - Filling up the DagBag from /home/felipe/airflow/venv/lib/python3.9/site-packages/airflow/example_dags/tutorial_taskflow_api_etl_virtualenv.py
[2023-08-28 20:43:23,106] {logging_mixin.py:115} INFO - [2023-08-28 20:43:23,105] {tutorial_taskflow_api_etl_virtualenv.py:29} WARNING - The tutorial_taskflow_api_etl_virtualenv example DAG requires virtualenv, please install it.
[2023-08-28 20:43:23,107] {processor.py:653} WARNING - No viable dags retrieved from /home/felipe/airflow/venv/lib/python3.9/site-packages/airflow/example_dags/tutorial_taskflow_api_etl_virtualenv.py
[2023-08-28 20:43:23,191] {processor.py:161} INFO - Processing /home/felipe/airflow/venv/lib/python3.9/site-packages/airflow/example_dags/tutorial_taskflow_api_etl_virtualenv.py took 0.250 seconds
