[2023-08-28 19:03:48,301] {processor.py:153} INFO - Started process (PID=7702) to work on /home/felipe/airflow/venv/lib/python3.9/site-packages/airflow/example_dags/tutorial_taskflow_api_etl.py
[2023-08-28 19:03:48,304] {processor.py:641} INFO - Processing file /home/felipe/airflow/venv/lib/python3.9/site-packages/airflow/example_dags/tutorial_taskflow_api_etl.py for tasks to queue
[2023-08-28 19:03:48,306] {logging_mixin.py:115} INFO - [2023-08-28 19:03:48,306] {dagbag.py:507} INFO - Filling up the DagBag from /home/felipe/airflow/venv/lib/python3.9/site-packages/airflow/example_dags/tutorial_taskflow_api_etl.py
[2023-08-28 19:03:48,419] {processor.py:651} INFO - DAG(s) dict_keys(['tutorial_taskflow_api_etl']) retrieved from /home/felipe/airflow/venv/lib/python3.9/site-packages/airflow/example_dags/tutorial_taskflow_api_etl.py
[2023-08-28 19:03:48,719] {logging_mixin.py:115} INFO - [2023-08-28 19:03:48,719] {manager.py:508} INFO - Created Permission View: can delete on DAG:tutorial_taskflow_api_etl
[2023-08-28 19:03:48,768] {logging_mixin.py:115} INFO - [2023-08-28 19:03:48,768] {manager.py:508} INFO - Created Permission View: can read on DAG:tutorial_taskflow_api_etl
[2023-08-28 19:03:48,818] {logging_mixin.py:115} INFO - [2023-08-28 19:03:48,817] {manager.py:508} INFO - Created Permission View: can edit on DAG:tutorial_taskflow_api_etl
[2023-08-28 19:03:48,819] {logging_mixin.py:115} INFO - [2023-08-28 19:03:48,818] {dag.py:2379} INFO - Sync 1 DAGs
[2023-08-28 19:03:48,872] {logging_mixin.py:115} INFO - [2023-08-28 19:03:48,872] {dag.py:2398} INFO - Creating ORM DAG for tutorial_taskflow_api_etl
[2023-08-28 19:03:48,945] {logging_mixin.py:115} INFO - [2023-08-28 19:03:48,945] {dag.py:2927} INFO - Setting next_dagrun for tutorial_taskflow_api_etl to None, run_after=None
[2023-08-28 19:03:49,105] {processor.py:161} INFO - Processing /home/felipe/airflow/venv/lib/python3.9/site-packages/airflow/example_dags/tutorial_taskflow_api_etl.py took 0.824 seconds
[2023-08-28 19:05:32,356] {processor.py:153} INFO - Started process (PID=8796) to work on /home/felipe/airflow/venv/lib/python3.9/site-packages/airflow/example_dags/tutorial_taskflow_api_etl.py
[2023-08-28 19:05:32,359] {processor.py:641} INFO - Processing file /home/felipe/airflow/venv/lib/python3.9/site-packages/airflow/example_dags/tutorial_taskflow_api_etl.py for tasks to queue
[2023-08-28 19:05:32,361] {logging_mixin.py:115} INFO - [2023-08-28 19:05:32,360] {dagbag.py:507} INFO - Filling up the DagBag from /home/felipe/airflow/venv/lib/python3.9/site-packages/airflow/example_dags/tutorial_taskflow_api_etl.py
[2023-08-28 19:05:32,563] {processor.py:651} INFO - DAG(s) dict_keys(['tutorial_taskflow_api_etl']) retrieved from /home/felipe/airflow/venv/lib/python3.9/site-packages/airflow/example_dags/tutorial_taskflow_api_etl.py
[2023-08-28 19:05:33,026] {logging_mixin.py:115} INFO - [2023-08-28 19:05:33,026] {dag.py:2379} INFO - Sync 1 DAGs
[2023-08-28 19:05:33,111] {logging_mixin.py:115} INFO - [2023-08-28 19:05:33,111] {dag.py:2927} INFO - Setting next_dagrun for tutorial_taskflow_api_etl to None, run_after=None
[2023-08-28 19:05:33,208] {processor.py:161} INFO - Processing /home/felipe/airflow/venv/lib/python3.9/site-packages/airflow/example_dags/tutorial_taskflow_api_etl.py took 0.881 seconds
[2023-08-28 19:06:16,327] {processor.py:153} INFO - Started process (PID=8982) to work on /home/felipe/airflow/venv/lib/python3.9/site-packages/airflow/example_dags/tutorial_taskflow_api_etl.py
[2023-08-28 19:06:16,330] {processor.py:641} INFO - Processing file /home/felipe/airflow/venv/lib/python3.9/site-packages/airflow/example_dags/tutorial_taskflow_api_etl.py for tasks to queue
[2023-08-28 19:06:16,331] {logging_mixin.py:115} INFO - [2023-08-28 19:06:16,331] {dagbag.py:507} INFO - Filling up the DagBag from /home/felipe/airflow/venv/lib/python3.9/site-packages/airflow/example_dags/tutorial_taskflow_api_etl.py
[2023-08-28 19:06:16,495] {processor.py:651} INFO - DAG(s) dict_keys(['tutorial_taskflow_api_etl']) retrieved from /home/felipe/airflow/venv/lib/python3.9/site-packages/airflow/example_dags/tutorial_taskflow_api_etl.py
[2023-08-28 19:06:16,912] {logging_mixin.py:115} INFO - [2023-08-28 19:06:16,912] {dag.py:2379} INFO - Sync 1 DAGs
[2023-08-28 19:06:16,982] {logging_mixin.py:115} INFO - [2023-08-28 19:06:16,982] {dag.py:2927} INFO - Setting next_dagrun for tutorial_taskflow_api_etl to None, run_after=None
[2023-08-28 19:06:17,081] {processor.py:161} INFO - Processing /home/felipe/airflow/venv/lib/python3.9/site-packages/airflow/example_dags/tutorial_taskflow_api_etl.py took 0.780 seconds
[2023-08-28 19:07:40,106] {processor.py:153} INFO - Started process (PID=9787) to work on /home/felipe/airflow/venv/lib/python3.9/site-packages/airflow/example_dags/tutorial_taskflow_api_etl.py
[2023-08-28 19:07:40,108] {processor.py:641} INFO - Processing file /home/felipe/airflow/venv/lib/python3.9/site-packages/airflow/example_dags/tutorial_taskflow_api_etl.py for tasks to queue
[2023-08-28 19:07:40,110] {logging_mixin.py:115} INFO - [2023-08-28 19:07:40,110] {dagbag.py:507} INFO - Filling up the DagBag from /home/felipe/airflow/venv/lib/python3.9/site-packages/airflow/example_dags/tutorial_taskflow_api_etl.py
[2023-08-28 19:07:40,221] {processor.py:651} INFO - DAG(s) dict_keys(['tutorial_taskflow_api_etl']) retrieved from /home/felipe/airflow/venv/lib/python3.9/site-packages/airflow/example_dags/tutorial_taskflow_api_etl.py
[2023-08-28 19:07:40,491] {logging_mixin.py:115} INFO - [2023-08-28 19:07:40,491] {dag.py:2379} INFO - Sync 1 DAGs
[2023-08-28 19:07:40,588] {logging_mixin.py:115} INFO - [2023-08-28 19:07:40,587] {dag.py:2927} INFO - Setting next_dagrun for tutorial_taskflow_api_etl to None, run_after=None
[2023-08-28 19:07:40,669] {processor.py:161} INFO - Processing /home/felipe/airflow/venv/lib/python3.9/site-packages/airflow/example_dags/tutorial_taskflow_api_etl.py took 0.582 seconds
[2023-08-28 19:09:00,404] {processor.py:153} INFO - Started process (PID=10515) to work on /home/felipe/airflow/venv/lib/python3.9/site-packages/airflow/example_dags/tutorial_taskflow_api_etl.py
[2023-08-28 19:09:00,406] {processor.py:641} INFO - Processing file /home/felipe/airflow/venv/lib/python3.9/site-packages/airflow/example_dags/tutorial_taskflow_api_etl.py for tasks to queue
[2023-08-28 19:09:00,415] {logging_mixin.py:115} INFO - [2023-08-28 19:09:00,414] {dagbag.py:507} INFO - Filling up the DagBag from /home/felipe/airflow/venv/lib/python3.9/site-packages/airflow/example_dags/tutorial_taskflow_api_etl.py
[2023-08-28 19:09:00,588] {processor.py:651} INFO - DAG(s) dict_keys(['tutorial_taskflow_api_etl']) retrieved from /home/felipe/airflow/venv/lib/python3.9/site-packages/airflow/example_dags/tutorial_taskflow_api_etl.py
[2023-08-28 19:09:00,973] {logging_mixin.py:115} INFO - [2023-08-28 19:09:00,973] {dag.py:2379} INFO - Sync 1 DAGs
[2023-08-28 19:09:01,080] {logging_mixin.py:115} INFO - [2023-08-28 19:09:01,074] {dag.py:2927} INFO - Setting next_dagrun for tutorial_taskflow_api_etl to None, run_after=None
[2023-08-28 19:09:01,148] {processor.py:161} INFO - Processing /home/felipe/airflow/venv/lib/python3.9/site-packages/airflow/example_dags/tutorial_taskflow_api_etl.py took 0.777 seconds
[2023-08-28 19:09:55,138] {processor.py:153} INFO - Started process (PID=10864) to work on /home/felipe/airflow/venv/lib/python3.9/site-packages/airflow/example_dags/tutorial_taskflow_api_etl.py
[2023-08-28 19:09:55,140] {processor.py:641} INFO - Processing file /home/felipe/airflow/venv/lib/python3.9/site-packages/airflow/example_dags/tutorial_taskflow_api_etl.py for tasks to queue
[2023-08-28 19:09:55,141] {logging_mixin.py:115} INFO - [2023-08-28 19:09:55,141] {dagbag.py:507} INFO - Filling up the DagBag from /home/felipe/airflow/venv/lib/python3.9/site-packages/airflow/example_dags/tutorial_taskflow_api_etl.py
[2023-08-28 19:09:55,256] {processor.py:651} INFO - DAG(s) dict_keys(['tutorial_taskflow_api_etl']) retrieved from /home/felipe/airflow/venv/lib/python3.9/site-packages/airflow/example_dags/tutorial_taskflow_api_etl.py
[2023-08-28 19:09:55,659] {logging_mixin.py:115} INFO - [2023-08-28 19:09:55,658] {dag.py:2379} INFO - Sync 1 DAGs
[2023-08-28 19:09:55,730] {logging_mixin.py:115} INFO - [2023-08-28 19:09:55,730] {dag.py:2927} INFO - Setting next_dagrun for tutorial_taskflow_api_etl to None, run_after=None
[2023-08-28 19:09:55,809] {processor.py:161} INFO - Processing /home/felipe/airflow/venv/lib/python3.9/site-packages/airflow/example_dags/tutorial_taskflow_api_etl.py took 0.700 seconds
[2023-08-28 19:10:39,917] {processor.py:153} INFO - Started process (PID=11030) to work on /home/felipe/airflow/venv/lib/python3.9/site-packages/airflow/example_dags/tutorial_taskflow_api_etl.py
[2023-08-28 19:10:39,919] {processor.py:641} INFO - Processing file /home/felipe/airflow/venv/lib/python3.9/site-packages/airflow/example_dags/tutorial_taskflow_api_etl.py for tasks to queue
[2023-08-28 19:10:39,920] {logging_mixin.py:115} INFO - [2023-08-28 19:10:39,920] {dagbag.py:507} INFO - Filling up the DagBag from /home/felipe/airflow/venv/lib/python3.9/site-packages/airflow/example_dags/tutorial_taskflow_api_etl.py
[2023-08-28 19:10:40,006] {processor.py:651} INFO - DAG(s) dict_keys(['tutorial_taskflow_api_etl']) retrieved from /home/felipe/airflow/venv/lib/python3.9/site-packages/airflow/example_dags/tutorial_taskflow_api_etl.py
[2023-08-28 19:10:40,176] {logging_mixin.py:115} INFO - [2023-08-28 19:10:40,176] {dag.py:2379} INFO - Sync 1 DAGs
[2023-08-28 19:10:40,208] {logging_mixin.py:115} INFO - [2023-08-28 19:10:40,207] {dag.py:2927} INFO - Setting next_dagrun for tutorial_taskflow_api_etl to None, run_after=None
[2023-08-28 19:10:40,242] {processor.py:161} INFO - Processing /home/felipe/airflow/venv/lib/python3.9/site-packages/airflow/example_dags/tutorial_taskflow_api_etl.py took 0.354 seconds
[2023-08-28 19:11:22,197] {processor.py:153} INFO - Started process (PID=11135) to work on /home/felipe/airflow/venv/lib/python3.9/site-packages/airflow/example_dags/tutorial_taskflow_api_etl.py
[2023-08-28 19:11:22,199] {processor.py:641} INFO - Processing file /home/felipe/airflow/venv/lib/python3.9/site-packages/airflow/example_dags/tutorial_taskflow_api_etl.py for tasks to queue
[2023-08-28 19:11:22,200] {logging_mixin.py:115} INFO - [2023-08-28 19:11:22,200] {dagbag.py:507} INFO - Filling up the DagBag from /home/felipe/airflow/venv/lib/python3.9/site-packages/airflow/example_dags/tutorial_taskflow_api_etl.py
[2023-08-28 19:11:22,275] {processor.py:651} INFO - DAG(s) dict_keys(['tutorial_taskflow_api_etl']) retrieved from /home/felipe/airflow/venv/lib/python3.9/site-packages/airflow/example_dags/tutorial_taskflow_api_etl.py
[2023-08-28 19:11:22,477] {logging_mixin.py:115} INFO - [2023-08-28 19:11:22,477] {dag.py:2379} INFO - Sync 1 DAGs
[2023-08-28 19:11:22,515] {logging_mixin.py:115} INFO - [2023-08-28 19:11:22,515] {dag.py:2927} INFO - Setting next_dagrun for tutorial_taskflow_api_etl to None, run_after=None
[2023-08-28 19:11:22,555] {processor.py:161} INFO - Processing /home/felipe/airflow/venv/lib/python3.9/site-packages/airflow/example_dags/tutorial_taskflow_api_etl.py took 0.372 seconds
[2023-08-28 19:11:57,233] {processor.py:153} INFO - Started process (PID=11243) to work on /home/felipe/airflow/venv/lib/python3.9/site-packages/airflow/example_dags/tutorial_taskflow_api_etl.py
[2023-08-28 19:11:57,236] {processor.py:641} INFO - Processing file /home/felipe/airflow/venv/lib/python3.9/site-packages/airflow/example_dags/tutorial_taskflow_api_etl.py for tasks to queue
[2023-08-28 19:11:57,237] {logging_mixin.py:115} INFO - [2023-08-28 19:11:57,237] {dagbag.py:507} INFO - Filling up the DagBag from /home/felipe/airflow/venv/lib/python3.9/site-packages/airflow/example_dags/tutorial_taskflow_api_etl.py
[2023-08-28 19:11:57,324] {processor.py:651} INFO - DAG(s) dict_keys(['tutorial_taskflow_api_etl']) retrieved from /home/felipe/airflow/venv/lib/python3.9/site-packages/airflow/example_dags/tutorial_taskflow_api_etl.py
[2023-08-28 19:11:57,538] {logging_mixin.py:115} INFO - [2023-08-28 19:11:57,538] {dag.py:2379} INFO - Sync 1 DAGs
[2023-08-28 19:11:57,586] {logging_mixin.py:115} INFO - [2023-08-28 19:11:57,586] {dag.py:2927} INFO - Setting next_dagrun for tutorial_taskflow_api_etl to None, run_after=None
[2023-08-28 19:11:57,685] {processor.py:161} INFO - Processing /home/felipe/airflow/venv/lib/python3.9/site-packages/airflow/example_dags/tutorial_taskflow_api_etl.py took 0.467 seconds
[2023-08-28 19:12:49,594] {processor.py:153} INFO - Started process (PID=11398) to work on /home/felipe/airflow/venv/lib/python3.9/site-packages/airflow/example_dags/tutorial_taskflow_api_etl.py
[2023-08-28 19:12:49,654] {processor.py:641} INFO - Processing file /home/felipe/airflow/venv/lib/python3.9/site-packages/airflow/example_dags/tutorial_taskflow_api_etl.py for tasks to queue
[2023-08-28 19:12:49,660] {logging_mixin.py:115} INFO - [2023-08-28 19:12:49,659] {dagbag.py:507} INFO - Filling up the DagBag from /home/felipe/airflow/venv/lib/python3.9/site-packages/airflow/example_dags/tutorial_taskflow_api_etl.py
[2023-08-28 19:12:50,410] {processor.py:651} INFO - DAG(s) dict_keys(['tutorial_taskflow_api_etl']) retrieved from /home/felipe/airflow/venv/lib/python3.9/site-packages/airflow/example_dags/tutorial_taskflow_api_etl.py
[2023-08-28 19:12:52,650] {logging_mixin.py:115} INFO - [2023-08-28 19:12:52,645] {dag.py:2379} INFO - Sync 1 DAGs
[2023-08-28 19:12:53,272] {logging_mixin.py:115} INFO - [2023-08-28 19:12:53,272] {dag.py:2927} INFO - Setting next_dagrun for tutorial_taskflow_api_etl to None, run_after=None
[2023-08-28 19:12:53,501] {processor.py:161} INFO - Processing /home/felipe/airflow/venv/lib/python3.9/site-packages/airflow/example_dags/tutorial_taskflow_api_etl.py took 3.981 seconds
[2023-08-28 19:13:38,114] {processor.py:153} INFO - Started process (PID=11917) to work on /home/felipe/airflow/venv/lib/python3.9/site-packages/airflow/example_dags/tutorial_taskflow_api_etl.py
[2023-08-28 19:13:38,119] {processor.py:641} INFO - Processing file /home/felipe/airflow/venv/lib/python3.9/site-packages/airflow/example_dags/tutorial_taskflow_api_etl.py for tasks to queue
[2023-08-28 19:13:38,122] {logging_mixin.py:115} INFO - [2023-08-28 19:13:38,121] {dagbag.py:507} INFO - Filling up the DagBag from /home/felipe/airflow/venv/lib/python3.9/site-packages/airflow/example_dags/tutorial_taskflow_api_etl.py
[2023-08-28 19:13:38,289] {processor.py:651} INFO - DAG(s) dict_keys(['tutorial_taskflow_api_etl']) retrieved from /home/felipe/airflow/venv/lib/python3.9/site-packages/airflow/example_dags/tutorial_taskflow_api_etl.py
[2023-08-28 19:13:38,399] {logging_mixin.py:115} INFO - [2023-08-28 19:13:38,398] {dag.py:2379} INFO - Sync 1 DAGs
[2023-08-28 19:13:38,541] {logging_mixin.py:115} INFO - [2023-08-28 19:13:38,541] {dag.py:2927} INFO - Setting next_dagrun for tutorial_taskflow_api_etl to None, run_after=None
[2023-08-28 19:13:38,596] {processor.py:161} INFO - Processing /home/felipe/airflow/venv/lib/python3.9/site-packages/airflow/example_dags/tutorial_taskflow_api_etl.py took 0.504 seconds
[2023-08-28 19:14:51,008] {processor.py:153} INFO - Started process (PID=12225) to work on /home/felipe/airflow/venv/lib/python3.9/site-packages/airflow/example_dags/tutorial_taskflow_api_etl.py
[2023-08-28 19:14:51,026] {processor.py:641} INFO - Processing file /home/felipe/airflow/venv/lib/python3.9/site-packages/airflow/example_dags/tutorial_taskflow_api_etl.py for tasks to queue
[2023-08-28 19:14:51,039] {logging_mixin.py:115} INFO - [2023-08-28 19:14:51,037] {dagbag.py:507} INFO - Filling up the DagBag from /home/felipe/airflow/venv/lib/python3.9/site-packages/airflow/example_dags/tutorial_taskflow_api_etl.py
[2023-08-28 19:14:51,278] {processor.py:651} INFO - DAG(s) dict_keys(['tutorial_taskflow_api_etl']) retrieved from /home/felipe/airflow/venv/lib/python3.9/site-packages/airflow/example_dags/tutorial_taskflow_api_etl.py
[2023-08-28 19:14:51,854] {logging_mixin.py:115} INFO - [2023-08-28 19:14:51,853] {dag.py:2379} INFO - Sync 1 DAGs
[2023-08-28 19:14:51,995] {logging_mixin.py:115} INFO - [2023-08-28 19:14:51,995] {dag.py:2927} INFO - Setting next_dagrun for tutorial_taskflow_api_etl to None, run_after=None
[2023-08-28 19:14:52,111] {processor.py:161} INFO - Processing /home/felipe/airflow/venv/lib/python3.9/site-packages/airflow/example_dags/tutorial_taskflow_api_etl.py took 1.171 seconds
[2023-08-28 19:15:43,671] {processor.py:153} INFO - Started process (PID=12500) to work on /home/felipe/airflow/venv/lib/python3.9/site-packages/airflow/example_dags/tutorial_taskflow_api_etl.py
[2023-08-28 19:15:43,673] {processor.py:641} INFO - Processing file /home/felipe/airflow/venv/lib/python3.9/site-packages/airflow/example_dags/tutorial_taskflow_api_etl.py for tasks to queue
[2023-08-28 19:15:43,675] {logging_mixin.py:115} INFO - [2023-08-28 19:15:43,675] {dagbag.py:507} INFO - Filling up the DagBag from /home/felipe/airflow/venv/lib/python3.9/site-packages/airflow/example_dags/tutorial_taskflow_api_etl.py
[2023-08-28 19:15:43,804] {processor.py:651} INFO - DAG(s) dict_keys(['tutorial_taskflow_api_etl']) retrieved from /home/felipe/airflow/venv/lib/python3.9/site-packages/airflow/example_dags/tutorial_taskflow_api_etl.py
[2023-08-28 19:15:43,940] {logging_mixin.py:115} INFO - [2023-08-28 19:15:43,940] {dag.py:2379} INFO - Sync 1 DAGs
[2023-08-28 19:15:44,061] {logging_mixin.py:115} INFO - [2023-08-28 19:15:44,061] {dag.py:2927} INFO - Setting next_dagrun for tutorial_taskflow_api_etl to None, run_after=None
[2023-08-28 19:15:44,106] {processor.py:161} INFO - Processing /home/felipe/airflow/venv/lib/python3.9/site-packages/airflow/example_dags/tutorial_taskflow_api_etl.py took 0.467 seconds
[2023-08-28 19:16:41,179] {processor.py:153} INFO - Started process (PID=12591) to work on /home/felipe/airflow/venv/lib/python3.9/site-packages/airflow/example_dags/tutorial_taskflow_api_etl.py
[2023-08-28 19:16:41,182] {processor.py:641} INFO - Processing file /home/felipe/airflow/venv/lib/python3.9/site-packages/airflow/example_dags/tutorial_taskflow_api_etl.py for tasks to queue
[2023-08-28 19:16:41,187] {logging_mixin.py:115} INFO - [2023-08-28 19:16:41,184] {dagbag.py:507} INFO - Filling up the DagBag from /home/felipe/airflow/venv/lib/python3.9/site-packages/airflow/example_dags/tutorial_taskflow_api_etl.py
[2023-08-28 19:16:41,317] {processor.py:651} INFO - DAG(s) dict_keys(['tutorial_taskflow_api_etl']) retrieved from /home/felipe/airflow/venv/lib/python3.9/site-packages/airflow/example_dags/tutorial_taskflow_api_etl.py
[2023-08-28 19:16:41,681] {logging_mixin.py:115} INFO - [2023-08-28 19:16:41,680] {dag.py:2379} INFO - Sync 1 DAGs
[2023-08-28 19:16:41,758] {logging_mixin.py:115} INFO - [2023-08-28 19:16:41,758] {dag.py:2927} INFO - Setting next_dagrun for tutorial_taskflow_api_etl to None, run_after=None
[2023-08-28 19:16:41,819] {processor.py:161} INFO - Processing /home/felipe/airflow/venv/lib/python3.9/site-packages/airflow/example_dags/tutorial_taskflow_api_etl.py took 0.663 seconds
[2023-08-28 19:17:25,664] {processor.py:153} INFO - Started process (PID=12872) to work on /home/felipe/airflow/venv/lib/python3.9/site-packages/airflow/example_dags/tutorial_taskflow_api_etl.py
[2023-08-28 19:17:25,666] {processor.py:641} INFO - Processing file /home/felipe/airflow/venv/lib/python3.9/site-packages/airflow/example_dags/tutorial_taskflow_api_etl.py for tasks to queue
[2023-08-28 19:17:25,669] {logging_mixin.py:115} INFO - [2023-08-28 19:17:25,669] {dagbag.py:507} INFO - Filling up the DagBag from /home/felipe/airflow/venv/lib/python3.9/site-packages/airflow/example_dags/tutorial_taskflow_api_etl.py
[2023-08-28 19:17:25,813] {processor.py:651} INFO - DAG(s) dict_keys(['tutorial_taskflow_api_etl']) retrieved from /home/felipe/airflow/venv/lib/python3.9/site-packages/airflow/example_dags/tutorial_taskflow_api_etl.py
[2023-08-28 19:17:25,927] {logging_mixin.py:115} INFO - [2023-08-28 19:17:25,926] {dag.py:2379} INFO - Sync 1 DAGs
[2023-08-28 19:17:26,050] {logging_mixin.py:115} INFO - [2023-08-28 19:17:26,050] {dag.py:2927} INFO - Setting next_dagrun for tutorial_taskflow_api_etl to None, run_after=None
[2023-08-28 19:17:26,123] {processor.py:161} INFO - Processing /home/felipe/airflow/venv/lib/python3.9/site-packages/airflow/example_dags/tutorial_taskflow_api_etl.py took 0.485 seconds
[2023-08-28 19:18:21,967] {processor.py:153} INFO - Started process (PID=13001) to work on /home/felipe/airflow/venv/lib/python3.9/site-packages/airflow/example_dags/tutorial_taskflow_api_etl.py
[2023-08-28 19:18:21,970] {processor.py:641} INFO - Processing file /home/felipe/airflow/venv/lib/python3.9/site-packages/airflow/example_dags/tutorial_taskflow_api_etl.py for tasks to queue
[2023-08-28 19:18:21,973] {logging_mixin.py:115} INFO - [2023-08-28 19:18:21,973] {dagbag.py:507} INFO - Filling up the DagBag from /home/felipe/airflow/venv/lib/python3.9/site-packages/airflow/example_dags/tutorial_taskflow_api_etl.py
[2023-08-28 19:18:22,190] {processor.py:651} INFO - DAG(s) dict_keys(['tutorial_taskflow_api_etl']) retrieved from /home/felipe/airflow/venv/lib/python3.9/site-packages/airflow/example_dags/tutorial_taskflow_api_etl.py
[2023-08-28 19:18:22,686] {logging_mixin.py:115} INFO - [2023-08-28 19:18:22,685] {dag.py:2379} INFO - Sync 1 DAGs
[2023-08-28 19:18:22,781] {logging_mixin.py:115} INFO - [2023-08-28 19:18:22,781] {dag.py:2927} INFO - Setting next_dagrun for tutorial_taskflow_api_etl to None, run_after=None
[2023-08-28 19:18:22,885] {processor.py:161} INFO - Processing /home/felipe/airflow/venv/lib/python3.9/site-packages/airflow/example_dags/tutorial_taskflow_api_etl.py took 0.950 seconds
[2023-08-28 19:19:40,926] {processor.py:153} INFO - Started process (PID=13230) to work on /home/felipe/airflow/venv/lib/python3.9/site-packages/airflow/example_dags/tutorial_taskflow_api_etl.py
[2023-08-28 19:19:40,933] {processor.py:641} INFO - Processing file /home/felipe/airflow/venv/lib/python3.9/site-packages/airflow/example_dags/tutorial_taskflow_api_etl.py for tasks to queue
[2023-08-28 19:19:40,949] {logging_mixin.py:115} INFO - [2023-08-28 19:19:40,948] {dagbag.py:507} INFO - Filling up the DagBag from /home/felipe/airflow/venv/lib/python3.9/site-packages/airflow/example_dags/tutorial_taskflow_api_etl.py
[2023-08-28 19:19:41,163] {processor.py:651} INFO - DAG(s) dict_keys(['tutorial_taskflow_api_etl']) retrieved from /home/felipe/airflow/venv/lib/python3.9/site-packages/airflow/example_dags/tutorial_taskflow_api_etl.py
[2023-08-28 19:19:41,589] {logging_mixin.py:115} INFO - [2023-08-28 19:19:41,589] {dag.py:2379} INFO - Sync 1 DAGs
[2023-08-28 19:19:41,742] {logging_mixin.py:115} INFO - [2023-08-28 19:19:41,742] {dag.py:2927} INFO - Setting next_dagrun for tutorial_taskflow_api_etl to None, run_after=None
[2023-08-28 19:19:41,815] {processor.py:161} INFO - Processing /home/felipe/airflow/venv/lib/python3.9/site-packages/airflow/example_dags/tutorial_taskflow_api_etl.py took 0.923 seconds
[2023-08-28 19:20:47,879] {processor.py:153} INFO - Started process (PID=13827) to work on /home/felipe/airflow/venv/lib/python3.9/site-packages/airflow/example_dags/tutorial_taskflow_api_etl.py
[2023-08-28 19:20:47,884] {processor.py:641} INFO - Processing file /home/felipe/airflow/venv/lib/python3.9/site-packages/airflow/example_dags/tutorial_taskflow_api_etl.py for tasks to queue
[2023-08-28 19:20:47,892] {logging_mixin.py:115} INFO - [2023-08-28 19:20:47,891] {dagbag.py:507} INFO - Filling up the DagBag from /home/felipe/airflow/venv/lib/python3.9/site-packages/airflow/example_dags/tutorial_taskflow_api_etl.py
[2023-08-28 19:20:48,410] {processor.py:651} INFO - DAG(s) dict_keys(['tutorial_taskflow_api_etl']) retrieved from /home/felipe/airflow/venv/lib/python3.9/site-packages/airflow/example_dags/tutorial_taskflow_api_etl.py
[2023-08-28 19:20:49,339] {logging_mixin.py:115} INFO - [2023-08-28 19:20:49,334] {dag.py:2379} INFO - Sync 1 DAGs
[2023-08-28 19:20:49,532] {logging_mixin.py:115} INFO - [2023-08-28 19:20:49,531] {dag.py:2927} INFO - Setting next_dagrun for tutorial_taskflow_api_etl to None, run_after=None
[2023-08-28 19:20:49,746] {processor.py:161} INFO - Processing /home/felipe/airflow/venv/lib/python3.9/site-packages/airflow/example_dags/tutorial_taskflow_api_etl.py took 1.964 seconds
[2023-08-28 19:21:45,956] {processor.py:153} INFO - Started process (PID=14394) to work on /home/felipe/airflow/venv/lib/python3.9/site-packages/airflow/example_dags/tutorial_taskflow_api_etl.py
[2023-08-28 19:21:45,960] {processor.py:641} INFO - Processing file /home/felipe/airflow/venv/lib/python3.9/site-packages/airflow/example_dags/tutorial_taskflow_api_etl.py for tasks to queue
[2023-08-28 19:21:45,962] {logging_mixin.py:115} INFO - [2023-08-28 19:21:45,962] {dagbag.py:507} INFO - Filling up the DagBag from /home/felipe/airflow/venv/lib/python3.9/site-packages/airflow/example_dags/tutorial_taskflow_api_etl.py
[2023-08-28 19:21:46,048] {processor.py:651} INFO - DAG(s) dict_keys(['tutorial_taskflow_api_etl']) retrieved from /home/felipe/airflow/venv/lib/python3.9/site-packages/airflow/example_dags/tutorial_taskflow_api_etl.py
[2023-08-28 19:21:46,250] {logging_mixin.py:115} INFO - [2023-08-28 19:21:46,250] {dag.py:2379} INFO - Sync 1 DAGs
[2023-08-28 19:21:46,313] {logging_mixin.py:115} INFO - [2023-08-28 19:21:46,313] {dag.py:2927} INFO - Setting next_dagrun for tutorial_taskflow_api_etl to None, run_after=None
[2023-08-28 19:21:46,372] {processor.py:161} INFO - Processing /home/felipe/airflow/venv/lib/python3.9/site-packages/airflow/example_dags/tutorial_taskflow_api_etl.py took 0.430 seconds
[2023-08-28 19:22:36,520] {processor.py:153} INFO - Started process (PID=14881) to work on /home/felipe/airflow/venv/lib/python3.9/site-packages/airflow/example_dags/tutorial_taskflow_api_etl.py
[2023-08-28 19:22:36,522] {processor.py:641} INFO - Processing file /home/felipe/airflow/venv/lib/python3.9/site-packages/airflow/example_dags/tutorial_taskflow_api_etl.py for tasks to queue
[2023-08-28 19:22:36,529] {logging_mixin.py:115} INFO - [2023-08-28 19:22:36,529] {dagbag.py:507} INFO - Filling up the DagBag from /home/felipe/airflow/venv/lib/python3.9/site-packages/airflow/example_dags/tutorial_taskflow_api_etl.py
[2023-08-28 19:22:36,612] {processor.py:651} INFO - DAG(s) dict_keys(['tutorial_taskflow_api_etl']) retrieved from /home/felipe/airflow/venv/lib/python3.9/site-packages/airflow/example_dags/tutorial_taskflow_api_etl.py
[2023-08-28 19:22:36,788] {logging_mixin.py:115} INFO - [2023-08-28 19:22:36,787] {dag.py:2379} INFO - Sync 1 DAGs
[2023-08-28 19:22:36,848] {logging_mixin.py:115} INFO - [2023-08-28 19:22:36,848] {dag.py:2927} INFO - Setting next_dagrun for tutorial_taskflow_api_etl to None, run_after=None
[2023-08-28 19:22:36,901] {processor.py:161} INFO - Processing /home/felipe/airflow/venv/lib/python3.9/site-packages/airflow/example_dags/tutorial_taskflow_api_etl.py took 0.396 seconds
[2023-08-28 19:23:18,126] {processor.py:153} INFO - Started process (PID=15114) to work on /home/felipe/airflow/venv/lib/python3.9/site-packages/airflow/example_dags/tutorial_taskflow_api_etl.py
[2023-08-28 19:23:18,137] {processor.py:641} INFO - Processing file /home/felipe/airflow/venv/lib/python3.9/site-packages/airflow/example_dags/tutorial_taskflow_api_etl.py for tasks to queue
[2023-08-28 19:23:18,140] {logging_mixin.py:115} INFO - [2023-08-28 19:23:18,139] {dagbag.py:507} INFO - Filling up the DagBag from /home/felipe/airflow/venv/lib/python3.9/site-packages/airflow/example_dags/tutorial_taskflow_api_etl.py
[2023-08-28 19:23:18,299] {processor.py:651} INFO - DAG(s) dict_keys(['tutorial_taskflow_api_etl']) retrieved from /home/felipe/airflow/venv/lib/python3.9/site-packages/airflow/example_dags/tutorial_taskflow_api_etl.py
[2023-08-28 19:23:18,856] {logging_mixin.py:115} INFO - [2023-08-28 19:23:18,856] {dag.py:2379} INFO - Sync 1 DAGs
[2023-08-28 19:23:18,903] {logging_mixin.py:115} INFO - [2023-08-28 19:23:18,903] {dag.py:2927} INFO - Setting next_dagrun for tutorial_taskflow_api_etl to None, run_after=None
[2023-08-28 19:23:18,947] {processor.py:161} INFO - Processing /home/felipe/airflow/venv/lib/python3.9/site-packages/airflow/example_dags/tutorial_taskflow_api_etl.py took 0.857 seconds
[2023-08-28 19:24:21,138] {processor.py:153} INFO - Started process (PID=15426) to work on /home/felipe/airflow/venv/lib/python3.9/site-packages/airflow/example_dags/tutorial_taskflow_api_etl.py
[2023-08-28 19:24:21,156] {processor.py:641} INFO - Processing file /home/felipe/airflow/venv/lib/python3.9/site-packages/airflow/example_dags/tutorial_taskflow_api_etl.py for tasks to queue
[2023-08-28 19:24:21,174] {logging_mixin.py:115} INFO - [2023-08-28 19:24:21,173] {dagbag.py:507} INFO - Filling up the DagBag from /home/felipe/airflow/venv/lib/python3.9/site-packages/airflow/example_dags/tutorial_taskflow_api_etl.py
[2023-08-28 19:24:21,590] {processor.py:651} INFO - DAG(s) dict_keys(['tutorial_taskflow_api_etl']) retrieved from /home/felipe/airflow/venv/lib/python3.9/site-packages/airflow/example_dags/tutorial_taskflow_api_etl.py
[2023-08-28 19:24:22,419] {logging_mixin.py:115} INFO - [2023-08-28 19:24:22,419] {dag.py:2379} INFO - Sync 1 DAGs
[2023-08-28 19:24:22,642] {logging_mixin.py:115} INFO - [2023-08-28 19:24:22,642] {dag.py:2927} INFO - Setting next_dagrun for tutorial_taskflow_api_etl to None, run_after=None
[2023-08-28 19:24:22,754] {processor.py:161} INFO - Processing /home/felipe/airflow/venv/lib/python3.9/site-packages/airflow/example_dags/tutorial_taskflow_api_etl.py took 1.744 seconds
[2023-08-28 19:25:39,880] {processor.py:153} INFO - Started process (PID=16012) to work on /home/felipe/airflow/venv/lib/python3.9/site-packages/airflow/example_dags/tutorial_taskflow_api_etl.py
[2023-08-28 19:25:39,885] {processor.py:641} INFO - Processing file /home/felipe/airflow/venv/lib/python3.9/site-packages/airflow/example_dags/tutorial_taskflow_api_etl.py for tasks to queue
[2023-08-28 19:25:39,888] {logging_mixin.py:115} INFO - [2023-08-28 19:25:39,887] {dagbag.py:507} INFO - Filling up the DagBag from /home/felipe/airflow/venv/lib/python3.9/site-packages/airflow/example_dags/tutorial_taskflow_api_etl.py
[2023-08-28 19:25:40,067] {processor.py:651} INFO - DAG(s) dict_keys(['tutorial_taskflow_api_etl']) retrieved from /home/felipe/airflow/venv/lib/python3.9/site-packages/airflow/example_dags/tutorial_taskflow_api_etl.py
[2023-08-28 19:25:40,435] {logging_mixin.py:115} INFO - [2023-08-28 19:25:40,435] {dag.py:2379} INFO - Sync 1 DAGs
[2023-08-28 19:25:40,550] {logging_mixin.py:115} INFO - [2023-08-28 19:25:40,550] {dag.py:2927} INFO - Setting next_dagrun for tutorial_taskflow_api_etl to None, run_after=None
[2023-08-28 19:25:40,648] {processor.py:161} INFO - Processing /home/felipe/airflow/venv/lib/python3.9/site-packages/airflow/example_dags/tutorial_taskflow_api_etl.py took 0.812 seconds
[2023-08-28 19:26:30,298] {processor.py:153} INFO - Started process (PID=16299) to work on /home/felipe/airflow/venv/lib/python3.9/site-packages/airflow/example_dags/tutorial_taskflow_api_etl.py
[2023-08-28 19:26:30,301] {processor.py:641} INFO - Processing file /home/felipe/airflow/venv/lib/python3.9/site-packages/airflow/example_dags/tutorial_taskflow_api_etl.py for tasks to queue
[2023-08-28 19:26:30,304] {logging_mixin.py:115} INFO - [2023-08-28 19:26:30,303] {dagbag.py:507} INFO - Filling up the DagBag from /home/felipe/airflow/venv/lib/python3.9/site-packages/airflow/example_dags/tutorial_taskflow_api_etl.py
[2023-08-28 19:26:30,621] {processor.py:651} INFO - DAG(s) dict_keys(['tutorial_taskflow_api_etl']) retrieved from /home/felipe/airflow/venv/lib/python3.9/site-packages/airflow/example_dags/tutorial_taskflow_api_etl.py
[2023-08-28 19:26:31,276] {logging_mixin.py:115} INFO - [2023-08-28 19:26:31,276] {dag.py:2379} INFO - Sync 1 DAGs
[2023-08-28 19:26:31,369] {logging_mixin.py:115} INFO - [2023-08-28 19:26:31,369] {dag.py:2927} INFO - Setting next_dagrun for tutorial_taskflow_api_etl to None, run_after=None
[2023-08-28 19:26:31,467] {processor.py:161} INFO - Processing /home/felipe/airflow/venv/lib/python3.9/site-packages/airflow/example_dags/tutorial_taskflow_api_etl.py took 1.218 seconds
[2023-08-28 20:07:55,409] {processor.py:153} INFO - Started process (PID=24407) to work on /home/felipe/airflow/venv/lib/python3.9/site-packages/airflow/example_dags/tutorial_taskflow_api_etl.py
[2023-08-28 20:07:55,412] {processor.py:641} INFO - Processing file /home/felipe/airflow/venv/lib/python3.9/site-packages/airflow/example_dags/tutorial_taskflow_api_etl.py for tasks to queue
[2023-08-28 20:07:55,424] {logging_mixin.py:115} INFO - [2023-08-28 20:07:55,422] {dagbag.py:507} INFO - Filling up the DagBag from /home/felipe/airflow/venv/lib/python3.9/site-packages/airflow/example_dags/tutorial_taskflow_api_etl.py
[2023-08-28 20:07:55,889] {processor.py:651} INFO - DAG(s) dict_keys(['tutorial_taskflow_api_etl']) retrieved from /home/felipe/airflow/venv/lib/python3.9/site-packages/airflow/example_dags/tutorial_taskflow_api_etl.py
[2023-08-28 20:07:56,523] {logging_mixin.py:115} INFO - [2023-08-28 20:07:56,523] {dag.py:2379} INFO - Sync 1 DAGs
[2023-08-28 20:07:56,743] {logging_mixin.py:115} INFO - [2023-08-28 20:07:56,743] {dag.py:2927} INFO - Setting next_dagrun for tutorial_taskflow_api_etl to None, run_after=None
[2023-08-28 20:07:56,877] {processor.py:161} INFO - Processing /home/felipe/airflow/venv/lib/python3.9/site-packages/airflow/example_dags/tutorial_taskflow_api_etl.py took 1.534 seconds
[2023-08-28 20:11:05,383] {processor.py:153} INFO - Started process (PID=26160) to work on /home/felipe/airflow/venv/lib/python3.9/site-packages/airflow/example_dags/tutorial_taskflow_api_etl.py
[2023-08-28 20:11:05,385] {processor.py:641} INFO - Processing file /home/felipe/airflow/venv/lib/python3.9/site-packages/airflow/example_dags/tutorial_taskflow_api_etl.py for tasks to queue
[2023-08-28 20:11:05,386] {logging_mixin.py:115} INFO - [2023-08-28 20:11:05,386] {dagbag.py:507} INFO - Filling up the DagBag from /home/felipe/airflow/venv/lib/python3.9/site-packages/airflow/example_dags/tutorial_taskflow_api_etl.py
[2023-08-28 20:11:05,510] {processor.py:651} INFO - DAG(s) dict_keys(['tutorial_taskflow_api_etl']) retrieved from /home/felipe/airflow/venv/lib/python3.9/site-packages/airflow/example_dags/tutorial_taskflow_api_etl.py
[2023-08-28 20:11:05,927] {logging_mixin.py:115} INFO - [2023-08-28 20:11:05,927] {dag.py:2379} INFO - Sync 1 DAGs
[2023-08-28 20:11:06,052] {logging_mixin.py:115} INFO - [2023-08-28 20:11:06,052] {dag.py:2927} INFO - Setting next_dagrun for tutorial_taskflow_api_etl to None, run_after=None
[2023-08-28 20:11:06,476] {logging_mixin.py:115} INFO - [2023-08-28 20:11:06,476] {dag.py:2379} INFO - Sync 1 DAGs
[2023-08-28 20:11:06,494] {logging_mixin.py:115} INFO - [2023-08-28 20:11:06,494] {dag.py:2927} INFO - Setting next_dagrun for tutorial_taskflow_api_etl to None, run_after=None
[2023-08-28 20:11:06,549] {processor.py:161} INFO - Processing /home/felipe/airflow/venv/lib/python3.9/site-packages/airflow/example_dags/tutorial_taskflow_api_etl.py took 1.180 seconds
[2023-08-28 20:13:37,288] {processor.py:153} INFO - Started process (PID=26681) to work on /home/felipe/airflow/venv/lib/python3.9/site-packages/airflow/example_dags/tutorial_taskflow_api_etl.py
[2023-08-28 20:13:37,293] {processor.py:641} INFO - Processing file /home/felipe/airflow/venv/lib/python3.9/site-packages/airflow/example_dags/tutorial_taskflow_api_etl.py for tasks to queue
[2023-08-28 20:13:37,295] {logging_mixin.py:115} INFO - [2023-08-28 20:13:37,295] {dagbag.py:507} INFO - Filling up the DagBag from /home/felipe/airflow/venv/lib/python3.9/site-packages/airflow/example_dags/tutorial_taskflow_api_etl.py
[2023-08-28 20:13:37,871] {processor.py:651} INFO - DAG(s) dict_keys(['tutorial_taskflow_api_etl']) retrieved from /home/felipe/airflow/venv/lib/python3.9/site-packages/airflow/example_dags/tutorial_taskflow_api_etl.py
[2023-08-28 20:13:38,492] {logging_mixin.py:115} INFO - [2023-08-28 20:13:38,492] {dag.py:2379} INFO - Sync 1 DAGs
[2023-08-28 20:13:38,718] {logging_mixin.py:115} INFO - [2023-08-28 20:13:38,717] {dag.py:2927} INFO - Setting next_dagrun for tutorial_taskflow_api_etl to None, run_after=None
[2023-08-28 20:13:38,821] {processor.py:161} INFO - Processing /home/felipe/airflow/venv/lib/python3.9/site-packages/airflow/example_dags/tutorial_taskflow_api_etl.py took 1.621 seconds
[2023-08-28 20:14:41,334] {processor.py:153} INFO - Started process (PID=27243) to work on /home/felipe/airflow/venv/lib/python3.9/site-packages/airflow/example_dags/tutorial_taskflow_api_etl.py
[2023-08-28 20:14:41,335] {processor.py:641} INFO - Processing file /home/felipe/airflow/venv/lib/python3.9/site-packages/airflow/example_dags/tutorial_taskflow_api_etl.py for tasks to queue
[2023-08-28 20:14:41,337] {logging_mixin.py:115} INFO - [2023-08-28 20:14:41,337] {dagbag.py:507} INFO - Filling up the DagBag from /home/felipe/airflow/venv/lib/python3.9/site-packages/airflow/example_dags/tutorial_taskflow_api_etl.py
[2023-08-28 20:14:41,402] {processor.py:651} INFO - DAG(s) dict_keys(['tutorial_taskflow_api_etl']) retrieved from /home/felipe/airflow/venv/lib/python3.9/site-packages/airflow/example_dags/tutorial_taskflow_api_etl.py
[2023-08-28 20:14:41,540] {logging_mixin.py:115} INFO - [2023-08-28 20:14:41,540] {dag.py:2379} INFO - Sync 1 DAGs
[2023-08-28 20:14:41,582] {logging_mixin.py:115} INFO - [2023-08-28 20:14:41,582] {dag.py:2927} INFO - Setting next_dagrun for tutorial_taskflow_api_etl to None, run_after=None
[2023-08-28 20:14:41,620] {processor.py:161} INFO - Processing /home/felipe/airflow/venv/lib/python3.9/site-packages/airflow/example_dags/tutorial_taskflow_api_etl.py took 0.300 seconds
[2023-08-28 20:15:21,559] {processor.py:153} INFO - Started process (PID=27434) to work on /home/felipe/airflow/venv/lib/python3.9/site-packages/airflow/example_dags/tutorial_taskflow_api_etl.py
[2023-08-28 20:15:21,561] {processor.py:641} INFO - Processing file /home/felipe/airflow/venv/lib/python3.9/site-packages/airflow/example_dags/tutorial_taskflow_api_etl.py for tasks to queue
[2023-08-28 20:15:21,563] {logging_mixin.py:115} INFO - [2023-08-28 20:15:21,563] {dagbag.py:507} INFO - Filling up the DagBag from /home/felipe/airflow/venv/lib/python3.9/site-packages/airflow/example_dags/tutorial_taskflow_api_etl.py
[2023-08-28 20:15:21,621] {processor.py:651} INFO - DAG(s) dict_keys(['tutorial_taskflow_api_etl']) retrieved from /home/felipe/airflow/venv/lib/python3.9/site-packages/airflow/example_dags/tutorial_taskflow_api_etl.py
[2023-08-28 20:15:21,679] {logging_mixin.py:115} INFO - [2023-08-28 20:15:21,679] {dag.py:2379} INFO - Sync 1 DAGs
[2023-08-28 20:15:21,721] {logging_mixin.py:115} INFO - [2023-08-28 20:15:21,721] {dag.py:2927} INFO - Setting next_dagrun for tutorial_taskflow_api_etl to None, run_after=None
[2023-08-28 20:15:21,754] {processor.py:161} INFO - Processing /home/felipe/airflow/venv/lib/python3.9/site-packages/airflow/example_dags/tutorial_taskflow_api_etl.py took 0.206 seconds
[2023-08-28 20:16:13,405] {processor.py:153} INFO - Started process (PID=27754) to work on /home/felipe/airflow/venv/lib/python3.9/site-packages/airflow/example_dags/tutorial_taskflow_api_etl.py
[2023-08-28 20:16:13,407] {processor.py:641} INFO - Processing file /home/felipe/airflow/venv/lib/python3.9/site-packages/airflow/example_dags/tutorial_taskflow_api_etl.py for tasks to queue
[2023-08-28 20:16:13,408] {logging_mixin.py:115} INFO - [2023-08-28 20:16:13,408] {dagbag.py:507} INFO - Filling up the DagBag from /home/felipe/airflow/venv/lib/python3.9/site-packages/airflow/example_dags/tutorial_taskflow_api_etl.py
[2023-08-28 20:16:13,469] {processor.py:651} INFO - DAG(s) dict_keys(['tutorial_taskflow_api_etl']) retrieved from /home/felipe/airflow/venv/lib/python3.9/site-packages/airflow/example_dags/tutorial_taskflow_api_etl.py
[2023-08-28 20:16:13,596] {logging_mixin.py:115} INFO - [2023-08-28 20:16:13,596] {dag.py:2379} INFO - Sync 1 DAGs
[2023-08-28 20:16:13,633] {logging_mixin.py:115} INFO - [2023-08-28 20:16:13,633] {dag.py:2927} INFO - Setting next_dagrun for tutorial_taskflow_api_etl to None, run_after=None
[2023-08-28 20:16:13,668] {processor.py:161} INFO - Processing /home/felipe/airflow/venv/lib/python3.9/site-packages/airflow/example_dags/tutorial_taskflow_api_etl.py took 0.275 seconds
[2023-08-28 20:17:09,339] {processor.py:153} INFO - Started process (PID=28092) to work on /home/felipe/airflow/venv/lib/python3.9/site-packages/airflow/example_dags/tutorial_taskflow_api_etl.py
[2023-08-28 20:17:09,341] {processor.py:641} INFO - Processing file /home/felipe/airflow/venv/lib/python3.9/site-packages/airflow/example_dags/tutorial_taskflow_api_etl.py for tasks to queue
[2023-08-28 20:17:09,344] {logging_mixin.py:115} INFO - [2023-08-28 20:17:09,344] {dagbag.py:507} INFO - Filling up the DagBag from /home/felipe/airflow/venv/lib/python3.9/site-packages/airflow/example_dags/tutorial_taskflow_api_etl.py
[2023-08-28 20:17:09,542] {processor.py:651} INFO - DAG(s) dict_keys(['tutorial_taskflow_api_etl']) retrieved from /home/felipe/airflow/venv/lib/python3.9/site-packages/airflow/example_dags/tutorial_taskflow_api_etl.py
[2023-08-28 20:17:10,012] {logging_mixin.py:115} INFO - [2023-08-28 20:17:10,011] {dag.py:2379} INFO - Sync 1 DAGs
[2023-08-28 20:17:10,131] {logging_mixin.py:115} INFO - [2023-08-28 20:17:10,131] {dag.py:2927} INFO - Setting next_dagrun for tutorial_taskflow_api_etl to None, run_after=None
[2023-08-28 20:17:10,196] {processor.py:161} INFO - Processing /home/felipe/airflow/venv/lib/python3.9/site-packages/airflow/example_dags/tutorial_taskflow_api_etl.py took 0.901 seconds
[2023-08-28 20:19:14,613] {processor.py:153} INFO - Started process (PID=29502) to work on /home/felipe/airflow/venv/lib/python3.9/site-packages/airflow/example_dags/tutorial_taskflow_api_etl.py
[2023-08-28 20:19:14,615] {processor.py:641} INFO - Processing file /home/felipe/airflow/venv/lib/python3.9/site-packages/airflow/example_dags/tutorial_taskflow_api_etl.py for tasks to queue
[2023-08-28 20:19:14,618] {logging_mixin.py:115} INFO - [2023-08-28 20:19:14,617] {dagbag.py:507} INFO - Filling up the DagBag from /home/felipe/airflow/venv/lib/python3.9/site-packages/airflow/example_dags/tutorial_taskflow_api_etl.py
[2023-08-28 20:19:14,675] {processor.py:651} INFO - DAG(s) dict_keys(['tutorial_taskflow_api_etl']) retrieved from /home/felipe/airflow/venv/lib/python3.9/site-packages/airflow/example_dags/tutorial_taskflow_api_etl.py
[2023-08-28 20:19:14,801] {logging_mixin.py:115} INFO - [2023-08-28 20:19:14,801] {dag.py:2379} INFO - Sync 1 DAGs
[2023-08-28 20:19:14,839] {logging_mixin.py:115} INFO - [2023-08-28 20:19:14,839] {dag.py:2927} INFO - Setting next_dagrun for tutorial_taskflow_api_etl to None, run_after=None
[2023-08-28 20:19:14,874] {processor.py:161} INFO - Processing /home/felipe/airflow/venv/lib/python3.9/site-packages/airflow/example_dags/tutorial_taskflow_api_etl.py took 0.273 seconds
[2023-08-28 20:19:51,963] {processor.py:153} INFO - Started process (PID=29636) to work on /home/felipe/airflow/venv/lib/python3.9/site-packages/airflow/example_dags/tutorial_taskflow_api_etl.py
[2023-08-28 20:19:51,964] {processor.py:641} INFO - Processing file /home/felipe/airflow/venv/lib/python3.9/site-packages/airflow/example_dags/tutorial_taskflow_api_etl.py for tasks to queue
[2023-08-28 20:19:51,966] {logging_mixin.py:115} INFO - [2023-08-28 20:19:51,966] {dagbag.py:507} INFO - Filling up the DagBag from /home/felipe/airflow/venv/lib/python3.9/site-packages/airflow/example_dags/tutorial_taskflow_api_etl.py
[2023-08-28 20:19:52,028] {processor.py:651} INFO - DAG(s) dict_keys(['tutorial_taskflow_api_etl']) retrieved from /home/felipe/airflow/venv/lib/python3.9/site-packages/airflow/example_dags/tutorial_taskflow_api_etl.py
[2023-08-28 20:19:52,167] {logging_mixin.py:115} INFO - [2023-08-28 20:19:52,166] {dag.py:2379} INFO - Sync 1 DAGs
[2023-08-28 20:19:52,207] {logging_mixin.py:115} INFO - [2023-08-28 20:19:52,207] {dag.py:2927} INFO - Setting next_dagrun for tutorial_taskflow_api_etl to None, run_after=None
[2023-08-28 20:19:52,251] {processor.py:161} INFO - Processing /home/felipe/airflow/venv/lib/python3.9/site-packages/airflow/example_dags/tutorial_taskflow_api_etl.py took 0.301 seconds
[2023-08-28 20:20:42,765] {processor.py:153} INFO - Started process (PID=29830) to work on /home/felipe/airflow/venv/lib/python3.9/site-packages/airflow/example_dags/tutorial_taskflow_api_etl.py
[2023-08-28 20:20:42,767] {processor.py:641} INFO - Processing file /home/felipe/airflow/venv/lib/python3.9/site-packages/airflow/example_dags/tutorial_taskflow_api_etl.py for tasks to queue
[2023-08-28 20:20:42,770] {logging_mixin.py:115} INFO - [2023-08-28 20:20:42,769] {dagbag.py:507} INFO - Filling up the DagBag from /home/felipe/airflow/venv/lib/python3.9/site-packages/airflow/example_dags/tutorial_taskflow_api_etl.py
[2023-08-28 20:20:42,945] {processor.py:651} INFO - DAG(s) dict_keys(['tutorial_taskflow_api_etl']) retrieved from /home/felipe/airflow/venv/lib/python3.9/site-packages/airflow/example_dags/tutorial_taskflow_api_etl.py
[2023-08-28 20:20:43,456] {logging_mixin.py:115} INFO - [2023-08-28 20:20:43,455] {dag.py:2379} INFO - Sync 1 DAGs
[2023-08-28 20:20:43,619] {logging_mixin.py:115} INFO - [2023-08-28 20:20:43,619] {dag.py:2927} INFO - Setting next_dagrun for tutorial_taskflow_api_etl to None, run_after=None
[2023-08-28 20:20:43,704] {processor.py:161} INFO - Processing /home/felipe/airflow/venv/lib/python3.9/site-packages/airflow/example_dags/tutorial_taskflow_api_etl.py took 0.967 seconds
[2023-08-28 20:22:58,698] {processor.py:153} INFO - Started process (PID=31280) to work on /home/felipe/airflow/venv/lib/python3.9/site-packages/airflow/example_dags/tutorial_taskflow_api_etl.py
[2023-08-28 20:22:58,700] {processor.py:641} INFO - Processing file /home/felipe/airflow/venv/lib/python3.9/site-packages/airflow/example_dags/tutorial_taskflow_api_etl.py for tasks to queue
[2023-08-28 20:22:58,701] {logging_mixin.py:115} INFO - [2023-08-28 20:22:58,701] {dagbag.py:507} INFO - Filling up the DagBag from /home/felipe/airflow/venv/lib/python3.9/site-packages/airflow/example_dags/tutorial_taskflow_api_etl.py
[2023-08-28 20:22:58,779] {processor.py:651} INFO - DAG(s) dict_keys(['tutorial_taskflow_api_etl']) retrieved from /home/felipe/airflow/venv/lib/python3.9/site-packages/airflow/example_dags/tutorial_taskflow_api_etl.py
[2023-08-28 20:22:58,894] {logging_mixin.py:115} INFO - [2023-08-28 20:22:58,894] {dag.py:2379} INFO - Sync 1 DAGs
[2023-08-28 20:22:58,926] {logging_mixin.py:115} INFO - [2023-08-28 20:22:58,926] {dag.py:2927} INFO - Setting next_dagrun for tutorial_taskflow_api_etl to None, run_after=None
[2023-08-28 20:22:58,968] {processor.py:161} INFO - Processing /home/felipe/airflow/venv/lib/python3.9/site-packages/airflow/example_dags/tutorial_taskflow_api_etl.py took 0.286 seconds
[2023-08-28 20:23:45,955] {processor.py:153} INFO - Started process (PID=31371) to work on /home/felipe/airflow/venv/lib/python3.9/site-packages/airflow/example_dags/tutorial_taskflow_api_etl.py
[2023-08-28 20:23:45,957] {processor.py:641} INFO - Processing file /home/felipe/airflow/venv/lib/python3.9/site-packages/airflow/example_dags/tutorial_taskflow_api_etl.py for tasks to queue
[2023-08-28 20:23:45,959] {logging_mixin.py:115} INFO - [2023-08-28 20:23:45,958] {dagbag.py:507} INFO - Filling up the DagBag from /home/felipe/airflow/venv/lib/python3.9/site-packages/airflow/example_dags/tutorial_taskflow_api_etl.py
[2023-08-28 20:23:46,037] {processor.py:651} INFO - DAG(s) dict_keys(['tutorial_taskflow_api_etl']) retrieved from /home/felipe/airflow/venv/lib/python3.9/site-packages/airflow/example_dags/tutorial_taskflow_api_etl.py
[2023-08-28 20:23:46,081] {logging_mixin.py:115} INFO - [2023-08-28 20:23:46,081] {dag.py:2379} INFO - Sync 1 DAGs
[2023-08-28 20:23:46,124] {logging_mixin.py:115} INFO - [2023-08-28 20:23:46,124] {dag.py:2927} INFO - Setting next_dagrun for tutorial_taskflow_api_etl to None, run_after=None
[2023-08-28 20:23:46,156] {processor.py:161} INFO - Processing /home/felipe/airflow/venv/lib/python3.9/site-packages/airflow/example_dags/tutorial_taskflow_api_etl.py took 0.215 seconds
[2023-08-28 20:24:22,789] {processor.py:153} INFO - Started process (PID=31450) to work on /home/felipe/airflow/venv/lib/python3.9/site-packages/airflow/example_dags/tutorial_taskflow_api_etl.py
[2023-08-28 20:24:22,791] {processor.py:641} INFO - Processing file /home/felipe/airflow/venv/lib/python3.9/site-packages/airflow/example_dags/tutorial_taskflow_api_etl.py for tasks to queue
[2023-08-28 20:24:22,792] {logging_mixin.py:115} INFO - [2023-08-28 20:24:22,792] {dagbag.py:507} INFO - Filling up the DagBag from /home/felipe/airflow/venv/lib/python3.9/site-packages/airflow/example_dags/tutorial_taskflow_api_etl.py
[2023-08-28 20:24:22,872] {processor.py:651} INFO - DAG(s) dict_keys(['tutorial_taskflow_api_etl']) retrieved from /home/felipe/airflow/venv/lib/python3.9/site-packages/airflow/example_dags/tutorial_taskflow_api_etl.py
[2023-08-28 20:24:22,919] {logging_mixin.py:115} INFO - [2023-08-28 20:24:22,919] {dag.py:2379} INFO - Sync 1 DAGs
[2023-08-28 20:24:22,961] {logging_mixin.py:115} INFO - [2023-08-28 20:24:22,961] {dag.py:2927} INFO - Setting next_dagrun for tutorial_taskflow_api_etl to None, run_after=None
[2023-08-28 20:24:22,992] {processor.py:161} INFO - Processing /home/felipe/airflow/venv/lib/python3.9/site-packages/airflow/example_dags/tutorial_taskflow_api_etl.py took 0.221 seconds
[2023-08-28 20:25:45,422] {processor.py:153} INFO - Started process (PID=32238) to work on /home/felipe/airflow/venv/lib/python3.9/site-packages/airflow/example_dags/tutorial_taskflow_api_etl.py
[2023-08-28 20:25:45,424] {processor.py:641} INFO - Processing file /home/felipe/airflow/venv/lib/python3.9/site-packages/airflow/example_dags/tutorial_taskflow_api_etl.py for tasks to queue
[2023-08-28 20:25:45,426] {logging_mixin.py:115} INFO - [2023-08-28 20:25:45,426] {dagbag.py:507} INFO - Filling up the DagBag from /home/felipe/airflow/venv/lib/python3.9/site-packages/airflow/example_dags/tutorial_taskflow_api_etl.py
[2023-08-28 20:25:45,516] {processor.py:651} INFO - DAG(s) dict_keys(['tutorial_taskflow_api_etl']) retrieved from /home/felipe/airflow/venv/lib/python3.9/site-packages/airflow/example_dags/tutorial_taskflow_api_etl.py
[2023-08-28 20:25:45,567] {logging_mixin.py:115} INFO - [2023-08-28 20:25:45,567] {dag.py:2379} INFO - Sync 1 DAGs
[2023-08-28 20:25:45,625] {logging_mixin.py:115} INFO - [2023-08-28 20:25:45,625] {dag.py:2927} INFO - Setting next_dagrun for tutorial_taskflow_api_etl to None, run_after=None
[2023-08-28 20:25:45,673] {processor.py:161} INFO - Processing /home/felipe/airflow/venv/lib/python3.9/site-packages/airflow/example_dags/tutorial_taskflow_api_etl.py took 0.269 seconds
[2023-08-28 20:26:37,427] {processor.py:153} INFO - Started process (PID=32643) to work on /home/felipe/airflow/venv/lib/python3.9/site-packages/airflow/example_dags/tutorial_taskflow_api_etl.py
[2023-08-28 20:26:37,429] {processor.py:641} INFO - Processing file /home/felipe/airflow/venv/lib/python3.9/site-packages/airflow/example_dags/tutorial_taskflow_api_etl.py for tasks to queue
[2023-08-28 20:26:37,430] {logging_mixin.py:115} INFO - [2023-08-28 20:26:37,430] {dagbag.py:507} INFO - Filling up the DagBag from /home/felipe/airflow/venv/lib/python3.9/site-packages/airflow/example_dags/tutorial_taskflow_api_etl.py
[2023-08-28 20:26:37,512] {processor.py:651} INFO - DAG(s) dict_keys(['tutorial_taskflow_api_etl']) retrieved from /home/felipe/airflow/venv/lib/python3.9/site-packages/airflow/example_dags/tutorial_taskflow_api_etl.py
[2023-08-28 20:26:37,562] {logging_mixin.py:115} INFO - [2023-08-28 20:26:37,562] {dag.py:2379} INFO - Sync 1 DAGs
[2023-08-28 20:26:37,609] {logging_mixin.py:115} INFO - [2023-08-28 20:26:37,609] {dag.py:2927} INFO - Setting next_dagrun for tutorial_taskflow_api_etl to None, run_after=None
[2023-08-28 20:26:37,645] {processor.py:161} INFO - Processing /home/felipe/airflow/venv/lib/python3.9/site-packages/airflow/example_dags/tutorial_taskflow_api_etl.py took 0.234 seconds
[2023-08-28 20:27:21,455] {processor.py:153} INFO - Started process (PID=16) to work on /home/felipe/airflow/venv/lib/python3.9/site-packages/airflow/example_dags/tutorial_taskflow_api_etl.py
[2023-08-28 20:27:21,457] {processor.py:641} INFO - Processing file /home/felipe/airflow/venv/lib/python3.9/site-packages/airflow/example_dags/tutorial_taskflow_api_etl.py for tasks to queue
[2023-08-28 20:27:21,460] {logging_mixin.py:115} INFO - [2023-08-28 20:27:21,460] {dagbag.py:507} INFO - Filling up the DagBag from /home/felipe/airflow/venv/lib/python3.9/site-packages/airflow/example_dags/tutorial_taskflow_api_etl.py
[2023-08-28 20:27:21,683] {processor.py:651} INFO - DAG(s) dict_keys(['tutorial_taskflow_api_etl']) retrieved from /home/felipe/airflow/venv/lib/python3.9/site-packages/airflow/example_dags/tutorial_taskflow_api_etl.py
[2023-08-28 20:27:22,058] {logging_mixin.py:115} INFO - [2023-08-28 20:27:22,057] {dag.py:2379} INFO - Sync 1 DAGs
[2023-08-28 20:27:22,232] {logging_mixin.py:115} INFO - [2023-08-28 20:27:22,231] {dag.py:2927} INFO - Setting next_dagrun for tutorial_taskflow_api_etl to None, run_after=None
[2023-08-28 20:27:22,317] {processor.py:161} INFO - Processing /home/felipe/airflow/venv/lib/python3.9/site-packages/airflow/example_dags/tutorial_taskflow_api_etl.py took 0.887 seconds
[2023-08-28 20:28:33,313] {processor.py:153} INFO - Started process (PID=820) to work on /home/felipe/airflow/venv/lib/python3.9/site-packages/airflow/example_dags/tutorial_taskflow_api_etl.py
[2023-08-28 20:28:33,326] {processor.py:641} INFO - Processing file /home/felipe/airflow/venv/lib/python3.9/site-packages/airflow/example_dags/tutorial_taskflow_api_etl.py for tasks to queue
[2023-08-28 20:28:33,329] {logging_mixin.py:115} INFO - [2023-08-28 20:28:33,328] {dagbag.py:507} INFO - Filling up the DagBag from /home/felipe/airflow/venv/lib/python3.9/site-packages/airflow/example_dags/tutorial_taskflow_api_etl.py
[2023-08-28 20:28:33,511] {processor.py:651} INFO - DAG(s) dict_keys(['tutorial_taskflow_api_etl']) retrieved from /home/felipe/airflow/venv/lib/python3.9/site-packages/airflow/example_dags/tutorial_taskflow_api_etl.py
[2023-08-28 20:28:33,572] {logging_mixin.py:115} INFO - [2023-08-28 20:28:33,572] {dag.py:2379} INFO - Sync 1 DAGs
[2023-08-28 20:28:33,625] {logging_mixin.py:115} INFO - [2023-08-28 20:28:33,625] {dag.py:2927} INFO - Setting next_dagrun for tutorial_taskflow_api_etl to None, run_after=None
[2023-08-28 20:28:33,671] {processor.py:161} INFO - Processing /home/felipe/airflow/venv/lib/python3.9/site-packages/airflow/example_dags/tutorial_taskflow_api_etl.py took 0.391 seconds
[2023-08-28 20:29:39,678] {processor.py:153} INFO - Started process (PID=1525) to work on /home/felipe/airflow/venv/lib/python3.9/site-packages/airflow/example_dags/tutorial_taskflow_api_etl.py
[2023-08-28 20:29:39,681] {processor.py:641} INFO - Processing file /home/felipe/airflow/venv/lib/python3.9/site-packages/airflow/example_dags/tutorial_taskflow_api_etl.py for tasks to queue
[2023-08-28 20:29:39,688] {logging_mixin.py:115} INFO - [2023-08-28 20:29:39,687] {dagbag.py:507} INFO - Filling up the DagBag from /home/felipe/airflow/venv/lib/python3.9/site-packages/airflow/example_dags/tutorial_taskflow_api_etl.py
[2023-08-28 20:29:39,857] {processor.py:651} INFO - DAG(s) dict_keys(['tutorial_taskflow_api_etl']) retrieved from /home/felipe/airflow/venv/lib/python3.9/site-packages/airflow/example_dags/tutorial_taskflow_api_etl.py
[2023-08-28 20:29:39,948] {logging_mixin.py:115} INFO - [2023-08-28 20:29:39,948] {dag.py:2379} INFO - Sync 1 DAGs
[2023-08-28 20:29:40,024] {logging_mixin.py:115} INFO - [2023-08-28 20:29:40,023] {dag.py:2927} INFO - Setting next_dagrun for tutorial_taskflow_api_etl to None, run_after=None
[2023-08-28 20:29:40,092] {processor.py:161} INFO - Processing /home/felipe/airflow/venv/lib/python3.9/site-packages/airflow/example_dags/tutorial_taskflow_api_etl.py took 0.448 seconds
[2023-08-28 20:31:18,073] {processor.py:153} INFO - Started process (PID=2587) to work on /home/felipe/airflow/venv/lib/python3.9/site-packages/airflow/example_dags/tutorial_taskflow_api_etl.py
[2023-08-28 20:31:18,077] {processor.py:641} INFO - Processing file /home/felipe/airflow/venv/lib/python3.9/site-packages/airflow/example_dags/tutorial_taskflow_api_etl.py for tasks to queue
[2023-08-28 20:31:18,079] {logging_mixin.py:115} INFO - [2023-08-28 20:31:18,079] {dagbag.py:507} INFO - Filling up the DagBag from /home/felipe/airflow/venv/lib/python3.9/site-packages/airflow/example_dags/tutorial_taskflow_api_etl.py
[2023-08-28 20:31:18,171] {processor.py:651} INFO - DAG(s) dict_keys(['tutorial_taskflow_api_etl']) retrieved from /home/felipe/airflow/venv/lib/python3.9/site-packages/airflow/example_dags/tutorial_taskflow_api_etl.py
[2023-08-28 20:31:18,227] {logging_mixin.py:115} INFO - [2023-08-28 20:31:18,227] {dag.py:2379} INFO - Sync 1 DAGs
[2023-08-28 20:31:18,273] {logging_mixin.py:115} INFO - [2023-08-28 20:31:18,273] {dag.py:2927} INFO - Setting next_dagrun for tutorial_taskflow_api_etl to None, run_after=None
[2023-08-28 20:31:18,305] {processor.py:161} INFO - Processing /home/felipe/airflow/venv/lib/python3.9/site-packages/airflow/example_dags/tutorial_taskflow_api_etl.py took 0.246 seconds
[2023-08-28 20:31:57,644] {processor.py:153} INFO - Started process (PID=2720) to work on /home/felipe/airflow/venv/lib/python3.9/site-packages/airflow/example_dags/tutorial_taskflow_api_etl.py
[2023-08-28 20:31:57,647] {processor.py:641} INFO - Processing file /home/felipe/airflow/venv/lib/python3.9/site-packages/airflow/example_dags/tutorial_taskflow_api_etl.py for tasks to queue
[2023-08-28 20:31:57,648] {logging_mixin.py:115} INFO - [2023-08-28 20:31:57,648] {dagbag.py:507} INFO - Filling up the DagBag from /home/felipe/airflow/venv/lib/python3.9/site-packages/airflow/example_dags/tutorial_taskflow_api_etl.py
[2023-08-28 20:31:57,717] {processor.py:651} INFO - DAG(s) dict_keys(['tutorial_taskflow_api_etl']) retrieved from /home/felipe/airflow/venv/lib/python3.9/site-packages/airflow/example_dags/tutorial_taskflow_api_etl.py
[2023-08-28 20:31:57,765] {logging_mixin.py:115} INFO - [2023-08-28 20:31:57,765] {dag.py:2379} INFO - Sync 1 DAGs
[2023-08-28 20:31:57,811] {logging_mixin.py:115} INFO - [2023-08-28 20:31:57,811] {dag.py:2927} INFO - Setting next_dagrun for tutorial_taskflow_api_etl to None, run_after=None
[2023-08-28 20:31:57,844] {processor.py:161} INFO - Processing /home/felipe/airflow/venv/lib/python3.9/site-packages/airflow/example_dags/tutorial_taskflow_api_etl.py took 0.211 seconds
[2023-08-28 20:32:37,270] {processor.py:153} INFO - Started process (PID=2961) to work on /home/felipe/airflow/venv/lib/python3.9/site-packages/airflow/example_dags/tutorial_taskflow_api_etl.py
[2023-08-28 20:32:37,272] {processor.py:641} INFO - Processing file /home/felipe/airflow/venv/lib/python3.9/site-packages/airflow/example_dags/tutorial_taskflow_api_etl.py for tasks to queue
[2023-08-28 20:32:37,273] {logging_mixin.py:115} INFO - [2023-08-28 20:32:37,273] {dagbag.py:507} INFO - Filling up the DagBag from /home/felipe/airflow/venv/lib/python3.9/site-packages/airflow/example_dags/tutorial_taskflow_api_etl.py
[2023-08-28 20:32:37,345] {processor.py:651} INFO - DAG(s) dict_keys(['tutorial_taskflow_api_etl']) retrieved from /home/felipe/airflow/venv/lib/python3.9/site-packages/airflow/example_dags/tutorial_taskflow_api_etl.py
[2023-08-28 20:32:37,467] {logging_mixin.py:115} INFO - [2023-08-28 20:32:37,466] {dag.py:2379} INFO - Sync 1 DAGs
[2023-08-28 20:32:37,509] {logging_mixin.py:115} INFO - [2023-08-28 20:32:37,508] {dag.py:2927} INFO - Setting next_dagrun for tutorial_taskflow_api_etl to None, run_after=None
[2023-08-28 20:32:37,547] {processor.py:161} INFO - Processing /home/felipe/airflow/venv/lib/python3.9/site-packages/airflow/example_dags/tutorial_taskflow_api_etl.py took 0.290 seconds
[2023-08-28 20:33:18,735] {processor.py:153} INFO - Started process (PID=2995) to work on /home/felipe/airflow/venv/lib/python3.9/site-packages/airflow/example_dags/tutorial_taskflow_api_etl.py
[2023-08-28 20:33:18,736] {processor.py:641} INFO - Processing file /home/felipe/airflow/venv/lib/python3.9/site-packages/airflow/example_dags/tutorial_taskflow_api_etl.py for tasks to queue
[2023-08-28 20:33:18,738] {logging_mixin.py:115} INFO - [2023-08-28 20:33:18,737] {dagbag.py:507} INFO - Filling up the DagBag from /home/felipe/airflow/venv/lib/python3.9/site-packages/airflow/example_dags/tutorial_taskflow_api_etl.py
[2023-08-28 20:33:18,815] {processor.py:651} INFO - DAG(s) dict_keys(['tutorial_taskflow_api_etl']) retrieved from /home/felipe/airflow/venv/lib/python3.9/site-packages/airflow/example_dags/tutorial_taskflow_api_etl.py
[2023-08-28 20:33:18,864] {logging_mixin.py:115} INFO - [2023-08-28 20:33:18,864] {dag.py:2379} INFO - Sync 1 DAGs
[2023-08-28 20:33:18,908] {logging_mixin.py:115} INFO - [2023-08-28 20:33:18,908] {dag.py:2927} INFO - Setting next_dagrun for tutorial_taskflow_api_etl to None, run_after=None
[2023-08-28 20:33:18,943] {processor.py:161} INFO - Processing /home/felipe/airflow/venv/lib/python3.9/site-packages/airflow/example_dags/tutorial_taskflow_api_etl.py took 0.224 seconds
[2023-08-28 20:34:04,397] {processor.py:153} INFO - Started process (PID=3138) to work on /home/felipe/airflow/venv/lib/python3.9/site-packages/airflow/example_dags/tutorial_taskflow_api_etl.py
[2023-08-28 20:34:04,399] {processor.py:641} INFO - Processing file /home/felipe/airflow/venv/lib/python3.9/site-packages/airflow/example_dags/tutorial_taskflow_api_etl.py for tasks to queue
[2023-08-28 20:34:04,400] {logging_mixin.py:115} INFO - [2023-08-28 20:34:04,400] {dagbag.py:507} INFO - Filling up the DagBag from /home/felipe/airflow/venv/lib/python3.9/site-packages/airflow/example_dags/tutorial_taskflow_api_etl.py
[2023-08-28 20:34:04,464] {processor.py:651} INFO - DAG(s) dict_keys(['tutorial_taskflow_api_etl']) retrieved from /home/felipe/airflow/venv/lib/python3.9/site-packages/airflow/example_dags/tutorial_taskflow_api_etl.py
[2023-08-28 20:34:04,506] {logging_mixin.py:115} INFO - [2023-08-28 20:34:04,506] {dag.py:2379} INFO - Sync 1 DAGs
[2023-08-28 20:34:04,547] {logging_mixin.py:115} INFO - [2023-08-28 20:34:04,546] {dag.py:2927} INFO - Setting next_dagrun for tutorial_taskflow_api_etl to None, run_after=None
[2023-08-28 20:34:04,585] {processor.py:161} INFO - Processing /home/felipe/airflow/venv/lib/python3.9/site-packages/airflow/example_dags/tutorial_taskflow_api_etl.py took 0.201 seconds
[2023-08-28 20:34:43,274] {processor.py:153} INFO - Started process (PID=3270) to work on /home/felipe/airflow/venv/lib/python3.9/site-packages/airflow/example_dags/tutorial_taskflow_api_etl.py
[2023-08-28 20:34:43,276] {processor.py:641} INFO - Processing file /home/felipe/airflow/venv/lib/python3.9/site-packages/airflow/example_dags/tutorial_taskflow_api_etl.py for tasks to queue
[2023-08-28 20:34:43,277] {logging_mixin.py:115} INFO - [2023-08-28 20:34:43,277] {dagbag.py:507} INFO - Filling up the DagBag from /home/felipe/airflow/venv/lib/python3.9/site-packages/airflow/example_dags/tutorial_taskflow_api_etl.py
[2023-08-28 20:34:43,344] {processor.py:651} INFO - DAG(s) dict_keys(['tutorial_taskflow_api_etl']) retrieved from /home/felipe/airflow/venv/lib/python3.9/site-packages/airflow/example_dags/tutorial_taskflow_api_etl.py
[2023-08-28 20:34:43,464] {logging_mixin.py:115} INFO - [2023-08-28 20:34:43,464] {dag.py:2379} INFO - Sync 1 DAGs
[2023-08-28 20:34:43,503] {logging_mixin.py:115} INFO - [2023-08-28 20:34:43,503] {dag.py:2927} INFO - Setting next_dagrun for tutorial_taskflow_api_etl to None, run_after=None
[2023-08-28 20:34:43,540] {processor.py:161} INFO - Processing /home/felipe/airflow/venv/lib/python3.9/site-packages/airflow/example_dags/tutorial_taskflow_api_etl.py took 0.279 seconds
[2023-08-28 20:35:22,103] {processor.py:153} INFO - Started process (PID=3406) to work on /home/felipe/airflow/venv/lib/python3.9/site-packages/airflow/example_dags/tutorial_taskflow_api_etl.py
[2023-08-28 20:35:22,104] {processor.py:641} INFO - Processing file /home/felipe/airflow/venv/lib/python3.9/site-packages/airflow/example_dags/tutorial_taskflow_api_etl.py for tasks to queue
[2023-08-28 20:35:22,106] {logging_mixin.py:115} INFO - [2023-08-28 20:35:22,105] {dagbag.py:507} INFO - Filling up the DagBag from /home/felipe/airflow/venv/lib/python3.9/site-packages/airflow/example_dags/tutorial_taskflow_api_etl.py
[2023-08-28 20:35:22,186] {processor.py:651} INFO - DAG(s) dict_keys(['tutorial_taskflow_api_etl']) retrieved from /home/felipe/airflow/venv/lib/python3.9/site-packages/airflow/example_dags/tutorial_taskflow_api_etl.py
[2023-08-28 20:35:22,239] {logging_mixin.py:115} INFO - [2023-08-28 20:35:22,239] {dag.py:2379} INFO - Sync 1 DAGs
[2023-08-28 20:35:22,289] {logging_mixin.py:115} INFO - [2023-08-28 20:35:22,289] {dag.py:2927} INFO - Setting next_dagrun for tutorial_taskflow_api_etl to None, run_after=None
[2023-08-28 20:35:22,326] {processor.py:161} INFO - Processing /home/felipe/airflow/venv/lib/python3.9/site-packages/airflow/example_dags/tutorial_taskflow_api_etl.py took 0.238 seconds
[2023-08-28 20:35:56,819] {processor.py:153} INFO - Started process (PID=3436) to work on /home/felipe/airflow/venv/lib/python3.9/site-packages/airflow/example_dags/tutorial_taskflow_api_etl.py
[2023-08-28 20:35:56,821] {processor.py:641} INFO - Processing file /home/felipe/airflow/venv/lib/python3.9/site-packages/airflow/example_dags/tutorial_taskflow_api_etl.py for tasks to queue
[2023-08-28 20:35:56,823] {logging_mixin.py:115} INFO - [2023-08-28 20:35:56,822] {dagbag.py:507} INFO - Filling up the DagBag from /home/felipe/airflow/venv/lib/python3.9/site-packages/airflow/example_dags/tutorial_taskflow_api_etl.py
[2023-08-28 20:35:56,888] {processor.py:651} INFO - DAG(s) dict_keys(['tutorial_taskflow_api_etl']) retrieved from /home/felipe/airflow/venv/lib/python3.9/site-packages/airflow/example_dags/tutorial_taskflow_api_etl.py
[2023-08-28 20:35:56,935] {logging_mixin.py:115} INFO - [2023-08-28 20:35:56,935] {dag.py:2379} INFO - Sync 1 DAGs
[2023-08-28 20:35:56,977] {logging_mixin.py:115} INFO - [2023-08-28 20:35:56,977] {dag.py:2927} INFO - Setting next_dagrun for tutorial_taskflow_api_etl to None, run_after=None
[2023-08-28 20:35:57,010] {processor.py:161} INFO - Processing /home/felipe/airflow/venv/lib/python3.9/site-packages/airflow/example_dags/tutorial_taskflow_api_etl.py took 0.205 seconds
[2023-08-28 20:36:47,511] {processor.py:153} INFO - Started process (PID=3580) to work on /home/felipe/airflow/venv/lib/python3.9/site-packages/airflow/example_dags/tutorial_taskflow_api_etl.py
[2023-08-28 20:36:47,513] {processor.py:641} INFO - Processing file /home/felipe/airflow/venv/lib/python3.9/site-packages/airflow/example_dags/tutorial_taskflow_api_etl.py for tasks to queue
[2023-08-28 20:36:47,514] {logging_mixin.py:115} INFO - [2023-08-28 20:36:47,514] {dagbag.py:507} INFO - Filling up the DagBag from /home/felipe/airflow/venv/lib/python3.9/site-packages/airflow/example_dags/tutorial_taskflow_api_etl.py
[2023-08-28 20:36:47,655] {processor.py:651} INFO - DAG(s) dict_keys(['tutorial_taskflow_api_etl']) retrieved from /home/felipe/airflow/venv/lib/python3.9/site-packages/airflow/example_dags/tutorial_taskflow_api_etl.py
[2023-08-28 20:36:47,780] {logging_mixin.py:115} INFO - [2023-08-28 20:36:47,780] {dag.py:2379} INFO - Sync 1 DAGs
[2023-08-28 20:36:47,879] {logging_mixin.py:115} INFO - [2023-08-28 20:36:47,879] {dag.py:2927} INFO - Setting next_dagrun for tutorial_taskflow_api_etl to None, run_after=None
[2023-08-28 20:36:47,931] {processor.py:161} INFO - Processing /home/felipe/airflow/venv/lib/python3.9/site-packages/airflow/example_dags/tutorial_taskflow_api_etl.py took 0.440 seconds
[2023-08-28 20:37:22,404] {processor.py:153} INFO - Started process (PID=3760) to work on /home/felipe/airflow/venv/lib/python3.9/site-packages/airflow/example_dags/tutorial_taskflow_api_etl.py
[2023-08-28 20:37:22,405] {processor.py:641} INFO - Processing file /home/felipe/airflow/venv/lib/python3.9/site-packages/airflow/example_dags/tutorial_taskflow_api_etl.py for tasks to queue
[2023-08-28 20:37:22,407] {logging_mixin.py:115} INFO - [2023-08-28 20:37:22,407] {dagbag.py:507} INFO - Filling up the DagBag from /home/felipe/airflow/venv/lib/python3.9/site-packages/airflow/example_dags/tutorial_taskflow_api_etl.py
[2023-08-28 20:37:22,487] {processor.py:651} INFO - DAG(s) dict_keys(['tutorial_taskflow_api_etl']) retrieved from /home/felipe/airflow/venv/lib/python3.9/site-packages/airflow/example_dags/tutorial_taskflow_api_etl.py
[2023-08-28 20:37:22,647] {logging_mixin.py:115} INFO - [2023-08-28 20:37:22,647] {dag.py:2379} INFO - Sync 1 DAGs
[2023-08-28 20:37:22,699] {logging_mixin.py:115} INFO - [2023-08-28 20:37:22,699] {dag.py:2927} INFO - Setting next_dagrun for tutorial_taskflow_api_etl to None, run_after=None
[2023-08-28 20:37:22,747] {processor.py:161} INFO - Processing /home/felipe/airflow/venv/lib/python3.9/site-packages/airflow/example_dags/tutorial_taskflow_api_etl.py took 0.357 seconds
[2023-08-28 20:38:00,608] {processor.py:153} INFO - Started process (PID=3893) to work on /home/felipe/airflow/venv/lib/python3.9/site-packages/airflow/example_dags/tutorial_taskflow_api_etl.py
[2023-08-28 20:38:00,611] {processor.py:641} INFO - Processing file /home/felipe/airflow/venv/lib/python3.9/site-packages/airflow/example_dags/tutorial_taskflow_api_etl.py for tasks to queue
[2023-08-28 20:38:00,613] {logging_mixin.py:115} INFO - [2023-08-28 20:38:00,613] {dagbag.py:507} INFO - Filling up the DagBag from /home/felipe/airflow/venv/lib/python3.9/site-packages/airflow/example_dags/tutorial_taskflow_api_etl.py
[2023-08-28 20:38:00,712] {processor.py:651} INFO - DAG(s) dict_keys(['tutorial_taskflow_api_etl']) retrieved from /home/felipe/airflow/venv/lib/python3.9/site-packages/airflow/example_dags/tutorial_taskflow_api_etl.py
[2023-08-28 20:38:00,847] {logging_mixin.py:115} INFO - [2023-08-28 20:38:00,847] {dag.py:2379} INFO - Sync 1 DAGs
[2023-08-28 20:38:00,886] {logging_mixin.py:115} INFO - [2023-08-28 20:38:00,886] {dag.py:2927} INFO - Setting next_dagrun for tutorial_taskflow_api_etl to None, run_after=None
[2023-08-28 20:38:00,921] {processor.py:161} INFO - Processing /home/felipe/airflow/venv/lib/python3.9/site-packages/airflow/example_dags/tutorial_taskflow_api_etl.py took 0.329 seconds
[2023-08-28 20:38:40,344] {processor.py:153} INFO - Started process (PID=3978) to work on /home/felipe/airflow/venv/lib/python3.9/site-packages/airflow/example_dags/tutorial_taskflow_api_etl.py
[2023-08-28 20:38:40,346] {processor.py:641} INFO - Processing file /home/felipe/airflow/venv/lib/python3.9/site-packages/airflow/example_dags/tutorial_taskflow_api_etl.py for tasks to queue
[2023-08-28 20:38:40,349] {logging_mixin.py:115} INFO - [2023-08-28 20:38:40,348] {dagbag.py:507} INFO - Filling up the DagBag from /home/felipe/airflow/venv/lib/python3.9/site-packages/airflow/example_dags/tutorial_taskflow_api_etl.py
[2023-08-28 20:38:40,441] {processor.py:651} INFO - DAG(s) dict_keys(['tutorial_taskflow_api_etl']) retrieved from /home/felipe/airflow/venv/lib/python3.9/site-packages/airflow/example_dags/tutorial_taskflow_api_etl.py
[2023-08-28 20:38:40,495] {logging_mixin.py:115} INFO - [2023-08-28 20:38:40,495] {dag.py:2379} INFO - Sync 1 DAGs
[2023-08-28 20:38:40,560] {logging_mixin.py:115} INFO - [2023-08-28 20:38:40,560] {dag.py:2927} INFO - Setting next_dagrun for tutorial_taskflow_api_etl to None, run_after=None
[2023-08-28 20:38:40,604] {processor.py:161} INFO - Processing /home/felipe/airflow/venv/lib/python3.9/site-packages/airflow/example_dags/tutorial_taskflow_api_etl.py took 0.274 seconds
[2023-08-28 20:39:31,239] {processor.py:153} INFO - Started process (PID=4128) to work on /home/felipe/airflow/venv/lib/python3.9/site-packages/airflow/example_dags/tutorial_taskflow_api_etl.py
[2023-08-28 20:39:31,244] {processor.py:641} INFO - Processing file /home/felipe/airflow/venv/lib/python3.9/site-packages/airflow/example_dags/tutorial_taskflow_api_etl.py for tasks to queue
[2023-08-28 20:39:31,246] {logging_mixin.py:115} INFO - [2023-08-28 20:39:31,245] {dagbag.py:507} INFO - Filling up the DagBag from /home/felipe/airflow/venv/lib/python3.9/site-packages/airflow/example_dags/tutorial_taskflow_api_etl.py
[2023-08-28 20:39:31,348] {processor.py:651} INFO - DAG(s) dict_keys(['tutorial_taskflow_api_etl']) retrieved from /home/felipe/airflow/venv/lib/python3.9/site-packages/airflow/example_dags/tutorial_taskflow_api_etl.py
[2023-08-28 20:39:31,406] {logging_mixin.py:115} INFO - [2023-08-28 20:39:31,405] {dag.py:2379} INFO - Sync 1 DAGs
[2023-08-28 20:39:31,460] {logging_mixin.py:115} INFO - [2023-08-28 20:39:31,460] {dag.py:2927} INFO - Setting next_dagrun for tutorial_taskflow_api_etl to None, run_after=None
[2023-08-28 20:39:31,497] {processor.py:161} INFO - Processing /home/felipe/airflow/venv/lib/python3.9/site-packages/airflow/example_dags/tutorial_taskflow_api_etl.py took 0.270 seconds
[2023-08-28 20:42:27,263] {processor.py:153} INFO - Started process (PID=5907) to work on /home/felipe/airflow/venv/lib/python3.9/site-packages/airflow/example_dags/tutorial_taskflow_api_etl.py
[2023-08-28 20:42:27,265] {processor.py:641} INFO - Processing file /home/felipe/airflow/venv/lib/python3.9/site-packages/airflow/example_dags/tutorial_taskflow_api_etl.py for tasks to queue
[2023-08-28 20:42:27,266] {logging_mixin.py:115} INFO - [2023-08-28 20:42:27,266] {dagbag.py:507} INFO - Filling up the DagBag from /home/felipe/airflow/venv/lib/python3.9/site-packages/airflow/example_dags/tutorial_taskflow_api_etl.py
[2023-08-28 20:42:27,332] {processor.py:651} INFO - DAG(s) dict_keys(['tutorial_taskflow_api_etl']) retrieved from /home/felipe/airflow/venv/lib/python3.9/site-packages/airflow/example_dags/tutorial_taskflow_api_etl.py
[2023-08-28 20:42:27,454] {logging_mixin.py:115} INFO - [2023-08-28 20:42:27,454] {dag.py:2379} INFO - Sync 1 DAGs
[2023-08-28 20:42:27,496] {logging_mixin.py:115} INFO - [2023-08-28 20:42:27,496] {dag.py:2927} INFO - Setting next_dagrun for tutorial_taskflow_api_etl to None, run_after=None
[2023-08-28 20:42:27,527] {processor.py:161} INFO - Processing /home/felipe/airflow/venv/lib/python3.9/site-packages/airflow/example_dags/tutorial_taskflow_api_etl.py took 0.276 seconds
[2023-08-28 20:43:24,471] {processor.py:153} INFO - Started process (PID=6155) to work on /home/felipe/airflow/venv/lib/python3.9/site-packages/airflow/example_dags/tutorial_taskflow_api_etl.py
[2023-08-28 20:43:24,474] {processor.py:641} INFO - Processing file /home/felipe/airflow/venv/lib/python3.9/site-packages/airflow/example_dags/tutorial_taskflow_api_etl.py for tasks to queue
[2023-08-28 20:43:24,476] {logging_mixin.py:115} INFO - [2023-08-28 20:43:24,475] {dagbag.py:507} INFO - Filling up the DagBag from /home/felipe/airflow/venv/lib/python3.9/site-packages/airflow/example_dags/tutorial_taskflow_api_etl.py
[2023-08-28 20:43:24,757] {processor.py:651} INFO - DAG(s) dict_keys(['tutorial_taskflow_api_etl']) retrieved from /home/felipe/airflow/venv/lib/python3.9/site-packages/airflow/example_dags/tutorial_taskflow_api_etl.py
[2023-08-28 20:43:25,174] {logging_mixin.py:115} INFO - [2023-08-28 20:43:25,174] {dag.py:2379} INFO - Sync 1 DAGs
[2023-08-28 20:43:25,507] {logging_mixin.py:115} INFO - [2023-08-28 20:43:25,507] {dag.py:2927} INFO - Setting next_dagrun for tutorial_taskflow_api_etl to None, run_after=None
[2023-08-28 20:43:25,886] {processor.py:161} INFO - Processing /home/felipe/airflow/venv/lib/python3.9/site-packages/airflow/example_dags/tutorial_taskflow_api_etl.py took 1.446 seconds
