[2023-08-28 19:12:44,813] {processor.py:153} INFO - Started process (PID=11386) to work on /home/felipe/airflow/dags/meu_primeiro_dag.py
[2023-08-28 19:12:44,821] {processor.py:641} INFO - Processing file /home/felipe/airflow/dags/meu_primeiro_dag.py for tasks to queue
[2023-08-28 19:12:44,824] {logging_mixin.py:115} INFO - [2023-08-28 19:12:44,823] {dagbag.py:507} INFO - Filling up the DagBag from /home/felipe/airflow/dags/meu_primeiro_dag.py
[2023-08-28 19:12:44,894] {logging_mixin.py:115} INFO - [2023-08-28 19:12:44,873] {dagbag.py:320} ERROR - Failed to import: /home/felipe/airflow/dags/meu_primeiro_dag.py
Traceback (most recent call last):
  File "/home/felipe/airflow/venv/lib/python3.9/site-packages/airflow/models/dagbag.py", line 317, in parse
    loader.exec_module(new_module)
  File "<frozen importlib._bootstrap_external>", line 846, in exec_module
  File "<frozen importlib._bootstrap_external>", line 983, in get_code
  File "<frozen importlib._bootstrap_external>", line 913, in source_to_code
  File "<frozen importlib._bootstrap>", line 228, in _call_with_frames_removed
  File "/home/felipe/airflow/dags/meu_primeiro_dag.py", line 8
    ) as dag:
             ^
IndentationError: expected an indented block
[2023-08-28 19:12:44,941] {processor.py:653} WARNING - No viable dags retrieved from /home/felipe/airflow/dags/meu_primeiro_dag.py
[2023-08-28 19:12:46,008] {processor.py:161} INFO - Processing /home/felipe/airflow/dags/meu_primeiro_dag.py took 1.313 seconds
[2023-08-28 19:13:33,061] {processor.py:153} INFO - Started process (PID=11913) to work on /home/felipe/airflow/dags/meu_primeiro_dag.py
[2023-08-28 19:13:33,065] {processor.py:641} INFO - Processing file /home/felipe/airflow/dags/meu_primeiro_dag.py for tasks to queue
[2023-08-28 19:13:33,071] {logging_mixin.py:115} INFO - [2023-08-28 19:13:33,071] {dagbag.py:507} INFO - Filling up the DagBag from /home/felipe/airflow/dags/meu_primeiro_dag.py
[2023-08-28 19:13:33,088] {logging_mixin.py:115} INFO - [2023-08-28 19:13:33,081] {dagbag.py:320} ERROR - Failed to import: /home/felipe/airflow/dags/meu_primeiro_dag.py
Traceback (most recent call last):
  File "/home/felipe/airflow/venv/lib/python3.9/site-packages/airflow/models/dagbag.py", line 317, in parse
    loader.exec_module(new_module)
  File "<frozen importlib._bootstrap_external>", line 846, in exec_module
  File "<frozen importlib._bootstrap_external>", line 983, in get_code
  File "<frozen importlib._bootstrap_external>", line 913, in source_to_code
  File "<frozen importlib._bootstrap>", line 228, in _call_with_frames_removed
  File "/home/felipe/airflow/dags/meu_primeiro_dag.py", line 3
    from airflow.op
                   ^
SyntaxError: invalid syntax
[2023-08-28 19:13:33,089] {processor.py:653} WARNING - No viable dags retrieved from /home/felipe/airflow/dags/meu_primeiro_dag.py
[2023-08-28 19:13:33,201] {processor.py:161} INFO - Processing /home/felipe/airflow/dags/meu_primeiro_dag.py took 0.167 seconds
[2023-08-28 19:14:06,897] {processor.py:153} INFO - Started process (PID=11987) to work on /home/felipe/airflow/dags/meu_primeiro_dag.py
[2023-08-28 19:14:06,900] {processor.py:641} INFO - Processing file /home/felipe/airflow/dags/meu_primeiro_dag.py for tasks to queue
[2023-08-28 19:14:06,903] {logging_mixin.py:115} INFO - [2023-08-28 19:14:06,902] {dagbag.py:507} INFO - Filling up the DagBag from /home/felipe/airflow/dags/meu_primeiro_dag.py
[2023-08-28 19:14:06,921] {logging_mixin.py:115} INFO - [2023-08-28 19:14:06,917] {dagbag.py:320} ERROR - Failed to import: /home/felipe/airflow/dags/meu_primeiro_dag.py
Traceback (most recent call last):
  File "/home/felipe/airflow/venv/lib/python3.9/site-packages/airflow/models/dagbag.py", line 317, in parse
    loader.exec_module(new_module)
  File "<frozen importlib._bootstrap_external>", line 846, in exec_module
  File "<frozen importlib._bootstrap_external>", line 983, in get_code
  File "<frozen importlib._bootstrap_external>", line 913, in source_to_code
  File "<frozen importlib._bootstrap>", line 228, in _call_with_frames_removed
  File "/home/felipe/airflow/dags/meu_primeiro_dag.py", line 10
    ) as dag:
             ^
IndentationError: expected an indented block
[2023-08-28 19:14:06,922] {processor.py:653} WARNING - No viable dags retrieved from /home/felipe/airflow/dags/meu_primeiro_dag.py
[2023-08-28 19:14:07,033] {processor.py:161} INFO - Processing /home/felipe/airflow/dags/meu_primeiro_dag.py took 0.164 seconds
[2023-08-28 19:14:41,990] {processor.py:153} INFO - Started process (PID=12161) to work on /home/felipe/airflow/dags/meu_primeiro_dag.py
[2023-08-28 19:14:41,994] {processor.py:641} INFO - Processing file /home/felipe/airflow/dags/meu_primeiro_dag.py for tasks to queue
[2023-08-28 19:14:41,998] {logging_mixin.py:115} INFO - [2023-08-28 19:14:41,997] {dagbag.py:507} INFO - Filling up the DagBag from /home/felipe/airflow/dags/meu_primeiro_dag.py
[2023-08-28 19:14:42,140] {processor.py:651} INFO - DAG(s) dict_keys(['meu_primeiro_dag']) retrieved from /home/felipe/airflow/dags/meu_primeiro_dag.py
[2023-08-28 19:14:43,226] {logging_mixin.py:115} INFO - [2023-08-28 19:14:43,225] {manager.py:508} INFO - Created Permission View: can delete on DAG:meu_primeiro_dag
[2023-08-28 19:14:43,343] {logging_mixin.py:115} INFO - [2023-08-28 19:14:43,342] {manager.py:508} INFO - Created Permission View: can read on DAG:meu_primeiro_dag
[2023-08-28 19:14:43,437] {logging_mixin.py:115} INFO - [2023-08-28 19:14:43,437] {manager.py:508} INFO - Created Permission View: can edit on DAG:meu_primeiro_dag
[2023-08-28 19:14:43,439] {logging_mixin.py:115} INFO - [2023-08-28 19:14:43,438] {dag.py:2379} INFO - Sync 1 DAGs
[2023-08-28 19:14:43,507] {logging_mixin.py:115} INFO - [2023-08-28 19:14:43,506] {dag.py:2398} INFO - Creating ORM DAG for meu_primeiro_dag
[2023-08-28 19:14:43,608] {logging_mixin.py:115} INFO - [2023-08-28 19:14:43,608] {dag.py:2927} INFO - Setting next_dagrun for meu_primeiro_dag to 2023-08-27T00:00:00+00:00, run_after=2023-08-28T00:00:00+00:00
[2023-08-28 19:14:43,718] {processor.py:161} INFO - Processing /home/felipe/airflow/dags/meu_primeiro_dag.py took 1.774 seconds
[2023-08-28 19:15:37,595] {processor.py:153} INFO - Started process (PID=12444) to work on /home/felipe/airflow/dags/meu_primeiro_dag.py
[2023-08-28 19:15:37,601] {processor.py:641} INFO - Processing file /home/felipe/airflow/dags/meu_primeiro_dag.py for tasks to queue
[2023-08-28 19:15:37,609] {logging_mixin.py:115} INFO - [2023-08-28 19:15:37,609] {dagbag.py:507} INFO - Filling up the DagBag from /home/felipe/airflow/dags/meu_primeiro_dag.py
[2023-08-28 19:15:37,784] {logging_mixin.py:115} INFO - [2023-08-28 19:15:37,776] {dagbag.py:320} ERROR - Failed to import: /home/felipe/airflow/dags/meu_primeiro_dag.py
Traceback (most recent call last):
  File "/home/felipe/airflow/venv/lib/python3.9/site-packages/airflow/models/dagbag.py", line 317, in parse
    loader.exec_module(new_module)
  File "<frozen importlib._bootstrap_external>", line 850, in exec_module
  File "<frozen importlib._bootstrap>", line 228, in _call_with_frames_removed
  File "/home/felipe/airflow/dags/meu_primeiro_dag.py", line 15, in <module>
    tarefa_4 = BashOperator(
  File "/home/felipe/airflow/venv/lib/python3.9/site-packages/airflow/models/baseoperator.py", line 373, in apply_defaults
    raise AirflowException(f"missing keyword argument {missing_args.pop()!r}")
airflow.exceptions.AirflowException: missing keyword argument 'bash_command'
[2023-08-28 19:15:37,790] {processor.py:653} WARNING - No viable dags retrieved from /home/felipe/airflow/dags/meu_primeiro_dag.py
[2023-08-28 19:15:38,139] {processor.py:161} INFO - Processing /home/felipe/airflow/dags/meu_primeiro_dag.py took 0.605 seconds
[2023-08-28 19:16:14,165] {processor.py:153} INFO - Started process (PID=12574) to work on /home/felipe/airflow/dags/meu_primeiro_dag.py
[2023-08-28 19:16:14,168] {processor.py:641} INFO - Processing file /home/felipe/airflow/dags/meu_primeiro_dag.py for tasks to queue
[2023-08-28 19:16:14,171] {logging_mixin.py:115} INFO - [2023-08-28 19:16:14,170] {dagbag.py:507} INFO - Filling up the DagBag from /home/felipe/airflow/dags/meu_primeiro_dag.py
[2023-08-28 19:16:14,240] {processor.py:651} INFO - DAG(s) dict_keys(['meu_primeiro_dag']) retrieved from /home/felipe/airflow/dags/meu_primeiro_dag.py
[2023-08-28 19:16:14,545] {logging_mixin.py:115} INFO - [2023-08-28 19:16:14,545] {dag.py:2379} INFO - Sync 1 DAGs
[2023-08-28 19:16:14,617] {logging_mixin.py:115} INFO - [2023-08-28 19:16:14,616] {dag.py:2927} INFO - Setting next_dagrun for meu_primeiro_dag to 2023-08-27T00:00:00+00:00, run_after=2023-08-28T00:00:00+00:00
[2023-08-28 19:16:14,691] {processor.py:161} INFO - Processing /home/felipe/airflow/dags/meu_primeiro_dag.py took 0.553 seconds
[2023-08-28 19:17:19,320] {processor.py:153} INFO - Started process (PID=12868) to work on /home/felipe/airflow/dags/meu_primeiro_dag.py
[2023-08-28 19:17:19,323] {processor.py:641} INFO - Processing file /home/felipe/airflow/dags/meu_primeiro_dag.py for tasks to queue
[2023-08-28 19:17:19,328] {logging_mixin.py:115} INFO - [2023-08-28 19:17:19,327] {dagbag.py:507} INFO - Filling up the DagBag from /home/felipe/airflow/dags/meu_primeiro_dag.py
[2023-08-28 19:17:19,401] {processor.py:651} INFO - DAG(s) dict_keys(['meu_primeiro_dag']) retrieved from /home/felipe/airflow/dags/meu_primeiro_dag.py
[2023-08-28 19:17:19,704] {logging_mixin.py:115} INFO - [2023-08-28 19:17:19,704] {dag.py:2379} INFO - Sync 1 DAGs
[2023-08-28 19:17:19,778] {logging_mixin.py:115} INFO - [2023-08-28 19:17:19,778] {dag.py:2927} INFO - Setting next_dagrun for meu_primeiro_dag to 2023-08-27T00:00:00+00:00, run_after=2023-08-28T00:00:00+00:00
[2023-08-28 19:17:19,855] {processor.py:161} INFO - Processing /home/felipe/airflow/dags/meu_primeiro_dag.py took 0.561 seconds
[2023-08-28 19:18:14,042] {processor.py:153} INFO - Started process (PID=12997) to work on /home/felipe/airflow/dags/meu_primeiro_dag.py
[2023-08-28 19:18:14,052] {processor.py:641} INFO - Processing file /home/felipe/airflow/dags/meu_primeiro_dag.py for tasks to queue
[2023-08-28 19:18:14,055] {logging_mixin.py:115} INFO - [2023-08-28 19:18:14,055] {dagbag.py:507} INFO - Filling up the DagBag from /home/felipe/airflow/dags/meu_primeiro_dag.py
[2023-08-28 19:18:14,264] {processor.py:651} INFO - DAG(s) dict_keys(['meu_primeiro_dag']) retrieved from /home/felipe/airflow/dags/meu_primeiro_dag.py
[2023-08-28 19:18:14,865] {logging_mixin.py:115} INFO - [2023-08-28 19:18:14,864] {dag.py:2379} INFO - Sync 1 DAGs
[2023-08-28 19:18:15,034] {logging_mixin.py:115} INFO - [2023-08-28 19:18:15,034] {dag.py:2927} INFO - Setting next_dagrun for meu_primeiro_dag to 2023-08-27T00:00:00+00:00, run_after=2023-08-28T00:00:00+00:00
[2023-08-28 19:18:15,171] {processor.py:161} INFO - Processing /home/felipe/airflow/dags/meu_primeiro_dag.py took 1.220 seconds
[2023-08-28 19:19:34,804] {processor.py:153} INFO - Started process (PID=13177) to work on /home/felipe/airflow/dags/meu_primeiro_dag.py
[2023-08-28 19:19:34,810] {processor.py:641} INFO - Processing file /home/felipe/airflow/dags/meu_primeiro_dag.py for tasks to queue
[2023-08-28 19:19:34,814] {logging_mixin.py:115} INFO - [2023-08-28 19:19:34,812] {dagbag.py:507} INFO - Filling up the DagBag from /home/felipe/airflow/dags/meu_primeiro_dag.py
[2023-08-28 19:19:34,876] {processor.py:651} INFO - DAG(s) dict_keys(['meu_primeiro_dag']) retrieved from /home/felipe/airflow/dags/meu_primeiro_dag.py
[2023-08-28 19:19:34,968] {logging_mixin.py:115} INFO - [2023-08-28 19:19:34,968] {dag.py:2379} INFO - Sync 1 DAGs
[2023-08-28 19:19:35,099] {logging_mixin.py:115} INFO - [2023-08-28 19:19:35,099] {dag.py:2927} INFO - Setting next_dagrun for meu_primeiro_dag to 2023-08-27T00:00:00+00:00, run_after=2023-08-28T00:00:00+00:00
[2023-08-28 19:19:35,154] {processor.py:161} INFO - Processing /home/felipe/airflow/dags/meu_primeiro_dag.py took 0.374 seconds
[2023-08-28 19:20:38,543] {processor.py:153} INFO - Started process (PID=13728) to work on /home/felipe/airflow/dags/meu_primeiro_dag.py
[2023-08-28 19:20:38,547] {processor.py:641} INFO - Processing file /home/felipe/airflow/dags/meu_primeiro_dag.py for tasks to queue
[2023-08-28 19:20:38,551] {logging_mixin.py:115} INFO - [2023-08-28 19:20:38,550] {dagbag.py:507} INFO - Filling up the DagBag from /home/felipe/airflow/dags/meu_primeiro_dag.py
[2023-08-28 19:20:38,650] {processor.py:651} INFO - DAG(s) dict_keys(['meu_primeiro_dag']) retrieved from /home/felipe/airflow/dags/meu_primeiro_dag.py
[2023-08-28 19:20:38,826] {logging_mixin.py:115} INFO - [2023-08-28 19:20:38,820] {dag.py:2379} INFO - Sync 1 DAGs
[2023-08-28 19:20:39,047] {logging_mixin.py:115} INFO - [2023-08-28 19:20:39,046] {dag.py:2927} INFO - Setting next_dagrun for meu_primeiro_dag to 2023-08-27T00:00:00+00:00, run_after=2023-08-28T00:00:00+00:00
[2023-08-28 19:20:39,133] {processor.py:161} INFO - Processing /home/felipe/airflow/dags/meu_primeiro_dag.py took 0.634 seconds
[2023-08-28 19:21:41,091] {processor.py:153} INFO - Started process (PID=14390) to work on /home/felipe/airflow/dags/meu_primeiro_dag.py
[2023-08-28 19:21:41,095] {processor.py:641} INFO - Processing file /home/felipe/airflow/dags/meu_primeiro_dag.py for tasks to queue
[2023-08-28 19:21:41,097] {logging_mixin.py:115} INFO - [2023-08-28 19:21:41,097] {dagbag.py:507} INFO - Filling up the DagBag from /home/felipe/airflow/dags/meu_primeiro_dag.py
[2023-08-28 19:21:41,146] {processor.py:651} INFO - DAG(s) dict_keys(['meu_primeiro_dag']) retrieved from /home/felipe/airflow/dags/meu_primeiro_dag.py
[2023-08-28 19:21:41,241] {logging_mixin.py:115} INFO - [2023-08-28 19:21:41,241] {dag.py:2379} INFO - Sync 1 DAGs
[2023-08-28 19:21:41,332] {logging_mixin.py:115} INFO - [2023-08-28 19:21:41,331] {dag.py:2927} INFO - Setting next_dagrun for meu_primeiro_dag to 2023-08-28T00:00:00+00:00, run_after=2023-08-29T00:00:00+00:00
[2023-08-28 19:21:41,385] {processor.py:161} INFO - Processing /home/felipe/airflow/dags/meu_primeiro_dag.py took 0.309 seconds
[2023-08-28 19:22:30,916] {processor.py:153} INFO - Started process (PID=14797) to work on /home/felipe/airflow/dags/meu_primeiro_dag.py
[2023-08-28 19:22:30,921] {processor.py:641} INFO - Processing file /home/felipe/airflow/dags/meu_primeiro_dag.py for tasks to queue
[2023-08-28 19:22:30,934] {logging_mixin.py:115} INFO - [2023-08-28 19:22:30,933] {dagbag.py:507} INFO - Filling up the DagBag from /home/felipe/airflow/dags/meu_primeiro_dag.py
[2023-08-28 19:22:30,998] {processor.py:651} INFO - DAG(s) dict_keys(['meu_primeiro_dag']) retrieved from /home/felipe/airflow/dags/meu_primeiro_dag.py
[2023-08-28 19:22:31,082] {logging_mixin.py:115} INFO - [2023-08-28 19:22:31,082] {dag.py:2379} INFO - Sync 1 DAGs
[2023-08-28 19:22:31,187] {logging_mixin.py:115} INFO - [2023-08-28 19:22:31,187] {dag.py:2927} INFO - Setting next_dagrun for meu_primeiro_dag to 2023-08-28T00:00:00+00:00, run_after=2023-08-29T00:00:00+00:00
[2023-08-28 19:22:31,238] {processor.py:161} INFO - Processing /home/felipe/airflow/dags/meu_primeiro_dag.py took 0.370 seconds
[2023-08-28 19:23:12,189] {processor.py:153} INFO - Started process (PID=15056) to work on /home/felipe/airflow/dags/meu_primeiro_dag.py
[2023-08-28 19:23:12,191] {processor.py:641} INFO - Processing file /home/felipe/airflow/dags/meu_primeiro_dag.py for tasks to queue
[2023-08-28 19:23:12,193] {logging_mixin.py:115} INFO - [2023-08-28 19:23:12,193] {dagbag.py:507} INFO - Filling up the DagBag from /home/felipe/airflow/dags/meu_primeiro_dag.py
[2023-08-28 19:23:12,275] {processor.py:651} INFO - DAG(s) dict_keys(['meu_primeiro_dag']) retrieved from /home/felipe/airflow/dags/meu_primeiro_dag.py
[2023-08-28 19:23:12,366] {logging_mixin.py:115} INFO - [2023-08-28 19:23:12,366] {dag.py:2379} INFO - Sync 1 DAGs
[2023-08-28 19:23:12,526] {logging_mixin.py:115} INFO - [2023-08-28 19:23:12,526] {dag.py:2927} INFO - Setting next_dagrun for meu_primeiro_dag to 2023-08-28T00:00:00+00:00, run_after=2023-08-29T00:00:00+00:00
[2023-08-28 19:23:12,574] {processor.py:161} INFO - Processing /home/felipe/airflow/dags/meu_primeiro_dag.py took 0.406 seconds
[2023-08-28 19:23:48,610] {processor.py:153} INFO - Started process (PID=15336) to work on /home/felipe/airflow/dags/meu_primeiro_dag.py
[2023-08-28 19:23:48,614] {processor.py:641} INFO - Processing file /home/felipe/airflow/dags/meu_primeiro_dag.py for tasks to queue
[2023-08-28 19:23:48,617] {logging_mixin.py:115} INFO - [2023-08-28 19:23:48,616] {dagbag.py:507} INFO - Filling up the DagBag from /home/felipe/airflow/dags/meu_primeiro_dag.py
[2023-08-28 19:23:48,678] {processor.py:651} INFO - DAG(s) dict_keys(['meu_primeiro_dag']) retrieved from /home/felipe/airflow/dags/meu_primeiro_dag.py
[2023-08-28 19:23:48,748] {logging_mixin.py:115} INFO - [2023-08-28 19:23:48,748] {dag.py:2379} INFO - Sync 1 DAGs
[2023-08-28 19:23:48,843] {logging_mixin.py:115} INFO - [2023-08-28 19:23:48,843] {dag.py:2927} INFO - Setting next_dagrun for meu_primeiro_dag to 2023-08-28T00:00:00+00:00, run_after=2023-08-29T00:00:00+00:00
[2023-08-28 19:23:48,888] {processor.py:161} INFO - Processing /home/felipe/airflow/dags/meu_primeiro_dag.py took 0.303 seconds
[2023-08-28 19:24:19,870] {processor.py:153} INFO - Started process (PID=15415) to work on /home/felipe/airflow/dags/meu_primeiro_dag.py
[2023-08-28 19:24:19,872] {processor.py:641} INFO - Processing file /home/felipe/airflow/dags/meu_primeiro_dag.py for tasks to queue
[2023-08-28 19:24:19,874] {logging_mixin.py:115} INFO - [2023-08-28 19:24:19,874] {dagbag.py:507} INFO - Filling up the DagBag from /home/felipe/airflow/dags/meu_primeiro_dag.py
[2023-08-28 19:24:19,928] {processor.py:651} INFO - DAG(s) dict_keys(['meu_primeiro_dag']) retrieved from /home/felipe/airflow/dags/meu_primeiro_dag.py
[2023-08-28 19:24:20,025] {logging_mixin.py:115} INFO - [2023-08-28 19:24:20,025] {dag.py:2379} INFO - Sync 1 DAGs
[2023-08-28 19:24:20,144] {logging_mixin.py:115} INFO - [2023-08-28 19:24:20,144] {dag.py:2927} INFO - Setting next_dagrun for meu_primeiro_dag to 2023-08-28T00:00:00+00:00, run_after=2023-08-29T00:00:00+00:00
[2023-08-28 19:24:20,206] {processor.py:161} INFO - Processing /home/felipe/airflow/dags/meu_primeiro_dag.py took 0.362 seconds
[2023-08-28 19:25:31,975] {processor.py:153} INFO - Started process (PID=15932) to work on /home/felipe/airflow/dags/meu_primeiro_dag.py
[2023-08-28 19:25:31,980] {processor.py:641} INFO - Processing file /home/felipe/airflow/dags/meu_primeiro_dag.py for tasks to queue
[2023-08-28 19:25:31,981] {logging_mixin.py:115} INFO - [2023-08-28 19:25:31,981] {dagbag.py:507} INFO - Filling up the DagBag from /home/felipe/airflow/dags/meu_primeiro_dag.py
[2023-08-28 19:25:32,038] {processor.py:651} INFO - DAG(s) dict_keys(['meu_primeiro_dag']) retrieved from /home/felipe/airflow/dags/meu_primeiro_dag.py
[2023-08-28 19:25:32,298] {logging_mixin.py:115} INFO - [2023-08-28 19:25:32,298] {dag.py:2379} INFO - Sync 1 DAGs
[2023-08-28 19:25:32,381] {logging_mixin.py:115} INFO - [2023-08-28 19:25:32,380] {dag.py:2927} INFO - Setting next_dagrun for meu_primeiro_dag to 2023-08-28T00:00:00+00:00, run_after=2023-08-29T00:00:00+00:00
[2023-08-28 19:25:32,452] {processor.py:161} INFO - Processing /home/felipe/airflow/dags/meu_primeiro_dag.py took 0.494 seconds
[2023-08-28 19:26:23,819] {processor.py:153} INFO - Started process (PID=16247) to work on /home/felipe/airflow/dags/meu_primeiro_dag.py
[2023-08-28 19:26:23,824] {processor.py:641} INFO - Processing file /home/felipe/airflow/dags/meu_primeiro_dag.py for tasks to queue
[2023-08-28 19:26:23,833] {logging_mixin.py:115} INFO - [2023-08-28 19:26:23,833] {dagbag.py:507} INFO - Filling up the DagBag from /home/felipe/airflow/dags/meu_primeiro_dag.py
[2023-08-28 19:26:23,945] {processor.py:651} INFO - DAG(s) dict_keys(['meu_primeiro_dag']) retrieved from /home/felipe/airflow/dags/meu_primeiro_dag.py
[2023-08-28 19:26:24,255] {logging_mixin.py:115} INFO - [2023-08-28 19:26:24,255] {dag.py:2379} INFO - Sync 1 DAGs
[2023-08-28 19:26:24,276] {logging_mixin.py:115} INFO - [2023-08-28 19:26:24,276] {dag.py:2398} INFO - Creating ORM DAG for meu_primeiro_dag
[2023-08-28 19:26:24,315] {logging_mixin.py:115} INFO - [2023-08-28 19:26:24,315] {dag.py:2927} INFO - Setting next_dagrun for meu_primeiro_dag to 2023-08-26T00:00:00+00:00, run_after=2023-08-27T00:00:00+00:00
[2023-08-28 19:26:24,357] {processor.py:161} INFO - Processing /home/felipe/airflow/dags/meu_primeiro_dag.py took 0.602 seconds
[2023-08-28 20:07:16,268] {processor.py:153} INFO - Started process (PID=23993) to work on /home/felipe/airflow/dags/meu_primeiro_dag.py
[2023-08-28 20:07:16,271] {processor.py:641} INFO - Processing file /home/felipe/airflow/dags/meu_primeiro_dag.py for tasks to queue
[2023-08-28 20:07:16,280] {logging_mixin.py:115} INFO - [2023-08-28 20:07:16,274] {dagbag.py:507} INFO - Filling up the DagBag from /home/felipe/airflow/dags/meu_primeiro_dag.py
[2023-08-28 20:07:16,468] {processor.py:651} INFO - DAG(s) dict_keys(['meu_primeiro_dag']) retrieved from /home/felipe/airflow/dags/meu_primeiro_dag.py
[2023-08-28 20:07:16,731] {logging_mixin.py:115} INFO - [2023-08-28 20:07:16,724] {dag.py:2379} INFO - Sync 1 DAGs
[2023-08-28 20:07:16,980] {logging_mixin.py:115} INFO - [2023-08-28 20:07:16,980] {dag.py:2927} INFO - Setting next_dagrun for meu_primeiro_dag to 2023-08-28T00:00:00+00:00, run_after=2023-08-29T00:00:00+00:00
[2023-08-28 20:07:17,048] {processor.py:161} INFO - Processing /home/felipe/airflow/dags/meu_primeiro_dag.py took 0.819 seconds
[2023-08-28 20:10:59,879] {processor.py:153} INFO - Started process (PID=26156) to work on /home/felipe/airflow/dags/meu_primeiro_dag.py
[2023-08-28 20:10:59,880] {processor.py:641} INFO - Processing file /home/felipe/airflow/dags/meu_primeiro_dag.py for tasks to queue
[2023-08-28 20:10:59,886] {logging_mixin.py:115} INFO - [2023-08-28 20:10:59,884] {dagbag.py:507} INFO - Filling up the DagBag from /home/felipe/airflow/dags/meu_primeiro_dag.py
[2023-08-28 20:10:59,975] {processor.py:651} INFO - DAG(s) dict_keys(['meu_primeiro_dag']) retrieved from /home/felipe/airflow/dags/meu_primeiro_dag.py
[2023-08-28 20:11:00,034] {logging_mixin.py:115} INFO - [2023-08-28 20:11:00,034] {dag.py:2379} INFO - Sync 1 DAGs
[2023-08-28 20:11:00,100] {logging_mixin.py:115} INFO - [2023-08-28 20:11:00,099] {dag.py:2927} INFO - Setting next_dagrun for meu_primeiro_dag to 2023-08-28T00:00:00+00:00, run_after=2023-08-29T00:00:00+00:00
[2023-08-28 20:11:00,129] {processor.py:161} INFO - Processing /home/felipe/airflow/dags/meu_primeiro_dag.py took 0.268 seconds
[2023-08-28 20:13:29,534] {processor.py:153} INFO - Started process (PID=26623) to work on /home/felipe/airflow/dags/meu_primeiro_dag.py
[2023-08-28 20:13:29,536] {processor.py:641} INFO - Processing file /home/felipe/airflow/dags/meu_primeiro_dag.py for tasks to queue
[2023-08-28 20:13:29,537] {logging_mixin.py:115} INFO - [2023-08-28 20:13:29,537] {dagbag.py:507} INFO - Filling up the DagBag from /home/felipe/airflow/dags/meu_primeiro_dag.py
[2023-08-28 20:13:29,571] {processor.py:651} INFO - DAG(s) dict_keys(['meu_primeiro_dag']) retrieved from /home/felipe/airflow/dags/meu_primeiro_dag.py
[2023-08-28 20:13:29,652] {logging_mixin.py:115} INFO - [2023-08-28 20:13:29,652] {dag.py:2379} INFO - Sync 1 DAGs
[2023-08-28 20:13:29,732] {logging_mixin.py:115} INFO - [2023-08-28 20:13:29,732] {dag.py:2927} INFO - Setting next_dagrun for meu_primeiro_dag to 2023-08-28T00:00:00+00:00, run_after=2023-08-29T00:00:00+00:00
[2023-08-28 20:13:29,770] {processor.py:161} INFO - Processing /home/felipe/airflow/dags/meu_primeiro_dag.py took 0.251 seconds
[2023-08-28 20:14:36,286] {processor.py:153} INFO - Started process (PID=27239) to work on /home/felipe/airflow/dags/meu_primeiro_dag.py
[2023-08-28 20:14:36,287] {processor.py:641} INFO - Processing file /home/felipe/airflow/dags/meu_primeiro_dag.py for tasks to queue
[2023-08-28 20:14:36,289] {logging_mixin.py:115} INFO - [2023-08-28 20:14:36,288] {dagbag.py:507} INFO - Filling up the DagBag from /home/felipe/airflow/dags/meu_primeiro_dag.py
[2023-08-28 20:14:36,317] {processor.py:651} INFO - DAG(s) dict_keys(['meu_primeiro_dag']) retrieved from /home/felipe/airflow/dags/meu_primeiro_dag.py
[2023-08-28 20:14:36,364] {logging_mixin.py:115} INFO - [2023-08-28 20:14:36,364] {dag.py:2379} INFO - Sync 1 DAGs
[2023-08-28 20:14:36,414] {logging_mixin.py:115} INFO - [2023-08-28 20:14:36,414] {dag.py:2927} INFO - Setting next_dagrun for meu_primeiro_dag to 2023-08-28T00:00:00+00:00, run_after=2023-08-29T00:00:00+00:00
[2023-08-28 20:14:36,444] {processor.py:161} INFO - Processing /home/felipe/airflow/dags/meu_primeiro_dag.py took 0.172 seconds
[2023-08-28 20:15:17,040] {processor.py:153} INFO - Started process (PID=27430) to work on /home/felipe/airflow/dags/meu_primeiro_dag.py
[2023-08-28 20:15:17,042] {processor.py:641} INFO - Processing file /home/felipe/airflow/dags/meu_primeiro_dag.py for tasks to queue
[2023-08-28 20:15:17,045] {logging_mixin.py:115} INFO - [2023-08-28 20:15:17,044] {dagbag.py:507} INFO - Filling up the DagBag from /home/felipe/airflow/dags/meu_primeiro_dag.py
[2023-08-28 20:15:17,078] {processor.py:651} INFO - DAG(s) dict_keys(['meu_primeiro_dag']) retrieved from /home/felipe/airflow/dags/meu_primeiro_dag.py
[2023-08-28 20:15:17,140] {logging_mixin.py:115} INFO - [2023-08-28 20:15:17,140] {dag.py:2379} INFO - Sync 1 DAGs
[2023-08-28 20:15:17,204] {logging_mixin.py:115} INFO - [2023-08-28 20:15:17,203] {dag.py:2927} INFO - Setting next_dagrun for meu_primeiro_dag to 2023-08-28T00:00:00+00:00, run_after=2023-08-29T00:00:00+00:00
[2023-08-28 20:15:17,238] {processor.py:161} INFO - Processing /home/felipe/airflow/dags/meu_primeiro_dag.py took 0.211 seconds
[2023-08-28 20:15:54,668] {processor.py:153} INFO - Started process (PID=27563) to work on /home/felipe/airflow/dags/meu_primeiro_dag.py
[2023-08-28 20:15:54,673] {processor.py:641} INFO - Processing file /home/felipe/airflow/dags/meu_primeiro_dag.py for tasks to queue
[2023-08-28 20:15:54,678] {logging_mixin.py:115} INFO - [2023-08-28 20:15:54,678] {dagbag.py:507} INFO - Filling up the DagBag from /home/felipe/airflow/dags/meu_primeiro_dag.py
[2023-08-28 20:15:54,744] {processor.py:651} INFO - DAG(s) dict_keys(['meu_primeiro_dag']) retrieved from /home/felipe/airflow/dags/meu_primeiro_dag.py
[2023-08-28 20:15:54,832] {logging_mixin.py:115} INFO - [2023-08-28 20:15:54,832] {dag.py:2379} INFO - Sync 1 DAGs
[2023-08-28 20:15:54,896] {logging_mixin.py:115} INFO - [2023-08-28 20:15:54,896] {dag.py:2927} INFO - Setting next_dagrun for meu_primeiro_dag to 2023-08-28T00:00:00+00:00, run_after=2023-08-29T00:00:00+00:00
[2023-08-28 20:15:54,931] {processor.py:161} INFO - Processing /home/felipe/airflow/dags/meu_primeiro_dag.py took 0.284 seconds
[2023-08-28 20:17:02,325] {processor.py:153} INFO - Started process (PID=28025) to work on /home/felipe/airflow/dags/meu_primeiro_dag.py
[2023-08-28 20:17:02,327] {processor.py:641} INFO - Processing file /home/felipe/airflow/dags/meu_primeiro_dag.py for tasks to queue
[2023-08-28 20:17:02,330] {logging_mixin.py:115} INFO - [2023-08-28 20:17:02,330] {dagbag.py:507} INFO - Filling up the DagBag from /home/felipe/airflow/dags/meu_primeiro_dag.py
[2023-08-28 20:17:02,399] {processor.py:651} INFO - DAG(s) dict_keys(['meu_primeiro_dag']) retrieved from /home/felipe/airflow/dags/meu_primeiro_dag.py
[2023-08-28 20:17:02,465] {logging_mixin.py:115} INFO - [2023-08-28 20:17:02,465] {dag.py:2379} INFO - Sync 1 DAGs
[2023-08-28 20:17:02,532] {logging_mixin.py:115} INFO - [2023-08-28 20:17:02,532] {dag.py:2927} INFO - Setting next_dagrun for meu_primeiro_dag to 2023-08-28T00:00:00+00:00, run_after=2023-08-29T00:00:00+00:00
[2023-08-28 20:17:02,573] {processor.py:161} INFO - Processing /home/felipe/airflow/dags/meu_primeiro_dag.py took 0.275 seconds
[2023-08-28 20:19:10,577] {processor.py:153} INFO - Started process (PID=29498) to work on /home/felipe/airflow/dags/meu_primeiro_dag.py
[2023-08-28 20:19:10,578] {processor.py:641} INFO - Processing file /home/felipe/airflow/dags/meu_primeiro_dag.py for tasks to queue
[2023-08-28 20:19:10,580] {logging_mixin.py:115} INFO - [2023-08-28 20:19:10,579] {dagbag.py:507} INFO - Filling up the DagBag from /home/felipe/airflow/dags/meu_primeiro_dag.py
[2023-08-28 20:19:10,608] {processor.py:651} INFO - DAG(s) dict_keys(['meu_primeiro_dag']) retrieved from /home/felipe/airflow/dags/meu_primeiro_dag.py
[2023-08-28 20:19:10,653] {logging_mixin.py:115} INFO - [2023-08-28 20:19:10,653] {dag.py:2379} INFO - Sync 1 DAGs
[2023-08-28 20:19:10,703] {logging_mixin.py:115} INFO - [2023-08-28 20:19:10,702] {dag.py:2927} INFO - Setting next_dagrun for meu_primeiro_dag to 2023-08-28T00:00:00+00:00, run_after=2023-08-29T00:00:00+00:00
[2023-08-28 20:19:10,730] {processor.py:161} INFO - Processing /home/felipe/airflow/dags/meu_primeiro_dag.py took 0.163 seconds
[2023-08-28 20:19:47,565] {processor.py:153} INFO - Started process (PID=29632) to work on /home/felipe/airflow/dags/meu_primeiro_dag.py
[2023-08-28 20:19:47,566] {processor.py:641} INFO - Processing file /home/felipe/airflow/dags/meu_primeiro_dag.py for tasks to queue
[2023-08-28 20:19:47,568] {logging_mixin.py:115} INFO - [2023-08-28 20:19:47,568] {dagbag.py:507} INFO - Filling up the DagBag from /home/felipe/airflow/dags/meu_primeiro_dag.py
[2023-08-28 20:19:47,602] {processor.py:651} INFO - DAG(s) dict_keys(['meu_primeiro_dag']) retrieved from /home/felipe/airflow/dags/meu_primeiro_dag.py
[2023-08-28 20:19:47,653] {logging_mixin.py:115} INFO - [2023-08-28 20:19:47,652] {dag.py:2379} INFO - Sync 1 DAGs
[2023-08-28 20:19:47,712] {logging_mixin.py:115} INFO - [2023-08-28 20:19:47,711] {dag.py:2927} INFO - Setting next_dagrun for meu_primeiro_dag to 2023-08-28T00:00:00+00:00, run_after=2023-08-29T00:00:00+00:00
[2023-08-28 20:19:47,747] {processor.py:161} INFO - Processing /home/felipe/airflow/dags/meu_primeiro_dag.py took 0.196 seconds
[2023-08-28 20:20:21,391] {processor.py:153} INFO - Started process (PID=29661) to work on /home/felipe/airflow/dags/meu_primeiro_dag.py
[2023-08-28 20:20:21,392] {processor.py:641} INFO - Processing file /home/felipe/airflow/dags/meu_primeiro_dag.py for tasks to queue
[2023-08-28 20:20:21,393] {logging_mixin.py:115} INFO - [2023-08-28 20:20:21,393] {dagbag.py:507} INFO - Filling up the DagBag from /home/felipe/airflow/dags/meu_primeiro_dag.py
[2023-08-28 20:20:21,424] {processor.py:651} INFO - DAG(s) dict_keys(['meu_primeiro_dag']) retrieved from /home/felipe/airflow/dags/meu_primeiro_dag.py
[2023-08-28 20:20:21,474] {logging_mixin.py:115} INFO - [2023-08-28 20:20:21,474] {dag.py:2379} INFO - Sync 1 DAGs
[2023-08-28 20:20:21,535] {logging_mixin.py:115} INFO - [2023-08-28 20:20:21,534] {dag.py:2927} INFO - Setting next_dagrun for meu_primeiro_dag to 2023-08-28T00:00:00+00:00, run_after=2023-08-29T00:00:00+00:00
[2023-08-28 20:20:21,568] {processor.py:161} INFO - Processing /home/felipe/airflow/dags/meu_primeiro_dag.py took 0.188 seconds
[2023-08-28 20:21:16,213] {processor.py:153} INFO - Started process (PID=30179) to work on /home/felipe/airflow/dags/meu_primeiro_dag.py
[2023-08-28 20:21:16,215] {processor.py:641} INFO - Processing file /home/felipe/airflow/dags/meu_primeiro_dag.py for tasks to queue
[2023-08-28 20:21:16,220] {logging_mixin.py:115} INFO - [2023-08-28 20:21:16,220] {dagbag.py:507} INFO - Filling up the DagBag from /home/felipe/airflow/dags/meu_primeiro_dag.py
[2023-08-28 20:21:16,261] {processor.py:651} INFO - DAG(s) dict_keys(['meu_primeiro_dag']) retrieved from /home/felipe/airflow/dags/meu_primeiro_dag.py
[2023-08-28 20:21:16,342] {logging_mixin.py:115} INFO - [2023-08-28 20:21:16,342] {dag.py:2379} INFO - Sync 1 DAGs
[2023-08-28 20:21:16,446] {logging_mixin.py:115} INFO - [2023-08-28 20:21:16,446] {dag.py:2927} INFO - Setting next_dagrun for meu_primeiro_dag to 2023-08-28T00:00:00+00:00, run_after=2023-08-29T00:00:00+00:00
[2023-08-28 20:21:16,509] {processor.py:161} INFO - Processing /home/felipe/airflow/dags/meu_primeiro_dag.py took 0.312 seconds
[2023-08-28 20:22:53,551] {processor.py:153} INFO - Started process (PID=31276) to work on /home/felipe/airflow/dags/meu_primeiro_dag.py
[2023-08-28 20:22:53,553] {processor.py:641} INFO - Processing file /home/felipe/airflow/dags/meu_primeiro_dag.py for tasks to queue
[2023-08-28 20:22:53,554] {logging_mixin.py:115} INFO - [2023-08-28 20:22:53,554] {dagbag.py:507} INFO - Filling up the DagBag from /home/felipe/airflow/dags/meu_primeiro_dag.py
[2023-08-28 20:22:53,587] {processor.py:651} INFO - DAG(s) dict_keys(['meu_primeiro_dag']) retrieved from /home/felipe/airflow/dags/meu_primeiro_dag.py
[2023-08-28 20:22:53,656] {logging_mixin.py:115} INFO - [2023-08-28 20:22:53,655] {dag.py:2379} INFO - Sync 1 DAGs
[2023-08-28 20:22:53,715] {logging_mixin.py:115} INFO - [2023-08-28 20:22:53,715] {dag.py:2927} INFO - Setting next_dagrun for meu_primeiro_dag to 2023-08-28T00:00:00+00:00, run_after=2023-08-29T00:00:00+00:00
[2023-08-28 20:22:53,747] {processor.py:161} INFO - Processing /home/felipe/airflow/dags/meu_primeiro_dag.py took 0.211 seconds
[2023-08-28 20:23:29,973] {processor.py:153} INFO - Started process (PID=31304) to work on /home/felipe/airflow/dags/meu_primeiro_dag.py
[2023-08-28 20:23:29,975] {processor.py:641} INFO - Processing file /home/felipe/airflow/dags/meu_primeiro_dag.py for tasks to queue
[2023-08-28 20:23:29,976] {logging_mixin.py:115} INFO - [2023-08-28 20:23:29,976] {dagbag.py:507} INFO - Filling up the DagBag from /home/felipe/airflow/dags/meu_primeiro_dag.py
[2023-08-28 20:23:30,012] {processor.py:651} INFO - DAG(s) dict_keys(['meu_primeiro_dag']) retrieved from /home/felipe/airflow/dags/meu_primeiro_dag.py
[2023-08-28 20:23:30,077] {logging_mixin.py:115} INFO - [2023-08-28 20:23:30,077] {dag.py:2379} INFO - Sync 1 DAGs
[2023-08-28 20:23:30,126] {logging_mixin.py:115} INFO - [2023-08-28 20:23:30,126] {dag.py:2927} INFO - Setting next_dagrun for meu_primeiro_dag to 2023-08-28T00:00:00+00:00, run_after=2023-08-29T00:00:00+00:00
[2023-08-28 20:23:30,159] {processor.py:161} INFO - Processing /home/felipe/airflow/dags/meu_primeiro_dag.py took 0.200 seconds
[2023-08-28 20:24:05,113] {processor.py:153} INFO - Started process (PID=31436) to work on /home/felipe/airflow/dags/meu_primeiro_dag.py
[2023-08-28 20:24:05,115] {processor.py:641} INFO - Processing file /home/felipe/airflow/dags/meu_primeiro_dag.py for tasks to queue
[2023-08-28 20:24:05,117] {logging_mixin.py:115} INFO - [2023-08-28 20:24:05,117] {dagbag.py:507} INFO - Filling up the DagBag from /home/felipe/airflow/dags/meu_primeiro_dag.py
[2023-08-28 20:24:05,151] {processor.py:651} INFO - DAG(s) dict_keys(['meu_primeiro_dag']) retrieved from /home/felipe/airflow/dags/meu_primeiro_dag.py
[2023-08-28 20:24:05,224] {logging_mixin.py:115} INFO - [2023-08-28 20:24:05,224] {dag.py:2379} INFO - Sync 1 DAGs
[2023-08-28 20:24:05,283] {logging_mixin.py:115} INFO - [2023-08-28 20:24:05,282] {dag.py:2927} INFO - Setting next_dagrun for meu_primeiro_dag to 2023-08-28T00:00:00+00:00, run_after=2023-08-29T00:00:00+00:00
[2023-08-28 20:24:05,317] {processor.py:161} INFO - Processing /home/felipe/airflow/dags/meu_primeiro_dag.py took 0.219 seconds
[2023-08-28 20:24:48,225] {processor.py:153} INFO - Started process (PID=31664) to work on /home/felipe/airflow/dags/meu_primeiro_dag.py
[2023-08-28 20:24:48,233] {processor.py:641} INFO - Processing file /home/felipe/airflow/dags/meu_primeiro_dag.py for tasks to queue
[2023-08-28 20:24:48,236] {logging_mixin.py:115} INFO - [2023-08-28 20:24:48,235] {dagbag.py:507} INFO - Filling up the DagBag from /home/felipe/airflow/dags/meu_primeiro_dag.py
[2023-08-28 20:24:48,403] {processor.py:651} INFO - DAG(s) dict_keys(['meu_primeiro_dag']) retrieved from /home/felipe/airflow/dags/meu_primeiro_dag.py
[2023-08-28 20:24:48,689] {logging_mixin.py:115} INFO - [2023-08-28 20:24:48,688] {dag.py:2379} INFO - Sync 1 DAGs
[2023-08-28 20:24:48,914] {logging_mixin.py:115} INFO - [2023-08-28 20:24:48,909] {dag.py:2927} INFO - Setting next_dagrun for meu_primeiro_dag to 2023-08-28T00:00:00+00:00, run_after=2023-08-29T00:00:00+00:00
[2023-08-28 20:24:49,009] {processor.py:161} INFO - Processing /home/felipe/airflow/dags/meu_primeiro_dag.py took 0.825 seconds
[2023-08-28 20:26:32,185] {processor.py:153} INFO - Started process (PID=32636) to work on /home/felipe/airflow/dags/meu_primeiro_dag.py
[2023-08-28 20:26:32,186] {processor.py:641} INFO - Processing file /home/felipe/airflow/dags/meu_primeiro_dag.py for tasks to queue
[2023-08-28 20:26:32,188] {logging_mixin.py:115} INFO - [2023-08-28 20:26:32,187] {dagbag.py:507} INFO - Filling up the DagBag from /home/felipe/airflow/dags/meu_primeiro_dag.py
[2023-08-28 20:26:32,215] {processor.py:651} INFO - DAG(s) dict_keys(['meu_primeiro_dag']) retrieved from /home/felipe/airflow/dags/meu_primeiro_dag.py
[2023-08-28 20:26:32,284] {logging_mixin.py:115} INFO - [2023-08-28 20:26:32,283] {dag.py:2379} INFO - Sync 1 DAGs
[2023-08-28 20:26:32,338] {logging_mixin.py:115} INFO - [2023-08-28 20:26:32,337] {dag.py:2927} INFO - Setting next_dagrun for meu_primeiro_dag to 2023-08-28T00:00:00+00:00, run_after=2023-08-29T00:00:00+00:00
[2023-08-28 20:26:32,376] {processor.py:161} INFO - Processing /home/felipe/airflow/dags/meu_primeiro_dag.py took 0.202 seconds
[2023-08-28 20:27:16,078] {processor.py:153} INFO - Started process (PID=12) to work on /home/felipe/airflow/dags/meu_primeiro_dag.py
[2023-08-28 20:27:16,080] {processor.py:641} INFO - Processing file /home/felipe/airflow/dags/meu_primeiro_dag.py for tasks to queue
[2023-08-28 20:27:16,082] {logging_mixin.py:115} INFO - [2023-08-28 20:27:16,082] {dagbag.py:507} INFO - Filling up the DagBag from /home/felipe/airflow/dags/meu_primeiro_dag.py
[2023-08-28 20:27:16,129] {processor.py:651} INFO - DAG(s) dict_keys(['meu_primeiro_dag']) retrieved from /home/felipe/airflow/dags/meu_primeiro_dag.py
[2023-08-28 20:27:16,230] {logging_mixin.py:115} INFO - [2023-08-28 20:27:16,229] {dag.py:2379} INFO - Sync 1 DAGs
[2023-08-28 20:27:16,343] {logging_mixin.py:115} INFO - [2023-08-28 20:27:16,343] {dag.py:2927} INFO - Setting next_dagrun for meu_primeiro_dag to 2023-08-28T00:00:00+00:00, run_after=2023-08-29T00:00:00+00:00
[2023-08-28 20:27:16,399] {processor.py:161} INFO - Processing /home/felipe/airflow/dags/meu_primeiro_dag.py took 0.338 seconds
[2023-08-28 20:28:27,089] {processor.py:153} INFO - Started process (PID=722) to work on /home/felipe/airflow/dags/meu_primeiro_dag.py
[2023-08-28 20:28:27,091] {processor.py:641} INFO - Processing file /home/felipe/airflow/dags/meu_primeiro_dag.py for tasks to queue
[2023-08-28 20:28:27,094] {logging_mixin.py:115} INFO - [2023-08-28 20:28:27,093] {dagbag.py:507} INFO - Filling up the DagBag from /home/felipe/airflow/dags/meu_primeiro_dag.py
[2023-08-28 20:28:27,183] {processor.py:651} INFO - DAG(s) dict_keys(['meu_primeiro_dag']) retrieved from /home/felipe/airflow/dags/meu_primeiro_dag.py
[2023-08-28 20:28:27,358] {logging_mixin.py:115} INFO - [2023-08-28 20:28:27,357] {dag.py:2379} INFO - Sync 1 DAGs
[2023-08-28 20:28:27,544] {logging_mixin.py:115} INFO - [2023-08-28 20:28:27,544] {dag.py:2927} INFO - Setting next_dagrun for meu_primeiro_dag to 2023-08-28T00:00:00+00:00, run_after=2023-08-29T00:00:00+00:00
[2023-08-28 20:28:27,633] {processor.py:161} INFO - Processing /home/felipe/airflow/dags/meu_primeiro_dag.py took 0.571 seconds
[2023-08-28 20:29:33,548] {processor.py:153} INFO - Started process (PID=1456) to work on /home/felipe/airflow/dags/meu_primeiro_dag.py
[2023-08-28 20:29:33,558] {processor.py:641} INFO - Processing file /home/felipe/airflow/dags/meu_primeiro_dag.py for tasks to queue
[2023-08-28 20:29:33,561] {logging_mixin.py:115} INFO - [2023-08-28 20:29:33,561] {dagbag.py:507} INFO - Filling up the DagBag from /home/felipe/airflow/dags/meu_primeiro_dag.py
[2023-08-28 20:29:33,656] {processor.py:651} INFO - DAG(s) dict_keys(['meu_primeiro_dag']) retrieved from /home/felipe/airflow/dags/meu_primeiro_dag.py
[2023-08-28 20:29:33,898] {logging_mixin.py:115} INFO - [2023-08-28 20:29:33,898] {dag.py:2379} INFO - Sync 1 DAGs
[2023-08-28 20:29:34,076] {logging_mixin.py:115} INFO - [2023-08-28 20:29:34,076] {dag.py:2927} INFO - Setting next_dagrun for meu_primeiro_dag to 2023-08-28T00:00:00+00:00, run_after=2023-08-29T00:00:00+00:00
[2023-08-28 20:29:34,165] {processor.py:161} INFO - Processing /home/felipe/airflow/dags/meu_primeiro_dag.py took 0.668 seconds
[2023-08-28 20:31:14,067] {processor.py:153} INFO - Started process (PID=2583) to work on /home/felipe/airflow/dags/meu_primeiro_dag.py
[2023-08-28 20:31:14,069] {processor.py:641} INFO - Processing file /home/felipe/airflow/dags/meu_primeiro_dag.py for tasks to queue
[2023-08-28 20:31:14,071] {logging_mixin.py:115} INFO - [2023-08-28 20:31:14,071] {dagbag.py:507} INFO - Filling up the DagBag from /home/felipe/airflow/dags/meu_primeiro_dag.py
[2023-08-28 20:31:14,103] {processor.py:651} INFO - DAG(s) dict_keys(['meu_primeiro_dag']) retrieved from /home/felipe/airflow/dags/meu_primeiro_dag.py
[2023-08-28 20:31:14,167] {logging_mixin.py:115} INFO - [2023-08-28 20:31:14,167] {dag.py:2379} INFO - Sync 1 DAGs
[2023-08-28 20:31:14,233] {logging_mixin.py:115} INFO - [2023-08-28 20:31:14,233] {dag.py:2927} INFO - Setting next_dagrun for meu_primeiro_dag to 2023-08-28T00:00:00+00:00, run_after=2023-08-29T00:00:00+00:00
[2023-08-28 20:31:14,285] {processor.py:161} INFO - Processing /home/felipe/airflow/dags/meu_primeiro_dag.py took 0.231 seconds
[2023-08-28 20:31:52,469] {processor.py:153} INFO - Started process (PID=2716) to work on /home/felipe/airflow/dags/meu_primeiro_dag.py
[2023-08-28 20:31:52,471] {processor.py:641} INFO - Processing file /home/felipe/airflow/dags/meu_primeiro_dag.py for tasks to queue
[2023-08-28 20:31:52,473] {logging_mixin.py:115} INFO - [2023-08-28 20:31:52,473] {dagbag.py:507} INFO - Filling up the DagBag from /home/felipe/airflow/dags/meu_primeiro_dag.py
[2023-08-28 20:31:52,517] {processor.py:651} INFO - DAG(s) dict_keys(['meu_primeiro_dag']) retrieved from /home/felipe/airflow/dags/meu_primeiro_dag.py
[2023-08-28 20:31:52,596] {logging_mixin.py:115} INFO - [2023-08-28 20:31:52,596] {dag.py:2379} INFO - Sync 1 DAGs
[2023-08-28 20:31:52,662] {logging_mixin.py:115} INFO - [2023-08-28 20:31:52,662] {dag.py:2927} INFO - Setting next_dagrun for meu_primeiro_dag to 2023-08-28T00:00:00+00:00, run_after=2023-08-29T00:00:00+00:00
[2023-08-28 20:31:52,707] {processor.py:161} INFO - Processing /home/felipe/airflow/dags/meu_primeiro_dag.py took 0.255 seconds
[2023-08-28 20:32:32,174] {processor.py:153} INFO - Started process (PID=2928) to work on /home/felipe/airflow/dags/meu_primeiro_dag.py
[2023-08-28 20:32:32,175] {processor.py:641} INFO - Processing file /home/felipe/airflow/dags/meu_primeiro_dag.py for tasks to queue
[2023-08-28 20:32:32,176] {logging_mixin.py:115} INFO - [2023-08-28 20:32:32,176] {dagbag.py:507} INFO - Filling up the DagBag from /home/felipe/airflow/dags/meu_primeiro_dag.py
[2023-08-28 20:32:32,206] {processor.py:651} INFO - DAG(s) dict_keys(['meu_primeiro_dag']) retrieved from /home/felipe/airflow/dags/meu_primeiro_dag.py
[2023-08-28 20:32:32,265] {logging_mixin.py:115} INFO - [2023-08-28 20:32:32,264] {dag.py:2379} INFO - Sync 1 DAGs
[2023-08-28 20:32:32,312] {logging_mixin.py:115} INFO - [2023-08-28 20:32:32,312] {dag.py:2927} INFO - Setting next_dagrun for meu_primeiro_dag to 2023-08-28T00:00:00+00:00, run_after=2023-08-29T00:00:00+00:00
[2023-08-28 20:32:32,342] {processor.py:161} INFO - Processing /home/felipe/airflow/dags/meu_primeiro_dag.py took 0.180 seconds
[2023-08-28 20:33:14,019] {processor.py:153} INFO - Started process (PID=2991) to work on /home/felipe/airflow/dags/meu_primeiro_dag.py
[2023-08-28 20:33:14,022] {processor.py:641} INFO - Processing file /home/felipe/airflow/dags/meu_primeiro_dag.py for tasks to queue
[2023-08-28 20:33:14,024] {logging_mixin.py:115} INFO - [2023-08-28 20:33:14,024] {dagbag.py:507} INFO - Filling up the DagBag from /home/felipe/airflow/dags/meu_primeiro_dag.py
[2023-08-28 20:33:14,062] {processor.py:651} INFO - DAG(s) dict_keys(['meu_primeiro_dag']) retrieved from /home/felipe/airflow/dags/meu_primeiro_dag.py
[2023-08-28 20:33:14,120] {logging_mixin.py:115} INFO - [2023-08-28 20:33:14,120] {dag.py:2379} INFO - Sync 1 DAGs
[2023-08-28 20:33:14,171] {logging_mixin.py:115} INFO - [2023-08-28 20:33:14,171] {dag.py:2927} INFO - Setting next_dagrun for meu_primeiro_dag to 2023-08-28T00:00:00+00:00, run_after=2023-08-29T00:00:00+00:00
[2023-08-28 20:33:14,207] {processor.py:161} INFO - Processing /home/felipe/airflow/dags/meu_primeiro_dag.py took 0.209 seconds
[2023-08-28 20:33:49,336] {processor.py:153} INFO - Started process (PID=3122) to work on /home/felipe/airflow/dags/meu_primeiro_dag.py
[2023-08-28 20:33:49,337] {processor.py:641} INFO - Processing file /home/felipe/airflow/dags/meu_primeiro_dag.py for tasks to queue
[2023-08-28 20:33:49,339] {logging_mixin.py:115} INFO - [2023-08-28 20:33:49,338] {dagbag.py:507} INFO - Filling up the DagBag from /home/felipe/airflow/dags/meu_primeiro_dag.py
[2023-08-28 20:33:49,364] {processor.py:651} INFO - DAG(s) dict_keys(['meu_primeiro_dag']) retrieved from /home/felipe/airflow/dags/meu_primeiro_dag.py
[2023-08-28 20:33:49,422] {logging_mixin.py:115} INFO - [2023-08-28 20:33:49,422] {dag.py:2379} INFO - Sync 1 DAGs
[2023-08-28 20:33:49,471] {logging_mixin.py:115} INFO - [2023-08-28 20:33:49,471] {dag.py:2927} INFO - Setting next_dagrun for meu_primeiro_dag to 2023-08-28T00:00:00+00:00, run_after=2023-08-29T00:00:00+00:00
[2023-08-28 20:33:49,503] {processor.py:161} INFO - Processing /home/felipe/airflow/dags/meu_primeiro_dag.py took 0.178 seconds
[2023-08-28 20:34:22,698] {processor.py:153} INFO - Started process (PID=3255) to work on /home/felipe/airflow/dags/meu_primeiro_dag.py
[2023-08-28 20:34:22,700] {processor.py:641} INFO - Processing file /home/felipe/airflow/dags/meu_primeiro_dag.py for tasks to queue
[2023-08-28 20:34:22,702] {logging_mixin.py:115} INFO - [2023-08-28 20:34:22,701] {dagbag.py:507} INFO - Filling up the DagBag from /home/felipe/airflow/dags/meu_primeiro_dag.py
[2023-08-28 20:34:22,732] {processor.py:651} INFO - DAG(s) dict_keys(['meu_primeiro_dag']) retrieved from /home/felipe/airflow/dags/meu_primeiro_dag.py
[2023-08-28 20:34:22,781] {logging_mixin.py:115} INFO - [2023-08-28 20:34:22,781] {dag.py:2379} INFO - Sync 1 DAGs
[2023-08-28 20:34:22,829] {logging_mixin.py:115} INFO - [2023-08-28 20:34:22,828] {dag.py:2927} INFO - Setting next_dagrun for meu_primeiro_dag to 2023-08-28T00:00:00+00:00, run_after=2023-08-29T00:00:00+00:00
[2023-08-28 20:34:22,859] {processor.py:161} INFO - Processing /home/felipe/airflow/dags/meu_primeiro_dag.py took 0.174 seconds
[2023-08-28 20:35:01,444] {processor.py:153} INFO - Started process (PID=3286) to work on /home/felipe/airflow/dags/meu_primeiro_dag.py
[2023-08-28 20:35:01,447] {processor.py:641} INFO - Processing file /home/felipe/airflow/dags/meu_primeiro_dag.py for tasks to queue
[2023-08-28 20:35:01,449] {logging_mixin.py:115} INFO - [2023-08-28 20:35:01,449] {dagbag.py:507} INFO - Filling up the DagBag from /home/felipe/airflow/dags/meu_primeiro_dag.py
[2023-08-28 20:35:01,478] {processor.py:651} INFO - DAG(s) dict_keys(['meu_primeiro_dag']) retrieved from /home/felipe/airflow/dags/meu_primeiro_dag.py
[2023-08-28 20:35:01,545] {logging_mixin.py:115} INFO - [2023-08-28 20:35:01,544] {dag.py:2379} INFO - Sync 1 DAGs
[2023-08-28 20:35:01,601] {logging_mixin.py:115} INFO - [2023-08-28 20:35:01,601] {dag.py:2927} INFO - Setting next_dagrun for meu_primeiro_dag to 2023-08-28T00:00:00+00:00, run_after=2023-08-29T00:00:00+00:00
[2023-08-28 20:35:01,636] {processor.py:161} INFO - Processing /home/felipe/airflow/dags/meu_primeiro_dag.py took 0.202 seconds
[2023-08-28 20:35:38,023] {processor.py:153} INFO - Started process (PID=3418) to work on /home/felipe/airflow/dags/meu_primeiro_dag.py
[2023-08-28 20:35:38,025] {processor.py:641} INFO - Processing file /home/felipe/airflow/dags/meu_primeiro_dag.py for tasks to queue
[2023-08-28 20:35:38,027] {logging_mixin.py:115} INFO - [2023-08-28 20:35:38,026] {dagbag.py:507} INFO - Filling up the DagBag from /home/felipe/airflow/dags/meu_primeiro_dag.py
[2023-08-28 20:35:38,065] {processor.py:651} INFO - DAG(s) dict_keys(['meu_primeiro_dag']) retrieved from /home/felipe/airflow/dags/meu_primeiro_dag.py
[2023-08-28 20:35:38,134] {logging_mixin.py:115} INFO - [2023-08-28 20:35:38,134] {dag.py:2379} INFO - Sync 1 DAGs
[2023-08-28 20:35:38,190] {logging_mixin.py:115} INFO - [2023-08-28 20:35:38,189] {dag.py:2927} INFO - Setting next_dagrun for meu_primeiro_dag to 2023-08-28T00:00:00+00:00, run_after=2023-08-29T00:00:00+00:00
[2023-08-28 20:35:38,225] {processor.py:161} INFO - Processing /home/felipe/airflow/dags/meu_primeiro_dag.py took 0.217 seconds
[2023-08-28 20:36:11,764] {processor.py:153} INFO - Started process (PID=3550) to work on /home/felipe/airflow/dags/meu_primeiro_dag.py
[2023-08-28 20:36:11,766] {processor.py:641} INFO - Processing file /home/felipe/airflow/dags/meu_primeiro_dag.py for tasks to queue
[2023-08-28 20:36:11,768] {logging_mixin.py:115} INFO - [2023-08-28 20:36:11,767] {dagbag.py:507} INFO - Filling up the DagBag from /home/felipe/airflow/dags/meu_primeiro_dag.py
[2023-08-28 20:36:11,799] {processor.py:651} INFO - DAG(s) dict_keys(['meu_primeiro_dag']) retrieved from /home/felipe/airflow/dags/meu_primeiro_dag.py
[2023-08-28 20:36:11,865] {logging_mixin.py:115} INFO - [2023-08-28 20:36:11,865] {dag.py:2379} INFO - Sync 1 DAGs
[2023-08-28 20:36:11,920] {logging_mixin.py:115} INFO - [2023-08-28 20:36:11,920] {dag.py:2927} INFO - Setting next_dagrun for meu_primeiro_dag to 2023-08-28T00:00:00+00:00, run_after=2023-08-29T00:00:00+00:00
[2023-08-28 20:36:11,956] {processor.py:161} INFO - Processing /home/felipe/airflow/dags/meu_primeiro_dag.py took 0.205 seconds
[2023-08-28 20:36:45,946] {processor.py:153} INFO - Started process (PID=3579) to work on /home/felipe/airflow/dags/meu_primeiro_dag.py
[2023-08-28 20:36:45,948] {processor.py:641} INFO - Processing file /home/felipe/airflow/dags/meu_primeiro_dag.py for tasks to queue
[2023-08-28 20:36:45,950] {logging_mixin.py:115} INFO - [2023-08-28 20:36:45,949] {dagbag.py:507} INFO - Filling up the DagBag from /home/felipe/airflow/dags/meu_primeiro_dag.py
[2023-08-28 20:36:46,026] {processor.py:651} INFO - DAG(s) dict_keys(['meu_primeiro_dag']) retrieved from /home/felipe/airflow/dags/meu_primeiro_dag.py
[2023-08-28 20:36:46,121] {logging_mixin.py:115} INFO - [2023-08-28 20:36:46,111] {dag.py:2379} INFO - Sync 1 DAGs
[2023-08-28 20:36:46,193] {logging_mixin.py:115} INFO - [2023-08-28 20:36:46,192] {dag.py:2927} INFO - Setting next_dagrun for meu_primeiro_dag to 2023-08-28T00:00:00+00:00, run_after=2023-08-29T00:00:00+00:00
[2023-08-28 20:36:46,256] {processor.py:161} INFO - Processing /home/felipe/airflow/dags/meu_primeiro_dag.py took 0.331 seconds
[2023-08-28 20:37:20,973] {processor.py:153} INFO - Started process (PID=3759) to work on /home/felipe/airflow/dags/meu_primeiro_dag.py
[2023-08-28 20:37:20,974] {processor.py:641} INFO - Processing file /home/felipe/airflow/dags/meu_primeiro_dag.py for tasks to queue
[2023-08-28 20:37:20,977] {logging_mixin.py:115} INFO - [2023-08-28 20:37:20,977] {dagbag.py:507} INFO - Filling up the DagBag from /home/felipe/airflow/dags/meu_primeiro_dag.py
[2023-08-28 20:37:21,024] {processor.py:651} INFO - DAG(s) dict_keys(['meu_primeiro_dag']) retrieved from /home/felipe/airflow/dags/meu_primeiro_dag.py
[2023-08-28 20:37:21,081] {logging_mixin.py:115} INFO - [2023-08-28 20:37:21,081] {dag.py:2379} INFO - Sync 1 DAGs
[2023-08-28 20:37:21,134] {logging_mixin.py:115} INFO - [2023-08-28 20:37:21,134] {dag.py:2927} INFO - Setting next_dagrun for meu_primeiro_dag to 2023-08-28T00:00:00+00:00, run_after=2023-08-29T00:00:00+00:00
[2023-08-28 20:37:21,168] {processor.py:161} INFO - Processing /home/felipe/airflow/dags/meu_primeiro_dag.py took 0.210 seconds
[2023-08-28 20:37:59,108] {processor.py:153} INFO - Started process (PID=3892) to work on /home/felipe/airflow/dags/meu_primeiro_dag.py
[2023-08-28 20:37:59,110] {processor.py:641} INFO - Processing file /home/felipe/airflow/dags/meu_primeiro_dag.py for tasks to queue
[2023-08-28 20:37:59,112] {logging_mixin.py:115} INFO - [2023-08-28 20:37:59,111] {dagbag.py:507} INFO - Filling up the DagBag from /home/felipe/airflow/dags/meu_primeiro_dag.py
[2023-08-28 20:37:59,156] {processor.py:651} INFO - DAG(s) dict_keys(['meu_primeiro_dag']) retrieved from /home/felipe/airflow/dags/meu_primeiro_dag.py
[2023-08-28 20:37:59,224] {logging_mixin.py:115} INFO - [2023-08-28 20:37:59,224] {dag.py:2379} INFO - Sync 1 DAGs
[2023-08-28 20:37:59,275] {logging_mixin.py:115} INFO - [2023-08-28 20:37:59,275] {dag.py:2927} INFO - Setting next_dagrun for meu_primeiro_dag to 2023-08-28T00:00:00+00:00, run_after=2023-08-29T00:00:00+00:00
[2023-08-28 20:37:59,318] {processor.py:161} INFO - Processing /home/felipe/airflow/dags/meu_primeiro_dag.py took 0.224 seconds
[2023-08-28 20:38:38,903] {processor.py:153} INFO - Started process (PID=3977) to work on /home/felipe/airflow/dags/meu_primeiro_dag.py
[2023-08-28 20:38:38,911] {processor.py:641} INFO - Processing file /home/felipe/airflow/dags/meu_primeiro_dag.py for tasks to queue
[2023-08-28 20:38:38,912] {logging_mixin.py:115} INFO - [2023-08-28 20:38:38,912] {dagbag.py:507} INFO - Filling up the DagBag from /home/felipe/airflow/dags/meu_primeiro_dag.py
[2023-08-28 20:38:38,977] {processor.py:651} INFO - DAG(s) dict_keys(['meu_primeiro_dag']) retrieved from /home/felipe/airflow/dags/meu_primeiro_dag.py
[2023-08-28 20:38:39,037] {logging_mixin.py:115} INFO - [2023-08-28 20:38:39,036] {dag.py:2379} INFO - Sync 1 DAGs
[2023-08-28 20:38:39,095] {logging_mixin.py:115} INFO - [2023-08-28 20:38:39,095] {dag.py:2927} INFO - Setting next_dagrun for meu_primeiro_dag to 2023-08-28T00:00:00+00:00, run_after=2023-08-29T00:00:00+00:00
[2023-08-28 20:38:39,131] {processor.py:161} INFO - Processing /home/felipe/airflow/dags/meu_primeiro_dag.py took 0.244 seconds
[2023-08-28 20:39:12,757] {processor.py:153} INFO - Started process (PID=4058) to work on /home/felipe/airflow/dags/meu_primeiro_dag.py
[2023-08-28 20:39:12,759] {processor.py:641} INFO - Processing file /home/felipe/airflow/dags/meu_primeiro_dag.py for tasks to queue
[2023-08-28 20:39:12,760] {logging_mixin.py:115} INFO - [2023-08-28 20:39:12,760] {dagbag.py:507} INFO - Filling up the DagBag from /home/felipe/airflow/dags/meu_primeiro_dag.py
[2023-08-28 20:39:12,810] {processor.py:651} INFO - DAG(s) dict_keys(['meu_primeiro_dag']) retrieved from /home/felipe/airflow/dags/meu_primeiro_dag.py
[2023-08-28 20:39:12,869] {logging_mixin.py:115} INFO - [2023-08-28 20:39:12,869] {dag.py:2379} INFO - Sync 1 DAGs
[2023-08-28 20:39:12,926] {logging_mixin.py:115} INFO - [2023-08-28 20:39:12,926] {dag.py:2927} INFO - Setting next_dagrun for meu_primeiro_dag to 2023-08-28T00:00:00+00:00, run_after=2023-08-29T00:00:00+00:00
[2023-08-28 20:39:12,972] {processor.py:161} INFO - Processing /home/felipe/airflow/dags/meu_primeiro_dag.py took 0.230 seconds
[2023-08-28 20:39:51,747] {processor.py:153} INFO - Started process (PID=4263) to work on /home/felipe/airflow/dags/meu_primeiro_dag.py
[2023-08-28 20:39:51,750] {processor.py:641} INFO - Processing file /home/felipe/airflow/dags/meu_primeiro_dag.py for tasks to queue
[2023-08-28 20:39:51,751] {logging_mixin.py:115} INFO - [2023-08-28 20:39:51,751] {dagbag.py:507} INFO - Filling up the DagBag from /home/felipe/airflow/dags/meu_primeiro_dag.py
[2023-08-28 20:39:51,827] {processor.py:651} INFO - DAG(s) dict_keys(['meu_primeiro_dag']) retrieved from /home/felipe/airflow/dags/meu_primeiro_dag.py
[2023-08-28 20:39:51,914] {logging_mixin.py:115} INFO - [2023-08-28 20:39:51,913] {dag.py:2379} INFO - Sync 1 DAGs
[2023-08-28 20:39:51,999] {logging_mixin.py:115} INFO - [2023-08-28 20:39:51,999] {dag.py:2927} INFO - Setting next_dagrun for meu_primeiro_dag to 2023-08-28T00:00:00+00:00, run_after=2023-08-29T00:00:00+00:00
[2023-08-28 20:39:52,049] {processor.py:161} INFO - Processing /home/felipe/airflow/dags/meu_primeiro_dag.py took 0.321 seconds
[2023-08-28 20:42:22,175] {processor.py:153} INFO - Started process (PID=5889) to work on /home/felipe/airflow/dags/meu_primeiro_dag.py
[2023-08-28 20:42:22,177] {processor.py:641} INFO - Processing file /home/felipe/airflow/dags/meu_primeiro_dag.py for tasks to queue
[2023-08-28 20:42:22,183] {logging_mixin.py:115} INFO - [2023-08-28 20:42:22,183] {dagbag.py:507} INFO - Filling up the DagBag from /home/felipe/airflow/dags/meu_primeiro_dag.py
[2023-08-28 20:42:22,233] {processor.py:651} INFO - DAG(s) dict_keys(['meu_primeiro_dag']) retrieved from /home/felipe/airflow/dags/meu_primeiro_dag.py
[2023-08-28 20:42:22,310] {logging_mixin.py:115} INFO - [2023-08-28 20:42:22,310] {dag.py:2379} INFO - Sync 1 DAGs
[2023-08-28 20:42:22,382] {logging_mixin.py:115} INFO - [2023-08-28 20:42:22,382] {dag.py:2927} INFO - Setting next_dagrun for meu_primeiro_dag to 2023-08-28T00:00:00+00:00, run_after=2023-08-29T00:00:00+00:00
[2023-08-28 20:42:22,418] {processor.py:161} INFO - Processing /home/felipe/airflow/dags/meu_primeiro_dag.py took 0.261 seconds
[2023-08-28 20:43:19,542] {processor.py:153} INFO - Started process (PID=6151) to work on /home/felipe/airflow/dags/meu_primeiro_dag.py
[2023-08-28 20:43:19,545] {processor.py:641} INFO - Processing file /home/felipe/airflow/dags/meu_primeiro_dag.py for tasks to queue
[2023-08-28 20:43:19,553] {logging_mixin.py:115} INFO - [2023-08-28 20:43:19,552] {dagbag.py:507} INFO - Filling up the DagBag from /home/felipe/airflow/dags/meu_primeiro_dag.py
[2023-08-28 20:43:19,608] {processor.py:651} INFO - DAG(s) dict_keys(['meu_primeiro_dag']) retrieved from /home/felipe/airflow/dags/meu_primeiro_dag.py
[2023-08-28 20:43:19,756] {logging_mixin.py:115} INFO - [2023-08-28 20:43:19,756] {dag.py:2379} INFO - Sync 1 DAGs
[2023-08-28 20:43:19,939] {logging_mixin.py:115} INFO - [2023-08-28 20:43:19,939] {dag.py:2927} INFO - Setting next_dagrun for meu_primeiro_dag to 2023-08-28T00:00:00+00:00, run_after=2023-08-29T00:00:00+00:00
[2023-08-28 20:43:19,990] {processor.py:161} INFO - Processing /home/felipe/airflow/dags/meu_primeiro_dag.py took 0.482 seconds
