[2023-08-28 19:07:18,714] {taskinstance.py:1159} INFO - Dependencies all met for <TaskInstance: example_nested_branch_dag.branch_1 scheduled__2023-08-27T00:00:00+00:00 [queued]>
[2023-08-28 19:07:19,195] {taskinstance.py:1159} INFO - Dependencies all met for <TaskInstance: example_nested_branch_dag.branch_1 scheduled__2023-08-27T00:00:00+00:00 [queued]>
[2023-08-28 19:07:19,195] {taskinstance.py:1356} INFO - 
--------------------------------------------------------------------------------
[2023-08-28 19:07:19,196] {taskinstance.py:1357} INFO - Starting attempt 1 of 1
[2023-08-28 19:07:19,196] {taskinstance.py:1358} INFO - 
--------------------------------------------------------------------------------
[2023-08-28 19:07:19,483] {taskinstance.py:1377} INFO - Executing <Task(BranchPythonOperator): branch_1> on 2023-08-27 00:00:00+00:00
[2023-08-28 19:07:19,899] {standard_task_runner.py:52} INFO - Started process 9456 to run task
[2023-08-28 19:07:20,228] {standard_task_runner.py:79} INFO - Running: ['airflow', 'tasks', 'run', 'example_nested_branch_dag', 'branch_1', 'scheduled__2023-08-27T00:00:00+00:00', '--job-id', '3', '--raw', '--subdir', '/home/felipe/airflow/venv/lib/python3.9/site-packages/airflow/example_dags/example_nested_branch_dag.py', '--cfg-path', '/tmp/tmpzytvhp9w', '--error-file', '/tmp/tmpngykz4sy']
[2023-08-28 19:07:20,379] {standard_task_runner.py:80} INFO - Job 3: Subtask branch_1
[2023-08-28 19:07:22,811] {task_command.py:370} INFO - Running <TaskInstance: example_nested_branch_dag.branch_1 scheduled__2023-08-27T00:00:00+00:00 [running]> on host FelipeBreve-PC.localdomain
[2023-08-28 19:07:24,410] {taskinstance.py:1569} INFO - Exporting the following env vars:
AIRFLOW_CTX_DAG_OWNER=airflow
AIRFLOW_CTX_DAG_ID=example_nested_branch_dag
AIRFLOW_CTX_TASK_ID=branch_1
AIRFLOW_CTX_EXECUTION_DATE=2023-08-27T00:00:00+00:00
AIRFLOW_CTX_TRY_NUMBER=1
AIRFLOW_CTX_DAG_RUN_ID=scheduled__2023-08-27T00:00:00+00:00
[2023-08-28 19:07:24,415] {python.py:173} INFO - Done. Returned value was: true_1
[2023-08-28 19:07:24,416] {skipmixin.py:140} INFO - Following branch true_1
[2023-08-28 19:07:24,431] {skipmixin.py:175} INFO - Skipping tasks ['false_1']
[2023-08-28 19:07:25,428] {taskinstance.py:1395} INFO - Marking task as SUCCESS. dag_id=example_nested_branch_dag, task_id=branch_1, execution_date=20230827T000000, start_date=20230828T220718, end_date=20230828T220725
[2023-08-28 19:07:26,146] {local_task_job.py:156} INFO - Task exited with return code 0
[2023-08-28 19:07:26,587] {local_task_job.py:273} INFO - 1 downstream tasks scheduled from follow-on schedule check
