[2023-08-28 19:03:43,174] {processor.py:153} INFO - Started process (PID=7646) to work on /home/felipe/airflow/venv/lib/python3.9/site-packages/airflow/example_dags/subdags/subdag.py
[2023-08-28 19:03:43,183] {processor.py:641} INFO - Processing file /home/felipe/airflow/venv/lib/python3.9/site-packages/airflow/example_dags/subdags/subdag.py for tasks to queue
[2023-08-28 19:03:43,197] {logging_mixin.py:115} INFO - [2023-08-28 19:03:43,192] {dagbag.py:507} INFO - Filling up the DagBag from /home/felipe/airflow/venv/lib/python3.9/site-packages/airflow/example_dags/subdags/subdag.py
[2023-08-28 19:03:43,216] {processor.py:653} WARNING - No viable dags retrieved from /home/felipe/airflow/venv/lib/python3.9/site-packages/airflow/example_dags/subdags/subdag.py
[2023-08-28 19:03:43,306] {processor.py:161} INFO - Processing /home/felipe/airflow/venv/lib/python3.9/site-packages/airflow/example_dags/subdags/subdag.py took 0.220 seconds
[2023-08-28 19:05:27,197] {processor.py:153} INFO - Started process (PID=8707) to work on /home/felipe/airflow/venv/lib/python3.9/site-packages/airflow/example_dags/subdags/subdag.py
[2023-08-28 19:05:27,225] {processor.py:641} INFO - Processing file /home/felipe/airflow/venv/lib/python3.9/site-packages/airflow/example_dags/subdags/subdag.py for tasks to queue
[2023-08-28 19:05:27,242] {logging_mixin.py:115} INFO - [2023-08-28 19:05:27,241] {dagbag.py:507} INFO - Filling up the DagBag from /home/felipe/airflow/venv/lib/python3.9/site-packages/airflow/example_dags/subdags/subdag.py
[2023-08-28 19:05:27,274] {processor.py:653} WARNING - No viable dags retrieved from /home/felipe/airflow/venv/lib/python3.9/site-packages/airflow/example_dags/subdags/subdag.py
[2023-08-28 19:05:27,446] {processor.py:161} INFO - Processing /home/felipe/airflow/venv/lib/python3.9/site-packages/airflow/example_dags/subdags/subdag.py took 0.304 seconds
[2023-08-28 19:06:12,461] {processor.py:153} INFO - Started process (PID=8979) to work on /home/felipe/airflow/venv/lib/python3.9/site-packages/airflow/example_dags/subdags/subdag.py
[2023-08-28 19:06:12,463] {processor.py:641} INFO - Processing file /home/felipe/airflow/venv/lib/python3.9/site-packages/airflow/example_dags/subdags/subdag.py for tasks to queue
[2023-08-28 19:06:12,465] {logging_mixin.py:115} INFO - [2023-08-28 19:06:12,465] {dagbag.py:507} INFO - Filling up the DagBag from /home/felipe/airflow/venv/lib/python3.9/site-packages/airflow/example_dags/subdags/subdag.py
[2023-08-28 19:06:12,482] {processor.py:653} WARNING - No viable dags retrieved from /home/felipe/airflow/venv/lib/python3.9/site-packages/airflow/example_dags/subdags/subdag.py
[2023-08-28 19:06:12,551] {processor.py:161} INFO - Processing /home/felipe/airflow/venv/lib/python3.9/site-packages/airflow/example_dags/subdags/subdag.py took 0.122 seconds
[2023-08-28 19:07:35,028] {processor.py:153} INFO - Started process (PID=9670) to work on /home/felipe/airflow/venv/lib/python3.9/site-packages/airflow/example_dags/subdags/subdag.py
[2023-08-28 19:07:35,030] {processor.py:641} INFO - Processing file /home/felipe/airflow/venv/lib/python3.9/site-packages/airflow/example_dags/subdags/subdag.py for tasks to queue
[2023-08-28 19:07:35,038] {logging_mixin.py:115} INFO - [2023-08-28 19:07:35,037] {dagbag.py:507} INFO - Filling up the DagBag from /home/felipe/airflow/venv/lib/python3.9/site-packages/airflow/example_dags/subdags/subdag.py
[2023-08-28 19:07:35,051] {processor.py:653} WARNING - No viable dags retrieved from /home/felipe/airflow/venv/lib/python3.9/site-packages/airflow/example_dags/subdags/subdag.py
[2023-08-28 19:07:35,138] {processor.py:161} INFO - Processing /home/felipe/airflow/venv/lib/python3.9/site-packages/airflow/example_dags/subdags/subdag.py took 0.144 seconds
[2023-08-28 19:08:56,565] {processor.py:153} INFO - Started process (PID=10438) to work on /home/felipe/airflow/venv/lib/python3.9/site-packages/airflow/example_dags/subdags/subdag.py
[2023-08-28 19:08:56,569] {processor.py:641} INFO - Processing file /home/felipe/airflow/venv/lib/python3.9/site-packages/airflow/example_dags/subdags/subdag.py for tasks to queue
[2023-08-28 19:08:56,574] {logging_mixin.py:115} INFO - [2023-08-28 19:08:56,573] {dagbag.py:507} INFO - Filling up the DagBag from /home/felipe/airflow/venv/lib/python3.9/site-packages/airflow/example_dags/subdags/subdag.py
[2023-08-28 19:08:56,600] {processor.py:653} WARNING - No viable dags retrieved from /home/felipe/airflow/venv/lib/python3.9/site-packages/airflow/example_dags/subdags/subdag.py
[2023-08-28 19:08:56,749] {processor.py:161} INFO - Processing /home/felipe/airflow/venv/lib/python3.9/site-packages/airflow/example_dags/subdags/subdag.py took 0.225 seconds
[2023-08-28 19:09:30,459] {processor.py:153} INFO - Started process (PID=10635) to work on /home/felipe/airflow/venv/lib/python3.9/site-packages/airflow/example_dags/subdags/subdag.py
[2023-08-28 19:09:30,461] {processor.py:641} INFO - Processing file /home/felipe/airflow/venv/lib/python3.9/site-packages/airflow/example_dags/subdags/subdag.py for tasks to queue
[2023-08-28 19:09:30,462] {logging_mixin.py:115} INFO - [2023-08-28 19:09:30,462] {dagbag.py:507} INFO - Filling up the DagBag from /home/felipe/airflow/venv/lib/python3.9/site-packages/airflow/example_dags/subdags/subdag.py
[2023-08-28 19:09:30,476] {processor.py:653} WARNING - No viable dags retrieved from /home/felipe/airflow/venv/lib/python3.9/site-packages/airflow/example_dags/subdags/subdag.py
[2023-08-28 19:09:30,646] {processor.py:161} INFO - Processing /home/felipe/airflow/venv/lib/python3.9/site-packages/airflow/example_dags/subdags/subdag.py took 0.218 seconds
[2023-08-28 19:10:18,502] {processor.py:153} INFO - Started process (PID=10914) to work on /home/felipe/airflow/venv/lib/python3.9/site-packages/airflow/example_dags/subdags/subdag.py
[2023-08-28 19:10:18,509] {processor.py:641} INFO - Processing file /home/felipe/airflow/venv/lib/python3.9/site-packages/airflow/example_dags/subdags/subdag.py for tasks to queue
[2023-08-28 19:10:18,511] {logging_mixin.py:115} INFO - [2023-08-28 19:10:18,510] {dagbag.py:507} INFO - Filling up the DagBag from /home/felipe/airflow/venv/lib/python3.9/site-packages/airflow/example_dags/subdags/subdag.py
[2023-08-28 19:10:18,518] {processor.py:653} WARNING - No viable dags retrieved from /home/felipe/airflow/venv/lib/python3.9/site-packages/airflow/example_dags/subdags/subdag.py
[2023-08-28 19:10:18,591] {processor.py:161} INFO - Processing /home/felipe/airflow/venv/lib/python3.9/site-packages/airflow/example_dags/subdags/subdag.py took 0.109 seconds
[2023-08-28 19:11:01,065] {processor.py:153} INFO - Started process (PID=11044) to work on /home/felipe/airflow/venv/lib/python3.9/site-packages/airflow/example_dags/subdags/subdag.py
[2023-08-28 19:11:01,067] {processor.py:641} INFO - Processing file /home/felipe/airflow/venv/lib/python3.9/site-packages/airflow/example_dags/subdags/subdag.py for tasks to queue
[2023-08-28 19:11:01,068] {logging_mixin.py:115} INFO - [2023-08-28 19:11:01,068] {dagbag.py:507} INFO - Filling up the DagBag from /home/felipe/airflow/venv/lib/python3.9/site-packages/airflow/example_dags/subdags/subdag.py
[2023-08-28 19:11:01,074] {processor.py:653} WARNING - No viable dags retrieved from /home/felipe/airflow/venv/lib/python3.9/site-packages/airflow/example_dags/subdags/subdag.py
[2023-08-28 19:11:01,137] {processor.py:161} INFO - Processing /home/felipe/airflow/venv/lib/python3.9/site-packages/airflow/example_dags/subdags/subdag.py took 0.089 seconds
[2023-08-28 19:11:39,863] {processor.py:153} INFO - Started process (PID=11177) to work on /home/felipe/airflow/venv/lib/python3.9/site-packages/airflow/example_dags/subdags/subdag.py
[2023-08-28 19:11:39,866] {processor.py:641} INFO - Processing file /home/felipe/airflow/venv/lib/python3.9/site-packages/airflow/example_dags/subdags/subdag.py for tasks to queue
[2023-08-28 19:11:39,868] {logging_mixin.py:115} INFO - [2023-08-28 19:11:39,868] {dagbag.py:507} INFO - Filling up the DagBag from /home/felipe/airflow/venv/lib/python3.9/site-packages/airflow/example_dags/subdags/subdag.py
[2023-08-28 19:11:39,876] {processor.py:653} WARNING - No viable dags retrieved from /home/felipe/airflow/venv/lib/python3.9/site-packages/airflow/example_dags/subdags/subdag.py
[2023-08-28 19:11:39,938] {processor.py:161} INFO - Processing /home/felipe/airflow/venv/lib/python3.9/site-packages/airflow/example_dags/subdags/subdag.py took 0.085 seconds
[2023-08-28 19:12:16,131] {processor.py:153} INFO - Started process (PID=11329) to work on /home/felipe/airflow/venv/lib/python3.9/site-packages/airflow/example_dags/subdags/subdag.py
[2023-08-28 19:12:16,134] {processor.py:641} INFO - Processing file /home/felipe/airflow/venv/lib/python3.9/site-packages/airflow/example_dags/subdags/subdag.py for tasks to queue
[2023-08-28 19:12:16,136] {logging_mixin.py:115} INFO - [2023-08-28 19:12:16,136] {dagbag.py:507} INFO - Filling up the DagBag from /home/felipe/airflow/venv/lib/python3.9/site-packages/airflow/example_dags/subdags/subdag.py
[2023-08-28 19:12:16,170] {processor.py:653} WARNING - No viable dags retrieved from /home/felipe/airflow/venv/lib/python3.9/site-packages/airflow/example_dags/subdags/subdag.py
[2023-08-28 19:12:16,284] {processor.py:161} INFO - Processing /home/felipe/airflow/venv/lib/python3.9/site-packages/airflow/example_dags/subdags/subdag.py took 0.186 seconds
[2023-08-28 19:13:33,858] {processor.py:153} INFO - Started process (PID=11914) to work on /home/felipe/airflow/venv/lib/python3.9/site-packages/airflow/example_dags/subdags/subdag.py
[2023-08-28 19:13:33,864] {processor.py:641} INFO - Processing file /home/felipe/airflow/venv/lib/python3.9/site-packages/airflow/example_dags/subdags/subdag.py for tasks to queue
[2023-08-28 19:13:33,872] {logging_mixin.py:115} INFO - [2023-08-28 19:13:33,867] {dagbag.py:507} INFO - Filling up the DagBag from /home/felipe/airflow/venv/lib/python3.9/site-packages/airflow/example_dags/subdags/subdag.py
[2023-08-28 19:13:33,882] {processor.py:653} WARNING - No viable dags retrieved from /home/felipe/airflow/venv/lib/python3.9/site-packages/airflow/example_dags/subdags/subdag.py
[2023-08-28 19:13:34,022] {processor.py:161} INFO - Processing /home/felipe/airflow/venv/lib/python3.9/site-packages/airflow/example_dags/subdags/subdag.py took 0.189 seconds
[2023-08-28 19:14:07,533] {processor.py:153} INFO - Started process (PID=11988) to work on /home/felipe/airflow/venv/lib/python3.9/site-packages/airflow/example_dags/subdags/subdag.py
[2023-08-28 19:14:07,536] {processor.py:641} INFO - Processing file /home/felipe/airflow/venv/lib/python3.9/site-packages/airflow/example_dags/subdags/subdag.py for tasks to queue
[2023-08-28 19:14:07,539] {logging_mixin.py:115} INFO - [2023-08-28 19:14:07,538] {dagbag.py:507} INFO - Filling up the DagBag from /home/felipe/airflow/venv/lib/python3.9/site-packages/airflow/example_dags/subdags/subdag.py
[2023-08-28 19:14:07,552] {processor.py:653} WARNING - No viable dags retrieved from /home/felipe/airflow/venv/lib/python3.9/site-packages/airflow/example_dags/subdags/subdag.py
[2023-08-28 19:14:07,648] {processor.py:161} INFO - Processing /home/felipe/airflow/venv/lib/python3.9/site-packages/airflow/example_dags/subdags/subdag.py took 0.141 seconds
[2023-08-28 19:14:45,664] {processor.py:153} INFO - Started process (PID=12182) to work on /home/felipe/airflow/venv/lib/python3.9/site-packages/airflow/example_dags/subdags/subdag.py
[2023-08-28 19:14:45,674] {processor.py:641} INFO - Processing file /home/felipe/airflow/venv/lib/python3.9/site-packages/airflow/example_dags/subdags/subdag.py for tasks to queue
[2023-08-28 19:14:45,680] {logging_mixin.py:115} INFO - [2023-08-28 19:14:45,679] {dagbag.py:507} INFO - Filling up the DagBag from /home/felipe/airflow/venv/lib/python3.9/site-packages/airflow/example_dags/subdags/subdag.py
[2023-08-28 19:14:45,704] {processor.py:653} WARNING - No viable dags retrieved from /home/felipe/airflow/venv/lib/python3.9/site-packages/airflow/example_dags/subdags/subdag.py
[2023-08-28 19:14:45,864] {processor.py:161} INFO - Processing /home/felipe/airflow/venv/lib/python3.9/site-packages/airflow/example_dags/subdags/subdag.py took 0.254 seconds
[2023-08-28 19:15:39,671] {processor.py:153} INFO - Started process (PID=12449) to work on /home/felipe/airflow/venv/lib/python3.9/site-packages/airflow/example_dags/subdags/subdag.py
[2023-08-28 19:15:39,674] {processor.py:641} INFO - Processing file /home/felipe/airflow/venv/lib/python3.9/site-packages/airflow/example_dags/subdags/subdag.py for tasks to queue
[2023-08-28 19:15:39,676] {logging_mixin.py:115} INFO - [2023-08-28 19:15:39,676] {dagbag.py:507} INFO - Filling up the DagBag from /home/felipe/airflow/venv/lib/python3.9/site-packages/airflow/example_dags/subdags/subdag.py
[2023-08-28 19:15:39,689] {processor.py:653} WARNING - No viable dags retrieved from /home/felipe/airflow/venv/lib/python3.9/site-packages/airflow/example_dags/subdags/subdag.py
[2023-08-28 19:15:39,774] {processor.py:161} INFO - Processing /home/felipe/airflow/venv/lib/python3.9/site-packages/airflow/example_dags/subdags/subdag.py took 0.128 seconds
[2023-08-28 19:16:15,952] {processor.py:153} INFO - Started process (PID=12575) to work on /home/felipe/airflow/venv/lib/python3.9/site-packages/airflow/example_dags/subdags/subdag.py
[2023-08-28 19:16:15,954] {processor.py:641} INFO - Processing file /home/felipe/airflow/venv/lib/python3.9/site-packages/airflow/example_dags/subdags/subdag.py for tasks to queue
[2023-08-28 19:16:15,956] {logging_mixin.py:115} INFO - [2023-08-28 19:16:15,956] {dagbag.py:507} INFO - Filling up the DagBag from /home/felipe/airflow/venv/lib/python3.9/site-packages/airflow/example_dags/subdags/subdag.py
[2023-08-28 19:16:15,967] {processor.py:653} WARNING - No viable dags retrieved from /home/felipe/airflow/venv/lib/python3.9/site-packages/airflow/example_dags/subdags/subdag.py
[2023-08-28 19:16:16,029] {processor.py:161} INFO - Processing /home/felipe/airflow/venv/lib/python3.9/site-packages/airflow/example_dags/subdags/subdag.py took 0.094 seconds
[2023-08-28 19:17:21,217] {processor.py:153} INFO - Started process (PID=12869) to work on /home/felipe/airflow/venv/lib/python3.9/site-packages/airflow/example_dags/subdags/subdag.py
[2023-08-28 19:17:21,220] {processor.py:641} INFO - Processing file /home/felipe/airflow/venv/lib/python3.9/site-packages/airflow/example_dags/subdags/subdag.py for tasks to queue
[2023-08-28 19:17:21,223] {logging_mixin.py:115} INFO - [2023-08-28 19:17:21,222] {dagbag.py:507} INFO - Filling up the DagBag from /home/felipe/airflow/venv/lib/python3.9/site-packages/airflow/example_dags/subdags/subdag.py
[2023-08-28 19:17:21,236] {processor.py:653} WARNING - No viable dags retrieved from /home/felipe/airflow/venv/lib/python3.9/site-packages/airflow/example_dags/subdags/subdag.py
[2023-08-28 19:17:21,320] {processor.py:161} INFO - Processing /home/felipe/airflow/venv/lib/python3.9/site-packages/airflow/example_dags/subdags/subdag.py took 0.125 seconds
[2023-08-28 19:18:16,668] {processor.py:153} INFO - Started process (PID=12998) to work on /home/felipe/airflow/venv/lib/python3.9/site-packages/airflow/example_dags/subdags/subdag.py
[2023-08-28 19:18:16,670] {processor.py:641} INFO - Processing file /home/felipe/airflow/venv/lib/python3.9/site-packages/airflow/example_dags/subdags/subdag.py for tasks to queue
[2023-08-28 19:18:16,673] {logging_mixin.py:115} INFO - [2023-08-28 19:18:16,672] {dagbag.py:507} INFO - Filling up the DagBag from /home/felipe/airflow/venv/lib/python3.9/site-packages/airflow/example_dags/subdags/subdag.py
[2023-08-28 19:18:16,689] {processor.py:653} WARNING - No viable dags retrieved from /home/felipe/airflow/venv/lib/python3.9/site-packages/airflow/example_dags/subdags/subdag.py
[2023-08-28 19:18:16,841] {processor.py:161} INFO - Processing /home/felipe/airflow/venv/lib/python3.9/site-packages/airflow/example_dags/subdags/subdag.py took 0.215 seconds
[2023-08-28 19:19:36,541] {processor.py:153} INFO - Started process (PID=13192) to work on /home/felipe/airflow/venv/lib/python3.9/site-packages/airflow/example_dags/subdags/subdag.py
[2023-08-28 19:19:36,544] {processor.py:641} INFO - Processing file /home/felipe/airflow/venv/lib/python3.9/site-packages/airflow/example_dags/subdags/subdag.py for tasks to queue
[2023-08-28 19:19:36,547] {logging_mixin.py:115} INFO - [2023-08-28 19:19:36,546] {dagbag.py:507} INFO - Filling up the DagBag from /home/felipe/airflow/venv/lib/python3.9/site-packages/airflow/example_dags/subdags/subdag.py
[2023-08-28 19:19:36,560] {processor.py:653} WARNING - No viable dags retrieved from /home/felipe/airflow/venv/lib/python3.9/site-packages/airflow/example_dags/subdags/subdag.py
[2023-08-28 19:19:36,652] {processor.py:161} INFO - Processing /home/felipe/airflow/venv/lib/python3.9/site-packages/airflow/example_dags/subdags/subdag.py took 0.137 seconds
[2023-08-28 19:20:41,047] {processor.py:153} INFO - Started process (PID=13751) to work on /home/felipe/airflow/venv/lib/python3.9/site-packages/airflow/example_dags/subdags/subdag.py
[2023-08-28 19:20:41,051] {processor.py:641} INFO - Processing file /home/felipe/airflow/venv/lib/python3.9/site-packages/airflow/example_dags/subdags/subdag.py for tasks to queue
[2023-08-28 19:20:41,067] {logging_mixin.py:115} INFO - [2023-08-28 19:20:41,066] {dagbag.py:507} INFO - Filling up the DagBag from /home/felipe/airflow/venv/lib/python3.9/site-packages/airflow/example_dags/subdags/subdag.py
[2023-08-28 19:20:41,308] {processor.py:653} WARNING - No viable dags retrieved from /home/felipe/airflow/venv/lib/python3.9/site-packages/airflow/example_dags/subdags/subdag.py
[2023-08-28 19:20:41,576] {processor.py:161} INFO - Processing /home/felipe/airflow/venv/lib/python3.9/site-packages/airflow/example_dags/subdags/subdag.py took 0.665 seconds
[2023-08-28 19:21:41,942] {processor.py:153} INFO - Started process (PID=14391) to work on /home/felipe/airflow/venv/lib/python3.9/site-packages/airflow/example_dags/subdags/subdag.py
[2023-08-28 19:21:41,945] {processor.py:641} INFO - Processing file /home/felipe/airflow/venv/lib/python3.9/site-packages/airflow/example_dags/subdags/subdag.py for tasks to queue
[2023-08-28 19:21:41,946] {logging_mixin.py:115} INFO - [2023-08-28 19:21:41,946] {dagbag.py:507} INFO - Filling up the DagBag from /home/felipe/airflow/venv/lib/python3.9/site-packages/airflow/example_dags/subdags/subdag.py
[2023-08-28 19:21:41,953] {processor.py:653} WARNING - No viable dags retrieved from /home/felipe/airflow/venv/lib/python3.9/site-packages/airflow/example_dags/subdags/subdag.py
[2023-08-28 19:21:42,014] {processor.py:161} INFO - Processing /home/felipe/airflow/venv/lib/python3.9/site-packages/airflow/example_dags/subdags/subdag.py took 0.088 seconds
[2023-08-28 19:22:32,638] {processor.py:153} INFO - Started process (PID=14825) to work on /home/felipe/airflow/venv/lib/python3.9/site-packages/airflow/example_dags/subdags/subdag.py
[2023-08-28 19:22:32,648] {processor.py:641} INFO - Processing file /home/felipe/airflow/venv/lib/python3.9/site-packages/airflow/example_dags/subdags/subdag.py for tasks to queue
[2023-08-28 19:22:32,654] {logging_mixin.py:115} INFO - [2023-08-28 19:22:32,653] {dagbag.py:507} INFO - Filling up the DagBag from /home/felipe/airflow/venv/lib/python3.9/site-packages/airflow/example_dags/subdags/subdag.py
[2023-08-28 19:22:32,680] {processor.py:653} WARNING - No viable dags retrieved from /home/felipe/airflow/venv/lib/python3.9/site-packages/airflow/example_dags/subdags/subdag.py
[2023-08-28 19:22:32,832] {processor.py:161} INFO - Processing /home/felipe/airflow/venv/lib/python3.9/site-packages/airflow/example_dags/subdags/subdag.py took 0.243 seconds
[2023-08-28 19:23:14,025] {processor.py:153} INFO - Started process (PID=15074) to work on /home/felipe/airflow/venv/lib/python3.9/site-packages/airflow/example_dags/subdags/subdag.py
[2023-08-28 19:23:14,028] {processor.py:641} INFO - Processing file /home/felipe/airflow/venv/lib/python3.9/site-packages/airflow/example_dags/subdags/subdag.py for tasks to queue
[2023-08-28 19:23:14,034] {logging_mixin.py:115} INFO - [2023-08-28 19:23:14,034] {dagbag.py:507} INFO - Filling up the DagBag from /home/felipe/airflow/venv/lib/python3.9/site-packages/airflow/example_dags/subdags/subdag.py
[2023-08-28 19:23:14,050] {processor.py:653} WARNING - No viable dags retrieved from /home/felipe/airflow/venv/lib/python3.9/site-packages/airflow/example_dags/subdags/subdag.py
[2023-08-28 19:23:14,152] {processor.py:161} INFO - Processing /home/felipe/airflow/venv/lib/python3.9/site-packages/airflow/example_dags/subdags/subdag.py took 0.149 seconds
[2023-08-28 19:23:49,663] {processor.py:153} INFO - Started process (PID=15337) to work on /home/felipe/airflow/venv/lib/python3.9/site-packages/airflow/example_dags/subdags/subdag.py
[2023-08-28 19:23:49,664] {processor.py:641} INFO - Processing file /home/felipe/airflow/venv/lib/python3.9/site-packages/airflow/example_dags/subdags/subdag.py for tasks to queue
[2023-08-28 19:23:49,666] {logging_mixin.py:115} INFO - [2023-08-28 19:23:49,665] {dagbag.py:507} INFO - Filling up the DagBag from /home/felipe/airflow/venv/lib/python3.9/site-packages/airflow/example_dags/subdags/subdag.py
[2023-08-28 19:23:49,678] {processor.py:653} WARNING - No viable dags retrieved from /home/felipe/airflow/venv/lib/python3.9/site-packages/airflow/example_dags/subdags/subdag.py
[2023-08-28 19:23:49,734] {processor.py:161} INFO - Processing /home/felipe/airflow/venv/lib/python3.9/site-packages/airflow/example_dags/subdags/subdag.py took 0.088 seconds
[2023-08-28 19:24:45,827] {processor.py:153} INFO - Started process (PID=15582) to work on /home/felipe/airflow/venv/lib/python3.9/site-packages/airflow/example_dags/subdags/subdag.py
[2023-08-28 19:24:45,829] {processor.py:641} INFO - Processing file /home/felipe/airflow/venv/lib/python3.9/site-packages/airflow/example_dags/subdags/subdag.py for tasks to queue
[2023-08-28 19:24:45,831] {logging_mixin.py:115} INFO - [2023-08-28 19:24:45,831] {dagbag.py:507} INFO - Filling up the DagBag from /home/felipe/airflow/venv/lib/python3.9/site-packages/airflow/example_dags/subdags/subdag.py
[2023-08-28 19:24:45,843] {processor.py:653} WARNING - No viable dags retrieved from /home/felipe/airflow/venv/lib/python3.9/site-packages/airflow/example_dags/subdags/subdag.py
[2023-08-28 19:24:45,916] {processor.py:161} INFO - Processing /home/felipe/airflow/venv/lib/python3.9/site-packages/airflow/example_dags/subdags/subdag.py took 0.114 seconds
[2023-08-28 19:25:34,019] {processor.py:153} INFO - Started process (PID=15962) to work on /home/felipe/airflow/venv/lib/python3.9/site-packages/airflow/example_dags/subdags/subdag.py
[2023-08-28 19:25:34,050] {processor.py:641} INFO - Processing file /home/felipe/airflow/venv/lib/python3.9/site-packages/airflow/example_dags/subdags/subdag.py for tasks to queue
[2023-08-28 19:25:34,068] {logging_mixin.py:115} INFO - [2023-08-28 19:25:34,068] {dagbag.py:507} INFO - Filling up the DagBag from /home/felipe/airflow/venv/lib/python3.9/site-packages/airflow/example_dags/subdags/subdag.py
[2023-08-28 19:25:34,088] {processor.py:653} WARNING - No viable dags retrieved from /home/felipe/airflow/venv/lib/python3.9/site-packages/airflow/example_dags/subdags/subdag.py
[2023-08-28 19:25:34,268] {processor.py:161} INFO - Processing /home/felipe/airflow/venv/lib/python3.9/site-packages/airflow/example_dags/subdags/subdag.py took 0.317 seconds
[2023-08-28 19:26:25,689] {processor.py:153} INFO - Started process (PID=16264) to work on /home/felipe/airflow/venv/lib/python3.9/site-packages/airflow/example_dags/subdags/subdag.py
[2023-08-28 19:26:25,692] {processor.py:641} INFO - Processing file /home/felipe/airflow/venv/lib/python3.9/site-packages/airflow/example_dags/subdags/subdag.py for tasks to queue
[2023-08-28 19:26:25,694] {logging_mixin.py:115} INFO - [2023-08-28 19:26:25,694] {dagbag.py:507} INFO - Filling up the DagBag from /home/felipe/airflow/venv/lib/python3.9/site-packages/airflow/example_dags/subdags/subdag.py
[2023-08-28 19:26:25,720] {processor.py:653} WARNING - No viable dags retrieved from /home/felipe/airflow/venv/lib/python3.9/site-packages/airflow/example_dags/subdags/subdag.py
[2023-08-28 19:26:25,873] {processor.py:161} INFO - Processing /home/felipe/airflow/venv/lib/python3.9/site-packages/airflow/example_dags/subdags/subdag.py took 0.221 seconds
[2023-08-28 20:07:35,063] {processor.py:153} INFO - Started process (PID=24138) to work on /home/felipe/airflow/venv/lib/python3.9/site-packages/airflow/example_dags/subdags/subdag.py
[2023-08-28 20:07:35,065] {processor.py:641} INFO - Processing file /home/felipe/airflow/venv/lib/python3.9/site-packages/airflow/example_dags/subdags/subdag.py for tasks to queue
[2023-08-28 20:07:35,067] {logging_mixin.py:115} INFO - [2023-08-28 20:07:35,066] {dagbag.py:507} INFO - Filling up the DagBag from /home/felipe/airflow/venv/lib/python3.9/site-packages/airflow/example_dags/subdags/subdag.py
[2023-08-28 20:07:35,078] {processor.py:653} WARNING - No viable dags retrieved from /home/felipe/airflow/venv/lib/python3.9/site-packages/airflow/example_dags/subdags/subdag.py
[2023-08-28 20:07:35,152] {processor.py:161} INFO - Processing /home/felipe/airflow/venv/lib/python3.9/site-packages/airflow/example_dags/subdags/subdag.py took 0.126 seconds
[2023-08-28 20:11:01,286] {processor.py:153} INFO - Started process (PID=26157) to work on /home/felipe/airflow/venv/lib/python3.9/site-packages/airflow/example_dags/subdags/subdag.py
[2023-08-28 20:11:01,288] {processor.py:641} INFO - Processing file /home/felipe/airflow/venv/lib/python3.9/site-packages/airflow/example_dags/subdags/subdag.py for tasks to queue
[2023-08-28 20:11:01,290] {logging_mixin.py:115} INFO - [2023-08-28 20:11:01,289] {dagbag.py:507} INFO - Filling up the DagBag from /home/felipe/airflow/venv/lib/python3.9/site-packages/airflow/example_dags/subdags/subdag.py
[2023-08-28 20:11:01,344] {processor.py:653} WARNING - No viable dags retrieved from /home/felipe/airflow/venv/lib/python3.9/site-packages/airflow/example_dags/subdags/subdag.py
[2023-08-28 20:11:01,396] {processor.py:161} INFO - Processing /home/felipe/airflow/venv/lib/python3.9/site-packages/airflow/example_dags/subdags/subdag.py took 0.123 seconds
[2023-08-28 20:13:31,104] {processor.py:153} INFO - Started process (PID=26649) to work on /home/felipe/airflow/venv/lib/python3.9/site-packages/airflow/example_dags/subdags/subdag.py
[2023-08-28 20:13:31,111] {processor.py:641} INFO - Processing file /home/felipe/airflow/venv/lib/python3.9/site-packages/airflow/example_dags/subdags/subdag.py for tasks to queue
[2023-08-28 20:13:31,114] {logging_mixin.py:115} INFO - [2023-08-28 20:13:31,114] {dagbag.py:507} INFO - Filling up the DagBag from /home/felipe/airflow/venv/lib/python3.9/site-packages/airflow/example_dags/subdags/subdag.py
[2023-08-28 20:13:31,140] {processor.py:653} WARNING - No viable dags retrieved from /home/felipe/airflow/venv/lib/python3.9/site-packages/airflow/example_dags/subdags/subdag.py
[2023-08-28 20:13:31,290] {processor.py:161} INFO - Processing /home/felipe/airflow/venv/lib/python3.9/site-packages/airflow/example_dags/subdags/subdag.py took 0.211 seconds
[2023-08-28 20:14:37,581] {processor.py:153} INFO - Started process (PID=27240) to work on /home/felipe/airflow/venv/lib/python3.9/site-packages/airflow/example_dags/subdags/subdag.py
[2023-08-28 20:14:37,583] {processor.py:641} INFO - Processing file /home/felipe/airflow/venv/lib/python3.9/site-packages/airflow/example_dags/subdags/subdag.py for tasks to queue
[2023-08-28 20:14:37,584] {logging_mixin.py:115} INFO - [2023-08-28 20:14:37,584] {dagbag.py:507} INFO - Filling up the DagBag from /home/felipe/airflow/venv/lib/python3.9/site-packages/airflow/example_dags/subdags/subdag.py
[2023-08-28 20:14:37,591] {processor.py:653} WARNING - No viable dags retrieved from /home/felipe/airflow/venv/lib/python3.9/site-packages/airflow/example_dags/subdags/subdag.py
[2023-08-28 20:14:37,628] {processor.py:161} INFO - Processing /home/felipe/airflow/venv/lib/python3.9/site-packages/airflow/example_dags/subdags/subdag.py took 0.059 seconds
[2023-08-28 20:15:18,433] {processor.py:153} INFO - Started process (PID=27431) to work on /home/felipe/airflow/venv/lib/python3.9/site-packages/airflow/example_dags/subdags/subdag.py
[2023-08-28 20:15:18,435] {processor.py:641} INFO - Processing file /home/felipe/airflow/venv/lib/python3.9/site-packages/airflow/example_dags/subdags/subdag.py for tasks to queue
[2023-08-28 20:15:18,437] {logging_mixin.py:115} INFO - [2023-08-28 20:15:18,437] {dagbag.py:507} INFO - Filling up the DagBag from /home/felipe/airflow/venv/lib/python3.9/site-packages/airflow/example_dags/subdags/subdag.py
[2023-08-28 20:15:18,443] {processor.py:653} WARNING - No viable dags retrieved from /home/felipe/airflow/venv/lib/python3.9/site-packages/airflow/example_dags/subdags/subdag.py
[2023-08-28 20:15:18,481] {processor.py:161} INFO - Processing /home/felipe/airflow/venv/lib/python3.9/site-packages/airflow/example_dags/subdags/subdag.py took 0.059 seconds
[2023-08-28 20:15:56,149] {processor.py:153} INFO - Started process (PID=27564) to work on /home/felipe/airflow/venv/lib/python3.9/site-packages/airflow/example_dags/subdags/subdag.py
[2023-08-28 20:15:56,151] {processor.py:641} INFO - Processing file /home/felipe/airflow/venv/lib/python3.9/site-packages/airflow/example_dags/subdags/subdag.py for tasks to queue
[2023-08-28 20:15:56,155] {logging_mixin.py:115} INFO - [2023-08-28 20:15:56,154] {dagbag.py:507} INFO - Filling up the DagBag from /home/felipe/airflow/venv/lib/python3.9/site-packages/airflow/example_dags/subdags/subdag.py
[2023-08-28 20:15:56,162] {processor.py:653} WARNING - No viable dags retrieved from /home/felipe/airflow/venv/lib/python3.9/site-packages/airflow/example_dags/subdags/subdag.py
[2023-08-28 20:15:56,211] {processor.py:161} INFO - Processing /home/felipe/airflow/venv/lib/python3.9/site-packages/airflow/example_dags/subdags/subdag.py took 0.077 seconds
[2023-08-28 20:17:04,043] {processor.py:153} INFO - Started process (PID=28042) to work on /home/felipe/airflow/venv/lib/python3.9/site-packages/airflow/example_dags/subdags/subdag.py
[2023-08-28 20:17:04,045] {processor.py:641} INFO - Processing file /home/felipe/airflow/venv/lib/python3.9/site-packages/airflow/example_dags/subdags/subdag.py for tasks to queue
[2023-08-28 20:17:04,047] {logging_mixin.py:115} INFO - [2023-08-28 20:17:04,047] {dagbag.py:507} INFO - Filling up the DagBag from /home/felipe/airflow/venv/lib/python3.9/site-packages/airflow/example_dags/subdags/subdag.py
[2023-08-28 20:17:04,060] {processor.py:653} WARNING - No viable dags retrieved from /home/felipe/airflow/venv/lib/python3.9/site-packages/airflow/example_dags/subdags/subdag.py
[2023-08-28 20:17:04,188] {processor.py:161} INFO - Processing /home/felipe/airflow/venv/lib/python3.9/site-packages/airflow/example_dags/subdags/subdag.py took 0.194 seconds
[2023-08-28 20:19:11,326] {processor.py:153} INFO - Started process (PID=29499) to work on /home/felipe/airflow/venv/lib/python3.9/site-packages/airflow/example_dags/subdags/subdag.py
[2023-08-28 20:19:11,329] {processor.py:641} INFO - Processing file /home/felipe/airflow/venv/lib/python3.9/site-packages/airflow/example_dags/subdags/subdag.py for tasks to queue
[2023-08-28 20:19:11,330] {logging_mixin.py:115} INFO - [2023-08-28 20:19:11,330] {dagbag.py:507} INFO - Filling up the DagBag from /home/felipe/airflow/venv/lib/python3.9/site-packages/airflow/example_dags/subdags/subdag.py
[2023-08-28 20:19:11,338] {processor.py:653} WARNING - No viable dags retrieved from /home/felipe/airflow/venv/lib/python3.9/site-packages/airflow/example_dags/subdags/subdag.py
[2023-08-28 20:19:11,380] {processor.py:161} INFO - Processing /home/felipe/airflow/venv/lib/python3.9/site-packages/airflow/example_dags/subdags/subdag.py took 0.067 seconds
[2023-08-28 20:19:48,985] {processor.py:153} INFO - Started process (PID=29633) to work on /home/felipe/airflow/venv/lib/python3.9/site-packages/airflow/example_dags/subdags/subdag.py
[2023-08-28 20:19:48,987] {processor.py:641} INFO - Processing file /home/felipe/airflow/venv/lib/python3.9/site-packages/airflow/example_dags/subdags/subdag.py for tasks to queue
[2023-08-28 20:19:48,988] {logging_mixin.py:115} INFO - [2023-08-28 20:19:48,988] {dagbag.py:507} INFO - Filling up the DagBag from /home/felipe/airflow/venv/lib/python3.9/site-packages/airflow/example_dags/subdags/subdag.py
[2023-08-28 20:19:48,997] {processor.py:653} WARNING - No viable dags retrieved from /home/felipe/airflow/venv/lib/python3.9/site-packages/airflow/example_dags/subdags/subdag.py
[2023-08-28 20:19:49,041] {processor.py:161} INFO - Processing /home/felipe/airflow/venv/lib/python3.9/site-packages/airflow/example_dags/subdags/subdag.py took 0.072 seconds
[2023-08-28 20:20:39,138] {processor.py:153} INFO - Started process (PID=29798) to work on /home/felipe/airflow/venv/lib/python3.9/site-packages/airflow/example_dags/subdags/subdag.py
[2023-08-28 20:20:39,142] {processor.py:641} INFO - Processing file /home/felipe/airflow/venv/lib/python3.9/site-packages/airflow/example_dags/subdags/subdag.py for tasks to queue
[2023-08-28 20:20:39,146] {logging_mixin.py:115} INFO - [2023-08-28 20:20:39,146] {dagbag.py:507} INFO - Filling up the DagBag from /home/felipe/airflow/venv/lib/python3.9/site-packages/airflow/example_dags/subdags/subdag.py
[2023-08-28 20:20:39,156] {processor.py:653} WARNING - No viable dags retrieved from /home/felipe/airflow/venv/lib/python3.9/site-packages/airflow/example_dags/subdags/subdag.py
[2023-08-28 20:20:39,228] {processor.py:161} INFO - Processing /home/felipe/airflow/venv/lib/python3.9/site-packages/airflow/example_dags/subdags/subdag.py took 0.113 seconds
[2023-08-28 20:21:18,008] {processor.py:153} INFO - Started process (PID=30207) to work on /home/felipe/airflow/venv/lib/python3.9/site-packages/airflow/example_dags/subdags/subdag.py
[2023-08-28 20:21:18,011] {processor.py:641} INFO - Processing file /home/felipe/airflow/venv/lib/python3.9/site-packages/airflow/example_dags/subdags/subdag.py for tasks to queue
[2023-08-28 20:21:18,015] {logging_mixin.py:115} INFO - [2023-08-28 20:21:18,014] {dagbag.py:507} INFO - Filling up the DagBag from /home/felipe/airflow/venv/lib/python3.9/site-packages/airflow/example_dags/subdags/subdag.py
[2023-08-28 20:21:18,046] {processor.py:653} WARNING - No viable dags retrieved from /home/felipe/airflow/venv/lib/python3.9/site-packages/airflow/example_dags/subdags/subdag.py
[2023-08-28 20:21:18,227] {processor.py:161} INFO - Processing /home/felipe/airflow/venv/lib/python3.9/site-packages/airflow/example_dags/subdags/subdag.py took 0.268 seconds
[2023-08-28 20:22:54,911] {processor.py:153} INFO - Started process (PID=31277) to work on /home/felipe/airflow/venv/lib/python3.9/site-packages/airflow/example_dags/subdags/subdag.py
[2023-08-28 20:22:54,913] {processor.py:641} INFO - Processing file /home/felipe/airflow/venv/lib/python3.9/site-packages/airflow/example_dags/subdags/subdag.py for tasks to queue
[2023-08-28 20:22:54,914] {logging_mixin.py:115} INFO - [2023-08-28 20:22:54,914] {dagbag.py:507} INFO - Filling up the DagBag from /home/felipe/airflow/venv/lib/python3.9/site-packages/airflow/example_dags/subdags/subdag.py
[2023-08-28 20:22:54,922] {processor.py:653} WARNING - No viable dags retrieved from /home/felipe/airflow/venv/lib/python3.9/site-packages/airflow/example_dags/subdags/subdag.py
[2023-08-28 20:22:54,961] {processor.py:161} INFO - Processing /home/felipe/airflow/venv/lib/python3.9/site-packages/airflow/example_dags/subdags/subdag.py took 0.065 seconds
[2023-08-28 20:23:31,660] {processor.py:153} INFO - Started process (PID=31305) to work on /home/felipe/airflow/venv/lib/python3.9/site-packages/airflow/example_dags/subdags/subdag.py
[2023-08-28 20:23:31,663] {processor.py:641} INFO - Processing file /home/felipe/airflow/venv/lib/python3.9/site-packages/airflow/example_dags/subdags/subdag.py for tasks to queue
[2023-08-28 20:23:31,669] {logging_mixin.py:115} INFO - [2023-08-28 20:23:31,669] {dagbag.py:507} INFO - Filling up the DagBag from /home/felipe/airflow/venv/lib/python3.9/site-packages/airflow/example_dags/subdags/subdag.py
[2023-08-28 20:23:31,723] {processor.py:653} WARNING - No viable dags retrieved from /home/felipe/airflow/venv/lib/python3.9/site-packages/airflow/example_dags/subdags/subdag.py
[2023-08-28 20:23:31,908] {processor.py:161} INFO - Processing /home/felipe/airflow/venv/lib/python3.9/site-packages/airflow/example_dags/subdags/subdag.py took 0.299 seconds
[2023-08-28 20:24:19,548] {processor.py:153} INFO - Started process (PID=31447) to work on /home/felipe/airflow/venv/lib/python3.9/site-packages/airflow/example_dags/subdags/subdag.py
[2023-08-28 20:24:19,550] {processor.py:641} INFO - Processing file /home/felipe/airflow/venv/lib/python3.9/site-packages/airflow/example_dags/subdags/subdag.py for tasks to queue
[2023-08-28 20:24:19,553] {logging_mixin.py:115} INFO - [2023-08-28 20:24:19,553] {dagbag.py:507} INFO - Filling up the DagBag from /home/felipe/airflow/venv/lib/python3.9/site-packages/airflow/example_dags/subdags/subdag.py
[2023-08-28 20:24:19,563] {processor.py:653} WARNING - No viable dags retrieved from /home/felipe/airflow/venv/lib/python3.9/site-packages/airflow/example_dags/subdags/subdag.py
[2023-08-28 20:24:19,602] {processor.py:161} INFO - Processing /home/felipe/airflow/venv/lib/python3.9/site-packages/airflow/example_dags/subdags/subdag.py took 0.070 seconds
[2023-08-28 20:25:14,352] {processor.py:153} INFO - Started process (PID=31893) to work on /home/felipe/airflow/venv/lib/python3.9/site-packages/airflow/example_dags/subdags/subdag.py
[2023-08-28 20:25:14,356] {processor.py:641} INFO - Processing file /home/felipe/airflow/venv/lib/python3.9/site-packages/airflow/example_dags/subdags/subdag.py for tasks to queue
[2023-08-28 20:25:14,358] {logging_mixin.py:115} INFO - [2023-08-28 20:25:14,357] {dagbag.py:507} INFO - Filling up the DagBag from /home/felipe/airflow/venv/lib/python3.9/site-packages/airflow/example_dags/subdags/subdag.py
[2023-08-28 20:25:14,364] {processor.py:653} WARNING - No viable dags retrieved from /home/felipe/airflow/venv/lib/python3.9/site-packages/airflow/example_dags/subdags/subdag.py
[2023-08-28 20:25:14,416] {processor.py:161} INFO - Processing /home/felipe/airflow/venv/lib/python3.9/site-packages/airflow/example_dags/subdags/subdag.py took 0.075 seconds
[2023-08-28 20:26:33,608] {processor.py:153} INFO - Started process (PID=32640) to work on /home/felipe/airflow/venv/lib/python3.9/site-packages/airflow/example_dags/subdags/subdag.py
[2023-08-28 20:26:33,610] {processor.py:641} INFO - Processing file /home/felipe/airflow/venv/lib/python3.9/site-packages/airflow/example_dags/subdags/subdag.py for tasks to queue
[2023-08-28 20:26:33,612] {logging_mixin.py:115} INFO - [2023-08-28 20:26:33,611] {dagbag.py:507} INFO - Filling up the DagBag from /home/felipe/airflow/venv/lib/python3.9/site-packages/airflow/example_dags/subdags/subdag.py
[2023-08-28 20:26:33,619] {processor.py:653} WARNING - No viable dags retrieved from /home/felipe/airflow/venv/lib/python3.9/site-packages/airflow/example_dags/subdags/subdag.py
[2023-08-28 20:26:33,656] {processor.py:161} INFO - Processing /home/felipe/airflow/venv/lib/python3.9/site-packages/airflow/example_dags/subdags/subdag.py took 0.060 seconds
[2023-08-28 20:27:17,619] {processor.py:153} INFO - Started process (PID=13) to work on /home/felipe/airflow/venv/lib/python3.9/site-packages/airflow/example_dags/subdags/subdag.py
[2023-08-28 20:27:17,624] {processor.py:641} INFO - Processing file /home/felipe/airflow/venv/lib/python3.9/site-packages/airflow/example_dags/subdags/subdag.py for tasks to queue
[2023-08-28 20:27:17,626] {logging_mixin.py:115} INFO - [2023-08-28 20:27:17,625] {dagbag.py:507} INFO - Filling up the DagBag from /home/felipe/airflow/venv/lib/python3.9/site-packages/airflow/example_dags/subdags/subdag.py
[2023-08-28 20:27:17,633] {processor.py:653} WARNING - No viable dags retrieved from /home/felipe/airflow/venv/lib/python3.9/site-packages/airflow/example_dags/subdags/subdag.py
[2023-08-28 20:27:17,680] {processor.py:161} INFO - Processing /home/felipe/airflow/venv/lib/python3.9/site-packages/airflow/example_dags/subdags/subdag.py took 0.078 seconds
[2023-08-28 20:28:29,098] {processor.py:153} INFO - Started process (PID=761) to work on /home/felipe/airflow/venv/lib/python3.9/site-packages/airflow/example_dags/subdags/subdag.py
[2023-08-28 20:28:29,107] {processor.py:641} INFO - Processing file /home/felipe/airflow/venv/lib/python3.9/site-packages/airflow/example_dags/subdags/subdag.py for tasks to queue
[2023-08-28 20:28:29,110] {logging_mixin.py:115} INFO - [2023-08-28 20:28:29,109] {dagbag.py:507} INFO - Filling up the DagBag from /home/felipe/airflow/venv/lib/python3.9/site-packages/airflow/example_dags/subdags/subdag.py
[2023-08-28 20:28:29,128] {processor.py:653} WARNING - No viable dags retrieved from /home/felipe/airflow/venv/lib/python3.9/site-packages/airflow/example_dags/subdags/subdag.py
[2023-08-28 20:28:29,226] {processor.py:161} INFO - Processing /home/felipe/airflow/venv/lib/python3.9/site-packages/airflow/example_dags/subdags/subdag.py took 0.165 seconds
[2023-08-28 20:29:35,648] {processor.py:153} INFO - Started process (PID=1474) to work on /home/felipe/airflow/venv/lib/python3.9/site-packages/airflow/example_dags/subdags/subdag.py
[2023-08-28 20:29:35,658] {processor.py:641} INFO - Processing file /home/felipe/airflow/venv/lib/python3.9/site-packages/airflow/example_dags/subdags/subdag.py for tasks to queue
[2023-08-28 20:29:35,660] {logging_mixin.py:115} INFO - [2023-08-28 20:29:35,660] {dagbag.py:507} INFO - Filling up the DagBag from /home/felipe/airflow/venv/lib/python3.9/site-packages/airflow/example_dags/subdags/subdag.py
[2023-08-28 20:29:35,674] {processor.py:653} WARNING - No viable dags retrieved from /home/felipe/airflow/venv/lib/python3.9/site-packages/airflow/example_dags/subdags/subdag.py
[2023-08-28 20:29:35,746] {processor.py:161} INFO - Processing /home/felipe/airflow/venv/lib/python3.9/site-packages/airflow/example_dags/subdags/subdag.py took 0.122 seconds
[2023-08-28 20:31:15,485] {processor.py:153} INFO - Started process (PID=2584) to work on /home/felipe/airflow/venv/lib/python3.9/site-packages/airflow/example_dags/subdags/subdag.py
[2023-08-28 20:31:15,487] {processor.py:641} INFO - Processing file /home/felipe/airflow/venv/lib/python3.9/site-packages/airflow/example_dags/subdags/subdag.py for tasks to queue
[2023-08-28 20:31:15,489] {logging_mixin.py:115} INFO - [2023-08-28 20:31:15,489] {dagbag.py:507} INFO - Filling up the DagBag from /home/felipe/airflow/venv/lib/python3.9/site-packages/airflow/example_dags/subdags/subdag.py
[2023-08-28 20:31:15,498] {processor.py:653} WARNING - No viable dags retrieved from /home/felipe/airflow/venv/lib/python3.9/site-packages/airflow/example_dags/subdags/subdag.py
[2023-08-28 20:31:15,547] {processor.py:161} INFO - Processing /home/felipe/airflow/venv/lib/python3.9/site-packages/airflow/example_dags/subdags/subdag.py took 0.077 seconds
[2023-08-28 20:31:53,887] {processor.py:153} INFO - Started process (PID=2717) to work on /home/felipe/airflow/venv/lib/python3.9/site-packages/airflow/example_dags/subdags/subdag.py
[2023-08-28 20:31:53,888] {processor.py:641} INFO - Processing file /home/felipe/airflow/venv/lib/python3.9/site-packages/airflow/example_dags/subdags/subdag.py for tasks to queue
[2023-08-28 20:31:53,890] {logging_mixin.py:115} INFO - [2023-08-28 20:31:53,889] {dagbag.py:507} INFO - Filling up the DagBag from /home/felipe/airflow/venv/lib/python3.9/site-packages/airflow/example_dags/subdags/subdag.py
[2023-08-28 20:31:53,895] {processor.py:653} WARNING - No viable dags retrieved from /home/felipe/airflow/venv/lib/python3.9/site-packages/airflow/example_dags/subdags/subdag.py
[2023-08-28 20:31:53,935] {processor.py:161} INFO - Processing /home/felipe/airflow/venv/lib/python3.9/site-packages/airflow/example_dags/subdags/subdag.py took 0.060 seconds
[2023-08-28 20:32:33,470] {processor.py:153} INFO - Started process (PID=2958) to work on /home/felipe/airflow/venv/lib/python3.9/site-packages/airflow/example_dags/subdags/subdag.py
[2023-08-28 20:32:33,472] {processor.py:641} INFO - Processing file /home/felipe/airflow/venv/lib/python3.9/site-packages/airflow/example_dags/subdags/subdag.py for tasks to queue
[2023-08-28 20:32:33,473] {logging_mixin.py:115} INFO - [2023-08-28 20:32:33,473] {dagbag.py:507} INFO - Filling up the DagBag from /home/felipe/airflow/venv/lib/python3.9/site-packages/airflow/example_dags/subdags/subdag.py
[2023-08-28 20:32:33,479] {processor.py:653} WARNING - No viable dags retrieved from /home/felipe/airflow/venv/lib/python3.9/site-packages/airflow/example_dags/subdags/subdag.py
[2023-08-28 20:32:33,517] {processor.py:161} INFO - Processing /home/felipe/airflow/venv/lib/python3.9/site-packages/airflow/example_dags/subdags/subdag.py took 0.060 seconds
[2023-08-28 20:33:15,430] {processor.py:153} INFO - Started process (PID=2992) to work on /home/felipe/airflow/venv/lib/python3.9/site-packages/airflow/example_dags/subdags/subdag.py
[2023-08-28 20:33:15,432] {processor.py:641} INFO - Processing file /home/felipe/airflow/venv/lib/python3.9/site-packages/airflow/example_dags/subdags/subdag.py for tasks to queue
[2023-08-28 20:33:15,433] {logging_mixin.py:115} INFO - [2023-08-28 20:33:15,433] {dagbag.py:507} INFO - Filling up the DagBag from /home/felipe/airflow/venv/lib/python3.9/site-packages/airflow/example_dags/subdags/subdag.py
[2023-08-28 20:33:15,439] {processor.py:653} WARNING - No viable dags retrieved from /home/felipe/airflow/venv/lib/python3.9/site-packages/airflow/example_dags/subdags/subdag.py
[2023-08-28 20:33:15,475] {processor.py:161} INFO - Processing /home/felipe/airflow/venv/lib/python3.9/site-packages/airflow/example_dags/subdags/subdag.py took 0.057 seconds
[2023-08-28 20:33:50,661] {processor.py:153} INFO - Started process (PID=3123) to work on /home/felipe/airflow/venv/lib/python3.9/site-packages/airflow/example_dags/subdags/subdag.py
[2023-08-28 20:33:50,664] {processor.py:641} INFO - Processing file /home/felipe/airflow/venv/lib/python3.9/site-packages/airflow/example_dags/subdags/subdag.py for tasks to queue
[2023-08-28 20:33:50,669] {logging_mixin.py:115} INFO - [2023-08-28 20:33:50,668] {dagbag.py:507} INFO - Filling up the DagBag from /home/felipe/airflow/venv/lib/python3.9/site-packages/airflow/example_dags/subdags/subdag.py
[2023-08-28 20:33:50,677] {processor.py:653} WARNING - No viable dags retrieved from /home/felipe/airflow/venv/lib/python3.9/site-packages/airflow/example_dags/subdags/subdag.py
[2023-08-28 20:33:50,729] {processor.py:161} INFO - Processing /home/felipe/airflow/venv/lib/python3.9/site-packages/airflow/example_dags/subdags/subdag.py took 0.085 seconds
[2023-08-28 20:34:39,439] {processor.py:153} INFO - Started process (PID=3267) to work on /home/felipe/airflow/venv/lib/python3.9/site-packages/airflow/example_dags/subdags/subdag.py
[2023-08-28 20:34:39,447] {processor.py:641} INFO - Processing file /home/felipe/airflow/venv/lib/python3.9/site-packages/airflow/example_dags/subdags/subdag.py for tasks to queue
[2023-08-28 20:34:39,454] {logging_mixin.py:115} INFO - [2023-08-28 20:34:39,454] {dagbag.py:507} INFO - Filling up the DagBag from /home/felipe/airflow/venv/lib/python3.9/site-packages/airflow/example_dags/subdags/subdag.py
[2023-08-28 20:34:39,463] {processor.py:653} WARNING - No viable dags retrieved from /home/felipe/airflow/venv/lib/python3.9/site-packages/airflow/example_dags/subdags/subdag.py
[2023-08-28 20:34:39,551] {processor.py:161} INFO - Processing /home/felipe/airflow/venv/lib/python3.9/site-packages/airflow/example_dags/subdags/subdag.py took 0.139 seconds
[2023-08-28 20:35:18,637] {processor.py:153} INFO - Started process (PID=3379) to work on /home/felipe/airflow/venv/lib/python3.9/site-packages/airflow/example_dags/subdags/subdag.py
[2023-08-28 20:35:18,639] {processor.py:641} INFO - Processing file /home/felipe/airflow/venv/lib/python3.9/site-packages/airflow/example_dags/subdags/subdag.py for tasks to queue
[2023-08-28 20:35:18,641] {logging_mixin.py:115} INFO - [2023-08-28 20:35:18,641] {dagbag.py:507} INFO - Filling up the DagBag from /home/felipe/airflow/venv/lib/python3.9/site-packages/airflow/example_dags/subdags/subdag.py
[2023-08-28 20:35:18,649] {processor.py:653} WARNING - No viable dags retrieved from /home/felipe/airflow/venv/lib/python3.9/site-packages/airflow/example_dags/subdags/subdag.py
[2023-08-28 20:35:18,697] {processor.py:161} INFO - Processing /home/felipe/airflow/venv/lib/python3.9/site-packages/airflow/example_dags/subdags/subdag.py took 0.074 seconds
[2023-08-28 20:35:53,010] {processor.py:153} INFO - Started process (PID=3433) to work on /home/felipe/airflow/venv/lib/python3.9/site-packages/airflow/example_dags/subdags/subdag.py
[2023-08-28 20:35:53,012] {processor.py:641} INFO - Processing file /home/felipe/airflow/venv/lib/python3.9/site-packages/airflow/example_dags/subdags/subdag.py for tasks to queue
[2023-08-28 20:35:53,014] {logging_mixin.py:115} INFO - [2023-08-28 20:35:53,014] {dagbag.py:507} INFO - Filling up the DagBag from /home/felipe/airflow/venv/lib/python3.9/site-packages/airflow/example_dags/subdags/subdag.py
[2023-08-28 20:35:53,024] {processor.py:653} WARNING - No viable dags retrieved from /home/felipe/airflow/venv/lib/python3.9/site-packages/airflow/example_dags/subdags/subdag.py
[2023-08-28 20:35:53,070] {processor.py:161} INFO - Processing /home/felipe/airflow/venv/lib/python3.9/site-packages/airflow/example_dags/subdags/subdag.py took 0.077 seconds
[2023-08-28 20:36:26,212] {processor.py:153} INFO - Started process (PID=3561) to work on /home/felipe/airflow/venv/lib/python3.9/site-packages/airflow/example_dags/subdags/subdag.py
[2023-08-28 20:36:26,214] {processor.py:641} INFO - Processing file /home/felipe/airflow/venv/lib/python3.9/site-packages/airflow/example_dags/subdags/subdag.py for tasks to queue
[2023-08-28 20:36:26,215] {logging_mixin.py:115} INFO - [2023-08-28 20:36:26,215] {dagbag.py:507} INFO - Filling up the DagBag from /home/felipe/airflow/venv/lib/python3.9/site-packages/airflow/example_dags/subdags/subdag.py
[2023-08-28 20:36:26,221] {processor.py:653} WARNING - No viable dags retrieved from /home/felipe/airflow/venv/lib/python3.9/site-packages/airflow/example_dags/subdags/subdag.py
[2023-08-28 20:36:26,272] {processor.py:161} INFO - Processing /home/felipe/airflow/venv/lib/python3.9/site-packages/airflow/example_dags/subdags/subdag.py took 0.071 seconds
[2023-08-28 20:37:01,513] {processor.py:153} INFO - Started process (PID=3692) to work on /home/felipe/airflow/venv/lib/python3.9/site-packages/airflow/example_dags/subdags/subdag.py
[2023-08-28 20:37:01,516] {processor.py:641} INFO - Processing file /home/felipe/airflow/venv/lib/python3.9/site-packages/airflow/example_dags/subdags/subdag.py for tasks to queue
[2023-08-28 20:37:01,518] {logging_mixin.py:115} INFO - [2023-08-28 20:37:01,518] {dagbag.py:507} INFO - Filling up the DagBag from /home/felipe/airflow/venv/lib/python3.9/site-packages/airflow/example_dags/subdags/subdag.py
[2023-08-28 20:37:01,523] {processor.py:653} WARNING - No viable dags retrieved from /home/felipe/airflow/venv/lib/python3.9/site-packages/airflow/example_dags/subdags/subdag.py
[2023-08-28 20:37:01,572] {processor.py:161} INFO - Processing /home/felipe/airflow/venv/lib/python3.9/site-packages/airflow/example_dags/subdags/subdag.py took 0.069 seconds
[2023-08-28 20:37:36,659] {processor.py:153} INFO - Started process (PID=3774) to work on /home/felipe/airflow/venv/lib/python3.9/site-packages/airflow/example_dags/subdags/subdag.py
[2023-08-28 20:37:36,661] {processor.py:641} INFO - Processing file /home/felipe/airflow/venv/lib/python3.9/site-packages/airflow/example_dags/subdags/subdag.py for tasks to queue
[2023-08-28 20:37:36,664] {logging_mixin.py:115} INFO - [2023-08-28 20:37:36,663] {dagbag.py:507} INFO - Filling up the DagBag from /home/felipe/airflow/venv/lib/python3.9/site-packages/airflow/example_dags/subdags/subdag.py
[2023-08-28 20:37:36,676] {processor.py:653} WARNING - No viable dags retrieved from /home/felipe/airflow/venv/lib/python3.9/site-packages/airflow/example_dags/subdags/subdag.py
[2023-08-28 20:37:36,759] {processor.py:161} INFO - Processing /home/felipe/airflow/venv/lib/python3.9/site-packages/airflow/example_dags/subdags/subdag.py took 0.119 seconds
[2023-08-28 20:38:16,919] {processor.py:153} INFO - Started process (PID=3906) to work on /home/felipe/airflow/venv/lib/python3.9/site-packages/airflow/example_dags/subdags/subdag.py
[2023-08-28 20:38:16,920] {processor.py:641} INFO - Processing file /home/felipe/airflow/venv/lib/python3.9/site-packages/airflow/example_dags/subdags/subdag.py for tasks to queue
[2023-08-28 20:38:16,922] {logging_mixin.py:115} INFO - [2023-08-28 20:38:16,922] {dagbag.py:507} INFO - Filling up the DagBag from /home/felipe/airflow/venv/lib/python3.9/site-packages/airflow/example_dags/subdags/subdag.py
[2023-08-28 20:38:16,930] {processor.py:653} WARNING - No viable dags retrieved from /home/felipe/airflow/venv/lib/python3.9/site-packages/airflow/example_dags/subdags/subdag.py
[2023-08-28 20:38:16,991] {processor.py:161} INFO - Processing /home/felipe/airflow/venv/lib/python3.9/site-packages/airflow/example_dags/subdags/subdag.py took 0.086 seconds
[2023-08-28 20:38:53,824] {processor.py:153} INFO - Started process (PID=4041) to work on /home/felipe/airflow/venv/lib/python3.9/site-packages/airflow/example_dags/subdags/subdag.py
[2023-08-28 20:38:53,826] {processor.py:641} INFO - Processing file /home/felipe/airflow/venv/lib/python3.9/site-packages/airflow/example_dags/subdags/subdag.py for tasks to queue
[2023-08-28 20:38:53,828] {logging_mixin.py:115} INFO - [2023-08-28 20:38:53,828] {dagbag.py:507} INFO - Filling up the DagBag from /home/felipe/airflow/venv/lib/python3.9/site-packages/airflow/example_dags/subdags/subdag.py
[2023-08-28 20:38:53,836] {processor.py:653} WARNING - No viable dags retrieved from /home/felipe/airflow/venv/lib/python3.9/site-packages/airflow/example_dags/subdags/subdag.py
[2023-08-28 20:38:53,897] {processor.py:161} INFO - Processing /home/felipe/airflow/venv/lib/python3.9/site-packages/airflow/example_dags/subdags/subdag.py took 0.089 seconds
[2023-08-28 20:39:27,553] {processor.py:153} INFO - Started process (PID=4091) to work on /home/felipe/airflow/venv/lib/python3.9/site-packages/airflow/example_dags/subdags/subdag.py
[2023-08-28 20:39:27,555] {processor.py:641} INFO - Processing file /home/felipe/airflow/venv/lib/python3.9/site-packages/airflow/example_dags/subdags/subdag.py for tasks to queue
[2023-08-28 20:39:27,557] {logging_mixin.py:115} INFO - [2023-08-28 20:39:27,557] {dagbag.py:507} INFO - Filling up the DagBag from /home/felipe/airflow/venv/lib/python3.9/site-packages/airflow/example_dags/subdags/subdag.py
[2023-08-28 20:39:27,569] {processor.py:653} WARNING - No viable dags retrieved from /home/felipe/airflow/venv/lib/python3.9/site-packages/airflow/example_dags/subdags/subdag.py
[2023-08-28 20:39:27,630] {processor.py:161} INFO - Processing /home/felipe/airflow/venv/lib/python3.9/site-packages/airflow/example_dags/subdags/subdag.py took 0.092 seconds
[2023-08-28 20:42:23,651] {processor.py:153} INFO - Started process (PID=5904) to work on /home/felipe/airflow/venv/lib/python3.9/site-packages/airflow/example_dags/subdags/subdag.py
[2023-08-28 20:42:23,653] {processor.py:641} INFO - Processing file /home/felipe/airflow/venv/lib/python3.9/site-packages/airflow/example_dags/subdags/subdag.py for tasks to queue
[2023-08-28 20:42:23,655] {logging_mixin.py:115} INFO - [2023-08-28 20:42:23,655] {dagbag.py:507} INFO - Filling up the DagBag from /home/felipe/airflow/venv/lib/python3.9/site-packages/airflow/example_dags/subdags/subdag.py
[2023-08-28 20:42:23,665] {processor.py:653} WARNING - No viable dags retrieved from /home/felipe/airflow/venv/lib/python3.9/site-packages/airflow/example_dags/subdags/subdag.py
[2023-08-28 20:42:23,720] {processor.py:161} INFO - Processing /home/felipe/airflow/venv/lib/python3.9/site-packages/airflow/example_dags/subdags/subdag.py took 0.086 seconds
[2023-08-28 20:43:20,543] {processor.py:153} INFO - Started process (PID=6152) to work on /home/felipe/airflow/venv/lib/python3.9/site-packages/airflow/example_dags/subdags/subdag.py
[2023-08-28 20:43:20,545] {processor.py:641} INFO - Processing file /home/felipe/airflow/venv/lib/python3.9/site-packages/airflow/example_dags/subdags/subdag.py for tasks to queue
[2023-08-28 20:43:20,554] {logging_mixin.py:115} INFO - [2023-08-28 20:43:20,553] {dagbag.py:507} INFO - Filling up the DagBag from /home/felipe/airflow/venv/lib/python3.9/site-packages/airflow/example_dags/subdags/subdag.py
[2023-08-28 20:43:20,561] {processor.py:653} WARNING - No viable dags retrieved from /home/felipe/airflow/venv/lib/python3.9/site-packages/airflow/example_dags/subdags/subdag.py
[2023-08-28 20:43:20,625] {processor.py:161} INFO - Processing /home/felipe/airflow/venv/lib/python3.9/site-packages/airflow/example_dags/subdags/subdag.py took 0.102 seconds
