[2023-08-28 19:21:22,531] {taskinstance.py:1159} INFO - Dependencies all met for <TaskInstance: meu_primeiro_dag.cria_pasta scheduled__2023-08-27T00:00:00+00:00 [queued]>
[2023-08-28 19:21:22,642] {taskinstance.py:1159} INFO - Dependencies all met for <TaskInstance: meu_primeiro_dag.cria_pasta scheduled__2023-08-27T00:00:00+00:00 [queued]>
[2023-08-28 19:21:22,647] {taskinstance.py:1356} INFO - 
--------------------------------------------------------------------------------
[2023-08-28 19:21:22,648] {taskinstance.py:1357} INFO - Starting attempt 1 of 1
[2023-08-28 19:21:22,650] {taskinstance.py:1358} INFO - 
--------------------------------------------------------------------------------
[2023-08-28 19:21:22,734] {taskinstance.py:1377} INFO - Executing <Task(BashOperator): cria_pasta> on 2023-08-27 00:00:00+00:00
[2023-08-28 19:21:22,780] {standard_task_runner.py:52} INFO - Started process 14233 to run task
[2023-08-28 19:21:22,804] {standard_task_runner.py:79} INFO - Running: ['airflow', 'tasks', 'run', 'meu_primeiro_dag', 'cria_pasta', 'scheduled__2023-08-27T00:00:00+00:00', '--job-id', '6', '--raw', '--subdir', 'DAGS_FOLDER/meu_primeiro_dag.py', '--cfg-path', '/tmp/tmppx9qsdif', '--error-file', '/tmp/tmpf_hu5d0z']
[2023-08-28 19:21:22,830] {standard_task_runner.py:80} INFO - Job 6: Subtask cria_pasta
[2023-08-28 19:21:23,251] {task_command.py:370} INFO - Running <TaskInstance: meu_primeiro_dag.cria_pasta scheduled__2023-08-27T00:00:00+00:00 [running]> on host FelipeBreve-PC.localdomain
[2023-08-28 19:21:23,567] {taskinstance.py:1569} INFO - Exporting the following env vars:
AIRFLOW_CTX_DAG_OWNER=airflow
AIRFLOW_CTX_DAG_ID=meu_primeiro_dag
AIRFLOW_CTX_TASK_ID=cria_pasta
AIRFLOW_CTX_EXECUTION_DATE=2023-08-27T00:00:00+00:00
AIRFLOW_CTX_TRY_NUMBER=1
AIRFLOW_CTX_DAG_RUN_ID=scheduled__2023-08-27T00:00:00+00:00
[2023-08-28 19:21:23,573] {subprocess.py:62} INFO - Tmp dir root location: 
 /tmp
[2023-08-28 19:21:23,581] {subprocess.py:74} INFO - Running command: ['bash', '-c', 'mkdir -p "/home/felipe/airflow/pasta"']
[2023-08-28 19:21:23,687] {subprocess.py:85} INFO - Output:
[2023-08-28 19:21:23,872] {subprocess.py:96} INFO - Command exited with return code 0
[2023-08-28 19:21:24,134] {taskinstance.py:1395} INFO - Marking task as SUCCESS. dag_id=meu_primeiro_dag, task_id=cria_pasta, execution_date=20230827T000000, start_date=20230828T222122, end_date=20230828T222124
[2023-08-28 19:21:24,219] {local_task_job.py:156} INFO - Task exited with return code 0
[2023-08-28 19:21:24,372] {local_task_job.py:273} INFO - 0 downstream tasks scheduled from follow-on schedule check
[2023-08-28 20:07:49,189] {taskinstance.py:1159} INFO - Dependencies all met for <TaskInstance: meu_primeiro_dag.cria_pasta scheduled__2023-08-27T00:00:00+00:00 [queued]>
[2023-08-28 20:07:49,236] {taskinstance.py:1159} INFO - Dependencies all met for <TaskInstance: meu_primeiro_dag.cria_pasta scheduled__2023-08-27T00:00:00+00:00 [queued]>
[2023-08-28 20:07:49,237] {taskinstance.py:1356} INFO - 
--------------------------------------------------------------------------------
[2023-08-28 20:07:49,237] {taskinstance.py:1357} INFO - Starting attempt 1 of 1
[2023-08-28 20:07:49,237] {taskinstance.py:1358} INFO - 
--------------------------------------------------------------------------------
[2023-08-28 20:07:49,313] {taskinstance.py:1377} INFO - Executing <Task(BashOperator): cria_pasta> on 2023-08-27 00:00:00+00:00
[2023-08-28 20:07:49,393] {standard_task_runner.py:52} INFO - Started process 24310 to run task
[2023-08-28 20:07:49,459] {standard_task_runner.py:79} INFO - Running: ['airflow', 'tasks', 'run', 'meu_primeiro_dag', 'cria_pasta', 'scheduled__2023-08-27T00:00:00+00:00', '--job-id', '11', '--raw', '--subdir', 'DAGS_FOLDER/meu_primeiro_dag.py', '--cfg-path', '/tmp/tmpc5e81uuv', '--error-file', '/tmp/tmpcyxzvy1n']
[2023-08-28 20:07:49,497] {standard_task_runner.py:80} INFO - Job 11: Subtask cria_pasta
[2023-08-28 20:07:49,907] {task_command.py:370} INFO - Running <TaskInstance: meu_primeiro_dag.cria_pasta scheduled__2023-08-27T00:00:00+00:00 [running]> on host FelipeBreve-PC.localdomain
[2023-08-28 20:07:50,269] {taskinstance.py:1569} INFO - Exporting the following env vars:
AIRFLOW_CTX_DAG_OWNER=airflow
AIRFLOW_CTX_DAG_ID=meu_primeiro_dag
AIRFLOW_CTX_TASK_ID=cria_pasta
AIRFLOW_CTX_EXECUTION_DATE=2023-08-27T00:00:00+00:00
AIRFLOW_CTX_TRY_NUMBER=1
AIRFLOW_CTX_DAG_RUN_ID=scheduled__2023-08-27T00:00:00+00:00
[2023-08-28 20:07:50,290] {subprocess.py:62} INFO - Tmp dir root location: 
 /tmp
[2023-08-28 20:07:50,292] {subprocess.py:74} INFO - Running command: ['bash', '-c', 'mkdir -p "/home/felipe/airflow/pasta2023-08-28T00:00:00+00:00"']
[2023-08-28 20:07:50,458] {subprocess.py:85} INFO - Output:
[2023-08-28 20:07:50,564] {subprocess.py:96} INFO - Command exited with return code 0
[2023-08-28 20:07:50,724] {taskinstance.py:1395} INFO - Marking task as SUCCESS. dag_id=meu_primeiro_dag, task_id=cria_pasta, execution_date=20230827T000000, start_date=20230828T230749, end_date=20230828T230750
[2023-08-28 20:07:50,805] {local_task_job.py:156} INFO - Task exited with return code 0
[2023-08-28 20:07:50,991] {local_task_job.py:273} INFO - 0 downstream tasks scheduled from follow-on schedule check
